2018-09-13 11:12:49,033 - DataBase.py[line:23] - INFO: database class is creating...
2018-09-13 11:12:49,237 - DataBase.py[line:51] - INFO: database is connecting...
2018-09-13 11:13:19,738 - DataBase.py[line:56] - INFO: select * from empinfo where Emp_id=000001
2018-09-13 11:13:19,787 - DataBase.py[line:56] - INFO: select password from empinfo where Emp_id=000001
2018-09-13 11:13:27,722 - DataBase.py[line:56] - INFO: SELECT table_name FROM information_schema.TABLES WHERE table_name ='record_201808'
2018-09-13 11:13:27,768 - DataBase.py[line:56] - INFO: select * from except_201808
2018-09-13 11:13:47,576 - DataBase.py[line:56] - INFO: select * from empinfo where Emp_id=000001
2018-09-13 11:13:51,883 - DataBase.py[line:56] - INFO: SELECT table_name FROM information_schema.TABLES WHERE table_name ='record_201808'
2018-09-13 11:13:51,947 - DataBase.py[line:56] - INFO: select * from record_201808 where emp_id=000001
2018-09-13 11:13:52,021 - DataBase.py[line:56] - INFO: select * from except_201808 where emp_id=000001
2018-09-13 11:13:52,059 - DataBase.py[line:56] - INFO: select * from empinfo where Emp_id=000001
2018-09-13 11:15:26,535 - DataBase.py[line:56] - INFO: select * from empinfo where Emp_id=000001
2018-09-13 11:15:26,598 - DataBase.py[line:56] - INFO: select password from empinfo where Emp_id=000001
2018-09-13 11:16:12,320 - DataBase.py[line:56] - INFO: select password from empinfo where Emp_id=000001
2018-09-13 11:16:12,377 - DataBase.py[line:67] - INFO: update empinfo set password='000000' where emp_id='000001'
2018-09-13 11:16:12,452 - DataBase.py[line:90] - DEBUG: database is closing
2018-09-13 11:16:12,627 - DataBase.py[line:51] - INFO: database is connecting...
2018-09-13 11:16:32,124 - DataBase.py[line:56] - INFO: select * from empinfo where Emp_id=000001
2018-09-13 11:16:32,177 - DataBase.py[line:56] - INFO: select password from empinfo where Emp_id=000001
2018-09-13 11:16:39,689 - DataBase.py[line:56] - INFO: select * from empinfo where Emp_id=000001
2018-09-13 11:16:39,723 - DataBase.py[line:56] - INFO: select password from empinfo where Emp_id=000001
