2018-09-07 16:49:01,556 - DataBase.py[line:23] - INFO: database class is creating...
2018-09-07 16:49:01,751 - DataBase.py[line:51] - INFO: database is connecting...
2018-09-07 16:49:08,347 - DataBase.py[line:56] - INFO: select * from empinfo where Emp_id=000001
2018-09-07 16:49:08,401 - DataBase.py[line:56] - INFO: select password from empinfo where Emp_id=000001
2018-09-07 16:49:14,275 - DataBase.py[line:56] - INFO: select * from empinfo where Emp_id=111111111111
2018-09-07 16:49:17,571 - DataBase.py[line:56] - INFO: select * from empinfo where Emp_id=111111111111
2018-09-07 16:49:18,352 - DataBase.py[line:56] - INFO: select * from empinfo where Emp_id=111111111111
2018-09-07 16:49:18,621 - DataBase.py[line:56] - INFO: select * from empinfo where Emp_id=111111111111
2018-09-07 16:49:18,822 - DataBase.py[line:56] - INFO: select * from empinfo where Emp_id=111111111111
2018-09-07 16:49:19,001 - DataBase.py[line:56] - INFO: select * from empinfo where Emp_id=111111111111
2018-09-07 16:49:19,159 - DataBase.py[line:56] - INFO: select * from empinfo where Emp_id=111111111111
2018-09-07 16:49:19,329 - DataBase.py[line:56] - INFO: select * from empinfo where Emp_id=111111111111
2018-09-07 16:49:19,496 - DataBase.py[line:56] - INFO: select * from empinfo where Emp_id=111111111111
2018-09-07 16:49:21,082 - DataBase.py[line:56] - INFO: select * from empinfo where Emp_id=111111111111
2018-09-07 16:49:21,224 - DataBase.py[line:56] - INFO: select * from empinfo where Emp_id=111111111111
2018-09-07 16:49:21,386 - DataBase.py[line:56] - INFO: select * from empinfo where Emp_id=111111111111
2018-09-07 16:49:22,284 - DataBase.py[line:56] - INFO: select * from empinfo where Emp_id=111111111111
2018-09-07 16:49:22,446 - DataBase.py[line:56] - INFO: select * from empinfo where Emp_id=111111111111
2018-09-07 16:51:41,838 - DataBase.py[line:56] - INFO: select * from empinfo where Emp_id=000001
2018-09-07 16:51:41,876 - DataBase.py[line:56] - INFO: select password from empinfo where Emp_id=000001
2018-09-07 16:51:46,950 - DataBase.py[line:56] - INFO: select * from empinfo where Emp_id=111111111111
2018-09-07 16:51:56,996 - DataBase.py[line:56] - INFO: select * from empinfo where Emp_name='114424141'
2018-09-07 16:52:04,057 - DataBase.py[line:56] - INFO: select * from empinfo where Emp_name='name1'
2018-09-07 16:52:09,447 - DataBase.py[line:56] - INFO: select * from empinfo where Emp_id=0
2018-09-07 16:52:11,585 - DataBase.py[line:56] - INFO: SELECT table_name FROM information_schema.TABLES WHERE table_name ='record_201801'
2018-09-07 16:53:03,697 - DataBase.py[line:56] - INFO: select * from empinfo where Emp_id=000001
2018-09-07 16:53:13,234 - DataBase.py[line:56] - INFO: select * from empinfo where Emp_id=000000
2018-09-07 16:53:17,266 - DataBase.py[line:56] - INFO: select * from empinfo where Emp_id=000000
2018-09-07 16:53:26,563 - DataBase.py[line:56] - INFO: select * from empinfo where Emp_id=000001
2018-09-07 16:53:33,298 - DataBase.py[line:56] - INFO: select * from empinfo where Emp_id=000001
2018-09-07 16:53:36,651 - DataBase.py[line:56] - INFO: select * from empinfo where Emp_id=000001
2018-09-07 16:53:40,033 - DataBase.py[line:56] - INFO: select * from empinfo where Emp_id=000001
2018-09-07 16:53:43,409 - DataBase.py[line:56] - INFO: select * from empinfo where Emp_id=000001
2018-09-07 16:53:46,834 - DataBase.py[line:56] - INFO: select * from empinfo where Emp_id=000001
2018-09-07 16:53:50,177 - DataBase.py[line:56] - INFO: select * from empinfo where Emp_id=000001
2018-09-07 16:54:01,905 - DataBase.py[line:56] - INFO: select * from empinfo where Emp_id=000001
