2018-09-04 09:26:59,418 - DataBase.py[line:23] - INFO: database class is creating...
2018-09-04 09:26:59,438 - DataBase.py[line:51] - INFO: database is connecting...
2018-09-04 09:27:01,428 - DataBase.py[line:56] - INFO: select * from empinfo where Emp_id=000002
2018-09-04 09:27:01,428 - DataBase.py[line:56] - INFO: select password from empinfo where Emp_id=000002
2018-09-04 09:27:01,429 - DataBase.py[line:56] - INFO: select * from empinfo where Emp_id=000002
2018-09-04 09:27:01,430 - DataBase.py[line:56] - INFO: select * from record_201808 where emp_id=111111
2018-09-04 09:27:01,430 - DataBase.py[line:56] - INFO: select * from record_201808 where emp_id=111111 and time like '2018-08-1%'
2018-09-04 09:27:01,431 - DataBase.py[line:56] - INFO: select * from record_201808 where emp_id=111111
2018-09-04 09:27:01,431 - DataBase.py[line:56] - INFO: select * from record_201808 where emp_id=111111 and time like '2018-08-01%'
2018-09-04 09:27:01,432 - DataBase.py[line:56] - INFO: select * from record_201808 where emp_id=111111
2018-09-04 09:27:01,432 - DataBase.py[line:56] - INFO: select * from record_201808 where emp_id=111111 and time like '2018-08-2%'
2018-09-04 09:27:01,433 - DataBase.py[line:56] - INFO: select * from record_201808 where emp_id=111111
2018-09-04 09:27:01,434 - DataBase.py[line:56] - INFO: select * from record_201808 where emp_id=111111 and time like '2018-08-02%'
2018-09-04 09:27:01,434 - DataBase.py[line:56] - INFO: select * from record_201808 where emp_id=111111
2018-09-04 09:27:01,435 - DataBase.py[line:56] - INFO: select * from record_201808 where emp_id=111111 and time like '2018-08-3%'
2018-09-04 09:27:01,435 - DataBase.py[line:56] - INFO: select * from record_201808 where emp_id=111111
2018-09-04 09:27:01,436 - DataBase.py[line:56] - INFO: select * from record_201808 where emp_id=111111 and time like '2018-08-03%'
2018-09-04 09:27:01,436 - DataBase.py[line:56] - INFO: select * from record_201808 where emp_id=111111
2018-09-04 09:27:01,437 - DataBase.py[line:56] - INFO: select * from record_201808 where emp_id=111111 and time like '2018-08-4%'
2018-09-04 09:27:01,437 - DataBase.py[line:56] - INFO: select * from record_201808 where emp_id=111111
2018-09-04 09:27:01,437 - DataBase.py[line:56] - INFO: select * from record_201808 where emp_id=111111 and time like '2018-08-04%'
2018-09-04 09:27:01,438 - DataBase.py[line:56] - INFO: select * from record_201808 where emp_id=111111
2018-09-04 09:27:01,438 - DataBase.py[line:56] - INFO: select * from record_201808 where emp_id=111111 and time like '2018-08-5%'
2018-09-04 09:27:01,439 - DataBase.py[line:56] - INFO: select * from record_201808 where emp_id=111111
2018-09-04 09:27:01,439 - DataBase.py[line:56] - INFO: select * from record_201808 where emp_id=111111 and time like '2018-08-05%'
2018-09-04 09:27:01,440 - DataBase.py[line:56] - INFO: select * from record_201808 where emp_id=111111
2018-09-04 09:27:01,440 - DataBase.py[line:56] - INFO: select * from record_201808 where emp_id=111111 and time like '2018-08-6%'
2018-09-04 09:27:01,441 - DataBase.py[line:56] - INFO: select * from record_201808 where emp_id=111111
2018-09-04 09:27:01,442 - DataBase.py[line:56] - INFO: select * from record_201808 where emp_id=111111 and time like '2018-08-06%'
2018-09-04 09:27:01,442 - DataBase.py[line:56] - INFO: select * from record_201808 where emp_id=111111
2018-09-04 09:27:01,443 - DataBase.py[line:56] - INFO: select * from record_201808 where emp_id=111111 and time like '2018-08-7%'
2018-09-04 09:27:01,443 - DataBase.py[line:56] - INFO: select * from record_201808 where emp_id=111111
2018-09-04 09:27:01,444 - DataBase.py[line:56] - INFO: select * from record_201808 where emp_id=111111 and time like '2018-08-07%'
2018-09-04 09:27:01,444 - DataBase.py[line:56] - INFO: select * from record_201808 where emp_id=111111
2018-09-04 09:27:01,445 - DataBase.py[line:56] - INFO: select * from record_201808 where emp_id=111111 and time like '2018-08-8%'
2018-09-04 09:27:01,445 - DataBase.py[line:56] - INFO: select * from record_201808 where emp_id=111111
2018-09-04 09:27:01,446 - DataBase.py[line:56] - INFO: select * from record_201808 where emp_id=111111 and time like '2018-08-08%'
2018-09-04 09:27:01,446 - DataBase.py[line:56] - INFO: select * from record_201808 where emp_id=111111
2018-09-04 09:27:01,447 - DataBase.py[line:56] - INFO: select * from record_201808 where emp_id=111111 and time like '2018-08-9%'
2018-09-04 09:27:01,447 - DataBase.py[line:56] - INFO: select * from record_201808 where emp_id=111111
2018-09-04 09:27:01,447 - DataBase.py[line:56] - INFO: select * from record_201808 where emp_id=111111 and time like '2018-08-09%'
2018-09-04 09:27:01,448 - DataBase.py[line:56] - INFO: select * from record_201808 where emp_id=111111
2018-09-04 09:27:01,448 - DataBase.py[line:56] - INFO: select * from record_201808 where emp_id=111111 and time like '2018-08-10%'
2018-09-04 09:27:01,449 - DataBase.py[line:56] - INFO: select * from record_201808 where emp_id=111111
2018-09-04 09:27:01,449 - DataBase.py[line:56] - INFO: select * from record_201808 where emp_id=111111 and time like '2018-08-10%'
2018-09-04 09:27:01,450 - DataBase.py[line:56] - INFO: select * from record_201808 where emp_id=111111
2018-09-04 09:27:01,450 - DataBase.py[line:56] - INFO: select * from record_201808 where emp_id=111111 and time like '2018-08-11%'
2018-09-04 09:27:01,451 - DataBase.py[line:56] - INFO: select * from record_201808 where emp_id=111111
2018-09-04 09:27:01,451 - DataBase.py[line:56] - INFO: select * from record_201808 where emp_id=111111 and time like '2018-08-11%'
2018-09-04 09:27:01,452 - DataBase.py[line:56] - INFO: select * from record_201808 where emp_id=111111
2018-09-04 09:27:01,452 - DataBase.py[line:56] - INFO: select * from record_201808 where emp_id=111111 and time like '2018-08-12%'
2018-09-04 09:27:01,453 - DataBase.py[line:56] - INFO: select * from record_201808 where emp_id=111111
2018-09-04 09:27:01,454 - DataBase.py[line:56] - INFO: select * from record_201808 where emp_id=111111 and time like '2018-08-12%'
2018-09-04 09:27:01,454 - DataBase.py[line:56] - INFO: select * from record_201808 where emp_id=111111
2018-09-04 09:27:01,455 - DataBase.py[line:56] - INFO: select * from record_201808 where emp_id=111111 and time like '2018-08-13%'
2018-09-04 09:27:01,455 - DataBase.py[line:56] - INFO: select * from record_201808 where emp_id=111111
2018-09-04 09:27:01,456 - DataBase.py[line:56] - INFO: select * from record_201808 where emp_id=111111 and time like '2018-08-13%'
2018-09-04 09:27:01,456 - DataBase.py[line:56] - INFO: select * from record_201808 where emp_id=111111
2018-09-04 09:27:01,456 - DataBase.py[line:56] - INFO: select * from record_201808 where emp_id=111111 and time like '2018-08-14%'
2018-09-04 09:27:01,457 - DataBase.py[line:56] - INFO: select * from record_201808 where emp_id=111111
2018-09-04 09:27:01,457 - DataBase.py[line:56] - INFO: select * from record_201808 where emp_id=111111 and time like '2018-08-14%'
2018-09-04 09:27:01,458 - DataBase.py[line:56] - INFO: select * from record_201808 where emp_id=111111
2018-09-04 09:27:01,459 - DataBase.py[line:56] - INFO: select * from record_201808 where emp_id=111111 and time like '2018-08-15%'
2018-09-04 09:27:01,459 - DataBase.py[line:56] - INFO: select * from record_201808 where emp_id=111111
2018-09-04 09:27:01,459 - DataBase.py[line:56] - INFO: select * from record_201808 where emp_id=111111 and time like '2018-08-15%'
2018-09-04 09:27:01,460 - DataBase.py[line:56] - INFO: select * from record_201808 where emp_id=111111
2018-09-04 09:27:01,461 - DataBase.py[line:56] - INFO: select * from record_201808 where emp_id=111111 and time like '2018-08-16%'
2018-09-04 09:27:01,461 - DataBase.py[line:56] - INFO: select * from record_201808 where emp_id=111111
2018-09-04 09:27:01,462 - DataBase.py[line:56] - INFO: select * from record_201808 where emp_id=111111 and time like '2018-08-16%'
2018-09-04 09:27:01,462 - DataBase.py[line:56] - INFO: select * from record_201808 where emp_id=111111
2018-09-04 09:27:01,463 - DataBase.py[line:56] - INFO: select * from record_201808 where emp_id=111111 and time like '2018-08-17%'
2018-09-04 09:27:01,463 - DataBase.py[line:56] - INFO: select * from record_201808 where emp_id=111111
2018-09-04 09:27:01,464 - DataBase.py[line:56] - INFO: select * from record_201808 where emp_id=111111 and time like '2018-08-17%'
2018-09-04 09:27:01,464 - DataBase.py[line:56] - INFO: select * from record_201808 where emp_id=111111
2018-09-04 09:27:01,465 - DataBase.py[line:56] - INFO: select * from record_201808 where emp_id=111111 and time like '2018-08-18%'
2018-09-04 09:27:01,465 - DataBase.py[line:56] - INFO: select * from record_201808 where emp_id=111111
2018-09-04 09:27:01,466 - DataBase.py[line:56] - INFO: select * from record_201808 where emp_id=111111 and time like '2018-08-18%'
2018-09-04 09:27:01,466 - DataBase.py[line:56] - INFO: select * from record_201808 where emp_id=111111
2018-09-04 09:27:01,467 - DataBase.py[line:56] - INFO: select * from record_201808 where emp_id=111111 and time like '2018-08-19%'
2018-09-04 09:27:01,467 - DataBase.py[line:56] - INFO: select * from record_201808 where emp_id=111111
2018-09-04 09:27:01,467 - DataBase.py[line:56] - INFO: select * from record_201808 where emp_id=111111 and time like '2018-08-19%'
2018-09-04 09:27:01,468 - DataBase.py[line:56] - INFO: select * from record_201808 where emp_id=111111
2018-09-04 09:27:01,468 - DataBase.py[line:56] - INFO: select * from record_201808 where emp_id=111111 and time like '2018-08-20%'
2018-09-04 09:27:01,469 - DataBase.py[line:56] - INFO: select * from record_201808 where emp_id=111111
2018-09-04 09:27:01,469 - DataBase.py[line:56] - INFO: select * from record_201808 where emp_id=111111 and time like '2018-08-20%'
2018-09-04 09:27:01,469 - DataBase.py[line:56] - INFO: select * from record_201808 where emp_id=111111
2018-09-04 09:27:01,470 - DataBase.py[line:56] - INFO: select * from record_201808 where emp_id=111111 and time like '2018-08-21%'
2018-09-04 09:27:01,470 - DataBase.py[line:56] - INFO: select * from record_201808 where emp_id=111111
2018-09-04 09:27:01,471 - DataBase.py[line:56] - INFO: select * from record_201808 where emp_id=111111 and time like '2018-08-21%'
2018-09-04 09:27:01,471 - DataBase.py[line:56] - INFO: select * from record_201808 where emp_id=111111
2018-09-04 09:27:01,472 - DataBase.py[line:56] - INFO: select * from record_201808 where emp_id=111111 and time like '2018-08-22%'
2018-09-04 09:27:01,472 - DataBase.py[line:56] - INFO: select * from record_201808 where emp_id=111111
2018-09-04 09:27:01,473 - DataBase.py[line:56] - INFO: select * from record_201808 where emp_id=111111 and time like '2018-08-22%'
2018-09-04 09:27:01,473 - DataBase.py[line:56] - INFO: select * from record_201808 where emp_id=111111
2018-09-04 09:27:01,474 - DataBase.py[line:56] - INFO: select * from record_201808 where emp_id=111111 and time like '2018-08-23%'
2018-09-04 09:27:01,474 - DataBase.py[line:56] - INFO: select * from record_201808 where emp_id=111111
2018-09-04 09:27:01,475 - DataBase.py[line:56] - INFO: select * from record_201808 where emp_id=111111 and time like '2018-08-23%'
2018-09-04 09:27:01,475 - DataBase.py[line:56] - INFO: select * from record_201808 where emp_id=111111
2018-09-04 09:27:01,475 - DataBase.py[line:56] - INFO: select * from record_201808 where emp_id=111111 and time like '2018-08-24%'
2018-09-04 09:27:01,476 - DataBase.py[line:56] - INFO: select * from record_201808 where emp_id=111111
2018-09-04 09:27:01,476 - DataBase.py[line:56] - INFO: select * from record_201808 where emp_id=111111 and time like '2018-08-24%'
2018-09-04 09:27:01,477 - DataBase.py[line:56] - INFO: select * from record_201808 where emp_id=111111
2018-09-04 09:27:01,477 - DataBase.py[line:56] - INFO: select * from record_201808 where emp_id=111111 and time like '2018-08-25%'
2018-09-04 09:27:01,478 - DataBase.py[line:56] - INFO: select * from record_201808 where emp_id=111111
2018-09-04 09:27:01,478 - DataBase.py[line:56] - INFO: select * from record_201808 where emp_id=111111 and time like '2018-08-25%'
2018-09-04 09:27:01,479 - DataBase.py[line:56] - INFO: select * from record_201808 where emp_id=111111
2018-09-04 09:27:01,479 - DataBase.py[line:56] - INFO: select * from record_201808 where emp_id=111111 and time like '2018-08-26%'
2018-09-04 09:27:01,479 - DataBase.py[line:56] - INFO: select * from record_201808 where emp_id=111111
2018-09-04 09:27:01,480 - DataBase.py[line:56] - INFO: select * from record_201808 where emp_id=111111 and time like '2018-08-26%'
2018-09-04 09:27:01,480 - DataBase.py[line:56] - INFO: select * from record_201808 where emp_id=111111
2018-09-04 09:27:01,481 - DataBase.py[line:56] - INFO: select * from record_201808 where emp_id=111111 and time like '2018-08-27%'
2018-09-04 09:27:01,481 - DataBase.py[line:56] - INFO: select * from record_201808 where emp_id=111111
2018-09-04 09:27:01,482 - DataBase.py[line:56] - INFO: select * from record_201808 where emp_id=111111 and time like '2018-08-27%'
2018-09-04 09:27:01,482 - DataBase.py[line:56] - INFO: select * from record_201808 where emp_id=111111
2018-09-04 09:27:01,483 - DataBase.py[line:56] - INFO: select * from record_201808 where emp_id=111111 and time like '2018-08-28%'
2018-09-04 09:27:01,483 - DataBase.py[line:56] - INFO: select * from record_201808 where emp_id=111111
2018-09-04 09:27:01,484 - DataBase.py[line:56] - INFO: select * from record_201808 where emp_id=111111 and time like '2018-08-28%'
2018-09-04 09:27:01,484 - DataBase.py[line:56] - INFO: select * from record_201808 where emp_id=111111 and time like '2018-08-29%'
2018-09-04 09:27:01,485 - DataBase.py[line:56] - INFO: select * from record_201808 where emp_id=111111
2018-09-04 09:27:01,485 - DataBase.py[line:56] - INFO: select * from record_201808 where emp_id=111111 and time like '2018-08-29%'
2018-09-04 09:27:01,486 - DataBase.py[line:56] - INFO: select * from record_201808 where emp_id=111111 and time like '2018-08-30%'
2018-09-04 09:27:01,486 - DataBase.py[line:56] - INFO: select * from record_201808 where emp_id=111111
2018-09-04 09:27:01,487 - DataBase.py[line:56] - INFO: select * from record_201808 where emp_id=111111 and time like '2018-08-30%'
2018-09-04 09:27:01,487 - DataBase.py[line:56] - INFO: select * from record_201808 where emp_id=111111
2018-09-04 09:27:01,487 - DataBase.py[line:56] - INFO: select * from record_201808 where emp_id=111111 and time like '2018-08-31%'
2018-09-04 09:27:01,488 - DataBase.py[line:56] - INFO: select * from record_201808 where emp_id=111111
2018-09-04 09:27:01,488 - DataBase.py[line:56] - INFO: select * from record_201808 where emp_id=111111 and time like '2018-08-31%'
2018-09-04 09:27:01,489 - DataBase.py[line:56] - INFO: select * from record_201808 where emp_id=111111
