2018-09-04 10:44:35,053 - DataBase.py[line:23] - INFO: database class is creating...
2018-09-04 10:44:35,074 - DataBase.py[line:51] - INFO: database is connecting...
2018-09-04 10:44:37,020 - DataBase.py[line:56] - INFO: select * from empinfo where Emp_id=000002
2018-09-04 10:44:37,021 - DataBase.py[line:56] - INFO: select password from empinfo where Emp_id=000002
2018-09-04 10:44:37,021 - DataBase.py[line:56] - INFO: select * from empinfo where Emp_id=000002
2018-09-04 10:44:37,022 - DataBase.py[line:56] - INFO: select * from record_201808 where emp_id=111111
2018-09-04 10:44:37,023 - DataBase.py[line:56] - INFO: select * from record_201808 where emp_id=111111 and time like '2018-08-01%'
2018-09-04 10:44:37,024 - DataBase.py[line:56] - INFO: select * from record_201808 where emp_id=111111 and time<'2018-08-01'
2018-09-04 10:44:37,024 - DataBase.py[line:56] - INFO: select * from record_201808 where emp_id=111111 and time like '2018-08-01%'
2018-09-04 10:44:37,025 - DataBase.py[line:56] - INFO: select * from record_201808 where emp_id=111111 and time<'2018-08-01'
2018-09-04 10:44:37,026 - DataBase.py[line:56] - INFO: select * from record_201808 where emp_id=111111 and time like '2018-08-02%'
2018-09-04 10:44:37,026 - DataBase.py[line:56] - INFO: select * from record_201808 where emp_id=111111 and time<'2018-08-02'
2018-09-04 10:44:37,027 - DataBase.py[line:56] - INFO: select * from record_201808 where emp_id=111111 and time like '2018-08-02%'
2018-09-04 10:44:37,027 - DataBase.py[line:56] - INFO: select * from record_201808 where emp_id=111111 and time<'2018-08-02'
2018-09-04 10:44:37,028 - DataBase.py[line:56] - INFO: select * from record_201808 where emp_id=111111 and time like '2018-08-03%'
2018-09-04 10:44:37,028 - DataBase.py[line:56] - INFO: select * from record_201808 where emp_id=111111 and time<'2018-08-03'
2018-09-04 10:44:37,029 - DataBase.py[line:56] - INFO: select * from record_201808 where emp_id=111111 and time like '2018-08-03%'
2018-09-04 10:44:37,029 - DataBase.py[line:56] - INFO: select * from record_201808 where emp_id=111111 and time<'2018-08-03'
2018-09-04 10:44:37,030 - DataBase.py[line:56] - INFO: select * from record_201808 where emp_id=111111 and time like '2018-08-04%'
2018-09-04 10:44:37,030 - DataBase.py[line:56] - INFO: select * from record_201808 where emp_id=111111 and time<'2018-08-04'
2018-09-04 10:44:37,030 - DataBase.py[line:56] - INFO: select * from record_201808 where emp_id=111111 and time like '2018-08-04%'
2018-09-04 10:44:37,031 - DataBase.py[line:56] - INFO: select * from record_201808 where emp_id=111111 and time<'2018-08-04'
2018-09-04 10:44:37,031 - DataBase.py[line:56] - INFO: select * from record_201808 where emp_id=111111 and time like '2018-08-05%'
2018-09-04 10:44:37,031 - DataBase.py[line:56] - INFO: select * from record_201808 where emp_id=111111 and time<'2018-08-05'
2018-09-04 10:44:37,032 - DataBase.py[line:56] - INFO: select * from record_201808 where emp_id=111111 and time like '2018-08-05%'
2018-09-04 10:44:37,032 - DataBase.py[line:56] - INFO: select * from record_201808 where emp_id=111111 and time<'2018-08-05'
2018-09-04 10:44:37,033 - DataBase.py[line:56] - INFO: select * from record_201808 where emp_id=111111 and time like '2018-08-06%'
2018-09-04 10:44:37,033 - DataBase.py[line:56] - INFO: select * from record_201808 where emp_id=111111 and time<'2018-08-06'
2018-09-04 10:44:37,033 - DataBase.py[line:56] - INFO: select * from record_201808 where emp_id=111111 and time like '2018-08-06%'
2018-09-04 10:44:37,034 - DataBase.py[line:56] - INFO: select * from record_201808 where emp_id=111111 and time<'2018-08-06'
2018-09-04 10:44:37,034 - DataBase.py[line:56] - INFO: select * from record_201808 where emp_id=111111 and time like '2018-08-07%'
2018-09-04 10:44:37,035 - DataBase.py[line:56] - INFO: select * from record_201808 where emp_id=111111 and time<'2018-08-07'
2018-09-04 10:44:37,035 - DataBase.py[line:56] - INFO: select * from record_201808 where emp_id=111111 and time like '2018-08-07%'
2018-09-04 10:44:37,036 - DataBase.py[line:56] - INFO: select * from record_201808 where emp_id=111111 and time<'2018-08-07'
2018-09-04 10:44:37,036 - DataBase.py[line:56] - INFO: select * from record_201808 where emp_id=111111 and time like '2018-08-08%'
2018-09-04 10:44:37,036 - DataBase.py[line:56] - INFO: select * from record_201808 where emp_id=111111 and time<'2018-08-08'
2018-09-04 10:44:37,037 - DataBase.py[line:56] - INFO: select * from record_201808 where emp_id=111111 and time like '2018-08-08%'
2018-09-04 10:44:37,037 - DataBase.py[line:56] - INFO: select * from record_201808 where emp_id=111111 and time<'2018-08-08'
2018-09-04 10:44:37,038 - DataBase.py[line:56] - INFO: select * from record_201808 where emp_id=111111 and time like '2018-08-09%'
2018-09-04 10:44:37,038 - DataBase.py[line:56] - INFO: select * from record_201808 where emp_id=111111 and time<'2018-08-09'
2018-09-04 10:44:37,039 - DataBase.py[line:56] - INFO: select * from record_201808 where emp_id=111111 and time like '2018-08-09%'
2018-09-04 10:44:37,039 - DataBase.py[line:56] - INFO: select * from record_201808 where emp_id=111111 and time<'2018-08-09'
2018-09-04 10:44:37,040 - DataBase.py[line:56] - INFO: select * from record_201808 where emp_id=111111 and time like '2018-08-10%'
2018-09-04 10:44:37,040 - DataBase.py[line:56] - INFO: select * from record_201808 where emp_id=111111 and time<'2018-08-10'
2018-09-04 10:44:37,040 - DataBase.py[line:56] - INFO: select * from record_201808 where emp_id=111111 and time like '2018-08-10%'
2018-09-04 10:44:37,041 - DataBase.py[line:56] - INFO: select * from record_201808 where emp_id=111111 and time<'2018-08-10'
2018-09-04 10:44:37,041 - DataBase.py[line:56] - INFO: select * from record_201808 where emp_id=111111 and time like '2018-08-11%'
2018-09-04 10:44:37,042 - DataBase.py[line:56] - INFO: select * from record_201808 where emp_id=111111 and time<'2018-08-11'
2018-09-04 10:44:37,042 - DataBase.py[line:56] - INFO: select * from record_201808 where emp_id=111111 and time like '2018-08-11%'
2018-09-04 10:44:37,043 - DataBase.py[line:56] - INFO: select * from record_201808 where emp_id=111111 and time<'2018-08-11'
2018-09-04 10:44:37,043 - DataBase.py[line:56] - INFO: select * from record_201808 where emp_id=111111 and time like '2018-08-12%'
2018-09-04 10:44:37,044 - DataBase.py[line:56] - INFO: select * from record_201808 where emp_id=111111 and time<'2018-08-12'
2018-09-04 10:44:37,044 - DataBase.py[line:56] - INFO: select * from record_201808 where emp_id=111111 and time like '2018-08-12%'
2018-09-04 10:44:37,045 - DataBase.py[line:56] - INFO: select * from record_201808 where emp_id=111111 and time<'2018-08-12'
2018-09-04 10:44:37,045 - DataBase.py[line:56] - INFO: select * from record_201808 where emp_id=111111 and time like '2018-08-13%'
2018-09-04 10:44:37,045 - DataBase.py[line:56] - INFO: select * from record_201808 where emp_id=111111 and time<'2018-08-13'
2018-09-04 10:44:37,046 - DataBase.py[line:56] - INFO: select * from record_201808 where emp_id=111111 and time like '2018-08-13%'
2018-09-04 10:44:37,046 - DataBase.py[line:56] - INFO: select * from record_201808 where emp_id=111111 and time<'2018-08-13'
2018-09-04 10:44:37,047 - DataBase.py[line:56] - INFO: select * from record_201808 where emp_id=111111 and time like '2018-08-14%'
2018-09-04 10:44:37,047 - DataBase.py[line:56] - INFO: select * from record_201808 where emp_id=111111 and time<'2018-08-14'
2018-09-04 10:44:37,047 - DataBase.py[line:56] - INFO: select * from record_201808 where emp_id=111111 and time like '2018-08-14%'
2018-09-04 10:44:37,048 - DataBase.py[line:56] - INFO: select * from record_201808 where emp_id=111111 and time<'2018-08-14'
2018-09-04 10:44:37,048 - DataBase.py[line:56] - INFO: select * from record_201808 where emp_id=111111 and time like '2018-08-15%'
2018-09-04 10:44:37,049 - DataBase.py[line:56] - INFO: select * from record_201808 where emp_id=111111 and time<'2018-08-15'
2018-09-04 10:44:37,049 - DataBase.py[line:56] - INFO: select * from record_201808 where emp_id=111111 and time like '2018-08-15%'
2018-09-04 10:44:37,049 - DataBase.py[line:56] - INFO: select * from record_201808 where emp_id=111111 and time<'2018-08-15'
2018-09-04 10:44:37,050 - DataBase.py[line:56] - INFO: select * from record_201808 where emp_id=111111 and time like '2018-08-16%'
2018-09-04 10:44:37,050 - DataBase.py[line:56] - INFO: select * from record_201808 where emp_id=111111 and time<'2018-08-16'
2018-09-04 10:44:37,051 - DataBase.py[line:56] - INFO: select * from record_201808 where emp_id=111111 and time like '2018-08-16%'
2018-09-04 10:44:37,051 - DataBase.py[line:56] - INFO: select * from record_201808 where emp_id=111111 and time<'2018-08-16'
2018-09-04 10:44:37,052 - DataBase.py[line:56] - INFO: select * from record_201808 where emp_id=111111 and time like '2018-08-17%'
2018-09-04 10:44:37,052 - DataBase.py[line:56] - INFO: select * from record_201808 where emp_id=111111 and time<'2018-08-17'
2018-09-04 10:44:37,052 - DataBase.py[line:56] - INFO: select * from record_201808 where emp_id=111111 and time like '2018-08-17%'
2018-09-04 10:44:37,053 - DataBase.py[line:56] - INFO: select * from record_201808 where emp_id=111111 and time<'2018-08-17'
2018-09-04 10:44:37,053 - DataBase.py[line:56] - INFO: select * from record_201808 where emp_id=111111 and time like '2018-08-18%'
2018-09-04 10:44:37,054 - DataBase.py[line:56] - INFO: select * from record_201808 where emp_id=111111 and time<'2018-08-18'
2018-09-04 10:44:37,054 - DataBase.py[line:56] - INFO: select * from record_201808 where emp_id=111111 and time like '2018-08-18%'
2018-09-04 10:44:37,055 - DataBase.py[line:56] - INFO: select * from record_201808 where emp_id=111111 and time<'2018-08-18'
2018-09-04 10:44:37,055 - DataBase.py[line:56] - INFO: select * from record_201808 where emp_id=111111 and time like '2018-08-19%'
2018-09-04 10:44:37,056 - DataBase.py[line:56] - INFO: select * from record_201808 where emp_id=111111 and time<'2018-08-19'
2018-09-04 10:44:37,056 - DataBase.py[line:56] - INFO: select * from record_201808 where emp_id=111111 and time like '2018-08-19%'
2018-09-04 10:44:37,057 - DataBase.py[line:56] - INFO: select * from record_201808 where emp_id=111111 and time<'2018-08-19'
2018-09-04 10:44:37,057 - DataBase.py[line:56] - INFO: select * from record_201808 where emp_id=111111 and time like '2018-08-20%'
2018-09-04 10:44:37,057 - DataBase.py[line:56] - INFO: select * from record_201808 where emp_id=111111 and time<'2018-08-20'
2018-09-04 10:44:37,058 - DataBase.py[line:56] - INFO: select * from record_201808 where emp_id=111111 and time like '2018-08-20%'
2018-09-04 10:44:37,058 - DataBase.py[line:56] - INFO: select * from record_201808 where emp_id=111111 and time<'2018-08-20'
2018-09-04 10:44:37,058 - DataBase.py[line:56] - INFO: select * from record_201808 where emp_id=111111 and time like '2018-08-21%'
2018-09-04 10:44:37,059 - DataBase.py[line:56] - INFO: select * from record_201808 where emp_id=111111 and time<'2018-08-21'
2018-09-04 10:44:37,059 - DataBase.py[line:56] - INFO: select * from record_201808 where emp_id=111111 and time like '2018-08-21%'
2018-09-04 10:44:37,059 - DataBase.py[line:56] - INFO: select * from record_201808 where emp_id=111111 and time<'2018-08-21'
2018-09-04 10:44:37,060 - DataBase.py[line:56] - INFO: select * from record_201808 where emp_id=111111 and time like '2018-08-22%'
2018-09-04 10:44:37,060 - DataBase.py[line:56] - INFO: select * from record_201808 where emp_id=111111 and time<'2018-08-22'
2018-09-04 10:44:37,061 - DataBase.py[line:56] - INFO: select * from record_201808 where emp_id=111111 and time like '2018-08-22%'
2018-09-04 10:44:37,061 - DataBase.py[line:56] - INFO: select * from record_201808 where emp_id=111111 and time<'2018-08-22'
2018-09-04 10:44:37,062 - DataBase.py[line:56] - INFO: select * from record_201808 where emp_id=111111 and time like '2018-08-23%'
2018-09-04 10:44:37,062 - DataBase.py[line:56] - INFO: select * from record_201808 where emp_id=111111 and time<'2018-08-23'
2018-09-04 10:44:37,063 - DataBase.py[line:56] - INFO: select * from record_201808 where emp_id=111111 and time like '2018-08-23%'
2018-09-04 10:44:37,063 - DataBase.py[line:56] - INFO: select * from record_201808 where emp_id=111111 and time<'2018-08-23'
2018-09-04 10:44:37,063 - DataBase.py[line:56] - INFO: select * from record_201808 where emp_id=111111 and time like '2018-08-24%'
2018-09-04 10:44:37,064 - DataBase.py[line:56] - INFO: select * from record_201808 where emp_id=111111 and time<'2018-08-24'
2018-09-04 10:44:37,064 - DataBase.py[line:56] - INFO: select * from record_201808 where emp_id=111111 and time like '2018-08-24%'
2018-09-04 10:44:37,065 - DataBase.py[line:56] - INFO: select * from record_201808 where emp_id=111111 and time<'2018-08-24'
2018-09-04 10:44:37,065 - DataBase.py[line:56] - INFO: select * from record_201808 where emp_id=111111 and time like '2018-08-25%'
2018-09-04 10:44:37,065 - DataBase.py[line:56] - INFO: select * from record_201808 where emp_id=111111 and time<'2018-08-25'
2018-09-04 10:44:37,065 - DataBase.py[line:56] - INFO: select * from record_201808 where emp_id=111111 and time like '2018-08-25%'
2018-09-04 10:44:37,066 - DataBase.py[line:56] - INFO: select * from record_201808 where emp_id=111111 and time<'2018-08-25'
2018-09-04 10:44:37,066 - DataBase.py[line:56] - INFO: select * from record_201808 where emp_id=111111 and time like '2018-08-26%'
2018-09-04 10:44:37,066 - DataBase.py[line:56] - INFO: select * from record_201808 where emp_id=111111 and time<'2018-08-26'
2018-09-04 10:44:37,067 - DataBase.py[line:56] - INFO: select * from record_201808 where emp_id=111111 and time like '2018-08-26%'
2018-09-04 10:44:37,067 - DataBase.py[line:56] - INFO: select * from record_201808 where emp_id=111111 and time<'2018-08-26'
2018-09-04 10:44:37,068 - DataBase.py[line:56] - INFO: select * from record_201808 where emp_id=111111 and time like '2018-08-27%'
2018-09-04 10:44:37,068 - DataBase.py[line:56] - INFO: select * from record_201808 where emp_id=111111 and time<'2018-08-27'
2018-09-04 10:44:37,068 - DataBase.py[line:56] - INFO: select * from record_201808 where emp_id=111111 and time like '2018-08-27%'
2018-09-04 10:44:37,069 - DataBase.py[line:56] - INFO: select * from record_201808 where emp_id=111111 and time<'2018-08-27'
2018-09-04 10:44:37,069 - DataBase.py[line:56] - INFO: select * from record_201808 where emp_id=111111 and time like '2018-08-28%'
2018-09-04 10:44:37,070 - DataBase.py[line:56] - INFO: select * from record_201808 where emp_id=111111 and time like '2018-08-28%'
2018-09-04 10:44:37,070 - DataBase.py[line:56] - INFO: select * from record_201808 where emp_id=111111 and time like '2018-08-29%'
2018-09-04 10:44:37,070 - DataBase.py[line:56] - INFO: select * from record_201808 where emp_id=111111 and time<'2018-08-29'
2018-09-04 10:44:37,071 - DataBase.py[line:56] - INFO: select * from record_201808 where emp_id=111111
2018-09-04 10:44:37,071 - DataBase.py[line:56] - INFO: select * from record_201808 where emp_id=111111
2018-09-04 10:44:37,072 - DataBase.py[line:56] - INFO: select * from record_201808 where emp_id=111111 and time like '2018-08-29%'
2018-09-04 10:44:37,072 - DataBase.py[line:56] - INFO: select * from record_201808 where emp_id=111111
2018-09-04 10:44:37,073 - DataBase.py[line:56] - INFO: select * from record_201808 where emp_id=111111 and time like '2018-08-30%'
2018-09-04 10:44:37,073 - DataBase.py[line:56] - INFO: select * from record_201808 where emp_id=111111 and time like '2018-08-30%'
2018-09-04 10:44:37,074 - DataBase.py[line:56] - INFO: select * from record_201808 where emp_id=111111 and time like '2018-08-31%'
2018-09-04 10:44:37,074 - DataBase.py[line:56] - INFO: select * from record_201808 where emp_id=111111 and time<'2018-08-31'
2018-09-04 10:44:37,075 - DataBase.py[line:56] - INFO: select * from record_201808 where emp_id=111111
2018-09-04 10:44:37,075 - DataBase.py[line:56] - INFO: select * from record_201808 where emp_id=111111
2018-09-04 10:44:37,076 - DataBase.py[line:56] - INFO: select * from record_201808 where emp_id=111111 and time like '2018-08-31%'
2018-09-04 10:44:37,076 - DataBase.py[line:56] - INFO: select * from record_201808 where emp_id=111111 and time<'2018-08-31'
2018-09-04 10:44:37,076 - DataBase.py[line:56] - INFO: select * from record_201808 where emp_id=111111
2018-09-04 10:44:37,077 - DataBase.py[line:56] - INFO: select * from record_201808 where emp_id=111111
