2018-09-04 09:25:53,140 - DataBase.py[line:23] - INFO: database class is creating...
2018-09-04 09:25:53,159 - DataBase.py[line:51] - INFO: database is connecting...
2018-09-04 09:25:55,147 - DataBase.py[line:56] - INFO: select * from empinfo where Emp_id=000002
2018-09-04 09:25:55,148 - DataBase.py[line:56] - INFO: select password from empinfo where Emp_id=000002
2018-09-04 09:25:55,149 - DataBase.py[line:56] - INFO: select * from empinfo where Emp_id=000002
2018-09-04 09:25:55,149 - DataBase.py[line:56] - INFO: select * from record_201808 where emp_id=111111
2018-09-04 09:25:55,150 - DataBase.py[line:56] - INFO: select * from record_201808 where emp_id=111111 and time like '2018-08-1%'
2018-09-04 09:25:55,152 - DataBase.py[line:56] - INFO: select * from record_201808 where emp_id=111111
2018-09-04 09:25:55,153 - DataBase.py[line:56] - INFO: select * from record_201808 where emp_id=111111 and time like '2018-08-01%'
2018-09-04 09:25:55,153 - DataBase.py[line:56] - INFO: select * from record_201808 where emp_id=111111
2018-09-04 09:25:55,154 - DataBase.py[line:56] - INFO: select * from record_201808 where emp_id=111111 and time like '2018-08-2%'
2018-09-04 09:25:55,154 - DataBase.py[line:56] - INFO: select * from record_201808 where emp_id=111111
2018-09-04 09:25:55,155 - DataBase.py[line:56] - INFO: select * from record_201808 where emp_id=111111 and time like '2018-08-02%'
2018-09-04 09:25:55,155 - DataBase.py[line:56] - INFO: select * from record_201808 where emp_id=111111
2018-09-04 09:25:55,156 - DataBase.py[line:56] - INFO: select * from record_201808 where emp_id=111111 and time like '2018-08-3%'
2018-09-04 09:25:55,156 - DataBase.py[line:56] - INFO: select * from record_201808 where emp_id=111111
2018-09-04 09:25:55,157 - DataBase.py[line:56] - INFO: select * from record_201808 where emp_id=111111 and time like '2018-08-03%'
2018-09-04 09:25:55,157 - DataBase.py[line:56] - INFO: select * from record_201808 where emp_id=111111
2018-09-04 09:25:55,157 - DataBase.py[line:56] - INFO: select * from record_201808 where emp_id=111111 and time like '2018-08-4%'
2018-09-04 09:25:55,158 - DataBase.py[line:56] - INFO: select * from record_201808 where emp_id=111111
2018-09-04 09:25:55,158 - DataBase.py[line:56] - INFO: select * from record_201808 where emp_id=111111 and time like '2018-08-04%'
2018-09-04 09:25:55,159 - DataBase.py[line:56] - INFO: select * from record_201808 where emp_id=111111
2018-09-04 09:25:55,159 - DataBase.py[line:56] - INFO: select * from record_201808 where emp_id=111111 and time like '2018-08-5%'
2018-09-04 09:25:55,159 - DataBase.py[line:56] - INFO: select * from record_201808 where emp_id=111111
2018-09-04 09:25:55,160 - DataBase.py[line:56] - INFO: select * from record_201808 where emp_id=111111 and time like '2018-08-05%'
2018-09-04 09:25:55,160 - DataBase.py[line:56] - INFO: select * from record_201808 where emp_id=111111
2018-09-04 09:25:55,161 - DataBase.py[line:56] - INFO: select * from record_201808 where emp_id=111111 and time like '2018-08-6%'
2018-09-04 09:25:55,161 - DataBase.py[line:56] - INFO: select * from record_201808 where emp_id=111111
2018-09-04 09:25:55,162 - DataBase.py[line:56] - INFO: select * from record_201808 where emp_id=111111 and time like '2018-08-06%'
2018-09-04 09:25:55,162 - DataBase.py[line:56] - INFO: select * from record_201808 where emp_id=111111
2018-09-04 09:25:55,163 - DataBase.py[line:56] - INFO: select * from record_201808 where emp_id=111111 and time like '2018-08-7%'
2018-09-04 09:25:55,163 - DataBase.py[line:56] - INFO: select * from record_201808 where emp_id=111111
2018-09-04 09:25:55,164 - DataBase.py[line:56] - INFO: select * from record_201808 where emp_id=111111 and time like '2018-08-07%'
2018-09-04 09:25:55,164 - DataBase.py[line:56] - INFO: select * from record_201808 where emp_id=111111
2018-09-04 09:25:55,165 - DataBase.py[line:56] - INFO: select * from record_201808 where emp_id=111111 and time like '2018-08-8%'
2018-09-04 09:25:55,166 - DataBase.py[line:56] - INFO: select * from record_201808 where emp_id=111111
2018-09-04 09:25:55,166 - DataBase.py[line:56] - INFO: select * from record_201808 where emp_id=111111 and time like '2018-08-08%'
2018-09-04 09:25:55,166 - DataBase.py[line:56] - INFO: select * from record_201808 where emp_id=111111
2018-09-04 09:25:55,167 - DataBase.py[line:56] - INFO: select * from record_201808 where emp_id=111111 and time like '2018-08-9%'
2018-09-04 09:25:55,167 - DataBase.py[line:56] - INFO: select * from record_201808 where emp_id=111111
2018-09-04 09:25:55,168 - DataBase.py[line:56] - INFO: select * from record_201808 where emp_id=111111 and time like '2018-08-09%'
2018-09-04 09:25:55,168 - DataBase.py[line:56] - INFO: select * from record_201808 where emp_id=111111
2018-09-04 09:25:55,169 - DataBase.py[line:56] - INFO: select * from record_201808 where emp_id=111111 and time like '2018-08-10%'
2018-09-04 09:25:55,169 - DataBase.py[line:56] - INFO: select * from record_201808 where emp_id=111111
2018-09-04 09:25:55,169 - DataBase.py[line:56] - INFO: select * from record_201808 where emp_id=111111 and time like '2018-08-10%'
2018-09-04 09:25:55,170 - DataBase.py[line:56] - INFO: select * from record_201808 where emp_id=111111
2018-09-04 09:25:55,170 - DataBase.py[line:56] - INFO: select * from record_201808 where emp_id=111111 and time like '2018-08-11%'
2018-09-04 09:25:55,171 - DataBase.py[line:56] - INFO: select * from record_201808 where emp_id=111111
2018-09-04 09:25:55,172 - DataBase.py[line:56] - INFO: select * from record_201808 where emp_id=111111 and time like '2018-08-11%'
2018-09-04 09:25:55,172 - DataBase.py[line:56] - INFO: select * from record_201808 where emp_id=111111
2018-09-04 09:25:55,173 - DataBase.py[line:56] - INFO: select * from record_201808 where emp_id=111111 and time like '2018-08-12%'
2018-09-04 09:25:55,173 - DataBase.py[line:56] - INFO: select * from record_201808 where emp_id=111111
2018-09-04 09:25:55,173 - DataBase.py[line:56] - INFO: select * from record_201808 where emp_id=111111 and time like '2018-08-12%'
2018-09-04 09:25:55,174 - DataBase.py[line:56] - INFO: select * from record_201808 where emp_id=111111
2018-09-04 09:25:55,174 - DataBase.py[line:56] - INFO: select * from record_201808 where emp_id=111111 and time like '2018-08-13%'
2018-09-04 09:25:55,175 - DataBase.py[line:56] - INFO: select * from record_201808 where emp_id=111111
2018-09-04 09:25:55,175 - DataBase.py[line:56] - INFO: select * from record_201808 where emp_id=111111 and time like '2018-08-13%'
2018-09-04 09:25:55,175 - DataBase.py[line:56] - INFO: select * from record_201808 where emp_id=111111
2018-09-04 09:25:55,176 - DataBase.py[line:56] - INFO: select * from record_201808 where emp_id=111111 and time like '2018-08-14%'
2018-09-04 09:25:55,176 - DataBase.py[line:56] - INFO: select * from record_201808 where emp_id=111111
2018-09-04 09:25:55,177 - DataBase.py[line:56] - INFO: select * from record_201808 where emp_id=111111 and time like '2018-08-14%'
2018-09-04 09:25:55,177 - DataBase.py[line:56] - INFO: select * from record_201808 where emp_id=111111
2018-09-04 09:25:55,177 - DataBase.py[line:56] - INFO: select * from record_201808 where emp_id=111111 and time like '2018-08-15%'
2018-09-04 09:25:55,178 - DataBase.py[line:56] - INFO: select * from record_201808 where emp_id=111111
2018-09-04 09:25:55,178 - DataBase.py[line:56] - INFO: select * from record_201808 where emp_id=111111 and time like '2018-08-15%'
2018-09-04 09:25:55,179 - DataBase.py[line:56] - INFO: select * from record_201808 where emp_id=111111
2018-09-04 09:25:55,179 - DataBase.py[line:56] - INFO: select * from record_201808 where emp_id=111111 and time like '2018-08-16%'
2018-09-04 09:25:55,180 - DataBase.py[line:56] - INFO: select * from record_201808 where emp_id=111111
2018-09-04 09:25:55,180 - DataBase.py[line:56] - INFO: select * from record_201808 where emp_id=111111 and time like '2018-08-16%'
2018-09-04 09:25:55,181 - DataBase.py[line:56] - INFO: select * from record_201808 where emp_id=111111
2018-09-04 09:25:55,181 - DataBase.py[line:56] - INFO: select * from record_201808 where emp_id=111111 and time like '2018-08-17%'
2018-09-04 09:25:55,182 - DataBase.py[line:56] - INFO: select * from record_201808 where emp_id=111111
2018-09-04 09:25:55,182 - DataBase.py[line:56] - INFO: select * from record_201808 where emp_id=111111 and time like '2018-08-17%'
2018-09-04 09:25:55,182 - DataBase.py[line:56] - INFO: select * from record_201808 where emp_id=111111
2018-09-04 09:25:55,183 - DataBase.py[line:56] - INFO: select * from record_201808 where emp_id=111111 and time like '2018-08-18%'
2018-09-04 09:25:55,184 - DataBase.py[line:56] - INFO: select * from record_201808 where emp_id=111111
2018-09-04 09:25:55,184 - DataBase.py[line:56] - INFO: select * from record_201808 where emp_id=111111 and time like '2018-08-18%'
2018-09-04 09:25:55,185 - DataBase.py[line:56] - INFO: select * from record_201808 where emp_id=111111
2018-09-04 09:25:55,185 - DataBase.py[line:56] - INFO: select * from record_201808 where emp_id=111111 and time like '2018-08-19%'
2018-09-04 09:25:55,186 - DataBase.py[line:56] - INFO: select * from record_201808 where emp_id=111111
2018-09-04 09:25:55,186 - DataBase.py[line:56] - INFO: select * from record_201808 where emp_id=111111 and time like '2018-08-19%'
2018-09-04 09:25:55,187 - DataBase.py[line:56] - INFO: select * from record_201808 where emp_id=111111
2018-09-04 09:25:55,187 - DataBase.py[line:56] - INFO: select * from record_201808 where emp_id=111111 and time like '2018-08-20%'
2018-09-04 09:25:55,187 - DataBase.py[line:56] - INFO: select * from record_201808 where emp_id=111111
2018-09-04 09:25:55,188 - DataBase.py[line:56] - INFO: select * from record_201808 where emp_id=111111 and time like '2018-08-20%'
2018-09-04 09:25:55,188 - DataBase.py[line:56] - INFO: select * from record_201808 where emp_id=111111
2018-09-04 09:25:55,189 - DataBase.py[line:56] - INFO: select * from record_201808 where emp_id=111111 and time like '2018-08-21%'
2018-09-04 09:25:55,189 - DataBase.py[line:56] - INFO: select * from record_201808 where emp_id=111111
2018-09-04 09:25:55,190 - DataBase.py[line:56] - INFO: select * from record_201808 where emp_id=111111 and time like '2018-08-21%'
2018-09-04 09:25:55,190 - DataBase.py[line:56] - INFO: select * from record_201808 where emp_id=111111
2018-09-04 09:25:55,190 - DataBase.py[line:56] - INFO: select * from record_201808 where emp_id=111111 and time like '2018-08-22%'
2018-09-04 09:25:55,191 - DataBase.py[line:56] - INFO: select * from record_201808 where emp_id=111111
2018-09-04 09:25:55,191 - DataBase.py[line:56] - INFO: select * from record_201808 where emp_id=111111 and time like '2018-08-22%'
2018-09-04 09:25:55,192 - DataBase.py[line:56] - INFO: select * from record_201808 where emp_id=111111
2018-09-04 09:25:55,192 - DataBase.py[line:56] - INFO: select * from record_201808 where emp_id=111111 and time like '2018-08-23%'
2018-09-04 09:25:55,192 - DataBase.py[line:56] - INFO: select * from record_201808 where emp_id=111111
2018-09-04 09:25:55,193 - DataBase.py[line:56] - INFO: select * from record_201808 where emp_id=111111 and time like '2018-08-23%'
2018-09-04 09:25:55,193 - DataBase.py[line:56] - INFO: select * from record_201808 where emp_id=111111
2018-09-04 09:25:55,194 - DataBase.py[line:56] - INFO: select * from record_201808 where emp_id=111111 and time like '2018-08-24%'
2018-09-04 09:25:55,194 - DataBase.py[line:56] - INFO: select * from record_201808 where emp_id=111111
2018-09-04 09:25:55,195 - DataBase.py[line:56] - INFO: select * from record_201808 where emp_id=111111 and time like '2018-08-24%'
2018-09-04 09:25:55,195 - DataBase.py[line:56] - INFO: select * from record_201808 where emp_id=111111
2018-09-04 09:25:55,196 - DataBase.py[line:56] - INFO: select * from record_201808 where emp_id=111111 and time like '2018-08-25%'
2018-09-04 09:25:55,196 - DataBase.py[line:56] - INFO: select * from record_201808 where emp_id=111111
2018-09-04 09:25:55,196 - DataBase.py[line:56] - INFO: select * from record_201808 where emp_id=111111 and time like '2018-08-25%'
2018-09-04 09:25:55,197 - DataBase.py[line:56] - INFO: select * from record_201808 where emp_id=111111
2018-09-04 09:25:55,197 - DataBase.py[line:56] - INFO: select * from record_201808 where emp_id=111111 and time like '2018-08-26%'
2018-09-04 09:25:55,198 - DataBase.py[line:56] - INFO: select * from record_201808 where emp_id=111111
2018-09-04 09:25:55,198 - DataBase.py[line:56] - INFO: select * from record_201808 where emp_id=111111 and time like '2018-08-26%'
2018-09-04 09:25:55,199 - DataBase.py[line:56] - INFO: select * from record_201808 where emp_id=111111
2018-09-04 09:25:55,199 - DataBase.py[line:56] - INFO: select * from record_201808 where emp_id=111111 and time like '2018-08-27%'
2018-09-04 09:25:55,199 - DataBase.py[line:56] - INFO: select * from record_201808 where emp_id=111111
2018-09-04 09:25:55,200 - DataBase.py[line:56] - INFO: select * from record_201808 where emp_id=111111 and time like '2018-08-27%'
2018-09-04 09:25:55,200 - DataBase.py[line:56] - INFO: select * from record_201808 where emp_id=111111
2018-09-04 09:25:55,201 - DataBase.py[line:56] - INFO: select * from record_201808 where emp_id=111111 and time like '2018-08-28%'
2018-09-04 09:25:55,201 - DataBase.py[line:56] - INFO: select * from record_201808 where emp_id=111111
2018-09-04 09:25:55,202 - DataBase.py[line:56] - INFO: select * from record_201808 where emp_id=111111 and time like '2018-08-28%'
2018-09-04 09:25:55,203 - DataBase.py[line:56] - INFO: select * from record_201808 where emp_id=111111 and time like '2018-08-29%'
2018-09-04 09:25:55,203 - DataBase.py[line:56] - INFO: select * from record_201808 where emp_id=111111
2018-09-04 09:25:55,204 - DataBase.py[line:56] - INFO: select * from record_201808 where emp_id=111111 and time like '2018-08-29%'
2018-09-04 09:25:55,204 - DataBase.py[line:56] - INFO: select * from record_201808 where emp_id=111111 and time like '2018-08-30%'
2018-09-04 09:25:55,205 - DataBase.py[line:56] - INFO: select * from record_201808 where emp_id=111111
2018-09-04 09:25:55,205 - DataBase.py[line:56] - INFO: select * from record_201808 where emp_id=111111 and time like '2018-08-30%'
2018-09-04 09:25:55,206 - DataBase.py[line:56] - INFO: select * from record_201808 where emp_id=111111
2018-09-04 09:25:55,206 - DataBase.py[line:56] - INFO: select * from record_201808 where emp_id=111111 and time like '2018-08-31%'
2018-09-04 09:25:55,206 - DataBase.py[line:56] - INFO: select * from record_201808 where emp_id=111111
2018-09-04 09:25:55,207 - DataBase.py[line:56] - INFO: select * from record_201808 where emp_id=111111 and time like '2018-08-31%'
2018-09-04 09:25:55,207 - DataBase.py[line:56] - INFO: select * from record_201808 where emp_id=111111
