2018-09-04 09:30:23,065 - DataBase.py[line:23] - INFO: database class is creating...
2018-09-04 09:30:23,094 - DataBase.py[line:51] - INFO: database is connecting...
2018-09-04 09:30:24,668 - DataBase.py[line:56] - INFO: select * from empinfo where Emp_id=000002
2018-09-04 09:30:24,669 - DataBase.py[line:56] - INFO: select password from empinfo where Emp_id=000002
2018-09-04 09:30:24,670 - DataBase.py[line:56] - INFO: select * from empinfo where Emp_id=000002
2018-09-04 09:30:24,670 - DataBase.py[line:56] - INFO: select * from record_201808 where emp_id=111111
2018-09-04 09:30:24,671 - DataBase.py[line:56] - INFO: select * from record_201808 where emp_id=111111 and time like '2018-08-1%'
2018-09-04 09:30:24,673 - DataBase.py[line:56] - INFO: select * from record_201808 where emp_id=111111
2018-09-04 09:30:24,674 - DataBase.py[line:56] - INFO: select * from record_201808 where emp_id=111111 and time like '2018-08-01%'
2018-09-04 09:30:24,674 - DataBase.py[line:56] - INFO: select * from record_201808 where emp_id=111111
2018-09-04 09:30:24,674 - DataBase.py[line:56] - INFO: select * from record_201808 where emp_id=111111 and time like '2018-08-2%'
2018-09-04 09:30:24,675 - DataBase.py[line:56] - INFO: select * from record_201808 where emp_id=111111
2018-09-04 09:30:24,676 - DataBase.py[line:56] - INFO: select * from record_201808 where emp_id=111111 and time like '2018-08-02%'
2018-09-04 09:30:24,676 - DataBase.py[line:56] - INFO: select * from record_201808 where emp_id=111111
2018-09-04 09:30:24,676 - DataBase.py[line:56] - INFO: select * from record_201808 where emp_id=111111 and time like '2018-08-3%'
2018-09-04 09:30:24,677 - DataBase.py[line:56] - INFO: select * from record_201808 where emp_id=111111
2018-09-04 09:30:24,677 - DataBase.py[line:56] - INFO: select * from record_201808 where emp_id=111111 and time like '2018-08-03%'
2018-09-04 09:30:24,678 - DataBase.py[line:56] - INFO: select * from record_201808 where emp_id=111111
2018-09-04 09:30:24,678 - DataBase.py[line:56] - INFO: select * from record_201808 where emp_id=111111 and time like '2018-08-4%'
2018-09-04 09:30:24,679 - DataBase.py[line:56] - INFO: select * from record_201808 where emp_id=111111
2018-09-04 09:30:24,679 - DataBase.py[line:56] - INFO: select * from record_201808 where emp_id=111111 and time like '2018-08-04%'
2018-09-04 09:30:24,680 - DataBase.py[line:56] - INFO: select * from record_201808 where emp_id=111111
2018-09-04 09:30:24,680 - DataBase.py[line:56] - INFO: select * from record_201808 where emp_id=111111 and time like '2018-08-5%'
2018-09-04 09:30:24,681 - DataBase.py[line:56] - INFO: select * from record_201808 where emp_id=111111
2018-09-04 09:30:24,681 - DataBase.py[line:56] - INFO: select * from record_201808 where emp_id=111111 and time like '2018-08-05%'
2018-09-04 09:30:24,682 - DataBase.py[line:56] - INFO: select * from record_201808 where emp_id=111111
2018-09-04 09:30:24,682 - DataBase.py[line:56] - INFO: select * from record_201808 where emp_id=111111 and time like '2018-08-6%'
2018-09-04 09:30:24,683 - DataBase.py[line:56] - INFO: select * from record_201808 where emp_id=111111
2018-09-04 09:30:24,684 - DataBase.py[line:56] - INFO: select * from record_201808 where emp_id=111111 and time like '2018-08-06%'
2018-09-04 09:30:24,684 - DataBase.py[line:56] - INFO: select * from record_201808 where emp_id=111111
2018-09-04 09:30:24,685 - DataBase.py[line:56] - INFO: select * from record_201808 where emp_id=111111 and time like '2018-08-7%'
2018-09-04 09:30:24,685 - DataBase.py[line:56] - INFO: select * from record_201808 where emp_id=111111
2018-09-04 09:30:24,686 - DataBase.py[line:56] - INFO: select * from record_201808 where emp_id=111111 and time like '2018-08-07%'
2018-09-04 09:30:24,686 - DataBase.py[line:56] - INFO: select * from record_201808 where emp_id=111111
2018-09-04 09:30:24,687 - DataBase.py[line:56] - INFO: select * from record_201808 where emp_id=111111 and time like '2018-08-8%'
2018-09-04 09:30:24,687 - DataBase.py[line:56] - INFO: select * from record_201808 where emp_id=111111
2018-09-04 09:30:24,688 - DataBase.py[line:56] - INFO: select * from record_201808 where emp_id=111111 and time like '2018-08-08%'
2018-09-04 09:30:24,688 - DataBase.py[line:56] - INFO: select * from record_201808 where emp_id=111111
2018-09-04 09:30:24,689 - DataBase.py[line:56] - INFO: select * from record_201808 where emp_id=111111 and time like '2018-08-9%'
2018-09-04 09:30:24,689 - DataBase.py[line:56] - INFO: select * from record_201808 where emp_id=111111
2018-09-04 09:30:24,690 - DataBase.py[line:56] - INFO: select * from record_201808 where emp_id=111111 and time like '2018-08-09%'
2018-09-04 09:30:24,690 - DataBase.py[line:56] - INFO: select * from record_201808 where emp_id=111111
2018-09-04 09:30:24,691 - DataBase.py[line:56] - INFO: select * from record_201808 where emp_id=111111 and time like '2018-08-10%'
2018-09-04 09:30:24,691 - DataBase.py[line:56] - INFO: select * from record_201808 where emp_id=111111
2018-09-04 09:30:24,692 - DataBase.py[line:56] - INFO: select * from record_201808 where emp_id=111111 and time like '2018-08-10%'
2018-09-04 09:30:24,692 - DataBase.py[line:56] - INFO: select * from record_201808 where emp_id=111111
2018-09-04 09:30:24,693 - DataBase.py[line:56] - INFO: select * from record_201808 where emp_id=111111 and time like '2018-08-11%'
2018-09-04 09:30:24,693 - DataBase.py[line:56] - INFO: select * from record_201808 where emp_id=111111
2018-09-04 09:30:24,694 - DataBase.py[line:56] - INFO: select * from record_201808 where emp_id=111111 and time like '2018-08-11%'
2018-09-04 09:30:24,694 - DataBase.py[line:56] - INFO: select * from record_201808 where emp_id=111111
2018-09-04 09:30:24,695 - DataBase.py[line:56] - INFO: select * from record_201808 where emp_id=111111 and time like '2018-08-12%'
2018-09-04 09:30:24,695 - DataBase.py[line:56] - INFO: select * from record_201808 where emp_id=111111
2018-09-04 09:30:24,695 - DataBase.py[line:56] - INFO: select * from record_201808 where emp_id=111111 and time like '2018-08-12%'
2018-09-04 09:30:24,696 - DataBase.py[line:56] - INFO: select * from record_201808 where emp_id=111111
2018-09-04 09:30:24,696 - DataBase.py[line:56] - INFO: select * from record_201808 where emp_id=111111 and time like '2018-08-13%'
2018-09-04 09:30:24,697 - DataBase.py[line:56] - INFO: select * from record_201808 where emp_id=111111
2018-09-04 09:30:24,697 - DataBase.py[line:56] - INFO: select * from record_201808 where emp_id=111111 and time like '2018-08-13%'
2018-09-04 09:30:24,698 - DataBase.py[line:56] - INFO: select * from record_201808 where emp_id=111111
2018-09-04 09:30:24,698 - DataBase.py[line:56] - INFO: select * from record_201808 where emp_id=111111 and time like '2018-08-14%'
2018-09-04 09:30:24,699 - DataBase.py[line:56] - INFO: select * from record_201808 where emp_id=111111
2018-09-04 09:30:24,699 - DataBase.py[line:56] - INFO: select * from record_201808 where emp_id=111111 and time like '2018-08-14%'
2018-09-04 09:30:24,700 - DataBase.py[line:56] - INFO: select * from record_201808 where emp_id=111111
2018-09-04 09:30:24,701 - DataBase.py[line:56] - INFO: select * from record_201808 where emp_id=111111 and time like '2018-08-15%'
2018-09-04 09:30:24,701 - DataBase.py[line:56] - INFO: select * from record_201808 where emp_id=111111
2018-09-04 09:30:24,702 - DataBase.py[line:56] - INFO: select * from record_201808 where emp_id=111111 and time like '2018-08-15%'
2018-09-04 09:30:24,702 - DataBase.py[line:56] - INFO: select * from record_201808 where emp_id=111111
2018-09-04 09:30:24,703 - DataBase.py[line:56] - INFO: select * from record_201808 where emp_id=111111 and time like '2018-08-16%'
2018-09-04 09:30:24,703 - DataBase.py[line:56] - INFO: select * from record_201808 where emp_id=111111
2018-09-04 09:30:24,704 - DataBase.py[line:56] - INFO: select * from record_201808 where emp_id=111111 and time like '2018-08-16%'
2018-09-04 09:30:24,704 - DataBase.py[line:56] - INFO: select * from record_201808 where emp_id=111111
2018-09-04 09:30:24,705 - DataBase.py[line:56] - INFO: select * from record_201808 where emp_id=111111 and time like '2018-08-17%'
2018-09-04 09:30:24,705 - DataBase.py[line:56] - INFO: select * from record_201808 where emp_id=111111
2018-09-04 09:30:24,706 - DataBase.py[line:56] - INFO: select * from record_201808 where emp_id=111111 and time like '2018-08-17%'
2018-09-04 09:30:24,706 - DataBase.py[line:56] - INFO: select * from record_201808 where emp_id=111111
2018-09-04 09:30:24,707 - DataBase.py[line:56] - INFO: select * from record_201808 where emp_id=111111 and time like '2018-08-18%'
2018-09-04 09:30:24,707 - DataBase.py[line:56] - INFO: select * from record_201808 where emp_id=111111
2018-09-04 09:30:24,707 - DataBase.py[line:56] - INFO: select * from record_201808 where emp_id=111111 and time like '2018-08-18%'
2018-09-04 09:30:24,708 - DataBase.py[line:56] - INFO: select * from record_201808 where emp_id=111111
2018-09-04 09:30:24,708 - DataBase.py[line:56] - INFO: select * from record_201808 where emp_id=111111 and time like '2018-08-19%'
2018-09-04 09:30:24,709 - DataBase.py[line:56] - INFO: select * from record_201808 where emp_id=111111
2018-09-04 09:30:24,709 - DataBase.py[line:56] - INFO: select * from record_201808 where emp_id=111111 and time like '2018-08-19%'
2018-09-04 09:30:24,710 - DataBase.py[line:56] - INFO: select * from record_201808 where emp_id=111111
2018-09-04 09:30:24,710 - DataBase.py[line:56] - INFO: select * from record_201808 where emp_id=111111 and time like '2018-08-20%'
2018-09-04 09:30:24,711 - DataBase.py[line:56] - INFO: select * from record_201808 where emp_id=111111
2018-09-04 09:30:24,711 - DataBase.py[line:56] - INFO: select * from record_201808 where emp_id=111111 and time like '2018-08-20%'
2018-09-04 09:30:24,712 - DataBase.py[line:56] - INFO: select * from record_201808 where emp_id=111111
2018-09-04 09:30:24,713 - DataBase.py[line:56] - INFO: select * from record_201808 where emp_id=111111 and time like '2018-08-21%'
2018-09-04 09:30:24,713 - DataBase.py[line:56] - INFO: select * from record_201808 where emp_id=111111
2018-09-04 09:30:24,714 - DataBase.py[line:56] - INFO: select * from record_201808 where emp_id=111111 and time like '2018-08-21%'
2018-09-04 09:30:24,714 - DataBase.py[line:56] - INFO: select * from record_201808 where emp_id=111111
2018-09-04 09:30:24,715 - DataBase.py[line:56] - INFO: select * from record_201808 where emp_id=111111 and time like '2018-08-22%'
2018-09-04 09:30:24,715 - DataBase.py[line:56] - INFO: select * from record_201808 where emp_id=111111
2018-09-04 09:30:24,716 - DataBase.py[line:56] - INFO: select * from record_201808 where emp_id=111111 and time like '2018-08-22%'
2018-09-04 09:30:24,716 - DataBase.py[line:56] - INFO: select * from record_201808 where emp_id=111111
2018-09-04 09:30:24,716 - DataBase.py[line:56] - INFO: select * from record_201808 where emp_id=111111 and time like '2018-08-23%'
2018-09-04 09:30:24,717 - DataBase.py[line:56] - INFO: select * from record_201808 where emp_id=111111
2018-09-04 09:30:24,717 - DataBase.py[line:56] - INFO: select * from record_201808 where emp_id=111111 and time like '2018-08-23%'
2018-09-04 09:30:24,718 - DataBase.py[line:56] - INFO: select * from record_201808 where emp_id=111111
2018-09-04 09:30:24,718 - DataBase.py[line:56] - INFO: select * from record_201808 where emp_id=111111 and time like '2018-08-24%'
2018-09-04 09:30:24,719 - DataBase.py[line:56] - INFO: select * from record_201808 where emp_id=111111
2018-09-04 09:30:24,719 - DataBase.py[line:56] - INFO: select * from record_201808 where emp_id=111111 and time like '2018-08-24%'
2018-09-04 09:30:24,720 - DataBase.py[line:56] - INFO: select * from record_201808 where emp_id=111111
2018-09-04 09:30:24,720 - DataBase.py[line:56] - INFO: select * from record_201808 where emp_id=111111 and time like '2018-08-25%'
2018-09-04 09:30:24,721 - DataBase.py[line:56] - INFO: select * from record_201808 where emp_id=111111
2018-09-04 09:30:24,721 - DataBase.py[line:56] - INFO: select * from record_201808 where emp_id=111111 and time like '2018-08-25%'
2018-09-04 09:30:24,722 - DataBase.py[line:56] - INFO: select * from record_201808 where emp_id=111111
2018-09-04 09:30:24,722 - DataBase.py[line:56] - INFO: select * from record_201808 where emp_id=111111 and time like '2018-08-26%'
2018-09-04 09:30:24,723 - DataBase.py[line:56] - INFO: select * from record_201808 where emp_id=111111
2018-09-04 09:30:24,723 - DataBase.py[line:56] - INFO: select * from record_201808 where emp_id=111111 and time like '2018-08-26%'
2018-09-04 09:30:24,724 - DataBase.py[line:56] - INFO: select * from record_201808 where emp_id=111111
2018-09-04 09:30:24,724 - DataBase.py[line:56] - INFO: select * from record_201808 where emp_id=111111 and time like '2018-08-27%'
2018-09-04 09:30:24,725 - DataBase.py[line:56] - INFO: select * from record_201808 where emp_id=111111
2018-09-04 09:30:24,725 - DataBase.py[line:56] - INFO: select * from record_201808 where emp_id=111111 and time like '2018-08-27%'
2018-09-04 09:30:24,726 - DataBase.py[line:56] - INFO: select * from record_201808 where emp_id=111111
2018-09-04 09:30:24,726 - DataBase.py[line:56] - INFO: select * from record_201808 where emp_id=111111 and time like '2018-08-28%'
2018-09-04 09:30:24,727 - DataBase.py[line:56] - INFO: select * from record_201808 where emp_id=111111
2018-09-04 09:30:24,727 - DataBase.py[line:56] - INFO: select * from record_201808 where emp_id=111111 and time like '2018-08-28%'
2018-09-04 09:30:24,727 - DataBase.py[line:56] - INFO: select * from record_201808 where emp_id=111111 and time like '2018-08-29%'
2018-09-04 09:30:24,728 - DataBase.py[line:56] - INFO: select * from record_201808 where emp_id=111111
2018-09-04 09:30:24,728 - DataBase.py[line:56] - INFO: select * from record_201808 where emp_id=111111 and time like '2018-08-29%'
2018-09-04 09:30:24,729 - DataBase.py[line:56] - INFO: select * from record_201808 where emp_id=111111 and time like '2018-08-30%'
2018-09-04 09:30:24,729 - DataBase.py[line:56] - INFO: select * from record_201808 where emp_id=111111
2018-09-04 09:30:24,730 - DataBase.py[line:56] - INFO: select * from record_201808 where emp_id=111111 and time like '2018-08-30%'
2018-09-04 09:30:24,730 - DataBase.py[line:56] - INFO: select * from record_201808 where emp_id=111111
2018-09-04 09:30:24,731 - DataBase.py[line:56] - INFO: select * from record_201808 where emp_id=111111 and time like '2018-08-31%'
2018-09-04 09:30:24,731 - DataBase.py[line:56] - INFO: select * from record_201808 where emp_id=111111
2018-09-04 09:30:24,732 - DataBase.py[line:56] - INFO: select * from record_201808 where emp_id=111111 and time like '2018-08-31%'
2018-09-04 09:30:24,732 - DataBase.py[line:56] - INFO: select * from record_201808 where emp_id=111111
