2018-09-07 11:17:40,048 - DataBase.py[line:23] - INFO: database class is creating...
2018-09-07 11:17:40,256 - DataBase.py[line:51] - INFO: database is connecting...
2018-09-07 11:17:46,921 - DataBase.py[line:56] - INFO: select * from empinfo where Emp_id=000001
2018-09-07 11:17:46,957 - DataBase.py[line:56] - INFO: select password from empinfo where Emp_id=000001
2018-09-07 11:17:54,175 - DataBase.py[line:56] - INFO: select * from empinfo where Emp_id=000001
2018-09-07 11:17:54,220 - DataBase.py[line:56] - INFO: select password from empinfo where Emp_id=000001
2018-09-07 11:18:01,331 - DataBase.py[line:56] - INFO: select * from empinfo where Emp_id=000001
2018-09-07 11:18:01,367 - DataBase.py[line:56] - INFO: select password from empinfo where Emp_id=000001
2018-09-07 11:18:02,724 - DataBase.py[line:56] - INFO: select * from empinfo where Emp_id=000001
2018-09-07 11:18:02,760 - DataBase.py[line:56] - INFO: select password from empinfo where Emp_id=000001
2018-09-07 11:18:04,342 - DataBase.py[line:56] - INFO: select * from empinfo where Emp_id=000001
2018-09-07 11:18:04,378 - DataBase.py[line:56] - INFO: select password from empinfo where Emp_id=000001
2018-09-07 11:18:11,296 - DataBase.py[line:56] - INFO: select * from empinfo where Emp_id=000001
2018-09-07 11:18:11,331 - DataBase.py[line:56] - INFO: select password from empinfo where Emp_id=000001
2018-09-07 11:18:17,751 - DataBase.py[line:56] - INFO: select * from empinfo where Emp_id=000001
2018-09-07 11:18:17,800 - DataBase.py[line:56] - INFO: select password from empinfo where Emp_id=000001
2018-09-07 11:18:23,080 - DataBase.py[line:56] - INFO: select * from empinfo
2018-09-07 11:18:23,118 - DataBase.py[line:56] - INFO: select * from record_201808 where emp_id= and time like '2018-08-01%'
2018-09-07 11:18:23,154 - DataBase.py[line:62] - ERROR: query database exception, (1064, "You have an error in your SQL syntax; check the manual that corresponds to your MySQL server version for the right syntax to use near 'and time like '2018-08-01%'' at line 1")
2018-09-07 11:18:58,741 - DataBase.py[line:56] - INFO: select * from empinfo where Emp_id=000001
2018-09-07 11:18:58,781 - DataBase.py[line:56] - INFO: select password from empinfo where Emp_id=000001
2018-09-07 11:19:04,069 - DataBase.py[line:56] - INFO: select * from empinfo where Emp_id=000001
2018-09-07 11:19:04,105 - DataBase.py[line:56] - INFO: select password from empinfo where Emp_id=000001
2018-09-07 11:19:20,114 - DataBase.py[line:56] - INFO: select * from empinfo
2018-09-07 11:19:20,160 - DataBase.py[line:56] - INFO: select * from record_201808 where emp_id= and time like '2018-08-01%'
2018-09-07 11:19:20,195 - DataBase.py[line:62] - ERROR: query database exception, (1064, "You have an error in your SQL syntax; check the manual that corresponds to your MySQL server version for the right syntax to use near 'and time like '2018-08-01%'' at line 1")
2018-09-07 11:21:03,908 - DataBase.py[line:56] - INFO: select * from empinfo where Emp_id=000001
2018-09-07 11:21:03,944 - DataBase.py[line:56] - INFO: select password from empinfo where Emp_id=000001
2018-09-07 11:21:07,963 - DataBase.py[line:56] - INFO: select * from empinfo
2018-09-07 11:21:07,999 - DataBase.py[line:56] - INFO: select * from record_201808 where emp_id= and time like '2018-08-01%'
2018-09-07 11:21:08,034 - DataBase.py[line:62] - ERROR: query database exception, (1064, "You have an error in your SQL syntax; check the manual that corresponds to your MySQL server version for the right syntax to use near 'and time like '2018-08-01%'' at line 1")
2018-09-07 11:21:49,511 - DataBase.py[line:56] - INFO: select * from empinfo where Emp_id=000001
2018-09-07 11:21:49,548 - DataBase.py[line:56] - INFO: select password from empinfo where Emp_id=000001
2018-09-07 11:22:11,919 - DataBase.py[line:56] - INFO: select * from empinfo
2018-09-07 11:22:11,955 - DataBase.py[line:56] - INFO: select * from record_201808 where emp_id= and time like '2018-08-01%'
2018-09-07 11:22:11,990 - DataBase.py[line:62] - ERROR: query database exception, (1064, "You have an error in your SQL syntax; check the manual that corresponds to your MySQL server version for the right syntax to use near 'and time like '2018-08-01%'' at line 1")
