2018-09-04 17:00:51,253 - DataBase.py[line:23] - INFO: database class is creating...
2018-09-04 17:00:51,272 - DataBase.py[line:51] - INFO: database is connecting...
2018-09-04 17:00:51,273 - DataBase.py[line:56] - INFO: select * from empinfo
2018-09-04 17:00:51,273 - DataBase.py[line:56] - INFO: select * from record_201808 where emp_id=000001 and time like '2018-08-01%'
2018-09-04 17:00:51,274 - DataBase.py[line:56] - INFO: select * from record_201808 where emp_id=000001 and time<'2018-08-01'
2018-09-04 17:00:51,274 - DataBase.py[line:56] - INFO: select * from record_201808 where emp_id=000001 and time like '2018-08-02%'
2018-09-04 17:00:51,274 - DataBase.py[line:56] - INFO: select * from record_201808 where emp_id=000001 and time<'2018-08-02'
2018-09-04 17:00:51,275 - DataBase.py[line:56] - INFO: select * from record_201808 where emp_id=000001 and time like '2018-08-03%'
2018-09-04 17:00:51,276 - DataBase.py[line:56] - INFO: select * from record_201808 where emp_id=000001 and time<'2018-08-03'
2018-09-04 17:00:51,276 - DataBase.py[line:56] - INFO: select * from record_201808 where emp_id=000001 and time like '2018-08-04%'
2018-09-04 17:00:51,276 - DataBase.py[line:56] - INFO: select * from record_201808 where emp_id=000001 and time<'2018-08-04'
2018-09-04 17:00:51,277 - DataBase.py[line:56] - INFO: select * from record_201808 where emp_id=000001 and time like '2018-08-05%'
2018-09-04 17:00:51,277 - DataBase.py[line:56] - INFO: select * from record_201808 where emp_id=000001 and time<'2018-08-05'
2018-09-04 17:00:51,277 - DataBase.py[line:56] - INFO: select * from record_201808 where emp_id=000001 and time like '2018-08-06%'
2018-09-04 17:00:51,278 - DataBase.py[line:56] - INFO: select * from record_201808 where emp_id=000001 and time<'2018-08-06'
2018-09-04 17:00:51,278 - DataBase.py[line:56] - INFO: select * from record_201808 where emp_id=000001 and time like '2018-08-07%'
2018-09-04 17:00:51,279 - DataBase.py[line:56] - INFO: select * from record_201808 where emp_id=000001 and time<'2018-08-07'
2018-09-04 17:00:51,279 - DataBase.py[line:56] - INFO: select * from record_201808 where emp_id=000001 and time like '2018-08-08%'
2018-09-04 17:00:51,279 - DataBase.py[line:56] - INFO: select * from record_201808 where emp_id=000001 and time<'2018-08-08'
2018-09-04 17:00:51,279 - DataBase.py[line:56] - INFO: select * from record_201808 where emp_id=000001 and time like '2018-08-09%'
2018-09-04 17:00:51,280 - DataBase.py[line:56] - INFO: select * from record_201808 where emp_id=000001 and time<'2018-08-09'
2018-09-04 17:00:51,280 - DataBase.py[line:56] - INFO: select * from record_201808 where emp_id=000001 and time like '2018-08-10%'
2018-09-04 17:00:51,281 - DataBase.py[line:56] - INFO: select * from record_201808 where emp_id=000001 and time<'2018-08-10'
2018-09-04 17:00:51,281 - DataBase.py[line:56] - INFO: select * from record_201808 where emp_id=000001 and time like '2018-08-11%'
2018-09-04 17:00:51,282 - DataBase.py[line:56] - INFO: select * from record_201808 where emp_id=000001 and time<'2018-08-11'
2018-09-04 17:00:51,282 - DataBase.py[line:56] - INFO: select * from record_201808 where emp_id=000001 and time like '2018-08-12%'
2018-09-04 17:00:51,283 - DataBase.py[line:56] - INFO: select * from record_201808 where emp_id=000001 and time<'2018-08-12'
2018-09-04 17:00:51,283 - DataBase.py[line:56] - INFO: select * from record_201808 where emp_id=000001 and time like '2018-08-13%'
2018-09-04 17:00:51,284 - DataBase.py[line:56] - INFO: select * from record_201808 where emp_id=000001 and time<'2018-08-13'
2018-09-04 17:00:51,284 - DataBase.py[line:56] - INFO: select * from record_201808 where emp_id=000001 and time like '2018-08-14%'
2018-09-04 17:00:51,284 - DataBase.py[line:56] - INFO: select * from record_201808 where emp_id=000001 and time<'2018-08-14'
2018-09-04 17:00:51,285 - DataBase.py[line:56] - INFO: select * from record_201808 where emp_id=000001 and time like '2018-08-15%'
2018-09-04 17:00:51,285 - DataBase.py[line:56] - INFO: select * from record_201808 where emp_id=000001 and time<'2018-08-15'
2018-09-04 17:00:51,286 - DataBase.py[line:56] - INFO: select * from record_201808 where emp_id=000001 and time like '2018-08-16%'
2018-09-04 17:00:51,286 - DataBase.py[line:56] - INFO: select * from record_201808 where emp_id=000001 and time<'2018-08-16'
2018-09-04 17:00:51,286 - DataBase.py[line:56] - INFO: select * from record_201808 where emp_id=000001 and time like '2018-08-17%'
2018-09-04 17:00:51,287 - DataBase.py[line:56] - INFO: select * from record_201808 where emp_id=000001 and time<'2018-08-17'
2018-09-04 17:00:51,287 - DataBase.py[line:56] - INFO: select * from record_201808 where emp_id=000001 and time like '2018-08-18%'
2018-09-04 17:00:51,288 - DataBase.py[line:56] - INFO: select * from record_201808 where emp_id=000001 and time<'2018-08-18'
2018-09-04 17:00:51,288 - DataBase.py[line:56] - INFO: select * from record_201808 where emp_id=000001 and time like '2018-08-19%'
2018-09-04 17:00:51,288 - DataBase.py[line:56] - INFO: select * from record_201808 where emp_id=000001 and time<'2018-08-19'
2018-09-04 17:00:51,289 - DataBase.py[line:56] - INFO: select * from record_201808 where emp_id=000001 and time like '2018-08-20%'
2018-09-04 17:00:51,289 - DataBase.py[line:56] - INFO: select * from record_201808 where emp_id=000001 and time<'2018-08-20'
2018-09-04 17:00:51,290 - DataBase.py[line:56] - INFO: select * from record_201808 where emp_id=000001 and time like '2018-08-21%'
2018-09-04 17:00:51,290 - DataBase.py[line:56] - INFO: select * from record_201808 where emp_id=000001 and time<'2018-08-21'
2018-09-04 17:00:51,290 - DataBase.py[line:56] - INFO: select * from record_201808 where emp_id=000001 and time like '2018-08-22%'
2018-09-04 17:00:51,291 - DataBase.py[line:56] - INFO: select * from record_201808 where emp_id=000001 and time<'2018-08-22'
2018-09-04 17:00:51,291 - DataBase.py[line:56] - INFO: select * from record_201808 where emp_id=000001 and time like '2018-08-23%'
2018-09-04 17:00:51,292 - DataBase.py[line:56] - INFO: select * from record_201808 where emp_id=000001 and time<'2018-08-23'
2018-09-04 17:00:51,292 - DataBase.py[line:56] - INFO: select * from record_201808 where emp_id=000001 and time like '2018-08-24%'
2018-09-04 17:00:51,293 - DataBase.py[line:56] - INFO: select * from record_201808 where emp_id=000001 and time<'2018-08-24'
2018-09-04 17:00:51,293 - DataBase.py[line:56] - INFO: select * from record_201808 where emp_id=000001 and time like '2018-08-25%'
2018-09-04 17:00:51,294 - DataBase.py[line:56] - INFO: select * from record_201808 where emp_id=000001 and time<'2018-08-25'
2018-09-04 17:00:51,294 - DataBase.py[line:56] - INFO: select * from record_201808 where emp_id=000001 and time like '2018-08-26%'
2018-09-04 17:00:51,294 - DataBase.py[line:56] - INFO: select * from record_201808 where emp_id=000001 and time<'2018-08-26'
2018-09-04 17:00:51,295 - DataBase.py[line:56] - INFO: select * from record_201808 where emp_id=000001 and time like '2018-08-27%'
2018-09-04 17:00:51,295 - DataBase.py[line:56] - INFO: select * from record_201808 where emp_id=000001 and time<'2018-08-27'
2018-09-04 17:00:51,296 - DataBase.py[line:56] - INFO: select * from record_201808 where emp_id=000001 and time like '2018-08-28%'
2018-09-04 17:00:51,296 - DataBase.py[line:56] - INFO: select * from record_201808 where emp_id=000001 and time like '2018-08-29%'
2018-09-04 17:00:51,296 - DataBase.py[line:56] - INFO: select * from record_201808 where emp_id=000001 and time<'2018-08-29'
2018-09-04 17:00:51,297 - DataBase.py[line:56] - INFO: select * from record_201808 where emp_id=000001 and time like '2018-08-30%'
2018-09-04 17:00:51,297 - DataBase.py[line:56] - INFO: select * from record_201808 where emp_id=000001 and time like '2018-08-31%'
2018-09-04 17:00:51,298 - DataBase.py[line:56] - INFO: select * from record_201808 where emp_id=000001 and time<'2018-08-31'
2018-09-04 17:00:51,298 - DataBase.py[line:56] - INFO: select * from record_201808 where emp_id=000002 and time like '2018-08-01%'
2018-09-04 17:00:51,298 - DataBase.py[line:56] - INFO: select * from record_201808 where emp_id=000002 and time<'2018-08-01'
2018-09-04 17:00:51,299 - DataBase.py[line:56] - INFO: select * from record_201808 where emp_id=000002 and time like '2018-08-02%'
2018-09-04 17:00:51,299 - DataBase.py[line:56] - INFO: select * from record_201808 where emp_id=000002 and time<'2018-08-02'
2018-09-04 17:00:51,300 - DataBase.py[line:56] - INFO: select * from record_201808 where emp_id=000002 and time like '2018-08-03%'
2018-09-04 17:00:51,300 - DataBase.py[line:56] - INFO: select * from record_201808 where emp_id=000002 and time<'2018-08-03'
2018-09-04 17:00:51,301 - DataBase.py[line:56] - INFO: select * from record_201808 where emp_id=000002 and time like '2018-08-04%'
2018-09-04 17:00:51,301 - DataBase.py[line:56] - INFO: select * from record_201808 where emp_id=000002 and time<'2018-08-04'
2018-09-04 17:00:51,302 - DataBase.py[line:56] - INFO: select * from record_201808 where emp_id=000002 and time like '2018-08-05%'
2018-09-04 17:00:51,302 - DataBase.py[line:56] - INFO: select * from record_201808 where emp_id=000002 and time<'2018-08-05'
2018-09-04 17:00:51,302 - DataBase.py[line:56] - INFO: select * from record_201808 where emp_id=000002 and time like '2018-08-06%'
2018-09-04 17:00:51,303 - DataBase.py[line:56] - INFO: select * from record_201808 where emp_id=000002 and time<'2018-08-06'
2018-09-04 17:00:51,303 - DataBase.py[line:56] - INFO: select * from record_201808 where emp_id=000002 and time like '2018-08-07%'
2018-09-04 17:00:51,304 - DataBase.py[line:56] - INFO: select * from record_201808 where emp_id=000002 and time<'2018-08-07'
2018-09-04 17:00:51,304 - DataBase.py[line:56] - INFO: select * from record_201808 where emp_id=000002 and time like '2018-08-08%'
2018-09-04 17:00:51,304 - DataBase.py[line:56] - INFO: select * from record_201808 where emp_id=000002 and time<'2018-08-08'
2018-09-04 17:00:51,305 - DataBase.py[line:56] - INFO: select * from record_201808 where emp_id=000002 and time like '2018-08-09%'
2018-09-04 17:00:51,305 - DataBase.py[line:56] - INFO: select * from record_201808 where emp_id=000002 and time<'2018-08-09'
2018-09-04 17:00:51,306 - DataBase.py[line:56] - INFO: select * from record_201808 where emp_id=000002 and time like '2018-08-10%'
2018-09-04 17:00:51,307 - DataBase.py[line:56] - INFO: select * from record_201808 where emp_id=000002 and time<'2018-08-10'
2018-09-04 17:00:51,307 - DataBase.py[line:56] - INFO: select * from record_201808 where emp_id=000002 and time like '2018-08-11%'
2018-09-04 17:00:51,308 - DataBase.py[line:56] - INFO: select * from record_201808 where emp_id=000002 and time<'2018-08-11'
2018-09-04 17:00:51,308 - DataBase.py[line:56] - INFO: select * from record_201808 where emp_id=000002 and time like '2018-08-12%'
2018-09-04 17:00:51,309 - DataBase.py[line:56] - INFO: select * from record_201808 where emp_id=000002 and time<'2018-08-12'
2018-09-04 17:00:51,309 - DataBase.py[line:56] - INFO: select * from record_201808 where emp_id=000002 and time like '2018-08-13%'
2018-09-04 17:00:51,309 - DataBase.py[line:56] - INFO: select * from record_201808 where emp_id=000002 and time<'2018-08-13'
2018-09-04 17:00:51,310 - DataBase.py[line:56] - INFO: select * from record_201808 where emp_id=000002 and time like '2018-08-14%'
2018-09-04 17:00:51,310 - DataBase.py[line:56] - INFO: select * from record_201808 where emp_id=000002 and time<'2018-08-14'
2018-09-04 17:00:51,310 - DataBase.py[line:56] - INFO: select * from record_201808 where emp_id=000002 and time like '2018-08-15%'
2018-09-04 17:00:51,311 - DataBase.py[line:56] - INFO: select * from record_201808 where emp_id=000002 and time<'2018-08-15'
2018-09-04 17:00:51,311 - DataBase.py[line:56] - INFO: select * from record_201808 where emp_id=000002 and time like '2018-08-16%'
2018-09-04 17:00:51,311 - DataBase.py[line:56] - INFO: select * from record_201808 where emp_id=000002 and time<'2018-08-16'
2018-09-04 17:00:51,312 - DataBase.py[line:56] - INFO: select * from record_201808 where emp_id=000002 and time like '2018-08-17%'
2018-09-04 17:00:51,312 - DataBase.py[line:56] - INFO: select * from record_201808 where emp_id=000002 and time<'2018-08-17'
2018-09-04 17:00:51,312 - DataBase.py[line:56] - INFO: select * from record_201808 where emp_id=000002 and time like '2018-08-18%'
2018-09-04 17:00:51,313 - DataBase.py[line:56] - INFO: select * from record_201808 where emp_id=000002 and time<'2018-08-18'
2018-09-04 17:00:51,313 - DataBase.py[line:56] - INFO: select * from record_201808 where emp_id=000002 and time like '2018-08-19%'
2018-09-04 17:00:51,313 - DataBase.py[line:56] - INFO: select * from record_201808 where emp_id=000002 and time<'2018-08-19'
2018-09-04 17:00:51,314 - DataBase.py[line:56] - INFO: select * from record_201808 where emp_id=000002 and time like '2018-08-20%'
2018-09-04 17:00:51,314 - DataBase.py[line:56] - INFO: select * from record_201808 where emp_id=000002 and time<'2018-08-20'
2018-09-04 17:00:51,314 - DataBase.py[line:56] - INFO: select * from record_201808 where emp_id=000002 and time like '2018-08-21%'
2018-09-04 17:00:51,315 - DataBase.py[line:56] - INFO: select * from record_201808 where emp_id=000002 and time<'2018-08-21'
2018-09-04 17:00:51,315 - DataBase.py[line:56] - INFO: select * from record_201808 where emp_id=000002 and time like '2018-08-22%'
2018-09-04 17:00:51,315 - DataBase.py[line:56] - INFO: select * from record_201808 where emp_id=000002 and time<'2018-08-22'
2018-09-04 17:00:51,316 - DataBase.py[line:56] - INFO: select * from record_201808 where emp_id=000002 and time like '2018-08-23%'
2018-09-04 17:00:51,316 - DataBase.py[line:56] - INFO: select * from record_201808 where emp_id=000002 and time<'2018-08-23'
2018-09-04 17:00:51,316 - DataBase.py[line:56] - INFO: select * from record_201808 where emp_id=000002 and time like '2018-08-24%'
2018-09-04 17:00:51,317 - DataBase.py[line:56] - INFO: select * from record_201808 where emp_id=000002 and time<'2018-08-24'
2018-09-04 17:00:51,317 - DataBase.py[line:56] - INFO: select * from record_201808 where emp_id=000002 and time like '2018-08-25%'
2018-09-04 17:00:51,317 - DataBase.py[line:56] - INFO: select * from record_201808 where emp_id=000002 and time<'2018-08-25'
2018-09-04 17:00:51,318 - DataBase.py[line:56] - INFO: select * from record_201808 where emp_id=000002 and time like '2018-08-26%'
2018-09-04 17:00:51,319 - DataBase.py[line:56] - INFO: select * from record_201808 where emp_id=000002 and time<'2018-08-26'
2018-09-04 17:00:51,319 - DataBase.py[line:56] - INFO: select * from record_201808 where emp_id=000002 and time like '2018-08-27%'
2018-09-04 17:00:51,319 - DataBase.py[line:56] - INFO: select * from record_201808 where emp_id=000002 and time<'2018-08-27'
2018-09-04 17:00:51,320 - DataBase.py[line:56] - INFO: select * from record_201808 where emp_id=000002 and time like '2018-08-28%'
2018-09-04 17:00:51,320 - DataBase.py[line:56] - INFO: select * from record_201808 where emp_id=000002 and time<'2018-08-28'
2018-09-04 17:00:51,321 - DataBase.py[line:56] - INFO: select * from record_201808 where emp_id=000002 and time like '2018-08-29%'
2018-09-04 17:00:51,321 - DataBase.py[line:56] - INFO: select * from record_201808 where emp_id=000002 and time<'2018-08-29'
2018-09-04 17:00:51,322 - DataBase.py[line:56] - INFO: select * from record_201808 where emp_id=000002 and time like '2018-08-30%'
2018-09-04 17:00:51,322 - DataBase.py[line:56] - INFO: select * from record_201808 where emp_id=000002 and time<'2018-08-30'
2018-09-04 17:00:51,323 - DataBase.py[line:56] - INFO: select * from record_201808 where emp_id=000002 and time like '2018-08-31%'
2018-09-04 17:00:51,323 - DataBase.py[line:56] - INFO: select * from record_201808 where emp_id=000002 and time<'2018-08-31'
2018-09-04 17:00:51,323 - DataBase.py[line:56] - INFO: select * from record_201808 where emp_id=000003 and time like '2018-08-01%'
2018-09-04 17:00:51,324 - DataBase.py[line:56] - INFO: select * from record_201808 where emp_id=000003 and time<'2018-08-01'
2018-09-04 17:00:51,324 - DataBase.py[line:56] - INFO: select * from record_201808 where emp_id=000003 and time like '2018-08-02%'
2018-09-04 17:00:51,324 - DataBase.py[line:56] - INFO: select * from record_201808 where emp_id=000003 and time<'2018-08-02'
2018-09-04 17:00:51,325 - DataBase.py[line:56] - INFO: select * from record_201808 where emp_id=000003 and time like '2018-08-03%'
2018-09-04 17:00:51,325 - DataBase.py[line:56] - INFO: select * from record_201808 where emp_id=000003 and time<'2018-08-03'
2018-09-04 17:00:51,325 - DataBase.py[line:56] - INFO: select * from record_201808 where emp_id=000003 and time like '2018-08-04%'
2018-09-04 17:00:51,326 - DataBase.py[line:56] - INFO: select * from record_201808 where emp_id=000003 and time<'2018-08-04'
2018-09-04 17:00:51,326 - DataBase.py[line:56] - INFO: select * from record_201808 where emp_id=000003 and time like '2018-08-05%'
2018-09-04 17:00:51,326 - DataBase.py[line:56] - INFO: select * from record_201808 where emp_id=000003 and time<'2018-08-05'
2018-09-04 17:00:51,327 - DataBase.py[line:56] - INFO: select * from record_201808 where emp_id=000003 and time like '2018-08-06%'
2018-09-04 17:00:51,327 - DataBase.py[line:56] - INFO: select * from record_201808 where emp_id=000003 and time<'2018-08-06'
2018-09-04 17:00:51,327 - DataBase.py[line:56] - INFO: select * from record_201808 where emp_id=000003 and time like '2018-08-07%'
2018-09-04 17:00:51,328 - DataBase.py[line:56] - INFO: select * from record_201808 where emp_id=000003 and time<'2018-08-07'
2018-09-04 17:00:51,329 - DataBase.py[line:56] - INFO: select * from record_201808 where emp_id=000003 and time like '2018-08-08%'
2018-09-04 17:00:51,329 - DataBase.py[line:56] - INFO: select * from record_201808 where emp_id=000003 and time<'2018-08-08'
2018-09-04 17:00:51,329 - DataBase.py[line:56] - INFO: select * from record_201808 where emp_id=000003 and time like '2018-08-09%'
2018-09-04 17:00:51,330 - DataBase.py[line:56] - INFO: select * from record_201808 where emp_id=000003 and time<'2018-08-09'
2018-09-04 17:00:51,330 - DataBase.py[line:56] - INFO: select * from record_201808 where emp_id=000003 and time like '2018-08-10%'
2018-09-04 17:00:51,331 - DataBase.py[line:56] - INFO: select * from record_201808 where emp_id=000003 and time<'2018-08-10'
2018-09-04 17:00:51,331 - DataBase.py[line:56] - INFO: select * from record_201808 where emp_id=000003 and time like '2018-08-11%'
2018-09-04 17:00:51,332 - DataBase.py[line:56] - INFO: select * from record_201808 where emp_id=000003 and time<'2018-08-11'
2018-09-04 17:00:51,332 - DataBase.py[line:56] - INFO: select * from record_201808 where emp_id=000003 and time like '2018-08-12%'
2018-09-04 17:00:51,332 - DataBase.py[line:56] - INFO: select * from record_201808 where emp_id=000003 and time<'2018-08-12'
2018-09-04 17:00:51,333 - DataBase.py[line:56] - INFO: select * from record_201808 where emp_id=000003 and time like '2018-08-13%'
2018-09-04 17:00:51,333 - DataBase.py[line:56] - INFO: select * from record_201808 where emp_id=000003 and time<'2018-08-13'
2018-09-04 17:00:51,333 - DataBase.py[line:56] - INFO: select * from record_201808 where emp_id=000003 and time like '2018-08-14%'
2018-09-04 17:00:51,334 - DataBase.py[line:56] - INFO: select * from record_201808 where emp_id=000003 and time<'2018-08-14'
2018-09-04 17:00:51,334 - DataBase.py[line:56] - INFO: select * from record_201808 where emp_id=000003 and time like '2018-08-15%'
2018-09-04 17:00:51,334 - DataBase.py[line:56] - INFO: select * from record_201808 where emp_id=000003 and time<'2018-08-15'
2018-09-04 17:00:51,335 - DataBase.py[line:56] - INFO: select * from record_201808 where emp_id=000003 and time like '2018-08-16%'
2018-09-04 17:00:51,335 - DataBase.py[line:56] - INFO: select * from record_201808 where emp_id=000003 and time<'2018-08-16'
2018-09-04 17:00:51,336 - DataBase.py[line:56] - INFO: select * from record_201808 where emp_id=000003 and time like '2018-08-17%'
2018-09-04 17:00:51,336 - DataBase.py[line:56] - INFO: select * from record_201808 where emp_id=000003 and time<'2018-08-17'
2018-09-04 17:00:51,337 - DataBase.py[line:56] - INFO: select * from record_201808 where emp_id=000003 and time like '2018-08-18%'
2018-09-04 17:00:51,337 - DataBase.py[line:56] - INFO: select * from record_201808 where emp_id=000003 and time<'2018-08-18'
2018-09-04 17:00:51,338 - DataBase.py[line:56] - INFO: select * from record_201808 where emp_id=000003 and time like '2018-08-19%'
2018-09-04 17:00:51,338 - DataBase.py[line:56] - INFO: select * from record_201808 where emp_id=000003 and time<'2018-08-19'
2018-09-04 17:00:51,339 - DataBase.py[line:56] - INFO: select * from record_201808 where emp_id=000003 and time like '2018-08-20%'
2018-09-04 17:00:51,339 - DataBase.py[line:56] - INFO: select * from record_201808 where emp_id=000003 and time<'2018-08-20'
2018-09-04 17:00:51,339 - DataBase.py[line:56] - INFO: select * from record_201808 where emp_id=000003 and time like '2018-08-21%'
2018-09-04 17:00:51,340 - DataBase.py[line:56] - INFO: select * from record_201808 where emp_id=000003 and time<'2018-08-21'
2018-09-04 17:00:51,340 - DataBase.py[line:56] - INFO: select * from record_201808 where emp_id=000003 and time like '2018-08-22%'
2018-09-04 17:00:51,341 - DataBase.py[line:56] - INFO: select * from record_201808 where emp_id=000003 and time<'2018-08-22'
2018-09-04 17:00:51,342 - DataBase.py[line:56] - INFO: select * from record_201808 where emp_id=000003 and time like '2018-08-23%'
2018-09-04 17:00:51,342 - DataBase.py[line:56] - INFO: select * from record_201808 where emp_id=000003 and time<'2018-08-23'
2018-09-04 17:00:51,343 - DataBase.py[line:56] - INFO: select * from record_201808 where emp_id=000003 and time like '2018-08-24%'
2018-09-04 17:00:51,343 - DataBase.py[line:56] - INFO: select * from record_201808 where emp_id=000003 and time<'2018-08-24'
2018-09-04 17:00:51,344 - DataBase.py[line:56] - INFO: select * from record_201808 where emp_id=000003 and time like '2018-08-25%'
2018-09-04 17:00:51,344 - DataBase.py[line:56] - INFO: select * from record_201808 where emp_id=000003 and time<'2018-08-25'
2018-09-04 17:00:51,345 - DataBase.py[line:56] - INFO: select * from record_201808 where emp_id=000003 and time like '2018-08-26%'
2018-09-04 17:00:51,345 - DataBase.py[line:56] - INFO: select * from record_201808 where emp_id=000003 and time<'2018-08-26'
2018-09-04 17:00:51,346 - DataBase.py[line:56] - INFO: select * from record_201808 where emp_id=000003 and time like '2018-08-27%'
2018-09-04 17:00:51,346 - DataBase.py[line:56] - INFO: select * from record_201808 where emp_id=000003 and time<'2018-08-27'
2018-09-04 17:00:51,347 - DataBase.py[line:56] - INFO: select * from record_201808 where emp_id=000003 and time like '2018-08-28%'
2018-09-04 17:00:51,347 - DataBase.py[line:56] - INFO: select * from record_201808 where emp_id=000003 and time<'2018-08-28'
2018-09-04 17:00:51,348 - DataBase.py[line:56] - INFO: select * from record_201808 where emp_id=000003 and time like '2018-08-29%'
2018-09-04 17:00:51,348 - DataBase.py[line:56] - INFO: select * from record_201808 where emp_id=000003 and time<'2018-08-29'
2018-09-04 17:00:51,349 - DataBase.py[line:56] - INFO: select * from record_201808 where emp_id=000003 and time like '2018-08-30%'
2018-09-04 17:00:51,349 - DataBase.py[line:56] - INFO: select * from record_201808 where emp_id=000003 and time<'2018-08-30'
2018-09-04 17:00:51,350 - DataBase.py[line:56] - INFO: select * from record_201808 where emp_id=000003 and time like '2018-08-31%'
2018-09-04 17:00:51,350 - DataBase.py[line:56] - INFO: select * from record_201808 where emp_id=000003 and time<'2018-08-31'
2018-09-04 17:00:51,351 - DataBase.py[line:56] - INFO: select * from record_201808 where emp_id=000004 and time like '2018-08-01%'
2018-09-04 17:00:51,351 - DataBase.py[line:56] - INFO: select * from record_201808 where emp_id=000004 and time<'2018-08-01'
2018-09-04 17:00:51,352 - DataBase.py[line:56] - INFO: select * from record_201808 where emp_id=000004 and time like '2018-08-02%'
2018-09-04 17:00:51,352 - DataBase.py[line:56] - INFO: select * from record_201808 where emp_id=000004 and time<'2018-08-02'
2018-09-04 17:00:51,353 - DataBase.py[line:56] - INFO: select * from record_201808 where emp_id=000004 and time like '2018-08-03%'
2018-09-04 17:00:51,354 - DataBase.py[line:56] - INFO: select * from record_201808 where emp_id=000004 and time<'2018-08-03'
2018-09-04 17:00:51,354 - DataBase.py[line:56] - INFO: select * from record_201808 where emp_id=000004 and time like '2018-08-04%'
2018-09-04 17:00:51,355 - DataBase.py[line:56] - INFO: select * from record_201808 where emp_id=000004 and time<'2018-08-04'
2018-09-04 17:00:51,355 - DataBase.py[line:56] - INFO: select * from record_201808 where emp_id=000004 and time like '2018-08-05%'
2018-09-04 17:00:51,356 - DataBase.py[line:56] - INFO: select * from record_201808 where emp_id=000004 and time<'2018-08-05'
2018-09-04 17:00:51,356 - DataBase.py[line:56] - INFO: select * from record_201808 where emp_id=000004 and time like '2018-08-06%'
2018-09-04 17:00:51,357 - DataBase.py[line:56] - INFO: select * from record_201808 where emp_id=000004 and time<'2018-08-06'
2018-09-04 17:00:51,357 - DataBase.py[line:56] - INFO: select * from record_201808 where emp_id=000004 and time like '2018-08-07%'
2018-09-04 17:00:51,357 - DataBase.py[line:56] - INFO: select * from record_201808 where emp_id=000004 and time<'2018-08-07'
2018-09-04 17:00:51,358 - DataBase.py[line:56] - INFO: select * from record_201808 where emp_id=000004 and time like '2018-08-08%'
2018-09-04 17:00:51,358 - DataBase.py[line:56] - INFO: select * from record_201808 where emp_id=000004 and time<'2018-08-08'
2018-09-04 17:00:51,358 - DataBase.py[line:56] - INFO: select * from record_201808 where emp_id=000004 and time like '2018-08-09%'
2018-09-04 17:00:51,359 - DataBase.py[line:56] - INFO: select * from record_201808 where emp_id=000004 and time<'2018-08-09'
2018-09-04 17:00:51,359 - DataBase.py[line:56] - INFO: select * from record_201808 where emp_id=000004 and time like '2018-08-10%'
2018-09-04 17:00:51,359 - DataBase.py[line:56] - INFO: select * from record_201808 where emp_id=000004 and time<'2018-08-10'
2018-09-04 17:00:51,360 - DataBase.py[line:56] - INFO: select * from record_201808 where emp_id=000004 and time like '2018-08-11%'
2018-09-04 17:00:51,360 - DataBase.py[line:56] - INFO: select * from record_201808 where emp_id=000004 and time<'2018-08-11'
2018-09-04 17:00:51,361 - DataBase.py[line:56] - INFO: select * from record_201808 where emp_id=000004 and time like '2018-08-12%'
2018-09-04 17:00:51,361 - DataBase.py[line:56] - INFO: select * from record_201808 where emp_id=000004 and time<'2018-08-12'
2018-09-04 17:00:51,362 - DataBase.py[line:56] - INFO: select * from record_201808 where emp_id=000004 and time like '2018-08-13%'
2018-09-04 17:00:51,362 - DataBase.py[line:56] - INFO: select * from record_201808 where emp_id=000004 and time<'2018-08-13'
2018-09-04 17:00:51,363 - DataBase.py[line:56] - INFO: select * from record_201808 where emp_id=000004 and time like '2018-08-14%'
2018-09-04 17:00:51,363 - DataBase.py[line:56] - INFO: select * from record_201808 where emp_id=000004 and time<'2018-08-14'
2018-09-04 17:00:51,364 - DataBase.py[line:56] - INFO: select * from record_201808 where emp_id=000004 and time like '2018-08-15%'
2018-09-04 17:00:51,364 - DataBase.py[line:56] - INFO: select * from record_201808 where emp_id=000004 and time<'2018-08-15'
2018-09-04 17:00:51,364 - DataBase.py[line:56] - INFO: select * from record_201808 where emp_id=000004 and time like '2018-08-16%'
2018-09-04 17:00:51,365 - DataBase.py[line:56] - INFO: select * from record_201808 where emp_id=000004 and time<'2018-08-16'
2018-09-04 17:00:51,365 - DataBase.py[line:56] - INFO: select * from record_201808 where emp_id=000004 and time like '2018-08-17%'
2018-09-04 17:00:51,365 - DataBase.py[line:56] - INFO: select * from record_201808 where emp_id=000004 and time<'2018-08-17'
2018-09-04 17:00:51,366 - DataBase.py[line:56] - INFO: select * from record_201808 where emp_id=000004 and time like '2018-08-18%'
2018-09-04 17:00:51,366 - DataBase.py[line:56] - INFO: select * from record_201808 where emp_id=000004 and time<'2018-08-18'
2018-09-04 17:00:51,366 - DataBase.py[line:56] - INFO: select * from record_201808 where emp_id=000004 and time like '2018-08-19%'
2018-09-04 17:00:51,367 - DataBase.py[line:56] - INFO: select * from record_201808 where emp_id=000004 and time<'2018-08-19'
2018-09-04 17:00:51,367 - DataBase.py[line:56] - INFO: select * from record_201808 where emp_id=000004 and time like '2018-08-20%'
2018-09-04 17:00:51,367 - DataBase.py[line:56] - INFO: select * from record_201808 where emp_id=000004 and time<'2018-08-20'
2018-09-04 17:00:51,368 - DataBase.py[line:56] - INFO: select * from record_201808 where emp_id=000004 and time like '2018-08-21%'
2018-09-04 17:00:51,369 - DataBase.py[line:56] - INFO: select * from record_201808 where emp_id=000004 and time<'2018-08-21'
2018-09-04 17:00:51,369 - DataBase.py[line:56] - INFO: select * from record_201808 where emp_id=000004 and time like '2018-08-22%'
2018-09-04 17:00:51,370 - DataBase.py[line:56] - INFO: select * from record_201808 where emp_id=000004 and time<'2018-08-22'
2018-09-04 17:00:51,370 - DataBase.py[line:56] - INFO: select * from record_201808 where emp_id=000004 and time like '2018-08-23%'
2018-09-04 17:00:51,371 - DataBase.py[line:56] - INFO: select * from record_201808 where emp_id=000004 and time<'2018-08-23'
2018-09-04 17:00:51,371 - DataBase.py[line:56] - INFO: select * from record_201808 where emp_id=000004 and time like '2018-08-24%'
2018-09-04 17:00:51,372 - DataBase.py[line:56] - INFO: select * from record_201808 where emp_id=000004 and time<'2018-08-24'
2018-09-04 17:00:51,373 - DataBase.py[line:56] - INFO: select * from record_201808 where emp_id=000004 and time like '2018-08-25%'
2018-09-04 17:00:51,373 - DataBase.py[line:56] - INFO: select * from record_201808 where emp_id=000004 and time<'2018-08-25'
2018-09-04 17:00:51,374 - DataBase.py[line:56] - INFO: select * from record_201808 where emp_id=000004 and time like '2018-08-26%'
2018-09-04 17:00:51,374 - DataBase.py[line:56] - INFO: select * from record_201808 where emp_id=000004 and time<'2018-08-26'
2018-09-04 17:00:51,374 - DataBase.py[line:56] - INFO: select * from record_201808 where emp_id=000004 and time like '2018-08-27%'
2018-09-04 17:00:51,375 - DataBase.py[line:56] - INFO: select * from record_201808 where emp_id=000004 and time<'2018-08-27'
2018-09-04 17:00:51,375 - DataBase.py[line:56] - INFO: select * from record_201808 where emp_id=000004 and time like '2018-08-28%'
2018-09-04 17:00:51,376 - DataBase.py[line:56] - INFO: select * from record_201808 where emp_id=000004 and time<'2018-08-28'
2018-09-04 17:00:51,376 - DataBase.py[line:56] - INFO: select * from record_201808 where emp_id=000004 and time like '2018-08-29%'
2018-09-04 17:00:51,376 - DataBase.py[line:56] - INFO: select * from record_201808 where emp_id=000004 and time<'2018-08-29'
2018-09-04 17:00:51,377 - DataBase.py[line:56] - INFO: select * from record_201808 where emp_id=000004 and time like '2018-08-30%'
2018-09-04 17:00:51,377 - DataBase.py[line:56] - INFO: select * from record_201808 where emp_id=000004 and time<'2018-08-30'
2018-09-04 17:00:51,377 - DataBase.py[line:56] - INFO: select * from record_201808 where emp_id=000004 and time like '2018-08-31%'
2018-09-04 17:00:51,378 - DataBase.py[line:56] - INFO: select * from record_201808 where emp_id=000004 and time<'2018-08-31'
2018-09-04 17:00:51,378 - DataBase.py[line:56] - INFO: select * from record_201808 where emp_id=000005 and time like '2018-08-01%'
2018-09-04 17:00:51,378 - DataBase.py[line:56] - INFO: select * from record_201808 where emp_id=000005 and time<'2018-08-01'
2018-09-04 17:00:51,379 - DataBase.py[line:56] - INFO: select * from record_201808 where emp_id=000005 and time like '2018-08-02%'
2018-09-04 17:00:51,379 - DataBase.py[line:56] - INFO: select * from record_201808 where emp_id=000005 and time<'2018-08-02'
2018-09-04 17:00:51,380 - DataBase.py[line:56] - INFO: select * from record_201808 where emp_id=000005 and time like '2018-08-03%'
2018-09-04 17:00:51,380 - DataBase.py[line:56] - INFO: select * from record_201808 where emp_id=000005 and time<'2018-08-03'
2018-09-04 17:00:51,381 - DataBase.py[line:56] - INFO: select * from record_201808 where emp_id=000005 and time like '2018-08-04%'
2018-09-04 17:00:51,381 - DataBase.py[line:56] - INFO: select * from record_201808 where emp_id=000005 and time<'2018-08-04'
2018-09-04 17:00:51,382 - DataBase.py[line:56] - INFO: select * from record_201808 where emp_id=000005 and time like '2018-08-05%'
2018-09-04 17:00:51,382 - DataBase.py[line:56] - INFO: select * from record_201808 where emp_id=000005 and time<'2018-08-05'
2018-09-04 17:00:51,382 - DataBase.py[line:56] - INFO: select * from record_201808 where emp_id=000005 and time like '2018-08-06%'
2018-09-04 17:00:51,383 - DataBase.py[line:56] - INFO: select * from record_201808 where emp_id=000005 and time<'2018-08-06'
2018-09-04 17:00:51,383 - DataBase.py[line:56] - INFO: select * from record_201808 where emp_id=000005 and time like '2018-08-07%'
2018-09-04 17:00:51,383 - DataBase.py[line:56] - INFO: select * from record_201808 where emp_id=000005 and time<'2018-08-07'
2018-09-04 17:00:51,384 - DataBase.py[line:56] - INFO: select * from record_201808 where emp_id=000005 and time like '2018-08-08%'
2018-09-04 17:00:51,384 - DataBase.py[line:56] - INFO: select * from record_201808 where emp_id=000005 and time<'2018-08-08'
2018-09-04 17:00:51,385 - DataBase.py[line:56] - INFO: select * from record_201808 where emp_id=000005 and time like '2018-08-09%'
2018-09-04 17:00:51,385 - DataBase.py[line:56] - INFO: select * from record_201808 where emp_id=000005 and time<'2018-08-09'
2018-09-04 17:00:51,385 - DataBase.py[line:56] - INFO: select * from record_201808 where emp_id=000005 and time like '2018-08-10%'
2018-09-04 17:00:51,386 - DataBase.py[line:56] - INFO: select * from record_201808 where emp_id=000005 and time<'2018-08-10'
2018-09-04 17:00:51,386 - DataBase.py[line:56] - INFO: select * from record_201808 where emp_id=000005 and time like '2018-08-11%'
2018-09-04 17:00:51,387 - DataBase.py[line:56] - INFO: select * from record_201808 where emp_id=000005 and time<'2018-08-11'
2018-09-04 17:00:51,387 - DataBase.py[line:56] - INFO: select * from record_201808 where emp_id=000005 and time like '2018-08-12%'
2018-09-04 17:00:51,387 - DataBase.py[line:56] - INFO: select * from record_201808 where emp_id=000005 and time<'2018-08-12'
2018-09-04 17:00:51,388 - DataBase.py[line:56] - INFO: select * from record_201808 where emp_id=000005 and time like '2018-08-13%'
2018-09-04 17:00:51,388 - DataBase.py[line:56] - INFO: select * from record_201808 where emp_id=000005 and time<'2018-08-13'
2018-09-04 17:00:51,388 - DataBase.py[line:56] - INFO: select * from record_201808 where emp_id=000005 and time like '2018-08-14%'
2018-09-04 17:00:51,389 - DataBase.py[line:56] - INFO: select * from record_201808 where emp_id=000005 and time<'2018-08-14'
2018-09-04 17:00:51,390 - DataBase.py[line:56] - INFO: select * from record_201808 where emp_id=000005 and time like '2018-08-15%'
2018-09-04 17:00:51,390 - DataBase.py[line:56] - INFO: select * from record_201808 where emp_id=000005 and time<'2018-08-15'
2018-09-04 17:00:51,390 - DataBase.py[line:56] - INFO: select * from record_201808 where emp_id=000005 and time like '2018-08-16%'
2018-09-04 17:00:51,391 - DataBase.py[line:56] - INFO: select * from record_201808 where emp_id=000005 and time<'2018-08-16'
2018-09-04 17:00:51,392 - DataBase.py[line:56] - INFO: select * from record_201808 where emp_id=000005 and time like '2018-08-17%'
2018-09-04 17:00:51,392 - DataBase.py[line:56] - INFO: select * from record_201808 where emp_id=000005 and time<'2018-08-17'
2018-09-04 17:00:51,392 - DataBase.py[line:56] - INFO: select * from record_201808 where emp_id=000005 and time like '2018-08-18%'
2018-09-04 17:00:51,393 - DataBase.py[line:56] - INFO: select * from record_201808 where emp_id=000005 and time<'2018-08-18'
2018-09-04 17:00:51,393 - DataBase.py[line:56] - INFO: select * from record_201808 where emp_id=000005 and time like '2018-08-19%'
2018-09-04 17:00:51,394 - DataBase.py[line:56] - INFO: select * from record_201808 where emp_id=000005 and time<'2018-08-19'
2018-09-04 17:00:51,394 - DataBase.py[line:56] - INFO: select * from record_201808 where emp_id=000005 and time like '2018-08-20%'
2018-09-04 17:00:51,394 - DataBase.py[line:56] - INFO: select * from record_201808 where emp_id=000005 and time<'2018-08-20'
2018-09-04 17:00:51,395 - DataBase.py[line:56] - INFO: select * from record_201808 where emp_id=000005 and time like '2018-08-21%'
2018-09-04 17:00:51,395 - DataBase.py[line:56] - INFO: select * from record_201808 where emp_id=000005 and time<'2018-08-21'
2018-09-04 17:00:51,395 - DataBase.py[line:56] - INFO: select * from record_201808 where emp_id=000005 and time like '2018-08-22%'
2018-09-04 17:00:51,396 - DataBase.py[line:56] - INFO: select * from record_201808 where emp_id=000005 and time<'2018-08-22'
2018-09-04 17:00:51,396 - DataBase.py[line:56] - INFO: select * from record_201808 where emp_id=000005 and time like '2018-08-23%'
2018-09-04 17:00:51,397 - DataBase.py[line:56] - INFO: select * from record_201808 where emp_id=000005 and time<'2018-08-23'
2018-09-04 17:00:51,397 - DataBase.py[line:56] - INFO: select * from record_201808 where emp_id=000005 and time like '2018-08-24%'
2018-09-04 17:00:51,397 - DataBase.py[line:56] - INFO: select * from record_201808 where emp_id=000005 and time<'2018-08-24'
2018-09-04 17:00:51,398 - DataBase.py[line:56] - INFO: select * from record_201808 where emp_id=000005 and time like '2018-08-25%'
2018-09-04 17:00:51,398 - DataBase.py[line:56] - INFO: select * from record_201808 where emp_id=000005 and time<'2018-08-25'
2018-09-04 17:00:51,399 - DataBase.py[line:56] - INFO: select * from record_201808 where emp_id=000005 and time like '2018-08-26%'
2018-09-04 17:00:51,399 - DataBase.py[line:56] - INFO: select * from record_201808 where emp_id=000005 and time<'2018-08-26'
2018-09-04 17:00:51,399 - DataBase.py[line:56] - INFO: select * from record_201808 where emp_id=000005 and time like '2018-08-27%'
2018-09-04 17:00:51,399 - DataBase.py[line:56] - INFO: select * from record_201808 where emp_id=000005 and time<'2018-08-27'
2018-09-04 17:00:51,400 - DataBase.py[line:56] - INFO: select * from record_201808 where emp_id=000005 and time like '2018-08-28%'
2018-09-04 17:00:51,400 - DataBase.py[line:56] - INFO: select * from record_201808 where emp_id=000005 and time<'2018-08-28'
2018-09-04 17:00:51,401 - DataBase.py[line:56] - INFO: select * from record_201808 where emp_id=000005 and time like '2018-08-29%'
2018-09-04 17:00:51,401 - DataBase.py[line:56] - INFO: select * from record_201808 where emp_id=000005 and time<'2018-08-29'
2018-09-04 17:00:51,402 - DataBase.py[line:56] - INFO: select * from record_201808 where emp_id=000005 and time like '2018-08-30%'
2018-09-04 17:00:51,402 - DataBase.py[line:56] - INFO: select * from record_201808 where emp_id=000005 and time<'2018-08-30'
2018-09-04 17:00:51,403 - DataBase.py[line:56] - INFO: select * from record_201808 where emp_id=000005 and time like '2018-08-31%'
2018-09-04 17:00:51,403 - DataBase.py[line:56] - INFO: select * from record_201808 where emp_id=000005 and time<'2018-08-31'
2018-09-04 17:00:51,404 - DataBase.py[line:56] - INFO: select * from record_201808 where emp_id=000006 and time like '2018-08-01%'
2018-09-04 17:00:51,404 - DataBase.py[line:56] - INFO: select * from record_201808 where emp_id=000006 and time<'2018-08-01'
2018-09-04 17:00:51,404 - DataBase.py[line:56] - INFO: select * from record_201808 where emp_id=000006 and time like '2018-08-02%'
2018-09-04 17:00:51,405 - DataBase.py[line:56] - INFO: select * from record_201808 where emp_id=000006 and time<'2018-08-02'
2018-09-04 17:00:51,405 - DataBase.py[line:56] - INFO: select * from record_201808 where emp_id=000006 and time like '2018-08-03%'
2018-09-04 17:00:51,406 - DataBase.py[line:56] - INFO: select * from record_201808 where emp_id=000006 and time<'2018-08-03'
2018-09-04 17:00:51,406 - DataBase.py[line:56] - INFO: select * from record_201808 where emp_id=000006 and time like '2018-08-04%'
2018-09-04 17:00:51,407 - DataBase.py[line:56] - INFO: select * from record_201808 where emp_id=000006 and time<'2018-08-04'
2018-09-04 17:00:51,407 - DataBase.py[line:56] - INFO: select * from record_201808 where emp_id=000006 and time like '2018-08-05%'
2018-09-04 17:00:51,408 - DataBase.py[line:56] - INFO: select * from record_201808 where emp_id=000006 and time<'2018-08-05'
2018-09-04 17:00:51,408 - DataBase.py[line:56] - INFO: select * from record_201808 where emp_id=000006 and time like '2018-08-06%'
2018-09-04 17:00:51,409 - DataBase.py[line:56] - INFO: select * from record_201808 where emp_id=000006 and time<'2018-08-06'
2018-09-04 17:00:51,409 - DataBase.py[line:56] - INFO: select * from record_201808 where emp_id=000006 and time like '2018-08-07%'
2018-09-04 17:00:51,410 - DataBase.py[line:56] - INFO: select * from record_201808 where emp_id=000006 and time<'2018-08-07'
2018-09-04 17:00:51,410 - DataBase.py[line:56] - INFO: select * from record_201808 where emp_id=000006 and time like '2018-08-08%'
2018-09-04 17:00:51,410 - DataBase.py[line:56] - INFO: select * from record_201808 where emp_id=000006 and time<'2018-08-08'
2018-09-04 17:00:51,411 - DataBase.py[line:56] - INFO: select * from record_201808 where emp_id=000006 and time like '2018-08-09%'
2018-09-04 17:00:51,411 - DataBase.py[line:56] - INFO: select * from record_201808 where emp_id=000006 and time<'2018-08-09'
2018-09-04 17:00:51,412 - DataBase.py[line:56] - INFO: select * from record_201808 where emp_id=000006 and time like '2018-08-10%'
2018-09-04 17:00:51,412 - DataBase.py[line:56] - INFO: select * from record_201808 where emp_id=000006 and time<'2018-08-10'
2018-09-04 17:00:51,413 - DataBase.py[line:56] - INFO: select * from record_201808 where emp_id=000006 and time like '2018-08-11%'
2018-09-04 17:00:51,413 - DataBase.py[line:56] - INFO: select * from record_201808 where emp_id=000006 and time<'2018-08-11'
2018-09-04 17:00:51,414 - DataBase.py[line:56] - INFO: select * from record_201808 where emp_id=000006 and time like '2018-08-12%'
2018-09-04 17:00:51,414 - DataBase.py[line:56] - INFO: select * from record_201808 where emp_id=000006 and time<'2018-08-12'
2018-09-04 17:00:51,415 - DataBase.py[line:56] - INFO: select * from record_201808 where emp_id=000006 and time like '2018-08-13%'
2018-09-04 17:00:51,415 - DataBase.py[line:56] - INFO: select * from record_201808 where emp_id=000006 and time<'2018-08-13'
2018-09-04 17:00:51,416 - DataBase.py[line:56] - INFO: select * from record_201808 where emp_id=000006 and time like '2018-08-14%'
2018-09-04 17:00:51,416 - DataBase.py[line:56] - INFO: select * from record_201808 where emp_id=000006 and time<'2018-08-14'
2018-09-04 17:00:51,417 - DataBase.py[line:56] - INFO: select * from record_201808 where emp_id=000006 and time like '2018-08-15%'
2018-09-04 17:00:51,417 - DataBase.py[line:56] - INFO: select * from record_201808 where emp_id=000006 and time<'2018-08-15'
2018-09-04 17:00:51,418 - DataBase.py[line:56] - INFO: select * from record_201808 where emp_id=000006 and time like '2018-08-16%'
2018-09-04 17:00:51,418 - DataBase.py[line:56] - INFO: select * from record_201808 where emp_id=000006 and time<'2018-08-16'
2018-09-04 17:00:51,419 - DataBase.py[line:56] - INFO: select * from record_201808 where emp_id=000006 and time like '2018-08-17%'
2018-09-04 17:00:51,419 - DataBase.py[line:56] - INFO: select * from record_201808 where emp_id=000006 and time<'2018-08-17'
2018-09-04 17:00:51,420 - DataBase.py[line:56] - INFO: select * from record_201808 where emp_id=000006 and time like '2018-08-18%'
2018-09-04 17:00:51,420 - DataBase.py[line:56] - INFO: select * from record_201808 where emp_id=000006 and time<'2018-08-18'
2018-09-04 17:00:51,420 - DataBase.py[line:56] - INFO: select * from record_201808 where emp_id=000006 and time like '2018-08-19%'
2018-09-04 17:00:51,421 - DataBase.py[line:56] - INFO: select * from record_201808 where emp_id=000006 and time<'2018-08-19'
2018-09-04 17:00:51,421 - DataBase.py[line:56] - INFO: select * from record_201808 where emp_id=000006 and time like '2018-08-20%'
2018-09-04 17:00:51,422 - DataBase.py[line:56] - INFO: select * from record_201808 where emp_id=000006 and time<'2018-08-20'
2018-09-04 17:00:51,422 - DataBase.py[line:56] - INFO: select * from record_201808 where emp_id=000006 and time like '2018-08-21%'
2018-09-04 17:00:51,423 - DataBase.py[line:56] - INFO: select * from record_201808 where emp_id=000006 and time<'2018-08-21'
2018-09-04 17:00:51,423 - DataBase.py[line:56] - INFO: select * from record_201808 where emp_id=000006 and time like '2018-08-22%'
2018-09-04 17:00:51,424 - DataBase.py[line:56] - INFO: select * from record_201808 where emp_id=000006 and time<'2018-08-22'
2018-09-04 17:00:51,424 - DataBase.py[line:56] - INFO: select * from record_201808 where emp_id=000006 and time like '2018-08-23%'
2018-09-04 17:00:51,425 - DataBase.py[line:56] - INFO: select * from record_201808 where emp_id=000006 and time<'2018-08-23'
2018-09-04 17:00:51,425 - DataBase.py[line:56] - INFO: select * from record_201808 where emp_id=000006 and time like '2018-08-24%'
2018-09-04 17:00:51,426 - DataBase.py[line:56] - INFO: select * from record_201808 where emp_id=000006 and time<'2018-08-24'
2018-09-04 17:00:51,426 - DataBase.py[line:56] - INFO: select * from record_201808 where emp_id=000006 and time like '2018-08-25%'
2018-09-04 17:00:51,427 - DataBase.py[line:56] - INFO: select * from record_201808 where emp_id=000006 and time<'2018-08-25'
2018-09-04 17:00:51,427 - DataBase.py[line:56] - INFO: select * from record_201808 where emp_id=000006 and time like '2018-08-26%'
2018-09-04 17:00:51,427 - DataBase.py[line:56] - INFO: select * from record_201808 where emp_id=000006 and time<'2018-08-26'
2018-09-04 17:00:51,428 - DataBase.py[line:56] - INFO: select * from record_201808 where emp_id=000006 and time like '2018-08-27%'
2018-09-04 17:00:51,428 - DataBase.py[line:56] - INFO: select * from record_201808 where emp_id=000006 and time<'2018-08-27'
2018-09-04 17:00:51,429 - DataBase.py[line:56] - INFO: select * from record_201808 where emp_id=000006 and time like '2018-08-28%'
2018-09-04 17:00:51,429 - DataBase.py[line:56] - INFO: select * from record_201808 where emp_id=000006 and time<'2018-08-28'
2018-09-04 17:00:51,429 - DataBase.py[line:56] - INFO: select * from record_201808 where emp_id=000006 and time like '2018-08-29%'
2018-09-04 17:00:51,430 - DataBase.py[line:56] - INFO: select * from record_201808 where emp_id=000006 and time<'2018-08-29'
2018-09-04 17:00:51,430 - DataBase.py[line:56] - INFO: select * from record_201808 where emp_id=000006 and time like '2018-08-30%'
2018-09-04 17:00:51,430 - DataBase.py[line:56] - INFO: select * from record_201808 where emp_id=000006 and time<'2018-08-30'
2018-09-04 17:00:51,431 - DataBase.py[line:56] - INFO: select * from record_201808 where emp_id=000006 and time like '2018-08-31%'
2018-09-04 17:00:51,432 - DataBase.py[line:56] - INFO: select * from record_201808 where emp_id=000006 and time<'2018-08-31'
2018-09-04 17:00:51,432 - DataBase.py[line:56] - INFO: select * from record_201808 where emp_id=000007 and time like '2018-08-01%'
2018-09-04 17:00:51,433 - DataBase.py[line:56] - INFO: select * from record_201808 where emp_id=000007 and time<'2018-08-01'
2018-09-04 17:00:51,433 - DataBase.py[line:56] - INFO: select * from record_201808 where emp_id=000007 and time like '2018-08-02%'
2018-09-04 17:00:51,434 - DataBase.py[line:56] - INFO: select * from record_201808 where emp_id=000007 and time<'2018-08-02'
2018-09-04 17:00:51,434 - DataBase.py[line:56] - INFO: select * from record_201808 where emp_id=000007 and time like '2018-08-03%'
2018-09-04 17:00:51,435 - DataBase.py[line:56] - INFO: select * from record_201808 where emp_id=000007 and time<'2018-08-03'
2018-09-04 17:00:51,435 - DataBase.py[line:56] - INFO: select * from record_201808 where emp_id=000007 and time like '2018-08-04%'
2018-09-04 17:00:51,436 - DataBase.py[line:56] - INFO: select * from record_201808 where emp_id=000007 and time<'2018-08-04'
2018-09-04 17:00:51,436 - DataBase.py[line:56] - INFO: select * from record_201808 where emp_id=000007 and time like '2018-08-05%'
2018-09-04 17:00:51,437 - DataBase.py[line:56] - INFO: select * from record_201808 where emp_id=000007 and time<'2018-08-05'
2018-09-04 17:00:51,437 - DataBase.py[line:56] - INFO: select * from record_201808 where emp_id=000007 and time like '2018-08-06%'
2018-09-04 17:00:51,437 - DataBase.py[line:56] - INFO: select * from record_201808 where emp_id=000007 and time<'2018-08-06'
2018-09-04 17:00:51,438 - DataBase.py[line:56] - INFO: select * from record_201808 where emp_id=000007 and time like '2018-08-07%'
2018-09-04 17:00:51,438 - DataBase.py[line:56] - INFO: select * from record_201808 where emp_id=000007 and time<'2018-08-07'
2018-09-04 17:00:51,439 - DataBase.py[line:56] - INFO: select * from record_201808 where emp_id=000007 and time like '2018-08-08%'
2018-09-04 17:00:51,439 - DataBase.py[line:56] - INFO: select * from record_201808 where emp_id=000007 and time<'2018-08-08'
2018-09-04 17:00:51,440 - DataBase.py[line:56] - INFO: select * from record_201808 where emp_id=000007 and time like '2018-08-09%'
2018-09-04 17:00:51,440 - DataBase.py[line:56] - INFO: select * from record_201808 where emp_id=000007 and time<'2018-08-09'
2018-09-04 17:00:51,440 - DataBase.py[line:56] - INFO: select * from record_201808 where emp_id=000007 and time like '2018-08-10%'
2018-09-04 17:00:51,441 - DataBase.py[line:56] - INFO: select * from record_201808 where emp_id=000007 and time<'2018-08-10'
2018-09-04 17:00:51,441 - DataBase.py[line:56] - INFO: select * from record_201808 where emp_id=000007 and time like '2018-08-11%'
2018-09-04 17:00:51,442 - DataBase.py[line:56] - INFO: select * from record_201808 where emp_id=000007 and time<'2018-08-11'
2018-09-04 17:00:51,442 - DataBase.py[line:56] - INFO: select * from record_201808 where emp_id=000007 and time like '2018-08-12%'
2018-09-04 17:00:51,443 - DataBase.py[line:56] - INFO: select * from record_201808 where emp_id=000007 and time<'2018-08-12'
2018-09-04 17:00:51,443 - DataBase.py[line:56] - INFO: select * from record_201808 where emp_id=000007 and time like '2018-08-13%'
2018-09-04 17:00:51,444 - DataBase.py[line:56] - INFO: select * from record_201808 where emp_id=000007 and time<'2018-08-13'
2018-09-04 17:00:51,444 - DataBase.py[line:56] - INFO: select * from record_201808 where emp_id=000007 and time like '2018-08-14%'
2018-09-04 17:00:51,445 - DataBase.py[line:56] - INFO: select * from record_201808 where emp_id=000007 and time<'2018-08-14'
2018-09-04 17:00:51,445 - DataBase.py[line:56] - INFO: select * from record_201808 where emp_id=000007 and time like '2018-08-15%'
2018-09-04 17:00:51,446 - DataBase.py[line:56] - INFO: select * from record_201808 where emp_id=000007 and time<'2018-08-15'
2018-09-04 17:00:51,446 - DataBase.py[line:56] - INFO: select * from record_201808 where emp_id=000007 and time like '2018-08-16%'
2018-09-04 17:00:51,447 - DataBase.py[line:56] - INFO: select * from record_201808 where emp_id=000007 and time<'2018-08-16'
2018-09-04 17:00:51,447 - DataBase.py[line:56] - INFO: select * from record_201808 where emp_id=000007 and time like '2018-08-17%'
2018-09-04 17:00:51,447 - DataBase.py[line:56] - INFO: select * from record_201808 where emp_id=000007 and time<'2018-08-17'
2018-09-04 17:00:51,448 - DataBase.py[line:56] - INFO: select * from record_201808 where emp_id=000007 and time like '2018-08-18%'
2018-09-04 17:00:51,448 - DataBase.py[line:56] - INFO: select * from record_201808 where emp_id=000007 and time<'2018-08-18'
2018-09-04 17:00:51,449 - DataBase.py[line:56] - INFO: select * from record_201808 where emp_id=000007 and time like '2018-08-19%'
2018-09-04 17:00:51,449 - DataBase.py[line:56] - INFO: select * from record_201808 where emp_id=000007 and time<'2018-08-19'
2018-09-04 17:00:51,450 - DataBase.py[line:56] - INFO: select * from record_201808 where emp_id=000007 and time like '2018-08-20%'
2018-09-04 17:00:51,450 - DataBase.py[line:56] - INFO: select * from record_201808 where emp_id=000007 and time<'2018-08-20'
2018-09-04 17:00:51,451 - DataBase.py[line:56] - INFO: select * from record_201808 where emp_id=000007 and time like '2018-08-21%'
2018-09-04 17:00:51,451 - DataBase.py[line:56] - INFO: select * from record_201808 where emp_id=000007 and time<'2018-08-21'
2018-09-04 17:00:51,452 - DataBase.py[line:56] - INFO: select * from record_201808 where emp_id=000007 and time like '2018-08-22%'
2018-09-04 17:00:51,453 - DataBase.py[line:56] - INFO: select * from record_201808 where emp_id=000007 and time<'2018-08-22'
2018-09-04 17:00:51,453 - DataBase.py[line:56] - INFO: select * from record_201808 where emp_id=000007 and time like '2018-08-23%'
2018-09-04 17:00:51,456 - DataBase.py[line:56] - INFO: select * from record_201808 where emp_id=000007 and time<'2018-08-23'
2018-09-04 17:00:51,457 - DataBase.py[line:56] - INFO: select * from record_201808 where emp_id=000007 and time like '2018-08-24%'
2018-09-04 17:00:51,458 - DataBase.py[line:56] - INFO: select * from record_201808 where emp_id=000007 and time<'2018-08-24'
2018-09-04 17:00:51,458 - DataBase.py[line:56] - INFO: select * from record_201808 where emp_id=000007 and time like '2018-08-25%'
2018-09-04 17:00:51,459 - DataBase.py[line:56] - INFO: select * from record_201808 where emp_id=000007 and time<'2018-08-25'
2018-09-04 17:00:51,459 - DataBase.py[line:56] - INFO: select * from record_201808 where emp_id=000007 and time like '2018-08-26%'
2018-09-04 17:00:51,460 - DataBase.py[line:56] - INFO: select * from record_201808 where emp_id=000007 and time<'2018-08-26'
2018-09-04 17:00:51,460 - DataBase.py[line:56] - INFO: select * from record_201808 where emp_id=000007 and time like '2018-08-27%'
2018-09-04 17:00:51,461 - DataBase.py[line:56] - INFO: select * from record_201808 where emp_id=000007 and time<'2018-08-27'
2018-09-04 17:00:51,461 - DataBase.py[line:56] - INFO: select * from record_201808 where emp_id=000007 and time like '2018-08-28%'
2018-09-04 17:00:51,462 - DataBase.py[line:56] - INFO: select * from record_201808 where emp_id=000007 and time<'2018-08-28'
2018-09-04 17:00:51,462 - DataBase.py[line:56] - INFO: select * from record_201808 where emp_id=000007 and time like '2018-08-29%'
2018-09-04 17:00:51,463 - DataBase.py[line:56] - INFO: select * from record_201808 where emp_id=000007 and time<'2018-08-29'
2018-09-04 17:00:51,464 - DataBase.py[line:56] - INFO: select * from record_201808 where emp_id=000007 and time like '2018-08-30%'
2018-09-04 17:00:51,465 - DataBase.py[line:56] - INFO: select * from record_201808 where emp_id=000007 and time<'2018-08-30'
2018-09-04 17:00:51,465 - DataBase.py[line:56] - INFO: select * from record_201808 where emp_id=000007 and time like '2018-08-31%'
2018-09-04 17:00:51,466 - DataBase.py[line:56] - INFO: select * from record_201808 where emp_id=000007 and time<'2018-08-31'
