2018-09-04 09:27:24,691 - DataBase.py[line:23] - INFO: database class is creating...
2018-09-04 09:27:24,712 - DataBase.py[line:51] - INFO: database is connecting...
2018-09-04 09:27:26,495 - DataBase.py[line:56] - INFO: select * from empinfo where Emp_id=000002
2018-09-04 09:27:26,495 - DataBase.py[line:56] - INFO: select password from empinfo where Emp_id=000002
2018-09-04 09:27:26,496 - DataBase.py[line:56] - INFO: select * from empinfo where Emp_id=000002
2018-09-04 09:27:26,497 - DataBase.py[line:56] - INFO: select * from record_201808 where emp_id=111111
2018-09-04 09:27:26,497 - DataBase.py[line:56] - INFO: select * from record_201808 where emp_id=111111 and time like '2018-08-1%'
2018-09-04 09:27:26,499 - DataBase.py[line:56] - INFO: select * from record_201808 where emp_id=111111
2018-09-04 09:27:26,500 - DataBase.py[line:56] - INFO: select * from record_201808 where emp_id=111111 and time like '2018-08-01%'
2018-09-04 09:27:26,500 - DataBase.py[line:56] - INFO: select * from record_201808 where emp_id=111111
2018-09-04 09:27:26,501 - DataBase.py[line:56] - INFO: select * from record_201808 where emp_id=111111 and time like '2018-08-2%'
2018-09-04 09:27:26,501 - DataBase.py[line:56] - INFO: select * from record_201808 where emp_id=111111
2018-09-04 09:27:26,502 - DataBase.py[line:56] - INFO: select * from record_201808 where emp_id=111111 and time like '2018-08-02%'
2018-09-04 09:27:26,502 - DataBase.py[line:56] - INFO: select * from record_201808 where emp_id=111111
2018-09-04 09:27:26,503 - DataBase.py[line:56] - INFO: select * from record_201808 where emp_id=111111 and time like '2018-08-3%'
2018-09-04 09:27:26,503 - DataBase.py[line:56] - INFO: select * from record_201808 where emp_id=111111
2018-09-04 09:27:26,504 - DataBase.py[line:56] - INFO: select * from record_201808 where emp_id=111111 and time like '2018-08-03%'
2018-09-04 09:27:26,504 - DataBase.py[line:56] - INFO: select * from record_201808 where emp_id=111111
2018-09-04 09:27:26,505 - DataBase.py[line:56] - INFO: select * from record_201808 where emp_id=111111 and time like '2018-08-4%'
2018-09-04 09:27:26,505 - DataBase.py[line:56] - INFO: select * from record_201808 where emp_id=111111
2018-09-04 09:27:26,506 - DataBase.py[line:56] - INFO: select * from record_201808 where emp_id=111111 and time like '2018-08-04%'
2018-09-04 09:27:26,506 - DataBase.py[line:56] - INFO: select * from record_201808 where emp_id=111111
2018-09-04 09:27:26,507 - DataBase.py[line:56] - INFO: select * from record_201808 where emp_id=111111 and time like '2018-08-5%'
2018-09-04 09:27:26,507 - DataBase.py[line:56] - INFO: select * from record_201808 where emp_id=111111
2018-09-04 09:27:26,508 - DataBase.py[line:56] - INFO: select * from record_201808 where emp_id=111111 and time like '2018-08-05%'
2018-09-04 09:27:26,508 - DataBase.py[line:56] - INFO: select * from record_201808 where emp_id=111111
2018-09-04 09:27:26,509 - DataBase.py[line:56] - INFO: select * from record_201808 where emp_id=111111 and time like '2018-08-6%'
2018-09-04 09:27:26,510 - DataBase.py[line:56] - INFO: select * from record_201808 where emp_id=111111
2018-09-04 09:27:26,510 - DataBase.py[line:56] - INFO: select * from record_201808 where emp_id=111111 and time like '2018-08-06%'
2018-09-04 09:27:26,510 - DataBase.py[line:56] - INFO: select * from record_201808 where emp_id=111111
2018-09-04 09:27:26,511 - DataBase.py[line:56] - INFO: select * from record_201808 where emp_id=111111 and time like '2018-08-7%'
2018-09-04 09:27:26,511 - DataBase.py[line:56] - INFO: select * from record_201808 where emp_id=111111
2018-09-04 09:27:26,512 - DataBase.py[line:56] - INFO: select * from record_201808 where emp_id=111111 and time like '2018-08-07%'
2018-09-04 09:27:26,513 - DataBase.py[line:56] - INFO: select * from record_201808 where emp_id=111111
2018-09-04 09:27:26,513 - DataBase.py[line:56] - INFO: select * from record_201808 where emp_id=111111 and time like '2018-08-8%'
2018-09-04 09:27:26,514 - DataBase.py[line:56] - INFO: select * from record_201808 where emp_id=111111
2018-09-04 09:27:26,514 - DataBase.py[line:56] - INFO: select * from record_201808 where emp_id=111111 and time like '2018-08-08%'
2018-09-04 09:27:26,515 - DataBase.py[line:56] - INFO: select * from record_201808 where emp_id=111111
2018-09-04 09:27:26,515 - DataBase.py[line:56] - INFO: select * from record_201808 where emp_id=111111 and time like '2018-08-9%'
2018-09-04 09:27:26,516 - DataBase.py[line:56] - INFO: select * from record_201808 where emp_id=111111
2018-09-04 09:27:26,516 - DataBase.py[line:56] - INFO: select * from record_201808 where emp_id=111111 and time like '2018-08-09%'
2018-09-04 09:27:26,517 - DataBase.py[line:56] - INFO: select * from record_201808 where emp_id=111111
2018-09-04 09:27:26,517 - DataBase.py[line:56] - INFO: select * from record_201808 where emp_id=111111 and time like '2018-08-10%'
2018-09-04 09:27:26,517 - DataBase.py[line:56] - INFO: select * from record_201808 where emp_id=111111
2018-09-04 09:27:26,518 - DataBase.py[line:56] - INFO: select * from record_201808 where emp_id=111111 and time like '2018-08-10%'
2018-09-04 09:27:26,518 - DataBase.py[line:56] - INFO: select * from record_201808 where emp_id=111111
2018-09-04 09:27:26,519 - DataBase.py[line:56] - INFO: select * from record_201808 where emp_id=111111 and time like '2018-08-11%'
2018-09-04 09:27:26,519 - DataBase.py[line:56] - INFO: select * from record_201808 where emp_id=111111
2018-09-04 09:27:26,520 - DataBase.py[line:56] - INFO: select * from record_201808 where emp_id=111111 and time like '2018-08-11%'
2018-09-04 09:27:26,520 - DataBase.py[line:56] - INFO: select * from record_201808 where emp_id=111111
2018-09-04 09:27:26,521 - DataBase.py[line:56] - INFO: select * from record_201808 where emp_id=111111 and time like '2018-08-12%'
2018-09-04 09:27:26,521 - DataBase.py[line:56] - INFO: select * from record_201808 where emp_id=111111
2018-09-04 09:27:26,522 - DataBase.py[line:56] - INFO: select * from record_201808 where emp_id=111111 and time like '2018-08-12%'
2018-09-04 09:27:26,522 - DataBase.py[line:56] - INFO: select * from record_201808 where emp_id=111111
2018-09-04 09:27:26,523 - DataBase.py[line:56] - INFO: select * from record_201808 where emp_id=111111 and time like '2018-08-13%'
2018-09-04 09:27:26,523 - DataBase.py[line:56] - INFO: select * from record_201808 where emp_id=111111
2018-09-04 09:27:26,524 - DataBase.py[line:56] - INFO: select * from record_201808 where emp_id=111111 and time like '2018-08-13%'
2018-09-04 09:27:26,525 - DataBase.py[line:56] - INFO: select * from record_201808 where emp_id=111111
2018-09-04 09:27:26,525 - DataBase.py[line:56] - INFO: select * from record_201808 where emp_id=111111 and time like '2018-08-14%'
2018-09-04 09:27:26,526 - DataBase.py[line:56] - INFO: select * from record_201808 where emp_id=111111
2018-09-04 09:27:26,526 - DataBase.py[line:56] - INFO: select * from record_201808 where emp_id=111111 and time like '2018-08-14%'
2018-09-04 09:27:26,527 - DataBase.py[line:56] - INFO: select * from record_201808 where emp_id=111111
2018-09-04 09:27:26,527 - DataBase.py[line:56] - INFO: select * from record_201808 where emp_id=111111 and time like '2018-08-15%'
2018-09-04 09:27:26,528 - DataBase.py[line:56] - INFO: select * from record_201808 where emp_id=111111
2018-09-04 09:27:26,529 - DataBase.py[line:56] - INFO: select * from record_201808 where emp_id=111111 and time like '2018-08-15%'
2018-09-04 09:27:26,529 - DataBase.py[line:56] - INFO: select * from record_201808 where emp_id=111111
2018-09-04 09:27:26,530 - DataBase.py[line:56] - INFO: select * from record_201808 where emp_id=111111 and time like '2018-08-16%'
2018-09-04 09:27:26,530 - DataBase.py[line:56] - INFO: select * from record_201808 where emp_id=111111
2018-09-04 09:27:26,530 - DataBase.py[line:56] - INFO: select * from record_201808 where emp_id=111111 and time like '2018-08-16%'
2018-09-04 09:27:26,531 - DataBase.py[line:56] - INFO: select * from record_201808 where emp_id=111111
2018-09-04 09:27:26,531 - DataBase.py[line:56] - INFO: select * from record_201808 where emp_id=111111 and time like '2018-08-17%'
2018-09-04 09:27:26,532 - DataBase.py[line:56] - INFO: select * from record_201808 where emp_id=111111
2018-09-04 09:27:26,532 - DataBase.py[line:56] - INFO: select * from record_201808 where emp_id=111111 and time like '2018-08-17%'
2018-09-04 09:27:26,533 - DataBase.py[line:56] - INFO: select * from record_201808 where emp_id=111111
2018-09-04 09:27:26,533 - DataBase.py[line:56] - INFO: select * from record_201808 where emp_id=111111 and time like '2018-08-18%'
2018-09-04 09:27:26,533 - DataBase.py[line:56] - INFO: select * from record_201808 where emp_id=111111
2018-09-04 09:27:26,534 - DataBase.py[line:56] - INFO: select * from record_201808 where emp_id=111111 and time like '2018-08-18%'
2018-09-04 09:27:26,534 - DataBase.py[line:56] - INFO: select * from record_201808 where emp_id=111111
2018-09-04 09:27:26,535 - DataBase.py[line:56] - INFO: select * from record_201808 where emp_id=111111 and time like '2018-08-19%'
2018-09-04 09:27:26,536 - DataBase.py[line:56] - INFO: select * from record_201808 where emp_id=111111
2018-09-04 09:27:26,536 - DataBase.py[line:56] - INFO: select * from record_201808 where emp_id=111111 and time like '2018-08-19%'
2018-09-04 09:27:26,537 - DataBase.py[line:56] - INFO: select * from record_201808 where emp_id=111111
2018-09-04 09:27:26,537 - DataBase.py[line:56] - INFO: select * from record_201808 where emp_id=111111 and time like '2018-08-20%'
2018-09-04 09:27:26,537 - DataBase.py[line:56] - INFO: select * from record_201808 where emp_id=111111
2018-09-04 09:27:26,538 - DataBase.py[line:56] - INFO: select * from record_201808 where emp_id=111111 and time like '2018-08-20%'
2018-09-04 09:27:26,538 - DataBase.py[line:56] - INFO: select * from record_201808 where emp_id=111111
2018-09-04 09:27:26,539 - DataBase.py[line:56] - INFO: select * from record_201808 where emp_id=111111 and time like '2018-08-21%'
2018-09-04 09:27:26,539 - DataBase.py[line:56] - INFO: select * from record_201808 where emp_id=111111
2018-09-04 09:27:26,540 - DataBase.py[line:56] - INFO: select * from record_201808 where emp_id=111111 and time like '2018-08-21%'
2018-09-04 09:27:26,540 - DataBase.py[line:56] - INFO: select * from record_201808 where emp_id=111111
2018-09-04 09:27:26,541 - DataBase.py[line:56] - INFO: select * from record_201808 where emp_id=111111 and time like '2018-08-22%'
2018-09-04 09:27:26,541 - DataBase.py[line:56] - INFO: select * from record_201808 where emp_id=111111
2018-09-04 09:27:26,541 - DataBase.py[line:56] - INFO: select * from record_201808 where emp_id=111111 and time like '2018-08-22%'
2018-09-04 09:27:26,542 - DataBase.py[line:56] - INFO: select * from record_201808 where emp_id=111111
2018-09-04 09:27:26,542 - DataBase.py[line:56] - INFO: select * from record_201808 where emp_id=111111 and time like '2018-08-23%'
2018-09-04 09:27:26,543 - DataBase.py[line:56] - INFO: select * from record_201808 where emp_id=111111
2018-09-04 09:27:26,543 - DataBase.py[line:56] - INFO: select * from record_201808 where emp_id=111111 and time like '2018-08-23%'
2018-09-04 09:27:26,543 - DataBase.py[line:56] - INFO: select * from record_201808 where emp_id=111111
2018-09-04 09:27:26,544 - DataBase.py[line:56] - INFO: select * from record_201808 where emp_id=111111 and time like '2018-08-24%'
2018-09-04 09:27:26,545 - DataBase.py[line:56] - INFO: select * from record_201808 where emp_id=111111
2018-09-04 09:27:26,545 - DataBase.py[line:56] - INFO: select * from record_201808 where emp_id=111111 and time like '2018-08-24%'
2018-09-04 09:27:26,546 - DataBase.py[line:56] - INFO: select * from record_201808 where emp_id=111111
2018-09-04 09:27:26,546 - DataBase.py[line:56] - INFO: select * from record_201808 where emp_id=111111 and time like '2018-08-25%'
2018-09-04 09:27:26,547 - DataBase.py[line:56] - INFO: select * from record_201808 where emp_id=111111
2018-09-04 09:27:26,547 - DataBase.py[line:56] - INFO: select * from record_201808 where emp_id=111111 and time like '2018-08-25%'
2018-09-04 09:27:26,548 - DataBase.py[line:56] - INFO: select * from record_201808 where emp_id=111111
2018-09-04 09:27:26,548 - DataBase.py[line:56] - INFO: select * from record_201808 where emp_id=111111 and time like '2018-08-26%'
2018-09-04 09:27:26,549 - DataBase.py[line:56] - INFO: select * from record_201808 where emp_id=111111
2018-09-04 09:27:26,549 - DataBase.py[line:56] - INFO: select * from record_201808 where emp_id=111111 and time like '2018-08-26%'
2018-09-04 09:27:26,550 - DataBase.py[line:56] - INFO: select * from record_201808 where emp_id=111111
2018-09-04 09:27:26,550 - DataBase.py[line:56] - INFO: select * from record_201808 where emp_id=111111 and time like '2018-08-27%'
2018-09-04 09:27:26,551 - DataBase.py[line:56] - INFO: select * from record_201808 where emp_id=111111
2018-09-04 09:27:26,551 - DataBase.py[line:56] - INFO: select * from record_201808 where emp_id=111111 and time like '2018-08-27%'
2018-09-04 09:27:26,552 - DataBase.py[line:56] - INFO: select * from record_201808 where emp_id=111111
2018-09-04 09:27:26,552 - DataBase.py[line:56] - INFO: select * from record_201808 where emp_id=111111 and time like '2018-08-28%'
2018-09-04 09:27:26,553 - DataBase.py[line:56] - INFO: select * from record_201808 where emp_id=111111
2018-09-04 09:27:26,553 - DataBase.py[line:56] - INFO: select * from record_201808 where emp_id=111111 and time like '2018-08-28%'
2018-09-04 09:27:26,554 - DataBase.py[line:56] - INFO: select * from record_201808 where emp_id=111111 and time like '2018-08-29%'
2018-09-04 09:27:26,554 - DataBase.py[line:56] - INFO: select * from record_201808 where emp_id=111111
2018-09-04 09:27:26,555 - DataBase.py[line:56] - INFO: select * from record_201808 where emp_id=111111 and time like '2018-08-29%'
2018-09-04 09:27:26,556 - DataBase.py[line:56] - INFO: select * from record_201808 where emp_id=111111 and time like '2018-08-30%'
2018-09-04 09:27:26,556 - DataBase.py[line:56] - INFO: select * from record_201808 where emp_id=111111
2018-09-04 09:27:26,557 - DataBase.py[line:56] - INFO: select * from record_201808 where emp_id=111111 and time like '2018-08-30%'
2018-09-04 09:27:26,557 - DataBase.py[line:56] - INFO: select * from record_201808 where emp_id=111111
2018-09-04 09:27:26,557 - DataBase.py[line:56] - INFO: select * from record_201808 where emp_id=111111 and time like '2018-08-31%'
2018-09-04 09:27:26,558 - DataBase.py[line:56] - INFO: select * from record_201808 where emp_id=111111
2018-09-04 09:27:26,558 - DataBase.py[line:56] - INFO: select * from record_201808 where emp_id=111111 and time like '2018-08-31%'
2018-09-04 09:27:26,559 - DataBase.py[line:56] - INFO: select * from record_201808 where emp_id=111111
