2018-09-04 16:53:21,092 - DataBase.py[line:23] - INFO: database class is creating...
2018-09-04 16:53:21,112 - DataBase.py[line:51] - INFO: database is connecting...
2018-09-04 16:53:21,113 - DataBase.py[line:56] - INFO: select * from empinfo
2018-09-04 16:53:21,114 - DataBase.py[line:56] - INFO: select * from record_201808 where emp_id=000001 and time like '2018-08-01%'
2018-09-04 16:53:21,115 - DataBase.py[line:56] - INFO: select * from record_201808 where emp_id=000001 and time<'2018-08-01'
2018-09-04 16:53:21,116 - DataBase.py[line:56] - INFO: select * from record_201808 where emp_id=000001 and time like '2018-08-02%'
2018-09-04 16:53:21,118 - DataBase.py[line:56] - INFO: select * from record_201808 where emp_id=000001 and time<'2018-08-02'
2018-09-04 16:53:21,118 - DataBase.py[line:56] - INFO: select * from record_201808 where emp_id=000001 and time like '2018-08-03%'
2018-09-04 16:53:21,119 - DataBase.py[line:56] - INFO: select * from record_201808 where emp_id=000001 and time<'2018-08-03'
2018-09-04 16:53:21,119 - DataBase.py[line:56] - INFO: select * from record_201808 where emp_id=000001 and time like '2018-08-04%'
2018-09-04 16:53:21,120 - DataBase.py[line:56] - INFO: select * from record_201808 where emp_id=000001 and time<'2018-08-04'
2018-09-04 16:53:21,121 - DataBase.py[line:56] - INFO: select * from record_201808 where emp_id=000001 and time like '2018-08-05%'
2018-09-04 16:53:21,121 - DataBase.py[line:56] - INFO: select * from record_201808 where emp_id=000001 and time<'2018-08-05'
2018-09-04 16:53:21,122 - DataBase.py[line:56] - INFO: select * from record_201808 where emp_id=000001 and time like '2018-08-06%'
2018-09-04 16:53:21,122 - DataBase.py[line:56] - INFO: select * from record_201808 where emp_id=000001 and time<'2018-08-06'
2018-09-04 16:53:21,123 - DataBase.py[line:56] - INFO: select * from record_201808 where emp_id=000001 and time like '2018-08-07%'
2018-09-04 16:53:21,123 - DataBase.py[line:56] - INFO: select * from record_201808 where emp_id=000001 and time<'2018-08-07'
2018-09-04 16:53:21,124 - DataBase.py[line:56] - INFO: select * from record_201808 where emp_id=000001 and time like '2018-08-08%'
2018-09-04 16:53:21,124 - DataBase.py[line:56] - INFO: select * from record_201808 where emp_id=000001 and time<'2018-08-08'
2018-09-04 16:53:21,124 - DataBase.py[line:56] - INFO: select * from record_201808 where emp_id=000001 and time like '2018-08-09%'
2018-09-04 16:53:21,125 - DataBase.py[line:56] - INFO: select * from record_201808 where emp_id=000001 and time<'2018-08-09'
2018-09-04 16:53:21,125 - DataBase.py[line:56] - INFO: select * from record_201808 where emp_id=000001 and time like '2018-08-10%'
2018-09-04 16:53:21,125 - DataBase.py[line:56] - INFO: select * from record_201808 where emp_id=000001 and time<'2018-08-10'
2018-09-04 16:53:21,126 - DataBase.py[line:56] - INFO: select * from record_201808 where emp_id=000001 and time like '2018-08-11%'
2018-09-04 16:53:21,126 - DataBase.py[line:56] - INFO: select * from record_201808 where emp_id=000001 and time<'2018-08-11'
2018-09-04 16:53:21,127 - DataBase.py[line:56] - INFO: select * from record_201808 where emp_id=000001 and time like '2018-08-12%'
2018-09-04 16:53:21,127 - DataBase.py[line:56] - INFO: select * from record_201808 where emp_id=000001 and time<'2018-08-12'
2018-09-04 16:53:21,127 - DataBase.py[line:56] - INFO: select * from record_201808 where emp_id=000001 and time like '2018-08-13%'
2018-09-04 16:53:21,128 - DataBase.py[line:56] - INFO: select * from record_201808 where emp_id=000001 and time<'2018-08-13'
2018-09-04 16:53:21,128 - DataBase.py[line:56] - INFO: select * from record_201808 where emp_id=000001 and time like '2018-08-14%'
2018-09-04 16:53:21,129 - DataBase.py[line:56] - INFO: select * from record_201808 where emp_id=000001 and time<'2018-08-14'
2018-09-04 16:53:21,129 - DataBase.py[line:56] - INFO: select * from record_201808 where emp_id=000001 and time like '2018-08-15%'
2018-09-04 16:53:21,130 - DataBase.py[line:56] - INFO: select * from record_201808 where emp_id=000001 and time<'2018-08-15'
2018-09-04 16:53:21,130 - DataBase.py[line:56] - INFO: select * from record_201808 where emp_id=000001 and time like '2018-08-16%'
2018-09-04 16:53:21,130 - DataBase.py[line:56] - INFO: select * from record_201808 where emp_id=000001 and time<'2018-08-16'
2018-09-04 16:53:21,131 - DataBase.py[line:56] - INFO: select * from record_201808 where emp_id=000001 and time like '2018-08-17%'
2018-09-04 16:53:21,131 - DataBase.py[line:56] - INFO: select * from record_201808 where emp_id=000001 and time<'2018-08-17'
2018-09-04 16:53:21,132 - DataBase.py[line:56] - INFO: select * from record_201808 where emp_id=000001 and time like '2018-08-18%'
2018-09-04 16:53:21,132 - DataBase.py[line:56] - INFO: select * from record_201808 where emp_id=000001 and time<'2018-08-18'
2018-09-04 16:53:21,132 - DataBase.py[line:56] - INFO: select * from record_201808 where emp_id=000001 and time like '2018-08-19%'
2018-09-04 16:53:21,133 - DataBase.py[line:56] - INFO: select * from record_201808 where emp_id=000001 and time<'2018-08-19'
2018-09-04 16:53:21,133 - DataBase.py[line:56] - INFO: select * from record_201808 where emp_id=000001 and time like '2018-08-20%'
2018-09-04 16:53:21,134 - DataBase.py[line:56] - INFO: select * from record_201808 where emp_id=000001 and time<'2018-08-20'
2018-09-04 16:53:21,134 - DataBase.py[line:56] - INFO: select * from record_201808 where emp_id=000001 and time like '2018-08-21%'
2018-09-04 16:53:21,135 - DataBase.py[line:56] - INFO: select * from record_201808 where emp_id=000001 and time<'2018-08-21'
2018-09-04 16:53:21,135 - DataBase.py[line:56] - INFO: select * from record_201808 where emp_id=000001 and time like '2018-08-22%'
2018-09-04 16:53:21,136 - DataBase.py[line:56] - INFO: select * from record_201808 where emp_id=000001 and time<'2018-08-22'
2018-09-04 16:53:21,136 - DataBase.py[line:56] - INFO: select * from record_201808 where emp_id=000001 and time like '2018-08-23%'
2018-09-04 16:53:21,137 - DataBase.py[line:56] - INFO: select * from record_201808 where emp_id=000001 and time<'2018-08-23'
2018-09-04 16:53:21,137 - DataBase.py[line:56] - INFO: select * from record_201808 where emp_id=000001 and time like '2018-08-24%'
2018-09-04 16:53:21,138 - DataBase.py[line:56] - INFO: select * from record_201808 where emp_id=000001 and time<'2018-08-24'
2018-09-04 16:53:21,138 - DataBase.py[line:56] - INFO: select * from record_201808 where emp_id=000001 and time like '2018-08-25%'
2018-09-04 16:53:21,139 - DataBase.py[line:56] - INFO: select * from record_201808 where emp_id=000001 and time<'2018-08-25'
2018-09-04 16:53:21,139 - DataBase.py[line:56] - INFO: select * from record_201808 where emp_id=000001 and time like '2018-08-26%'
2018-09-04 16:53:21,140 - DataBase.py[line:56] - INFO: select * from record_201808 where emp_id=000001 and time<'2018-08-26'
2018-09-04 16:53:21,140 - DataBase.py[line:56] - INFO: select * from record_201808 where emp_id=000001 and time like '2018-08-27%'
2018-09-04 16:53:21,141 - DataBase.py[line:56] - INFO: select * from record_201808 where emp_id=000001 and time<'2018-08-27'
2018-09-04 16:53:21,141 - DataBase.py[line:56] - INFO: select * from record_201808 where emp_id=000001 and time like '2018-08-28%'
2018-09-04 16:53:21,142 - DataBase.py[line:56] - INFO: select * from record_201808 where emp_id=000001 and time like '2018-08-29%'
2018-09-04 16:53:21,142 - DataBase.py[line:56] - INFO: select * from record_201808 where emp_id=000001 and time<'2018-08-29'
2018-09-04 16:53:21,142 - DataBase.py[line:56] - INFO: select * from record_201808 where emp_id=000001 and time like '2018-08-30%'
2018-09-04 16:53:21,143 - DataBase.py[line:56] - INFO: select * from record_201808 where emp_id=000001 and time like '2018-08-31%'
2018-09-04 16:53:21,144 - DataBase.py[line:56] - INFO: select * from record_201808 where emp_id=000001 and time<'2018-08-31'
2018-09-04 16:53:21,144 - DataBase.py[line:56] - INFO: select * from record_201808 where emp_id=000002 and time like '2018-08-01%'
2018-09-04 16:53:21,145 - DataBase.py[line:56] - INFO: select * from record_201808 where emp_id=000002 and time<'2018-08-01'
2018-09-04 16:53:21,145 - DataBase.py[line:56] - INFO: select * from record_201808 where emp_id=000002 and time like '2018-08-02%'
2018-09-04 16:53:21,146 - DataBase.py[line:56] - INFO: select * from record_201808 where emp_id=000002 and time<'2018-08-02'
2018-09-04 16:53:21,146 - DataBase.py[line:56] - INFO: select * from record_201808 where emp_id=000002 and time like '2018-08-03%'
2018-09-04 16:53:21,146 - DataBase.py[line:56] - INFO: select * from record_201808 where emp_id=000002 and time<'2018-08-03'
2018-09-04 16:53:21,147 - DataBase.py[line:56] - INFO: select * from record_201808 where emp_id=000002 and time like '2018-08-04%'
2018-09-04 16:53:21,147 - DataBase.py[line:56] - INFO: select * from record_201808 where emp_id=000002 and time<'2018-08-04'
2018-09-04 16:53:21,148 - DataBase.py[line:56] - INFO: select * from record_201808 where emp_id=000002 and time like '2018-08-05%'
2018-09-04 16:53:21,148 - DataBase.py[line:56] - INFO: select * from record_201808 where emp_id=000002 and time<'2018-08-05'
2018-09-04 16:53:21,149 - DataBase.py[line:56] - INFO: select * from record_201808 where emp_id=000002 and time like '2018-08-06%'
2018-09-04 16:53:21,149 - DataBase.py[line:56] - INFO: select * from record_201808 where emp_id=000002 and time<'2018-08-06'
2018-09-04 16:53:21,150 - DataBase.py[line:56] - INFO: select * from record_201808 where emp_id=000002 and time like '2018-08-07%'
2018-09-04 16:53:21,150 - DataBase.py[line:56] - INFO: select * from record_201808 where emp_id=000002 and time<'2018-08-07'
2018-09-04 16:53:21,151 - DataBase.py[line:56] - INFO: select * from record_201808 where emp_id=000002 and time like '2018-08-08%'
2018-09-04 16:53:21,151 - DataBase.py[line:56] - INFO: select * from record_201808 where emp_id=000002 and time<'2018-08-08'
2018-09-04 16:53:21,152 - DataBase.py[line:56] - INFO: select * from record_201808 where emp_id=000002 and time like '2018-08-09%'
2018-09-04 16:53:21,153 - DataBase.py[line:56] - INFO: select * from record_201808 where emp_id=000002 and time<'2018-08-09'
2018-09-04 16:53:21,154 - DataBase.py[line:56] - INFO: select * from record_201808 where emp_id=000002 and time like '2018-08-10%'
2018-09-04 16:53:21,155 - DataBase.py[line:56] - INFO: select * from record_201808 where emp_id=000002 and time<'2018-08-10'
2018-09-04 16:53:21,156 - DataBase.py[line:56] - INFO: select * from record_201808 where emp_id=000002 and time like '2018-08-11%'
2018-09-04 16:53:21,157 - DataBase.py[line:56] - INFO: select * from record_201808 where emp_id=000002 and time<'2018-08-11'
2018-09-04 16:53:21,158 - DataBase.py[line:56] - INFO: select * from record_201808 where emp_id=000002 and time like '2018-08-12%'
2018-09-04 16:53:21,159 - DataBase.py[line:56] - INFO: select * from record_201808 where emp_id=000002 and time<'2018-08-12'
2018-09-04 16:53:21,159 - DataBase.py[line:56] - INFO: select * from record_201808 where emp_id=000002 and time like '2018-08-13%'
2018-09-04 16:53:21,162 - DataBase.py[line:56] - INFO: select * from record_201808 where emp_id=000002 and time<'2018-08-13'
2018-09-04 16:53:21,163 - DataBase.py[line:56] - INFO: select * from record_201808 where emp_id=000002 and time like '2018-08-14%'
2018-09-04 16:53:21,163 - DataBase.py[line:56] - INFO: select * from record_201808 where emp_id=000002 and time<'2018-08-14'
2018-09-04 16:53:21,164 - DataBase.py[line:56] - INFO: select * from record_201808 where emp_id=000002 and time like '2018-08-15%'
2018-09-04 16:53:21,165 - DataBase.py[line:56] - INFO: select * from record_201808 where emp_id=000002 and time<'2018-08-15'
2018-09-04 16:53:21,165 - DataBase.py[line:56] - INFO: select * from record_201808 where emp_id=000002 and time like '2018-08-16%'
2018-09-04 16:53:21,166 - DataBase.py[line:56] - INFO: select * from record_201808 where emp_id=000002 and time<'2018-08-16'
2018-09-04 16:53:21,166 - DataBase.py[line:56] - INFO: select * from record_201808 where emp_id=000002 and time like '2018-08-17%'
2018-09-04 16:53:21,167 - DataBase.py[line:56] - INFO: select * from record_201808 where emp_id=000002 and time<'2018-08-17'
2018-09-04 16:53:21,167 - DataBase.py[line:56] - INFO: select * from record_201808 where emp_id=000002 and time like '2018-08-18%'
2018-09-04 16:53:21,168 - DataBase.py[line:56] - INFO: select * from record_201808 where emp_id=000002 and time<'2018-08-18'
2018-09-04 16:53:21,168 - DataBase.py[line:56] - INFO: select * from record_201808 where emp_id=000002 and time like '2018-08-19%'
2018-09-04 16:53:21,169 - DataBase.py[line:56] - INFO: select * from record_201808 where emp_id=000002 and time<'2018-08-19'
2018-09-04 16:53:21,170 - DataBase.py[line:56] - INFO: select * from record_201808 where emp_id=000002 and time like '2018-08-20%'
2018-09-04 16:53:21,172 - DataBase.py[line:56] - INFO: select * from record_201808 where emp_id=000002 and time<'2018-08-20'
2018-09-04 16:53:21,176 - DataBase.py[line:56] - INFO: select * from record_201808 where emp_id=000002 and time like '2018-08-21%'
2018-09-04 16:53:21,176 - DataBase.py[line:56] - INFO: select * from record_201808 where emp_id=000002 and time<'2018-08-21'
2018-09-04 16:53:21,177 - DataBase.py[line:56] - INFO: select * from record_201808 where emp_id=000002 and time like '2018-08-22%'
2018-09-04 16:53:21,178 - DataBase.py[line:56] - INFO: select * from record_201808 where emp_id=000002 and time<'2018-08-22'
2018-09-04 16:53:21,179 - DataBase.py[line:56] - INFO: select * from record_201808 where emp_id=000002 and time like '2018-08-23%'
2018-09-04 16:53:21,180 - DataBase.py[line:56] - INFO: select * from record_201808 where emp_id=000002 and time<'2018-08-23'
2018-09-04 16:53:21,184 - DataBase.py[line:56] - INFO: select * from record_201808 where emp_id=000002 and time like '2018-08-24%'
2018-09-04 16:53:21,185 - DataBase.py[line:56] - INFO: select * from record_201808 where emp_id=000002 and time<'2018-08-24'
2018-09-04 16:53:21,186 - DataBase.py[line:56] - INFO: select * from record_201808 where emp_id=000002 and time like '2018-08-25%'
2018-09-04 16:53:21,187 - DataBase.py[line:56] - INFO: select * from record_201808 where emp_id=000002 and time<'2018-08-25'
2018-09-04 16:53:21,187 - DataBase.py[line:56] - INFO: select * from record_201808 where emp_id=000002 and time like '2018-08-26%'
2018-09-04 16:53:21,188 - DataBase.py[line:56] - INFO: select * from record_201808 where emp_id=000002 and time<'2018-08-26'
2018-09-04 16:53:21,188 - DataBase.py[line:56] - INFO: select * from record_201808 where emp_id=000002 and time like '2018-08-27%'
2018-09-04 16:53:21,189 - DataBase.py[line:56] - INFO: select * from record_201808 where emp_id=000002 and time<'2018-08-27'
2018-09-04 16:53:21,189 - DataBase.py[line:56] - INFO: select * from record_201808 where emp_id=000002 and time like '2018-08-28%'
2018-09-04 16:53:21,190 - DataBase.py[line:56] - INFO: select * from record_201808 where emp_id=000002 and time<'2018-08-28'
2018-09-04 16:53:21,190 - DataBase.py[line:56] - INFO: select * from record_201808 where emp_id=000002 and time like '2018-08-29%'
2018-09-04 16:53:21,191 - DataBase.py[line:56] - INFO: select * from record_201808 where emp_id=000002 and time<'2018-08-29'
2018-09-04 16:53:21,192 - DataBase.py[line:56] - INFO: select * from record_201808 where emp_id=000002 and time like '2018-08-30%'
2018-09-04 16:53:21,193 - DataBase.py[line:56] - INFO: select * from record_201808 where emp_id=000002 and time<'2018-08-30'
2018-09-04 16:53:21,193 - DataBase.py[line:56] - INFO: select * from record_201808 where emp_id=000002 and time like '2018-08-31%'
2018-09-04 16:53:21,194 - DataBase.py[line:56] - INFO: select * from record_201808 where emp_id=000002 and time<'2018-08-31'
2018-09-04 16:53:21,194 - DataBase.py[line:56] - INFO: select * from record_201808 where emp_id=000003 and time like '2018-08-01%'
2018-09-04 16:53:21,195 - DataBase.py[line:56] - INFO: select * from record_201808 where emp_id=000003 and time<'2018-08-01'
2018-09-04 16:53:21,195 - DataBase.py[line:56] - INFO: select * from record_201808 where emp_id=000003 and time like '2018-08-02%'
2018-09-04 16:53:21,197 - DataBase.py[line:56] - INFO: select * from record_201808 where emp_id=000003 and time<'2018-08-02'
2018-09-04 16:53:21,197 - DataBase.py[line:56] - INFO: select * from record_201808 where emp_id=000003 and time like '2018-08-03%'
2018-09-04 16:53:21,198 - DataBase.py[line:56] - INFO: select * from record_201808 where emp_id=000003 and time<'2018-08-03'
2018-09-04 16:53:21,199 - DataBase.py[line:56] - INFO: select * from record_201808 where emp_id=000003 and time like '2018-08-04%'
2018-09-04 16:53:21,200 - DataBase.py[line:56] - INFO: select * from record_201808 where emp_id=000003 and time<'2018-08-04'
2018-09-04 16:53:21,200 - DataBase.py[line:56] - INFO: select * from record_201808 where emp_id=000003 and time like '2018-08-05%'
2018-09-04 16:53:21,201 - DataBase.py[line:56] - INFO: select * from record_201808 where emp_id=000003 and time<'2018-08-05'
2018-09-04 16:53:21,201 - DataBase.py[line:56] - INFO: select * from record_201808 where emp_id=000003 and time like '2018-08-06%'
2018-09-04 16:53:21,202 - DataBase.py[line:56] - INFO: select * from record_201808 where emp_id=000003 and time<'2018-08-06'
2018-09-04 16:53:21,203 - DataBase.py[line:56] - INFO: select * from record_201808 where emp_id=000003 and time like '2018-08-07%'
2018-09-04 16:53:21,205 - DataBase.py[line:56] - INFO: select * from record_201808 where emp_id=000003 and time<'2018-08-07'
2018-09-04 16:53:21,205 - DataBase.py[line:56] - INFO: select * from record_201808 where emp_id=000003 and time like '2018-08-08%'
2018-09-04 16:53:21,207 - DataBase.py[line:56] - INFO: select * from record_201808 where emp_id=000003 and time<'2018-08-08'
2018-09-04 16:53:21,207 - DataBase.py[line:56] - INFO: select * from record_201808 where emp_id=000003 and time like '2018-08-09%'
2018-09-04 16:53:21,208 - DataBase.py[line:56] - INFO: select * from record_201808 where emp_id=000003 and time<'2018-08-09'
2018-09-04 16:53:21,209 - DataBase.py[line:56] - INFO: select * from record_201808 where emp_id=000003 and time like '2018-08-10%'
2018-09-04 16:53:21,209 - DataBase.py[line:56] - INFO: select * from record_201808 where emp_id=000003 and time<'2018-08-10'
2018-09-04 16:53:21,210 - DataBase.py[line:56] - INFO: select * from record_201808 where emp_id=000003 and time like '2018-08-11%'
2018-09-04 16:53:21,210 - DataBase.py[line:56] - INFO: select * from record_201808 where emp_id=000003 and time<'2018-08-11'
2018-09-04 16:53:21,211 - DataBase.py[line:56] - INFO: select * from record_201808 where emp_id=000003 and time like '2018-08-12%'
2018-09-04 16:53:21,212 - DataBase.py[line:56] - INFO: select * from record_201808 where emp_id=000003 and time<'2018-08-12'
2018-09-04 16:53:21,212 - DataBase.py[line:56] - INFO: select * from record_201808 where emp_id=000003 and time like '2018-08-13%'
2018-09-04 16:53:21,213 - DataBase.py[line:56] - INFO: select * from record_201808 where emp_id=000003 and time<'2018-08-13'
2018-09-04 16:53:21,213 - DataBase.py[line:56] - INFO: select * from record_201808 where emp_id=000003 and time like '2018-08-14%'
2018-09-04 16:53:21,214 - DataBase.py[line:56] - INFO: select * from record_201808 where emp_id=000003 and time<'2018-08-14'
2018-09-04 16:53:21,215 - DataBase.py[line:56] - INFO: select * from record_201808 where emp_id=000003 and time like '2018-08-15%'
2018-09-04 16:53:21,215 - DataBase.py[line:56] - INFO: select * from record_201808 where emp_id=000003 and time<'2018-08-15'
2018-09-04 16:53:21,216 - DataBase.py[line:56] - INFO: select * from record_201808 where emp_id=000003 and time like '2018-08-16%'
2018-09-04 16:53:21,216 - DataBase.py[line:56] - INFO: select * from record_201808 where emp_id=000003 and time<'2018-08-16'
2018-09-04 16:53:21,217 - DataBase.py[line:56] - INFO: select * from record_201808 where emp_id=000003 and time like '2018-08-17%'
2018-09-04 16:53:21,217 - DataBase.py[line:56] - INFO: select * from record_201808 where emp_id=000003 and time<'2018-08-17'
2018-09-04 16:53:21,218 - DataBase.py[line:56] - INFO: select * from record_201808 where emp_id=000003 and time like '2018-08-18%'
2018-09-04 16:53:21,218 - DataBase.py[line:56] - INFO: select * from record_201808 where emp_id=000003 and time<'2018-08-18'
2018-09-04 16:53:21,219 - DataBase.py[line:56] - INFO: select * from record_201808 where emp_id=000003 and time like '2018-08-19%'
2018-09-04 16:53:21,220 - DataBase.py[line:56] - INFO: select * from record_201808 where emp_id=000003 and time<'2018-08-19'
2018-09-04 16:53:21,220 - DataBase.py[line:56] - INFO: select * from record_201808 where emp_id=000003 and time like '2018-08-20%'
2018-09-04 16:53:21,221 - DataBase.py[line:56] - INFO: select * from record_201808 where emp_id=000003 and time<'2018-08-20'
2018-09-04 16:53:21,221 - DataBase.py[line:56] - INFO: select * from record_201808 where emp_id=000003 and time like '2018-08-21%'
2018-09-04 16:53:21,222 - DataBase.py[line:56] - INFO: select * from record_201808 where emp_id=000003 and time<'2018-08-21'
2018-09-04 16:53:21,222 - DataBase.py[line:56] - INFO: select * from record_201808 where emp_id=000003 and time like '2018-08-22%'
2018-09-04 16:53:21,223 - DataBase.py[line:56] - INFO: select * from record_201808 where emp_id=000003 and time<'2018-08-22'
2018-09-04 16:53:21,223 - DataBase.py[line:56] - INFO: select * from record_201808 where emp_id=000003 and time like '2018-08-23%'
2018-09-04 16:53:21,224 - DataBase.py[line:56] - INFO: select * from record_201808 where emp_id=000003 and time<'2018-08-23'
2018-09-04 16:53:21,224 - DataBase.py[line:56] - INFO: select * from record_201808 where emp_id=000003 and time like '2018-08-24%'
2018-09-04 16:53:21,224 - DataBase.py[line:56] - INFO: select * from record_201808 where emp_id=000003 and time<'2018-08-24'
2018-09-04 16:53:21,225 - DataBase.py[line:56] - INFO: select * from record_201808 where emp_id=000003 and time like '2018-08-25%'
2018-09-04 16:53:21,225 - DataBase.py[line:56] - INFO: select * from record_201808 where emp_id=000003 and time<'2018-08-25'
2018-09-04 16:53:21,226 - DataBase.py[line:56] - INFO: select * from record_201808 where emp_id=000003 and time like '2018-08-26%'
2018-09-04 16:53:21,226 - DataBase.py[line:56] - INFO: select * from record_201808 where emp_id=000003 and time<'2018-08-26'
2018-09-04 16:53:21,226 - DataBase.py[line:56] - INFO: select * from record_201808 where emp_id=000003 and time like '2018-08-27%'
2018-09-04 16:53:21,227 - DataBase.py[line:56] - INFO: select * from record_201808 where emp_id=000003 and time<'2018-08-27'
2018-09-04 16:53:21,227 - DataBase.py[line:56] - INFO: select * from record_201808 where emp_id=000003 and time like '2018-08-28%'
2018-09-04 16:53:21,227 - DataBase.py[line:56] - INFO: select * from record_201808 where emp_id=000003 and time<'2018-08-28'
2018-09-04 16:53:21,228 - DataBase.py[line:56] - INFO: select * from record_201808 where emp_id=000003 and time like '2018-08-29%'
2018-09-04 16:53:21,228 - DataBase.py[line:56] - INFO: select * from record_201808 where emp_id=000003 and time<'2018-08-29'
2018-09-04 16:53:21,228 - DataBase.py[line:56] - INFO: select * from record_201808 where emp_id=000003 and time like '2018-08-30%'
2018-09-04 16:53:21,229 - DataBase.py[line:56] - INFO: select * from record_201808 where emp_id=000003 and time<'2018-08-30'
2018-09-04 16:53:21,229 - DataBase.py[line:56] - INFO: select * from record_201808 where emp_id=000003 and time like '2018-08-31%'
2018-09-04 16:53:21,230 - DataBase.py[line:56] - INFO: select * from record_201808 where emp_id=000003 and time<'2018-08-31'
2018-09-04 16:53:21,230 - DataBase.py[line:56] - INFO: select * from record_201808 where emp_id=000004 and time like '2018-08-01%'
2018-09-04 16:53:21,231 - DataBase.py[line:56] - INFO: select * from record_201808 where emp_id=000004 and time<'2018-08-01'
2018-09-04 16:53:21,231 - DataBase.py[line:56] - INFO: select * from record_201808 where emp_id=000004 and time like '2018-08-02%'
2018-09-04 16:53:21,232 - DataBase.py[line:56] - INFO: select * from record_201808 where emp_id=000004 and time<'2018-08-02'
2018-09-04 16:53:21,233 - DataBase.py[line:56] - INFO: select * from record_201808 where emp_id=000004 and time like '2018-08-03%'
2018-09-04 16:53:21,233 - DataBase.py[line:56] - INFO: select * from record_201808 where emp_id=000004 and time<'2018-08-03'
2018-09-04 16:53:21,233 - DataBase.py[line:56] - INFO: select * from record_201808 where emp_id=000004 and time like '2018-08-04%'
2018-09-04 16:53:21,234 - DataBase.py[line:56] - INFO: select * from record_201808 where emp_id=000004 and time<'2018-08-04'
2018-09-04 16:53:21,234 - DataBase.py[line:56] - INFO: select * from record_201808 where emp_id=000004 and time like '2018-08-05%'
2018-09-04 16:53:21,235 - DataBase.py[line:56] - INFO: select * from record_201808 where emp_id=000004 and time<'2018-08-05'
2018-09-04 16:53:21,235 - DataBase.py[line:56] - INFO: select * from record_201808 where emp_id=000004 and time like '2018-08-06%'
2018-09-04 16:53:21,236 - DataBase.py[line:56] - INFO: select * from record_201808 where emp_id=000004 and time<'2018-08-06'
2018-09-04 16:53:21,236 - DataBase.py[line:56] - INFO: select * from record_201808 where emp_id=000004 and time like '2018-08-07%'
2018-09-04 16:53:21,237 - DataBase.py[line:56] - INFO: select * from record_201808 where emp_id=000004 and time<'2018-08-07'
2018-09-04 16:53:21,237 - DataBase.py[line:56] - INFO: select * from record_201808 where emp_id=000004 and time like '2018-08-08%'
2018-09-04 16:53:21,237 - DataBase.py[line:56] - INFO: select * from record_201808 where emp_id=000004 and time<'2018-08-08'
2018-09-04 16:53:21,238 - DataBase.py[line:56] - INFO: select * from record_201808 where emp_id=000004 and time like '2018-08-09%'
2018-09-04 16:53:21,238 - DataBase.py[line:56] - INFO: select * from record_201808 where emp_id=000004 and time<'2018-08-09'
2018-09-04 16:53:21,239 - DataBase.py[line:56] - INFO: select * from record_201808 where emp_id=000004 and time like '2018-08-10%'
2018-09-04 16:53:21,239 - DataBase.py[line:56] - INFO: select * from record_201808 where emp_id=000004 and time<'2018-08-10'
2018-09-04 16:53:21,239 - DataBase.py[line:56] - INFO: select * from record_201808 where emp_id=000004 and time like '2018-08-11%'
2018-09-04 16:53:21,240 - DataBase.py[line:56] - INFO: select * from record_201808 where emp_id=000004 and time<'2018-08-11'
2018-09-04 16:53:21,240 - DataBase.py[line:56] - INFO: select * from record_201808 where emp_id=000004 and time like '2018-08-12%'
2018-09-04 16:53:21,240 - DataBase.py[line:56] - INFO: select * from record_201808 where emp_id=000004 and time<'2018-08-12'
2018-09-04 16:53:21,241 - DataBase.py[line:56] - INFO: select * from record_201808 where emp_id=000004 and time like '2018-08-13%'
2018-09-04 16:53:21,241 - DataBase.py[line:56] - INFO: select * from record_201808 where emp_id=000004 and time<'2018-08-13'
2018-09-04 16:53:21,241 - DataBase.py[line:56] - INFO: select * from record_201808 where emp_id=000004 and time like '2018-08-14%'
2018-09-04 16:53:21,242 - DataBase.py[line:56] - INFO: select * from record_201808 where emp_id=000004 and time<'2018-08-14'
2018-09-04 16:53:21,242 - DataBase.py[line:56] - INFO: select * from record_201808 where emp_id=000004 and time like '2018-08-15%'
2018-09-04 16:53:21,242 - DataBase.py[line:56] - INFO: select * from record_201808 where emp_id=000004 and time<'2018-08-15'
2018-09-04 16:53:21,243 - DataBase.py[line:56] - INFO: select * from record_201808 where emp_id=000004 and time like '2018-08-16%'
2018-09-04 16:53:21,243 - DataBase.py[line:56] - INFO: select * from record_201808 where emp_id=000004 and time<'2018-08-16'
2018-09-04 16:53:21,243 - DataBase.py[line:56] - INFO: select * from record_201808 where emp_id=000004 and time like '2018-08-17%'
2018-09-04 16:53:21,244 - DataBase.py[line:56] - INFO: select * from record_201808 where emp_id=000004 and time<'2018-08-17'
2018-09-04 16:53:21,244 - DataBase.py[line:56] - INFO: select * from record_201808 where emp_id=000004 and time like '2018-08-18%'
2018-09-04 16:53:21,245 - DataBase.py[line:56] - INFO: select * from record_201808 where emp_id=000004 and time<'2018-08-18'
2018-09-04 16:53:21,245 - DataBase.py[line:56] - INFO: select * from record_201808 where emp_id=000004 and time like '2018-08-19%'
2018-09-04 16:53:21,245 - DataBase.py[line:56] - INFO: select * from record_201808 where emp_id=000004 and time<'2018-08-19'
2018-09-04 16:53:21,246 - DataBase.py[line:56] - INFO: select * from record_201808 where emp_id=000004 and time like '2018-08-20%'
2018-09-04 16:53:21,246 - DataBase.py[line:56] - INFO: select * from record_201808 where emp_id=000004 and time<'2018-08-20'
2018-09-04 16:53:21,246 - DataBase.py[line:56] - INFO: select * from record_201808 where emp_id=000004 and time like '2018-08-21%'
2018-09-04 16:53:21,247 - DataBase.py[line:56] - INFO: select * from record_201808 where emp_id=000004 and time<'2018-08-21'
2018-09-04 16:53:21,247 - DataBase.py[line:56] - INFO: select * from record_201808 where emp_id=000004 and time like '2018-08-22%'
2018-09-04 16:53:21,247 - DataBase.py[line:56] - INFO: select * from record_201808 where emp_id=000004 and time<'2018-08-22'
2018-09-04 16:53:21,248 - DataBase.py[line:56] - INFO: select * from record_201808 where emp_id=000004 and time like '2018-08-23%'
2018-09-04 16:53:21,248 - DataBase.py[line:56] - INFO: select * from record_201808 where emp_id=000004 and time<'2018-08-23'
2018-09-04 16:53:21,248 - DataBase.py[line:56] - INFO: select * from record_201808 where emp_id=000004 and time like '2018-08-24%'
2018-09-04 16:53:21,249 - DataBase.py[line:56] - INFO: select * from record_201808 where emp_id=000004 and time<'2018-08-24'
2018-09-04 16:53:21,249 - DataBase.py[line:56] - INFO: select * from record_201808 where emp_id=000004 and time like '2018-08-25%'
2018-09-04 16:53:21,249 - DataBase.py[line:56] - INFO: select * from record_201808 where emp_id=000004 and time<'2018-08-25'
2018-09-04 16:53:21,250 - DataBase.py[line:56] - INFO: select * from record_201808 where emp_id=000004 and time like '2018-08-26%'
2018-09-04 16:53:21,250 - DataBase.py[line:56] - INFO: select * from record_201808 where emp_id=000004 and time<'2018-08-26'
2018-09-04 16:53:21,251 - DataBase.py[line:56] - INFO: select * from record_201808 where emp_id=000004 and time like '2018-08-27%'
2018-09-04 16:53:21,251 - DataBase.py[line:56] - INFO: select * from record_201808 where emp_id=000004 and time<'2018-08-27'
2018-09-04 16:53:21,251 - DataBase.py[line:56] - INFO: select * from record_201808 where emp_id=000004 and time like '2018-08-28%'
2018-09-04 16:53:21,252 - DataBase.py[line:56] - INFO: select * from record_201808 where emp_id=000004 and time<'2018-08-28'
2018-09-04 16:53:21,252 - DataBase.py[line:56] - INFO: select * from record_201808 where emp_id=000004 and time like '2018-08-29%'
2018-09-04 16:53:21,252 - DataBase.py[line:56] - INFO: select * from record_201808 where emp_id=000004 and time<'2018-08-29'
2018-09-04 16:53:21,253 - DataBase.py[line:56] - INFO: select * from record_201808 where emp_id=000004 and time like '2018-08-30%'
2018-09-04 16:53:21,253 - DataBase.py[line:56] - INFO: select * from record_201808 where emp_id=000004 and time<'2018-08-30'
2018-09-04 16:53:21,254 - DataBase.py[line:56] - INFO: select * from record_201808 where emp_id=000004 and time like '2018-08-31%'
2018-09-04 16:53:21,254 - DataBase.py[line:56] - INFO: select * from record_201808 where emp_id=000004 and time<'2018-08-31'
2018-09-04 16:53:21,254 - DataBase.py[line:56] - INFO: select * from record_201808 where emp_id=000005 and time like '2018-08-01%'
2018-09-04 16:53:21,255 - DataBase.py[line:56] - INFO: select * from record_201808 where emp_id=000005 and time<'2018-08-01'
2018-09-04 16:53:21,255 - DataBase.py[line:56] - INFO: select * from record_201808 where emp_id=000005 and time like '2018-08-02%'
2018-09-04 16:53:21,256 - DataBase.py[line:56] - INFO: select * from record_201808 where emp_id=000005 and time<'2018-08-02'
2018-09-04 16:53:21,256 - DataBase.py[line:56] - INFO: select * from record_201808 where emp_id=000005 and time like '2018-08-03%'
2018-09-04 16:53:21,256 - DataBase.py[line:56] - INFO: select * from record_201808 where emp_id=000005 and time<'2018-08-03'
2018-09-04 16:53:21,257 - DataBase.py[line:56] - INFO: select * from record_201808 where emp_id=000005 and time like '2018-08-04%'
2018-09-04 16:53:21,257 - DataBase.py[line:56] - INFO: select * from record_201808 where emp_id=000005 and time<'2018-08-04'
2018-09-04 16:53:21,258 - DataBase.py[line:56] - INFO: select * from record_201808 where emp_id=000005 and time like '2018-08-05%'
2018-09-04 16:53:21,258 - DataBase.py[line:56] - INFO: select * from record_201808 where emp_id=000005 and time<'2018-08-05'
2018-09-04 16:53:21,258 - DataBase.py[line:56] - INFO: select * from record_201808 where emp_id=000005 and time like '2018-08-06%'
2018-09-04 16:53:21,259 - DataBase.py[line:56] - INFO: select * from record_201808 where emp_id=000005 and time<'2018-08-06'
2018-09-04 16:53:21,259 - DataBase.py[line:56] - INFO: select * from record_201808 where emp_id=000005 and time like '2018-08-07%'
2018-09-04 16:53:21,259 - DataBase.py[line:56] - INFO: select * from record_201808 where emp_id=000005 and time<'2018-08-07'
2018-09-04 16:53:21,260 - DataBase.py[line:56] - INFO: select * from record_201808 where emp_id=000005 and time like '2018-08-08%'
2018-09-04 16:53:21,260 - DataBase.py[line:56] - INFO: select * from record_201808 where emp_id=000005 and time<'2018-08-08'
2018-09-04 16:53:21,261 - DataBase.py[line:56] - INFO: select * from record_201808 where emp_id=000005 and time like '2018-08-09%'
2018-09-04 16:53:21,261 - DataBase.py[line:56] - INFO: select * from record_201808 where emp_id=000005 and time<'2018-08-09'
2018-09-04 16:53:21,262 - DataBase.py[line:56] - INFO: select * from record_201808 where emp_id=000005 and time like '2018-08-10%'
2018-09-04 16:53:21,262 - DataBase.py[line:56] - INFO: select * from record_201808 where emp_id=000005 and time<'2018-08-10'
2018-09-04 16:53:21,262 - DataBase.py[line:56] - INFO: select * from record_201808 where emp_id=000005 and time like '2018-08-11%'
2018-09-04 16:53:21,263 - DataBase.py[line:56] - INFO: select * from record_201808 where emp_id=000005 and time<'2018-08-11'
2018-09-04 16:53:21,263 - DataBase.py[line:56] - INFO: select * from record_201808 where emp_id=000005 and time like '2018-08-12%'
2018-09-04 16:53:21,263 - DataBase.py[line:56] - INFO: select * from record_201808 where emp_id=000005 and time<'2018-08-12'
2018-09-04 16:53:21,264 - DataBase.py[line:56] - INFO: select * from record_201808 where emp_id=000005 and time like '2018-08-13%'
2018-09-04 16:53:21,264 - DataBase.py[line:56] - INFO: select * from record_201808 where emp_id=000005 and time<'2018-08-13'
2018-09-04 16:53:21,264 - DataBase.py[line:56] - INFO: select * from record_201808 where emp_id=000005 and time like '2018-08-14%'
2018-09-04 16:53:21,265 - DataBase.py[line:56] - INFO: select * from record_201808 where emp_id=000005 and time<'2018-08-14'
2018-09-04 16:53:21,265 - DataBase.py[line:56] - INFO: select * from record_201808 where emp_id=000005 and time like '2018-08-15%'
2018-09-04 16:53:21,266 - DataBase.py[line:56] - INFO: select * from record_201808 where emp_id=000005 and time<'2018-08-15'
2018-09-04 16:53:21,266 - DataBase.py[line:56] - INFO: select * from record_201808 where emp_id=000005 and time like '2018-08-16%'
2018-09-04 16:53:21,266 - DataBase.py[line:56] - INFO: select * from record_201808 where emp_id=000005 and time<'2018-08-16'
2018-09-04 16:53:21,267 - DataBase.py[line:56] - INFO: select * from record_201808 where emp_id=000005 and time like '2018-08-17%'
2018-09-04 16:53:21,267 - DataBase.py[line:56] - INFO: select * from record_201808 where emp_id=000005 and time<'2018-08-17'
2018-09-04 16:53:21,268 - DataBase.py[line:56] - INFO: select * from record_201808 where emp_id=000005 and time like '2018-08-18%'
2018-09-04 16:53:21,268 - DataBase.py[line:56] - INFO: select * from record_201808 where emp_id=000005 and time<'2018-08-18'
2018-09-04 16:53:21,268 - DataBase.py[line:56] - INFO: select * from record_201808 where emp_id=000005 and time like '2018-08-19%'
2018-09-04 16:53:21,269 - DataBase.py[line:56] - INFO: select * from record_201808 where emp_id=000005 and time<'2018-08-19'
2018-09-04 16:53:21,270 - DataBase.py[line:56] - INFO: select * from record_201808 where emp_id=000005 and time like '2018-08-20%'
2018-09-04 16:53:21,270 - DataBase.py[line:56] - INFO: select * from record_201808 where emp_id=000005 and time<'2018-08-20'
2018-09-04 16:53:21,271 - DataBase.py[line:56] - INFO: select * from record_201808 where emp_id=000005 and time like '2018-08-21%'
2018-09-04 16:53:21,271 - DataBase.py[line:56] - INFO: select * from record_201808 where emp_id=000005 and time<'2018-08-21'
2018-09-04 16:53:21,272 - DataBase.py[line:56] - INFO: select * from record_201808 where emp_id=000005 and time like '2018-08-22%'
2018-09-04 16:53:21,272 - DataBase.py[line:56] - INFO: select * from record_201808 where emp_id=000005 and time<'2018-08-22'
2018-09-04 16:53:21,273 - DataBase.py[line:56] - INFO: select * from record_201808 where emp_id=000005 and time like '2018-08-23%'
2018-09-04 16:53:21,273 - DataBase.py[line:56] - INFO: select * from record_201808 where emp_id=000005 and time<'2018-08-23'
2018-09-04 16:53:21,273 - DataBase.py[line:56] - INFO: select * from record_201808 where emp_id=000005 and time like '2018-08-24%'
2018-09-04 16:53:21,274 - DataBase.py[line:56] - INFO: select * from record_201808 where emp_id=000005 and time<'2018-08-24'
2018-09-04 16:53:21,274 - DataBase.py[line:56] - INFO: select * from record_201808 where emp_id=000005 and time like '2018-08-25%'
2018-09-04 16:53:21,275 - DataBase.py[line:56] - INFO: select * from record_201808 where emp_id=000005 and time<'2018-08-25'
2018-09-04 16:53:21,275 - DataBase.py[line:56] - INFO: select * from record_201808 where emp_id=000005 and time like '2018-08-26%'
2018-09-04 16:53:21,275 - DataBase.py[line:56] - INFO: select * from record_201808 where emp_id=000005 and time<'2018-08-26'
2018-09-04 16:53:21,276 - DataBase.py[line:56] - INFO: select * from record_201808 where emp_id=000005 and time like '2018-08-27%'
2018-09-04 16:53:21,276 - DataBase.py[line:56] - INFO: select * from record_201808 where emp_id=000005 and time<'2018-08-27'
2018-09-04 16:53:21,277 - DataBase.py[line:56] - INFO: select * from record_201808 where emp_id=000005 and time like '2018-08-28%'
2018-09-04 16:53:21,277 - DataBase.py[line:56] - INFO: select * from record_201808 where emp_id=000005 and time<'2018-08-28'
2018-09-04 16:53:21,278 - DataBase.py[line:56] - INFO: select * from record_201808 where emp_id=000005 and time like '2018-08-29%'
2018-09-04 16:53:21,278 - DataBase.py[line:56] - INFO: select * from record_201808 where emp_id=000005 and time<'2018-08-29'
2018-09-04 16:53:21,278 - DataBase.py[line:56] - INFO: select * from record_201808 where emp_id=000005 and time like '2018-08-30%'
2018-09-04 16:53:21,279 - DataBase.py[line:56] - INFO: select * from record_201808 where emp_id=000005 and time<'2018-08-30'
2018-09-04 16:53:21,279 - DataBase.py[line:56] - INFO: select * from record_201808 where emp_id=000005 and time like '2018-08-31%'
2018-09-04 16:53:21,280 - DataBase.py[line:56] - INFO: select * from record_201808 where emp_id=000005 and time<'2018-08-31'
2018-09-04 16:53:21,280 - DataBase.py[line:56] - INFO: select * from record_201808 where emp_id=000006 and time like '2018-08-01%'
2018-09-04 16:53:21,280 - DataBase.py[line:56] - INFO: select * from record_201808 where emp_id=000006 and time<'2018-08-01'
2018-09-04 16:53:21,281 - DataBase.py[line:56] - INFO: select * from record_201808 where emp_id=000006 and time like '2018-08-02%'
2018-09-04 16:53:21,281 - DataBase.py[line:56] - INFO: select * from record_201808 where emp_id=000006 and time<'2018-08-02'
2018-09-04 16:53:21,281 - DataBase.py[line:56] - INFO: select * from record_201808 where emp_id=000006 and time like '2018-08-03%'
2018-09-04 16:53:21,282 - DataBase.py[line:56] - INFO: select * from record_201808 where emp_id=000006 and time<'2018-08-03'
2018-09-04 16:53:21,282 - DataBase.py[line:56] - INFO: select * from record_201808 where emp_id=000006 and time like '2018-08-04%'
2018-09-04 16:53:21,282 - DataBase.py[line:56] - INFO: select * from record_201808 where emp_id=000006 and time<'2018-08-04'
2018-09-04 16:53:21,283 - DataBase.py[line:56] - INFO: select * from record_201808 where emp_id=000006 and time like '2018-08-05%'
2018-09-04 16:53:21,283 - DataBase.py[line:56] - INFO: select * from record_201808 where emp_id=000006 and time<'2018-08-05'
2018-09-04 16:53:21,283 - DataBase.py[line:56] - INFO: select * from record_201808 where emp_id=000006 and time like '2018-08-06%'
2018-09-04 16:53:21,284 - DataBase.py[line:56] - INFO: select * from record_201808 where emp_id=000006 and time<'2018-08-06'
2018-09-04 16:53:21,284 - DataBase.py[line:56] - INFO: select * from record_201808 where emp_id=000006 and time like '2018-08-07%'
2018-09-04 16:53:21,285 - DataBase.py[line:56] - INFO: select * from record_201808 where emp_id=000006 and time<'2018-08-07'
2018-09-04 16:53:21,285 - DataBase.py[line:56] - INFO: select * from record_201808 where emp_id=000006 and time like '2018-08-08%'
2018-09-04 16:53:21,285 - DataBase.py[line:56] - INFO: select * from record_201808 where emp_id=000006 and time<'2018-08-08'
2018-09-04 16:53:21,286 - DataBase.py[line:56] - INFO: select * from record_201808 where emp_id=000006 and time like '2018-08-09%'
2018-09-04 16:53:21,286 - DataBase.py[line:56] - INFO: select * from record_201808 where emp_id=000006 and time<'2018-08-09'
2018-09-04 16:53:21,287 - DataBase.py[line:56] - INFO: select * from record_201808 where emp_id=000006 and time like '2018-08-10%'
2018-09-04 16:53:21,287 - DataBase.py[line:56] - INFO: select * from record_201808 where emp_id=000006 and time<'2018-08-10'
2018-09-04 16:53:21,288 - DataBase.py[line:56] - INFO: select * from record_201808 where emp_id=000006 and time like '2018-08-11%'
2018-09-04 16:53:21,288 - DataBase.py[line:56] - INFO: select * from record_201808 where emp_id=000006 and time<'2018-08-11'
2018-09-04 16:53:21,288 - DataBase.py[line:56] - INFO: select * from record_201808 where emp_id=000006 and time like '2018-08-12%'
2018-09-04 16:53:21,289 - DataBase.py[line:56] - INFO: select * from record_201808 where emp_id=000006 and time<'2018-08-12'
2018-09-04 16:53:21,289 - DataBase.py[line:56] - INFO: select * from record_201808 where emp_id=000006 and time like '2018-08-13%'
2018-09-04 16:53:21,290 - DataBase.py[line:56] - INFO: select * from record_201808 where emp_id=000006 and time<'2018-08-13'
2018-09-04 16:53:21,290 - DataBase.py[line:56] - INFO: select * from record_201808 where emp_id=000006 and time like '2018-08-14%'
2018-09-04 16:53:21,291 - DataBase.py[line:56] - INFO: select * from record_201808 where emp_id=000006 and time<'2018-08-14'
2018-09-04 16:53:21,291 - DataBase.py[line:56] - INFO: select * from record_201808 where emp_id=000006 and time like '2018-08-15%'
2018-09-04 16:53:21,292 - DataBase.py[line:56] - INFO: select * from record_201808 where emp_id=000006 and time<'2018-08-15'
2018-09-04 16:53:21,292 - DataBase.py[line:56] - INFO: select * from record_201808 where emp_id=000006 and time like '2018-08-16%'
2018-09-04 16:53:21,292 - DataBase.py[line:56] - INFO: select * from record_201808 where emp_id=000006 and time<'2018-08-16'
2018-09-04 16:53:21,293 - DataBase.py[line:56] - INFO: select * from record_201808 where emp_id=000006 and time like '2018-08-17%'
2018-09-04 16:53:21,293 - DataBase.py[line:56] - INFO: select * from record_201808 where emp_id=000006 and time<'2018-08-17'
2018-09-04 16:53:21,293 - DataBase.py[line:56] - INFO: select * from record_201808 where emp_id=000006 and time like '2018-08-18%'
2018-09-04 16:53:21,294 - DataBase.py[line:56] - INFO: select * from record_201808 where emp_id=000006 and time<'2018-08-18'
2018-09-04 16:53:21,294 - DataBase.py[line:56] - INFO: select * from record_201808 where emp_id=000006 and time like '2018-08-19%'
2018-09-04 16:53:21,295 - DataBase.py[line:56] - INFO: select * from record_201808 where emp_id=000006 and time<'2018-08-19'
2018-09-04 16:53:21,295 - DataBase.py[line:56] - INFO: select * from record_201808 where emp_id=000006 and time like '2018-08-20%'
2018-09-04 16:53:21,296 - DataBase.py[line:56] - INFO: select * from record_201808 where emp_id=000006 and time<'2018-08-20'
2018-09-04 16:53:21,296 - DataBase.py[line:56] - INFO: select * from record_201808 where emp_id=000006 and time like '2018-08-21%'
2018-09-04 16:53:21,296 - DataBase.py[line:56] - INFO: select * from record_201808 where emp_id=000006 and time<'2018-08-21'
2018-09-04 16:53:21,297 - DataBase.py[line:56] - INFO: select * from record_201808 where emp_id=000006 and time like '2018-08-22%'
2018-09-04 16:53:21,297 - DataBase.py[line:56] - INFO: select * from record_201808 where emp_id=000006 and time<'2018-08-22'
2018-09-04 16:53:21,298 - DataBase.py[line:56] - INFO: select * from record_201808 where emp_id=000006 and time like '2018-08-23%'
2018-09-04 16:53:21,298 - DataBase.py[line:56] - INFO: select * from record_201808 where emp_id=000006 and time<'2018-08-23'
2018-09-04 16:53:21,298 - DataBase.py[line:56] - INFO: select * from record_201808 where emp_id=000006 and time like '2018-08-24%'
2018-09-04 16:53:21,299 - DataBase.py[line:56] - INFO: select * from record_201808 where emp_id=000006 and time<'2018-08-24'
2018-09-04 16:53:21,299 - DataBase.py[line:56] - INFO: select * from record_201808 where emp_id=000006 and time like '2018-08-25%'
2018-09-04 16:53:21,300 - DataBase.py[line:56] - INFO: select * from record_201808 where emp_id=000006 and time<'2018-08-25'
2018-09-04 16:53:21,300 - DataBase.py[line:56] - INFO: select * from record_201808 where emp_id=000006 and time like '2018-08-26%'
2018-09-04 16:53:21,300 - DataBase.py[line:56] - INFO: select * from record_201808 where emp_id=000006 and time<'2018-08-26'
2018-09-04 16:53:21,301 - DataBase.py[line:56] - INFO: select * from record_201808 where emp_id=000006 and time like '2018-08-27%'
2018-09-04 16:53:21,301 - DataBase.py[line:56] - INFO: select * from record_201808 where emp_id=000006 and time<'2018-08-27'
2018-09-04 16:53:21,301 - DataBase.py[line:56] - INFO: select * from record_201808 where emp_id=000006 and time like '2018-08-28%'
2018-09-04 16:53:21,302 - DataBase.py[line:56] - INFO: select * from record_201808 where emp_id=000006 and time<'2018-08-28'
2018-09-04 16:53:21,302 - DataBase.py[line:56] - INFO: select * from record_201808 where emp_id=000006 and time like '2018-08-29%'
2018-09-04 16:53:21,303 - DataBase.py[line:56] - INFO: select * from record_201808 where emp_id=000006 and time<'2018-08-29'
2018-09-04 16:53:21,303 - DataBase.py[line:56] - INFO: select * from record_201808 where emp_id=000006 and time like '2018-08-30%'
2018-09-04 16:53:21,303 - DataBase.py[line:56] - INFO: select * from record_201808 where emp_id=000006 and time<'2018-08-30'
2018-09-04 16:53:21,304 - DataBase.py[line:56] - INFO: select * from record_201808 where emp_id=000006 and time like '2018-08-31%'
2018-09-04 16:53:21,304 - DataBase.py[line:56] - INFO: select * from record_201808 where emp_id=000006 and time<'2018-08-31'
2018-09-04 16:53:21,304 - DataBase.py[line:56] - INFO: select * from record_201808 where emp_id=000007 and time like '2018-08-01%'
2018-09-04 16:53:21,305 - DataBase.py[line:56] - INFO: select * from record_201808 where emp_id=000007 and time<'2018-08-01'
2018-09-04 16:53:21,305 - DataBase.py[line:56] - INFO: select * from record_201808 where emp_id=000007 and time like '2018-08-02%'
2018-09-04 16:53:21,306 - DataBase.py[line:56] - INFO: select * from record_201808 where emp_id=000007 and time<'2018-08-02'
2018-09-04 16:53:21,306 - DataBase.py[line:56] - INFO: select * from record_201808 where emp_id=000007 and time like '2018-08-03%'
2018-09-04 16:53:21,306 - DataBase.py[line:56] - INFO: select * from record_201808 where emp_id=000007 and time<'2018-08-03'
2018-09-04 16:53:21,307 - DataBase.py[line:56] - INFO: select * from record_201808 where emp_id=000007 and time like '2018-08-04%'
2018-09-04 16:53:21,307 - DataBase.py[line:56] - INFO: select * from record_201808 where emp_id=000007 and time<'2018-08-04'
2018-09-04 16:53:21,308 - DataBase.py[line:56] - INFO: select * from record_201808 where emp_id=000007 and time like '2018-08-05%'
2018-09-04 16:53:21,308 - DataBase.py[line:56] - INFO: select * from record_201808 where emp_id=000007 and time<'2018-08-05'
2018-09-04 16:53:21,308 - DataBase.py[line:56] - INFO: select * from record_201808 where emp_id=000007 and time like '2018-08-06%'
2018-09-04 16:53:21,309 - DataBase.py[line:56] - INFO: select * from record_201808 where emp_id=000007 and time<'2018-08-06'
2018-09-04 16:53:21,309 - DataBase.py[line:56] - INFO: select * from record_201808 where emp_id=000007 and time like '2018-08-07%'
2018-09-04 16:53:21,310 - DataBase.py[line:56] - INFO: select * from record_201808 where emp_id=000007 and time<'2018-08-07'
2018-09-04 16:53:21,310 - DataBase.py[line:56] - INFO: select * from record_201808 where emp_id=000007 and time like '2018-08-08%'
2018-09-04 16:53:21,311 - DataBase.py[line:56] - INFO: select * from record_201808 where emp_id=000007 and time<'2018-08-08'
2018-09-04 16:53:21,311 - DataBase.py[line:56] - INFO: select * from record_201808 where emp_id=000007 and time like '2018-08-09%'
2018-09-04 16:53:21,311 - DataBase.py[line:56] - INFO: select * from record_201808 where emp_id=000007 and time<'2018-08-09'
2018-09-04 16:53:21,312 - DataBase.py[line:56] - INFO: select * from record_201808 where emp_id=000007 and time like '2018-08-10%'
2018-09-04 16:53:21,312 - DataBase.py[line:56] - INFO: select * from record_201808 where emp_id=000007 and time<'2018-08-10'
2018-09-04 16:53:21,313 - DataBase.py[line:56] - INFO: select * from record_201808 where emp_id=000007 and time like '2018-08-11%'
2018-09-04 16:53:21,313 - DataBase.py[line:56] - INFO: select * from record_201808 where emp_id=000007 and time<'2018-08-11'
2018-09-04 16:53:21,314 - DataBase.py[line:56] - INFO: select * from record_201808 where emp_id=000007 and time like '2018-08-12%'
2018-09-04 16:53:21,314 - DataBase.py[line:56] - INFO: select * from record_201808 where emp_id=000007 and time<'2018-08-12'
2018-09-04 16:53:21,315 - DataBase.py[line:56] - INFO: select * from record_201808 where emp_id=000007 and time like '2018-08-13%'
2018-09-04 16:53:21,315 - DataBase.py[line:56] - INFO: select * from record_201808 where emp_id=000007 and time<'2018-08-13'
2018-09-04 16:53:21,315 - DataBase.py[line:56] - INFO: select * from record_201808 where emp_id=000007 and time like '2018-08-14%'
2018-09-04 16:53:21,316 - DataBase.py[line:56] - INFO: select * from record_201808 where emp_id=000007 and time<'2018-08-14'
2018-09-04 16:53:21,316 - DataBase.py[line:56] - INFO: select * from record_201808 where emp_id=000007 and time like '2018-08-15%'
2018-09-04 16:53:21,317 - DataBase.py[line:56] - INFO: select * from record_201808 where emp_id=000007 and time<'2018-08-15'
2018-09-04 16:53:21,319 - DataBase.py[line:56] - INFO: select * from record_201808 where emp_id=000007 and time like '2018-08-16%'
2018-09-04 16:53:21,320 - DataBase.py[line:56] - INFO: select * from record_201808 where emp_id=000007 and time<'2018-08-16'
2018-09-04 16:53:21,321 - DataBase.py[line:56] - INFO: select * from record_201808 where emp_id=000007 and time like '2018-08-17%'
2018-09-04 16:53:21,321 - DataBase.py[line:56] - INFO: select * from record_201808 where emp_id=000007 and time<'2018-08-17'
2018-09-04 16:53:21,322 - DataBase.py[line:56] - INFO: select * from record_201808 where emp_id=000007 and time like '2018-08-18%'
2018-09-04 16:53:21,322 - DataBase.py[line:56] - INFO: select * from record_201808 where emp_id=000007 and time<'2018-08-18'
2018-09-04 16:53:21,323 - DataBase.py[line:56] - INFO: select * from record_201808 where emp_id=000007 and time like '2018-08-19%'
2018-09-04 16:53:21,323 - DataBase.py[line:56] - INFO: select * from record_201808 where emp_id=000007 and time<'2018-08-19'
2018-09-04 16:53:21,324 - DataBase.py[line:56] - INFO: select * from record_201808 where emp_id=000007 and time like '2018-08-20%'
2018-09-04 16:53:21,324 - DataBase.py[line:56] - INFO: select * from record_201808 where emp_id=000007 and time<'2018-08-20'
2018-09-04 16:53:21,325 - DataBase.py[line:56] - INFO: select * from record_201808 where emp_id=000007 and time like '2018-08-21%'
2018-09-04 16:53:21,325 - DataBase.py[line:56] - INFO: select * from record_201808 where emp_id=000007 and time<'2018-08-21'
2018-09-04 16:53:21,326 - DataBase.py[line:56] - INFO: select * from record_201808 where emp_id=000007 and time like '2018-08-22%'
2018-09-04 16:53:21,326 - DataBase.py[line:56] - INFO: select * from record_201808 where emp_id=000007 and time<'2018-08-22'
2018-09-04 16:53:21,326 - DataBase.py[line:56] - INFO: select * from record_201808 where emp_id=000007 and time like '2018-08-23%'
2018-09-04 16:53:21,327 - DataBase.py[line:56] - INFO: select * from record_201808 where emp_id=000007 and time<'2018-08-23'
2018-09-04 16:53:21,327 - DataBase.py[line:56] - INFO: select * from record_201808 where emp_id=000007 and time like '2018-08-24%'
2018-09-04 16:53:21,328 - DataBase.py[line:56] - INFO: select * from record_201808 where emp_id=000007 and time<'2018-08-24'
2018-09-04 16:53:21,328 - DataBase.py[line:56] - INFO: select * from record_201808 where emp_id=000007 and time like '2018-08-25%'
2018-09-04 16:53:21,328 - DataBase.py[line:56] - INFO: select * from record_201808 where emp_id=000007 and time<'2018-08-25'
2018-09-04 16:53:21,329 - DataBase.py[line:56] - INFO: select * from record_201808 where emp_id=000007 and time like '2018-08-26%'
2018-09-04 16:53:21,329 - DataBase.py[line:56] - INFO: select * from record_201808 where emp_id=000007 and time<'2018-08-26'
2018-09-04 16:53:21,330 - DataBase.py[line:56] - INFO: select * from record_201808 where emp_id=000007 and time like '2018-08-27%'
2018-09-04 16:53:21,330 - DataBase.py[line:56] - INFO: select * from record_201808 where emp_id=000007 and time<'2018-08-27'
2018-09-04 16:53:21,330 - DataBase.py[line:56] - INFO: select * from record_201808 where emp_id=000007 and time like '2018-08-28%'
2018-09-04 16:53:21,331 - DataBase.py[line:56] - INFO: select * from record_201808 where emp_id=000007 and time<'2018-08-28'
2018-09-04 16:53:21,331 - DataBase.py[line:56] - INFO: select * from record_201808 where emp_id=000007 and time like '2018-08-29%'
2018-09-04 16:53:21,332 - DataBase.py[line:56] - INFO: select * from record_201808 where emp_id=000007 and time<'2018-08-29'
2018-09-04 16:53:21,332 - DataBase.py[line:56] - INFO: select * from record_201808 where emp_id=000007 and time like '2018-08-30%'
2018-09-04 16:53:21,333 - DataBase.py[line:56] - INFO: select * from record_201808 where emp_id=000007 and time<'2018-08-30'
2018-09-04 16:53:21,333 - DataBase.py[line:56] - INFO: select * from record_201808 where emp_id=000007 and time like '2018-08-31%'
2018-09-04 16:53:21,334 - DataBase.py[line:56] - INFO: select * from record_201808 where emp_id=000007 and time<'2018-08-31'
