2018-09-07 09:36:49,623 - DataBase.py[line:23] - INFO: database class is creating...
2018-09-07 09:36:50,043 - DataBase.py[line:51] - INFO: database is connecting...
2018-09-07 09:37:09,216 - DataBase.py[line:56] - INFO: select * from empinfo where Emp_id=000001
2018-09-07 09:37:09,275 - DataBase.py[line:56] - INFO: select password from empinfo where Emp_id=000001
2018-09-07 09:37:20,884 - DataBase.py[line:67] - INFO: INSERT INTO `facepro`.`empinfo` (`Emp_id`, `Emp_name`, `Emp_department`, `password`, `Emp_photo`) VALUES ('', '', '', '', 'None')
2018-09-07 09:37:22,204 - DataBase.py[line:67] - INFO: INSERT INTO `facepro`.`empinfo` (`Emp_id`, `Emp_name`, `Emp_department`, `password`, `Emp_photo`) VALUES ('', '', '', '', 'None')
2018-09-07 09:37:22,257 - DataBase.py[line:77] - ERROR: update database exception, (1062, "Duplicate entry '' for key 'PRIMARY'")
2018-09-07 09:37:22,779 - DataBase.py[line:67] - INFO: INSERT INTO `facepro`.`empinfo` (`Emp_id`, `Emp_name`, `Emp_department`, `password`, `Emp_photo`) VALUES ('', '', '', '', 'None')
2018-09-07 09:37:22,840 - DataBase.py[line:77] - ERROR: update database exception, (1062, "Duplicate entry '' for key 'PRIMARY'")
2018-09-07 09:37:23,151 - DataBase.py[line:67] - INFO: INSERT INTO `facepro`.`empinfo` (`Emp_id`, `Emp_name`, `Emp_department`, `password`, `Emp_photo`) VALUES ('', '', '', '', 'None')
2018-09-07 09:37:23,198 - DataBase.py[line:77] - ERROR: update database exception, (1062, "Duplicate entry '' for key 'PRIMARY'")
2018-09-07 09:37:23,354 - DataBase.py[line:67] - INFO: INSERT INTO `facepro`.`empinfo` (`Emp_id`, `Emp_name`, `Emp_department`, `password`, `Emp_photo`) VALUES ('', '', '', '', 'None')
2018-09-07 09:37:23,409 - DataBase.py[line:77] - ERROR: update database exception, (1062, "Duplicate entry '' for key 'PRIMARY'")
2018-09-07 09:37:23,550 - DataBase.py[line:67] - INFO: INSERT INTO `facepro`.`empinfo` (`Emp_id`, `Emp_name`, `Emp_department`, `password`, `Emp_photo`) VALUES ('', '', '', '', 'None')
2018-09-07 09:37:23,621 - DataBase.py[line:77] - ERROR: update database exception, (1062, "Duplicate entry '' for key 'PRIMARY'")
2018-09-07 09:37:23,710 - DataBase.py[line:67] - INFO: INSERT INTO `facepro`.`empinfo` (`Emp_id`, `Emp_name`, `Emp_department`, `password`, `Emp_photo`) VALUES ('', '', '', '', 'None')
2018-09-07 09:37:23,795 - DataBase.py[line:77] - ERROR: update database exception, (1062, "Duplicate entry '' for key 'PRIMARY'")
2018-09-07 09:37:23,883 - DataBase.py[line:67] - INFO: INSERT INTO `facepro`.`empinfo` (`Emp_id`, `Emp_name`, `Emp_department`, `password`, `Emp_photo`) VALUES ('', '', '', '', 'None')
2018-09-07 09:37:24,002 - DataBase.py[line:77] - ERROR: update database exception, (1062, "Duplicate entry '' for key 'PRIMARY'")
2018-09-07 09:37:24,042 - DataBase.py[line:67] - INFO: INSERT INTO `facepro`.`empinfo` (`Emp_id`, `Emp_name`, `Emp_department`, `password`, `Emp_photo`) VALUES ('', '', '', '', 'None')
2018-09-07 09:37:24,105 - DataBase.py[line:77] - ERROR: update database exception, (1062, "Duplicate entry '' for key 'PRIMARY'")
2018-09-07 09:37:36,285 - DataBase.py[line:56] - INFO: select * from empinfo where Emp_id=000001
2018-09-07 09:37:47,557 - DataBase.py[line:56] - INFO: select * from record_201808 where emp_id=000001
2018-09-07 09:37:47,594 - DataBase.py[line:56] - INFO: select * from record_201808 where emp_id=000001 and time like '2018-08-01%'
2018-09-07 09:37:47,634 - DataBase.py[line:56] - INFO: select * from record_201808 where emp_id=000001 and time<'2018-08-01'
2018-09-07 09:37:47,670 - DataBase.py[line:56] - INFO: select * from record_201808 where emp_id=000001 and time like '2018-08-01%'
2018-09-07 09:37:47,706 - DataBase.py[line:56] - INFO: select * from record_201808 where emp_id=000001 and time<'2018-08-01'
2018-09-07 09:37:47,744 - DataBase.py[line:56] - INFO: select * from record_201808 where emp_id=000001 and time like '2018-08-02%'
2018-09-07 09:37:47,779 - DataBase.py[line:56] - INFO: select * from record_201808 where emp_id=000001 and time<'2018-08-02'
2018-09-07 09:37:47,818 - DataBase.py[line:56] - INFO: select * from record_201808 where emp_id=000001 and time like '2018-08-02%'
2018-09-07 09:37:47,857 - DataBase.py[line:56] - INFO: select * from record_201808 where emp_id=000001 and time<'2018-08-02'
2018-09-07 09:37:47,894 - DataBase.py[line:56] - INFO: select * from record_201808 where emp_id=000001 and time like '2018-08-03%'
2018-09-07 09:37:47,931 - DataBase.py[line:56] - INFO: select * from record_201808 where emp_id=000001 and time<'2018-08-03'
2018-09-07 09:37:47,967 - DataBase.py[line:56] - INFO: select * from record_201808 where emp_id=000001 and time like '2018-08-03%'
2018-09-07 09:37:48,004 - DataBase.py[line:56] - INFO: select * from record_201808 where emp_id=000001 and time<'2018-08-03'
2018-09-07 09:37:48,043 - DataBase.py[line:56] - INFO: select * from record_201808 where emp_id=000001 and time like '2018-08-04%'
2018-09-07 09:37:48,084 - DataBase.py[line:56] - INFO: select * from record_201808 where emp_id=000001 and time<'2018-08-04'
2018-09-07 09:37:48,130 - DataBase.py[line:56] - INFO: select * from record_201808 where emp_id=000001 and time like '2018-08-04%'
2018-09-07 09:37:48,167 - DataBase.py[line:56] - INFO: select * from record_201808 where emp_id=000001 and time<'2018-08-04'
2018-09-07 09:37:48,205 - DataBase.py[line:56] - INFO: select * from record_201808 where emp_id=000001 and time like '2018-08-05%'
2018-09-07 09:37:48,242 - DataBase.py[line:56] - INFO: select * from record_201808 where emp_id=000001 and time<'2018-08-05'
2018-09-07 09:37:48,283 - DataBase.py[line:56] - INFO: select * from record_201808 where emp_id=000001 and time like '2018-08-05%'
2018-09-07 09:37:48,321 - DataBase.py[line:56] - INFO: select * from record_201808 where emp_id=000001 and time<'2018-08-05'
2018-09-07 09:37:48,358 - DataBase.py[line:56] - INFO: select * from record_201808 where emp_id=000001 and time like '2018-08-06%'
2018-09-07 09:37:48,403 - DataBase.py[line:56] - INFO: select * from record_201808 where emp_id=000001 and time<'2018-08-06'
2018-09-07 09:37:48,441 - DataBase.py[line:56] - INFO: select * from record_201808 where emp_id=000001 and time like '2018-08-06%'
2018-09-07 09:37:48,478 - DataBase.py[line:56] - INFO: select * from record_201808 where emp_id=000001 and time<'2018-08-06'
2018-09-07 09:37:48,521 - DataBase.py[line:56] - INFO: select * from record_201808 where emp_id=000001 and time like '2018-08-07%'
2018-09-07 09:37:48,560 - DataBase.py[line:56] - INFO: select * from record_201808 where emp_id=000001 and time<'2018-08-07'
2018-09-07 09:37:48,597 - DataBase.py[line:56] - INFO: select * from record_201808 where emp_id=000001 and time like '2018-08-07%'
2018-09-07 09:37:48,634 - DataBase.py[line:56] - INFO: select * from record_201808 where emp_id=000001 and time<'2018-08-07'
2018-09-07 09:37:48,674 - DataBase.py[line:56] - INFO: select * from record_201808 where emp_id=000001 and time like '2018-08-08%'
2018-09-07 09:37:48,716 - DataBase.py[line:56] - INFO: select * from record_201808 where emp_id=000001 and time<'2018-08-08'
2018-09-07 09:37:48,761 - DataBase.py[line:56] - INFO: select * from record_201808 where emp_id=000001 and time like '2018-08-08%'
2018-09-07 09:37:48,804 - DataBase.py[line:56] - INFO: select * from record_201808 where emp_id=000001 and time<'2018-08-08'
2018-09-07 09:37:48,841 - DataBase.py[line:56] - INFO: select * from record_201808 where emp_id=000001 and time like '2018-08-09%'
2018-09-07 09:37:48,884 - DataBase.py[line:56] - INFO: select * from record_201808 where emp_id=000001 and time<'2018-08-09'
2018-09-07 09:37:48,920 - DataBase.py[line:56] - INFO: select * from record_201808 where emp_id=000001 and time like '2018-08-09%'
2018-09-07 09:37:48,960 - DataBase.py[line:56] - INFO: select * from record_201808 where emp_id=000001 and time<'2018-08-09'
2018-09-07 09:37:48,999 - DataBase.py[line:56] - INFO: select * from record_201808 where emp_id=000001 and time like '2018-08-10%'
2018-09-07 09:37:49,036 - DataBase.py[line:56] - INFO: select * from record_201808 where emp_id=000001 and time<'2018-08-10'
2018-09-07 09:37:49,083 - DataBase.py[line:56] - INFO: select * from record_201808 where emp_id=000001 and time like '2018-08-10%'
2018-09-07 09:37:49,137 - DataBase.py[line:56] - INFO: select * from record_201808 where emp_id=000001 and time<'2018-08-10'
2018-09-07 09:37:49,179 - DataBase.py[line:56] - INFO: select * from record_201808 where emp_id=000001 and time like '2018-08-11%'
2018-09-07 09:37:49,216 - DataBase.py[line:56] - INFO: select * from record_201808 where emp_id=000001 and time<'2018-08-11'
2018-09-07 09:37:49,255 - DataBase.py[line:56] - INFO: select * from record_201808 where emp_id=000001 and time like '2018-08-11%'
2018-09-07 09:37:49,292 - DataBase.py[line:56] - INFO: select * from record_201808 where emp_id=000001 and time<'2018-08-11'
2018-09-07 09:37:49,331 - DataBase.py[line:56] - INFO: select * from record_201808 where emp_id=000001 and time like '2018-08-12%'
2018-09-07 09:37:49,367 - DataBase.py[line:56] - INFO: select * from record_201808 where emp_id=000001 and time<'2018-08-12'
2018-09-07 09:37:49,404 - DataBase.py[line:56] - INFO: select * from record_201808 where emp_id=000001 and time like '2018-08-12%'
2018-09-07 09:37:49,445 - DataBase.py[line:56] - INFO: select * from record_201808 where emp_id=000001 and time<'2018-08-12'
2018-09-07 09:37:49,483 - DataBase.py[line:56] - INFO: select * from record_201808 where emp_id=000001 and time like '2018-08-13%'
2018-09-07 09:37:49,519 - DataBase.py[line:56] - INFO: select * from record_201808 where emp_id=000001 and time<'2018-08-13'
2018-09-07 09:37:49,558 - DataBase.py[line:56] - INFO: select * from record_201808 where emp_id=000001 and time like '2018-08-13%'
2018-09-07 09:37:49,597 - DataBase.py[line:56] - INFO: select * from record_201808 where emp_id=000001 and time<'2018-08-13'
2018-09-07 09:37:49,635 - DataBase.py[line:56] - INFO: select * from record_201808 where emp_id=000001 and time like '2018-08-14%'
2018-09-07 09:37:49,671 - DataBase.py[line:56] - INFO: select * from record_201808 where emp_id=000001 and time<'2018-08-14'
2018-09-07 09:37:49,714 - DataBase.py[line:56] - INFO: select * from record_201808 where emp_id=000001 and time like '2018-08-14%'
2018-09-07 09:37:49,750 - DataBase.py[line:56] - INFO: select * from record_201808 where emp_id=000001 and time<'2018-08-14'
2018-09-07 09:37:49,787 - DataBase.py[line:56] - INFO: select * from record_201808 where emp_id=000001 and time like '2018-08-15%'
2018-09-07 09:37:49,826 - DataBase.py[line:56] - INFO: select * from record_201808 where emp_id=000001 and time<'2018-08-15'
2018-09-07 09:37:49,864 - DataBase.py[line:56] - INFO: select * from record_201808 where emp_id=000001 and time like '2018-08-15%'
2018-09-07 09:37:49,906 - DataBase.py[line:56] - INFO: select * from record_201808 where emp_id=000001 and time<'2018-08-15'
2018-09-07 09:37:49,944 - DataBase.py[line:56] - INFO: select * from record_201808 where emp_id=000001 and time like '2018-08-16%'
2018-09-07 09:37:49,982 - DataBase.py[line:56] - INFO: select * from record_201808 where emp_id=000001 and time<'2018-08-16'
2018-09-07 09:37:50,026 - DataBase.py[line:56] - INFO: select * from record_201808 where emp_id=000001 and time like '2018-08-16%'
2018-09-07 09:37:50,075 - DataBase.py[line:56] - INFO: select * from record_201808 where emp_id=000001 and time<'2018-08-16'
2018-09-07 09:37:50,112 - DataBase.py[line:56] - INFO: select * from record_201808 where emp_id=000001 and time like '2018-08-17%'
2018-09-07 09:37:50,148 - DataBase.py[line:56] - INFO: select * from record_201808 where emp_id=000001 and time<'2018-08-17'
2018-09-07 09:37:50,184 - DataBase.py[line:56] - INFO: select * from record_201808 where emp_id=000001 and time like '2018-08-17%'
2018-09-07 09:37:50,222 - DataBase.py[line:56] - INFO: select * from record_201808 where emp_id=000001 and time<'2018-08-17'
2018-09-07 09:37:50,260 - DataBase.py[line:56] - INFO: select * from record_201808 where emp_id=000001 and time like '2018-08-18%'
2018-09-07 09:37:50,297 - DataBase.py[line:56] - INFO: select * from record_201808 where emp_id=000001 and time<'2018-08-18'
2018-09-07 09:37:50,343 - DataBase.py[line:56] - INFO: select * from record_201808 where emp_id=000001 and time like '2018-08-18%'
2018-09-07 09:37:50,387 - DataBase.py[line:56] - INFO: select * from record_201808 where emp_id=000001 and time<'2018-08-18'
2018-09-07 09:37:50,425 - DataBase.py[line:56] - INFO: select * from record_201808 where emp_id=000001 and time like '2018-08-19%'
2018-09-07 09:37:50,461 - DataBase.py[line:56] - INFO: select * from record_201808 where emp_id=000001 and time<'2018-08-19'
2018-09-07 09:37:50,501 - DataBase.py[line:56] - INFO: select * from record_201808 where emp_id=000001 and time like '2018-08-19%'
2018-09-07 09:37:50,537 - DataBase.py[line:56] - INFO: select * from record_201808 where emp_id=000001 and time<'2018-08-19'
2018-09-07 09:37:50,575 - DataBase.py[line:56] - INFO: select * from record_201808 where emp_id=000001 and time like '2018-08-20%'
2018-09-07 09:37:50,621 - DataBase.py[line:56] - INFO: select * from record_201808 where emp_id=000001 and time<'2018-08-20'
2018-09-07 09:37:50,662 - DataBase.py[line:56] - INFO: select * from record_201808 where emp_id=000001 and time like '2018-08-20%'
2018-09-07 09:37:50,712 - DataBase.py[line:56] - INFO: select * from record_201808 where emp_id=000001 and time<'2018-08-20'
2018-09-07 09:37:50,760 - DataBase.py[line:56] - INFO: select * from record_201808 where emp_id=000001 and time like '2018-08-21%'
2018-09-07 09:37:50,801 - DataBase.py[line:56] - INFO: select * from record_201808 where emp_id=000001 and time<'2018-08-21'
2018-09-07 09:37:50,844 - DataBase.py[line:56] - INFO: select * from record_201808 where emp_id=000001 and time like '2018-08-21%'
2018-09-07 09:37:50,896 - DataBase.py[line:56] - INFO: select * from record_201808 where emp_id=000001 and time<'2018-08-21'
2018-09-07 09:37:50,936 - DataBase.py[line:56] - INFO: select * from record_201808 where emp_id=000001 and time like '2018-08-22%'
2018-09-07 09:37:50,978 - DataBase.py[line:56] - INFO: select * from record_201808 where emp_id=000001 and time<'2018-08-22'
2018-09-07 09:37:51,017 - DataBase.py[line:56] - INFO: select * from record_201808 where emp_id=000001 and time like '2018-08-22%'
2018-09-07 09:37:51,062 - DataBase.py[line:56] - INFO: select * from record_201808 where emp_id=000001 and time<'2018-08-22'
2018-09-07 09:37:51,098 - DataBase.py[line:56] - INFO: select * from record_201808 where emp_id=000001 and time like '2018-08-23%'
2018-09-07 09:37:51,139 - DataBase.py[line:56] - INFO: select * from record_201808 where emp_id=000001 and time<'2018-08-23'
2018-09-07 09:37:51,175 - DataBase.py[line:56] - INFO: select * from record_201808 where emp_id=000001 and time like '2018-08-23%'
2018-09-07 09:37:51,217 - DataBase.py[line:56] - INFO: select * from record_201808 where emp_id=000001 and time<'2018-08-23'
2018-09-07 09:37:51,253 - DataBase.py[line:56] - INFO: select * from record_201808 where emp_id=000001 and time like '2018-08-24%'
2018-09-07 09:37:51,289 - DataBase.py[line:56] - INFO: select * from record_201808 where emp_id=000001 and time<'2018-08-24'
2018-09-07 09:37:51,326 - DataBase.py[line:56] - INFO: select * from record_201808 where emp_id=000001 and time like '2018-08-24%'
2018-09-07 09:37:51,363 - DataBase.py[line:56] - INFO: select * from record_201808 where emp_id=000001 and time<'2018-08-24'
2018-09-07 09:37:51,406 - DataBase.py[line:56] - INFO: select * from record_201808 where emp_id=000001 and time like '2018-08-25%'
2018-09-07 09:37:51,444 - DataBase.py[line:56] - INFO: select * from record_201808 where emp_id=000001 and time<'2018-08-25'
2018-09-07 09:37:51,482 - DataBase.py[line:56] - INFO: select * from record_201808 where emp_id=000001 and time like '2018-08-25%'
2018-09-07 09:37:51,525 - DataBase.py[line:56] - INFO: select * from record_201808 where emp_id=000001 and time<'2018-08-25'
2018-09-07 09:37:51,562 - DataBase.py[line:56] - INFO: select * from record_201808 where emp_id=000001 and time like '2018-08-26%'
2018-09-07 09:37:51,598 - DataBase.py[line:56] - INFO: select * from record_201808 where emp_id=000001 and time<'2018-08-26'
2018-09-07 09:37:51,636 - DataBase.py[line:56] - INFO: select * from record_201808 where emp_id=000001 and time like '2018-08-26%'
2018-09-07 09:37:51,677 - DataBase.py[line:56] - INFO: select * from record_201808 where emp_id=000001 and time<'2018-08-26'
2018-09-07 09:37:51,713 - DataBase.py[line:56] - INFO: select * from record_201808 where emp_id=000001 and time like '2018-08-27%'
2018-09-07 09:37:51,749 - DataBase.py[line:56] - INFO: select * from record_201808 where emp_id=000001 and time<'2018-08-27'
2018-09-07 09:37:51,786 - DataBase.py[line:56] - INFO: select * from record_201808 where emp_id=000001 and time like '2018-08-27%'
2018-09-07 09:37:51,825 - DataBase.py[line:56] - INFO: select * from record_201808 where emp_id=000001 and time<'2018-08-27'
2018-09-07 09:37:51,862 - DataBase.py[line:56] - INFO: select * from record_201808 where emp_id=000001 and time like '2018-08-28%'
2018-09-07 09:37:51,899 - DataBase.py[line:56] - INFO: select * from record_201808 where emp_id=000001 and time like '2018-08-28%'
2018-09-07 09:37:51,935 - DataBase.py[line:56] - INFO: select * from record_201808 where emp_id=000001 and time like '2018-08-29%'
2018-09-07 09:37:51,971 - DataBase.py[line:56] - INFO: select * from record_201808 where emp_id=000001 and time<'2018-08-29'
2018-09-07 09:37:52,007 - DataBase.py[line:56] - INFO: select * from record_201808 where emp_id=000001
2018-09-07 09:37:52,045 - DataBase.py[line:56] - INFO: select * from record_201808 where emp_id=000001
2018-09-07 09:37:52,081 - DataBase.py[line:56] - INFO: select * from record_201808 where emp_id=000001 and time like '2018-08-29%'
2018-09-07 09:37:52,118 - DataBase.py[line:56] - INFO: select * from record_201808 where emp_id=000001
2018-09-07 09:37:52,157 - DataBase.py[line:56] - INFO: select * from record_201808 where emp_id=000001 and time like '2018-08-30%'
2018-09-07 09:37:52,195 - DataBase.py[line:56] - INFO: select * from record_201808 where emp_id=000001 and time like '2018-08-30%'
2018-09-07 09:37:52,231 - DataBase.py[line:56] - INFO: select * from record_201808 where emp_id=000001 and time like '2018-08-31%'
2018-09-07 09:37:52,268 - DataBase.py[line:56] - INFO: select * from record_201808 where emp_id=000001 and time<'2018-08-31'
2018-09-07 09:37:52,345 - DataBase.py[line:56] - INFO: select * from record_201808 where emp_id=000001 and time like '2018-08-31%'
2018-09-07 09:37:52,458 - DataBase.py[line:56] - INFO: select * from record_201808 where emp_id=000001 and time<'2018-08-31'
2018-09-07 09:37:52,501 - DataBase.py[line:56] - INFO: select * from empinfo where Emp_id=000001
2018-09-07 09:42:24,279 - DataBase.py[line:56] - INFO: select * from empinfo where Emp_id=000001
2018-09-07 09:42:24,324 - DataBase.py[line:56] - INFO: select password from empinfo where Emp_id=000001
2018-09-07 09:42:41,859 - DataBase.py[line:56] - INFO: select * from empinfo where Emp_id=000001
2018-09-07 09:42:41,904 - DataBase.py[line:56] - INFO: select password from empinfo where Emp_id=000001
2018-09-07 09:43:58,114 - DataBase.py[line:56] - INFO: select * from empinfo where Emp_id=000001
2018-09-07 09:43:58,154 - DataBase.py[line:56] - INFO: select password from empinfo where Emp_id=000001
2018-09-07 09:45:39,973 - DataBase.py[line:56] - INFO: select * from empinfo where Emp_id=000001
2018-09-07 09:45:40,016 - DataBase.py[line:56] - INFO: select password from empinfo where Emp_id=000001
2018-09-07 09:46:03,211 - DataBase.py[line:56] - INFO: select * from empinfo where Emp_id=000001
2018-09-07 09:46:03,254 - DataBase.py[line:56] - INFO: select password from empinfo where Emp_id=000001
2018-09-07 09:47:43,360 - DataBase.py[line:56] - INFO: select * from empinfo where Emp_id=000001
2018-09-07 09:47:43,400 - DataBase.py[line:56] - INFO: select password from empinfo where Emp_id=000001
2018-09-07 09:49:32,219 - DataBase.py[line:56] - INFO: select * from empinfo where Emp_id=000001
2018-09-07 09:49:32,256 - DataBase.py[line:56] - INFO: select password from empinfo where Emp_id=000001
2018-09-07 09:50:03,701 - DataBase.py[line:56] - INFO: select * from empinfo where Emp_id=000001
2018-09-07 09:50:03,737 - DataBase.py[line:56] - INFO: select password from empinfo where Emp_id=000001
2018-09-07 09:50:31,034 - DataBase.py[line:56] - INFO: select * from empinfo where Emp_id=000001
2018-09-07 09:50:31,077 - DataBase.py[line:56] - INFO: select password from empinfo where Emp_id=000001
2018-09-07 09:51:06,383 - DataBase.py[line:56] - INFO: select * from empinfo where Emp_id=000001
2018-09-07 09:51:06,420 - DataBase.py[line:56] - INFO: select password from empinfo where Emp_id=000001
2018-09-07 09:51:31,722 - DataBase.py[line:56] - INFO: select * from empinfo where Emp_id=000001
2018-09-07 09:55:07,408 - DataBase.py[line:56] - INFO: select * from empinfo where Emp_id=000001
2018-09-07 09:55:07,444 - DataBase.py[line:56] - INFO: select password from empinfo where Emp_id=000001
2018-09-07 09:55:16,792 - DataBase.py[line:56] - INFO: select * from empinfo where Emp_id=000001
2018-09-07 09:55:24,401 - DataBase.py[line:56] - INFO: select * from record_201808 where emp_id=000001
2018-09-07 09:55:24,437 - DataBase.py[line:56] - INFO: select * from record_201808 where emp_id=000001 and time like '2018-08-01%'
2018-09-07 09:55:24,473 - DataBase.py[line:56] - INFO: select * from record_201808 where emp_id=000001 and time<'2018-08-01'
2018-09-07 09:55:24,511 - DataBase.py[line:56] - INFO: select * from record_201808 where emp_id=000001 and time like '2018-08-01%'
2018-09-07 09:55:24,546 - DataBase.py[line:56] - INFO: select * from record_201808 where emp_id=000001 and time<'2018-08-01'
2018-09-07 09:55:24,582 - DataBase.py[line:56] - INFO: select * from record_201808 where emp_id=000001 and time like '2018-08-02%'
2018-09-07 09:55:24,618 - DataBase.py[line:56] - INFO: select * from record_201808 where emp_id=000001 and time<'2018-08-02'
2018-09-07 09:55:24,654 - DataBase.py[line:56] - INFO: select * from record_201808 where emp_id=000001 and time like '2018-08-02%'
2018-09-07 09:55:24,692 - DataBase.py[line:56] - INFO: select * from record_201808 where emp_id=000001 and time<'2018-08-02'
2018-09-07 09:55:24,730 - DataBase.py[line:56] - INFO: select * from record_201808 where emp_id=000001 and time like '2018-08-03%'
2018-09-07 09:55:24,768 - DataBase.py[line:56] - INFO: select * from record_201808 where emp_id=000001 and time<'2018-08-03'
2018-09-07 09:55:24,811 - DataBase.py[line:56] - INFO: select * from record_201808 where emp_id=000001 and time like '2018-08-03%'
2018-09-07 09:55:24,847 - DataBase.py[line:56] - INFO: select * from record_201808 where emp_id=000001 and time<'2018-08-03'
2018-09-07 09:55:24,883 - DataBase.py[line:56] - INFO: select * from record_201808 where emp_id=000001 and time like '2018-08-04%'
2018-09-07 09:55:24,918 - DataBase.py[line:56] - INFO: select * from record_201808 where emp_id=000001 and time<'2018-08-04'
2018-09-07 09:55:24,954 - DataBase.py[line:56] - INFO: select * from record_201808 where emp_id=000001 and time like '2018-08-04%'
2018-09-07 09:55:24,989 - DataBase.py[line:56] - INFO: select * from record_201808 where emp_id=000001 and time<'2018-08-04'
2018-09-07 09:55:25,024 - DataBase.py[line:56] - INFO: select * from record_201808 where emp_id=000001 and time like '2018-08-05%'
2018-09-07 09:55:25,067 - DataBase.py[line:56] - INFO: select * from record_201808 where emp_id=000001 and time<'2018-08-05'
2018-09-07 09:55:25,103 - DataBase.py[line:56] - INFO: select * from record_201808 where emp_id=000001 and time like '2018-08-05%'
2018-09-07 09:55:25,139 - DataBase.py[line:56] - INFO: select * from record_201808 where emp_id=000001 and time<'2018-08-05'
2018-09-07 09:55:25,185 - DataBase.py[line:56] - INFO: select * from record_201808 where emp_id=000001 and time like '2018-08-06%'
2018-09-07 09:55:25,221 - DataBase.py[line:56] - INFO: select * from record_201808 where emp_id=000001 and time<'2018-08-06'
2018-09-07 09:55:25,257 - DataBase.py[line:56] - INFO: select * from record_201808 where emp_id=000001 and time like '2018-08-06%'
2018-09-07 09:55:25,294 - DataBase.py[line:56] - INFO: select * from record_201808 where emp_id=000001 and time<'2018-08-06'
2018-09-07 09:55:25,331 - DataBase.py[line:56] - INFO: select * from record_201808 where emp_id=000001 and time like '2018-08-07%'
2018-09-07 09:55:25,367 - DataBase.py[line:56] - INFO: select * from record_201808 where emp_id=000001 and time<'2018-08-07'
2018-09-07 09:55:25,403 - DataBase.py[line:56] - INFO: select * from record_201808 where emp_id=000001 and time like '2018-08-07%'
2018-09-07 09:55:25,441 - DataBase.py[line:56] - INFO: select * from record_201808 where emp_id=000001 and time<'2018-08-07'
2018-09-07 09:55:25,476 - DataBase.py[line:56] - INFO: select * from record_201808 where emp_id=000001 and time like '2018-08-08%'
2018-09-07 09:55:25,516 - DataBase.py[line:56] - INFO: select * from record_201808 where emp_id=000001 and time<'2018-08-08'
2018-09-07 09:55:25,555 - DataBase.py[line:56] - INFO: select * from record_201808 where emp_id=000001 and time like '2018-08-08%'
2018-09-07 09:55:25,592 - DataBase.py[line:56] - INFO: select * from record_201808 where emp_id=000001 and time<'2018-08-08'
2018-09-07 09:55:25,637 - DataBase.py[line:56] - INFO: select * from record_201808 where emp_id=000001 and time like '2018-08-09%'
2018-09-07 09:55:25,674 - DataBase.py[line:56] - INFO: select * from record_201808 where emp_id=000001 and time<'2018-08-09'
2018-09-07 09:55:25,710 - DataBase.py[line:56] - INFO: select * from record_201808 where emp_id=000001 and time like '2018-08-09%'
2018-09-07 09:55:25,749 - DataBase.py[line:56] - INFO: select * from record_201808 where emp_id=000001 and time<'2018-08-09'
2018-09-07 09:55:25,784 - DataBase.py[line:56] - INFO: select * from record_201808 where emp_id=000001 and time like '2018-08-10%'
2018-09-07 09:55:25,821 - DataBase.py[line:56] - INFO: select * from record_201808 where emp_id=000001 and time<'2018-08-10'
2018-09-07 09:55:25,858 - DataBase.py[line:56] - INFO: select * from record_201808 where emp_id=000001 and time like '2018-08-10%'
2018-09-07 09:55:25,906 - DataBase.py[line:56] - INFO: select * from record_201808 where emp_id=000001 and time<'2018-08-10'
2018-09-07 09:55:25,946 - DataBase.py[line:56] - INFO: select * from record_201808 where emp_id=000001 and time like '2018-08-11%'
2018-09-07 09:55:25,985 - DataBase.py[line:56] - INFO: select * from record_201808 where emp_id=000001 and time<'2018-08-11'
2018-09-07 09:55:26,025 - DataBase.py[line:56] - INFO: select * from record_201808 where emp_id=000001 and time like '2018-08-11%'
2018-09-07 09:55:26,061 - DataBase.py[line:56] - INFO: select * from record_201808 where emp_id=000001 and time<'2018-08-11'
2018-09-07 09:55:26,098 - DataBase.py[line:56] - INFO: select * from record_201808 where emp_id=000001 and time like '2018-08-12%'
2018-09-07 09:55:26,134 - DataBase.py[line:56] - INFO: select * from record_201808 where emp_id=000001 and time<'2018-08-12'
2018-09-07 09:55:26,170 - DataBase.py[line:56] - INFO: select * from record_201808 where emp_id=000001 and time like '2018-08-12%'
2018-09-07 09:55:26,207 - DataBase.py[line:56] - INFO: select * from record_201808 where emp_id=000001 and time<'2018-08-12'
2018-09-07 09:55:26,254 - DataBase.py[line:56] - INFO: select * from record_201808 where emp_id=000001 and time like '2018-08-13%'
2018-09-07 09:55:26,296 - DataBase.py[line:56] - INFO: select * from record_201808 where emp_id=000001 and time<'2018-08-13'
2018-09-07 09:55:26,337 - DataBase.py[line:56] - INFO: select * from record_201808 where emp_id=000001 and time like '2018-08-13%'
2018-09-07 09:55:26,374 - DataBase.py[line:56] - INFO: select * from record_201808 where emp_id=000001 and time<'2018-08-13'
2018-09-07 09:55:26,411 - DataBase.py[line:56] - INFO: select * from record_201808 where emp_id=000001 and time like '2018-08-14%'
2018-09-07 09:55:26,451 - DataBase.py[line:56] - INFO: select * from record_201808 where emp_id=000001 and time<'2018-08-14'
2018-09-07 09:55:26,488 - DataBase.py[line:56] - INFO: select * from record_201808 where emp_id=000001 and time like '2018-08-14%'
2018-09-07 09:55:26,524 - DataBase.py[line:56] - INFO: select * from record_201808 where emp_id=000001 and time<'2018-08-14'
2018-09-07 09:55:26,562 - DataBase.py[line:56] - INFO: select * from record_201808 where emp_id=000001 and time like '2018-08-15%'
2018-09-07 09:55:26,610 - DataBase.py[line:56] - INFO: select * from record_201808 where emp_id=000001 and time<'2018-08-15'
2018-09-07 09:55:26,647 - DataBase.py[line:56] - INFO: select * from record_201808 where emp_id=000001 and time like '2018-08-15%'
2018-09-07 09:55:26,690 - DataBase.py[line:56] - INFO: select * from record_201808 where emp_id=000001 and time<'2018-08-15'
2018-09-07 09:55:26,731 - DataBase.py[line:56] - INFO: select * from record_201808 where emp_id=000001 and time like '2018-08-16%'
2018-09-07 09:55:26,769 - DataBase.py[line:56] - INFO: select * from record_201808 where emp_id=000001 and time<'2018-08-16'
2018-09-07 09:55:26,815 - DataBase.py[line:56] - INFO: select * from record_201808 where emp_id=000001 and time like '2018-08-16%'
2018-09-07 09:55:26,852 - DataBase.py[line:56] - INFO: select * from record_201808 where emp_id=000001 and time<'2018-08-16'
2018-09-07 09:55:26,899 - DataBase.py[line:56] - INFO: select * from record_201808 where emp_id=000001 and time like '2018-08-17%'
2018-09-07 09:55:26,958 - DataBase.py[line:56] - INFO: select * from record_201808 where emp_id=000001 and time<'2018-08-17'
2018-09-07 09:55:26,996 - DataBase.py[line:56] - INFO: select * from record_201808 where emp_id=000001 and time like '2018-08-17%'
2018-09-07 09:55:27,037 - DataBase.py[line:56] - INFO: select * from record_201808 where emp_id=000001 and time<'2018-08-17'
2018-09-07 09:55:27,074 - DataBase.py[line:56] - INFO: select * from record_201808 where emp_id=000001 and time like '2018-08-18%'
2018-09-07 09:55:27,116 - DataBase.py[line:56] - INFO: select * from record_201808 where emp_id=000001 and time<'2018-08-18'
2018-09-07 09:55:27,154 - DataBase.py[line:56] - INFO: select * from record_201808 where emp_id=000001 and time like '2018-08-18%'
2018-09-07 09:55:27,191 - DataBase.py[line:56] - INFO: select * from record_201808 where emp_id=000001 and time<'2018-08-18'
2018-09-07 09:55:27,228 - DataBase.py[line:56] - INFO: select * from record_201808 where emp_id=000001 and time like '2018-08-19%'
2018-09-07 09:55:27,265 - DataBase.py[line:56] - INFO: select * from record_201808 where emp_id=000001 and time<'2018-08-19'
2018-09-07 09:55:27,304 - DataBase.py[line:56] - INFO: select * from record_201808 where emp_id=000001 and time like '2018-08-19%'
2018-09-07 09:55:27,342 - DataBase.py[line:56] - INFO: select * from record_201808 where emp_id=000001 and time<'2018-08-19'
2018-09-07 09:55:27,380 - DataBase.py[line:56] - INFO: select * from record_201808 where emp_id=000001 and time like '2018-08-20%'
2018-09-07 09:55:27,432 - DataBase.py[line:56] - INFO: select * from record_201808 where emp_id=000001 and time<'2018-08-20'
2018-09-07 09:55:27,470 - DataBase.py[line:56] - INFO: select * from record_201808 where emp_id=000001 and time like '2018-08-20%'
2018-09-07 09:55:27,509 - DataBase.py[line:56] - INFO: select * from record_201808 where emp_id=000001 and time<'2018-08-20'
2018-09-07 09:55:27,547 - DataBase.py[line:56] - INFO: select * from record_201808 where emp_id=000001 and time like '2018-08-21%'
2018-09-07 09:55:27,583 - DataBase.py[line:56] - INFO: select * from record_201808 where emp_id=000001 and time<'2018-08-21'
2018-09-07 09:55:27,621 - DataBase.py[line:56] - INFO: select * from record_201808 where emp_id=000001 and time like '2018-08-21%'
2018-09-07 09:55:27,656 - DataBase.py[line:56] - INFO: select * from record_201808 where emp_id=000001 and time<'2018-08-21'
2018-09-07 09:55:27,698 - DataBase.py[line:56] - INFO: select * from record_201808 where emp_id=000001 and time like '2018-08-22%'
2018-09-07 09:55:27,734 - DataBase.py[line:56] - INFO: select * from record_201808 where emp_id=000001 and time<'2018-08-22'
2018-09-07 09:55:27,770 - DataBase.py[line:56] - INFO: select * from record_201808 where emp_id=000001 and time like '2018-08-22%'
2018-09-07 09:55:27,807 - DataBase.py[line:56] - INFO: select * from record_201808 where emp_id=000001 and time<'2018-08-22'
2018-09-07 09:55:27,843 - DataBase.py[line:56] - INFO: select * from record_201808 where emp_id=000001 and time like '2018-08-23%'
2018-09-07 09:55:27,880 - DataBase.py[line:56] - INFO: select * from record_201808 where emp_id=000001 and time<'2018-08-23'
2018-09-07 09:55:27,919 - DataBase.py[line:56] - INFO: select * from record_201808 where emp_id=000001 and time like '2018-08-23%'
2018-09-07 09:55:27,961 - DataBase.py[line:56] - INFO: select * from record_201808 where emp_id=000001 and time<'2018-08-23'
2018-09-07 09:55:27,998 - DataBase.py[line:56] - INFO: select * from record_201808 where emp_id=000001 and time like '2018-08-24%'
2018-09-07 09:55:28,035 - DataBase.py[line:56] - INFO: select * from record_201808 where emp_id=000001 and time<'2018-08-24'
2018-09-07 09:55:28,072 - DataBase.py[line:56] - INFO: select * from record_201808 where emp_id=000001 and time like '2018-08-24%'
2018-09-07 09:55:28,108 - DataBase.py[line:56] - INFO: select * from record_201808 where emp_id=000001 and time<'2018-08-24'
2018-09-07 09:55:28,144 - DataBase.py[line:56] - INFO: select * from record_201808 where emp_id=000001 and time like '2018-08-25%'
2018-09-07 09:55:28,180 - DataBase.py[line:56] - INFO: select * from record_201808 where emp_id=000001 and time<'2018-08-25'
2018-09-07 09:55:28,219 - DataBase.py[line:56] - INFO: select * from record_201808 where emp_id=000001 and time like '2018-08-25%'
2018-09-07 09:55:28,257 - DataBase.py[line:56] - INFO: select * from record_201808 where emp_id=000001 and time<'2018-08-25'
2018-09-07 09:55:28,294 - DataBase.py[line:56] - INFO: select * from record_201808 where emp_id=000001 and time like '2018-08-26%'
2018-09-07 09:55:28,330 - DataBase.py[line:56] - INFO: select * from record_201808 where emp_id=000001 and time<'2018-08-26'
2018-09-07 09:55:28,370 - DataBase.py[line:56] - INFO: select * from record_201808 where emp_id=000001 and time like '2018-08-26%'
2018-09-07 09:55:28,406 - DataBase.py[line:56] - INFO: select * from record_201808 where emp_id=000001 and time<'2018-08-26'
2018-09-07 09:55:28,445 - DataBase.py[line:56] - INFO: select * from record_201808 where emp_id=000001 and time like '2018-08-27%'
2018-09-07 09:55:28,482 - DataBase.py[line:56] - INFO: select * from record_201808 where emp_id=000001 and time<'2018-08-27'
2018-09-07 09:55:28,518 - DataBase.py[line:56] - INFO: select * from record_201808 where emp_id=000001 and time like '2018-08-27%'
2018-09-07 09:55:28,554 - DataBase.py[line:56] - INFO: select * from record_201808 where emp_id=000001 and time<'2018-08-27'
2018-09-07 09:55:28,592 - DataBase.py[line:56] - INFO: select * from record_201808 where emp_id=000001 and time like '2018-08-28%'
2018-09-07 09:55:28,635 - DataBase.py[line:56] - INFO: select * from record_201808 where emp_id=000001 and time like '2018-08-28%'
2018-09-07 09:55:28,671 - DataBase.py[line:56] - INFO: select * from record_201808 where emp_id=000001 and time like '2018-08-29%'
2018-09-07 09:55:28,709 - DataBase.py[line:56] - INFO: select * from record_201808 where emp_id=000001 and time<'2018-08-29'
2018-09-07 09:55:28,747 - DataBase.py[line:56] - INFO: select * from record_201808 where emp_id=000001
2018-09-07 09:55:28,789 - DataBase.py[line:56] - INFO: select * from record_201808 where emp_id=000001
2018-09-07 09:55:28,827 - DataBase.py[line:56] - INFO: select * from record_201808 where emp_id=000001 and time like '2018-08-29%'
2018-09-07 09:55:28,865 - DataBase.py[line:56] - INFO: select * from record_201808 where emp_id=000001
2018-09-07 09:55:28,904 - DataBase.py[line:56] - INFO: select * from record_201808 where emp_id=000001 and time like '2018-08-30%'
2018-09-07 09:55:28,942 - DataBase.py[line:56] - INFO: select * from record_201808 where emp_id=000001 and time like '2018-08-30%'
2018-09-07 09:55:28,979 - DataBase.py[line:56] - INFO: select * from record_201808 where emp_id=000001 and time like '2018-08-31%'
2018-09-07 09:55:29,019 - DataBase.py[line:56] - INFO: select * from record_201808 where emp_id=000001 and time<'2018-08-31'
2018-09-07 09:55:29,058 - DataBase.py[line:56] - INFO: select * from record_201808 where emp_id=000001 and time like '2018-08-31%'
2018-09-07 09:55:29,100 - DataBase.py[line:56] - INFO: select * from record_201808 where emp_id=000001 and time<'2018-08-31'
2018-09-07 09:55:29,141 - DataBase.py[line:56] - INFO: select * from empinfo where Emp_id=000001
2018-09-07 09:57:08,587 - DataBase.py[line:56] - INFO: select * from empinfo where Emp_id=000001
2018-09-07 09:57:08,625 - DataBase.py[line:56] - INFO: select password from empinfo where Emp_id=000001
2018-09-07 09:57:18,651 - DataBase.py[line:56] - INFO: select * from empinfo where Emp_id=000001
2018-09-07 09:58:22,618 - DataBase.py[line:56] - INFO: select * from empinfo where Emp_id=000001
2018-09-07 09:58:22,662 - DataBase.py[line:56] - INFO: select password from empinfo where Emp_id=000001
2018-09-07 09:58:26,825 - DataBase.py[line:56] - INFO: select * from empinfo where Emp_id=000001
2018-09-07 09:58:30,221 - DataBase.py[line:56] - INFO: select * from record_201808 where emp_id=000001
2018-09-07 09:58:30,265 - DataBase.py[line:56] - INFO: select * from record_201808 where emp_id=000001 and time like '2018-08-01%'
2018-09-07 09:58:30,302 - DataBase.py[line:56] - INFO: select * from record_201808 where emp_id=000001 and time<'2018-08-01'
2018-09-07 09:58:30,339 - DataBase.py[line:56] - INFO: select * from record_201808 where emp_id=000001 and time like '2018-08-01%'
2018-09-07 09:58:30,376 - DataBase.py[line:56] - INFO: select * from record_201808 where emp_id=000001 and time<'2018-08-01'
2018-09-07 09:58:30,414 - DataBase.py[line:56] - INFO: select * from record_201808 where emp_id=000001 and time like '2018-08-02%'
2018-09-07 09:58:30,453 - DataBase.py[line:56] - INFO: select * from record_201808 where emp_id=000001 and time<'2018-08-02'
2018-09-07 09:58:30,491 - DataBase.py[line:56] - INFO: select * from record_201808 where emp_id=000001 and time like '2018-08-02%'
2018-09-07 09:58:30,532 - DataBase.py[line:56] - INFO: select * from record_201808 where emp_id=000001 and time<'2018-08-02'
2018-09-07 09:58:30,572 - DataBase.py[line:56] - INFO: select * from record_201808 where emp_id=000001 and time like '2018-08-03%'
2018-09-07 09:58:30,608 - DataBase.py[line:56] - INFO: select * from record_201808 where emp_id=000001 and time<'2018-08-03'
2018-09-07 09:58:30,646 - DataBase.py[line:56] - INFO: select * from record_201808 where emp_id=000001 and time like '2018-08-03%'
2018-09-07 09:58:30,688 - DataBase.py[line:56] - INFO: select * from record_201808 where emp_id=000001 and time<'2018-08-03'
2018-09-07 09:58:30,727 - DataBase.py[line:56] - INFO: select * from record_201808 where emp_id=000001 and time like '2018-08-04%'
2018-09-07 09:58:30,790 - DataBase.py[line:56] - INFO: select * from record_201808 where emp_id=000001 and time<'2018-08-04'
2018-09-07 09:58:30,828 - DataBase.py[line:56] - INFO: select * from record_201808 where emp_id=000001 and time like '2018-08-04%'
2018-09-07 09:58:30,866 - DataBase.py[line:56] - INFO: select * from record_201808 where emp_id=000001 and time<'2018-08-04'
2018-09-07 09:58:30,905 - DataBase.py[line:56] - INFO: select * from record_201808 where emp_id=000001 and time like '2018-08-05%'
2018-09-07 09:58:30,944 - DataBase.py[line:56] - INFO: select * from record_201808 where emp_id=000001 and time<'2018-08-05'
2018-09-07 09:58:30,979 - DataBase.py[line:56] - INFO: select * from record_201808 where emp_id=000001 and time like '2018-08-05%'
2018-09-07 09:58:31,017 - DataBase.py[line:56] - INFO: select * from record_201808 where emp_id=000001 and time<'2018-08-05'
2018-09-07 09:58:31,053 - DataBase.py[line:56] - INFO: select * from record_201808 where emp_id=000001 and time like '2018-08-06%'
2018-09-07 09:58:31,095 - DataBase.py[line:56] - INFO: select * from record_201808 where emp_id=000001 and time<'2018-08-06'
2018-09-07 09:58:31,139 - DataBase.py[line:56] - INFO: select * from record_201808 where emp_id=000001 and time like '2018-08-06%'
2018-09-07 09:58:31,176 - DataBase.py[line:56] - INFO: select * from record_201808 where emp_id=000001 and time<'2018-08-06'
2018-09-07 09:58:31,231 - DataBase.py[line:56] - INFO: select * from record_201808 where emp_id=000001 and time like '2018-08-07%'
2018-09-07 09:58:31,270 - DataBase.py[line:56] - INFO: select * from record_201808 where emp_id=000001 and time<'2018-08-07'
2018-09-07 09:58:31,309 - DataBase.py[line:56] - INFO: select * from record_201808 where emp_id=000001 and time like '2018-08-07%'
2018-09-07 09:58:31,352 - DataBase.py[line:56] - INFO: select * from record_201808 where emp_id=000001 and time<'2018-08-07'
2018-09-07 09:58:31,393 - DataBase.py[line:56] - INFO: select * from record_201808 where emp_id=000001 and time like '2018-08-08%'
2018-09-07 09:58:31,429 - DataBase.py[line:56] - INFO: select * from record_201808 where emp_id=000001 and time<'2018-08-08'
2018-09-07 09:58:31,468 - DataBase.py[line:56] - INFO: select * from record_201808 where emp_id=000001 and time like '2018-08-08%'
2018-09-07 09:58:31,520 - DataBase.py[line:56] - INFO: select * from record_201808 where emp_id=000001 and time<'2018-08-08'
2018-09-07 09:58:31,562 - DataBase.py[line:56] - INFO: select * from record_201808 where emp_id=000001 and time like '2018-08-09%'
2018-09-07 09:58:31,602 - DataBase.py[line:56] - INFO: select * from record_201808 where emp_id=000001 and time<'2018-08-09'
2018-09-07 09:58:31,643 - DataBase.py[line:56] - INFO: select * from record_201808 where emp_id=000001 and time like '2018-08-09%'
2018-09-07 09:58:31,684 - DataBase.py[line:56] - INFO: select * from record_201808 where emp_id=000001 and time<'2018-08-09'
2018-09-07 09:58:31,721 - DataBase.py[line:56] - INFO: select * from record_201808 where emp_id=000001 and time like '2018-08-10%'
2018-09-07 09:58:31,758 - DataBase.py[line:56] - INFO: select * from record_201808 where emp_id=000001 and time<'2018-08-10'
2018-09-07 09:58:31,794 - DataBase.py[line:56] - INFO: select * from record_201808 where emp_id=000001 and time like '2018-08-10%'
2018-09-07 09:58:31,837 - DataBase.py[line:56] - INFO: select * from record_201808 where emp_id=000001 and time<'2018-08-10'
2018-09-07 09:58:31,878 - DataBase.py[line:56] - INFO: select * from record_201808 where emp_id=000001 and time like '2018-08-11%'
2018-09-07 09:58:31,922 - DataBase.py[line:56] - INFO: select * from record_201808 where emp_id=000001 and time<'2018-08-11'
2018-09-07 09:58:31,963 - DataBase.py[line:56] - INFO: select * from record_201808 where emp_id=000001 and time like '2018-08-11%'
2018-09-07 09:58:32,004 - DataBase.py[line:56] - INFO: select * from record_201808 where emp_id=000001 and time<'2018-08-11'
2018-09-07 09:58:32,042 - DataBase.py[line:56] - INFO: select * from record_201808 where emp_id=000001 and time like '2018-08-12%'
2018-09-07 09:58:32,080 - DataBase.py[line:56] - INFO: select * from record_201808 where emp_id=000001 and time<'2018-08-12'
2018-09-07 09:58:32,123 - DataBase.py[line:56] - INFO: select * from record_201808 where emp_id=000001 and time like '2018-08-12%'
2018-09-07 09:58:32,172 - DataBase.py[line:56] - INFO: select * from record_201808 where emp_id=000001 and time<'2018-08-12'
2018-09-07 09:58:32,219 - DataBase.py[line:56] - INFO: select * from record_201808 where emp_id=000001 and time like '2018-08-13%'
2018-09-07 09:58:32,258 - DataBase.py[line:56] - INFO: select * from record_201808 where emp_id=000001 and time<'2018-08-13'
2018-09-07 09:58:32,294 - DataBase.py[line:56] - INFO: select * from record_201808 where emp_id=000001 and time like '2018-08-13%'
2018-09-07 09:58:32,330 - DataBase.py[line:56] - INFO: select * from record_201808 where emp_id=000001 and time<'2018-08-13'
2018-09-07 09:58:32,374 - DataBase.py[line:56] - INFO: select * from record_201808 where emp_id=000001 and time like '2018-08-14%'
2018-09-07 09:58:32,422 - DataBase.py[line:56] - INFO: select * from record_201808 where emp_id=000001 and time<'2018-08-14'
2018-09-07 09:58:32,464 - DataBase.py[line:56] - INFO: select * from record_201808 where emp_id=000001 and time like '2018-08-14%'
2018-09-07 09:58:32,501 - DataBase.py[line:56] - INFO: select * from record_201808 where emp_id=000001 and time<'2018-08-14'
2018-09-07 09:58:32,537 - DataBase.py[line:56] - INFO: select * from record_201808 where emp_id=000001 and time like '2018-08-15%'
2018-09-07 09:58:32,573 - DataBase.py[line:56] - INFO: select * from record_201808 where emp_id=000001 and time<'2018-08-15'
2018-09-07 09:58:32,611 - DataBase.py[line:56] - INFO: select * from record_201808 where emp_id=000001 and time like '2018-08-15%'
2018-09-07 09:58:32,647 - DataBase.py[line:56] - INFO: select * from record_201808 where emp_id=000001 and time<'2018-08-15'
2018-09-07 09:58:32,686 - DataBase.py[line:56] - INFO: select * from record_201808 where emp_id=000001 and time like '2018-08-16%'
2018-09-07 09:58:32,724 - DataBase.py[line:56] - INFO: select * from record_201808 where emp_id=000001 and time<'2018-08-16'
2018-09-07 09:58:32,766 - DataBase.py[line:56] - INFO: select * from record_201808 where emp_id=000001 and time like '2018-08-16%'
2018-09-07 09:58:32,806 - DataBase.py[line:56] - INFO: select * from record_201808 where emp_id=000001 and time<'2018-08-16'
2018-09-07 09:58:32,858 - DataBase.py[line:56] - INFO: select * from record_201808 where emp_id=000001 and time like '2018-08-17%'
2018-09-07 09:58:32,897 - DataBase.py[line:56] - INFO: select * from record_201808 where emp_id=000001 and time<'2018-08-17'
2018-09-07 09:58:32,935 - DataBase.py[line:56] - INFO: select * from record_201808 where emp_id=000001 and time like '2018-08-17%'
2018-09-07 09:58:32,974 - DataBase.py[line:56] - INFO: select * from record_201808 where emp_id=000001 and time<'2018-08-17'
2018-09-07 09:58:33,013 - DataBase.py[line:56] - INFO: select * from record_201808 where emp_id=000001 and time like '2018-08-18%'
2018-09-07 09:58:33,051 - DataBase.py[line:56] - INFO: select * from record_201808 where emp_id=000001 and time<'2018-08-18'
2018-09-07 09:58:33,088 - DataBase.py[line:56] - INFO: select * from record_201808 where emp_id=000001 and time like '2018-08-18%'
2018-09-07 09:58:33,128 - DataBase.py[line:56] - INFO: select * from record_201808 where emp_id=000001 and time<'2018-08-18'
2018-09-07 09:58:33,165 - DataBase.py[line:56] - INFO: select * from record_201808 where emp_id=000001 and time like '2018-08-19%'
2018-09-07 09:58:33,222 - DataBase.py[line:56] - INFO: select * from record_201808 where emp_id=000001 and time<'2018-08-19'
2018-09-07 09:58:33,262 - DataBase.py[line:56] - INFO: select * from record_201808 where emp_id=000001 and time like '2018-08-19%'
2018-09-07 09:58:33,305 - DataBase.py[line:56] - INFO: select * from record_201808 where emp_id=000001 and time<'2018-08-19'
2018-09-07 09:58:33,346 - DataBase.py[line:56] - INFO: select * from record_201808 where emp_id=000001 and time like '2018-08-20%'
2018-09-07 09:58:33,387 - DataBase.py[line:56] - INFO: select * from record_201808 where emp_id=000001 and time<'2018-08-20'
2018-09-07 09:58:33,422 - DataBase.py[line:56] - INFO: select * from record_201808 where emp_id=000001 and time like '2018-08-20%'
2018-09-07 09:58:33,466 - DataBase.py[line:56] - INFO: select * from record_201808 where emp_id=000001 and time<'2018-08-20'
2018-09-07 09:58:33,505 - DataBase.py[line:56] - INFO: select * from record_201808 where emp_id=000001 and time like '2018-08-21%'
2018-09-07 09:58:33,541 - DataBase.py[line:56] - INFO: select * from record_201808 where emp_id=000001 and time<'2018-08-21'
2018-09-07 09:58:33,577 - DataBase.py[line:56] - INFO: select * from record_201808 where emp_id=000001 and time like '2018-08-21%'
2018-09-07 09:58:33,618 - DataBase.py[line:56] - INFO: select * from record_201808 where emp_id=000001 and time<'2018-08-21'
2018-09-07 09:58:33,659 - DataBase.py[line:56] - INFO: select * from record_201808 where emp_id=000001 and time like '2018-08-22%'
2018-09-07 09:58:33,696 - DataBase.py[line:56] - INFO: select * from record_201808 where emp_id=000001 and time<'2018-08-22'
2018-09-07 09:58:33,733 - DataBase.py[line:56] - INFO: select * from record_201808 where emp_id=000001 and time like '2018-08-22%'
2018-09-07 09:58:33,770 - DataBase.py[line:56] - INFO: select * from record_201808 where emp_id=000001 and time<'2018-08-22'
2018-09-07 09:58:33,807 - DataBase.py[line:56] - INFO: select * from record_201808 where emp_id=000001 and time like '2018-08-23%'
2018-09-07 09:58:33,847 - DataBase.py[line:56] - INFO: select * from record_201808 where emp_id=000001 and time<'2018-08-23'
2018-09-07 09:58:33,883 - DataBase.py[line:56] - INFO: select * from record_201808 where emp_id=000001 and time like '2018-08-23%'
2018-09-07 09:58:33,920 - DataBase.py[line:56] - INFO: select * from record_201808 where emp_id=000001 and time<'2018-08-23'
2018-09-07 09:58:33,962 - DataBase.py[line:56] - INFO: select * from record_201808 where emp_id=000001 and time like '2018-08-24%'
2018-09-07 09:58:33,999 - DataBase.py[line:56] - INFO: select * from record_201808 where emp_id=000001 and time<'2018-08-24'
2018-09-07 09:58:34,035 - DataBase.py[line:56] - INFO: select * from record_201808 where emp_id=000001 and time like '2018-08-24%'
2018-09-07 09:58:34,071 - DataBase.py[line:56] - INFO: select * from record_201808 where emp_id=000001 and time<'2018-08-24'
2018-09-07 09:58:34,107 - DataBase.py[line:56] - INFO: select * from record_201808 where emp_id=000001 and time like '2018-08-25%'
2018-09-07 09:58:34,143 - DataBase.py[line:56] - INFO: select * from record_201808 where emp_id=000001 and time<'2018-08-25'
2018-09-07 09:58:34,180 - DataBase.py[line:56] - INFO: select * from record_201808 where emp_id=000001 and time like '2018-08-25%'
2018-09-07 09:58:34,216 - DataBase.py[line:56] - INFO: select * from record_201808 where emp_id=000001 and time<'2018-08-25'
2018-09-07 09:58:34,254 - DataBase.py[line:56] - INFO: select * from record_201808 where emp_id=000001 and time like '2018-08-26%'
2018-09-07 09:58:34,289 - DataBase.py[line:56] - INFO: select * from record_201808 where emp_id=000001 and time<'2018-08-26'
2018-09-07 09:58:34,326 - DataBase.py[line:56] - INFO: select * from record_201808 where emp_id=000001 and time like '2018-08-26%'
2018-09-07 09:58:34,362 - DataBase.py[line:56] - INFO: select * from record_201808 where emp_id=000001 and time<'2018-08-26'
2018-09-07 09:58:34,398 - DataBase.py[line:56] - INFO: select * from record_201808 where emp_id=000001 and time like '2018-08-27%'
2018-09-07 09:58:34,434 - DataBase.py[line:56] - INFO: select * from record_201808 where emp_id=000001 and time<'2018-08-27'
2018-09-07 09:58:34,474 - DataBase.py[line:56] - INFO: select * from record_201808 where emp_id=000001 and time like '2018-08-27%'
2018-09-07 09:58:34,510 - DataBase.py[line:56] - INFO: select * from record_201808 where emp_id=000001 and time<'2018-08-27'
2018-09-07 09:58:34,547 - DataBase.py[line:56] - INFO: select * from record_201808 where emp_id=000001 and time like '2018-08-28%'
2018-09-07 09:58:34,583 - DataBase.py[line:56] - INFO: select * from record_201808 where emp_id=000001 and time like '2018-08-28%'
2018-09-07 09:58:34,620 - DataBase.py[line:56] - INFO: select * from record_201808 where emp_id=000001 and time like '2018-08-29%'
2018-09-07 09:58:34,656 - DataBase.py[line:56] - INFO: select * from record_201808 where emp_id=000001 and time<'2018-08-29'
2018-09-07 09:58:34,693 - DataBase.py[line:56] - INFO: select * from record_201808 where emp_id=000001
2018-09-07 09:58:34,729 - DataBase.py[line:56] - INFO: select * from record_201808 where emp_id=000001
2018-09-07 09:58:34,767 - DataBase.py[line:56] - INFO: select * from record_201808 where emp_id=000001 and time like '2018-08-29%'
2018-09-07 09:58:34,804 - DataBase.py[line:56] - INFO: select * from record_201808 where emp_id=000001
2018-09-07 09:58:34,841 - DataBase.py[line:56] - INFO: select * from record_201808 where emp_id=000001 and time like '2018-08-30%'
2018-09-07 09:58:34,879 - DataBase.py[line:56] - INFO: select * from record_201808 where emp_id=000001 and time like '2018-08-30%'
2018-09-07 09:58:34,918 - DataBase.py[line:56] - INFO: select * from record_201808 where emp_id=000001 and time like '2018-08-31%'
2018-09-07 09:58:34,957 - DataBase.py[line:56] - INFO: select * from record_201808 where emp_id=000001 and time<'2018-08-31'
2018-09-07 09:58:34,995 - DataBase.py[line:56] - INFO: select * from record_201808 where emp_id=000001 and time like '2018-08-31%'
2018-09-07 09:58:35,032 - DataBase.py[line:56] - INFO: select * from record_201808 where emp_id=000001 and time<'2018-08-31'
2018-09-07 09:58:35,076 - DataBase.py[line:56] - INFO: select * from empinfo where Emp_id=000001
2018-09-07 10:00:34,673 - DataBase.py[line:56] - INFO: select * from empinfo where Emp_id=000001
2018-09-07 10:00:34,716 - DataBase.py[line:56] - INFO: select password from empinfo where Emp_id=000001
2018-09-07 10:00:40,662 - DataBase.py[line:56] - INFO: select * from empinfo
2018-09-07 10:00:40,700 - DataBase.py[line:56] - INFO: select * from record_201808 where emp_id= and time like '2018-08-01%'
2018-09-07 10:00:40,739 - DataBase.py[line:62] - ERROR: query database exception, (1064, "You have an error in your SQL syntax; check the manual that corresponds to your MySQL server version for the right syntax to use near 'and time like '2018-08-01%'' at line 1")
2018-09-07 10:00:48,220 - DataBase.py[line:56] - INFO: select * from empinfo where Emp_id=000001
2018-09-07 10:00:48,262 - DataBase.py[line:56] - INFO: select password from empinfo where Emp_id=000001
2018-09-07 10:02:19,802 - DataBase.py[line:56] - INFO: select * from empinfo where Emp_id=000001
2018-09-07 10:02:19,838 - DataBase.py[line:56] - INFO: select password from empinfo where Emp_id=000001
2018-09-07 10:02:29,928 - DataBase.py[line:56] - INFO: select * from empinfo where Emp_id=000001
2018-09-07 10:04:24,425 - DataBase.py[line:56] - INFO: select * from empinfo where Emp_id=000001
2018-09-07 10:04:24,473 - DataBase.py[line:56] - INFO: select password from empinfo where Emp_id=000001
2018-09-07 10:04:26,146 - DataBase.py[line:56] - INFO: select * from empinfo where Emp_id=000001
2018-09-07 10:04:26,197 - DataBase.py[line:56] - INFO: select password from empinfo where Emp_id=000001
2018-09-07 10:04:36,538 - DataBase.py[line:56] - INFO: select * from record_201808 where emp_id=000001
2018-09-07 10:04:36,575 - DataBase.py[line:56] - INFO: select * from record_201808 where emp_id=000001 and time like '2018-08-01%'
2018-09-07 10:04:36,612 - DataBase.py[line:56] - INFO: select * from record_201808 where emp_id=000001 and time<'2018-08-01'
2018-09-07 10:04:36,649 - DataBase.py[line:56] - INFO: select * from record_201808 where emp_id=000001 and time like '2018-08-01%'
2018-09-07 10:04:36,687 - DataBase.py[line:56] - INFO: select * from record_201808 where emp_id=000001 and time<'2018-08-01'
2018-09-07 10:04:36,725 - DataBase.py[line:56] - INFO: select * from record_201808 where emp_id=000001 and time like '2018-08-02%'
2018-09-07 10:04:36,761 - DataBase.py[line:56] - INFO: select * from record_201808 where emp_id=000001 and time<'2018-08-02'
2018-09-07 10:04:36,799 - DataBase.py[line:56] - INFO: select * from record_201808 where emp_id=000001 and time like '2018-08-02%'
2018-09-07 10:04:36,837 - DataBase.py[line:56] - INFO: select * from record_201808 where emp_id=000001 and time<'2018-08-02'
2018-09-07 10:04:36,876 - DataBase.py[line:56] - INFO: select * from record_201808 where emp_id=000001 and time like '2018-08-03%'
2018-09-07 10:04:36,913 - DataBase.py[line:56] - INFO: select * from record_201808 where emp_id=000001 and time<'2018-08-03'
2018-09-07 10:04:36,950 - DataBase.py[line:56] - INFO: select * from record_201808 where emp_id=000001 and time like '2018-08-03%'
2018-09-07 10:04:36,988 - DataBase.py[line:56] - INFO: select * from record_201808 where emp_id=000001 and time<'2018-08-03'
2018-09-07 10:04:37,028 - DataBase.py[line:56] - INFO: select * from record_201808 where emp_id=000001 and time like '2018-08-04%'
2018-09-07 10:04:37,065 - DataBase.py[line:56] - INFO: select * from record_201808 where emp_id=000001 and time<'2018-08-04'
2018-09-07 10:04:37,100 - DataBase.py[line:56] - INFO: select * from record_201808 where emp_id=000001 and time like '2018-08-04%'
2018-09-07 10:04:37,138 - DataBase.py[line:56] - INFO: select * from record_201808 where emp_id=000001 and time<'2018-08-04'
2018-09-07 10:04:37,174 - DataBase.py[line:56] - INFO: select * from record_201808 where emp_id=000001 and time like '2018-08-05%'
2018-09-07 10:04:37,215 - DataBase.py[line:56] - INFO: select * from record_201808 where emp_id=000001 and time<'2018-08-05'
2018-09-07 10:04:37,254 - DataBase.py[line:56] - INFO: select * from record_201808 where emp_id=000001 and time like '2018-08-05%'
2018-09-07 10:04:37,295 - DataBase.py[line:56] - INFO: select * from record_201808 where emp_id=000001 and time<'2018-08-05'
2018-09-07 10:04:37,340 - DataBase.py[line:56] - INFO: select * from record_201808 where emp_id=000001 and time like '2018-08-06%'
2018-09-07 10:04:37,377 - DataBase.py[line:56] - INFO: select * from record_201808 where emp_id=000001 and time<'2018-08-06'
2018-09-07 10:04:37,413 - DataBase.py[line:56] - INFO: select * from record_201808 where emp_id=000001 and time like '2018-08-06%'
2018-09-07 10:04:37,450 - DataBase.py[line:56] - INFO: select * from record_201808 where emp_id=000001 and time<'2018-08-06'
2018-09-07 10:04:37,490 - DataBase.py[line:56] - INFO: select * from record_201808 where emp_id=000001 and time like '2018-08-07%'
2018-09-07 10:04:37,527 - DataBase.py[line:56] - INFO: select * from record_201808 where emp_id=000001 and time<'2018-08-07'
2018-09-07 10:04:37,563 - DataBase.py[line:56] - INFO: select * from record_201808 where emp_id=000001 and time like '2018-08-07%'
2018-09-07 10:04:37,600 - DataBase.py[line:56] - INFO: select * from record_201808 where emp_id=000001 and time<'2018-08-07'
2018-09-07 10:04:37,637 - DataBase.py[line:56] - INFO: select * from record_201808 where emp_id=000001 and time like '2018-08-08%'
2018-09-07 10:04:37,674 - DataBase.py[line:56] - INFO: select * from record_201808 where emp_id=000001 and time<'2018-08-08'
2018-09-07 10:04:37,712 - DataBase.py[line:56] - INFO: select * from record_201808 where emp_id=000001 and time like '2018-08-08%'
2018-09-07 10:04:37,749 - DataBase.py[line:56] - INFO: select * from record_201808 where emp_id=000001 and time<'2018-08-08'
2018-09-07 10:04:37,789 - DataBase.py[line:56] - INFO: select * from record_201808 where emp_id=000001 and time like '2018-08-09%'
2018-09-07 10:04:37,825 - DataBase.py[line:56] - INFO: select * from record_201808 where emp_id=000001 and time<'2018-08-09'
2018-09-07 10:04:37,861 - DataBase.py[line:56] - INFO: select * from record_201808 where emp_id=000001 and time like '2018-08-09%'
2018-09-07 10:04:37,897 - DataBase.py[line:56] - INFO: select * from record_201808 where emp_id=000001 and time<'2018-08-09'
2018-09-07 10:04:37,934 - DataBase.py[line:56] - INFO: select * from record_201808 where emp_id=000001 and time like '2018-08-10%'
2018-09-07 10:04:37,970 - DataBase.py[line:56] - INFO: select * from record_201808 where emp_id=000001 and time<'2018-08-10'
2018-09-07 10:04:38,007 - DataBase.py[line:56] - INFO: select * from record_201808 where emp_id=000001 and time like '2018-08-10%'
2018-09-07 10:04:38,044 - DataBase.py[line:56] - INFO: select * from record_201808 where emp_id=000001 and time<'2018-08-10'
2018-09-07 10:04:38,081 - DataBase.py[line:56] - INFO: select * from record_201808 where emp_id=000001 and time like '2018-08-11%'
2018-09-07 10:04:38,118 - DataBase.py[line:56] - INFO: select * from record_201808 where emp_id=000001 and time<'2018-08-11'
2018-09-07 10:04:38,154 - DataBase.py[line:56] - INFO: select * from record_201808 where emp_id=000001 and time like '2018-08-11%'
2018-09-07 10:04:38,190 - DataBase.py[line:56] - INFO: select * from record_201808 where emp_id=000001 and time<'2018-08-11'
2018-09-07 10:04:38,230 - DataBase.py[line:56] - INFO: select * from record_201808 where emp_id=000001 and time like '2018-08-12%'
2018-09-07 10:04:38,267 - DataBase.py[line:56] - INFO: select * from record_201808 where emp_id=000001 and time<'2018-08-12'
2018-09-07 10:04:38,308 - DataBase.py[line:56] - INFO: select * from record_201808 where emp_id=000001 and time like '2018-08-12%'
2018-09-07 10:04:38,344 - DataBase.py[line:56] - INFO: select * from record_201808 where emp_id=000001 and time<'2018-08-12'
2018-09-07 10:04:38,381 - DataBase.py[line:56] - INFO: select * from record_201808 where emp_id=000001 and time like '2018-08-13%'
2018-09-07 10:04:38,417 - DataBase.py[line:56] - INFO: select * from record_201808 where emp_id=000001 and time<'2018-08-13'
2018-09-07 10:04:38,453 - DataBase.py[line:56] - INFO: select * from record_201808 where emp_id=000001 and time like '2018-08-13%'
2018-09-07 10:04:38,492 - DataBase.py[line:56] - INFO: select * from record_201808 where emp_id=000001 and time<'2018-08-13'
2018-09-07 10:04:38,537 - DataBase.py[line:56] - INFO: select * from record_201808 where emp_id=000001 and time like '2018-08-14%'
2018-09-07 10:04:38,577 - DataBase.py[line:56] - INFO: select * from record_201808 where emp_id=000001 and time<'2018-08-14'
2018-09-07 10:04:38,622 - DataBase.py[line:56] - INFO: select * from record_201808 where emp_id=000001 and time like '2018-08-14%'
2018-09-07 10:04:38,660 - DataBase.py[line:56] - INFO: select * from record_201808 where emp_id=000001 and time<'2018-08-14'
2018-09-07 10:04:38,697 - DataBase.py[line:56] - INFO: select * from record_201808 where emp_id=000001 and time like '2018-08-15%'
2018-09-07 10:04:38,735 - DataBase.py[line:56] - INFO: select * from record_201808 where emp_id=000001 and time<'2018-08-15'
2018-09-07 10:04:38,775 - DataBase.py[line:56] - INFO: select * from record_201808 where emp_id=000001 and time like '2018-08-15%'
2018-09-07 10:04:38,811 - DataBase.py[line:56] - INFO: select * from record_201808 where emp_id=000001 and time<'2018-08-15'
2018-09-07 10:04:38,848 - DataBase.py[line:56] - INFO: select * from record_201808 where emp_id=000001 and time like '2018-08-16%'
2018-09-07 10:04:38,888 - DataBase.py[line:56] - INFO: select * from record_201808 where emp_id=000001 and time<'2018-08-16'
2018-09-07 10:04:38,927 - DataBase.py[line:56] - INFO: select * from record_201808 where emp_id=000001 and time like '2018-08-16%'
2018-09-07 10:04:38,965 - DataBase.py[line:56] - INFO: select * from record_201808 where emp_id=000001 and time<'2018-08-16'
2018-09-07 10:04:39,002 - DataBase.py[line:56] - INFO: select * from record_201808 where emp_id=000001 and time like '2018-08-17%'
2018-09-07 10:04:39,039 - DataBase.py[line:56] - INFO: select * from record_201808 where emp_id=000001 and time<'2018-08-17'
2018-09-07 10:04:39,076 - DataBase.py[line:56] - INFO: select * from record_201808 where emp_id=000001 and time like '2018-08-17%'
2018-09-07 10:04:39,113 - DataBase.py[line:56] - INFO: select * from record_201808 where emp_id=000001 and time<'2018-08-17'
2018-09-07 10:04:39,150 - DataBase.py[line:56] - INFO: select * from record_201808 where emp_id=000001 and time like '2018-08-18%'
2018-09-07 10:04:39,188 - DataBase.py[line:56] - INFO: select * from record_201808 where emp_id=000001 and time<'2018-08-18'
2018-09-07 10:04:39,225 - DataBase.py[line:56] - INFO: select * from record_201808 where emp_id=000001 and time like '2018-08-18%'
2018-09-07 10:04:39,265 - DataBase.py[line:56] - INFO: select * from record_201808 where emp_id=000001 and time<'2018-08-18'
2018-09-07 10:04:39,302 - DataBase.py[line:56] - INFO: select * from record_201808 where emp_id=000001 and time like '2018-08-19%'
2018-09-07 10:04:39,338 - DataBase.py[line:56] - INFO: select * from record_201808 where emp_id=000001 and time<'2018-08-19'
2018-09-07 10:04:39,378 - DataBase.py[line:56] - INFO: select * from record_201808 where emp_id=000001 and time like '2018-08-19%'
2018-09-07 10:04:39,415 - DataBase.py[line:56] - INFO: select * from record_201808 where emp_id=000001 and time<'2018-08-19'
2018-09-07 10:04:39,451 - DataBase.py[line:56] - INFO: select * from record_201808 where emp_id=000001 and time like '2018-08-20%'
2018-09-07 10:04:39,491 - DataBase.py[line:56] - INFO: select * from record_201808 where emp_id=000001 and time<'2018-08-20'
2018-09-07 10:04:39,529 - DataBase.py[line:56] - INFO: select * from record_201808 where emp_id=000001 and time like '2018-08-20%'
2018-09-07 10:04:39,567 - DataBase.py[line:56] - INFO: select * from record_201808 where emp_id=000001 and time<'2018-08-20'
2018-09-07 10:04:39,610 - DataBase.py[line:56] - INFO: select * from record_201808 where emp_id=000001 and time like '2018-08-21%'
2018-09-07 10:04:39,646 - DataBase.py[line:56] - INFO: select * from record_201808 where emp_id=000001 and time<'2018-08-21'
2018-09-07 10:04:39,684 - DataBase.py[line:56] - INFO: select * from record_201808 where emp_id=000001 and time like '2018-08-21%'
2018-09-07 10:04:39,721 - DataBase.py[line:56] - INFO: select * from record_201808 where emp_id=000001 and time<'2018-08-21'
2018-09-07 10:04:39,757 - DataBase.py[line:56] - INFO: select * from record_201808 where emp_id=000001 and time like '2018-08-22%'
2018-09-07 10:04:39,797 - DataBase.py[line:56] - INFO: select * from record_201808 where emp_id=000001 and time<'2018-08-22'
2018-09-07 10:04:39,834 - DataBase.py[line:56] - INFO: select * from record_201808 where emp_id=000001 and time like '2018-08-22%'
2018-09-07 10:04:39,872 - DataBase.py[line:56] - INFO: select * from record_201808 where emp_id=000001 and time<'2018-08-22'
2018-09-07 10:04:39,909 - DataBase.py[line:56] - INFO: select * from record_201808 where emp_id=000001 and time like '2018-08-23%'
2018-09-07 10:04:39,947 - DataBase.py[line:56] - INFO: select * from record_201808 where emp_id=000001 and time<'2018-08-23'
2018-09-07 10:04:39,984 - DataBase.py[line:56] - INFO: select * from record_201808 where emp_id=000001 and time like '2018-08-23%'
2018-09-07 10:04:40,021 - DataBase.py[line:56] - INFO: select * from record_201808 where emp_id=000001 and time<'2018-08-23'
2018-09-07 10:04:40,057 - DataBase.py[line:56] - INFO: select * from record_201808 where emp_id=000001 and time like '2018-08-24%'
2018-09-07 10:04:40,095 - DataBase.py[line:56] - INFO: select * from record_201808 where emp_id=000001 and time<'2018-08-24'
2018-09-07 10:04:40,130 - DataBase.py[line:56] - INFO: select * from record_201808 where emp_id=000001 and time like '2018-08-24%'
2018-09-07 10:04:40,167 - DataBase.py[line:56] - INFO: select * from record_201808 where emp_id=000001 and time<'2018-08-24'
2018-09-07 10:04:40,212 - DataBase.py[line:56] - INFO: select * from record_201808 where emp_id=000001 and time like '2018-08-25%'
2018-09-07 10:04:40,251 - DataBase.py[line:56] - INFO: select * from record_201808 where emp_id=000001 and time<'2018-08-25'
2018-09-07 10:04:40,288 - DataBase.py[line:56] - INFO: select * from record_201808 where emp_id=000001 and time like '2018-08-25%'
2018-09-07 10:04:40,328 - DataBase.py[line:56] - INFO: select * from record_201808 where emp_id=000001 and time<'2018-08-25'
2018-09-07 10:04:40,366 - DataBase.py[line:56] - INFO: select * from record_201808 where emp_id=000001 and time like '2018-08-26%'
2018-09-07 10:04:40,403 - DataBase.py[line:56] - INFO: select * from record_201808 where emp_id=000001 and time<'2018-08-26'
2018-09-07 10:04:40,438 - DataBase.py[line:56] - INFO: select * from record_201808 where emp_id=000001 and time like '2018-08-26%'
2018-09-07 10:04:40,475 - DataBase.py[line:56] - INFO: select * from record_201808 where emp_id=000001 and time<'2018-08-26'
2018-09-07 10:04:40,515 - DataBase.py[line:56] - INFO: select * from record_201808 where emp_id=000001 and time like '2018-08-27%'
2018-09-07 10:04:40,551 - DataBase.py[line:56] - INFO: select * from record_201808 where emp_id=000001 and time<'2018-08-27'
2018-09-07 10:04:40,588 - DataBase.py[line:56] - INFO: select * from record_201808 where emp_id=000001 and time like '2018-08-27%'
2018-09-07 10:04:40,625 - DataBase.py[line:56] - INFO: select * from record_201808 where emp_id=000001 and time<'2018-08-27'
2018-09-07 10:04:40,662 - DataBase.py[line:56] - INFO: select * from record_201808 where emp_id=000001 and time like '2018-08-28%'
2018-09-07 10:04:40,702 - DataBase.py[line:56] - INFO: select * from record_201808 where emp_id=000001 and time like '2018-08-28%'
2018-09-07 10:04:40,740 - DataBase.py[line:56] - INFO: select * from record_201808 where emp_id=000001 and time like '2018-08-29%'
2018-09-07 10:04:40,780 - DataBase.py[line:56] - INFO: select * from record_201808 where emp_id=000001 and time<'2018-08-29'
2018-09-07 10:04:40,847 - DataBase.py[line:56] - INFO: select * from record_201808 where emp_id=000001
2018-09-07 10:04:40,882 - DataBase.py[line:56] - INFO: select * from record_201808 where emp_id=000001
2018-09-07 10:04:40,924 - DataBase.py[line:56] - INFO: select * from record_201808 where emp_id=000001 and time like '2018-08-29%'
2018-09-07 10:04:40,961 - DataBase.py[line:56] - INFO: select * from record_201808 where emp_id=000001
2018-09-07 10:04:40,997 - DataBase.py[line:56] - INFO: select * from record_201808 where emp_id=000001 and time like '2018-08-30%'
2018-09-07 10:04:41,035 - DataBase.py[line:56] - INFO: select * from record_201808 where emp_id=000001 and time like '2018-08-30%'
2018-09-07 10:04:41,072 - DataBase.py[line:56] - INFO: select * from record_201808 where emp_id=000001 and time like '2018-08-31%'
2018-09-07 10:04:41,108 - DataBase.py[line:56] - INFO: select * from record_201808 where emp_id=000001 and time<'2018-08-31'
2018-09-07 10:04:41,146 - DataBase.py[line:56] - INFO: select * from record_201808 where emp_id=000001 and time like '2018-08-31%'
2018-09-07 10:04:41,181 - DataBase.py[line:56] - INFO: select * from record_201808 where emp_id=000001 and time<'2018-08-31'
2018-09-07 10:04:41,223 - DataBase.py[line:56] - INFO: select * from empinfo where Emp_id=000001
2018-09-07 10:05:54,389 - DataBase.py[line:56] - INFO: select * from empinfo where Emp_id=000001
2018-09-07 10:05:54,429 - DataBase.py[line:56] - INFO: select password from empinfo where Emp_id=000001
2018-09-07 10:06:18,749 - DataBase.py[line:56] - INFO: select * from empinfo where Emp_id=000001
2018-09-07 10:06:18,799 - DataBase.py[line:56] - INFO: select password from empinfo where Emp_id=000001
2018-09-07 10:06:23,516 - DataBase.py[line:56] - INFO: select * from empinfo where Emp_id=000001
2018-09-07 10:10:22,026 - DataBase.py[line:56] - INFO: select * from empinfo where Emp_id=000001
2018-09-07 10:10:22,062 - DataBase.py[line:56] - INFO: select password from empinfo where Emp_id=000001
2018-09-07 10:19:22,466 - DataBase.py[line:56] - INFO: select * from empinfo where Emp_id=000001
2018-09-07 10:19:22,507 - DataBase.py[line:56] - INFO: select password from empinfo where Emp_id=000001
2018-09-07 10:19:40,963 - DataBase.py[line:56] - INFO: select * from empinfo where Emp_id=000001
2018-09-07 10:19:41,014 - DataBase.py[line:56] - INFO: select password from empinfo where Emp_id=000001
2018-09-07 10:20:08,760 - DataBase.py[line:56] - INFO: select * from empinfo where Emp_id=000001
2018-09-07 10:20:08,797 - DataBase.py[line:56] - INFO: select password from empinfo where Emp_id=000001
2018-09-07 10:20:15,931 - DataBase.py[line:56] - INFO: select * from empinfo where Emp_id=000001
2018-09-07 10:20:15,968 - DataBase.py[line:56] - INFO: select password from empinfo where Emp_id=000001
2018-09-07 10:20:40,587 - DataBase.py[line:56] - INFO: select * from empinfo where Emp_id=000001
2018-09-07 10:20:40,628 - DataBase.py[line:56] - INFO: select password from empinfo where Emp_id=000001
2018-09-07 10:22:18,434 - DataBase.py[line:56] - INFO: select * from empinfo where Emp_id=000001
2018-09-07 10:22:18,471 - DataBase.py[line:56] - INFO: select password from empinfo where Emp_id=000001
2018-09-07 10:22:26,432 - DataBase.py[line:56] - INFO: select * from empinfo where Emp_id=000001
2018-09-07 10:22:26,473 - DataBase.py[line:56] - INFO: select password from empinfo where Emp_id=000001
2018-09-07 10:22:43,104 - DataBase.py[line:56] - INFO: select * from empinfo where Emp_id=000001
2018-09-07 10:22:43,151 - DataBase.py[line:56] - INFO: select password from empinfo where Emp_id=000001
2018-09-07 10:23:08,958 - DataBase.py[line:56] - INFO: select * from empinfo where Emp_id=000001
2018-09-07 10:23:09,000 - DataBase.py[line:56] - INFO: select password from empinfo where Emp_id=000001
2018-09-07 10:25:18,272 - DataBase.py[line:56] - INFO: select * from empinfo where Emp_id=000001
2018-09-07 10:25:18,310 - DataBase.py[line:56] - INFO: select password from empinfo where Emp_id=000001
2018-09-07 10:30:05,525 - DataBase.py[line:56] - INFO: select * from empinfo where Emp_id=000001
2018-09-07 10:30:05,562 - DataBase.py[line:56] - INFO: select password from empinfo where Emp_id=000001
2018-09-07 10:30:09,313 - DataBase.py[line:56] - INFO: select * from empinfo where Emp_id=000001
2018-09-07 10:30:09,351 - DataBase.py[line:56] - INFO: select password from empinfo where Emp_id=000001
2018-09-07 10:31:06,285 - DataBase.py[line:56] - INFO: select * from empinfo where Emp_id=000001
2018-09-07 10:31:06,322 - DataBase.py[line:56] - INFO: select password from empinfo where Emp_id=000001
2018-09-07 10:31:39,489 - DataBase.py[line:56] - INFO: select * from empinfo where Emp_id=000001
2018-09-07 10:31:39,526 - DataBase.py[line:56] - INFO: select password from empinfo where Emp_id=000001
2018-09-07 10:31:40,491 - DataBase.py[line:56] - INFO: select * from empinfo where Emp_id=000001
2018-09-07 10:33:35,034 - DataBase.py[line:56] - INFO: select * from empinfo where Emp_id=000001
2018-09-07 10:33:35,071 - DataBase.py[line:56] - INFO: select password from empinfo where Emp_id=000001
2018-09-07 10:36:22,998 - DataBase.py[line:56] - INFO: select * from empinfo where Emp_id=000001
2018-09-07 10:36:23,042 - DataBase.py[line:56] - INFO: select password from empinfo where Emp_id=000001
2018-09-07 10:36:55,052 - DataBase.py[line:56] - INFO: select * from empinfo where Emp_id=000001
2018-09-07 10:36:55,095 - DataBase.py[line:56] - INFO: select password from empinfo where Emp_id=000001
2018-09-07 10:37:12,952 - DataBase.py[line:56] - INFO: select * from empinfo where Emp_id=000001
2018-09-07 10:37:12,990 - DataBase.py[line:56] - INFO: select password from empinfo where Emp_id=000001
2018-09-07 10:38:52,433 - DataBase.py[line:56] - INFO: select * from empinfo where Emp_id=000001
2018-09-07 10:38:52,484 - DataBase.py[line:56] - INFO: select password from empinfo where Emp_id=000001
2018-09-07 10:41:20,963 - DataBase.py[line:56] - INFO: select * from empinfo where Emp_id=000001
2018-09-07 10:41:21,000 - DataBase.py[line:56] - INFO: select password from empinfo where Emp_id=000001
2018-09-07 10:41:25,645 - DataBase.py[line:56] - INFO: select * from empinfo where Emp_id=283
2018-09-07 10:41:31,989 - DataBase.py[line:56] - INFO: select * from empinfo where Emp_id=000001
2018-09-07 10:41:32,026 - DataBase.py[line:56] - INFO: select password from empinfo where Emp_id=000001
2018-09-07 10:41:36,188 - DataBase.py[line:56] - INFO: select * from empinfo where Emp_id=000001
2018-09-07 10:41:36,225 - DataBase.py[line:56] - INFO: select password from empinfo where Emp_id=000001
2018-09-07 10:41:42,431 - DataBase.py[line:56] - INFO: select password from empinfo where Emp_id=000001
2018-09-07 10:42:33,283 - DataBase.py[line:56] - INFO: select * from empinfo where Emp_id=000001
2018-09-07 10:42:33,320 - DataBase.py[line:56] - INFO: select password from empinfo where Emp_id=000001
2018-09-07 10:46:40,685 - DataBase.py[line:56] - INFO: select * from empinfo where Emp_id=dsa
2018-09-07 10:46:40,729 - DataBase.py[line:62] - ERROR: query database exception, (1054, "Unknown column 'dsa' in 'where clause'")
2018-09-07 10:46:40,729 - DataBase.py[line:56] - INFO: select password from empinfo where Emp_id=dsa
2018-09-07 10:46:40,765 - DataBase.py[line:62] - ERROR: query database exception, (1054, "Unknown column 'dsa' in 'where clause'")
2018-09-07 10:47:59,300 - DataBase.py[line:56] - INFO: select * from empinfo where Emp_id=000001
2018-09-07 10:47:59,350 - DataBase.py[line:56] - INFO: select password from empinfo where Emp_id=000001
2018-09-07 10:48:23,409 - DataBase.py[line:56] - INFO: select * from empinfo where Emp_id=000001
2018-09-07 10:48:23,449 - DataBase.py[line:56] - INFO: select password from empinfo where Emp_id=000001
2018-09-07 10:48:27,741 - DataBase.py[line:56] - INFO: select * from empinfo where Emp_id=000001
2018-09-07 10:48:29,787 - DataBase.py[line:56] - INFO: select * from empinfo where Emp_id=000001
2018-09-07 10:48:31,339 - DataBase.py[line:56] - INFO: select * from empinfo where Emp_id=000001
2018-09-07 10:48:46,235 - DataBase.py[line:56] - INFO: select * from empinfo where Emp_id=e2e
2018-09-07 10:48:46,274 - DataBase.py[line:62] - ERROR: query database exception, (1054, "Unknown column 'e2e' in 'where clause'")
2018-09-07 10:48:46,274 - DataBase.py[line:56] - INFO: select password from empinfo where Emp_id=e2e
2018-09-07 10:48:46,314 - DataBase.py[line:62] - ERROR: query database exception, (1054, "Unknown column 'e2e' in 'where clause'")
