2018-09-11 16:32:49,693 - DataBase.py[line:23] - INFO: database class is creating...
2018-09-11 16:32:50,243 - DataBase.py[line:51] - INFO: database is connecting...
2018-09-11 16:33:02,899 - DataBase.py[line:56] - INFO: select * from empinfo where Emp_id=000001
2018-09-11 16:33:02,997 - DataBase.py[line:56] - INFO: select password from empinfo where Emp_id=000001
2018-09-11 16:33:45,852 - DataBase.py[line:56] - INFO: select * from empinfo where Emp_id=000001
2018-09-11 16:33:45,946 - DataBase.py[line:56] - INFO: select password from empinfo where Emp_id=000001
2018-09-11 16:33:50,668 - DataBase.py[line:56] - INFO: SELECT table_name FROM information_schema.TABLES WHERE table_name ='record_201801'
2018-09-11 16:33:53,514 - DataBase.py[line:56] - INFO: SELECT table_name FROM information_schema.TABLES WHERE table_name ='record_201808'
2018-09-11 16:33:53,589 - DataBase.py[line:56] - INFO: select * from record_201808 where emp_id=000001
2018-09-11 16:33:53,790 - DataBase.py[line:56] - INFO: select * from except_201808 where emp_id=000001
2018-09-11 16:33:53,893 - DataBase.py[line:56] - INFO: select * from empinfo where Emp_id=000001
2018-09-11 16:33:57,567 - DataBase.py[line:56] - INFO: SELECT table_name FROM information_schema.TABLES WHERE table_name ='record_201801'
2018-09-11 16:33:59,943 - DataBase.py[line:56] - INFO: SELECT table_name FROM information_schema.TABLES WHERE table_name ='record_201801'
2018-09-11 16:34:39,832 - DataBase.py[line:56] - INFO: select * from empinfo where Emp_id=000001
2018-09-11 16:34:39,923 - DataBase.py[line:56] - INFO: select password from empinfo where Emp_id=000001
2018-09-11 16:34:44,030 - DataBase.py[line:56] - INFO: SELECT table_name FROM information_schema.TABLES WHERE table_name ='record_201801'
2018-09-11 16:34:47,199 - DataBase.py[line:56] - INFO: SELECT table_name FROM information_schema.TABLES WHERE table_name ='record_201808'
2018-09-11 16:34:47,299 - DataBase.py[line:56] - INFO: select * from record_201808 where emp_id=000001
2018-09-11 16:34:47,419 - DataBase.py[line:56] - INFO: select * from except_201808 where emp_id=000001
2018-09-11 16:34:47,502 - DataBase.py[line:56] - INFO: select * from empinfo where Emp_id=000001
2018-09-11 16:34:54,623 - DataBase.py[line:56] - INFO: SELECT table_name FROM information_schema.TABLES WHERE table_name ='record_201801'
2018-09-11 16:37:43,600 - DataBase.py[line:56] - INFO: select * from empinfo where Emp_id=000001
2018-09-11 16:37:43,637 - DataBase.py[line:56] - INFO: select password from empinfo where Emp_id=000001
2018-09-11 16:37:44,550 - DataBase.py[line:56] - INFO: select * from empinfo where Emp_id=000001
2018-09-11 16:37:55,995 - DataBase.py[line:56] - INFO: select * from empinfo where Emp_id=000001
2018-09-11 16:37:56,031 - DataBase.py[line:56] - INFO: select password from empinfo where Emp_id=000001
