2018-09-01 16:20:03,883 - DataBase.py[line:22] - INFO: database class is creating...
2018-09-01 16:20:03,901 - DataBase.py[line:50] - INFO: database is connecting...
2018-09-01 16:20:03,902 - DataBase.py[line:55] - INFO: select * from record_201808 where emp_id=111111 and time like '2018-08-1%'
2018-09-01 16:20:03,903 - DataBase.py[line:55] - INFO: select * from record_201808 where emp_id=111111
2018-09-01 16:20:03,903 - DataBase.py[line:55] - INFO: select * from record_201808 where emp_id=111111 and time like '2018-08-01%'
2018-09-01 16:20:03,904 - DataBase.py[line:55] - INFO: select * from record_201808 where emp_id=111111
2018-09-01 16:20:03,904 - DataBase.py[line:55] - INFO: select * from record_201808 where emp_id=111111 and time like '2018-08-2%'
2018-09-01 16:20:03,905 - DataBase.py[line:55] - INFO: select * from record_201808 where emp_id=111111
2018-09-01 16:20:03,905 - DataBase.py[line:55] - INFO: select * from record_201808 where emp_id=111111 and time like '2018-08-02%'
2018-09-01 16:20:03,906 - DataBase.py[line:55] - INFO: select * from record_201808 where emp_id=111111
2018-09-01 16:20:03,906 - DataBase.py[line:55] - INFO: select * from record_201808 where emp_id=111111 and time like '2018-08-3%'
2018-09-01 16:20:03,907 - DataBase.py[line:55] - INFO: select * from record_201808 where emp_id=111111
2018-09-01 16:20:03,907 - DataBase.py[line:55] - INFO: select * from record_201808 where emp_id=111111 and time like '2018-08-03%'
2018-09-01 16:20:03,907 - DataBase.py[line:55] - INFO: select * from record_201808 where emp_id=111111
2018-09-01 16:20:03,908 - DataBase.py[line:55] - INFO: select * from record_201808 where emp_id=111111 and time like '2018-08-4%'
2018-09-01 16:20:03,908 - DataBase.py[line:55] - INFO: select * from record_201808 where emp_id=111111
2018-09-01 16:20:03,909 - DataBase.py[line:55] - INFO: select * from record_201808 where emp_id=111111 and time like '2018-08-04%'
2018-09-01 16:20:03,909 - DataBase.py[line:55] - INFO: select * from record_201808 where emp_id=111111
2018-09-01 16:20:03,909 - DataBase.py[line:55] - INFO: select * from record_201808 where emp_id=111111 and time like '2018-08-5%'
2018-09-01 16:20:03,910 - DataBase.py[line:55] - INFO: select * from record_201808 where emp_id=111111
2018-09-01 16:20:03,910 - DataBase.py[line:55] - INFO: select * from record_201808 where emp_id=111111 and time like '2018-08-05%'
2018-09-01 16:20:03,911 - DataBase.py[line:55] - INFO: select * from record_201808 where emp_id=111111
2018-09-01 16:20:03,911 - DataBase.py[line:55] - INFO: select * from record_201808 where emp_id=111111 and time like '2018-08-6%'
2018-09-01 16:20:03,912 - DataBase.py[line:55] - INFO: select * from record_201808 where emp_id=111111
2018-09-01 16:20:03,912 - DataBase.py[line:55] - INFO: select * from record_201808 where emp_id=111111 and time like '2018-08-06%'
2018-09-01 16:20:03,913 - DataBase.py[line:55] - INFO: select * from record_201808 where emp_id=111111
2018-09-01 16:20:03,913 - DataBase.py[line:55] - INFO: select * from record_201808 where emp_id=111111 and time like '2018-08-7%'
2018-09-01 16:20:03,914 - DataBase.py[line:55] - INFO: select * from record_201808 where emp_id=111111
2018-09-01 16:20:03,914 - DataBase.py[line:55] - INFO: select * from record_201808 where emp_id=111111 and time like '2018-08-07%'
2018-09-01 16:20:03,915 - DataBase.py[line:55] - INFO: select * from record_201808 where emp_id=111111
2018-09-01 16:20:03,915 - DataBase.py[line:55] - INFO: select * from record_201808 where emp_id=111111 and time like '2018-08-8%'
2018-09-01 16:20:03,915 - DataBase.py[line:55] - INFO: select * from record_201808 where emp_id=111111
2018-09-01 16:20:03,916 - DataBase.py[line:55] - INFO: select * from record_201808 where emp_id=111111 and time like '2018-08-08%'
2018-09-01 16:20:03,917 - DataBase.py[line:55] - INFO: select * from record_201808 where emp_id=111111
2018-09-01 16:20:03,917 - DataBase.py[line:55] - INFO: select * from record_201808 where emp_id=111111 and time like '2018-08-9%'
2018-09-01 16:20:03,918 - DataBase.py[line:55] - INFO: select * from record_201808 where emp_id=111111
2018-09-01 16:20:03,918 - DataBase.py[line:55] - INFO: select * from record_201808 where emp_id=111111 and time like '2018-08-09%'
2018-09-01 16:20:03,919 - DataBase.py[line:55] - INFO: select * from record_201808 where emp_id=111111
2018-09-01 16:20:03,919 - DataBase.py[line:55] - INFO: select * from record_201808 where emp_id=111111 and time like '2018-08-10%'
2018-09-01 16:20:03,919 - DataBase.py[line:55] - INFO: select * from record_201808 where emp_id=111111
2018-09-01 16:20:03,920 - DataBase.py[line:55] - INFO: select * from record_201808 where emp_id=111111 and time like '2018-08-10%'
2018-09-01 16:20:03,920 - DataBase.py[line:55] - INFO: select * from record_201808 where emp_id=111111
2018-09-01 16:20:03,921 - DataBase.py[line:55] - INFO: select * from record_201808 where emp_id=111111 and time like '2018-08-11%'
2018-09-01 16:20:03,922 - DataBase.py[line:55] - INFO: select * from record_201808 where emp_id=111111
2018-09-01 16:20:03,922 - DataBase.py[line:55] - INFO: select * from record_201808 where emp_id=111111 and time like '2018-08-11%'
2018-09-01 16:20:03,923 - DataBase.py[line:55] - INFO: select * from record_201808 where emp_id=111111
2018-09-01 16:20:03,923 - DataBase.py[line:55] - INFO: select * from record_201808 where emp_id=111111 and time like '2018-08-12%'
2018-09-01 16:20:03,923 - DataBase.py[line:55] - INFO: select * from record_201808 where emp_id=111111
2018-09-01 16:20:03,924 - DataBase.py[line:55] - INFO: select * from record_201808 where emp_id=111111 and time like '2018-08-12%'
2018-09-01 16:20:03,924 - DataBase.py[line:55] - INFO: select * from record_201808 where emp_id=111111
2018-09-01 16:20:03,925 - DataBase.py[line:55] - INFO: select * from record_201808 where emp_id=111111 and time like '2018-08-13%'
2018-09-01 16:20:03,925 - DataBase.py[line:55] - INFO: select * from record_201808 where emp_id=111111
2018-09-01 16:20:03,925 - DataBase.py[line:55] - INFO: select * from record_201808 where emp_id=111111 and time like '2018-08-13%'
2018-09-01 16:20:03,926 - DataBase.py[line:55] - INFO: select * from record_201808 where emp_id=111111
2018-09-01 16:20:03,926 - DataBase.py[line:55] - INFO: select * from record_201808 where emp_id=111111 and time like '2018-08-14%'
2018-09-01 16:20:03,927 - DataBase.py[line:55] - INFO: select * from record_201808 where emp_id=111111
2018-09-01 16:20:03,927 - DataBase.py[line:55] - INFO: select * from record_201808 where emp_id=111111 and time like '2018-08-14%'
2018-09-01 16:20:03,927 - DataBase.py[line:55] - INFO: select * from record_201808 where emp_id=111111
2018-09-01 16:20:03,928 - DataBase.py[line:55] - INFO: select * from record_201808 where emp_id=111111 and time like '2018-08-15%'
2018-09-01 16:20:03,928 - DataBase.py[line:55] - INFO: select * from record_201808 where emp_id=111111
2018-09-01 16:20:03,929 - DataBase.py[line:55] - INFO: select * from record_201808 where emp_id=111111 and time like '2018-08-15%'
2018-09-01 16:20:03,929 - DataBase.py[line:55] - INFO: select * from record_201808 where emp_id=111111
2018-09-01 16:20:03,930 - DataBase.py[line:55] - INFO: select * from record_201808 where emp_id=111111 and time like '2018-08-16%'
2018-09-01 16:20:03,930 - DataBase.py[line:55] - INFO: select * from record_201808 where emp_id=111111
2018-09-01 16:20:03,931 - DataBase.py[line:55] - INFO: select * from record_201808 where emp_id=111111 and time like '2018-08-16%'
2018-09-01 16:20:03,931 - DataBase.py[line:55] - INFO: select * from record_201808 where emp_id=111111
2018-09-01 16:20:03,931 - DataBase.py[line:55] - INFO: select * from record_201808 where emp_id=111111 and time like '2018-08-17%'
2018-09-01 16:20:03,932 - DataBase.py[line:55] - INFO: select * from record_201808 where emp_id=111111
2018-09-01 16:20:03,932 - DataBase.py[line:55] - INFO: select * from record_201808 where emp_id=111111 and time like '2018-08-17%'
2018-09-01 16:20:03,933 - DataBase.py[line:55] - INFO: select * from record_201808 where emp_id=111111
2018-09-01 16:20:03,934 - DataBase.py[line:55] - INFO: select * from record_201808 where emp_id=111111 and time like '2018-08-18%'
2018-09-01 16:20:03,935 - DataBase.py[line:55] - INFO: select * from record_201808 where emp_id=111111
2018-09-01 16:20:03,935 - DataBase.py[line:55] - INFO: select * from record_201808 where emp_id=111111 and time like '2018-08-18%'
2018-09-01 16:20:03,936 - DataBase.py[line:55] - INFO: select * from record_201808 where emp_id=111111
2018-09-01 16:20:03,936 - DataBase.py[line:55] - INFO: select * from record_201808 where emp_id=111111 and time like '2018-08-19%'
2018-09-01 16:20:03,937 - DataBase.py[line:55] - INFO: select * from record_201808 where emp_id=111111
2018-09-01 16:20:03,937 - DataBase.py[line:55] - INFO: select * from record_201808 where emp_id=111111 and time like '2018-08-19%'
2018-09-01 16:20:03,937 - DataBase.py[line:55] - INFO: select * from record_201808 where emp_id=111111
2018-09-01 16:20:03,938 - DataBase.py[line:55] - INFO: select * from record_201808 where emp_id=111111 and time like '2018-08-20%'
2018-09-01 16:20:03,938 - DataBase.py[line:55] - INFO: select * from record_201808 where emp_id=111111
2018-09-01 16:20:03,939 - DataBase.py[line:55] - INFO: select * from record_201808 where emp_id=111111 and time like '2018-08-20%'
2018-09-01 16:20:03,939 - DataBase.py[line:55] - INFO: select * from record_201808 where emp_id=111111
2018-09-01 16:20:03,939 - DataBase.py[line:55] - INFO: select * from record_201808 where emp_id=111111 and time like '2018-08-21%'
2018-09-01 16:20:03,940 - DataBase.py[line:55] - INFO: select * from record_201808 where emp_id=111111
2018-09-01 16:20:03,941 - DataBase.py[line:55] - INFO: select * from record_201808 where emp_id=111111 and time like '2018-08-21%'
2018-09-01 16:20:03,941 - DataBase.py[line:55] - INFO: select * from record_201808 where emp_id=111111
2018-09-01 16:20:03,942 - DataBase.py[line:55] - INFO: select * from record_201808 where emp_id=111111 and time like '2018-08-22%'
2018-09-01 16:20:03,942 - DataBase.py[line:55] - INFO: select * from record_201808 where emp_id=111111
2018-09-01 16:20:03,943 - DataBase.py[line:55] - INFO: select * from record_201808 where emp_id=111111 and time like '2018-08-22%'
2018-09-01 16:20:03,943 - DataBase.py[line:55] - INFO: select * from record_201808 where emp_id=111111
2018-09-01 16:20:03,943 - DataBase.py[line:55] - INFO: select * from record_201808 where emp_id=111111 and time like '2018-08-23%'
2018-09-01 16:20:03,944 - DataBase.py[line:55] - INFO: select * from record_201808 where emp_id=111111
2018-09-01 16:20:03,944 - DataBase.py[line:55] - INFO: select * from record_201808 where emp_id=111111 and time like '2018-08-23%'
2018-09-01 16:20:03,945 - DataBase.py[line:55] - INFO: select * from record_201808 where emp_id=111111
2018-09-01 16:20:03,945 - DataBase.py[line:55] - INFO: select * from record_201808 where emp_id=111111 and time like '2018-08-24%'
2018-09-01 16:20:03,946 - DataBase.py[line:55] - INFO: select * from record_201808 where emp_id=111111
2018-09-01 16:20:03,946 - DataBase.py[line:55] - INFO: select * from record_201808 where emp_id=111111 and time like '2018-08-24%'
2018-09-01 16:20:03,947 - DataBase.py[line:55] - INFO: select * from record_201808 where emp_id=111111
2018-09-01 16:20:03,947 - DataBase.py[line:55] - INFO: select * from record_201808 where emp_id=111111 and time like '2018-08-25%'
2018-09-01 16:20:03,947 - DataBase.py[line:55] - INFO: select * from record_201808 where emp_id=111111
2018-09-01 16:20:03,948 - DataBase.py[line:55] - INFO: select * from record_201808 where emp_id=111111 and time like '2018-08-25%'
2018-09-01 16:20:03,948 - DataBase.py[line:55] - INFO: select * from record_201808 where emp_id=111111
2018-09-01 16:20:03,949 - DataBase.py[line:55] - INFO: select * from record_201808 where emp_id=111111 and time like '2018-08-26%'
2018-09-01 16:20:03,949 - DataBase.py[line:55] - INFO: select * from record_201808 where emp_id=111111
2018-09-01 16:20:03,950 - DataBase.py[line:55] - INFO: select * from record_201808 where emp_id=111111 and time like '2018-08-26%'
2018-09-01 16:20:03,950 - DataBase.py[line:55] - INFO: select * from record_201808 where emp_id=111111
2018-09-01 16:20:03,951 - DataBase.py[line:55] - INFO: select * from record_201808 where emp_id=111111 and time like '2018-08-27%'
2018-09-01 16:20:03,951 - DataBase.py[line:55] - INFO: select * from record_201808 where emp_id=111111
2018-09-01 16:20:03,952 - DataBase.py[line:55] - INFO: select * from record_201808 where emp_id=111111 and time like '2018-08-27%'
2018-09-01 16:20:03,952 - DataBase.py[line:55] - INFO: select * from record_201808 where emp_id=111111
2018-09-01 16:20:03,952 - DataBase.py[line:55] - INFO: select * from record_201808 where emp_id=111111 and time like '2018-08-28%'
2018-09-01 16:20:03,953 - DataBase.py[line:55] - INFO: select * from record_201808 where emp_id=111111
2018-09-01 16:20:03,954 - DataBase.py[line:55] - INFO: select * from record_201808 where emp_id=111111 and time like '2018-08-28%'
2018-09-01 16:20:03,955 - DataBase.py[line:55] - INFO: select * from record_201808 where emp_id=111111 and time like '2018-08-29%'
2018-09-01 16:20:03,955 - DataBase.py[line:55] - INFO: select * from record_201808 where emp_id=111111
2018-09-01 16:20:03,956 - DataBase.py[line:55] - INFO: select * from record_201808 where emp_id=111111 and time like '2018-08-29%'
2018-09-01 16:20:03,957 - DataBase.py[line:55] - INFO: select * from record_201808 where emp_id=111111 and time like '2018-08-30%'
2018-09-01 16:20:03,957 - DataBase.py[line:55] - INFO: select * from record_201808 where emp_id=111111
2018-09-01 16:20:03,957 - DataBase.py[line:55] - INFO: select * from record_201808 where emp_id=111111 and time like '2018-08-30%'
2018-09-01 16:20:03,958 - DataBase.py[line:55] - INFO: select * from record_201808 where emp_id=111111
2018-09-01 16:20:03,958 - DataBase.py[line:55] - INFO: select * from record_201808 where emp_id=111111 and time like '2018-08-31%'
2018-09-01 16:20:03,959 - DataBase.py[line:55] - INFO: select * from record_201808 where emp_id=111111
2018-09-01 16:20:03,959 - DataBase.py[line:55] - INFO: select * from record_201808 where emp_id=111111 and time like '2018-08-31%'
2018-09-01 16:20:03,960 - DataBase.py[line:55] - INFO: select * from record_201808 where emp_id=111111
2018-09-01 16:20:03,960 - DataBase.py[line:55] - INFO: select * from empinfo where Emp_id=000001
2018-09-01 16:20:03,961 - DataBase.py[line:55] - INFO: select password from empinfo where Emp_id=000001
