2018-09-04 09:24:30,063 - DataBase.py[line:23] - INFO: database class is creating...
2018-09-04 09:24:30,082 - DataBase.py[line:51] - INFO: database is connecting...
2018-09-04 09:24:32,600 - DataBase.py[line:56] - INFO: select * from empinfo where Emp_id=000002
2018-09-04 09:24:32,601 - DataBase.py[line:56] - INFO: select password from empinfo where Emp_id=000002
2018-09-04 09:24:32,601 - DataBase.py[line:56] - INFO: select * from empinfo where Emp_id=000002
2018-09-04 09:24:32,602 - DataBase.py[line:56] - INFO: select * from record_201808 where emp_id=111111
2018-09-04 09:24:32,603 - DataBase.py[line:56] - INFO: select * from record_201808 where emp_id=111111 and time like '2018-08-1%'
2018-09-04 09:24:32,606 - DataBase.py[line:56] - INFO: select * from record_201808 where emp_id=111111
2018-09-04 09:24:32,606 - DataBase.py[line:56] - INFO: select * from record_201808 where emp_id=111111 and time like '2018-08-01%'
2018-09-04 09:24:32,606 - DataBase.py[line:56] - INFO: select * from record_201808 where emp_id=111111
2018-09-04 09:24:32,607 - DataBase.py[line:56] - INFO: select * from record_201808 where emp_id=111111 and time like '2018-08-2%'
2018-09-04 09:24:32,607 - DataBase.py[line:56] - INFO: select * from record_201808 where emp_id=111111
2018-09-04 09:24:32,608 - DataBase.py[line:56] - INFO: select * from record_201808 where emp_id=111111 and time like '2018-08-02%'
2018-09-04 09:24:32,608 - DataBase.py[line:56] - INFO: select * from record_201808 where emp_id=111111
2018-09-04 09:24:32,609 - DataBase.py[line:56] - INFO: select * from record_201808 where emp_id=111111 and time like '2018-08-3%'
2018-09-04 09:24:32,609 - DataBase.py[line:56] - INFO: select * from record_201808 where emp_id=111111
2018-09-04 09:24:32,610 - DataBase.py[line:56] - INFO: select * from record_201808 where emp_id=111111 and time like '2018-08-03%'
2018-09-04 09:24:32,610 - DataBase.py[line:56] - INFO: select * from record_201808 where emp_id=111111
2018-09-04 09:24:32,611 - DataBase.py[line:56] - INFO: select * from record_201808 where emp_id=111111 and time like '2018-08-4%'
2018-09-04 09:24:32,611 - DataBase.py[line:56] - INFO: select * from record_201808 where emp_id=111111
2018-09-04 09:24:32,612 - DataBase.py[line:56] - INFO: select * from record_201808 where emp_id=111111 and time like '2018-08-04%'
2018-09-04 09:24:32,613 - DataBase.py[line:56] - INFO: select * from record_201808 where emp_id=111111
2018-09-04 09:24:32,613 - DataBase.py[line:56] - INFO: select * from record_201808 where emp_id=111111 and time like '2018-08-5%'
2018-09-04 09:24:32,614 - DataBase.py[line:56] - INFO: select * from record_201808 where emp_id=111111
2018-09-04 09:24:32,614 - DataBase.py[line:56] - INFO: select * from record_201808 where emp_id=111111 and time like '2018-08-05%'
2018-09-04 09:24:32,614 - DataBase.py[line:56] - INFO: select * from record_201808 where emp_id=111111
2018-09-04 09:24:32,615 - DataBase.py[line:56] - INFO: select * from record_201808 where emp_id=111111 and time like '2018-08-6%'
2018-09-04 09:24:32,615 - DataBase.py[line:56] - INFO: select * from record_201808 where emp_id=111111
2018-09-04 09:24:32,616 - DataBase.py[line:56] - INFO: select * from record_201808 where emp_id=111111 and time like '2018-08-06%'
2018-09-04 09:24:32,616 - DataBase.py[line:56] - INFO: select * from record_201808 where emp_id=111111
2018-09-04 09:24:32,617 - DataBase.py[line:56] - INFO: select * from record_201808 where emp_id=111111 and time like '2018-08-7%'
2018-09-04 09:24:32,617 - DataBase.py[line:56] - INFO: select * from record_201808 where emp_id=111111
2018-09-04 09:24:32,618 - DataBase.py[line:56] - INFO: select * from record_201808 where emp_id=111111 and time like '2018-08-07%'
2018-09-04 09:24:32,618 - DataBase.py[line:56] - INFO: select * from record_201808 where emp_id=111111
2018-09-04 09:24:32,619 - DataBase.py[line:56] - INFO: select * from record_201808 where emp_id=111111 and time like '2018-08-8%'
2018-09-04 09:24:32,619 - DataBase.py[line:56] - INFO: select * from record_201808 where emp_id=111111
2018-09-04 09:24:32,620 - DataBase.py[line:56] - INFO: select * from record_201808 where emp_id=111111 and time like '2018-08-08%'
2018-09-04 09:24:32,620 - DataBase.py[line:56] - INFO: select * from record_201808 where emp_id=111111
2018-09-04 09:24:32,621 - DataBase.py[line:56] - INFO: select * from record_201808 where emp_id=111111 and time like '2018-08-9%'
2018-09-04 09:24:32,622 - DataBase.py[line:56] - INFO: select * from record_201808 where emp_id=111111
2018-09-04 09:24:32,622 - DataBase.py[line:56] - INFO: select * from record_201808 where emp_id=111111 and time like '2018-08-09%'
2018-09-04 09:24:32,623 - DataBase.py[line:56] - INFO: select * from record_201808 where emp_id=111111
2018-09-04 09:24:32,623 - DataBase.py[line:56] - INFO: select * from record_201808 where emp_id=111111 and time like '2018-08-10%'
2018-09-04 09:24:32,624 - DataBase.py[line:56] - INFO: select * from record_201808 where emp_id=111111
2018-09-04 09:24:32,624 - DataBase.py[line:56] - INFO: select * from record_201808 where emp_id=111111 and time like '2018-08-10%'
2018-09-04 09:24:32,625 - DataBase.py[line:56] - INFO: select * from record_201808 where emp_id=111111
2018-09-04 09:24:32,625 - DataBase.py[line:56] - INFO: select * from record_201808 where emp_id=111111 and time like '2018-08-11%'
2018-09-04 09:24:32,626 - DataBase.py[line:56] - INFO: select * from record_201808 where emp_id=111111
2018-09-04 09:24:32,626 - DataBase.py[line:56] - INFO: select * from record_201808 where emp_id=111111 and time like '2018-08-11%'
2018-09-04 09:24:32,627 - DataBase.py[line:56] - INFO: select * from record_201808 where emp_id=111111
2018-09-04 09:24:32,627 - DataBase.py[line:56] - INFO: select * from record_201808 where emp_id=111111 and time like '2018-08-12%'
2018-09-04 09:24:32,627 - DataBase.py[line:56] - INFO: select * from record_201808 where emp_id=111111
2018-09-04 09:24:32,628 - DataBase.py[line:56] - INFO: select * from record_201808 where emp_id=111111 and time like '2018-08-12%'
2018-09-04 09:24:32,628 - DataBase.py[line:56] - INFO: select * from record_201808 where emp_id=111111
2018-09-04 09:24:32,629 - DataBase.py[line:56] - INFO: select * from record_201808 where emp_id=111111 and time like '2018-08-13%'
2018-09-04 09:24:32,629 - DataBase.py[line:56] - INFO: select * from record_201808 where emp_id=111111
2018-09-04 09:24:32,630 - DataBase.py[line:56] - INFO: select * from record_201808 where emp_id=111111 and time like '2018-08-13%'
2018-09-04 09:24:32,631 - DataBase.py[line:56] - INFO: select * from record_201808 where emp_id=111111
2018-09-04 09:24:32,631 - DataBase.py[line:56] - INFO: select * from record_201808 where emp_id=111111 and time like '2018-08-14%'
2018-09-04 09:24:32,632 - DataBase.py[line:56] - INFO: select * from record_201808 where emp_id=111111
2018-09-04 09:24:32,632 - DataBase.py[line:56] - INFO: select * from record_201808 where emp_id=111111 and time like '2018-08-14%'
2018-09-04 09:24:32,633 - DataBase.py[line:56] - INFO: select * from record_201808 where emp_id=111111
2018-09-04 09:24:32,633 - DataBase.py[line:56] - INFO: select * from record_201808 where emp_id=111111 and time like '2018-08-15%'
2018-09-04 09:24:32,634 - DataBase.py[line:56] - INFO: select * from record_201808 where emp_id=111111
2018-09-04 09:24:32,634 - DataBase.py[line:56] - INFO: select * from record_201808 where emp_id=111111 and time like '2018-08-15%'
2018-09-04 09:24:32,634 - DataBase.py[line:56] - INFO: select * from record_201808 where emp_id=111111
2018-09-04 09:24:32,635 - DataBase.py[line:56] - INFO: select * from record_201808 where emp_id=111111 and time like '2018-08-16%'
2018-09-04 09:24:32,636 - DataBase.py[line:56] - INFO: select * from record_201808 where emp_id=111111
2018-09-04 09:24:32,636 - DataBase.py[line:56] - INFO: select * from record_201808 where emp_id=111111 and time like '2018-08-16%'
2018-09-04 09:24:32,636 - DataBase.py[line:56] - INFO: select * from record_201808 where emp_id=111111
2018-09-04 09:24:32,637 - DataBase.py[line:56] - INFO: select * from record_201808 where emp_id=111111 and time like '2018-08-17%'
2018-09-04 09:24:32,637 - DataBase.py[line:56] - INFO: select * from record_201808 where emp_id=111111
2018-09-04 09:24:32,638 - DataBase.py[line:56] - INFO: select * from record_201808 where emp_id=111111 and time like '2018-08-17%'
2018-09-04 09:24:32,639 - DataBase.py[line:56] - INFO: select * from record_201808 where emp_id=111111
2018-09-04 09:24:32,639 - DataBase.py[line:56] - INFO: select * from record_201808 where emp_id=111111 and time like '2018-08-18%'
2018-09-04 09:24:32,640 - DataBase.py[line:56] - INFO: select * from record_201808 where emp_id=111111
2018-09-04 09:24:32,641 - DataBase.py[line:56] - INFO: select * from record_201808 where emp_id=111111 and time like '2018-08-18%'
2018-09-04 09:24:32,641 - DataBase.py[line:56] - INFO: select * from record_201808 where emp_id=111111
2018-09-04 09:24:32,642 - DataBase.py[line:56] - INFO: select * from record_201808 where emp_id=111111 and time like '2018-08-19%'
2018-09-04 09:24:32,642 - DataBase.py[line:56] - INFO: select * from record_201808 where emp_id=111111
2018-09-04 09:24:32,643 - DataBase.py[line:56] - INFO: select * from record_201808 where emp_id=111111 and time like '2018-08-19%'
2018-09-04 09:24:32,643 - DataBase.py[line:56] - INFO: select * from record_201808 where emp_id=111111
2018-09-04 09:24:32,644 - DataBase.py[line:56] - INFO: select * from record_201808 where emp_id=111111 and time like '2018-08-20%'
2018-09-04 09:24:32,644 - DataBase.py[line:56] - INFO: select * from record_201808 where emp_id=111111
2018-09-04 09:24:32,645 - DataBase.py[line:56] - INFO: select * from record_201808 where emp_id=111111 and time like '2018-08-20%'
2018-09-04 09:24:32,645 - DataBase.py[line:56] - INFO: select * from record_201808 where emp_id=111111
2018-09-04 09:24:32,646 - DataBase.py[line:56] - INFO: select * from record_201808 where emp_id=111111 and time like '2018-08-21%'
2018-09-04 09:24:32,646 - DataBase.py[line:56] - INFO: select * from record_201808 where emp_id=111111
2018-09-04 09:24:32,646 - DataBase.py[line:56] - INFO: select * from record_201808 where emp_id=111111 and time like '2018-08-21%'
2018-09-04 09:24:32,647 - DataBase.py[line:56] - INFO: select * from record_201808 where emp_id=111111
2018-09-04 09:24:32,647 - DataBase.py[line:56] - INFO: select * from record_201808 where emp_id=111111 and time like '2018-08-22%'
2018-09-04 09:24:32,648 - DataBase.py[line:56] - INFO: select * from record_201808 where emp_id=111111
2018-09-04 09:24:32,648 - DataBase.py[line:56] - INFO: select * from record_201808 where emp_id=111111 and time like '2018-08-22%'
2018-09-04 09:24:32,649 - DataBase.py[line:56] - INFO: select * from record_201808 where emp_id=111111
2018-09-04 09:24:32,649 - DataBase.py[line:56] - INFO: select * from record_201808 where emp_id=111111 and time like '2018-08-23%'
2018-09-04 09:24:32,649 - DataBase.py[line:56] - INFO: select * from record_201808 where emp_id=111111
2018-09-04 09:24:32,650 - DataBase.py[line:56] - INFO: select * from record_201808 where emp_id=111111 and time like '2018-08-23%'
2018-09-04 09:24:32,651 - DataBase.py[line:56] - INFO: select * from record_201808 where emp_id=111111
2018-09-04 09:24:32,651 - DataBase.py[line:56] - INFO: select * from record_201808 where emp_id=111111 and time like '2018-08-24%'
2018-09-04 09:24:32,652 - DataBase.py[line:56] - INFO: select * from record_201808 where emp_id=111111
2018-09-04 09:24:32,652 - DataBase.py[line:56] - INFO: select * from record_201808 where emp_id=111111 and time like '2018-08-24%'
2018-09-04 09:24:32,653 - DataBase.py[line:56] - INFO: select * from record_201808 where emp_id=111111
2018-09-04 09:24:32,653 - DataBase.py[line:56] - INFO: select * from record_201808 where emp_id=111111 and time like '2018-08-25%'
2018-09-04 09:24:32,654 - DataBase.py[line:56] - INFO: select * from record_201808 where emp_id=111111
2018-09-04 09:24:32,654 - DataBase.py[line:56] - INFO: select * from record_201808 where emp_id=111111 and time like '2018-08-25%'
2018-09-04 09:24:32,655 - DataBase.py[line:56] - INFO: select * from record_201808 where emp_id=111111
2018-09-04 09:24:32,655 - DataBase.py[line:56] - INFO: select * from record_201808 where emp_id=111111 and time like '2018-08-26%'
2018-09-04 09:24:32,656 - DataBase.py[line:56] - INFO: select * from record_201808 where emp_id=111111
2018-09-04 09:24:32,656 - DataBase.py[line:56] - INFO: select * from record_201808 where emp_id=111111 and time like '2018-08-26%'
2018-09-04 09:24:32,656 - DataBase.py[line:56] - INFO: select * from record_201808 where emp_id=111111
2018-09-04 09:24:32,657 - DataBase.py[line:56] - INFO: select * from record_201808 where emp_id=111111 and time like '2018-08-27%'
2018-09-04 09:24:32,657 - DataBase.py[line:56] - INFO: select * from record_201808 where emp_id=111111
2018-09-04 09:24:32,658 - DataBase.py[line:56] - INFO: select * from record_201808 where emp_id=111111 and time like '2018-08-27%'
2018-09-04 09:24:32,658 - DataBase.py[line:56] - INFO: select * from record_201808 where emp_id=111111
2018-09-04 09:24:32,659 - DataBase.py[line:56] - INFO: select * from record_201808 where emp_id=111111 and time like '2018-08-28%'
2018-09-04 09:24:32,659 - DataBase.py[line:56] - INFO: select * from record_201808 where emp_id=111111
2018-09-04 09:24:32,660 - DataBase.py[line:56] - INFO: select * from record_201808 where emp_id=111111 and time like '2018-08-28%'
2018-09-04 09:24:32,660 - DataBase.py[line:56] - INFO: select * from record_201808 where emp_id=111111 and time like '2018-08-29%'
2018-09-04 09:24:32,660 - DataBase.py[line:56] - INFO: select * from record_201808 where emp_id=111111
2018-09-04 09:24:32,661 - DataBase.py[line:56] - INFO: select * from record_201808 where emp_id=111111 and time like '2018-08-29%'
2018-09-04 09:24:32,662 - DataBase.py[line:56] - INFO: select * from record_201808 where emp_id=111111 and time like '2018-08-30%'
2018-09-04 09:24:32,662 - DataBase.py[line:56] - INFO: select * from record_201808 where emp_id=111111
2018-09-04 09:24:32,663 - DataBase.py[line:56] - INFO: select * from record_201808 where emp_id=111111 and time like '2018-08-30%'
2018-09-04 09:24:32,663 - DataBase.py[line:56] - INFO: select * from record_201808 where emp_id=111111
2018-09-04 09:24:32,664 - DataBase.py[line:56] - INFO: select * from record_201808 where emp_id=111111 and time like '2018-08-31%'
2018-09-04 09:24:32,664 - DataBase.py[line:56] - INFO: select * from record_201808 where emp_id=111111
2018-09-04 09:24:32,665 - DataBase.py[line:56] - INFO: select * from record_201808 where emp_id=111111 and time like '2018-08-31%'
2018-09-04 09:24:32,665 - DataBase.py[line:56] - INFO: select * from record_201808 where emp_id=111111
