2018-09-04 09:16:50,731 - DataBase.py[line:23] - INFO: database class is creating...
2018-09-04 09:16:50,750 - DataBase.py[line:51] - INFO: database is connecting...
2018-09-04 09:16:55,974 - DataBase.py[line:56] - INFO: select * from empinfo where Emp_id=000002
2018-09-04 09:16:55,975 - DataBase.py[line:56] - INFO: select password from empinfo where Emp_id=000002
2018-09-04 09:16:55,976 - DataBase.py[line:56] - INFO: select * from empinfo where Emp_id=000002
2018-09-04 09:16:55,976 - DataBase.py[line:56] - INFO: select * from record_201808 where emp_id=111111
2018-09-04 09:16:55,977 - DataBase.py[line:56] - INFO: select * from record_201808 where emp_id=111111 and time like '2018-08-1%'
2018-09-04 09:16:55,979 - DataBase.py[line:56] - INFO: select * from record_201808 where emp_id=111111
2018-09-04 09:16:55,979 - DataBase.py[line:56] - INFO: select * from record_201808 where emp_id=111111 and time like '2018-08-01%'
2018-09-04 09:16:55,980 - DataBase.py[line:56] - INFO: select * from record_201808 where emp_id=111111
2018-09-04 09:16:55,980 - DataBase.py[line:56] - INFO: select * from record_201808 where emp_id=111111 and time like '2018-08-2%'
2018-09-04 09:16:55,981 - DataBase.py[line:56] - INFO: select * from record_201808 where emp_id=111111
2018-09-04 09:16:55,982 - DataBase.py[line:56] - INFO: select * from record_201808 where emp_id=111111 and time like '2018-08-02%'
2018-09-04 09:16:55,982 - DataBase.py[line:56] - INFO: select * from record_201808 where emp_id=111111
2018-09-04 09:16:55,983 - DataBase.py[line:56] - INFO: select * from record_201808 where emp_id=111111 and time like '2018-08-3%'
2018-09-04 09:16:55,983 - DataBase.py[line:56] - INFO: select * from record_201808 where emp_id=111111
2018-09-04 09:16:55,984 - DataBase.py[line:56] - INFO: select * from record_201808 where emp_id=111111 and time like '2018-08-03%'
2018-09-04 09:16:55,984 - DataBase.py[line:56] - INFO: select * from record_201808 where emp_id=111111
2018-09-04 09:16:55,985 - DataBase.py[line:56] - INFO: select * from record_201808 where emp_id=111111 and time like '2018-08-4%'
2018-09-04 09:16:55,985 - DataBase.py[line:56] - INFO: select * from record_201808 where emp_id=111111
2018-09-04 09:16:55,986 - DataBase.py[line:56] - INFO: select * from record_201808 where emp_id=111111 and time like '2018-08-04%'
2018-09-04 09:16:55,987 - DataBase.py[line:56] - INFO: select * from record_201808 where emp_id=111111
2018-09-04 09:16:55,987 - DataBase.py[line:56] - INFO: select * from record_201808 where emp_id=111111 and time like '2018-08-5%'
2018-09-04 09:16:55,988 - DataBase.py[line:56] - INFO: select * from record_201808 where emp_id=111111
2018-09-04 09:16:55,988 - DataBase.py[line:56] - INFO: select * from record_201808 where emp_id=111111 and time like '2018-08-05%'
2018-09-04 09:16:55,989 - DataBase.py[line:56] - INFO: select * from record_201808 where emp_id=111111
2018-09-04 09:16:55,989 - DataBase.py[line:56] - INFO: select * from record_201808 where emp_id=111111 and time like '2018-08-6%'
2018-09-04 09:16:55,990 - DataBase.py[line:56] - INFO: select * from record_201808 where emp_id=111111
2018-09-04 09:16:55,991 - DataBase.py[line:56] - INFO: select * from record_201808 where emp_id=111111 and time like '2018-08-06%'
2018-09-04 09:16:55,991 - DataBase.py[line:56] - INFO: select * from record_201808 where emp_id=111111
2018-09-04 09:16:55,991 - DataBase.py[line:56] - INFO: select * from record_201808 where emp_id=111111 and time like '2018-08-7%'
2018-09-04 09:16:55,992 - DataBase.py[line:56] - INFO: select * from record_201808 where emp_id=111111
2018-09-04 09:16:55,992 - DataBase.py[line:56] - INFO: select * from record_201808 where emp_id=111111 and time like '2018-08-07%'
2018-09-04 09:16:55,993 - DataBase.py[line:56] - INFO: select * from record_201808 where emp_id=111111
2018-09-04 09:16:55,994 - DataBase.py[line:56] - INFO: select * from record_201808 where emp_id=111111 and time like '2018-08-8%'
2018-09-04 09:16:55,994 - DataBase.py[line:56] - INFO: select * from record_201808 where emp_id=111111
2018-09-04 09:16:55,994 - DataBase.py[line:56] - INFO: select * from record_201808 where emp_id=111111 and time like '2018-08-08%'
2018-09-04 09:16:55,995 - DataBase.py[line:56] - INFO: select * from record_201808 where emp_id=111111
2018-09-04 09:16:55,995 - DataBase.py[line:56] - INFO: select * from record_201808 where emp_id=111111 and time like '2018-08-9%'
2018-09-04 09:16:55,996 - DataBase.py[line:56] - INFO: select * from record_201808 where emp_id=111111
2018-09-04 09:16:55,996 - DataBase.py[line:56] - INFO: select * from record_201808 where emp_id=111111 and time like '2018-08-09%'
2018-09-04 09:16:55,997 - DataBase.py[line:56] - INFO: select * from record_201808 where emp_id=111111
2018-09-04 09:16:55,997 - DataBase.py[line:56] - INFO: select * from record_201808 where emp_id=111111 and time like '2018-08-10%'
2018-09-04 09:16:55,997 - DataBase.py[line:56] - INFO: select * from record_201808 where emp_id=111111
2018-09-04 09:16:55,998 - DataBase.py[line:56] - INFO: select * from record_201808 where emp_id=111111 and time like '2018-08-10%'
2018-09-04 09:16:55,998 - DataBase.py[line:56] - INFO: select * from record_201808 where emp_id=111111
2018-09-04 09:16:55,999 - DataBase.py[line:56] - INFO: select * from record_201808 where emp_id=111111 and time like '2018-08-11%'
2018-09-04 09:16:55,999 - DataBase.py[line:56] - INFO: select * from record_201808 where emp_id=111111
2018-09-04 09:16:56,000 - DataBase.py[line:56] - INFO: select * from record_201808 where emp_id=111111 and time like '2018-08-11%'
2018-09-04 09:16:56,000 - DataBase.py[line:56] - INFO: select * from record_201808 where emp_id=111111
2018-09-04 09:16:56,001 - DataBase.py[line:56] - INFO: select * from record_201808 where emp_id=111111 and time like '2018-08-12%'
2018-09-04 09:16:56,001 - DataBase.py[line:56] - INFO: select * from record_201808 where emp_id=111111
2018-09-04 09:16:56,001 - DataBase.py[line:56] - INFO: select * from record_201808 where emp_id=111111 and time like '2018-08-12%'
2018-09-04 09:16:56,002 - DataBase.py[line:56] - INFO: select * from record_201808 where emp_id=111111
2018-09-04 09:16:56,002 - DataBase.py[line:56] - INFO: select * from record_201808 where emp_id=111111 and time like '2018-08-13%'
2018-09-04 09:16:56,003 - DataBase.py[line:56] - INFO: select * from record_201808 where emp_id=111111
2018-09-04 09:16:56,003 - DataBase.py[line:56] - INFO: select * from record_201808 where emp_id=111111 and time like '2018-08-13%'
2018-09-04 09:16:56,004 - DataBase.py[line:56] - INFO: select * from record_201808 where emp_id=111111
2018-09-04 09:16:56,004 - DataBase.py[line:56] - INFO: select * from record_201808 where emp_id=111111 and time like '2018-08-14%'
2018-09-04 09:16:56,005 - DataBase.py[line:56] - INFO: select * from record_201808 where emp_id=111111
2018-09-04 09:16:56,005 - DataBase.py[line:56] - INFO: select * from record_201808 where emp_id=111111 and time like '2018-08-14%'
2018-09-04 09:16:56,005 - DataBase.py[line:56] - INFO: select * from record_201808 where emp_id=111111
2018-09-04 09:16:56,006 - DataBase.py[line:56] - INFO: select * from record_201808 where emp_id=111111 and time like '2018-08-15%'
2018-09-04 09:16:56,006 - DataBase.py[line:56] - INFO: select * from record_201808 where emp_id=111111
2018-09-04 09:16:56,007 - DataBase.py[line:56] - INFO: select * from record_201808 where emp_id=111111 and time like '2018-08-15%'
2018-09-04 09:16:56,007 - DataBase.py[line:56] - INFO: select * from record_201808 where emp_id=111111
2018-09-04 09:16:56,008 - DataBase.py[line:56] - INFO: select * from record_201808 where emp_id=111111 and time like '2018-08-16%'
2018-09-04 09:16:56,008 - DataBase.py[line:56] - INFO: select * from record_201808 where emp_id=111111
2018-09-04 09:16:56,008 - DataBase.py[line:56] - INFO: select * from record_201808 where emp_id=111111 and time like '2018-08-16%'
2018-09-04 09:16:56,009 - DataBase.py[line:56] - INFO: select * from record_201808 where emp_id=111111
2018-09-04 09:16:56,009 - DataBase.py[line:56] - INFO: select * from record_201808 where emp_id=111111 and time like '2018-08-17%'
2018-09-04 09:16:56,010 - DataBase.py[line:56] - INFO: select * from record_201808 where emp_id=111111
2018-09-04 09:16:56,011 - DataBase.py[line:56] - INFO: select * from record_201808 where emp_id=111111 and time like '2018-08-17%'
2018-09-04 09:16:56,011 - DataBase.py[line:56] - INFO: select * from record_201808 where emp_id=111111
2018-09-04 09:16:56,012 - DataBase.py[line:56] - INFO: select * from record_201808 where emp_id=111111 and time like '2018-08-18%'
2018-09-04 09:16:56,012 - DataBase.py[line:56] - INFO: select * from record_201808 where emp_id=111111
2018-09-04 09:16:56,013 - DataBase.py[line:56] - INFO: select * from record_201808 where emp_id=111111 and time like '2018-08-18%'
2018-09-04 09:16:56,013 - DataBase.py[line:56] - INFO: select * from record_201808 where emp_id=111111
2018-09-04 09:16:56,014 - DataBase.py[line:56] - INFO: select * from record_201808 where emp_id=111111 and time like '2018-08-19%'
2018-09-04 09:16:56,014 - DataBase.py[line:56] - INFO: select * from record_201808 where emp_id=111111
2018-09-04 09:16:56,015 - DataBase.py[line:56] - INFO: select * from record_201808 where emp_id=111111 and time like '2018-08-19%'
2018-09-04 09:16:56,016 - DataBase.py[line:56] - INFO: select * from record_201808 where emp_id=111111
2018-09-04 09:16:56,016 - DataBase.py[line:56] - INFO: select * from record_201808 where emp_id=111111 and time like '2018-08-20%'
2018-09-04 09:16:56,017 - DataBase.py[line:56] - INFO: select * from record_201808 where emp_id=111111
2018-09-04 09:16:56,017 - DataBase.py[line:56] - INFO: select * from record_201808 where emp_id=111111 and time like '2018-08-20%'
2018-09-04 09:16:56,018 - DataBase.py[line:56] - INFO: select * from record_201808 where emp_id=111111
2018-09-04 09:16:56,018 - DataBase.py[line:56] - INFO: select * from record_201808 where emp_id=111111 and time like '2018-08-21%'
2018-09-04 09:16:56,019 - DataBase.py[line:56] - INFO: select * from record_201808 where emp_id=111111
2018-09-04 09:16:56,019 - DataBase.py[line:56] - INFO: select * from record_201808 where emp_id=111111 and time like '2018-08-21%'
2018-09-04 09:16:56,020 - DataBase.py[line:56] - INFO: select * from record_201808 where emp_id=111111
2018-09-04 09:16:56,020 - DataBase.py[line:56] - INFO: select * from record_201808 where emp_id=111111 and time like '2018-08-22%'
2018-09-04 09:16:56,021 - DataBase.py[line:56] - INFO: select * from record_201808 where emp_id=111111
2018-09-04 09:16:56,021 - DataBase.py[line:56] - INFO: select * from record_201808 where emp_id=111111 and time like '2018-08-22%'
2018-09-04 09:16:56,022 - DataBase.py[line:56] - INFO: select * from record_201808 where emp_id=111111
2018-09-04 09:16:56,022 - DataBase.py[line:56] - INFO: select * from record_201808 where emp_id=111111 and time like '2018-08-23%'
2018-09-04 09:16:56,023 - DataBase.py[line:56] - INFO: select * from record_201808 where emp_id=111111
2018-09-04 09:16:56,023 - DataBase.py[line:56] - INFO: select * from record_201808 where emp_id=111111 and time like '2018-08-23%'
2018-09-04 09:16:56,024 - DataBase.py[line:56] - INFO: select * from record_201808 where emp_id=111111
2018-09-04 09:16:56,024 - DataBase.py[line:56] - INFO: select * from record_201808 where emp_id=111111 and time like '2018-08-24%'
2018-09-04 09:16:56,025 - DataBase.py[line:56] - INFO: select * from record_201808 where emp_id=111111
2018-09-04 09:16:56,025 - DataBase.py[line:56] - INFO: select * from record_201808 where emp_id=111111 and time like '2018-08-24%'
2018-09-04 09:16:56,026 - DataBase.py[line:56] - INFO: select * from record_201808 where emp_id=111111
2018-09-04 09:16:56,027 - DataBase.py[line:56] - INFO: select * from record_201808 where emp_id=111111 and time like '2018-08-25%'
2018-09-04 09:16:56,027 - DataBase.py[line:56] - INFO: select * from record_201808 where emp_id=111111
2018-09-04 09:16:56,028 - DataBase.py[line:56] - INFO: select * from record_201808 where emp_id=111111 and time like '2018-08-25%'
2018-09-04 09:16:56,028 - DataBase.py[line:56] - INFO: select * from record_201808 where emp_id=111111
2018-09-04 09:16:56,029 - DataBase.py[line:56] - INFO: select * from record_201808 where emp_id=111111 and time like '2018-08-26%'
2018-09-04 09:16:56,029 - DataBase.py[line:56] - INFO: select * from record_201808 where emp_id=111111
2018-09-04 09:16:56,030 - DataBase.py[line:56] - INFO: select * from record_201808 where emp_id=111111 and time like '2018-08-26%'
2018-09-04 09:16:56,030 - DataBase.py[line:56] - INFO: select * from record_201808 where emp_id=111111
2018-09-04 09:16:56,031 - DataBase.py[line:56] - INFO: select * from record_201808 where emp_id=111111 and time like '2018-08-27%'
2018-09-04 09:16:56,031 - DataBase.py[line:56] - INFO: select * from record_201808 where emp_id=111111
2018-09-04 09:16:56,031 - DataBase.py[line:56] - INFO: select * from record_201808 where emp_id=111111 and time like '2018-08-27%'
2018-09-04 09:16:56,032 - DataBase.py[line:56] - INFO: select * from record_201808 where emp_id=111111
2018-09-04 09:16:56,032 - DataBase.py[line:56] - INFO: select * from record_201808 where emp_id=111111 and time like '2018-08-28%'
2018-09-04 09:16:56,033 - DataBase.py[line:56] - INFO: select * from record_201808 where emp_id=111111
2018-09-04 09:16:56,033 - DataBase.py[line:56] - INFO: select * from record_201808 where emp_id=111111 and time like '2018-08-28%'
2018-09-04 09:16:56,034 - DataBase.py[line:56] - INFO: select * from record_201808 where emp_id=111111 and time like '2018-08-29%'
2018-09-04 09:16:56,034 - DataBase.py[line:56] - INFO: select * from record_201808 where emp_id=111111
2018-09-04 09:16:56,035 - DataBase.py[line:56] - INFO: select * from record_201808 where emp_id=111111 and time like '2018-08-29%'
2018-09-04 09:16:56,035 - DataBase.py[line:56] - INFO: select * from record_201808 where emp_id=111111 and time like '2018-08-30%'
2018-09-04 09:16:56,035 - DataBase.py[line:56] - INFO: select * from record_201808 where emp_id=111111
2018-09-04 09:16:56,036 - DataBase.py[line:56] - INFO: select * from record_201808 where emp_id=111111 and time like '2018-08-30%'
2018-09-04 09:16:56,036 - DataBase.py[line:56] - INFO: select * from record_201808 where emp_id=111111
2018-09-04 09:16:56,037 - DataBase.py[line:56] - INFO: select * from record_201808 where emp_id=111111 and time like '2018-08-31%'
2018-09-04 09:16:56,037 - DataBase.py[line:56] - INFO: select * from record_201808 where emp_id=111111
2018-09-04 09:16:56,038 - DataBase.py[line:56] - INFO: select * from record_201808 where emp_id=111111 and time like '2018-08-31%'
2018-09-04 09:16:56,038 - DataBase.py[line:56] - INFO: select * from record_201808 where emp_id=111111
