2018-09-04 09:14:28,623 - DataBase.py[line:23] - INFO: database class is creating...
2018-09-04 09:14:28,653 - DataBase.py[line:51] - INFO: database is connecting...
2018-09-04 09:14:32,403 - DataBase.py[line:56] - INFO: select * from empinfo where Emp_id=000002
2018-09-04 09:14:32,404 - DataBase.py[line:56] - INFO: select password from empinfo where Emp_id=000002
2018-09-04 09:14:32,404 - DataBase.py[line:56] - INFO: select * from empinfo where Emp_id=000002
2018-09-04 09:14:32,405 - DataBase.py[line:56] - INFO: select * from record_201808 where emp_id=111111
2018-09-04 09:14:32,406 - DataBase.py[line:56] - INFO: select * from record_201808 where emp_id=111111 and time like '2018-08-1%'
2018-09-04 09:14:32,408 - DataBase.py[line:56] - INFO: select * from record_201808 where emp_id=111111
2018-09-04 09:14:32,408 - DataBase.py[line:56] - INFO: select * from record_201808 where emp_id=111111 and time like '2018-08-01%'
2018-09-04 09:14:32,409 - DataBase.py[line:56] - INFO: select * from record_201808 where emp_id=111111
2018-09-04 09:14:32,409 - DataBase.py[line:56] - INFO: select * from record_201808 where emp_id=111111 and time like '2018-08-2%'
2018-09-04 09:14:32,410 - DataBase.py[line:56] - INFO: select * from record_201808 where emp_id=111111
2018-09-04 09:14:32,410 - DataBase.py[line:56] - INFO: select * from record_201808 where emp_id=111111 and time like '2018-08-02%'
2018-09-04 09:14:32,411 - DataBase.py[line:56] - INFO: select * from record_201808 where emp_id=111111
2018-09-04 09:14:32,412 - DataBase.py[line:56] - INFO: select * from record_201808 where emp_id=111111 and time like '2018-08-3%'
2018-09-04 09:14:32,412 - DataBase.py[line:56] - INFO: select * from record_201808 where emp_id=111111
2018-09-04 09:14:32,413 - DataBase.py[line:56] - INFO: select * from record_201808 where emp_id=111111 and time like '2018-08-03%'
2018-09-04 09:14:32,413 - DataBase.py[line:56] - INFO: select * from record_201808 where emp_id=111111
2018-09-04 09:14:32,413 - DataBase.py[line:56] - INFO: select * from record_201808 where emp_id=111111 and time like '2018-08-4%'
2018-09-04 09:14:32,414 - DataBase.py[line:56] - INFO: select * from record_201808 where emp_id=111111
2018-09-04 09:14:32,414 - DataBase.py[line:56] - INFO: select * from record_201808 where emp_id=111111 and time like '2018-08-04%'
2018-09-04 09:14:32,415 - DataBase.py[line:56] - INFO: select * from record_201808 where emp_id=111111
2018-09-04 09:14:32,415 - DataBase.py[line:56] - INFO: select * from record_201808 where emp_id=111111 and time like '2018-08-5%'
2018-09-04 09:14:32,416 - DataBase.py[line:56] - INFO: select * from record_201808 where emp_id=111111
2018-09-04 09:14:32,416 - DataBase.py[line:56] - INFO: select * from record_201808 where emp_id=111111 and time like '2018-08-05%'
2018-09-04 09:14:32,416 - DataBase.py[line:56] - INFO: select * from record_201808 where emp_id=111111
2018-09-04 09:14:32,417 - DataBase.py[line:56] - INFO: select * from record_201808 where emp_id=111111 and time like '2018-08-6%'
2018-09-04 09:14:32,417 - DataBase.py[line:56] - INFO: select * from record_201808 where emp_id=111111
2018-09-04 09:14:32,418 - DataBase.py[line:56] - INFO: select * from record_201808 where emp_id=111111 and time like '2018-08-06%'
2018-09-04 09:14:32,418 - DataBase.py[line:56] - INFO: select * from record_201808 where emp_id=111111
2018-09-04 09:14:32,419 - DataBase.py[line:56] - INFO: select * from record_201808 where emp_id=111111 and time like '2018-08-7%'
2018-09-04 09:14:32,419 - DataBase.py[line:56] - INFO: select * from record_201808 where emp_id=111111
2018-09-04 09:14:32,420 - DataBase.py[line:56] - INFO: select * from record_201808 where emp_id=111111 and time like '2018-08-07%'
2018-09-04 09:14:32,420 - DataBase.py[line:56] - INFO: select * from record_201808 where emp_id=111111
2018-09-04 09:14:32,421 - DataBase.py[line:56] - INFO: select * from record_201808 where emp_id=111111 and time like '2018-08-8%'
2018-09-04 09:14:32,421 - DataBase.py[line:56] - INFO: select * from record_201808 where emp_id=111111
2018-09-04 09:14:32,422 - DataBase.py[line:56] - INFO: select * from record_201808 where emp_id=111111 and time like '2018-08-08%'
2018-09-04 09:14:32,423 - DataBase.py[line:56] - INFO: select * from record_201808 where emp_id=111111
2018-09-04 09:14:32,423 - DataBase.py[line:56] - INFO: select * from record_201808 where emp_id=111111 and time like '2018-08-9%'
2018-09-04 09:14:32,424 - DataBase.py[line:56] - INFO: select * from record_201808 where emp_id=111111
2018-09-04 09:14:32,424 - DataBase.py[line:56] - INFO: select * from record_201808 where emp_id=111111 and time like '2018-08-09%'
2018-09-04 09:14:32,425 - DataBase.py[line:56] - INFO: select * from record_201808 where emp_id=111111
2018-09-04 09:14:32,425 - DataBase.py[line:56] - INFO: select * from record_201808 where emp_id=111111 and time like '2018-08-10%'
2018-09-04 09:14:32,425 - DataBase.py[line:56] - INFO: select * from record_201808 where emp_id=111111
2018-09-04 09:14:32,426 - DataBase.py[line:56] - INFO: select * from record_201808 where emp_id=111111 and time like '2018-08-10%'
2018-09-04 09:14:32,426 - DataBase.py[line:56] - INFO: select * from record_201808 where emp_id=111111
2018-09-04 09:14:32,427 - DataBase.py[line:56] - INFO: select * from record_201808 where emp_id=111111 and time like '2018-08-11%'
2018-09-04 09:14:32,427 - DataBase.py[line:56] - INFO: select * from record_201808 where emp_id=111111
2018-09-04 09:14:32,428 - DataBase.py[line:56] - INFO: select * from record_201808 where emp_id=111111 and time like '2018-08-11%'
2018-09-04 09:14:32,428 - DataBase.py[line:56] - INFO: select * from record_201808 where emp_id=111111
2018-09-04 09:14:32,429 - DataBase.py[line:56] - INFO: select * from record_201808 where emp_id=111111 and time like '2018-08-12%'
2018-09-04 09:14:32,429 - DataBase.py[line:56] - INFO: select * from record_201808 where emp_id=111111
2018-09-04 09:14:32,430 - DataBase.py[line:56] - INFO: select * from record_201808 where emp_id=111111 and time like '2018-08-12%'
2018-09-04 09:14:32,430 - DataBase.py[line:56] - INFO: select * from record_201808 where emp_id=111111
2018-09-04 09:14:32,431 - DataBase.py[line:56] - INFO: select * from record_201808 where emp_id=111111 and time like '2018-08-13%'
2018-09-04 09:14:32,431 - DataBase.py[line:56] - INFO: select * from record_201808 where emp_id=111111
2018-09-04 09:14:32,431 - DataBase.py[line:56] - INFO: select * from record_201808 where emp_id=111111 and time like '2018-08-13%'
2018-09-04 09:14:32,432 - DataBase.py[line:56] - INFO: select * from record_201808 where emp_id=111111
2018-09-04 09:14:32,432 - DataBase.py[line:56] - INFO: select * from record_201808 where emp_id=111111 and time like '2018-08-14%'
2018-09-04 09:14:32,433 - DataBase.py[line:56] - INFO: select * from record_201808 where emp_id=111111
2018-09-04 09:14:32,433 - DataBase.py[line:56] - INFO: select * from record_201808 where emp_id=111111 and time like '2018-08-14%'
2018-09-04 09:14:32,433 - DataBase.py[line:56] - INFO: select * from record_201808 where emp_id=111111
2018-09-04 09:14:32,434 - DataBase.py[line:56] - INFO: select * from record_201808 where emp_id=111111 and time like '2018-08-15%'
2018-09-04 09:14:32,434 - DataBase.py[line:56] - INFO: select * from record_201808 where emp_id=111111
2018-09-04 09:14:32,435 - DataBase.py[line:56] - INFO: select * from record_201808 where emp_id=111111 and time like '2018-08-15%'
2018-09-04 09:14:32,435 - DataBase.py[line:56] - INFO: select * from record_201808 where emp_id=111111
2018-09-04 09:14:32,436 - DataBase.py[line:56] - INFO: select * from record_201808 where emp_id=111111 and time like '2018-08-16%'
2018-09-04 09:14:32,436 - DataBase.py[line:56] - INFO: select * from record_201808 where emp_id=111111
2018-09-04 09:14:32,437 - DataBase.py[line:56] - INFO: select * from record_201808 where emp_id=111111 and time like '2018-08-16%'
2018-09-04 09:14:32,437 - DataBase.py[line:56] - INFO: select * from record_201808 where emp_id=111111
2018-09-04 09:14:32,438 - DataBase.py[line:56] - INFO: select * from record_201808 where emp_id=111111 and time like '2018-08-17%'
2018-09-04 09:14:32,438 - DataBase.py[line:56] - INFO: select * from record_201808 where emp_id=111111
2018-09-04 09:14:32,439 - DataBase.py[line:56] - INFO: select * from record_201808 where emp_id=111111 and time like '2018-08-17%'
2018-09-04 09:14:32,439 - DataBase.py[line:56] - INFO: select * from record_201808 where emp_id=111111
2018-09-04 09:14:32,440 - DataBase.py[line:56] - INFO: select * from record_201808 where emp_id=111111 and time like '2018-08-18%'
2018-09-04 09:14:32,440 - DataBase.py[line:56] - INFO: select * from record_201808 where emp_id=111111
2018-09-04 09:14:32,441 - DataBase.py[line:56] - INFO: select * from record_201808 where emp_id=111111 and time like '2018-08-18%'
2018-09-04 09:14:32,441 - DataBase.py[line:56] - INFO: select * from record_201808 where emp_id=111111
2018-09-04 09:14:32,442 - DataBase.py[line:56] - INFO: select * from record_201808 where emp_id=111111 and time like '2018-08-19%'
2018-09-04 09:14:32,442 - DataBase.py[line:56] - INFO: select * from record_201808 where emp_id=111111
2018-09-04 09:14:32,442 - DataBase.py[line:56] - INFO: select * from record_201808 where emp_id=111111 and time like '2018-08-19%'
2018-09-04 09:14:32,443 - DataBase.py[line:56] - INFO: select * from record_201808 where emp_id=111111
2018-09-04 09:14:32,443 - DataBase.py[line:56] - INFO: select * from record_201808 where emp_id=111111 and time like '2018-08-20%'
2018-09-04 09:14:32,444 - DataBase.py[line:56] - INFO: select * from record_201808 where emp_id=111111
2018-09-04 09:14:32,444 - DataBase.py[line:56] - INFO: select * from record_201808 where emp_id=111111 and time like '2018-08-20%'
2018-09-04 09:14:32,445 - DataBase.py[line:56] - INFO: select * from record_201808 where emp_id=111111
2018-09-04 09:14:32,445 - DataBase.py[line:56] - INFO: select * from record_201808 where emp_id=111111 and time like '2018-08-21%'
2018-09-04 09:14:32,446 - DataBase.py[line:56] - INFO: select * from record_201808 where emp_id=111111
2018-09-04 09:14:32,447 - DataBase.py[line:56] - INFO: select * from record_201808 where emp_id=111111 and time like '2018-08-21%'
2018-09-04 09:14:32,447 - DataBase.py[line:56] - INFO: select * from record_201808 where emp_id=111111
2018-09-04 09:14:32,447 - DataBase.py[line:56] - INFO: select * from record_201808 where emp_id=111111 and time like '2018-08-22%'
2018-09-04 09:14:32,448 - DataBase.py[line:56] - INFO: select * from record_201808 where emp_id=111111
2018-09-04 09:14:32,449 - DataBase.py[line:56] - INFO: select * from record_201808 where emp_id=111111 and time like '2018-08-22%'
2018-09-04 09:14:32,449 - DataBase.py[line:56] - INFO: select * from record_201808 where emp_id=111111
2018-09-04 09:14:32,450 - DataBase.py[line:56] - INFO: select * from record_201808 where emp_id=111111 and time like '2018-08-23%'
2018-09-04 09:14:32,450 - DataBase.py[line:56] - INFO: select * from record_201808 where emp_id=111111
2018-09-04 09:14:32,451 - DataBase.py[line:56] - INFO: select * from record_201808 where emp_id=111111 and time like '2018-08-23%'
2018-09-04 09:14:32,451 - DataBase.py[line:56] - INFO: select * from record_201808 where emp_id=111111
2018-09-04 09:14:32,452 - DataBase.py[line:56] - INFO: select * from record_201808 where emp_id=111111 and time like '2018-08-24%'
2018-09-04 09:14:32,453 - DataBase.py[line:56] - INFO: select * from record_201808 where emp_id=111111
2018-09-04 09:14:32,453 - DataBase.py[line:56] - INFO: select * from record_201808 where emp_id=111111 and time like '2018-08-24%'
2018-09-04 09:14:32,453 - DataBase.py[line:56] - INFO: select * from record_201808 where emp_id=111111
2018-09-04 09:14:32,454 - DataBase.py[line:56] - INFO: select * from record_201808 where emp_id=111111 and time like '2018-08-25%'
2018-09-04 09:14:32,454 - DataBase.py[line:56] - INFO: select * from record_201808 where emp_id=111111
2018-09-04 09:14:32,455 - DataBase.py[line:56] - INFO: select * from record_201808 where emp_id=111111 and time like '2018-08-25%'
2018-09-04 09:14:32,455 - DataBase.py[line:56] - INFO: select * from record_201808 where emp_id=111111
2018-09-04 09:14:32,456 - DataBase.py[line:56] - INFO: select * from record_201808 where emp_id=111111 and time like '2018-08-26%'
2018-09-04 09:14:32,456 - DataBase.py[line:56] - INFO: select * from record_201808 where emp_id=111111
2018-09-04 09:14:32,457 - DataBase.py[line:56] - INFO: select * from record_201808 where emp_id=111111 and time like '2018-08-26%'
2018-09-04 09:14:32,457 - DataBase.py[line:56] - INFO: select * from record_201808 where emp_id=111111
2018-09-04 09:14:32,457 - DataBase.py[line:56] - INFO: select * from record_201808 where emp_id=111111 and time like '2018-08-27%'
2018-09-04 09:14:32,458 - DataBase.py[line:56] - INFO: select * from record_201808 where emp_id=111111
2018-09-04 09:14:32,458 - DataBase.py[line:56] - INFO: select * from record_201808 where emp_id=111111 and time like '2018-08-27%'
2018-09-04 09:14:32,459 - DataBase.py[line:56] - INFO: select * from record_201808 where emp_id=111111
2018-09-04 09:14:32,460 - DataBase.py[line:56] - INFO: select * from record_201808 where emp_id=111111 and time like '2018-08-28%'
2018-09-04 09:14:32,460 - DataBase.py[line:56] - INFO: select * from record_201808 where emp_id=111111
2018-09-04 09:14:32,461 - DataBase.py[line:56] - INFO: select * from record_201808 where emp_id=111111 and time like '2018-08-28%'
2018-09-04 09:14:32,461 - DataBase.py[line:56] - INFO: select * from record_201808 where emp_id=111111 and time like '2018-08-29%'
2018-09-04 09:14:32,462 - DataBase.py[line:56] - INFO: select * from record_201808 where emp_id=111111
2018-09-04 09:14:32,462 - DataBase.py[line:56] - INFO: select * from record_201808 where emp_id=111111 and time like '2018-08-29%'
2018-09-04 09:14:32,463 - DataBase.py[line:56] - INFO: select * from record_201808 where emp_id=111111 and time like '2018-08-30%'
2018-09-04 09:14:32,463 - DataBase.py[line:56] - INFO: select * from record_201808 where emp_id=111111
2018-09-04 09:14:32,464 - DataBase.py[line:56] - INFO: select * from record_201808 where emp_id=111111 and time like '2018-08-30%'
2018-09-04 09:14:32,464 - DataBase.py[line:56] - INFO: select * from record_201808 where emp_id=111111
2018-09-04 09:14:32,465 - DataBase.py[line:56] - INFO: select * from record_201808 where emp_id=111111 and time like '2018-08-31%'
2018-09-04 09:14:32,466 - DataBase.py[line:56] - INFO: select * from record_201808 where emp_id=111111
2018-09-04 09:14:32,466 - DataBase.py[line:56] - INFO: select * from record_201808 where emp_id=111111 and time like '2018-08-31%'
2018-09-04 09:14:32,467 - DataBase.py[line:56] - INFO: select * from record_201808 where emp_id=111111
2018-09-04 09:14:45,510 - DataBase.py[line:56] - INFO: select * from empinfo where Emp_id=000002
2018-09-04 09:14:45,511 - DataBase.py[line:56] - INFO: select password from empinfo where Emp_id=000002
2018-09-04 09:14:45,512 - DataBase.py[line:56] - INFO: select * from empinfo where Emp_id=000002
2018-09-04 09:14:45,513 - DataBase.py[line:56] - INFO: select * from record_201808 where emp_id=111111
2018-09-04 09:14:45,513 - DataBase.py[line:56] - INFO: select * from record_201808 where emp_id=111111 and time like '2018-08-1%'
2018-09-04 09:14:45,514 - DataBase.py[line:56] - INFO: select * from record_201808 where emp_id=111111
2018-09-04 09:14:45,514 - DataBase.py[line:56] - INFO: select * from record_201808 where emp_id=111111 and time like '2018-08-01%'
2018-09-04 09:14:45,514 - DataBase.py[line:56] - INFO: select * from record_201808 where emp_id=111111
2018-09-04 09:14:45,515 - DataBase.py[line:56] - INFO: select * from record_201808 where emp_id=111111 and time like '2018-08-2%'
2018-09-04 09:14:45,515 - DataBase.py[line:56] - INFO: select * from record_201808 where emp_id=111111
2018-09-04 09:14:45,516 - DataBase.py[line:56] - INFO: select * from record_201808 where emp_id=111111 and time like '2018-08-02%'
2018-09-04 09:14:45,516 - DataBase.py[line:56] - INFO: select * from record_201808 where emp_id=111111
2018-09-04 09:14:45,517 - DataBase.py[line:56] - INFO: select * from record_201808 where emp_id=111111 and time like '2018-08-3%'
2018-09-04 09:14:45,517 - DataBase.py[line:56] - INFO: select * from record_201808 where emp_id=111111
2018-09-04 09:14:45,518 - DataBase.py[line:56] - INFO: select * from record_201808 where emp_id=111111 and time like '2018-08-03%'
2018-09-04 09:14:45,518 - DataBase.py[line:56] - INFO: select * from record_201808 where emp_id=111111
2018-09-04 09:14:45,519 - DataBase.py[line:56] - INFO: select * from record_201808 where emp_id=111111 and time like '2018-08-4%'
2018-09-04 09:14:45,519 - DataBase.py[line:56] - INFO: select * from record_201808 where emp_id=111111
2018-09-04 09:14:45,520 - DataBase.py[line:56] - INFO: select * from record_201808 where emp_id=111111 and time like '2018-08-04%'
2018-09-04 09:14:45,520 - DataBase.py[line:56] - INFO: select * from record_201808 where emp_id=111111
2018-09-04 09:14:45,521 - DataBase.py[line:56] - INFO: select * from record_201808 where emp_id=111111 and time like '2018-08-5%'
2018-09-04 09:14:45,522 - DataBase.py[line:56] - INFO: select * from record_201808 where emp_id=111111
2018-09-04 09:14:45,522 - DataBase.py[line:56] - INFO: select * from record_201808 where emp_id=111111 and time like '2018-08-05%'
2018-09-04 09:14:45,522 - DataBase.py[line:56] - INFO: select * from record_201808 where emp_id=111111
2018-09-04 09:14:45,523 - DataBase.py[line:56] - INFO: select * from record_201808 where emp_id=111111 and time like '2018-08-6%'
2018-09-04 09:14:45,523 - DataBase.py[line:56] - INFO: select * from record_201808 where emp_id=111111
2018-09-04 09:14:45,524 - DataBase.py[line:56] - INFO: select * from record_201808 where emp_id=111111 and time like '2018-08-06%'
2018-09-04 09:14:45,524 - DataBase.py[line:56] - INFO: select * from record_201808 where emp_id=111111
2018-09-04 09:14:45,525 - DataBase.py[line:56] - INFO: select * from record_201808 where emp_id=111111 and time like '2018-08-7%'
2018-09-04 09:14:45,525 - DataBase.py[line:56] - INFO: select * from record_201808 where emp_id=111111
2018-09-04 09:14:45,526 - DataBase.py[line:56] - INFO: select * from record_201808 where emp_id=111111 and time like '2018-08-07%'
2018-09-04 09:14:45,526 - DataBase.py[line:56] - INFO: select * from record_201808 where emp_id=111111
2018-09-04 09:14:45,527 - DataBase.py[line:56] - INFO: select * from record_201808 where emp_id=111111 and time like '2018-08-8%'
2018-09-04 09:14:45,527 - DataBase.py[line:56] - INFO: select * from record_201808 where emp_id=111111
2018-09-04 09:14:45,528 - DataBase.py[line:56] - INFO: select * from record_201808 where emp_id=111111 and time like '2018-08-08%'
2018-09-04 09:14:45,528 - DataBase.py[line:56] - INFO: select * from record_201808 where emp_id=111111
2018-09-04 09:14:45,529 - DataBase.py[line:56] - INFO: select * from record_201808 where emp_id=111111 and time like '2018-08-9%'
2018-09-04 09:14:45,529 - DataBase.py[line:56] - INFO: select * from record_201808 where emp_id=111111
2018-09-04 09:14:45,529 - DataBase.py[line:56] - INFO: select * from record_201808 where emp_id=111111 and time like '2018-08-09%'
2018-09-04 09:14:45,530 - DataBase.py[line:56] - INFO: select * from record_201808 where emp_id=111111
2018-09-04 09:14:45,530 - DataBase.py[line:56] - INFO: select * from record_201808 where emp_id=111111 and time like '2018-08-10%'
2018-09-04 09:14:45,531 - DataBase.py[line:56] - INFO: select * from record_201808 where emp_id=111111
2018-09-04 09:14:45,532 - DataBase.py[line:56] - INFO: select * from record_201808 where emp_id=111111 and time like '2018-08-10%'
2018-09-04 09:14:45,532 - DataBase.py[line:56] - INFO: select * from record_201808 where emp_id=111111
2018-09-04 09:14:45,532 - DataBase.py[line:56] - INFO: select * from record_201808 where emp_id=111111 and time like '2018-08-11%'
2018-09-04 09:14:45,533 - DataBase.py[line:56] - INFO: select * from record_201808 where emp_id=111111
2018-09-04 09:14:45,533 - DataBase.py[line:56] - INFO: select * from record_201808 where emp_id=111111 and time like '2018-08-11%'
2018-09-04 09:14:45,534 - DataBase.py[line:56] - INFO: select * from record_201808 where emp_id=111111
2018-09-04 09:14:45,534 - DataBase.py[line:56] - INFO: select * from record_201808 where emp_id=111111 and time like '2018-08-12%'
2018-09-04 09:14:45,535 - DataBase.py[line:56] - INFO: select * from record_201808 where emp_id=111111
2018-09-04 09:14:45,535 - DataBase.py[line:56] - INFO: select * from record_201808 where emp_id=111111 and time like '2018-08-12%'
2018-09-04 09:14:45,536 - DataBase.py[line:56] - INFO: select * from record_201808 where emp_id=111111
2018-09-04 09:14:45,536 - DataBase.py[line:56] - INFO: select * from record_201808 where emp_id=111111 and time like '2018-08-13%'
2018-09-04 09:14:45,537 - DataBase.py[line:56] - INFO: select * from record_201808 where emp_id=111111
2018-09-04 09:14:45,537 - DataBase.py[line:56] - INFO: select * from record_201808 where emp_id=111111 and time like '2018-08-13%'
2018-09-04 09:14:45,537 - DataBase.py[line:56] - INFO: select * from record_201808 where emp_id=111111
2018-09-04 09:14:45,538 - DataBase.py[line:56] - INFO: select * from record_201808 where emp_id=111111 and time like '2018-08-14%'
2018-09-04 09:14:45,538 - DataBase.py[line:56] - INFO: select * from record_201808 where emp_id=111111
2018-09-04 09:14:45,539 - DataBase.py[line:56] - INFO: select * from record_201808 where emp_id=111111 and time like '2018-08-14%'
2018-09-04 09:14:45,539 - DataBase.py[line:56] - INFO: select * from record_201808 where emp_id=111111
2018-09-04 09:14:45,539 - DataBase.py[line:56] - INFO: select * from record_201808 where emp_id=111111 and time like '2018-08-15%'
2018-09-04 09:14:45,540 - DataBase.py[line:56] - INFO: select * from record_201808 where emp_id=111111
2018-09-04 09:14:45,541 - DataBase.py[line:56] - INFO: select * from record_201808 where emp_id=111111 and time like '2018-08-15%'
2018-09-04 09:14:45,541 - DataBase.py[line:56] - INFO: select * from record_201808 where emp_id=111111
2018-09-04 09:14:45,542 - DataBase.py[line:56] - INFO: select * from record_201808 where emp_id=111111 and time like '2018-08-16%'
2018-09-04 09:14:45,542 - DataBase.py[line:56] - INFO: select * from record_201808 where emp_id=111111
2018-09-04 09:14:45,543 - DataBase.py[line:56] - INFO: select * from record_201808 where emp_id=111111 and time like '2018-08-16%'
2018-09-04 09:14:45,543 - DataBase.py[line:56] - INFO: select * from record_201808 where emp_id=111111
2018-09-04 09:14:45,543 - DataBase.py[line:56] - INFO: select * from record_201808 where emp_id=111111 and time like '2018-08-17%'
2018-09-04 09:14:45,544 - DataBase.py[line:56] - INFO: select * from record_201808 where emp_id=111111
2018-09-04 09:14:45,544 - DataBase.py[line:56] - INFO: select * from record_201808 where emp_id=111111 and time like '2018-08-17%'
2018-09-04 09:14:45,545 - DataBase.py[line:56] - INFO: select * from record_201808 where emp_id=111111
2018-09-04 09:14:45,545 - DataBase.py[line:56] - INFO: select * from record_201808 where emp_id=111111 and time like '2018-08-18%'
2018-09-04 09:14:45,545 - DataBase.py[line:56] - INFO: select * from record_201808 where emp_id=111111
2018-09-04 09:14:45,546 - DataBase.py[line:56] - INFO: select * from record_201808 where emp_id=111111 and time like '2018-08-18%'
2018-09-04 09:14:45,546 - DataBase.py[line:56] - INFO: select * from record_201808 where emp_id=111111
2018-09-04 09:14:45,547 - DataBase.py[line:56] - INFO: select * from record_201808 where emp_id=111111 and time like '2018-08-19%'
2018-09-04 09:14:45,547 - DataBase.py[line:56] - INFO: select * from record_201808 where emp_id=111111
2018-09-04 09:14:45,548 - DataBase.py[line:56] - INFO: select * from record_201808 where emp_id=111111 and time like '2018-08-19%'
2018-09-04 09:14:45,548 - DataBase.py[line:56] - INFO: select * from record_201808 where emp_id=111111
2018-09-04 09:14:45,549 - DataBase.py[line:56] - INFO: select * from record_201808 where emp_id=111111 and time like '2018-08-20%'
2018-09-04 09:14:45,549 - DataBase.py[line:56] - INFO: select * from record_201808 where emp_id=111111
2018-09-04 09:14:45,550 - DataBase.py[line:56] - INFO: select * from record_201808 where emp_id=111111 and time like '2018-08-20%'
2018-09-04 09:14:45,550 - DataBase.py[line:56] - INFO: select * from record_201808 where emp_id=111111
2018-09-04 09:14:45,551 - DataBase.py[line:56] - INFO: select * from record_201808 where emp_id=111111 and time like '2018-08-21%'
2018-09-04 09:14:45,551 - DataBase.py[line:56] - INFO: select * from record_201808 where emp_id=111111
2018-09-04 09:14:45,552 - DataBase.py[line:56] - INFO: select * from record_201808 where emp_id=111111 and time like '2018-08-21%'
2018-09-04 09:14:45,552 - DataBase.py[line:56] - INFO: select * from record_201808 where emp_id=111111
2018-09-04 09:14:45,553 - DataBase.py[line:56] - INFO: select * from record_201808 where emp_id=111111 and time like '2018-08-22%'
2018-09-04 09:14:45,553 - DataBase.py[line:56] - INFO: select * from record_201808 where emp_id=111111
2018-09-04 09:14:45,554 - DataBase.py[line:56] - INFO: select * from record_201808 where emp_id=111111 and time like '2018-08-22%'
2018-09-04 09:14:45,554 - DataBase.py[line:56] - INFO: select * from record_201808 where emp_id=111111
2018-09-04 09:14:45,555 - DataBase.py[line:56] - INFO: select * from record_201808 where emp_id=111111 and time like '2018-08-23%'
2018-09-04 09:14:45,555 - DataBase.py[line:56] - INFO: select * from record_201808 where emp_id=111111
2018-09-04 09:14:45,555 - DataBase.py[line:56] - INFO: select * from record_201808 where emp_id=111111 and time like '2018-08-23%'
2018-09-04 09:14:45,556 - DataBase.py[line:56] - INFO: select * from record_201808 where emp_id=111111
2018-09-04 09:14:45,556 - DataBase.py[line:56] - INFO: select * from record_201808 where emp_id=111111 and time like '2018-08-24%'
2018-09-04 09:14:45,557 - DataBase.py[line:56] - INFO: select * from record_201808 where emp_id=111111
2018-09-04 09:14:45,557 - DataBase.py[line:56] - INFO: select * from record_201808 where emp_id=111111 and time like '2018-08-24%'
2018-09-04 09:14:45,558 - DataBase.py[line:56] - INFO: select * from record_201808 where emp_id=111111
2018-09-04 09:14:45,558 - DataBase.py[line:56] - INFO: select * from record_201808 where emp_id=111111 and time like '2018-08-25%'
2018-09-04 09:14:45,559 - DataBase.py[line:56] - INFO: select * from record_201808 where emp_id=111111
2018-09-04 09:14:45,559 - DataBase.py[line:56] - INFO: select * from record_201808 where emp_id=111111 and time like '2018-08-25%'
2018-09-04 09:14:45,560 - DataBase.py[line:56] - INFO: select * from record_201808 where emp_id=111111
2018-09-04 09:14:45,560 - DataBase.py[line:56] - INFO: select * from record_201808 where emp_id=111111 and time like '2018-08-26%'
2018-09-04 09:14:45,561 - DataBase.py[line:56] - INFO: select * from record_201808 where emp_id=111111
2018-09-04 09:14:45,561 - DataBase.py[line:56] - INFO: select * from record_201808 where emp_id=111111 and time like '2018-08-26%'
2018-09-04 09:14:45,561 - DataBase.py[line:56] - INFO: select * from record_201808 where emp_id=111111
2018-09-04 09:14:45,562 - DataBase.py[line:56] - INFO: select * from record_201808 where emp_id=111111 and time like '2018-08-27%'
2018-09-04 09:14:45,562 - DataBase.py[line:56] - INFO: select * from record_201808 where emp_id=111111
2018-09-04 09:14:45,563 - DataBase.py[line:56] - INFO: select * from record_201808 where emp_id=111111 and time like '2018-08-27%'
2018-09-04 09:14:45,564 - DataBase.py[line:56] - INFO: select * from record_201808 where emp_id=111111
2018-09-04 09:14:45,564 - DataBase.py[line:56] - INFO: select * from record_201808 where emp_id=111111 and time like '2018-08-28%'
2018-09-04 09:14:45,565 - DataBase.py[line:56] - INFO: select * from record_201808 where emp_id=111111
2018-09-04 09:14:45,565 - DataBase.py[line:56] - INFO: select * from record_201808 where emp_id=111111 and time like '2018-08-28%'
2018-09-04 09:14:45,565 - DataBase.py[line:56] - INFO: select * from record_201808 where emp_id=111111 and time like '2018-08-29%'
2018-09-04 09:14:45,566 - DataBase.py[line:56] - INFO: select * from record_201808 where emp_id=111111
2018-09-04 09:14:45,566 - DataBase.py[line:56] - INFO: select * from record_201808 where emp_id=111111 and time like '2018-08-29%'
2018-09-04 09:14:45,567 - DataBase.py[line:56] - INFO: select * from record_201808 where emp_id=111111 and time like '2018-08-30%'
2018-09-04 09:14:45,567 - DataBase.py[line:56] - INFO: select * from record_201808 where emp_id=111111
2018-09-04 09:14:45,568 - DataBase.py[line:56] - INFO: select * from record_201808 where emp_id=111111 and time like '2018-08-30%'
2018-09-04 09:14:45,568 - DataBase.py[line:56] - INFO: select * from record_201808 where emp_id=111111
2018-09-04 09:14:45,569 - DataBase.py[line:56] - INFO: select * from record_201808 where emp_id=111111 and time like '2018-08-31%'
2018-09-04 09:14:45,569 - DataBase.py[line:56] - INFO: select * from record_201808 where emp_id=111111
2018-09-04 09:14:45,569 - DataBase.py[line:56] - INFO: select * from record_201808 where emp_id=111111 and time like '2018-08-31%'
2018-09-04 09:14:45,570 - DataBase.py[line:56] - INFO: select * from record_201808 where emp_id=111111
