2018-09-04 09:28:38,931 - DataBase.py[line:23] - INFO: database class is creating...
2018-09-04 09:28:38,951 - DataBase.py[line:51] - INFO: database is connecting...
2018-09-04 09:28:40,490 - DataBase.py[line:56] - INFO: select * from empinfo where Emp_id=000002
2018-09-04 09:28:40,491 - DataBase.py[line:56] - INFO: select password from empinfo where Emp_id=000002
2018-09-04 09:28:40,492 - DataBase.py[line:56] - INFO: select * from empinfo where Emp_id=000002
2018-09-04 09:28:40,493 - DataBase.py[line:56] - INFO: select * from record_201808 where emp_id=111111
2018-09-04 09:28:40,493 - DataBase.py[line:56] - INFO: select * from record_201808 where emp_id=111111 and time like '2018-08-1%'
2018-09-04 09:28:40,494 - DataBase.py[line:56] - INFO: select * from record_201808 where emp_id=111111
2018-09-04 09:28:40,494 - DataBase.py[line:56] - INFO: select * from record_201808 where emp_id=111111 and time like '2018-08-01%'
2018-09-04 09:28:40,495 - DataBase.py[line:56] - INFO: select * from record_201808 where emp_id=111111
2018-09-04 09:28:40,496 - DataBase.py[line:56] - INFO: select * from record_201808 where emp_id=111111 and time like '2018-08-2%'
2018-09-04 09:28:40,496 - DataBase.py[line:56] - INFO: select * from record_201808 where emp_id=111111
2018-09-04 09:28:40,497 - DataBase.py[line:56] - INFO: select * from record_201808 where emp_id=111111 and time like '2018-08-02%'
2018-09-04 09:28:40,497 - DataBase.py[line:56] - INFO: select * from record_201808 where emp_id=111111
2018-09-04 09:28:40,498 - DataBase.py[line:56] - INFO: select * from record_201808 where emp_id=111111 and time like '2018-08-3%'
2018-09-04 09:28:40,498 - DataBase.py[line:56] - INFO: select * from record_201808 where emp_id=111111
2018-09-04 09:28:40,499 - DataBase.py[line:56] - INFO: select * from record_201808 where emp_id=111111 and time like '2018-08-03%'
2018-09-04 09:28:40,499 - DataBase.py[line:56] - INFO: select * from record_201808 where emp_id=111111
2018-09-04 09:28:40,500 - DataBase.py[line:56] - INFO: select * from record_201808 where emp_id=111111 and time like '2018-08-4%'
2018-09-04 09:28:40,501 - DataBase.py[line:56] - INFO: select * from record_201808 where emp_id=111111
2018-09-04 09:28:40,501 - DataBase.py[line:56] - INFO: select * from record_201808 where emp_id=111111 and time like '2018-08-04%'
2018-09-04 09:28:40,502 - DataBase.py[line:56] - INFO: select * from record_201808 where emp_id=111111
2018-09-04 09:28:40,502 - DataBase.py[line:56] - INFO: select * from record_201808 where emp_id=111111 and time like '2018-08-5%'
2018-09-04 09:28:40,503 - DataBase.py[line:56] - INFO: select * from record_201808 where emp_id=111111
2018-09-04 09:28:40,503 - DataBase.py[line:56] - INFO: select * from record_201808 where emp_id=111111 and time like '2018-08-05%'
2018-09-04 09:28:40,504 - DataBase.py[line:56] - INFO: select * from record_201808 where emp_id=111111
2018-09-04 09:28:40,505 - DataBase.py[line:56] - INFO: select * from record_201808 where emp_id=111111 and time like '2018-08-6%'
2018-09-04 09:28:40,505 - DataBase.py[line:56] - INFO: select * from record_201808 where emp_id=111111
2018-09-04 09:28:40,506 - DataBase.py[line:56] - INFO: select * from record_201808 where emp_id=111111 and time like '2018-08-06%'
2018-09-04 09:28:40,506 - DataBase.py[line:56] - INFO: select * from record_201808 where emp_id=111111
2018-09-04 09:28:40,507 - DataBase.py[line:56] - INFO: select * from record_201808 where emp_id=111111 and time like '2018-08-7%'
2018-09-04 09:28:40,507 - DataBase.py[line:56] - INFO: select * from record_201808 where emp_id=111111
2018-09-04 09:28:40,508 - DataBase.py[line:56] - INFO: select * from record_201808 where emp_id=111111 and time like '2018-08-07%'
2018-09-04 09:28:40,508 - DataBase.py[line:56] - INFO: select * from record_201808 where emp_id=111111
2018-09-04 09:28:40,509 - DataBase.py[line:56] - INFO: select * from record_201808 where emp_id=111111 and time like '2018-08-8%'
2018-09-04 09:28:40,509 - DataBase.py[line:56] - INFO: select * from record_201808 where emp_id=111111
2018-09-04 09:28:40,510 - DataBase.py[line:56] - INFO: select * from record_201808 where emp_id=111111 and time like '2018-08-08%'
2018-09-04 09:28:40,510 - DataBase.py[line:56] - INFO: select * from record_201808 where emp_id=111111
2018-09-04 09:28:40,511 - DataBase.py[line:56] - INFO: select * from record_201808 where emp_id=111111 and time like '2018-08-9%'
2018-09-04 09:28:40,511 - DataBase.py[line:56] - INFO: select * from record_201808 where emp_id=111111
2018-09-04 09:28:40,511 - DataBase.py[line:56] - INFO: select * from record_201808 where emp_id=111111 and time like '2018-08-09%'
2018-09-04 09:28:40,512 - DataBase.py[line:56] - INFO: select * from record_201808 where emp_id=111111
2018-09-04 09:28:40,512 - DataBase.py[line:56] - INFO: select * from record_201808 where emp_id=111111 and time like '2018-08-10%'
2018-09-04 09:28:40,513 - DataBase.py[line:56] - INFO: select * from record_201808 where emp_id=111111
2018-09-04 09:28:40,513 - DataBase.py[line:56] - INFO: select * from record_201808 where emp_id=111111 and time like '2018-08-10%'
2018-09-04 09:28:40,514 - DataBase.py[line:56] - INFO: select * from record_201808 where emp_id=111111
2018-09-04 09:28:40,514 - DataBase.py[line:56] - INFO: select * from record_201808 where emp_id=111111 and time like '2018-08-11%'
2018-09-04 09:28:40,515 - DataBase.py[line:56] - INFO: select * from record_201808 where emp_id=111111
2018-09-04 09:28:40,515 - DataBase.py[line:56] - INFO: select * from record_201808 where emp_id=111111 and time like '2018-08-11%'
2018-09-04 09:28:40,516 - DataBase.py[line:56] - INFO: select * from record_201808 where emp_id=111111
2018-09-04 09:28:40,516 - DataBase.py[line:56] - INFO: select * from record_201808 where emp_id=111111 and time like '2018-08-12%'
2018-09-04 09:28:40,517 - DataBase.py[line:56] - INFO: select * from record_201808 where emp_id=111111
2018-09-04 09:28:40,517 - DataBase.py[line:56] - INFO: select * from record_201808 where emp_id=111111 and time like '2018-08-12%'
2018-09-04 09:28:40,518 - DataBase.py[line:56] - INFO: select * from record_201808 where emp_id=111111
2018-09-04 09:28:40,518 - DataBase.py[line:56] - INFO: select * from record_201808 where emp_id=111111 and time like '2018-08-13%'
2018-09-04 09:28:40,518 - DataBase.py[line:56] - INFO: select * from record_201808 where emp_id=111111
2018-09-04 09:28:40,519 - DataBase.py[line:56] - INFO: select * from record_201808 where emp_id=111111 and time like '2018-08-13%'
2018-09-04 09:28:40,519 - DataBase.py[line:56] - INFO: select * from record_201808 where emp_id=111111
2018-09-04 09:28:40,520 - DataBase.py[line:56] - INFO: select * from record_201808 where emp_id=111111 and time like '2018-08-14%'
2018-09-04 09:28:40,520 - DataBase.py[line:56] - INFO: select * from record_201808 where emp_id=111111
2018-09-04 09:28:40,521 - DataBase.py[line:56] - INFO: select * from record_201808 where emp_id=111111 and time like '2018-08-14%'
2018-09-04 09:28:40,521 - DataBase.py[line:56] - INFO: select * from record_201808 where emp_id=111111
2018-09-04 09:28:40,522 - DataBase.py[line:56] - INFO: select * from record_201808 where emp_id=111111 and time like '2018-08-15%'
2018-09-04 09:28:40,522 - DataBase.py[line:56] - INFO: select * from record_201808 where emp_id=111111
2018-09-04 09:28:40,523 - DataBase.py[line:56] - INFO: select * from record_201808 where emp_id=111111 and time like '2018-08-15%'
2018-09-04 09:28:40,523 - DataBase.py[line:56] - INFO: select * from record_201808 where emp_id=111111
2018-09-04 09:28:40,524 - DataBase.py[line:56] - INFO: select * from record_201808 where emp_id=111111 and time like '2018-08-16%'
2018-09-04 09:28:40,524 - DataBase.py[line:56] - INFO: select * from record_201808 where emp_id=111111
2018-09-04 09:28:40,525 - DataBase.py[line:56] - INFO: select * from record_201808 where emp_id=111111 and time like '2018-08-16%'
2018-09-04 09:28:40,526 - DataBase.py[line:56] - INFO: select * from record_201808 where emp_id=111111
2018-09-04 09:28:40,526 - DataBase.py[line:56] - INFO: select * from record_201808 where emp_id=111111 and time like '2018-08-17%'
2018-09-04 09:28:40,527 - DataBase.py[line:56] - INFO: select * from record_201808 where emp_id=111111
2018-09-04 09:28:40,527 - DataBase.py[line:56] - INFO: select * from record_201808 where emp_id=111111 and time like '2018-08-17%'
2018-09-04 09:28:40,528 - DataBase.py[line:56] - INFO: select * from record_201808 where emp_id=111111
2018-09-04 09:28:40,528 - DataBase.py[line:56] - INFO: select * from record_201808 where emp_id=111111 and time like '2018-08-18%'
2018-09-04 09:28:40,529 - DataBase.py[line:56] - INFO: select * from record_201808 where emp_id=111111
2018-09-04 09:28:40,529 - DataBase.py[line:56] - INFO: select * from record_201808 where emp_id=111111 and time like '2018-08-18%'
2018-09-04 09:28:40,530 - DataBase.py[line:56] - INFO: select * from record_201808 where emp_id=111111
2018-09-04 09:28:40,530 - DataBase.py[line:56] - INFO: select * from record_201808 where emp_id=111111 and time like '2018-08-19%'
2018-09-04 09:28:40,531 - DataBase.py[line:56] - INFO: select * from record_201808 where emp_id=111111
2018-09-04 09:28:40,531 - DataBase.py[line:56] - INFO: select * from record_201808 where emp_id=111111 and time like '2018-08-19%'
2018-09-04 09:28:40,531 - DataBase.py[line:56] - INFO: select * from record_201808 where emp_id=111111
2018-09-04 09:28:40,532 - DataBase.py[line:56] - INFO: select * from record_201808 where emp_id=111111 and time like '2018-08-20%'
2018-09-04 09:28:40,532 - DataBase.py[line:56] - INFO: select * from record_201808 where emp_id=111111
2018-09-04 09:28:40,533 - DataBase.py[line:56] - INFO: select * from record_201808 where emp_id=111111 and time like '2018-08-20%'
2018-09-04 09:28:40,533 - DataBase.py[line:56] - INFO: select * from record_201808 where emp_id=111111
2018-09-04 09:28:40,534 - DataBase.py[line:56] - INFO: select * from record_201808 where emp_id=111111 and time like '2018-08-21%'
2018-09-04 09:28:40,535 - DataBase.py[line:56] - INFO: select * from record_201808 where emp_id=111111
2018-09-04 09:28:40,535 - DataBase.py[line:56] - INFO: select * from record_201808 where emp_id=111111 and time like '2018-08-21%'
2018-09-04 09:28:40,536 - DataBase.py[line:56] - INFO: select * from record_201808 where emp_id=111111
2018-09-04 09:28:40,536 - DataBase.py[line:56] - INFO: select * from record_201808 where emp_id=111111 and time like '2018-08-22%'
2018-09-04 09:28:40,537 - DataBase.py[line:56] - INFO: select * from record_201808 where emp_id=111111
2018-09-04 09:28:40,537 - DataBase.py[line:56] - INFO: select * from record_201808 where emp_id=111111 and time like '2018-08-22%'
2018-09-04 09:28:40,538 - DataBase.py[line:56] - INFO: select * from record_201808 where emp_id=111111
2018-09-04 09:28:40,538 - DataBase.py[line:56] - INFO: select * from record_201808 where emp_id=111111 and time like '2018-08-23%'
2018-09-04 09:28:40,539 - DataBase.py[line:56] - INFO: select * from record_201808 where emp_id=111111
2018-09-04 09:28:40,539 - DataBase.py[line:56] - INFO: select * from record_201808 where emp_id=111111 and time like '2018-08-23%'
2018-09-04 09:28:40,540 - DataBase.py[line:56] - INFO: select * from record_201808 where emp_id=111111
2018-09-04 09:28:40,540 - DataBase.py[line:56] - INFO: select * from record_201808 where emp_id=111111 and time like '2018-08-24%'
2018-09-04 09:28:40,541 - DataBase.py[line:56] - INFO: select * from record_201808 where emp_id=111111
2018-09-04 09:28:40,541 - DataBase.py[line:56] - INFO: select * from record_201808 where emp_id=111111 and time like '2018-08-24%'
2018-09-04 09:28:40,542 - DataBase.py[line:56] - INFO: select * from record_201808 where emp_id=111111
2018-09-04 09:28:40,542 - DataBase.py[line:56] - INFO: select * from record_201808 where emp_id=111111 and time like '2018-08-25%'
2018-09-04 09:28:40,543 - DataBase.py[line:56] - INFO: select * from record_201808 where emp_id=111111
2018-09-04 09:28:40,544 - DataBase.py[line:56] - INFO: select * from record_201808 where emp_id=111111 and time like '2018-08-25%'
2018-09-04 09:28:40,544 - DataBase.py[line:56] - INFO: select * from record_201808 where emp_id=111111
2018-09-04 09:28:40,545 - DataBase.py[line:56] - INFO: select * from record_201808 where emp_id=111111 and time like '2018-08-26%'
2018-09-04 09:28:40,546 - DataBase.py[line:56] - INFO: select * from record_201808 where emp_id=111111
2018-09-04 09:28:40,546 - DataBase.py[line:56] - INFO: select * from record_201808 where emp_id=111111 and time like '2018-08-26%'
2018-09-04 09:28:40,547 - DataBase.py[line:56] - INFO: select * from record_201808 where emp_id=111111
2018-09-04 09:28:40,547 - DataBase.py[line:56] - INFO: select * from record_201808 where emp_id=111111 and time like '2018-08-27%'
2018-09-04 09:28:40,548 - DataBase.py[line:56] - INFO: select * from record_201808 where emp_id=111111
2018-09-04 09:28:40,548 - DataBase.py[line:56] - INFO: select * from record_201808 where emp_id=111111 and time like '2018-08-27%'
2018-09-04 09:28:40,548 - DataBase.py[line:56] - INFO: select * from record_201808 where emp_id=111111
2018-09-04 09:28:40,549 - DataBase.py[line:56] - INFO: select * from record_201808 where emp_id=111111 and time like '2018-08-28%'
2018-09-04 09:28:40,549 - DataBase.py[line:56] - INFO: select * from record_201808 where emp_id=111111
2018-09-04 09:28:40,550 - DataBase.py[line:56] - INFO: select * from record_201808 where emp_id=111111 and time like '2018-08-28%'
2018-09-04 09:28:40,550 - DataBase.py[line:56] - INFO: select * from record_201808 where emp_id=111111 and time like '2018-08-29%'
2018-09-04 09:28:40,551 - DataBase.py[line:56] - INFO: select * from record_201808 where emp_id=111111
2018-09-04 09:28:40,551 - DataBase.py[line:56] - INFO: select * from record_201808 where emp_id=111111 and time like '2018-08-29%'
2018-09-04 09:28:40,552 - DataBase.py[line:56] - INFO: select * from record_201808 where emp_id=111111 and time like '2018-08-30%'
2018-09-04 09:28:40,552 - DataBase.py[line:56] - INFO: select * from record_201808 where emp_id=111111
2018-09-04 09:28:40,553 - DataBase.py[line:56] - INFO: select * from record_201808 where emp_id=111111 and time like '2018-08-30%'
2018-09-04 09:28:40,553 - DataBase.py[line:56] - INFO: select * from record_201808 where emp_id=111111
2018-09-04 09:28:40,554 - DataBase.py[line:56] - INFO: select * from record_201808 where emp_id=111111 and time like '2018-08-31%'
2018-09-04 09:28:40,554 - DataBase.py[line:56] - INFO: select * from record_201808 where emp_id=111111
2018-09-04 09:28:40,555 - DataBase.py[line:56] - INFO: select * from record_201808 where emp_id=111111 and time like '2018-08-31%'
2018-09-04 09:28:40,555 - DataBase.py[line:56] - INFO: select * from record_201808 where emp_id=111111
