2018-09-04 16:59:31,336 - DataBase.py[line:23] - INFO: database class is creating...
2018-09-04 16:59:31,357 - DataBase.py[line:51] - INFO: database is connecting...
2018-09-04 16:59:31,358 - DataBase.py[line:56] - INFO: select * from empinfo
2018-09-04 16:59:31,359 - DataBase.py[line:56] - INFO: select * from record_201808 where emp_id=000001 and time like '2018-08-01%'
2018-09-04 16:59:31,359 - DataBase.py[line:56] - INFO: select * from record_201808 where emp_id=000001 and time<'2018-08-01'
2018-09-04 16:59:31,360 - DataBase.py[line:56] - INFO: select * from record_201808 where emp_id=000001 and time like '2018-08-02%'
2018-09-04 16:59:31,362 - DataBase.py[line:56] - INFO: select * from record_201808 where emp_id=000001 and time<'2018-08-02'
2018-09-04 16:59:31,363 - DataBase.py[line:56] - INFO: select * from record_201808 where emp_id=000001 and time like '2018-08-03%'
2018-09-04 16:59:31,363 - DataBase.py[line:56] - INFO: select * from record_201808 where emp_id=000001 and time<'2018-08-03'
2018-09-04 16:59:31,363 - DataBase.py[line:56] - INFO: select * from record_201808 where emp_id=000001 and time like '2018-08-04%'
2018-09-04 16:59:31,364 - DataBase.py[line:56] - INFO: select * from record_201808 where emp_id=000001 and time<'2018-08-04'
2018-09-04 16:59:31,364 - DataBase.py[line:56] - INFO: select * from record_201808 where emp_id=000001 and time like '2018-08-05%'
2018-09-04 16:59:31,365 - DataBase.py[line:56] - INFO: select * from record_201808 where emp_id=000001 and time<'2018-08-05'
2018-09-04 16:59:31,365 - DataBase.py[line:56] - INFO: select * from record_201808 where emp_id=000001 and time like '2018-08-06%'
2018-09-04 16:59:31,365 - DataBase.py[line:56] - INFO: select * from record_201808 where emp_id=000001 and time<'2018-08-06'
2018-09-04 16:59:31,366 - DataBase.py[line:56] - INFO: select * from record_201808 where emp_id=000001 and time like '2018-08-07%'
2018-09-04 16:59:31,366 - DataBase.py[line:56] - INFO: select * from record_201808 where emp_id=000001 and time<'2018-08-07'
2018-09-04 16:59:31,367 - DataBase.py[line:56] - INFO: select * from record_201808 where emp_id=000001 and time like '2018-08-08%'
2018-09-04 16:59:31,367 - DataBase.py[line:56] - INFO: select * from record_201808 where emp_id=000001 and time<'2018-08-08'
2018-09-04 16:59:31,368 - DataBase.py[line:56] - INFO: select * from record_201808 where emp_id=000001 and time like '2018-08-09%'
2018-09-04 16:59:31,368 - DataBase.py[line:56] - INFO: select * from record_201808 where emp_id=000001 and time<'2018-08-09'
2018-09-04 16:59:31,369 - DataBase.py[line:56] - INFO: select * from record_201808 where emp_id=000001 and time like '2018-08-10%'
2018-09-04 16:59:31,369 - DataBase.py[line:56] - INFO: select * from record_201808 where emp_id=000001 and time<'2018-08-10'
2018-09-04 16:59:31,370 - DataBase.py[line:56] - INFO: select * from record_201808 where emp_id=000001 and time like '2018-08-11%'
2018-09-04 16:59:31,370 - DataBase.py[line:56] - INFO: select * from record_201808 where emp_id=000001 and time<'2018-08-11'
2018-09-04 16:59:31,371 - DataBase.py[line:56] - INFO: select * from record_201808 where emp_id=000001 and time like '2018-08-12%'
2018-09-04 16:59:31,371 - DataBase.py[line:56] - INFO: select * from record_201808 where emp_id=000001 and time<'2018-08-12'
2018-09-04 16:59:31,372 - DataBase.py[line:56] - INFO: select * from record_201808 where emp_id=000001 and time like '2018-08-13%'
2018-09-04 16:59:31,372 - DataBase.py[line:56] - INFO: select * from record_201808 where emp_id=000001 and time<'2018-08-13'
2018-09-04 16:59:31,372 - DataBase.py[line:56] - INFO: select * from record_201808 where emp_id=000001 and time like '2018-08-14%'
2018-09-04 16:59:31,373 - DataBase.py[line:56] - INFO: select * from record_201808 where emp_id=000001 and time<'2018-08-14'
2018-09-04 16:59:31,373 - DataBase.py[line:56] - INFO: select * from record_201808 where emp_id=000001 and time like '2018-08-15%'
2018-09-04 16:59:31,374 - DataBase.py[line:56] - INFO: select * from record_201808 where emp_id=000001 and time<'2018-08-15'
2018-09-04 16:59:31,374 - DataBase.py[line:56] - INFO: select * from record_201808 where emp_id=000001 and time like '2018-08-16%'
2018-09-04 16:59:31,374 - DataBase.py[line:56] - INFO: select * from record_201808 where emp_id=000001 and time<'2018-08-16'
2018-09-04 16:59:31,375 - DataBase.py[line:56] - INFO: select * from record_201808 where emp_id=000001 and time like '2018-08-17%'
2018-09-04 16:59:31,375 - DataBase.py[line:56] - INFO: select * from record_201808 where emp_id=000001 and time<'2018-08-17'
2018-09-04 16:59:31,376 - DataBase.py[line:56] - INFO: select * from record_201808 where emp_id=000001 and time like '2018-08-18%'
2018-09-04 16:59:31,376 - DataBase.py[line:56] - INFO: select * from record_201808 where emp_id=000001 and time<'2018-08-18'
2018-09-04 16:59:31,376 - DataBase.py[line:56] - INFO: select * from record_201808 where emp_id=000001 and time like '2018-08-19%'
2018-09-04 16:59:31,377 - DataBase.py[line:56] - INFO: select * from record_201808 where emp_id=000001 and time<'2018-08-19'
2018-09-04 16:59:31,377 - DataBase.py[line:56] - INFO: select * from record_201808 where emp_id=000001 and time like '2018-08-20%'
2018-09-04 16:59:31,378 - DataBase.py[line:56] - INFO: select * from record_201808 where emp_id=000001 and time<'2018-08-20'
2018-09-04 16:59:31,378 - DataBase.py[line:56] - INFO: select * from record_201808 where emp_id=000001 and time like '2018-08-21%'
2018-09-04 16:59:31,379 - DataBase.py[line:56] - INFO: select * from record_201808 where emp_id=000001 and time<'2018-08-21'
2018-09-04 16:59:31,379 - DataBase.py[line:56] - INFO: select * from record_201808 where emp_id=000001 and time like '2018-08-22%'
2018-09-04 16:59:31,380 - DataBase.py[line:56] - INFO: select * from record_201808 where emp_id=000001 and time<'2018-08-22'
2018-09-04 16:59:31,380 - DataBase.py[line:56] - INFO: select * from record_201808 where emp_id=000001 and time like '2018-08-23%'
2018-09-04 16:59:31,380 - DataBase.py[line:56] - INFO: select * from record_201808 where emp_id=000001 and time<'2018-08-23'
2018-09-04 16:59:31,381 - DataBase.py[line:56] - INFO: select * from record_201808 where emp_id=000001 and time like '2018-08-24%'
2018-09-04 16:59:31,381 - DataBase.py[line:56] - INFO: select * from record_201808 where emp_id=000001 and time<'2018-08-24'
2018-09-04 16:59:31,382 - DataBase.py[line:56] - INFO: select * from record_201808 where emp_id=000001 and time like '2018-08-25%'
2018-09-04 16:59:31,382 - DataBase.py[line:56] - INFO: select * from record_201808 where emp_id=000001 and time<'2018-08-25'
2018-09-04 16:59:31,383 - DataBase.py[line:56] - INFO: select * from record_201808 where emp_id=000001 and time like '2018-08-26%'
2018-09-04 16:59:31,383 - DataBase.py[line:56] - INFO: select * from record_201808 where emp_id=000001 and time<'2018-08-26'
2018-09-04 16:59:31,383 - DataBase.py[line:56] - INFO: select * from record_201808 where emp_id=000001 and time like '2018-08-27%'
2018-09-04 16:59:31,384 - DataBase.py[line:56] - INFO: select * from record_201808 where emp_id=000001 and time<'2018-08-27'
2018-09-04 16:59:31,384 - DataBase.py[line:56] - INFO: select * from record_201808 where emp_id=000001 and time like '2018-08-28%'
2018-09-04 16:59:31,385 - DataBase.py[line:56] - INFO: select * from record_201808 where emp_id=000001 and time like '2018-08-29%'
2018-09-04 16:59:31,385 - DataBase.py[line:56] - INFO: select * from record_201808 where emp_id=000001 and time<'2018-08-29'
2018-09-04 16:59:31,385 - DataBase.py[line:56] - INFO: select * from record_201808 where emp_id=000001 and time like '2018-08-30%'
2018-09-04 16:59:31,386 - DataBase.py[line:56] - INFO: select * from record_201808 where emp_id=000001 and time like '2018-08-31%'
2018-09-04 16:59:31,386 - DataBase.py[line:56] - INFO: select * from record_201808 where emp_id=000001 and time<'2018-08-31'
2018-09-04 16:59:31,387 - DataBase.py[line:56] - INFO: select * from record_201808 where emp_id=000002 and time like '2018-08-01%'
2018-09-04 16:59:31,387 - DataBase.py[line:56] - INFO: select * from record_201808 where emp_id=000002 and time<'2018-08-01'
2018-09-04 16:59:31,388 - DataBase.py[line:56] - INFO: select * from record_201808 where emp_id=000002 and time like '2018-08-02%'
2018-09-04 16:59:31,389 - DataBase.py[line:56] - INFO: select * from record_201808 where emp_id=000002 and time<'2018-08-02'
2018-09-04 16:59:31,389 - DataBase.py[line:56] - INFO: select * from record_201808 where emp_id=000002 and time like '2018-08-03%'
2018-09-04 16:59:31,390 - DataBase.py[line:56] - INFO: select * from record_201808 where emp_id=000002 and time<'2018-08-03'
2018-09-04 16:59:31,390 - DataBase.py[line:56] - INFO: select * from record_201808 where emp_id=000002 and time like '2018-08-04%'
2018-09-04 16:59:31,391 - DataBase.py[line:56] - INFO: select * from record_201808 where emp_id=000002 and time<'2018-08-04'
2018-09-04 16:59:31,391 - DataBase.py[line:56] - INFO: select * from record_201808 where emp_id=000002 and time like '2018-08-05%'
2018-09-04 16:59:31,392 - DataBase.py[line:56] - INFO: select * from record_201808 where emp_id=000002 and time<'2018-08-05'
2018-09-04 16:59:31,392 - DataBase.py[line:56] - INFO: select * from record_201808 where emp_id=000002 and time like '2018-08-06%'
2018-09-04 16:59:31,392 - DataBase.py[line:56] - INFO: select * from record_201808 where emp_id=000002 and time<'2018-08-06'
2018-09-04 16:59:31,393 - DataBase.py[line:56] - INFO: select * from record_201808 where emp_id=000002 and time like '2018-08-07%'
2018-09-04 16:59:31,393 - DataBase.py[line:56] - INFO: select * from record_201808 where emp_id=000002 and time<'2018-08-07'
2018-09-04 16:59:31,394 - DataBase.py[line:56] - INFO: select * from record_201808 where emp_id=000002 and time like '2018-08-08%'
2018-09-04 16:59:31,394 - DataBase.py[line:56] - INFO: select * from record_201808 where emp_id=000002 and time<'2018-08-08'
2018-09-04 16:59:31,395 - DataBase.py[line:56] - INFO: select * from record_201808 where emp_id=000002 and time like '2018-08-09%'
2018-09-04 16:59:31,395 - DataBase.py[line:56] - INFO: select * from record_201808 where emp_id=000002 and time<'2018-08-09'
2018-09-04 16:59:31,396 - DataBase.py[line:56] - INFO: select * from record_201808 where emp_id=000002 and time like '2018-08-10%'
2018-09-04 16:59:31,396 - DataBase.py[line:56] - INFO: select * from record_201808 where emp_id=000002 and time<'2018-08-10'
2018-09-04 16:59:31,397 - DataBase.py[line:56] - INFO: select * from record_201808 where emp_id=000002 and time like '2018-08-11%'
2018-09-04 16:59:31,397 - DataBase.py[line:56] - INFO: select * from record_201808 where emp_id=000002 and time<'2018-08-11'
2018-09-04 16:59:31,398 - DataBase.py[line:56] - INFO: select * from record_201808 where emp_id=000002 and time like '2018-08-12%'
2018-09-04 16:59:31,398 - DataBase.py[line:56] - INFO: select * from record_201808 where emp_id=000002 and time<'2018-08-12'
2018-09-04 16:59:31,398 - DataBase.py[line:56] - INFO: select * from record_201808 where emp_id=000002 and time like '2018-08-13%'
2018-09-04 16:59:31,399 - DataBase.py[line:56] - INFO: select * from record_201808 where emp_id=000002 and time<'2018-08-13'
2018-09-04 16:59:31,400 - DataBase.py[line:56] - INFO: select * from record_201808 where emp_id=000002 and time like '2018-08-14%'
2018-09-04 16:59:31,400 - DataBase.py[line:56] - INFO: select * from record_201808 where emp_id=000002 and time<'2018-08-14'
2018-09-04 16:59:31,401 - DataBase.py[line:56] - INFO: select * from record_201808 where emp_id=000002 and time like '2018-08-15%'
2018-09-04 16:59:31,401 - DataBase.py[line:56] - INFO: select * from record_201808 where emp_id=000002 and time<'2018-08-15'
2018-09-04 16:59:31,402 - DataBase.py[line:56] - INFO: select * from record_201808 where emp_id=000002 and time like '2018-08-16%'
2018-09-04 16:59:31,403 - DataBase.py[line:56] - INFO: select * from record_201808 where emp_id=000002 and time<'2018-08-16'
2018-09-04 16:59:31,403 - DataBase.py[line:56] - INFO: select * from record_201808 where emp_id=000002 and time like '2018-08-17%'
2018-09-04 16:59:31,404 - DataBase.py[line:56] - INFO: select * from record_201808 where emp_id=000002 and time<'2018-08-17'
2018-09-04 16:59:31,404 - DataBase.py[line:56] - INFO: select * from record_201808 where emp_id=000002 and time like '2018-08-18%'
2018-09-04 16:59:31,405 - DataBase.py[line:56] - INFO: select * from record_201808 where emp_id=000002 and time<'2018-08-18'
2018-09-04 16:59:31,405 - DataBase.py[line:56] - INFO: select * from record_201808 where emp_id=000002 and time like '2018-08-19%'
2018-09-04 16:59:31,406 - DataBase.py[line:56] - INFO: select * from record_201808 where emp_id=000002 and time<'2018-08-19'
2018-09-04 16:59:31,407 - DataBase.py[line:56] - INFO: select * from record_201808 where emp_id=000002 and time like '2018-08-20%'
2018-09-04 16:59:31,407 - DataBase.py[line:56] - INFO: select * from record_201808 where emp_id=000002 and time<'2018-08-20'
2018-09-04 16:59:31,408 - DataBase.py[line:56] - INFO: select * from record_201808 where emp_id=000002 and time like '2018-08-21%'
2018-09-04 16:59:31,408 - DataBase.py[line:56] - INFO: select * from record_201808 where emp_id=000002 and time<'2018-08-21'
2018-09-04 16:59:31,409 - DataBase.py[line:56] - INFO: select * from record_201808 where emp_id=000002 and time like '2018-08-22%'
2018-09-04 16:59:31,409 - DataBase.py[line:56] - INFO: select * from record_201808 where emp_id=000002 and time<'2018-08-22'
2018-09-04 16:59:31,410 - DataBase.py[line:56] - INFO: select * from record_201808 where emp_id=000002 and time like '2018-08-23%'
2018-09-04 16:59:31,411 - DataBase.py[line:56] - INFO: select * from record_201808 where emp_id=000002 and time<'2018-08-23'
2018-09-04 16:59:31,411 - DataBase.py[line:56] - INFO: select * from record_201808 where emp_id=000002 and time like '2018-08-24%'
2018-09-04 16:59:31,412 - DataBase.py[line:56] - INFO: select * from record_201808 where emp_id=000002 and time<'2018-08-24'
2018-09-04 16:59:31,412 - DataBase.py[line:56] - INFO: select * from record_201808 where emp_id=000002 and time like '2018-08-25%'
2018-09-04 16:59:31,413 - DataBase.py[line:56] - INFO: select * from record_201808 where emp_id=000002 and time<'2018-08-25'
2018-09-04 16:59:31,414 - DataBase.py[line:56] - INFO: select * from record_201808 where emp_id=000002 and time like '2018-08-26%'
2018-09-04 16:59:31,414 - DataBase.py[line:56] - INFO: select * from record_201808 where emp_id=000002 and time<'2018-08-26'
2018-09-04 16:59:31,414 - DataBase.py[line:56] - INFO: select * from record_201808 where emp_id=000002 and time like '2018-08-27%'
2018-09-04 16:59:31,415 - DataBase.py[line:56] - INFO: select * from record_201808 where emp_id=000002 and time<'2018-08-27'
2018-09-04 16:59:31,415 - DataBase.py[line:56] - INFO: select * from record_201808 where emp_id=000002 and time like '2018-08-28%'
2018-09-04 16:59:31,416 - DataBase.py[line:56] - INFO: select * from record_201808 where emp_id=000002 and time<'2018-08-28'
2018-09-04 16:59:31,416 - DataBase.py[line:56] - INFO: select * from record_201808 where emp_id=000002 and time like '2018-08-29%'
2018-09-04 16:59:31,416 - DataBase.py[line:56] - INFO: select * from record_201808 where emp_id=000002 and time<'2018-08-29'
2018-09-04 16:59:31,417 - DataBase.py[line:56] - INFO: select * from record_201808 where emp_id=000002 and time like '2018-08-30%'
2018-09-04 16:59:31,417 - DataBase.py[line:56] - INFO: select * from record_201808 where emp_id=000002 and time<'2018-08-30'
2018-09-04 16:59:31,418 - DataBase.py[line:56] - INFO: select * from record_201808 where emp_id=000002 and time like '2018-08-31%'
2018-09-04 16:59:31,419 - DataBase.py[line:56] - INFO: select * from record_201808 where emp_id=000002 and time<'2018-08-31'
2018-09-04 16:59:31,419 - DataBase.py[line:56] - INFO: select * from record_201808 where emp_id=000003 and time like '2018-08-01%'
2018-09-04 16:59:31,420 - DataBase.py[line:56] - INFO: select * from record_201808 where emp_id=000003 and time<'2018-08-01'
2018-09-04 16:59:31,421 - DataBase.py[line:56] - INFO: select * from record_201808 where emp_id=000003 and time like '2018-08-02%'
2018-09-04 16:59:31,421 - DataBase.py[line:56] - INFO: select * from record_201808 where emp_id=000003 and time<'2018-08-02'
2018-09-04 16:59:31,422 - DataBase.py[line:56] - INFO: select * from record_201808 where emp_id=000003 and time like '2018-08-03%'
2018-09-04 16:59:31,422 - DataBase.py[line:56] - INFO: select * from record_201808 where emp_id=000003 and time<'2018-08-03'
2018-09-04 16:59:31,423 - DataBase.py[line:56] - INFO: select * from record_201808 where emp_id=000003 and time like '2018-08-04%'
2018-09-04 16:59:31,423 - DataBase.py[line:56] - INFO: select * from record_201808 where emp_id=000003 and time<'2018-08-04'
2018-09-04 16:59:31,423 - DataBase.py[line:56] - INFO: select * from record_201808 where emp_id=000003 and time like '2018-08-05%'
2018-09-04 16:59:31,424 - DataBase.py[line:56] - INFO: select * from record_201808 where emp_id=000003 and time<'2018-08-05'
2018-09-04 16:59:31,424 - DataBase.py[line:56] - INFO: select * from record_201808 where emp_id=000003 and time like '2018-08-06%'
2018-09-04 16:59:31,425 - DataBase.py[line:56] - INFO: select * from record_201808 where emp_id=000003 and time<'2018-08-06'
2018-09-04 16:59:31,425 - DataBase.py[line:56] - INFO: select * from record_201808 where emp_id=000003 and time like '2018-08-07%'
2018-09-04 16:59:31,426 - DataBase.py[line:56] - INFO: select * from record_201808 where emp_id=000003 and time<'2018-08-07'
2018-09-04 16:59:31,426 - DataBase.py[line:56] - INFO: select * from record_201808 where emp_id=000003 and time like '2018-08-08%'
2018-09-04 16:59:31,426 - DataBase.py[line:56] - INFO: select * from record_201808 where emp_id=000003 and time<'2018-08-08'
2018-09-04 16:59:31,427 - DataBase.py[line:56] - INFO: select * from record_201808 where emp_id=000003 and time like '2018-08-09%'
2018-09-04 16:59:31,427 - DataBase.py[line:56] - INFO: select * from record_201808 where emp_id=000003 and time<'2018-08-09'
2018-09-04 16:59:31,428 - DataBase.py[line:56] - INFO: select * from record_201808 where emp_id=000003 and time like '2018-08-10%'
2018-09-04 16:59:31,428 - DataBase.py[line:56] - INFO: select * from record_201808 where emp_id=000003 and time<'2018-08-10'
2018-09-04 16:59:31,429 - DataBase.py[line:56] - INFO: select * from record_201808 where emp_id=000003 and time like '2018-08-11%'
2018-09-04 16:59:31,429 - DataBase.py[line:56] - INFO: select * from record_201808 where emp_id=000003 and time<'2018-08-11'
2018-09-04 16:59:31,430 - DataBase.py[line:56] - INFO: select * from record_201808 where emp_id=000003 and time like '2018-08-12%'
2018-09-04 16:59:31,431 - DataBase.py[line:56] - INFO: select * from record_201808 where emp_id=000003 and time<'2018-08-12'
2018-09-04 16:59:31,431 - DataBase.py[line:56] - INFO: select * from record_201808 where emp_id=000003 and time like '2018-08-13%'
2018-09-04 16:59:31,432 - DataBase.py[line:56] - INFO: select * from record_201808 where emp_id=000003 and time<'2018-08-13'
2018-09-04 16:59:31,432 - DataBase.py[line:56] - INFO: select * from record_201808 where emp_id=000003 and time like '2018-08-14%'
2018-09-04 16:59:31,433 - DataBase.py[line:56] - INFO: select * from record_201808 where emp_id=000003 and time<'2018-08-14'
2018-09-04 16:59:31,433 - DataBase.py[line:56] - INFO: select * from record_201808 where emp_id=000003 and time like '2018-08-15%'
2018-09-04 16:59:31,434 - DataBase.py[line:56] - INFO: select * from record_201808 where emp_id=000003 and time<'2018-08-15'
2018-09-04 16:59:31,434 - DataBase.py[line:56] - INFO: select * from record_201808 where emp_id=000003 and time like '2018-08-16%'
2018-09-04 16:59:31,435 - DataBase.py[line:56] - INFO: select * from record_201808 where emp_id=000003 and time<'2018-08-16'
2018-09-04 16:59:31,435 - DataBase.py[line:56] - INFO: select * from record_201808 where emp_id=000003 and time like '2018-08-17%'
2018-09-04 16:59:31,436 - DataBase.py[line:56] - INFO: select * from record_201808 where emp_id=000003 and time<'2018-08-17'
2018-09-04 16:59:31,436 - DataBase.py[line:56] - INFO: select * from record_201808 where emp_id=000003 and time like '2018-08-18%'
2018-09-04 16:59:31,437 - DataBase.py[line:56] - INFO: select * from record_201808 where emp_id=000003 and time<'2018-08-18'
2018-09-04 16:59:31,437 - DataBase.py[line:56] - INFO: select * from record_201808 where emp_id=000003 and time like '2018-08-19%'
2018-09-04 16:59:31,438 - DataBase.py[line:56] - INFO: select * from record_201808 where emp_id=000003 and time<'2018-08-19'
2018-09-04 16:59:31,438 - DataBase.py[line:56] - INFO: select * from record_201808 where emp_id=000003 and time like '2018-08-20%'
2018-09-04 16:59:31,439 - DataBase.py[line:56] - INFO: select * from record_201808 where emp_id=000003 and time<'2018-08-20'
2018-09-04 16:59:31,440 - DataBase.py[line:56] - INFO: select * from record_201808 where emp_id=000003 and time like '2018-08-21%'
2018-09-04 16:59:31,440 - DataBase.py[line:56] - INFO: select * from record_201808 where emp_id=000003 and time<'2018-08-21'
2018-09-04 16:59:31,441 - DataBase.py[line:56] - INFO: select * from record_201808 where emp_id=000003 and time like '2018-08-22%'
2018-09-04 16:59:31,441 - DataBase.py[line:56] - INFO: select * from record_201808 where emp_id=000003 and time<'2018-08-22'
2018-09-04 16:59:31,442 - DataBase.py[line:56] - INFO: select * from record_201808 where emp_id=000003 and time like '2018-08-23%'
2018-09-04 16:59:31,442 - DataBase.py[line:56] - INFO: select * from record_201808 where emp_id=000003 and time<'2018-08-23'
2018-09-04 16:59:31,443 - DataBase.py[line:56] - INFO: select * from record_201808 where emp_id=000003 and time like '2018-08-24%'
2018-09-04 16:59:31,443 - DataBase.py[line:56] - INFO: select * from record_201808 where emp_id=000003 and time<'2018-08-24'
2018-09-04 16:59:31,444 - DataBase.py[line:56] - INFO: select * from record_201808 where emp_id=000003 and time like '2018-08-25%'
2018-09-04 16:59:31,444 - DataBase.py[line:56] - INFO: select * from record_201808 where emp_id=000003 and time<'2018-08-25'
2018-09-04 16:59:31,445 - DataBase.py[line:56] - INFO: select * from record_201808 where emp_id=000003 and time like '2018-08-26%'
2018-09-04 16:59:31,445 - DataBase.py[line:56] - INFO: select * from record_201808 where emp_id=000003 and time<'2018-08-26'
2018-09-04 16:59:31,446 - DataBase.py[line:56] - INFO: select * from record_201808 where emp_id=000003 and time like '2018-08-27%'
2018-09-04 16:59:31,446 - DataBase.py[line:56] - INFO: select * from record_201808 where emp_id=000003 and time<'2018-08-27'
2018-09-04 16:59:31,447 - DataBase.py[line:56] - INFO: select * from record_201808 where emp_id=000003 and time like '2018-08-28%'
2018-09-04 16:59:31,447 - DataBase.py[line:56] - INFO: select * from record_201808 where emp_id=000003 and time<'2018-08-28'
2018-09-04 16:59:31,448 - DataBase.py[line:56] - INFO: select * from record_201808 where emp_id=000003 and time like '2018-08-29%'
2018-09-04 16:59:31,448 - DataBase.py[line:56] - INFO: select * from record_201808 where emp_id=000003 and time<'2018-08-29'
2018-09-04 16:59:31,449 - DataBase.py[line:56] - INFO: select * from record_201808 where emp_id=000003 and time like '2018-08-30%'
2018-09-04 16:59:31,449 - DataBase.py[line:56] - INFO: select * from record_201808 where emp_id=000003 and time<'2018-08-30'
2018-09-04 16:59:31,450 - DataBase.py[line:56] - INFO: select * from record_201808 where emp_id=000003 and time like '2018-08-31%'
2018-09-04 16:59:31,450 - DataBase.py[line:56] - INFO: select * from record_201808 where emp_id=000003 and time<'2018-08-31'
2018-09-04 16:59:31,451 - DataBase.py[line:56] - INFO: select * from record_201808 where emp_id=000004 and time like '2018-08-01%'
2018-09-04 16:59:31,451 - DataBase.py[line:56] - INFO: select * from record_201808 where emp_id=000004 and time<'2018-08-01'
2018-09-04 16:59:31,452 - DataBase.py[line:56] - INFO: select * from record_201808 where emp_id=000004 and time like '2018-08-02%'
2018-09-04 16:59:31,452 - DataBase.py[line:56] - INFO: select * from record_201808 where emp_id=000004 and time<'2018-08-02'
2018-09-04 16:59:31,453 - DataBase.py[line:56] - INFO: select * from record_201808 where emp_id=000004 and time like '2018-08-03%'
2018-09-04 16:59:31,453 - DataBase.py[line:56] - INFO: select * from record_201808 where emp_id=000004 and time<'2018-08-03'
2018-09-04 16:59:31,454 - DataBase.py[line:56] - INFO: select * from record_201808 where emp_id=000004 and time like '2018-08-04%'
2018-09-04 16:59:31,454 - DataBase.py[line:56] - INFO: select * from record_201808 where emp_id=000004 and time<'2018-08-04'
2018-09-04 16:59:31,454 - DataBase.py[line:56] - INFO: select * from record_201808 where emp_id=000004 and time like '2018-08-05%'
2018-09-04 16:59:31,455 - DataBase.py[line:56] - INFO: select * from record_201808 where emp_id=000004 and time<'2018-08-05'
2018-09-04 16:59:31,455 - DataBase.py[line:56] - INFO: select * from record_201808 where emp_id=000004 and time like '2018-08-06%'
2018-09-04 16:59:31,456 - DataBase.py[line:56] - INFO: select * from record_201808 where emp_id=000004 and time<'2018-08-06'
2018-09-04 16:59:31,456 - DataBase.py[line:56] - INFO: select * from record_201808 where emp_id=000004 and time like '2018-08-07%'
2018-09-04 16:59:31,457 - DataBase.py[line:56] - INFO: select * from record_201808 where emp_id=000004 and time<'2018-08-07'
2018-09-04 16:59:31,457 - DataBase.py[line:56] - INFO: select * from record_201808 where emp_id=000004 and time like '2018-08-08%'
2018-09-04 16:59:31,458 - DataBase.py[line:56] - INFO: select * from record_201808 where emp_id=000004 and time<'2018-08-08'
2018-09-04 16:59:31,459 - DataBase.py[line:56] - INFO: select * from record_201808 where emp_id=000004 and time like '2018-08-09%'
2018-09-04 16:59:31,459 - DataBase.py[line:56] - INFO: select * from record_201808 where emp_id=000004 and time<'2018-08-09'
2018-09-04 16:59:31,460 - DataBase.py[line:56] - INFO: select * from record_201808 where emp_id=000004 and time like '2018-08-10%'
2018-09-04 16:59:31,460 - DataBase.py[line:56] - INFO: select * from record_201808 where emp_id=000004 and time<'2018-08-10'
2018-09-04 16:59:31,461 - DataBase.py[line:56] - INFO: select * from record_201808 where emp_id=000004 and time like '2018-08-11%'
2018-09-04 16:59:31,461 - DataBase.py[line:56] - INFO: select * from record_201808 where emp_id=000004 and time<'2018-08-11'
2018-09-04 16:59:31,462 - DataBase.py[line:56] - INFO: select * from record_201808 where emp_id=000004 and time like '2018-08-12%'
2018-09-04 16:59:31,462 - DataBase.py[line:56] - INFO: select * from record_201808 where emp_id=000004 and time<'2018-08-12'
2018-09-04 16:59:31,463 - DataBase.py[line:56] - INFO: select * from record_201808 where emp_id=000004 and time like '2018-08-13%'
2018-09-04 16:59:31,463 - DataBase.py[line:56] - INFO: select * from record_201808 where emp_id=000004 and time<'2018-08-13'
2018-09-04 16:59:31,463 - DataBase.py[line:56] - INFO: select * from record_201808 where emp_id=000004 and time like '2018-08-14%'
2018-09-04 16:59:31,464 - DataBase.py[line:56] - INFO: select * from record_201808 where emp_id=000004 and time<'2018-08-14'
2018-09-04 16:59:31,465 - DataBase.py[line:56] - INFO: select * from record_201808 where emp_id=000004 and time like '2018-08-15%'
2018-09-04 16:59:31,466 - DataBase.py[line:56] - INFO: select * from record_201808 where emp_id=000004 and time<'2018-08-15'
2018-09-04 16:59:31,466 - DataBase.py[line:56] - INFO: select * from record_201808 where emp_id=000004 and time like '2018-08-16%'
2018-09-04 16:59:31,467 - DataBase.py[line:56] - INFO: select * from record_201808 where emp_id=000004 and time<'2018-08-16'
2018-09-04 16:59:31,467 - DataBase.py[line:56] - INFO: select * from record_201808 where emp_id=000004 and time like '2018-08-17%'
2018-09-04 16:59:31,468 - DataBase.py[line:56] - INFO: select * from record_201808 where emp_id=000004 and time<'2018-08-17'
2018-09-04 16:59:31,468 - DataBase.py[line:56] - INFO: select * from record_201808 where emp_id=000004 and time like '2018-08-18%'
2018-09-04 16:59:31,469 - DataBase.py[line:56] - INFO: select * from record_201808 where emp_id=000004 and time<'2018-08-18'
2018-09-04 16:59:31,469 - DataBase.py[line:56] - INFO: select * from record_201808 where emp_id=000004 and time like '2018-08-19%'
2018-09-04 16:59:31,470 - DataBase.py[line:56] - INFO: select * from record_201808 where emp_id=000004 and time<'2018-08-19'
2018-09-04 16:59:31,470 - DataBase.py[line:56] - INFO: select * from record_201808 where emp_id=000004 and time like '2018-08-20%'
2018-09-04 16:59:31,471 - DataBase.py[line:56] - INFO: select * from record_201808 where emp_id=000004 and time<'2018-08-20'
2018-09-04 16:59:31,472 - DataBase.py[line:56] - INFO: select * from record_201808 where emp_id=000004 and time like '2018-08-21%'
2018-09-04 16:59:31,472 - DataBase.py[line:56] - INFO: select * from record_201808 where emp_id=000004 and time<'2018-08-21'
2018-09-04 16:59:31,473 - DataBase.py[line:56] - INFO: select * from record_201808 where emp_id=000004 and time like '2018-08-22%'
2018-09-04 16:59:31,473 - DataBase.py[line:56] - INFO: select * from record_201808 where emp_id=000004 and time<'2018-08-22'
2018-09-04 16:59:31,474 - DataBase.py[line:56] - INFO: select * from record_201808 where emp_id=000004 and time like '2018-08-23%'
2018-09-04 16:59:31,474 - DataBase.py[line:56] - INFO: select * from record_201808 where emp_id=000004 and time<'2018-08-23'
2018-09-04 16:59:31,475 - DataBase.py[line:56] - INFO: select * from record_201808 where emp_id=000004 and time like '2018-08-24%'
2018-09-04 16:59:31,475 - DataBase.py[line:56] - INFO: select * from record_201808 where emp_id=000004 and time<'2018-08-24'
2018-09-04 16:59:31,476 - DataBase.py[line:56] - INFO: select * from record_201808 where emp_id=000004 and time like '2018-08-25%'
2018-09-04 16:59:31,476 - DataBase.py[line:56] - INFO: select * from record_201808 where emp_id=000004 and time<'2018-08-25'
2018-09-04 16:59:31,477 - DataBase.py[line:56] - INFO: select * from record_201808 where emp_id=000004 and time like '2018-08-26%'
2018-09-04 16:59:31,477 - DataBase.py[line:56] - INFO: select * from record_201808 where emp_id=000004 and time<'2018-08-26'
2018-09-04 16:59:31,477 - DataBase.py[line:56] - INFO: select * from record_201808 where emp_id=000004 and time like '2018-08-27%'
2018-09-04 16:59:31,478 - DataBase.py[line:56] - INFO: select * from record_201808 where emp_id=000004 and time<'2018-08-27'
2018-09-04 16:59:31,478 - DataBase.py[line:56] - INFO: select * from record_201808 where emp_id=000004 and time like '2018-08-28%'
2018-09-04 16:59:31,479 - DataBase.py[line:56] - INFO: select * from record_201808 where emp_id=000004 and time<'2018-08-28'
2018-09-04 16:59:31,480 - DataBase.py[line:56] - INFO: select * from record_201808 where emp_id=000004 and time like '2018-08-29%'
2018-09-04 16:59:31,480 - DataBase.py[line:56] - INFO: select * from record_201808 where emp_id=000004 and time<'2018-08-29'
2018-09-04 16:59:31,480 - DataBase.py[line:56] - INFO: select * from record_201808 where emp_id=000004 and time like '2018-08-30%'
2018-09-04 16:59:31,481 - DataBase.py[line:56] - INFO: select * from record_201808 where emp_id=000004 and time<'2018-08-30'
2018-09-04 16:59:31,481 - DataBase.py[line:56] - INFO: select * from record_201808 where emp_id=000004 and time like '2018-08-31%'
2018-09-04 16:59:31,481 - DataBase.py[line:56] - INFO: select * from record_201808 where emp_id=000004 and time<'2018-08-31'
2018-09-04 16:59:31,482 - DataBase.py[line:56] - INFO: select * from record_201808 where emp_id=000005 and time like '2018-08-01%'
2018-09-04 16:59:31,482 - DataBase.py[line:56] - INFO: select * from record_201808 where emp_id=000005 and time<'2018-08-01'
2018-09-04 16:59:31,483 - DataBase.py[line:56] - INFO: select * from record_201808 where emp_id=000005 and time like '2018-08-02%'
2018-09-04 16:59:31,483 - DataBase.py[line:56] - INFO: select * from record_201808 where emp_id=000005 and time<'2018-08-02'
2018-09-04 16:59:31,483 - DataBase.py[line:56] - INFO: select * from record_201808 where emp_id=000005 and time like '2018-08-03%'
2018-09-04 16:59:31,484 - DataBase.py[line:56] - INFO: select * from record_201808 where emp_id=000005 and time<'2018-08-03'
2018-09-04 16:59:31,484 - DataBase.py[line:56] - INFO: select * from record_201808 where emp_id=000005 and time like '2018-08-04%'
2018-09-04 16:59:31,485 - DataBase.py[line:56] - INFO: select * from record_201808 where emp_id=000005 and time<'2018-08-04'
2018-09-04 16:59:31,486 - DataBase.py[line:56] - INFO: select * from record_201808 where emp_id=000005 and time like '2018-08-05%'
2018-09-04 16:59:31,486 - DataBase.py[line:56] - INFO: select * from record_201808 where emp_id=000005 and time<'2018-08-05'
2018-09-04 16:59:31,487 - DataBase.py[line:56] - INFO: select * from record_201808 where emp_id=000005 and time like '2018-08-06%'
2018-09-04 16:59:31,488 - DataBase.py[line:56] - INFO: select * from record_201808 where emp_id=000005 and time<'2018-08-06'
2018-09-04 16:59:31,488 - DataBase.py[line:56] - INFO: select * from record_201808 where emp_id=000005 and time like '2018-08-07%'
2018-09-04 16:59:31,489 - DataBase.py[line:56] - INFO: select * from record_201808 where emp_id=000005 and time<'2018-08-07'
2018-09-04 16:59:31,490 - DataBase.py[line:56] - INFO: select * from record_201808 where emp_id=000005 and time like '2018-08-08%'
2018-09-04 16:59:31,491 - DataBase.py[line:56] - INFO: select * from record_201808 where emp_id=000005 and time<'2018-08-08'
2018-09-04 16:59:31,494 - DataBase.py[line:56] - INFO: select * from record_201808 where emp_id=000005 and time like '2018-08-09%'
2018-09-04 16:59:31,495 - DataBase.py[line:56] - INFO: select * from record_201808 where emp_id=000005 and time<'2018-08-09'
2018-09-04 16:59:31,495 - DataBase.py[line:56] - INFO: select * from record_201808 where emp_id=000005 and time like '2018-08-10%'
2018-09-04 16:59:31,496 - DataBase.py[line:56] - INFO: select * from record_201808 where emp_id=000005 and time<'2018-08-10'
2018-09-04 16:59:31,496 - DataBase.py[line:56] - INFO: select * from record_201808 where emp_id=000005 and time like '2018-08-11%'
2018-09-04 16:59:31,497 - DataBase.py[line:56] - INFO: select * from record_201808 where emp_id=000005 and time<'2018-08-11'
2018-09-04 16:59:31,497 - DataBase.py[line:56] - INFO: select * from record_201808 where emp_id=000005 and time like '2018-08-12%'
2018-09-04 16:59:31,498 - DataBase.py[line:56] - INFO: select * from record_201808 where emp_id=000005 and time<'2018-08-12'
2018-09-04 16:59:31,499 - DataBase.py[line:56] - INFO: select * from record_201808 where emp_id=000005 and time like '2018-08-13%'
2018-09-04 16:59:31,499 - DataBase.py[line:56] - INFO: select * from record_201808 where emp_id=000005 and time<'2018-08-13'
2018-09-04 16:59:31,500 - DataBase.py[line:56] - INFO: select * from record_201808 where emp_id=000005 and time like '2018-08-14%'
2018-09-04 16:59:31,501 - DataBase.py[line:56] - INFO: select * from record_201808 where emp_id=000005 and time<'2018-08-14'
2018-09-04 16:59:31,501 - DataBase.py[line:56] - INFO: select * from record_201808 where emp_id=000005 and time like '2018-08-15%'
2018-09-04 16:59:31,502 - DataBase.py[line:56] - INFO: select * from record_201808 where emp_id=000005 and time<'2018-08-15'
2018-09-04 16:59:31,502 - DataBase.py[line:56] - INFO: select * from record_201808 where emp_id=000005 and time like '2018-08-16%'
2018-09-04 16:59:31,503 - DataBase.py[line:56] - INFO: select * from record_201808 where emp_id=000005 and time<'2018-08-16'
2018-09-04 16:59:31,503 - DataBase.py[line:56] - INFO: select * from record_201808 where emp_id=000005 and time like '2018-08-17%'
2018-09-04 16:59:31,504 - DataBase.py[line:56] - INFO: select * from record_201808 where emp_id=000005 and time<'2018-08-17'
2018-09-04 16:59:31,504 - DataBase.py[line:56] - INFO: select * from record_201808 where emp_id=000005 and time like '2018-08-18%'
2018-09-04 16:59:31,505 - DataBase.py[line:56] - INFO: select * from record_201808 where emp_id=000005 and time<'2018-08-18'
2018-09-04 16:59:31,505 - DataBase.py[line:56] - INFO: select * from record_201808 where emp_id=000005 and time like '2018-08-19%'
2018-09-04 16:59:31,506 - DataBase.py[line:56] - INFO: select * from record_201808 where emp_id=000005 and time<'2018-08-19'
2018-09-04 16:59:31,506 - DataBase.py[line:56] - INFO: select * from record_201808 where emp_id=000005 and time like '2018-08-20%'
2018-09-04 16:59:31,507 - DataBase.py[line:56] - INFO: select * from record_201808 where emp_id=000005 and time<'2018-08-20'
2018-09-04 16:59:31,507 - DataBase.py[line:56] - INFO: select * from record_201808 where emp_id=000005 and time like '2018-08-21%'
2018-09-04 16:59:31,508 - DataBase.py[line:56] - INFO: select * from record_201808 where emp_id=000005 and time<'2018-08-21'
2018-09-04 16:59:31,509 - DataBase.py[line:56] - INFO: select * from record_201808 where emp_id=000005 and time like '2018-08-22%'
2018-09-04 16:59:31,509 - DataBase.py[line:56] - INFO: select * from record_201808 where emp_id=000005 and time<'2018-08-22'
2018-09-04 16:59:31,510 - DataBase.py[line:56] - INFO: select * from record_201808 where emp_id=000005 and time like '2018-08-23%'
2018-09-04 16:59:31,510 - DataBase.py[line:56] - INFO: select * from record_201808 where emp_id=000005 and time<'2018-08-23'
2018-09-04 16:59:31,511 - DataBase.py[line:56] - INFO: select * from record_201808 where emp_id=000005 and time like '2018-08-24%'
2018-09-04 16:59:31,511 - DataBase.py[line:56] - INFO: select * from record_201808 where emp_id=000005 and time<'2018-08-24'
2018-09-04 16:59:31,512 - DataBase.py[line:56] - INFO: select * from record_201808 where emp_id=000005 and time like '2018-08-25%'
2018-09-04 16:59:31,513 - DataBase.py[line:56] - INFO: select * from record_201808 where emp_id=000005 and time<'2018-08-25'
2018-09-04 16:59:31,513 - DataBase.py[line:56] - INFO: select * from record_201808 where emp_id=000005 and time like '2018-08-26%'
2018-09-04 16:59:31,514 - DataBase.py[line:56] - INFO: select * from record_201808 where emp_id=000005 and time<'2018-08-26'
2018-09-04 16:59:31,514 - DataBase.py[line:56] - INFO: select * from record_201808 where emp_id=000005 and time like '2018-08-27%'
2018-09-04 16:59:31,515 - DataBase.py[line:56] - INFO: select * from record_201808 where emp_id=000005 and time<'2018-08-27'
2018-09-04 16:59:31,515 - DataBase.py[line:56] - INFO: select * from record_201808 where emp_id=000005 and time like '2018-08-28%'
2018-09-04 16:59:31,516 - DataBase.py[line:56] - INFO: select * from record_201808 where emp_id=000005 and time<'2018-08-28'
2018-09-04 16:59:31,516 - DataBase.py[line:56] - INFO: select * from record_201808 where emp_id=000005 and time like '2018-08-29%'
2018-09-04 16:59:31,517 - DataBase.py[line:56] - INFO: select * from record_201808 where emp_id=000005 and time<'2018-08-29'
2018-09-04 16:59:31,517 - DataBase.py[line:56] - INFO: select * from record_201808 where emp_id=000005 and time like '2018-08-30%'
2018-09-04 16:59:31,518 - DataBase.py[line:56] - INFO: select * from record_201808 where emp_id=000005 and time<'2018-08-30'
2018-09-04 16:59:31,518 - DataBase.py[line:56] - INFO: select * from record_201808 where emp_id=000005 and time like '2018-08-31%'
2018-09-04 16:59:31,519 - DataBase.py[line:56] - INFO: select * from record_201808 where emp_id=000005 and time<'2018-08-31'
2018-09-04 16:59:31,520 - DataBase.py[line:56] - INFO: select * from record_201808 where emp_id=000006 and time like '2018-08-01%'
2018-09-04 16:59:31,520 - DataBase.py[line:56] - INFO: select * from record_201808 where emp_id=000006 and time<'2018-08-01'
2018-09-04 16:59:31,521 - DataBase.py[line:56] - INFO: select * from record_201808 where emp_id=000006 and time like '2018-08-02%'
2018-09-04 16:59:31,521 - DataBase.py[line:56] - INFO: select * from record_201808 where emp_id=000006 and time<'2018-08-02'
2018-09-04 16:59:31,522 - DataBase.py[line:56] - INFO: select * from record_201808 where emp_id=000006 and time like '2018-08-03%'
2018-09-04 16:59:31,522 - DataBase.py[line:56] - INFO: select * from record_201808 where emp_id=000006 and time<'2018-08-03'
2018-09-04 16:59:31,523 - DataBase.py[line:56] - INFO: select * from record_201808 where emp_id=000006 and time like '2018-08-04%'
2018-09-04 16:59:31,523 - DataBase.py[line:56] - INFO: select * from record_201808 where emp_id=000006 and time<'2018-08-04'
2018-09-04 16:59:31,524 - DataBase.py[line:56] - INFO: select * from record_201808 where emp_id=000006 and time like '2018-08-05%'
2018-09-04 16:59:31,524 - DataBase.py[line:56] - INFO: select * from record_201808 where emp_id=000006 and time<'2018-08-05'
2018-09-04 16:59:31,525 - DataBase.py[line:56] - INFO: select * from record_201808 where emp_id=000006 and time like '2018-08-06%'
2018-09-04 16:59:31,525 - DataBase.py[line:56] - INFO: select * from record_201808 where emp_id=000006 and time<'2018-08-06'
2018-09-04 16:59:31,526 - DataBase.py[line:56] - INFO: select * from record_201808 where emp_id=000006 and time like '2018-08-07%'
2018-09-04 16:59:31,526 - DataBase.py[line:56] - INFO: select * from record_201808 where emp_id=000006 and time<'2018-08-07'
2018-09-04 16:59:31,527 - DataBase.py[line:56] - INFO: select * from record_201808 where emp_id=000006 and time like '2018-08-08%'
2018-09-04 16:59:31,527 - DataBase.py[line:56] - INFO: select * from record_201808 where emp_id=000006 and time<'2018-08-08'
2018-09-04 16:59:31,528 - DataBase.py[line:56] - INFO: select * from record_201808 where emp_id=000006 and time like '2018-08-09%'
2018-09-04 16:59:31,529 - DataBase.py[line:56] - INFO: select * from record_201808 where emp_id=000006 and time<'2018-08-09'
2018-09-04 16:59:31,529 - DataBase.py[line:56] - INFO: select * from record_201808 where emp_id=000006 and time like '2018-08-10%'
2018-09-04 16:59:31,530 - DataBase.py[line:56] - INFO: select * from record_201808 where emp_id=000006 and time<'2018-08-10'
2018-09-04 16:59:31,531 - DataBase.py[line:56] - INFO: select * from record_201808 where emp_id=000006 and time like '2018-08-11%'
2018-09-04 16:59:31,531 - DataBase.py[line:56] - INFO: select * from record_201808 where emp_id=000006 and time<'2018-08-11'
2018-09-04 16:59:31,532 - DataBase.py[line:56] - INFO: select * from record_201808 where emp_id=000006 and time like '2018-08-12%'
2018-09-04 16:59:31,532 - DataBase.py[line:56] - INFO: select * from record_201808 where emp_id=000006 and time<'2018-08-12'
2018-09-04 16:59:31,533 - DataBase.py[line:56] - INFO: select * from record_201808 where emp_id=000006 and time like '2018-08-13%'
2018-09-04 16:59:31,533 - DataBase.py[line:56] - INFO: select * from record_201808 where emp_id=000006 and time<'2018-08-13'
2018-09-04 16:59:31,534 - DataBase.py[line:56] - INFO: select * from record_201808 where emp_id=000006 and time like '2018-08-14%'
2018-09-04 16:59:31,534 - DataBase.py[line:56] - INFO: select * from record_201808 where emp_id=000006 and time<'2018-08-14'
2018-09-04 16:59:31,535 - DataBase.py[line:56] - INFO: select * from record_201808 where emp_id=000006 and time like '2018-08-15%'
2018-09-04 16:59:31,535 - DataBase.py[line:56] - INFO: select * from record_201808 where emp_id=000006 and time<'2018-08-15'
2018-09-04 16:59:31,535 - DataBase.py[line:56] - INFO: select * from record_201808 where emp_id=000006 and time like '2018-08-16%'
2018-09-04 16:59:31,536 - DataBase.py[line:56] - INFO: select * from record_201808 where emp_id=000006 and time<'2018-08-16'
2018-09-04 16:59:31,536 - DataBase.py[line:56] - INFO: select * from record_201808 where emp_id=000006 and time like '2018-08-17%'
2018-09-04 16:59:31,537 - DataBase.py[line:56] - INFO: select * from record_201808 where emp_id=000006 and time<'2018-08-17'
2018-09-04 16:59:31,538 - DataBase.py[line:56] - INFO: select * from record_201808 where emp_id=000006 and time like '2018-08-18%'
2018-09-04 16:59:31,538 - DataBase.py[line:56] - INFO: select * from record_201808 where emp_id=000006 and time<'2018-08-18'
2018-09-04 16:59:31,539 - DataBase.py[line:56] - INFO: select * from record_201808 where emp_id=000006 and time like '2018-08-19%'
2018-09-04 16:59:31,539 - DataBase.py[line:56] - INFO: select * from record_201808 where emp_id=000006 and time<'2018-08-19'
2018-09-04 16:59:31,540 - DataBase.py[line:56] - INFO: select * from record_201808 where emp_id=000006 and time like '2018-08-20%'
2018-09-04 16:59:31,540 - DataBase.py[line:56] - INFO: select * from record_201808 where emp_id=000006 and time<'2018-08-20'
2018-09-04 16:59:31,541 - DataBase.py[line:56] - INFO: select * from record_201808 where emp_id=000006 and time like '2018-08-21%'
2018-09-04 16:59:31,541 - DataBase.py[line:56] - INFO: select * from record_201808 where emp_id=000006 and time<'2018-08-21'
2018-09-04 16:59:31,542 - DataBase.py[line:56] - INFO: select * from record_201808 where emp_id=000006 and time like '2018-08-22%'
2018-09-04 16:59:31,542 - DataBase.py[line:56] - INFO: select * from record_201808 where emp_id=000006 and time<'2018-08-22'
2018-09-04 16:59:31,543 - DataBase.py[line:56] - INFO: select * from record_201808 where emp_id=000006 and time like '2018-08-23%'
2018-09-04 16:59:31,543 - DataBase.py[line:56] - INFO: select * from record_201808 where emp_id=000006 and time<'2018-08-23'
2018-09-04 16:59:31,544 - DataBase.py[line:56] - INFO: select * from record_201808 where emp_id=000006 and time like '2018-08-24%'
2018-09-04 16:59:31,545 - DataBase.py[line:56] - INFO: select * from record_201808 where emp_id=000006 and time<'2018-08-24'
2018-09-04 16:59:31,545 - DataBase.py[line:56] - INFO: select * from record_201808 where emp_id=000006 and time like '2018-08-25%'
2018-09-04 16:59:31,546 - DataBase.py[line:56] - INFO: select * from record_201808 where emp_id=000006 and time<'2018-08-25'
2018-09-04 16:59:31,546 - DataBase.py[line:56] - INFO: select * from record_201808 where emp_id=000006 and time like '2018-08-26%'
2018-09-04 16:59:31,547 - DataBase.py[line:56] - INFO: select * from record_201808 where emp_id=000006 and time<'2018-08-26'
2018-09-04 16:59:31,547 - DataBase.py[line:56] - INFO: select * from record_201808 where emp_id=000006 and time like '2018-08-27%'
2018-09-04 16:59:31,548 - DataBase.py[line:56] - INFO: select * from record_201808 where emp_id=000006 and time<'2018-08-27'
2018-09-04 16:59:31,548 - DataBase.py[line:56] - INFO: select * from record_201808 where emp_id=000006 and time like '2018-08-28%'
2018-09-04 16:59:31,549 - DataBase.py[line:56] - INFO: select * from record_201808 where emp_id=000006 and time<'2018-08-28'
2018-09-04 16:59:31,550 - DataBase.py[line:56] - INFO: select * from record_201808 where emp_id=000006 and time like '2018-08-29%'
2018-09-04 16:59:31,550 - DataBase.py[line:56] - INFO: select * from record_201808 where emp_id=000006 and time<'2018-08-29'
2018-09-04 16:59:31,550 - DataBase.py[line:56] - INFO: select * from record_201808 where emp_id=000006 and time like '2018-08-30%'
2018-09-04 16:59:31,551 - DataBase.py[line:56] - INFO: select * from record_201808 where emp_id=000006 and time<'2018-08-30'
2018-09-04 16:59:31,552 - DataBase.py[line:56] - INFO: select * from record_201808 where emp_id=000006 and time like '2018-08-31%'
2018-09-04 16:59:31,552 - DataBase.py[line:56] - INFO: select * from record_201808 where emp_id=000006 and time<'2018-08-31'
2018-09-04 16:59:31,553 - DataBase.py[line:56] - INFO: select * from record_201808 where emp_id=000007 and time like '2018-08-01%'
2018-09-04 16:59:31,553 - DataBase.py[line:56] - INFO: select * from record_201808 where emp_id=000007 and time<'2018-08-01'
2018-09-04 16:59:31,554 - DataBase.py[line:56] - INFO: select * from record_201808 where emp_id=000007 and time like '2018-08-02%'
2018-09-04 16:59:31,554 - DataBase.py[line:56] - INFO: select * from record_201808 where emp_id=000007 and time<'2018-08-02'
2018-09-04 16:59:31,555 - DataBase.py[line:56] - INFO: select * from record_201808 where emp_id=000007 and time like '2018-08-03%'
2018-09-04 16:59:31,555 - DataBase.py[line:56] - INFO: select * from record_201808 where emp_id=000007 and time<'2018-08-03'
2018-09-04 16:59:31,556 - DataBase.py[line:56] - INFO: select * from record_201808 where emp_id=000007 and time like '2018-08-04%'
2018-09-04 16:59:31,556 - DataBase.py[line:56] - INFO: select * from record_201808 where emp_id=000007 and time<'2018-08-04'
2018-09-04 16:59:31,557 - DataBase.py[line:56] - INFO: select * from record_201808 where emp_id=000007 and time like '2018-08-05%'
2018-09-04 16:59:31,557 - DataBase.py[line:56] - INFO: select * from record_201808 where emp_id=000007 and time<'2018-08-05'
2018-09-04 16:59:31,558 - DataBase.py[line:56] - INFO: select * from record_201808 where emp_id=000007 and time like '2018-08-06%'
2018-09-04 16:59:31,558 - DataBase.py[line:56] - INFO: select * from record_201808 where emp_id=000007 and time<'2018-08-06'
2018-09-04 16:59:31,559 - DataBase.py[line:56] - INFO: select * from record_201808 where emp_id=000007 and time like '2018-08-07%'
2018-09-04 16:59:31,559 - DataBase.py[line:56] - INFO: select * from record_201808 where emp_id=000007 and time<'2018-08-07'
2018-09-04 16:59:31,560 - DataBase.py[line:56] - INFO: select * from record_201808 where emp_id=000007 and time like '2018-08-08%'
2018-09-04 16:59:31,560 - DataBase.py[line:56] - INFO: select * from record_201808 where emp_id=000007 and time<'2018-08-08'
2018-09-04 16:59:31,561 - DataBase.py[line:56] - INFO: select * from record_201808 where emp_id=000007 and time like '2018-08-09%'
2018-09-04 16:59:31,561 - DataBase.py[line:56] - INFO: select * from record_201808 where emp_id=000007 and time<'2018-08-09'
2018-09-04 16:59:31,562 - DataBase.py[line:56] - INFO: select * from record_201808 where emp_id=000007 and time like '2018-08-10%'
2018-09-04 16:59:31,562 - DataBase.py[line:56] - INFO: select * from record_201808 where emp_id=000007 and time<'2018-08-10'
2018-09-04 16:59:31,563 - DataBase.py[line:56] - INFO: select * from record_201808 where emp_id=000007 and time like '2018-08-11%'
2018-09-04 16:59:31,563 - DataBase.py[line:56] - INFO: select * from record_201808 where emp_id=000007 and time<'2018-08-11'
2018-09-04 16:59:31,564 - DataBase.py[line:56] - INFO: select * from record_201808 where emp_id=000007 and time like '2018-08-12%'
2018-09-04 16:59:31,564 - DataBase.py[line:56] - INFO: select * from record_201808 where emp_id=000007 and time<'2018-08-12'
2018-09-04 16:59:31,565 - DataBase.py[line:56] - INFO: select * from record_201808 where emp_id=000007 and time like '2018-08-13%'
2018-09-04 16:59:31,566 - DataBase.py[line:56] - INFO: select * from record_201808 where emp_id=000007 and time<'2018-08-13'
2018-09-04 16:59:31,566 - DataBase.py[line:56] - INFO: select * from record_201808 where emp_id=000007 and time like '2018-08-14%'
2018-09-04 16:59:31,567 - DataBase.py[line:56] - INFO: select * from record_201808 where emp_id=000007 and time<'2018-08-14'
2018-09-04 16:59:31,568 - DataBase.py[line:56] - INFO: select * from record_201808 where emp_id=000007 and time like '2018-08-15%'
2018-09-04 16:59:31,569 - DataBase.py[line:56] - INFO: select * from record_201808 where emp_id=000007 and time<'2018-08-15'
2018-09-04 16:59:31,570 - DataBase.py[line:56] - INFO: select * from record_201808 where emp_id=000007 and time like '2018-08-16%'
2018-09-04 16:59:31,570 - DataBase.py[line:56] - INFO: select * from record_201808 where emp_id=000007 and time<'2018-08-16'
2018-09-04 16:59:31,571 - DataBase.py[line:56] - INFO: select * from record_201808 where emp_id=000007 and time like '2018-08-17%'
2018-09-04 16:59:31,572 - DataBase.py[line:56] - INFO: select * from record_201808 where emp_id=000007 and time<'2018-08-17'
2018-09-04 16:59:31,572 - DataBase.py[line:56] - INFO: select * from record_201808 where emp_id=000007 and time like '2018-08-18%'
2018-09-04 16:59:31,573 - DataBase.py[line:56] - INFO: select * from record_201808 where emp_id=000007 and time<'2018-08-18'
2018-09-04 16:59:31,574 - DataBase.py[line:56] - INFO: select * from record_201808 where emp_id=000007 and time like '2018-08-19%'
2018-09-04 16:59:31,574 - DataBase.py[line:56] - INFO: select * from record_201808 where emp_id=000007 and time<'2018-08-19'
2018-09-04 16:59:31,575 - DataBase.py[line:56] - INFO: select * from record_201808 where emp_id=000007 and time like '2018-08-20%'
2018-09-04 16:59:31,575 - DataBase.py[line:56] - INFO: select * from record_201808 where emp_id=000007 and time<'2018-08-20'
2018-09-04 16:59:31,575 - DataBase.py[line:56] - INFO: select * from record_201808 where emp_id=000007 and time like '2018-08-21%'
2018-09-04 16:59:31,576 - DataBase.py[line:56] - INFO: select * from record_201808 where emp_id=000007 and time<'2018-08-21'
2018-09-04 16:59:31,576 - DataBase.py[line:56] - INFO: select * from record_201808 where emp_id=000007 and time like '2018-08-22%'
2018-09-04 16:59:31,577 - DataBase.py[line:56] - INFO: select * from record_201808 where emp_id=000007 and time<'2018-08-22'
2018-09-04 16:59:31,577 - DataBase.py[line:56] - INFO: select * from record_201808 where emp_id=000007 and time like '2018-08-23%'
2018-09-04 16:59:31,578 - DataBase.py[line:56] - INFO: select * from record_201808 where emp_id=000007 and time<'2018-08-23'
2018-09-04 16:59:31,579 - DataBase.py[line:56] - INFO: select * from record_201808 where emp_id=000007 and time like '2018-08-24%'
2018-09-04 16:59:31,580 - DataBase.py[line:56] - INFO: select * from record_201808 where emp_id=000007 and time<'2018-08-24'
2018-09-04 16:59:31,581 - DataBase.py[line:56] - INFO: select * from record_201808 where emp_id=000007 and time like '2018-08-25%'
2018-09-04 16:59:31,582 - DataBase.py[line:56] - INFO: select * from record_201808 where emp_id=000007 and time<'2018-08-25'
2018-09-04 16:59:31,583 - DataBase.py[line:56] - INFO: select * from record_201808 where emp_id=000007 and time like '2018-08-26%'
2018-09-04 16:59:31,583 - DataBase.py[line:56] - INFO: select * from record_201808 where emp_id=000007 and time<'2018-08-26'
2018-09-04 16:59:31,584 - DataBase.py[line:56] - INFO: select * from record_201808 where emp_id=000007 and time like '2018-08-27%'
2018-09-04 16:59:31,585 - DataBase.py[line:56] - INFO: select * from record_201808 where emp_id=000007 and time<'2018-08-27'
2018-09-04 16:59:31,586 - DataBase.py[line:56] - INFO: select * from record_201808 where emp_id=000007 and time like '2018-08-28%'
2018-09-04 16:59:31,586 - DataBase.py[line:56] - INFO: select * from record_201808 where emp_id=000007 and time<'2018-08-28'
2018-09-04 16:59:31,587 - DataBase.py[line:56] - INFO: select * from record_201808 where emp_id=000007 and time like '2018-08-29%'
2018-09-04 16:59:31,588 - DataBase.py[line:56] - INFO: select * from record_201808 where emp_id=000007 and time<'2018-08-29'
2018-09-04 16:59:31,588 - DataBase.py[line:56] - INFO: select * from record_201808 where emp_id=000007 and time like '2018-08-30%'
2018-09-04 16:59:31,589 - DataBase.py[line:56] - INFO: select * from record_201808 where emp_id=000007 and time<'2018-08-30'
2018-09-04 16:59:31,590 - DataBase.py[line:56] - INFO: select * from record_201808 where emp_id=000007 and time like '2018-08-31%'
2018-09-04 16:59:31,591 - DataBase.py[line:56] - INFO: select * from record_201808 where emp_id=000007 and time<'2018-08-31'
