2018-09-04 09:18:41,763 - DataBase.py[line:23] - INFO: database class is creating...
2018-09-04 09:18:41,784 - DataBase.py[line:51] - INFO: database is connecting...
2018-09-04 09:18:43,870 - DataBase.py[line:56] - INFO: select * from empinfo where Emp_id=000002
2018-09-04 09:18:43,871 - DataBase.py[line:56] - INFO: select password from empinfo where Emp_id=000002
2018-09-04 09:18:43,872 - DataBase.py[line:56] - INFO: select * from empinfo where Emp_id=000002
2018-09-04 09:18:43,873 - DataBase.py[line:56] - INFO: select * from record_201808 where emp_id=111111
2018-09-04 09:18:43,873 - DataBase.py[line:56] - INFO: select * from record_201808 where emp_id=111111 and time like '2018-08-1%'
2018-09-04 09:18:43,876 - DataBase.py[line:56] - INFO: select * from record_201808 where emp_id=111111
2018-09-04 09:18:43,876 - DataBase.py[line:56] - INFO: select * from record_201808 where emp_id=111111 and time like '2018-08-01%'
2018-09-04 09:18:43,876 - DataBase.py[line:56] - INFO: select * from record_201808 where emp_id=111111
2018-09-04 09:18:43,877 - DataBase.py[line:56] - INFO: select * from record_201808 where emp_id=111111 and time like '2018-08-2%'
2018-09-04 09:18:43,877 - DataBase.py[line:56] - INFO: select * from record_201808 where emp_id=111111
2018-09-04 09:18:43,878 - DataBase.py[line:56] - INFO: select * from record_201808 where emp_id=111111 and time like '2018-08-02%'
2018-09-04 09:18:43,878 - DataBase.py[line:56] - INFO: select * from record_201808 where emp_id=111111
2018-09-04 09:18:43,879 - DataBase.py[line:56] - INFO: select * from record_201808 where emp_id=111111 and time like '2018-08-3%'
2018-09-04 09:18:43,879 - DataBase.py[line:56] - INFO: select * from record_201808 where emp_id=111111
2018-09-04 09:18:43,879 - DataBase.py[line:56] - INFO: select * from record_201808 where emp_id=111111 and time like '2018-08-03%'
2018-09-04 09:18:43,880 - DataBase.py[line:56] - INFO: select * from record_201808 where emp_id=111111
2018-09-04 09:18:43,880 - DataBase.py[line:56] - INFO: select * from record_201808 where emp_id=111111 and time like '2018-08-4%'
2018-09-04 09:18:43,881 - DataBase.py[line:56] - INFO: select * from record_201808 where emp_id=111111
2018-09-04 09:18:43,881 - DataBase.py[line:56] - INFO: select * from record_201808 where emp_id=111111 and time like '2018-08-04%'
2018-09-04 09:18:43,882 - DataBase.py[line:56] - INFO: select * from record_201808 where emp_id=111111
2018-09-04 09:18:43,882 - DataBase.py[line:56] - INFO: select * from record_201808 where emp_id=111111 and time like '2018-08-5%'
2018-09-04 09:18:43,883 - DataBase.py[line:56] - INFO: select * from record_201808 where emp_id=111111
2018-09-04 09:18:43,884 - DataBase.py[line:56] - INFO: select * from record_201808 where emp_id=111111 and time like '2018-08-05%'
2018-09-04 09:18:43,884 - DataBase.py[line:56] - INFO: select * from record_201808 where emp_id=111111
2018-09-04 09:18:43,885 - DataBase.py[line:56] - INFO: select * from record_201808 where emp_id=111111 and time like '2018-08-6%'
2018-09-04 09:18:43,885 - DataBase.py[line:56] - INFO: select * from record_201808 where emp_id=111111
2018-09-04 09:18:43,885 - DataBase.py[line:56] - INFO: select * from record_201808 where emp_id=111111 and time like '2018-08-06%'
2018-09-04 09:18:43,886 - DataBase.py[line:56] - INFO: select * from record_201808 where emp_id=111111
2018-09-04 09:18:43,886 - DataBase.py[line:56] - INFO: select * from record_201808 where emp_id=111111 and time like '2018-08-7%'
2018-09-04 09:18:43,887 - DataBase.py[line:56] - INFO: select * from record_201808 where emp_id=111111
2018-09-04 09:18:43,887 - DataBase.py[line:56] - INFO: select * from record_201808 where emp_id=111111 and time like '2018-08-07%'
2018-09-04 09:18:43,888 - DataBase.py[line:56] - INFO: select * from record_201808 where emp_id=111111
2018-09-04 09:18:43,888 - DataBase.py[line:56] - INFO: select * from record_201808 where emp_id=111111 and time like '2018-08-8%'
2018-09-04 09:18:43,889 - DataBase.py[line:56] - INFO: select * from record_201808 where emp_id=111111
2018-09-04 09:18:43,890 - DataBase.py[line:56] - INFO: select * from record_201808 where emp_id=111111 and time like '2018-08-08%'
2018-09-04 09:18:43,890 - DataBase.py[line:56] - INFO: select * from record_201808 where emp_id=111111
2018-09-04 09:18:43,891 - DataBase.py[line:56] - INFO: select * from record_201808 where emp_id=111111 and time like '2018-08-9%'
2018-09-04 09:18:43,891 - DataBase.py[line:56] - INFO: select * from record_201808 where emp_id=111111
2018-09-04 09:18:43,892 - DataBase.py[line:56] - INFO: select * from record_201808 where emp_id=111111 and time like '2018-08-09%'
2018-09-04 09:18:43,892 - DataBase.py[line:56] - INFO: select * from record_201808 where emp_id=111111
2018-09-04 09:18:43,893 - DataBase.py[line:56] - INFO: select * from record_201808 where emp_id=111111 and time like '2018-08-10%'
2018-09-04 09:18:43,893 - DataBase.py[line:56] - INFO: select * from record_201808 where emp_id=111111
2018-09-04 09:18:43,894 - DataBase.py[line:56] - INFO: select * from record_201808 where emp_id=111111 and time like '2018-08-10%'
2018-09-04 09:18:43,894 - DataBase.py[line:56] - INFO: select * from record_201808 where emp_id=111111
2018-09-04 09:18:43,895 - DataBase.py[line:56] - INFO: select * from record_201808 where emp_id=111111 and time like '2018-08-11%'
2018-09-04 09:18:43,895 - DataBase.py[line:56] - INFO: select * from record_201808 where emp_id=111111
2018-09-04 09:18:43,896 - DataBase.py[line:56] - INFO: select * from record_201808 where emp_id=111111 and time like '2018-08-11%'
2018-09-04 09:18:43,896 - DataBase.py[line:56] - INFO: select * from record_201808 where emp_id=111111
2018-09-04 09:18:43,897 - DataBase.py[line:56] - INFO: select * from record_201808 where emp_id=111111 and time like '2018-08-12%'
2018-09-04 09:18:43,897 - DataBase.py[line:56] - INFO: select * from record_201808 where emp_id=111111
2018-09-04 09:18:43,898 - DataBase.py[line:56] - INFO: select * from record_201808 where emp_id=111111 and time like '2018-08-12%'
2018-09-04 09:18:43,898 - DataBase.py[line:56] - INFO: select * from record_201808 where emp_id=111111
2018-09-04 09:18:43,899 - DataBase.py[line:56] - INFO: select * from record_201808 where emp_id=111111 and time like '2018-08-13%'
2018-09-04 09:18:43,899 - DataBase.py[line:56] - INFO: select * from record_201808 where emp_id=111111
2018-09-04 09:18:43,900 - DataBase.py[line:56] - INFO: select * from record_201808 where emp_id=111111 and time like '2018-08-13%'
2018-09-04 09:18:43,900 - DataBase.py[line:56] - INFO: select * from record_201808 where emp_id=111111
2018-09-04 09:18:43,901 - DataBase.py[line:56] - INFO: select * from record_201808 where emp_id=111111 and time like '2018-08-14%'
2018-09-04 09:18:43,901 - DataBase.py[line:56] - INFO: select * from record_201808 where emp_id=111111
2018-09-04 09:18:43,902 - DataBase.py[line:56] - INFO: select * from record_201808 where emp_id=111111 and time like '2018-08-14%'
2018-09-04 09:18:43,902 - DataBase.py[line:56] - INFO: select * from record_201808 where emp_id=111111
2018-09-04 09:18:43,903 - DataBase.py[line:56] - INFO: select * from record_201808 where emp_id=111111 and time like '2018-08-15%'
2018-09-04 09:18:43,903 - DataBase.py[line:56] - INFO: select * from record_201808 where emp_id=111111
2018-09-04 09:18:43,904 - DataBase.py[line:56] - INFO: select * from record_201808 where emp_id=111111 and time like '2018-08-15%'
2018-09-04 09:18:43,905 - DataBase.py[line:56] - INFO: select * from record_201808 where emp_id=111111
2018-09-04 09:18:43,905 - DataBase.py[line:56] - INFO: select * from record_201808 where emp_id=111111 and time like '2018-08-16%'
2018-09-04 09:18:43,906 - DataBase.py[line:56] - INFO: select * from record_201808 where emp_id=111111
2018-09-04 09:18:43,906 - DataBase.py[line:56] - INFO: select * from record_201808 where emp_id=111111 and time like '2018-08-16%'
2018-09-04 09:18:43,907 - DataBase.py[line:56] - INFO: select * from record_201808 where emp_id=111111
2018-09-04 09:18:43,907 - DataBase.py[line:56] - INFO: select * from record_201808 where emp_id=111111 and time like '2018-08-17%'
2018-09-04 09:18:43,908 - DataBase.py[line:56] - INFO: select * from record_201808 where emp_id=111111
2018-09-04 09:18:43,908 - DataBase.py[line:56] - INFO: select * from record_201808 where emp_id=111111 and time like '2018-08-17%'
2018-09-04 09:18:43,909 - DataBase.py[line:56] - INFO: select * from record_201808 where emp_id=111111
2018-09-04 09:18:43,909 - DataBase.py[line:56] - INFO: select * from record_201808 where emp_id=111111 and time like '2018-08-18%'
2018-09-04 09:18:43,910 - DataBase.py[line:56] - INFO: select * from record_201808 where emp_id=111111
2018-09-04 09:18:43,910 - DataBase.py[line:56] - INFO: select * from record_201808 where emp_id=111111 and time like '2018-08-18%'
2018-09-04 09:18:43,910 - DataBase.py[line:56] - INFO: select * from record_201808 where emp_id=111111
2018-09-04 09:18:43,911 - DataBase.py[line:56] - INFO: select * from record_201808 where emp_id=111111 and time like '2018-08-19%'
2018-09-04 09:18:43,911 - DataBase.py[line:56] - INFO: select * from record_201808 where emp_id=111111
2018-09-04 09:18:43,912 - DataBase.py[line:56] - INFO: select * from record_201808 where emp_id=111111 and time like '2018-08-19%'
2018-09-04 09:18:43,912 - DataBase.py[line:56] - INFO: select * from record_201808 where emp_id=111111
2018-09-04 09:18:43,913 - DataBase.py[line:56] - INFO: select * from record_201808 where emp_id=111111 and time like '2018-08-20%'
2018-09-04 09:18:43,913 - DataBase.py[line:56] - INFO: select * from record_201808 where emp_id=111111
2018-09-04 09:18:43,914 - DataBase.py[line:56] - INFO: select * from record_201808 where emp_id=111111 and time like '2018-08-20%'
2018-09-04 09:18:43,914 - DataBase.py[line:56] - INFO: select * from record_201808 where emp_id=111111
2018-09-04 09:18:43,915 - DataBase.py[line:56] - INFO: select * from record_201808 where emp_id=111111 and time like '2018-08-21%'
2018-09-04 09:18:43,915 - DataBase.py[line:56] - INFO: select * from record_201808 where emp_id=111111
2018-09-04 09:18:43,916 - DataBase.py[line:56] - INFO: select * from record_201808 where emp_id=111111 and time like '2018-08-21%'
2018-09-04 09:18:43,916 - DataBase.py[line:56] - INFO: select * from record_201808 where emp_id=111111
2018-09-04 09:18:43,916 - DataBase.py[line:56] - INFO: select * from record_201808 where emp_id=111111 and time like '2018-08-22%'
2018-09-04 09:18:43,917 - DataBase.py[line:56] - INFO: select * from record_201808 where emp_id=111111
2018-09-04 09:18:43,917 - DataBase.py[line:56] - INFO: select * from record_201808 where emp_id=111111 and time like '2018-08-22%'
2018-09-04 09:18:43,918 - DataBase.py[line:56] - INFO: select * from record_201808 where emp_id=111111
2018-09-04 09:18:43,918 - DataBase.py[line:56] - INFO: select * from record_201808 where emp_id=111111 and time like '2018-08-23%'
2018-09-04 09:18:43,919 - DataBase.py[line:56] - INFO: select * from record_201808 where emp_id=111111
2018-09-04 09:18:43,919 - DataBase.py[line:56] - INFO: select * from record_201808 where emp_id=111111 and time like '2018-08-23%'
2018-09-04 09:18:43,919 - DataBase.py[line:56] - INFO: select * from record_201808 where emp_id=111111
2018-09-04 09:18:43,920 - DataBase.py[line:56] - INFO: select * from record_201808 where emp_id=111111 and time like '2018-08-24%'
2018-09-04 09:18:43,920 - DataBase.py[line:56] - INFO: select * from record_201808 where emp_id=111111
2018-09-04 09:18:43,921 - DataBase.py[line:56] - INFO: select * from record_201808 where emp_id=111111 and time like '2018-08-24%'
2018-09-04 09:18:43,922 - DataBase.py[line:56] - INFO: select * from record_201808 where emp_id=111111
2018-09-04 09:18:43,922 - DataBase.py[line:56] - INFO: select * from record_201808 where emp_id=111111 and time like '2018-08-25%'
2018-09-04 09:18:43,923 - DataBase.py[line:56] - INFO: select * from record_201808 where emp_id=111111
2018-09-04 09:18:43,924 - DataBase.py[line:56] - INFO: select * from record_201808 where emp_id=111111 and time like '2018-08-25%'
2018-09-04 09:18:43,924 - DataBase.py[line:56] - INFO: select * from record_201808 where emp_id=111111
2018-09-04 09:18:43,925 - DataBase.py[line:56] - INFO: select * from record_201808 where emp_id=111111 and time like '2018-08-26%'
2018-09-04 09:18:43,926 - DataBase.py[line:56] - INFO: select * from record_201808 where emp_id=111111
2018-09-04 09:18:43,926 - DataBase.py[line:56] - INFO: select * from record_201808 where emp_id=111111 and time like '2018-08-26%'
2018-09-04 09:18:43,927 - DataBase.py[line:56] - INFO: select * from record_201808 where emp_id=111111
2018-09-04 09:18:43,927 - DataBase.py[line:56] - INFO: select * from record_201808 where emp_id=111111 and time like '2018-08-27%'
2018-09-04 09:18:43,928 - DataBase.py[line:56] - INFO: select * from record_201808 where emp_id=111111
2018-09-04 09:18:43,929 - DataBase.py[line:56] - INFO: select * from record_201808 where emp_id=111111 and time like '2018-08-27%'
2018-09-04 09:18:43,929 - DataBase.py[line:56] - INFO: select * from record_201808 where emp_id=111111
2018-09-04 09:18:43,930 - DataBase.py[line:56] - INFO: select * from record_201808 where emp_id=111111 and time like '2018-08-28%'
2018-09-04 09:18:43,930 - DataBase.py[line:56] - INFO: select * from record_201808 where emp_id=111111
2018-09-04 09:18:43,931 - DataBase.py[line:56] - INFO: select * from record_201808 where emp_id=111111 and time like '2018-08-28%'
2018-09-04 09:18:43,931 - DataBase.py[line:56] - INFO: select * from record_201808 where emp_id=111111 and time like '2018-08-29%'
2018-09-04 09:18:43,932 - DataBase.py[line:56] - INFO: select * from record_201808 where emp_id=111111
2018-09-04 09:18:43,933 - DataBase.py[line:56] - INFO: select * from record_201808 where emp_id=111111 and time like '2018-08-29%'
2018-09-04 09:18:43,933 - DataBase.py[line:56] - INFO: select * from record_201808 where emp_id=111111 and time like '2018-08-30%'
2018-09-04 09:18:43,934 - DataBase.py[line:56] - INFO: select * from record_201808 where emp_id=111111
2018-09-04 09:18:43,934 - DataBase.py[line:56] - INFO: select * from record_201808 where emp_id=111111 and time like '2018-08-30%'
2018-09-04 09:18:43,935 - DataBase.py[line:56] - INFO: select * from record_201808 where emp_id=111111
2018-09-04 09:18:43,935 - DataBase.py[line:56] - INFO: select * from record_201808 where emp_id=111111 and time like '2018-08-31%'
2018-09-04 09:18:43,936 - DataBase.py[line:56] - INFO: select * from record_201808 where emp_id=111111
2018-09-04 09:18:43,936 - DataBase.py[line:56] - INFO: select * from record_201808 where emp_id=111111 and time like '2018-08-31%'
2018-09-04 09:18:43,937 - DataBase.py[line:56] - INFO: select * from record_201808 where emp_id=111111
