2018-09-11 16:39:01,041 - DataBase.py[line:23] - INFO: database class is creating...
2018-09-11 16:39:01,275 - DataBase.py[line:51] - INFO: database is connecting...
2018-09-11 16:39:07,917 - DataBase.py[line:56] - INFO: select * from empinfo where Emp_id=000001
2018-09-11 16:39:07,953 - DataBase.py[line:56] - INFO: select password from empinfo where Emp_id=000001
2018-09-11 16:39:17,023 - DataBase.py[line:56] - INFO: SELECT table_name FROM information_schema.TABLES WHERE table_name ='record_201808'
2018-09-11 16:39:17,059 - DataBase.py[line:56] - INFO: select * from except_201808
2018-09-11 16:39:19,378 - DataBase.py[line:56] - INFO: SELECT table_name FROM information_schema.TABLES WHERE table_name ='record_201801'
2018-09-11 16:39:30,385 - DataBase.py[line:56] - INFO: select * from empinfo where Emp_name='name1'
2018-09-11 16:42:20,288 - DataBase.py[line:56] - INFO: select * from empinfo where Emp_id=000001
2018-09-11 16:42:20,323 - DataBase.py[line:56] - INFO: select password from empinfo where Emp_id=000001
2018-09-11 16:42:31,691 - DataBase.py[line:56] - INFO: select * from empinfo where Emp_name='name1'
2018-09-11 16:52:28,536 - DataBase.py[line:56] - INFO: select * from empinfo where Emp_id=000001
2018-09-11 16:52:28,600 - DataBase.py[line:56] - INFO: select password from empinfo where Emp_id=000001
2018-09-11 16:52:40,778 - DataBase.py[line:56] - INFO: select * from empinfo where Emp_name='name1'
2018-09-11 16:55:47,498 - DataBase.py[line:56] - INFO: select * from empinfo where Emp_id=000001
2018-09-11 16:55:47,533 - DataBase.py[line:56] - INFO: select password from empinfo where Emp_id=000001
2018-09-11 16:55:53,844 - DataBase.py[line:56] - INFO: select * from empinfo where Emp_name='name1'
2018-09-11 16:56:03,624 - DataBase.py[line:56] - INFO: select * from empinfo where Emp_name='name1'
2018-09-11 16:56:06,543 - DataBase.py[line:56] - INFO: select * from empinfo where Emp_name='name111111'
2018-09-11 16:56:10,847 - DataBase.py[line:56] - INFO: select * from empinfo where Emp_name='name1'
2018-09-11 16:58:29,829 - DataBase.py[line:56] - INFO: select * from empinfo where Emp_id=000001
2018-09-11 16:58:29,864 - DataBase.py[line:56] - INFO: select password from empinfo where Emp_id=000001
