2018-09-04 09:21:35,038 - DataBase.py[line:23] - INFO: database class is creating...
2018-09-04 09:21:35,059 - DataBase.py[line:51] - INFO: database is connecting...
2018-09-04 09:21:37,140 - DataBase.py[line:56] - INFO: select * from empinfo where Emp_id=000002
2018-09-04 09:21:37,141 - DataBase.py[line:56] - INFO: select password from empinfo where Emp_id=000002
2018-09-04 09:21:37,142 - DataBase.py[line:56] - INFO: select * from empinfo where Emp_id=000002
2018-09-04 09:21:37,142 - DataBase.py[line:56] - INFO: select * from record_201808 where emp_id=111111
2018-09-04 09:21:37,143 - DataBase.py[line:56] - INFO: select * from record_201808 where emp_id=111111 and time like '2018-08-1%'
2018-09-04 09:21:37,145 - DataBase.py[line:56] - INFO: select * from record_201808 where emp_id=111111
2018-09-04 09:21:37,145 - DataBase.py[line:56] - INFO: select * from record_201808 where emp_id=111111 and time like '2018-08-01%'
2018-09-04 09:21:37,146 - DataBase.py[line:56] - INFO: select * from record_201808 where emp_id=111111
2018-09-04 09:21:37,146 - DataBase.py[line:56] - INFO: select * from record_201808 where emp_id=111111 and time like '2018-08-2%'
2018-09-04 09:21:37,147 - DataBase.py[line:56] - INFO: select * from record_201808 where emp_id=111111
2018-09-04 09:21:37,147 - DataBase.py[line:56] - INFO: select * from record_201808 where emp_id=111111 and time like '2018-08-02%'
2018-09-04 09:21:37,148 - DataBase.py[line:56] - INFO: select * from record_201808 where emp_id=111111
2018-09-04 09:21:37,148 - DataBase.py[line:56] - INFO: select * from record_201808 where emp_id=111111 and time like '2018-08-3%'
2018-09-04 09:21:37,149 - DataBase.py[line:56] - INFO: select * from record_201808 where emp_id=111111
2018-09-04 09:21:37,149 - DataBase.py[line:56] - INFO: select * from record_201808 where emp_id=111111 and time like '2018-08-03%'
2018-09-04 09:21:37,150 - DataBase.py[line:56] - INFO: select * from record_201808 where emp_id=111111
2018-09-04 09:21:37,150 - DataBase.py[line:56] - INFO: select * from record_201808 where emp_id=111111 and time like '2018-08-4%'
2018-09-04 09:21:37,151 - DataBase.py[line:56] - INFO: select * from record_201808 where emp_id=111111
2018-09-04 09:21:37,151 - DataBase.py[line:56] - INFO: select * from record_201808 where emp_id=111111 and time like '2018-08-04%'
2018-09-04 09:21:37,152 - DataBase.py[line:56] - INFO: select * from record_201808 where emp_id=111111
2018-09-04 09:21:37,152 - DataBase.py[line:56] - INFO: select * from record_201808 where emp_id=111111 and time like '2018-08-5%'
2018-09-04 09:21:37,153 - DataBase.py[line:56] - INFO: select * from record_201808 where emp_id=111111
2018-09-04 09:21:37,153 - DataBase.py[line:56] - INFO: select * from record_201808 where emp_id=111111 and time like '2018-08-05%'
2018-09-04 09:21:37,154 - DataBase.py[line:56] - INFO: select * from record_201808 where emp_id=111111
2018-09-04 09:21:37,154 - DataBase.py[line:56] - INFO: select * from record_201808 where emp_id=111111 and time like '2018-08-6%'
2018-09-04 09:21:37,155 - DataBase.py[line:56] - INFO: select * from record_201808 where emp_id=111111
2018-09-04 09:21:37,156 - DataBase.py[line:56] - INFO: select * from record_201808 where emp_id=111111 and time like '2018-08-06%'
2018-09-04 09:21:37,157 - DataBase.py[line:56] - INFO: select * from record_201808 where emp_id=111111
2018-09-04 09:21:37,157 - DataBase.py[line:56] - INFO: select * from record_201808 where emp_id=111111 and time like '2018-08-7%'
2018-09-04 09:21:37,158 - DataBase.py[line:56] - INFO: select * from record_201808 where emp_id=111111
2018-09-04 09:21:37,158 - DataBase.py[line:56] - INFO: select * from record_201808 where emp_id=111111 and time like '2018-08-07%'
2018-09-04 09:21:37,158 - DataBase.py[line:56] - INFO: select * from record_201808 where emp_id=111111
2018-09-04 09:21:37,159 - DataBase.py[line:56] - INFO: select * from record_201808 where emp_id=111111 and time like '2018-08-8%'
2018-09-04 09:21:37,159 - DataBase.py[line:56] - INFO: select * from record_201808 where emp_id=111111
2018-09-04 09:21:37,160 - DataBase.py[line:56] - INFO: select * from record_201808 where emp_id=111111 and time like '2018-08-08%'
2018-09-04 09:21:37,160 - DataBase.py[line:56] - INFO: select * from record_201808 where emp_id=111111
2018-09-04 09:21:37,161 - DataBase.py[line:56] - INFO: select * from record_201808 where emp_id=111111 and time like '2018-08-9%'
2018-09-04 09:21:37,161 - DataBase.py[line:56] - INFO: select * from record_201808 where emp_id=111111
2018-09-04 09:21:37,161 - DataBase.py[line:56] - INFO: select * from record_201808 where emp_id=111111 and time like '2018-08-09%'
2018-09-04 09:21:37,162 - DataBase.py[line:56] - INFO: select * from record_201808 where emp_id=111111
2018-09-04 09:21:37,162 - DataBase.py[line:56] - INFO: select * from record_201808 where emp_id=111111 and time like '2018-08-10%'
2018-09-04 09:21:37,163 - DataBase.py[line:56] - INFO: select * from record_201808 where emp_id=111111
2018-09-04 09:21:37,163 - DataBase.py[line:56] - INFO: select * from record_201808 where emp_id=111111 and time like '2018-08-10%'
2018-09-04 09:21:37,164 - DataBase.py[line:56] - INFO: select * from record_201808 where emp_id=111111
2018-09-04 09:21:37,164 - DataBase.py[line:56] - INFO: select * from record_201808 where emp_id=111111 and time like '2018-08-11%'
2018-09-04 09:21:37,165 - DataBase.py[line:56] - INFO: select * from record_201808 where emp_id=111111
2018-09-04 09:21:37,165 - DataBase.py[line:56] - INFO: select * from record_201808 where emp_id=111111 and time like '2018-08-11%'
2018-09-04 09:21:37,166 - DataBase.py[line:56] - INFO: select * from record_201808 where emp_id=111111
2018-09-04 09:21:37,166 - DataBase.py[line:56] - INFO: select * from record_201808 where emp_id=111111 and time like '2018-08-12%'
2018-09-04 09:21:37,167 - DataBase.py[line:56] - INFO: select * from record_201808 where emp_id=111111
2018-09-04 09:21:37,167 - DataBase.py[line:56] - INFO: select * from record_201808 where emp_id=111111 and time like '2018-08-12%'
2018-09-04 09:21:37,168 - DataBase.py[line:56] - INFO: select * from record_201808 where emp_id=111111
2018-09-04 09:21:37,168 - DataBase.py[line:56] - INFO: select * from record_201808 where emp_id=111111 and time like '2018-08-13%'
2018-09-04 09:21:37,168 - DataBase.py[line:56] - INFO: select * from record_201808 where emp_id=111111
2018-09-04 09:21:37,169 - DataBase.py[line:56] - INFO: select * from record_201808 where emp_id=111111 and time like '2018-08-13%'
2018-09-04 09:21:37,169 - DataBase.py[line:56] - INFO: select * from record_201808 where emp_id=111111
2018-09-04 09:21:37,170 - DataBase.py[line:56] - INFO: select * from record_201808 where emp_id=111111 and time like '2018-08-14%'
2018-09-04 09:21:37,170 - DataBase.py[line:56] - INFO: select * from record_201808 where emp_id=111111
2018-09-04 09:21:37,171 - DataBase.py[line:56] - INFO: select * from record_201808 where emp_id=111111 and time like '2018-08-14%'
2018-09-04 09:21:37,172 - DataBase.py[line:56] - INFO: select * from record_201808 where emp_id=111111
2018-09-04 09:21:37,172 - DataBase.py[line:56] - INFO: select * from record_201808 where emp_id=111111 and time like '2018-08-15%'
2018-09-04 09:21:37,172 - DataBase.py[line:56] - INFO: select * from record_201808 where emp_id=111111
2018-09-04 09:21:37,173 - DataBase.py[line:56] - INFO: select * from record_201808 where emp_id=111111 and time like '2018-08-15%'
2018-09-04 09:21:37,173 - DataBase.py[line:56] - INFO: select * from record_201808 where emp_id=111111
2018-09-04 09:21:37,174 - DataBase.py[line:56] - INFO: select * from record_201808 where emp_id=111111 and time like '2018-08-16%'
2018-09-04 09:21:37,174 - DataBase.py[line:56] - INFO: select * from record_201808 where emp_id=111111
2018-09-04 09:21:37,175 - DataBase.py[line:56] - INFO: select * from record_201808 where emp_id=111111 and time like '2018-08-16%'
2018-09-04 09:21:37,175 - DataBase.py[line:56] - INFO: select * from record_201808 where emp_id=111111
2018-09-04 09:21:37,176 - DataBase.py[line:56] - INFO: select * from record_201808 where emp_id=111111 and time like '2018-08-17%'
2018-09-04 09:21:37,176 - DataBase.py[line:56] - INFO: select * from record_201808 where emp_id=111111
2018-09-04 09:21:37,177 - DataBase.py[line:56] - INFO: select * from record_201808 where emp_id=111111 and time like '2018-08-17%'
2018-09-04 09:21:37,177 - DataBase.py[line:56] - INFO: select * from record_201808 where emp_id=111111
2018-09-04 09:21:37,178 - DataBase.py[line:56] - INFO: select * from record_201808 where emp_id=111111 and time like '2018-08-18%'
2018-09-04 09:21:37,178 - DataBase.py[line:56] - INFO: select * from record_201808 where emp_id=111111
2018-09-04 09:21:37,179 - DataBase.py[line:56] - INFO: select * from record_201808 where emp_id=111111 and time like '2018-08-18%'
2018-09-04 09:21:37,179 - DataBase.py[line:56] - INFO: select * from record_201808 where emp_id=111111
2018-09-04 09:21:37,180 - DataBase.py[line:56] - INFO: select * from record_201808 where emp_id=111111 and time like '2018-08-19%'
2018-09-04 09:21:37,180 - DataBase.py[line:56] - INFO: select * from record_201808 where emp_id=111111
2018-09-04 09:21:37,181 - DataBase.py[line:56] - INFO: select * from record_201808 where emp_id=111111 and time like '2018-08-19%'
2018-09-04 09:21:37,181 - DataBase.py[line:56] - INFO: select * from record_201808 where emp_id=111111
2018-09-04 09:21:37,182 - DataBase.py[line:56] - INFO: select * from record_201808 where emp_id=111111 and time like '2018-08-20%'
2018-09-04 09:21:37,182 - DataBase.py[line:56] - INFO: select * from record_201808 where emp_id=111111
2018-09-04 09:21:37,183 - DataBase.py[line:56] - INFO: select * from record_201808 where emp_id=111111 and time like '2018-08-20%'
2018-09-04 09:21:37,183 - DataBase.py[line:56] - INFO: select * from record_201808 where emp_id=111111
2018-09-04 09:21:37,183 - DataBase.py[line:56] - INFO: select * from record_201808 where emp_id=111111 and time like '2018-08-21%'
2018-09-04 09:21:37,184 - DataBase.py[line:56] - INFO: select * from record_201808 where emp_id=111111
2018-09-04 09:21:37,184 - DataBase.py[line:56] - INFO: select * from record_201808 where emp_id=111111 and time like '2018-08-21%'
2018-09-04 09:21:37,185 - DataBase.py[line:56] - INFO: select * from record_201808 where emp_id=111111
2018-09-04 09:21:37,185 - DataBase.py[line:56] - INFO: select * from record_201808 where emp_id=111111 and time like '2018-08-22%'
2018-09-04 09:21:37,186 - DataBase.py[line:56] - INFO: select * from record_201808 where emp_id=111111
2018-09-04 09:21:37,186 - DataBase.py[line:56] - INFO: select * from record_201808 where emp_id=111111 and time like '2018-08-22%'
2018-09-04 09:21:37,187 - DataBase.py[line:56] - INFO: select * from record_201808 where emp_id=111111
2018-09-04 09:21:37,187 - DataBase.py[line:56] - INFO: select * from record_201808 where emp_id=111111 and time like '2018-08-23%'
2018-09-04 09:21:37,188 - DataBase.py[line:56] - INFO: select * from record_201808 where emp_id=111111
2018-09-04 09:21:37,188 - DataBase.py[line:56] - INFO: select * from record_201808 where emp_id=111111 and time like '2018-08-23%'
2018-09-04 09:21:37,188 - DataBase.py[line:56] - INFO: select * from record_201808 where emp_id=111111
2018-09-04 09:21:37,189 - DataBase.py[line:56] - INFO: select * from record_201808 where emp_id=111111 and time like '2018-08-24%'
2018-09-04 09:21:37,189 - DataBase.py[line:56] - INFO: select * from record_201808 where emp_id=111111
2018-09-04 09:21:37,190 - DataBase.py[line:56] - INFO: select * from record_201808 where emp_id=111111 and time like '2018-08-24%'
2018-09-04 09:21:37,190 - DataBase.py[line:56] - INFO: select * from record_201808 where emp_id=111111
2018-09-04 09:21:37,191 - DataBase.py[line:56] - INFO: select * from record_201808 where emp_id=111111 and time like '2018-08-25%'
2018-09-04 09:21:37,191 - DataBase.py[line:56] - INFO: select * from record_201808 where emp_id=111111
2018-09-04 09:21:37,192 - DataBase.py[line:56] - INFO: select * from record_201808 where emp_id=111111 and time like '2018-08-25%'
2018-09-04 09:21:37,192 - DataBase.py[line:56] - INFO: select * from record_201808 where emp_id=111111
2018-09-04 09:21:37,193 - DataBase.py[line:56] - INFO: select * from record_201808 where emp_id=111111 and time like '2018-08-26%'
2018-09-04 09:21:37,193 - DataBase.py[line:56] - INFO: select * from record_201808 where emp_id=111111
2018-09-04 09:21:37,193 - DataBase.py[line:56] - INFO: select * from record_201808 where emp_id=111111 and time like '2018-08-26%'
2018-09-04 09:21:37,194 - DataBase.py[line:56] - INFO: select * from record_201808 where emp_id=111111
2018-09-04 09:21:37,194 - DataBase.py[line:56] - INFO: select * from record_201808 where emp_id=111111 and time like '2018-08-27%'
2018-09-04 09:21:37,195 - DataBase.py[line:56] - INFO: select * from record_201808 where emp_id=111111
2018-09-04 09:21:37,196 - DataBase.py[line:56] - INFO: select * from record_201808 where emp_id=111111 and time like '2018-08-27%'
2018-09-04 09:21:37,196 - DataBase.py[line:56] - INFO: select * from record_201808 where emp_id=111111
2018-09-04 09:21:37,197 - DataBase.py[line:56] - INFO: select * from record_201808 where emp_id=111111 and time like '2018-08-28%'
2018-09-04 09:21:37,197 - DataBase.py[line:56] - INFO: select * from record_201808 where emp_id=111111
2018-09-04 09:21:37,198 - DataBase.py[line:56] - INFO: select * from record_201808 where emp_id=111111 and time like '2018-08-28%'
2018-09-04 09:21:37,198 - DataBase.py[line:56] - INFO: select * from record_201808 where emp_id=111111 and time like '2018-08-29%'
2018-09-04 09:21:37,199 - DataBase.py[line:56] - INFO: select * from record_201808 where emp_id=111111
2018-09-04 09:21:37,199 - DataBase.py[line:56] - INFO: select * from record_201808 where emp_id=111111 and time like '2018-08-29%'
2018-09-04 09:21:37,200 - DataBase.py[line:56] - INFO: select * from record_201808 where emp_id=111111 and time like '2018-08-30%'
2018-09-04 09:21:37,200 - DataBase.py[line:56] - INFO: select * from record_201808 where emp_id=111111
2018-09-04 09:21:37,201 - DataBase.py[line:56] - INFO: select * from record_201808 where emp_id=111111 and time like '2018-08-30%'
2018-09-04 09:21:37,201 - DataBase.py[line:56] - INFO: select * from record_201808 where emp_id=111111
2018-09-04 09:21:37,201 - DataBase.py[line:56] - INFO: select * from record_201808 where emp_id=111111 and time like '2018-08-31%'
2018-09-04 09:21:37,202 - DataBase.py[line:56] - INFO: select * from record_201808 where emp_id=111111
2018-09-04 09:21:37,202 - DataBase.py[line:56] - INFO: select * from record_201808 where emp_id=111111 and time like '2018-08-31%'
2018-09-04 09:21:37,203 - DataBase.py[line:56] - INFO: select * from record_201808 where emp_id=111111
