2018-09-04 16:52:53,453 - DataBase.py[line:23] - INFO: database class is creating...
2018-09-04 16:52:53,473 - DataBase.py[line:51] - INFO: database is connecting...
2018-09-04 16:52:53,473 - DataBase.py[line:56] - INFO: select * from empinfo
2018-09-04 16:52:53,474 - DataBase.py[line:56] - INFO: select * from record_201808 where emp_id=000001 and time like '2018-08-01%'
2018-09-04 16:52:53,475 - DataBase.py[line:56] - INFO: select * from record_201808 where emp_id=000001 and time<'2018-08-01'
2018-09-04 16:52:53,476 - DataBase.py[line:56] - INFO: select * from record_201808 where emp_id=000001 and time like '2018-08-02%'
2018-09-04 16:52:53,476 - DataBase.py[line:56] - INFO: select * from record_201808 where emp_id=000001 and time<'2018-08-02'
2018-09-04 16:52:53,476 - DataBase.py[line:56] - INFO: select * from record_201808 where emp_id=000001 and time like '2018-08-03%'
2018-09-04 16:52:53,477 - DataBase.py[line:56] - INFO: select * from record_201808 where emp_id=000001 and time<'2018-08-03'
2018-09-04 16:52:53,477 - DataBase.py[line:56] - INFO: select * from record_201808 where emp_id=000001 and time like '2018-08-04%'
2018-09-04 16:52:53,478 - DataBase.py[line:56] - INFO: select * from record_201808 where emp_id=000001 and time<'2018-08-04'
2018-09-04 16:52:53,478 - DataBase.py[line:56] - INFO: select * from record_201808 where emp_id=000001 and time like '2018-08-05%'
2018-09-04 16:52:53,479 - DataBase.py[line:56] - INFO: select * from record_201808 where emp_id=000001 and time<'2018-08-05'
2018-09-04 16:52:53,479 - DataBase.py[line:56] - INFO: select * from record_201808 where emp_id=000001 and time like '2018-08-06%'
2018-09-04 16:52:53,480 - DataBase.py[line:56] - INFO: select * from record_201808 where emp_id=000001 and time<'2018-08-06'
2018-09-04 16:52:53,481 - DataBase.py[line:56] - INFO: select * from record_201808 where emp_id=000001 and time like '2018-08-07%'
2018-09-04 16:52:53,481 - DataBase.py[line:56] - INFO: select * from record_201808 where emp_id=000001 and time<'2018-08-07'
2018-09-04 16:52:53,482 - DataBase.py[line:56] - INFO: select * from record_201808 where emp_id=000001 and time like '2018-08-08%'
2018-09-04 16:52:53,482 - DataBase.py[line:56] - INFO: select * from record_201808 where emp_id=000001 and time<'2018-08-08'
2018-09-04 16:52:53,483 - DataBase.py[line:56] - INFO: select * from record_201808 where emp_id=000001 and time like '2018-08-09%'
2018-09-04 16:52:53,483 - DataBase.py[line:56] - INFO: select * from record_201808 where emp_id=000001 and time<'2018-08-09'
2018-09-04 16:52:53,484 - DataBase.py[line:56] - INFO: select * from record_201808 where emp_id=000001 and time like '2018-08-10%'
2018-09-04 16:52:53,484 - DataBase.py[line:56] - INFO: select * from record_201808 where emp_id=000001 and time<'2018-08-10'
2018-09-04 16:52:53,484 - DataBase.py[line:56] - INFO: select * from record_201808 where emp_id=000001 and time like '2018-08-11%'
2018-09-04 16:52:53,485 - DataBase.py[line:56] - INFO: select * from record_201808 where emp_id=000001 and time<'2018-08-11'
2018-09-04 16:52:53,485 - DataBase.py[line:56] - INFO: select * from record_201808 where emp_id=000001 and time like '2018-08-12%'
2018-09-04 16:52:53,486 - DataBase.py[line:56] - INFO: select * from record_201808 where emp_id=000001 and time<'2018-08-12'
2018-09-04 16:52:53,486 - DataBase.py[line:56] - INFO: select * from record_201808 where emp_id=000001 and time like '2018-08-13%'
2018-09-04 16:52:53,487 - DataBase.py[line:56] - INFO: select * from record_201808 where emp_id=000001 and time<'2018-08-13'
2018-09-04 16:52:53,487 - DataBase.py[line:56] - INFO: select * from record_201808 where emp_id=000001 and time like '2018-08-14%'
2018-09-04 16:52:53,487 - DataBase.py[line:56] - INFO: select * from record_201808 where emp_id=000001 and time<'2018-08-14'
2018-09-04 16:52:53,488 - DataBase.py[line:56] - INFO: select * from record_201808 where emp_id=000001 and time like '2018-08-15%'
2018-09-04 16:52:53,488 - DataBase.py[line:56] - INFO: select * from record_201808 where emp_id=000001 and time<'2018-08-15'
2018-09-04 16:52:53,489 - DataBase.py[line:56] - INFO: select * from record_201808 where emp_id=000001 and time like '2018-08-16%'
2018-09-04 16:52:53,489 - DataBase.py[line:56] - INFO: select * from record_201808 where emp_id=000001 and time<'2018-08-16'
2018-09-04 16:52:53,490 - DataBase.py[line:56] - INFO: select * from record_201808 where emp_id=000001 and time like '2018-08-17%'
2018-09-04 16:52:53,490 - DataBase.py[line:56] - INFO: select * from record_201808 where emp_id=000001 and time<'2018-08-17'
2018-09-04 16:52:53,490 - DataBase.py[line:56] - INFO: select * from record_201808 where emp_id=000001 and time like '2018-08-18%'
2018-09-04 16:52:53,491 - DataBase.py[line:56] - INFO: select * from record_201808 where emp_id=000001 and time<'2018-08-18'
2018-09-04 16:52:53,491 - DataBase.py[line:56] - INFO: select * from record_201808 where emp_id=000001 and time like '2018-08-19%'
2018-09-04 16:52:53,492 - DataBase.py[line:56] - INFO: select * from record_201808 where emp_id=000001 and time<'2018-08-19'
2018-09-04 16:52:53,492 - DataBase.py[line:56] - INFO: select * from record_201808 where emp_id=000001 and time like '2018-08-20%'
2018-09-04 16:52:53,492 - DataBase.py[line:56] - INFO: select * from record_201808 where emp_id=000001 and time<'2018-08-20'
2018-09-04 16:52:53,493 - DataBase.py[line:56] - INFO: select * from record_201808 where emp_id=000001 and time like '2018-08-21%'
2018-09-04 16:52:53,493 - DataBase.py[line:56] - INFO: select * from record_201808 where emp_id=000001 and time<'2018-08-21'
2018-09-04 16:52:53,494 - DataBase.py[line:56] - INFO: select * from record_201808 where emp_id=000001 and time like '2018-08-22%'
2018-09-04 16:52:53,494 - DataBase.py[line:56] - INFO: select * from record_201808 where emp_id=000001 and time<'2018-08-22'
2018-09-04 16:52:53,495 - DataBase.py[line:56] - INFO: select * from record_201808 where emp_id=000001 and time like '2018-08-23%'
2018-09-04 16:52:53,495 - DataBase.py[line:56] - INFO: select * from record_201808 where emp_id=000001 and time<'2018-08-23'
2018-09-04 16:52:53,495 - DataBase.py[line:56] - INFO: select * from record_201808 where emp_id=000001 and time like '2018-08-24%'
2018-09-04 16:52:53,496 - DataBase.py[line:56] - INFO: select * from record_201808 where emp_id=000001 and time<'2018-08-24'
2018-09-04 16:52:53,497 - DataBase.py[line:56] - INFO: select * from record_201808 where emp_id=000001 and time like '2018-08-25%'
2018-09-04 16:52:53,497 - DataBase.py[line:56] - INFO: select * from record_201808 where emp_id=000001 and time<'2018-08-25'
2018-09-04 16:52:53,497 - DataBase.py[line:56] - INFO: select * from record_201808 where emp_id=000001 and time like '2018-08-26%'
2018-09-04 16:52:53,498 - DataBase.py[line:56] - INFO: select * from record_201808 where emp_id=000001 and time<'2018-08-26'
2018-09-04 16:52:53,498 - DataBase.py[line:56] - INFO: select * from record_201808 where emp_id=000001 and time like '2018-08-27%'
2018-09-04 16:52:53,498 - DataBase.py[line:56] - INFO: select * from record_201808 where emp_id=000001 and time<'2018-08-27'
2018-09-04 16:52:53,499 - DataBase.py[line:56] - INFO: select * from record_201808 where emp_id=000001 and time like '2018-08-28%'
2018-09-04 16:52:53,499 - DataBase.py[line:56] - INFO: select * from record_201808 where emp_id=000001 and time like '2018-08-29%'
2018-09-04 16:52:53,499 - DataBase.py[line:56] - INFO: select * from record_201808 where emp_id=000001 and time<'2018-08-29'
2018-09-04 16:52:53,500 - DataBase.py[line:56] - INFO: select * from record_201808 where emp_id=000001 and time like '2018-08-30%'
2018-09-04 16:52:53,500 - DataBase.py[line:56] - INFO: select * from record_201808 where emp_id=000001 and time like '2018-08-31%'
2018-09-04 16:52:53,501 - DataBase.py[line:56] - INFO: select * from record_201808 where emp_id=000001 and time<'2018-08-31'
2018-09-04 16:52:53,501 - DataBase.py[line:56] - INFO: select * from record_201808 where emp_id=000002 and time like '2018-08-01%'
2018-09-04 16:52:53,501 - DataBase.py[line:56] - INFO: select * from record_201808 where emp_id=000002 and time<'2018-08-01'
2018-09-04 16:52:53,502 - DataBase.py[line:56] - INFO: select * from record_201808 where emp_id=000002 and time like '2018-08-02%'
2018-09-04 16:52:53,502 - DataBase.py[line:56] - INFO: select * from record_201808 where emp_id=000002 and time<'2018-08-02'
2018-09-04 16:52:53,503 - DataBase.py[line:56] - INFO: select * from record_201808 where emp_id=000002 and time like '2018-08-03%'
2018-09-04 16:52:53,503 - DataBase.py[line:56] - INFO: select * from record_201808 where emp_id=000002 and time<'2018-08-03'
2018-09-04 16:52:53,503 - DataBase.py[line:56] - INFO: select * from record_201808 where emp_id=000002 and time like '2018-08-04%'
2018-09-04 16:52:53,504 - DataBase.py[line:56] - INFO: select * from record_201808 where emp_id=000002 and time<'2018-08-04'
2018-09-04 16:52:53,504 - DataBase.py[line:56] - INFO: select * from record_201808 where emp_id=000002 and time like '2018-08-05%'
2018-09-04 16:52:53,504 - DataBase.py[line:56] - INFO: select * from record_201808 where emp_id=000002 and time<'2018-08-05'
2018-09-04 16:52:53,505 - DataBase.py[line:56] - INFO: select * from record_201808 where emp_id=000002 and time like '2018-08-06%'
2018-09-04 16:52:53,505 - DataBase.py[line:56] - INFO: select * from record_201808 where emp_id=000002 and time<'2018-08-06'
2018-09-04 16:52:53,505 - DataBase.py[line:56] - INFO: select * from record_201808 where emp_id=000002 and time like '2018-08-07%'
2018-09-04 16:52:53,506 - DataBase.py[line:56] - INFO: select * from record_201808 where emp_id=000002 and time<'2018-08-07'
2018-09-04 16:52:53,506 - DataBase.py[line:56] - INFO: select * from record_201808 where emp_id=000002 and time like '2018-08-08%'
2018-09-04 16:52:53,506 - DataBase.py[line:56] - INFO: select * from record_201808 where emp_id=000002 and time<'2018-08-08'
2018-09-04 16:52:53,507 - DataBase.py[line:56] - INFO: select * from record_201808 where emp_id=000002 and time like '2018-08-09%'
2018-09-04 16:52:53,507 - DataBase.py[line:56] - INFO: select * from record_201808 where emp_id=000002 and time<'2018-08-09'
2018-09-04 16:52:53,508 - DataBase.py[line:56] - INFO: select * from record_201808 where emp_id=000002 and time like '2018-08-10%'
2018-09-04 16:52:53,508 - DataBase.py[line:56] - INFO: select * from record_201808 where emp_id=000002 and time<'2018-08-10'
2018-09-04 16:52:53,508 - DataBase.py[line:56] - INFO: select * from record_201808 where emp_id=000002 and time like '2018-08-11%'
2018-09-04 16:52:53,509 - DataBase.py[line:56] - INFO: select * from record_201808 where emp_id=000002 and time<'2018-08-11'
2018-09-04 16:52:53,509 - DataBase.py[line:56] - INFO: select * from record_201808 where emp_id=000002 and time like '2018-08-12%'
2018-09-04 16:52:53,510 - DataBase.py[line:56] - INFO: select * from record_201808 where emp_id=000002 and time<'2018-08-12'
2018-09-04 16:52:53,510 - DataBase.py[line:56] - INFO: select * from record_201808 where emp_id=000002 and time like '2018-08-13%'
2018-09-04 16:52:53,510 - DataBase.py[line:56] - INFO: select * from record_201808 where emp_id=000002 and time<'2018-08-13'
2018-09-04 16:52:53,511 - DataBase.py[line:56] - INFO: select * from record_201808 where emp_id=000002 and time like '2018-08-14%'
2018-09-04 16:52:53,511 - DataBase.py[line:56] - INFO: select * from record_201808 where emp_id=000002 and time<'2018-08-14'
2018-09-04 16:52:53,511 - DataBase.py[line:56] - INFO: select * from record_201808 where emp_id=000002 and time like '2018-08-15%'
2018-09-04 16:52:53,512 - DataBase.py[line:56] - INFO: select * from record_201808 where emp_id=000002 and time<'2018-08-15'
2018-09-04 16:52:53,512 - DataBase.py[line:56] - INFO: select * from record_201808 where emp_id=000002 and time like '2018-08-16%'
2018-09-04 16:52:53,512 - DataBase.py[line:56] - INFO: select * from record_201808 where emp_id=000002 and time<'2018-08-16'
2018-09-04 16:52:53,513 - DataBase.py[line:56] - INFO: select * from record_201808 where emp_id=000002 and time like '2018-08-17%'
2018-09-04 16:52:53,513 - DataBase.py[line:56] - INFO: select * from record_201808 where emp_id=000002 and time<'2018-08-17'
2018-09-04 16:52:53,514 - DataBase.py[line:56] - INFO: select * from record_201808 where emp_id=000002 and time like '2018-08-18%'
2018-09-04 16:52:53,514 - DataBase.py[line:56] - INFO: select * from record_201808 where emp_id=000002 and time<'2018-08-18'
2018-09-04 16:52:53,514 - DataBase.py[line:56] - INFO: select * from record_201808 where emp_id=000002 and time like '2018-08-19%'
2018-09-04 16:52:53,515 - DataBase.py[line:56] - INFO: select * from record_201808 where emp_id=000002 and time<'2018-08-19'
2018-09-04 16:52:53,515 - DataBase.py[line:56] - INFO: select * from record_201808 where emp_id=000002 and time like '2018-08-20%'
2018-09-04 16:52:53,515 - DataBase.py[line:56] - INFO: select * from record_201808 where emp_id=000002 and time<'2018-08-20'
2018-09-04 16:52:53,516 - DataBase.py[line:56] - INFO: select * from record_201808 where emp_id=000002 and time like '2018-08-21%'
2018-09-04 16:52:53,516 - DataBase.py[line:56] - INFO: select * from record_201808 where emp_id=000002 and time<'2018-08-21'
2018-09-04 16:52:53,516 - DataBase.py[line:56] - INFO: select * from record_201808 where emp_id=000002 and time like '2018-08-22%'
2018-09-04 16:52:53,517 - DataBase.py[line:56] - INFO: select * from record_201808 where emp_id=000002 and time<'2018-08-22'
2018-09-04 16:52:53,517 - DataBase.py[line:56] - INFO: select * from record_201808 where emp_id=000002 and time like '2018-08-23%'
2018-09-04 16:52:53,517 - DataBase.py[line:56] - INFO: select * from record_201808 where emp_id=000002 and time<'2018-08-23'
2018-09-04 16:52:53,518 - DataBase.py[line:56] - INFO: select * from record_201808 where emp_id=000002 and time like '2018-08-24%'
2018-09-04 16:52:53,518 - DataBase.py[line:56] - INFO: select * from record_201808 where emp_id=000002 and time<'2018-08-24'
2018-09-04 16:52:53,519 - DataBase.py[line:56] - INFO: select * from record_201808 where emp_id=000002 and time like '2018-08-25%'
2018-09-04 16:52:53,519 - DataBase.py[line:56] - INFO: select * from record_201808 where emp_id=000002 and time<'2018-08-25'
2018-09-04 16:52:53,520 - DataBase.py[line:56] - INFO: select * from record_201808 where emp_id=000002 and time like '2018-08-26%'
2018-09-04 16:52:53,520 - DataBase.py[line:56] - INFO: select * from record_201808 where emp_id=000002 and time<'2018-08-26'
2018-09-04 16:52:53,520 - DataBase.py[line:56] - INFO: select * from record_201808 where emp_id=000002 and time like '2018-08-27%'
2018-09-04 16:52:53,521 - DataBase.py[line:56] - INFO: select * from record_201808 where emp_id=000002 and time<'2018-08-27'
2018-09-04 16:52:53,521 - DataBase.py[line:56] - INFO: select * from record_201808 where emp_id=000002 and time like '2018-08-28%'
2018-09-04 16:52:53,521 - DataBase.py[line:56] - INFO: select * from record_201808 where emp_id=000002 and time<'2018-08-28'
2018-09-04 16:52:53,522 - DataBase.py[line:56] - INFO: select * from record_201808 where emp_id=000002 and time like '2018-08-29%'
2018-09-04 16:52:53,522 - DataBase.py[line:56] - INFO: select * from record_201808 where emp_id=000002 and time<'2018-08-29'
2018-09-04 16:52:53,523 - DataBase.py[line:56] - INFO: select * from record_201808 where emp_id=000002 and time like '2018-08-30%'
2018-09-04 16:52:53,523 - DataBase.py[line:56] - INFO: select * from record_201808 where emp_id=000002 and time<'2018-08-30'
2018-09-04 16:52:53,523 - DataBase.py[line:56] - INFO: select * from record_201808 where emp_id=000002 and time like '2018-08-31%'
2018-09-04 16:52:53,524 - DataBase.py[line:56] - INFO: select * from record_201808 where emp_id=000002 and time<'2018-08-31'
2018-09-04 16:52:53,524 - DataBase.py[line:56] - INFO: select * from record_201808 where emp_id=000003 and time like '2018-08-01%'
2018-09-04 16:52:53,524 - DataBase.py[line:56] - INFO: select * from record_201808 where emp_id=000003 and time<'2018-08-01'
2018-09-04 16:52:53,525 - DataBase.py[line:56] - INFO: select * from record_201808 where emp_id=000003 and time like '2018-08-02%'
2018-09-04 16:52:53,525 - DataBase.py[line:56] - INFO: select * from record_201808 where emp_id=000003 and time<'2018-08-02'
2018-09-04 16:52:53,526 - DataBase.py[line:56] - INFO: select * from record_201808 where emp_id=000003 and time like '2018-08-03%'
2018-09-04 16:52:53,526 - DataBase.py[line:56] - INFO: select * from record_201808 where emp_id=000003 and time<'2018-08-03'
2018-09-04 16:52:53,526 - DataBase.py[line:56] - INFO: select * from record_201808 where emp_id=000003 and time like '2018-08-04%'
2018-09-04 16:52:53,527 - DataBase.py[line:56] - INFO: select * from record_201808 where emp_id=000003 and time<'2018-08-04'
2018-09-04 16:52:53,527 - DataBase.py[line:56] - INFO: select * from record_201808 where emp_id=000003 and time like '2018-08-05%'
2018-09-04 16:52:53,527 - DataBase.py[line:56] - INFO: select * from record_201808 where emp_id=000003 and time<'2018-08-05'
2018-09-04 16:52:53,528 - DataBase.py[line:56] - INFO: select * from record_201808 where emp_id=000003 and time like '2018-08-06%'
2018-09-04 16:52:53,528 - DataBase.py[line:56] - INFO: select * from record_201808 where emp_id=000003 and time<'2018-08-06'
2018-09-04 16:52:53,528 - DataBase.py[line:56] - INFO: select * from record_201808 where emp_id=000003 and time like '2018-08-07%'
2018-09-04 16:52:53,529 - DataBase.py[line:56] - INFO: select * from record_201808 where emp_id=000003 and time<'2018-08-07'
2018-09-04 16:52:53,530 - DataBase.py[line:56] - INFO: select * from record_201808 where emp_id=000003 and time like '2018-08-08%'
2018-09-04 16:52:53,530 - DataBase.py[line:56] - INFO: select * from record_201808 where emp_id=000003 and time<'2018-08-08'
2018-09-04 16:52:53,530 - DataBase.py[line:56] - INFO: select * from record_201808 where emp_id=000003 and time like '2018-08-09%'
2018-09-04 16:52:53,531 - DataBase.py[line:56] - INFO: select * from record_201808 where emp_id=000003 and time<'2018-08-09'
2018-09-04 16:52:53,531 - DataBase.py[line:56] - INFO: select * from record_201808 where emp_id=000003 and time like '2018-08-10%'
2018-09-04 16:52:53,531 - DataBase.py[line:56] - INFO: select * from record_201808 where emp_id=000003 and time<'2018-08-10'
2018-09-04 16:52:53,532 - DataBase.py[line:56] - INFO: select * from record_201808 where emp_id=000003 and time like '2018-08-11%'
2018-09-04 16:52:53,532 - DataBase.py[line:56] - INFO: select * from record_201808 where emp_id=000003 and time<'2018-08-11'
2018-09-04 16:52:53,532 - DataBase.py[line:56] - INFO: select * from record_201808 where emp_id=000003 and time like '2018-08-12%'
2018-09-04 16:52:53,533 - DataBase.py[line:56] - INFO: select * from record_201808 where emp_id=000003 and time<'2018-08-12'
2018-09-04 16:52:53,533 - DataBase.py[line:56] - INFO: select * from record_201808 where emp_id=000003 and time like '2018-08-13%'
2018-09-04 16:52:53,533 - DataBase.py[line:56] - INFO: select * from record_201808 where emp_id=000003 and time<'2018-08-13'
2018-09-04 16:52:53,534 - DataBase.py[line:56] - INFO: select * from record_201808 where emp_id=000003 and time like '2018-08-14%'
2018-09-04 16:52:53,534 - DataBase.py[line:56] - INFO: select * from record_201808 where emp_id=000003 and time<'2018-08-14'
2018-09-04 16:52:53,535 - DataBase.py[line:56] - INFO: select * from record_201808 where emp_id=000003 and time like '2018-08-15%'
2018-09-04 16:52:53,535 - DataBase.py[line:56] - INFO: select * from record_201808 where emp_id=000003 and time<'2018-08-15'
2018-09-04 16:52:53,535 - DataBase.py[line:56] - INFO: select * from record_201808 where emp_id=000003 and time like '2018-08-16%'
2018-09-04 16:52:53,535 - DataBase.py[line:56] - INFO: select * from record_201808 where emp_id=000003 and time<'2018-08-16'
2018-09-04 16:52:53,536 - DataBase.py[line:56] - INFO: select * from record_201808 where emp_id=000003 and time like '2018-08-17%'
2018-09-04 16:52:53,536 - DataBase.py[line:56] - INFO: select * from record_201808 where emp_id=000003 and time<'2018-08-17'
2018-09-04 16:52:53,537 - DataBase.py[line:56] - INFO: select * from record_201808 where emp_id=000003 and time like '2018-08-18%'
2018-09-04 16:52:53,537 - DataBase.py[line:56] - INFO: select * from record_201808 where emp_id=000003 and time<'2018-08-18'
2018-09-04 16:52:53,537 - DataBase.py[line:56] - INFO: select * from record_201808 where emp_id=000003 and time like '2018-08-19%'
2018-09-04 16:52:53,538 - DataBase.py[line:56] - INFO: select * from record_201808 where emp_id=000003 and time<'2018-08-19'
2018-09-04 16:52:53,538 - DataBase.py[line:56] - INFO: select * from record_201808 where emp_id=000003 and time like '2018-08-20%'
2018-09-04 16:52:53,538 - DataBase.py[line:56] - INFO: select * from record_201808 where emp_id=000003 and time<'2018-08-20'
2018-09-04 16:52:53,539 - DataBase.py[line:56] - INFO: select * from record_201808 where emp_id=000003 and time like '2018-08-21%'
2018-09-04 16:52:53,539 - DataBase.py[line:56] - INFO: select * from record_201808 where emp_id=000003 and time<'2018-08-21'
2018-09-04 16:52:53,539 - DataBase.py[line:56] - INFO: select * from record_201808 where emp_id=000003 and time like '2018-08-22%'
2018-09-04 16:52:53,540 - DataBase.py[line:56] - INFO: select * from record_201808 where emp_id=000003 and time<'2018-08-22'
2018-09-04 16:52:53,540 - DataBase.py[line:56] - INFO: select * from record_201808 where emp_id=000003 and time like '2018-08-23%'
2018-09-04 16:52:53,540 - DataBase.py[line:56] - INFO: select * from record_201808 where emp_id=000003 and time<'2018-08-23'
2018-09-04 16:52:53,541 - DataBase.py[line:56] - INFO: select * from record_201808 where emp_id=000003 and time like '2018-08-24%'
2018-09-04 16:52:53,541 - DataBase.py[line:56] - INFO: select * from record_201808 where emp_id=000003 and time<'2018-08-24'
2018-09-04 16:52:53,541 - DataBase.py[line:56] - INFO: select * from record_201808 where emp_id=000003 and time like '2018-08-25%'
2018-09-04 16:52:53,542 - DataBase.py[line:56] - INFO: select * from record_201808 where emp_id=000003 and time<'2018-08-25'
2018-09-04 16:52:53,542 - DataBase.py[line:56] - INFO: select * from record_201808 where emp_id=000003 and time like '2018-08-26%'
2018-09-04 16:52:53,542 - DataBase.py[line:56] - INFO: select * from record_201808 where emp_id=000003 and time<'2018-08-26'
2018-09-04 16:52:53,543 - DataBase.py[line:56] - INFO: select * from record_201808 where emp_id=000003 and time like '2018-08-27%'
2018-09-04 16:52:53,544 - DataBase.py[line:56] - INFO: select * from record_201808 where emp_id=000003 and time<'2018-08-27'
2018-09-04 16:52:53,544 - DataBase.py[line:56] - INFO: select * from record_201808 where emp_id=000003 and time like '2018-08-28%'
2018-09-04 16:52:53,545 - DataBase.py[line:56] - INFO: select * from record_201808 where emp_id=000003 and time<'2018-08-28'
2018-09-04 16:52:53,545 - DataBase.py[line:56] - INFO: select * from record_201808 where emp_id=000003 and time like '2018-08-29%'
2018-09-04 16:52:53,545 - DataBase.py[line:56] - INFO: select * from record_201808 where emp_id=000003 and time<'2018-08-29'
2018-09-04 16:52:53,546 - DataBase.py[line:56] - INFO: select * from record_201808 where emp_id=000003 and time like '2018-08-30%'
2018-09-04 16:52:53,546 - DataBase.py[line:56] - INFO: select * from record_201808 where emp_id=000003 and time<'2018-08-30'
2018-09-04 16:52:53,546 - DataBase.py[line:56] - INFO: select * from record_201808 where emp_id=000003 and time like '2018-08-31%'
2018-09-04 16:52:53,547 - DataBase.py[line:56] - INFO: select * from record_201808 where emp_id=000003 and time<'2018-08-31'
2018-09-04 16:52:53,547 - DataBase.py[line:56] - INFO: select * from record_201808 where emp_id=000004 and time like '2018-08-01%'
2018-09-04 16:52:53,548 - DataBase.py[line:56] - INFO: select * from record_201808 where emp_id=000004 and time<'2018-08-01'
2018-09-04 16:52:53,548 - DataBase.py[line:56] - INFO: select * from record_201808 where emp_id=000004 and time like '2018-08-02%'
2018-09-04 16:52:53,549 - DataBase.py[line:56] - INFO: select * from record_201808 where emp_id=000004 and time<'2018-08-02'
2018-09-04 16:52:53,549 - DataBase.py[line:56] - INFO: select * from record_201808 where emp_id=000004 and time like '2018-08-03%'
2018-09-04 16:52:53,549 - DataBase.py[line:56] - INFO: select * from record_201808 where emp_id=000004 and time<'2018-08-03'
2018-09-04 16:52:53,550 - DataBase.py[line:56] - INFO: select * from record_201808 where emp_id=000004 and time like '2018-08-04%'
2018-09-04 16:52:53,550 - DataBase.py[line:56] - INFO: select * from record_201808 where emp_id=000004 and time<'2018-08-04'
2018-09-04 16:52:53,551 - DataBase.py[line:56] - INFO: select * from record_201808 where emp_id=000004 and time like '2018-08-05%'
2018-09-04 16:52:53,551 - DataBase.py[line:56] - INFO: select * from record_201808 where emp_id=000004 and time<'2018-08-05'
2018-09-04 16:52:53,552 - DataBase.py[line:56] - INFO: select * from record_201808 where emp_id=000004 and time like '2018-08-06%'
2018-09-04 16:52:53,552 - DataBase.py[line:56] - INFO: select * from record_201808 where emp_id=000004 and time<'2018-08-06'
2018-09-04 16:52:53,552 - DataBase.py[line:56] - INFO: select * from record_201808 where emp_id=000004 and time like '2018-08-07%'
2018-09-04 16:52:53,553 - DataBase.py[line:56] - INFO: select * from record_201808 where emp_id=000004 and time<'2018-08-07'
2018-09-04 16:52:53,553 - DataBase.py[line:56] - INFO: select * from record_201808 where emp_id=000004 and time like '2018-08-08%'
2018-09-04 16:52:53,554 - DataBase.py[line:56] - INFO: select * from record_201808 where emp_id=000004 and time<'2018-08-08'
2018-09-04 16:52:53,554 - DataBase.py[line:56] - INFO: select * from record_201808 where emp_id=000004 and time like '2018-08-09%'
2018-09-04 16:52:53,554 - DataBase.py[line:56] - INFO: select * from record_201808 where emp_id=000004 and time<'2018-08-09'
2018-09-04 16:52:53,555 - DataBase.py[line:56] - INFO: select * from record_201808 where emp_id=000004 and time like '2018-08-10%'
2018-09-04 16:52:53,555 - DataBase.py[line:56] - INFO: select * from record_201808 where emp_id=000004 and time<'2018-08-10'
2018-09-04 16:52:53,555 - DataBase.py[line:56] - INFO: select * from record_201808 where emp_id=000004 and time like '2018-08-11%'
2018-09-04 16:52:53,556 - DataBase.py[line:56] - INFO: select * from record_201808 where emp_id=000004 and time<'2018-08-11'
2018-09-04 16:52:53,557 - DataBase.py[line:56] - INFO: select * from record_201808 where emp_id=000004 and time like '2018-08-12%'
2018-09-04 16:52:53,557 - DataBase.py[line:56] - INFO: select * from record_201808 where emp_id=000004 and time<'2018-08-12'
2018-09-04 16:52:53,558 - DataBase.py[line:56] - INFO: select * from record_201808 where emp_id=000004 and time like '2018-08-13%'
2018-09-04 16:52:53,558 - DataBase.py[line:56] - INFO: select * from record_201808 where emp_id=000004 and time<'2018-08-13'
2018-09-04 16:52:53,558 - DataBase.py[line:56] - INFO: select * from record_201808 where emp_id=000004 and time like '2018-08-14%'
2018-09-04 16:52:53,559 - DataBase.py[line:56] - INFO: select * from record_201808 where emp_id=000004 and time<'2018-08-14'
2018-09-04 16:52:53,559 - DataBase.py[line:56] - INFO: select * from record_201808 where emp_id=000004 and time like '2018-08-15%'
2018-09-04 16:52:53,559 - DataBase.py[line:56] - INFO: select * from record_201808 where emp_id=000004 and time<'2018-08-15'
2018-09-04 16:52:53,560 - DataBase.py[line:56] - INFO: select * from record_201808 where emp_id=000004 and time like '2018-08-16%'
2018-09-04 16:52:53,560 - DataBase.py[line:56] - INFO: select * from record_201808 where emp_id=000004 and time<'2018-08-16'
2018-09-04 16:52:53,561 - DataBase.py[line:56] - INFO: select * from record_201808 where emp_id=000004 and time like '2018-08-17%'
2018-09-04 16:52:53,561 - DataBase.py[line:56] - INFO: select * from record_201808 where emp_id=000004 and time<'2018-08-17'
2018-09-04 16:52:53,561 - DataBase.py[line:56] - INFO: select * from record_201808 where emp_id=000004 and time like '2018-08-18%'
2018-09-04 16:52:53,562 - DataBase.py[line:56] - INFO: select * from record_201808 where emp_id=000004 and time<'2018-08-18'
2018-09-04 16:52:53,562 - DataBase.py[line:56] - INFO: select * from record_201808 where emp_id=000004 and time like '2018-08-19%'
2018-09-04 16:52:53,562 - DataBase.py[line:56] - INFO: select * from record_201808 where emp_id=000004 and time<'2018-08-19'
2018-09-04 16:52:53,563 - DataBase.py[line:56] - INFO: select * from record_201808 where emp_id=000004 and time like '2018-08-20%'
2018-09-04 16:52:53,563 - DataBase.py[line:56] - INFO: select * from record_201808 where emp_id=000004 and time<'2018-08-20'
2018-09-04 16:52:53,564 - DataBase.py[line:56] - INFO: select * from record_201808 where emp_id=000004 and time like '2018-08-21%'
2018-09-04 16:52:53,564 - DataBase.py[line:56] - INFO: select * from record_201808 where emp_id=000004 and time<'2018-08-21'
2018-09-04 16:52:53,564 - DataBase.py[line:56] - INFO: select * from record_201808 where emp_id=000004 and time like '2018-08-22%'
2018-09-04 16:52:53,565 - DataBase.py[line:56] - INFO: select * from record_201808 where emp_id=000004 and time<'2018-08-22'
2018-09-04 16:52:53,565 - DataBase.py[line:56] - INFO: select * from record_201808 where emp_id=000004 and time like '2018-08-23%'
2018-09-04 16:52:53,565 - DataBase.py[line:56] - INFO: select * from record_201808 where emp_id=000004 and time<'2018-08-23'
2018-09-04 16:52:53,566 - DataBase.py[line:56] - INFO: select * from record_201808 where emp_id=000004 and time like '2018-08-24%'
2018-09-04 16:52:53,566 - DataBase.py[line:56] - INFO: select * from record_201808 where emp_id=000004 and time<'2018-08-24'
2018-09-04 16:52:53,567 - DataBase.py[line:56] - INFO: select * from record_201808 where emp_id=000004 and time like '2018-08-25%'
2018-09-04 16:52:53,567 - DataBase.py[line:56] - INFO: select * from record_201808 where emp_id=000004 and time<'2018-08-25'
2018-09-04 16:52:53,567 - DataBase.py[line:56] - INFO: select * from record_201808 where emp_id=000004 and time like '2018-08-26%'
2018-09-04 16:52:53,568 - DataBase.py[line:56] - INFO: select * from record_201808 where emp_id=000004 and time<'2018-08-26'
2018-09-04 16:52:53,568 - DataBase.py[line:56] - INFO: select * from record_201808 where emp_id=000004 and time like '2018-08-27%'
2018-09-04 16:52:53,568 - DataBase.py[line:56] - INFO: select * from record_201808 where emp_id=000004 and time<'2018-08-27'
2018-09-04 16:52:53,569 - DataBase.py[line:56] - INFO: select * from record_201808 where emp_id=000004 and time like '2018-08-28%'
2018-09-04 16:52:53,569 - DataBase.py[line:56] - INFO: select * from record_201808 where emp_id=000004 and time<'2018-08-28'
2018-09-04 16:52:53,569 - DataBase.py[line:56] - INFO: select * from record_201808 where emp_id=000004 and time like '2018-08-29%'
2018-09-04 16:52:53,570 - DataBase.py[line:56] - INFO: select * from record_201808 where emp_id=000004 and time<'2018-08-29'
2018-09-04 16:52:53,570 - DataBase.py[line:56] - INFO: select * from record_201808 where emp_id=000004 and time like '2018-08-30%'
2018-09-04 16:52:53,570 - DataBase.py[line:56] - INFO: select * from record_201808 where emp_id=000004 and time<'2018-08-30'
2018-09-04 16:52:53,571 - DataBase.py[line:56] - INFO: select * from record_201808 where emp_id=000004 and time like '2018-08-31%'
2018-09-04 16:52:53,571 - DataBase.py[line:56] - INFO: select * from record_201808 where emp_id=000004 and time<'2018-08-31'
2018-09-04 16:52:53,571 - DataBase.py[line:56] - INFO: select * from record_201808 where emp_id=000005 and time like '2018-08-01%'
2018-09-04 16:52:53,572 - DataBase.py[line:56] - INFO: select * from record_201808 where emp_id=000005 and time<'2018-08-01'
2018-09-04 16:52:53,572 - DataBase.py[line:56] - INFO: select * from record_201808 where emp_id=000005 and time like '2018-08-02%'
2018-09-04 16:52:53,572 - DataBase.py[line:56] - INFO: select * from record_201808 where emp_id=000005 and time<'2018-08-02'
2018-09-04 16:52:53,573 - DataBase.py[line:56] - INFO: select * from record_201808 where emp_id=000005 and time like '2018-08-03%'
2018-09-04 16:52:53,573 - DataBase.py[line:56] - INFO: select * from record_201808 where emp_id=000005 and time<'2018-08-03'
2018-09-04 16:52:53,574 - DataBase.py[line:56] - INFO: select * from record_201808 where emp_id=000005 and time like '2018-08-04%'
2018-09-04 16:52:53,574 - DataBase.py[line:56] - INFO: select * from record_201808 where emp_id=000005 and time<'2018-08-04'
2018-09-04 16:52:53,574 - DataBase.py[line:56] - INFO: select * from record_201808 where emp_id=000005 and time like '2018-08-05%'
2018-09-04 16:52:53,575 - DataBase.py[line:56] - INFO: select * from record_201808 where emp_id=000005 and time<'2018-08-05'
2018-09-04 16:52:53,575 - DataBase.py[line:56] - INFO: select * from record_201808 where emp_id=000005 and time like '2018-08-06%'
2018-09-04 16:52:53,575 - DataBase.py[line:56] - INFO: select * from record_201808 where emp_id=000005 and time<'2018-08-06'
2018-09-04 16:52:53,576 - DataBase.py[line:56] - INFO: select * from record_201808 where emp_id=000005 and time like '2018-08-07%'
2018-09-04 16:52:53,576 - DataBase.py[line:56] - INFO: select * from record_201808 where emp_id=000005 and time<'2018-08-07'
2018-09-04 16:52:53,576 - DataBase.py[line:56] - INFO: select * from record_201808 where emp_id=000005 and time like '2018-08-08%'
2018-09-04 16:52:53,577 - DataBase.py[line:56] - INFO: select * from record_201808 where emp_id=000005 and time<'2018-08-08'
2018-09-04 16:52:53,577 - DataBase.py[line:56] - INFO: select * from record_201808 where emp_id=000005 and time like '2018-08-09%'
2018-09-04 16:52:53,577 - DataBase.py[line:56] - INFO: select * from record_201808 where emp_id=000005 and time<'2018-08-09'
2018-09-04 16:52:53,578 - DataBase.py[line:56] - INFO: select * from record_201808 where emp_id=000005 and time like '2018-08-10%'
2018-09-04 16:52:53,578 - DataBase.py[line:56] - INFO: select * from record_201808 where emp_id=000005 and time<'2018-08-10'
2018-09-04 16:52:53,579 - DataBase.py[line:56] - INFO: select * from record_201808 where emp_id=000005 and time like '2018-08-11%'
2018-09-04 16:52:53,579 - DataBase.py[line:56] - INFO: select * from record_201808 where emp_id=000005 and time<'2018-08-11'
2018-09-04 16:52:53,579 - DataBase.py[line:56] - INFO: select * from record_201808 where emp_id=000005 and time like '2018-08-12%'
2018-09-04 16:52:53,580 - DataBase.py[line:56] - INFO: select * from record_201808 where emp_id=000005 and time<'2018-08-12'
2018-09-04 16:52:53,580 - DataBase.py[line:56] - INFO: select * from record_201808 where emp_id=000005 and time like '2018-08-13%'
2018-09-04 16:52:53,580 - DataBase.py[line:56] - INFO: select * from record_201808 where emp_id=000005 and time<'2018-08-13'
2018-09-04 16:52:53,581 - DataBase.py[line:56] - INFO: select * from record_201808 where emp_id=000005 and time like '2018-08-14%'
2018-09-04 16:52:53,581 - DataBase.py[line:56] - INFO: select * from record_201808 where emp_id=000005 and time<'2018-08-14'
2018-09-04 16:52:53,581 - DataBase.py[line:56] - INFO: select * from record_201808 where emp_id=000005 and time like '2018-08-15%'
2018-09-04 16:52:53,582 - DataBase.py[line:56] - INFO: select * from record_201808 where emp_id=000005 and time<'2018-08-15'
2018-09-04 16:52:53,582 - DataBase.py[line:56] - INFO: select * from record_201808 where emp_id=000005 and time like '2018-08-16%'
2018-09-04 16:52:53,582 - DataBase.py[line:56] - INFO: select * from record_201808 where emp_id=000005 and time<'2018-08-16'
2018-09-04 16:52:53,583 - DataBase.py[line:56] - INFO: select * from record_201808 where emp_id=000005 and time like '2018-08-17%'
2018-09-04 16:52:53,583 - DataBase.py[line:56] - INFO: select * from record_201808 where emp_id=000005 and time<'2018-08-17'
2018-09-04 16:52:53,583 - DataBase.py[line:56] - INFO: select * from record_201808 where emp_id=000005 and time like '2018-08-18%'
2018-09-04 16:52:53,584 - DataBase.py[line:56] - INFO: select * from record_201808 where emp_id=000005 and time<'2018-08-18'
2018-09-04 16:52:53,584 - DataBase.py[line:56] - INFO: select * from record_201808 where emp_id=000005 and time like '2018-08-19%'
2018-09-04 16:52:53,585 - DataBase.py[line:56] - INFO: select * from record_201808 where emp_id=000005 and time<'2018-08-19'
2018-09-04 16:52:53,585 - DataBase.py[line:56] - INFO: select * from record_201808 where emp_id=000005 and time like '2018-08-20%'
2018-09-04 16:52:53,585 - DataBase.py[line:56] - INFO: select * from record_201808 where emp_id=000005 and time<'2018-08-20'
2018-09-04 16:52:53,586 - DataBase.py[line:56] - INFO: select * from record_201808 where emp_id=000005 and time like '2018-08-21%'
2018-09-04 16:52:53,586 - DataBase.py[line:56] - INFO: select * from record_201808 where emp_id=000005 and time<'2018-08-21'
2018-09-04 16:52:53,587 - DataBase.py[line:56] - INFO: select * from record_201808 where emp_id=000005 and time like '2018-08-22%'
2018-09-04 16:52:53,587 - DataBase.py[line:56] - INFO: select * from record_201808 where emp_id=000005 and time<'2018-08-22'
2018-09-04 16:52:53,587 - DataBase.py[line:56] - INFO: select * from record_201808 where emp_id=000005 and time like '2018-08-23%'
2018-09-04 16:52:53,588 - DataBase.py[line:56] - INFO: select * from record_201808 where emp_id=000005 and time<'2018-08-23'
2018-09-04 16:52:53,588 - DataBase.py[line:56] - INFO: select * from record_201808 where emp_id=000005 and time like '2018-08-24%'
2018-09-04 16:52:53,588 - DataBase.py[line:56] - INFO: select * from record_201808 where emp_id=000005 and time<'2018-08-24'
2018-09-04 16:52:53,589 - DataBase.py[line:56] - INFO: select * from record_201808 where emp_id=000005 and time like '2018-08-25%'
2018-09-04 16:52:53,590 - DataBase.py[line:56] - INFO: select * from record_201808 where emp_id=000005 and time<'2018-08-25'
2018-09-04 16:52:53,590 - DataBase.py[line:56] - INFO: select * from record_201808 where emp_id=000005 and time like '2018-08-26%'
2018-09-04 16:52:53,590 - DataBase.py[line:56] - INFO: select * from record_201808 where emp_id=000005 and time<'2018-08-26'
2018-09-04 16:52:53,591 - DataBase.py[line:56] - INFO: select * from record_201808 where emp_id=000005 and time like '2018-08-27%'
2018-09-04 16:52:53,591 - DataBase.py[line:56] - INFO: select * from record_201808 where emp_id=000005 and time<'2018-08-27'
2018-09-04 16:52:53,591 - DataBase.py[line:56] - INFO: select * from record_201808 where emp_id=000005 and time like '2018-08-28%'
2018-09-04 16:52:53,592 - DataBase.py[line:56] - INFO: select * from record_201808 where emp_id=000005 and time<'2018-08-28'
2018-09-04 16:52:53,592 - DataBase.py[line:56] - INFO: select * from record_201808 where emp_id=000005 and time like '2018-08-29%'
2018-09-04 16:52:53,592 - DataBase.py[line:56] - INFO: select * from record_201808 where emp_id=000005 and time<'2018-08-29'
2018-09-04 16:52:53,593 - DataBase.py[line:56] - INFO: select * from record_201808 where emp_id=000005 and time like '2018-08-30%'
2018-09-04 16:52:53,593 - DataBase.py[line:56] - INFO: select * from record_201808 where emp_id=000005 and time<'2018-08-30'
2018-09-04 16:52:53,593 - DataBase.py[line:56] - INFO: select * from record_201808 where emp_id=000005 and time like '2018-08-31%'
2018-09-04 16:52:53,594 - DataBase.py[line:56] - INFO: select * from record_201808 where emp_id=000005 and time<'2018-08-31'
2018-09-04 16:52:53,594 - DataBase.py[line:56] - INFO: select * from record_201808 where emp_id=000006 and time like '2018-08-01%'
2018-09-04 16:52:53,594 - DataBase.py[line:56] - INFO: select * from record_201808 where emp_id=000006 and time<'2018-08-01'
2018-09-04 16:52:53,595 - DataBase.py[line:56] - INFO: select * from record_201808 where emp_id=000006 and time like '2018-08-02%'
2018-09-04 16:52:53,595 - DataBase.py[line:56] - INFO: select * from record_201808 where emp_id=000006 and time<'2018-08-02'
2018-09-04 16:52:53,595 - DataBase.py[line:56] - INFO: select * from record_201808 where emp_id=000006 and time like '2018-08-03%'
2018-09-04 16:52:53,596 - DataBase.py[line:56] - INFO: select * from record_201808 where emp_id=000006 and time<'2018-08-03'
2018-09-04 16:52:53,596 - DataBase.py[line:56] - INFO: select * from record_201808 where emp_id=000006 and time like '2018-08-04%'
2018-09-04 16:52:53,596 - DataBase.py[line:56] - INFO: select * from record_201808 where emp_id=000006 and time<'2018-08-04'
2018-09-04 16:52:53,597 - DataBase.py[line:56] - INFO: select * from record_201808 where emp_id=000006 and time like '2018-08-05%'
2018-09-04 16:52:53,597 - DataBase.py[line:56] - INFO: select * from record_201808 where emp_id=000006 and time<'2018-08-05'
2018-09-04 16:52:53,597 - DataBase.py[line:56] - INFO: select * from record_201808 where emp_id=000006 and time like '2018-08-06%'
2018-09-04 16:52:53,597 - DataBase.py[line:56] - INFO: select * from record_201808 where emp_id=000006 and time<'2018-08-06'
2018-09-04 16:52:53,598 - DataBase.py[line:56] - INFO: select * from record_201808 where emp_id=000006 and time like '2018-08-07%'
2018-09-04 16:52:53,598 - DataBase.py[line:56] - INFO: select * from record_201808 where emp_id=000006 and time<'2018-08-07'
2018-09-04 16:52:53,598 - DataBase.py[line:56] - INFO: select * from record_201808 where emp_id=000006 and time like '2018-08-08%'
2018-09-04 16:52:53,599 - DataBase.py[line:56] - INFO: select * from record_201808 where emp_id=000006 and time<'2018-08-08'
2018-09-04 16:52:53,599 - DataBase.py[line:56] - INFO: select * from record_201808 where emp_id=000006 and time like '2018-08-09%'
2018-09-04 16:52:53,599 - DataBase.py[line:56] - INFO: select * from record_201808 where emp_id=000006 and time<'2018-08-09'
2018-09-04 16:52:53,600 - DataBase.py[line:56] - INFO: select * from record_201808 where emp_id=000006 and time like '2018-08-10%'
2018-09-04 16:52:53,600 - DataBase.py[line:56] - INFO: select * from record_201808 where emp_id=000006 and time<'2018-08-10'
2018-09-04 16:52:53,600 - DataBase.py[line:56] - INFO: select * from record_201808 where emp_id=000006 and time like '2018-08-11%'
2018-09-04 16:52:53,601 - DataBase.py[line:56] - INFO: select * from record_201808 where emp_id=000006 and time<'2018-08-11'
2018-09-04 16:52:53,601 - DataBase.py[line:56] - INFO: select * from record_201808 where emp_id=000006 and time like '2018-08-12%'
2018-09-04 16:52:53,601 - DataBase.py[line:56] - INFO: select * from record_201808 where emp_id=000006 and time<'2018-08-12'
2018-09-04 16:52:53,602 - DataBase.py[line:56] - INFO: select * from record_201808 where emp_id=000006 and time like '2018-08-13%'
2018-09-04 16:52:53,602 - DataBase.py[line:56] - INFO: select * from record_201808 where emp_id=000006 and time<'2018-08-13'
2018-09-04 16:52:53,602 - DataBase.py[line:56] - INFO: select * from record_201808 where emp_id=000006 and time like '2018-08-14%'
2018-09-04 16:52:53,603 - DataBase.py[line:56] - INFO: select * from record_201808 where emp_id=000006 and time<'2018-08-14'
2018-09-04 16:52:53,603 - DataBase.py[line:56] - INFO: select * from record_201808 where emp_id=000006 and time like '2018-08-15%'
2018-09-04 16:52:53,603 - DataBase.py[line:56] - INFO: select * from record_201808 where emp_id=000006 and time<'2018-08-15'
2018-09-04 16:52:53,604 - DataBase.py[line:56] - INFO: select * from record_201808 where emp_id=000006 and time like '2018-08-16%'
2018-09-04 16:52:53,604 - DataBase.py[line:56] - INFO: select * from record_201808 where emp_id=000006 and time<'2018-08-16'
2018-09-04 16:52:53,604 - DataBase.py[line:56] - INFO: select * from record_201808 where emp_id=000006 and time like '2018-08-17%'
2018-09-04 16:52:53,605 - DataBase.py[line:56] - INFO: select * from record_201808 where emp_id=000006 and time<'2018-08-17'
2018-09-04 16:52:53,605 - DataBase.py[line:56] - INFO: select * from record_201808 where emp_id=000006 and time like '2018-08-18%'
2018-09-04 16:52:53,605 - DataBase.py[line:56] - INFO: select * from record_201808 where emp_id=000006 and time<'2018-08-18'
2018-09-04 16:52:53,606 - DataBase.py[line:56] - INFO: select * from record_201808 where emp_id=000006 and time like '2018-08-19%'
2018-09-04 16:52:53,606 - DataBase.py[line:56] - INFO: select * from record_201808 where emp_id=000006 and time<'2018-08-19'
2018-09-04 16:52:53,606 - DataBase.py[line:56] - INFO: select * from record_201808 where emp_id=000006 and time like '2018-08-20%'
2018-09-04 16:52:53,607 - DataBase.py[line:56] - INFO: select * from record_201808 where emp_id=000006 and time<'2018-08-20'
2018-09-04 16:52:53,607 - DataBase.py[line:56] - INFO: select * from record_201808 where emp_id=000006 and time like '2018-08-21%'
2018-09-04 16:52:53,607 - DataBase.py[line:56] - INFO: select * from record_201808 where emp_id=000006 and time<'2018-08-21'
2018-09-04 16:52:53,608 - DataBase.py[line:56] - INFO: select * from record_201808 where emp_id=000006 and time like '2018-08-22%'
2018-09-04 16:52:53,608 - DataBase.py[line:56] - INFO: select * from record_201808 where emp_id=000006 and time<'2018-08-22'
2018-09-04 16:52:53,609 - DataBase.py[line:56] - INFO: select * from record_201808 where emp_id=000006 and time like '2018-08-23%'
2018-09-04 16:52:53,609 - DataBase.py[line:56] - INFO: select * from record_201808 where emp_id=000006 and time<'2018-08-23'
2018-09-04 16:52:53,609 - DataBase.py[line:56] - INFO: select * from record_201808 where emp_id=000006 and time like '2018-08-24%'
2018-09-04 16:52:53,610 - DataBase.py[line:56] - INFO: select * from record_201808 where emp_id=000006 and time<'2018-08-24'
2018-09-04 16:52:53,610 - DataBase.py[line:56] - INFO: select * from record_201808 where emp_id=000006 and time like '2018-08-25%'
2018-09-04 16:52:53,610 - DataBase.py[line:56] - INFO: select * from record_201808 where emp_id=000006 and time<'2018-08-25'
2018-09-04 16:52:53,611 - DataBase.py[line:56] - INFO: select * from record_201808 where emp_id=000006 and time like '2018-08-26%'
2018-09-04 16:52:53,612 - DataBase.py[line:56] - INFO: select * from record_201808 where emp_id=000006 and time<'2018-08-26'
2018-09-04 16:52:53,612 - DataBase.py[line:56] - INFO: select * from record_201808 where emp_id=000006 and time like '2018-08-27%'
2018-09-04 16:52:53,612 - DataBase.py[line:56] - INFO: select * from record_201808 where emp_id=000006 and time<'2018-08-27'
2018-09-04 16:52:53,612 - DataBase.py[line:56] - INFO: select * from record_201808 where emp_id=000006 and time like '2018-08-28%'
2018-09-04 16:52:53,613 - DataBase.py[line:56] - INFO: select * from record_201808 where emp_id=000006 and time<'2018-08-28'
2018-09-04 16:52:53,613 - DataBase.py[line:56] - INFO: select * from record_201808 where emp_id=000006 and time like '2018-08-29%'
2018-09-04 16:52:53,613 - DataBase.py[line:56] - INFO: select * from record_201808 where emp_id=000006 and time<'2018-08-29'
2018-09-04 16:52:53,614 - DataBase.py[line:56] - INFO: select * from record_201808 where emp_id=000006 and time like '2018-08-30%'
2018-09-04 16:52:53,614 - DataBase.py[line:56] - INFO: select * from record_201808 where emp_id=000006 and time<'2018-08-30'
2018-09-04 16:52:53,614 - DataBase.py[line:56] - INFO: select * from record_201808 where emp_id=000006 and time like '2018-08-31%'
2018-09-04 16:52:53,615 - DataBase.py[line:56] - INFO: select * from record_201808 where emp_id=000006 and time<'2018-08-31'
2018-09-04 16:52:53,615 - DataBase.py[line:56] - INFO: select * from record_201808 where emp_id=000007 and time like '2018-08-01%'
2018-09-04 16:52:53,615 - DataBase.py[line:56] - INFO: select * from record_201808 where emp_id=000007 and time<'2018-08-01'
2018-09-04 16:52:53,616 - DataBase.py[line:56] - INFO: select * from record_201808 where emp_id=000007 and time like '2018-08-02%'
2018-09-04 16:52:53,616 - DataBase.py[line:56] - INFO: select * from record_201808 where emp_id=000007 and time<'2018-08-02'
2018-09-04 16:52:53,616 - DataBase.py[line:56] - INFO: select * from record_201808 where emp_id=000007 and time like '2018-08-03%'
2018-09-04 16:52:53,617 - DataBase.py[line:56] - INFO: select * from record_201808 where emp_id=000007 and time<'2018-08-03'
2018-09-04 16:52:53,617 - DataBase.py[line:56] - INFO: select * from record_201808 where emp_id=000007 and time like '2018-08-04%'
2018-09-04 16:52:53,617 - DataBase.py[line:56] - INFO: select * from record_201808 where emp_id=000007 and time<'2018-08-04'
2018-09-04 16:52:53,618 - DataBase.py[line:56] - INFO: select * from record_201808 where emp_id=000007 and time like '2018-08-05%'
2018-09-04 16:52:53,618 - DataBase.py[line:56] - INFO: select * from record_201808 where emp_id=000007 and time<'2018-08-05'
2018-09-04 16:52:53,618 - DataBase.py[line:56] - INFO: select * from record_201808 where emp_id=000007 and time like '2018-08-06%'
2018-09-04 16:52:53,619 - DataBase.py[line:56] - INFO: select * from record_201808 where emp_id=000007 and time<'2018-08-06'
2018-09-04 16:52:53,619 - DataBase.py[line:56] - INFO: select * from record_201808 where emp_id=000007 and time like '2018-08-07%'
2018-09-04 16:52:53,619 - DataBase.py[line:56] - INFO: select * from record_201808 where emp_id=000007 and time<'2018-08-07'
2018-09-04 16:52:53,620 - DataBase.py[line:56] - INFO: select * from record_201808 where emp_id=000007 and time like '2018-08-08%'
2018-09-04 16:52:53,620 - DataBase.py[line:56] - INFO: select * from record_201808 where emp_id=000007 and time<'2018-08-08'
2018-09-04 16:52:53,620 - DataBase.py[line:56] - INFO: select * from record_201808 where emp_id=000007 and time like '2018-08-09%'
2018-09-04 16:52:53,621 - DataBase.py[line:56] - INFO: select * from record_201808 where emp_id=000007 and time<'2018-08-09'
2018-09-04 16:52:53,621 - DataBase.py[line:56] - INFO: select * from record_201808 where emp_id=000007 and time like '2018-08-10%'
2018-09-04 16:52:53,621 - DataBase.py[line:56] - INFO: select * from record_201808 where emp_id=000007 and time<'2018-08-10'
2018-09-04 16:52:53,622 - DataBase.py[line:56] - INFO: select * from record_201808 where emp_id=000007 and time like '2018-08-11%'
2018-09-04 16:52:53,622 - DataBase.py[line:56] - INFO: select * from record_201808 where emp_id=000007 and time<'2018-08-11'
2018-09-04 16:52:53,623 - DataBase.py[line:56] - INFO: select * from record_201808 where emp_id=000007 and time like '2018-08-12%'
2018-09-04 16:52:53,623 - DataBase.py[line:56] - INFO: select * from record_201808 where emp_id=000007 and time<'2018-08-12'
2018-09-04 16:52:53,623 - DataBase.py[line:56] - INFO: select * from record_201808 where emp_id=000007 and time like '2018-08-13%'
2018-09-04 16:52:53,624 - DataBase.py[line:56] - INFO: select * from record_201808 where emp_id=000007 and time<'2018-08-13'
2018-09-04 16:52:53,624 - DataBase.py[line:56] - INFO: select * from record_201808 where emp_id=000007 and time like '2018-08-14%'
2018-09-04 16:52:53,625 - DataBase.py[line:56] - INFO: select * from record_201808 where emp_id=000007 and time<'2018-08-14'
2018-09-04 16:52:53,625 - DataBase.py[line:56] - INFO: select * from record_201808 where emp_id=000007 and time like '2018-08-15%'
2018-09-04 16:52:53,625 - DataBase.py[line:56] - INFO: select * from record_201808 where emp_id=000007 and time<'2018-08-15'
2018-09-04 16:52:53,626 - DataBase.py[line:56] - INFO: select * from record_201808 where emp_id=000007 and time like '2018-08-16%'
2018-09-04 16:52:53,626 - DataBase.py[line:56] - INFO: select * from record_201808 where emp_id=000007 and time<'2018-08-16'
2018-09-04 16:52:53,626 - DataBase.py[line:56] - INFO: select * from record_201808 where emp_id=000007 and time like '2018-08-17%'
2018-09-04 16:52:53,627 - DataBase.py[line:56] - INFO: select * from record_201808 where emp_id=000007 and time<'2018-08-17'
2018-09-04 16:52:53,627 - DataBase.py[line:56] - INFO: select * from record_201808 where emp_id=000007 and time like '2018-08-18%'
2018-09-04 16:52:53,627 - DataBase.py[line:56] - INFO: select * from record_201808 where emp_id=000007 and time<'2018-08-18'
2018-09-04 16:52:53,628 - DataBase.py[line:56] - INFO: select * from record_201808 where emp_id=000007 and time like '2018-08-19%'
2018-09-04 16:52:53,628 - DataBase.py[line:56] - INFO: select * from record_201808 where emp_id=000007 and time<'2018-08-19'
2018-09-04 16:52:53,628 - DataBase.py[line:56] - INFO: select * from record_201808 where emp_id=000007 and time like '2018-08-20%'
2018-09-04 16:52:53,628 - DataBase.py[line:56] - INFO: select * from record_201808 where emp_id=000007 and time<'2018-08-20'
2018-09-04 16:52:53,629 - DataBase.py[line:56] - INFO: select * from record_201808 where emp_id=000007 and time like '2018-08-21%'
2018-09-04 16:52:53,629 - DataBase.py[line:56] - INFO: select * from record_201808 where emp_id=000007 and time<'2018-08-21'
2018-09-04 16:52:53,629 - DataBase.py[line:56] - INFO: select * from record_201808 where emp_id=000007 and time like '2018-08-22%'
2018-09-04 16:52:53,630 - DataBase.py[line:56] - INFO: select * from record_201808 where emp_id=000007 and time<'2018-08-22'
2018-09-04 16:52:53,630 - DataBase.py[line:56] - INFO: select * from record_201808 where emp_id=000007 and time like '2018-08-23%'
2018-09-04 16:52:53,630 - DataBase.py[line:56] - INFO: select * from record_201808 where emp_id=000007 and time<'2018-08-23'
2018-09-04 16:52:53,631 - DataBase.py[line:56] - INFO: select * from record_201808 where emp_id=000007 and time like '2018-08-24%'
2018-09-04 16:52:53,631 - DataBase.py[line:56] - INFO: select * from record_201808 where emp_id=000007 and time<'2018-08-24'
2018-09-04 16:52:53,631 - DataBase.py[line:56] - INFO: select * from record_201808 where emp_id=000007 and time like '2018-08-25%'
2018-09-04 16:52:53,632 - DataBase.py[line:56] - INFO: select * from record_201808 where emp_id=000007 and time<'2018-08-25'
2018-09-04 16:52:53,632 - DataBase.py[line:56] - INFO: select * from record_201808 where emp_id=000007 and time like '2018-08-26%'
2018-09-04 16:52:53,632 - DataBase.py[line:56] - INFO: select * from record_201808 where emp_id=000007 and time<'2018-08-26'
2018-09-04 16:52:53,633 - DataBase.py[line:56] - INFO: select * from record_201808 where emp_id=000007 and time like '2018-08-27%'
2018-09-04 16:52:53,633 - DataBase.py[line:56] - INFO: select * from record_201808 where emp_id=000007 and time<'2018-08-27'
2018-09-04 16:52:53,633 - DataBase.py[line:56] - INFO: select * from record_201808 where emp_id=000007 and time like '2018-08-28%'
2018-09-04 16:52:53,634 - DataBase.py[line:56] - INFO: select * from record_201808 where emp_id=000007 and time<'2018-08-28'
2018-09-04 16:52:53,634 - DataBase.py[line:56] - INFO: select * from record_201808 where emp_id=000007 and time like '2018-08-29%'
2018-09-04 16:52:53,634 - DataBase.py[line:56] - INFO: select * from record_201808 where emp_id=000007 and time<'2018-08-29'
2018-09-04 16:52:53,635 - DataBase.py[line:56] - INFO: select * from record_201808 where emp_id=000007 and time like '2018-08-30%'
2018-09-04 16:52:53,635 - DataBase.py[line:56] - INFO: select * from record_201808 where emp_id=000007 and time<'2018-08-30'
2018-09-04 16:52:53,635 - DataBase.py[line:56] - INFO: select * from record_201808 where emp_id=000007 and time like '2018-08-31%'
2018-09-04 16:52:53,636 - DataBase.py[line:56] - INFO: select * from record_201808 where emp_id=000007 and time<'2018-08-31'
