2018-09-06 10:10:04,573 - DataBase.py[line:23] - INFO: database class is creating...
2018-09-06 10:10:04,790 - DataBase.py[line:51] - INFO: database is connecting...
2018-09-06 10:10:52,690 - DataBase.py[line:56] - INFO: select * from empinfo where Emp_id=000001
2018-09-06 10:10:52,748 - DataBase.py[line:56] - INFO: select password from empinfo where Emp_id=000001
2018-09-06 10:11:59,943 - DataBase.py[line:56] - INFO: select * from empinfo where Emp_id=000001
2018-09-06 10:11:59,989 - DataBase.py[line:56] - INFO: select password from empinfo where Emp_id=000001
2018-09-06 10:12:03,305 - DataBase.py[line:56] - INFO: select * from empinfo where Emp_id=000001
2018-09-06 10:15:38,639 - DataBase.py[line:56] - INFO: select * from empinfo where Emp_id=000001
2018-09-06 10:15:38,689 - DataBase.py[line:56] - INFO: select password from empinfo where Emp_id=000001
2018-09-06 10:22:44,547 - DataBase.py[line:56] - INFO: select * from empinfo where Emp_id=000001
2018-09-06 10:22:44,590 - DataBase.py[line:56] - INFO: select password from empinfo where Emp_id=000001
2018-09-06 10:23:54,600 - DataBase.py[line:56] - INFO: select * from empinfo where Emp_id=000001
2018-09-06 10:23:54,649 - DataBase.py[line:56] - INFO: select password from empinfo where Emp_id=000001
2018-09-06 10:31:45,855 - DataBase.py[line:56] - INFO: select * from empinfo where Emp_id=000001
2018-09-06 10:31:45,898 - DataBase.py[line:56] - INFO: select password from empinfo where Emp_id=000001
2018-09-06 10:32:49,391 - DataBase.py[line:56] - INFO: select * from empinfo where Emp_id=000001
2018-09-06 10:32:49,448 - DataBase.py[line:56] - INFO: select password from empinfo where Emp_id=000001
2018-09-06 10:32:59,471 - DataBase.py[line:67] - INFO: INSERT INTO `facepro`.`empinfo` (`Emp_id`, `Emp_name`, `Emp_department`, `password`, `Emp_photo`) VALUES ('111', '', '', '111', 'None')
2018-09-06 10:33:49,706 - DataBase.py[line:56] - INFO: select * from empinfo where Emp_id=000001
2018-09-06 10:33:49,756 - DataBase.py[line:56] - INFO: select password from empinfo where Emp_id=000001
2018-09-06 10:40:06,731 - DataBase.py[line:56] - INFO: select * from empinfo where Emp_id=000001
2018-09-06 10:40:06,774 - DataBase.py[line:56] - INFO: select password from empinfo where Emp_id=000001
2018-09-06 10:40:16,330 - DataBase.py[line:56] - INFO: select * from empinfo where Emp_id=000001
2018-09-06 10:40:25,241 - DataBase.py[line:56] - INFO: select * from record_201808 where emp_id=000001
2018-09-06 10:40:25,296 - DataBase.py[line:56] - INFO: select * from record_201808 where emp_id=000001 and time like '2018-08-01%'
2018-09-06 10:40:25,334 - DataBase.py[line:56] - INFO: select * from record_201808 where emp_id=000001 and time<'2018-08-01'
2018-09-06 10:40:25,373 - DataBase.py[line:56] - INFO: select * from record_201808 where emp_id=000001 and time like '2018-08-01%'
2018-09-06 10:40:25,413 - DataBase.py[line:56] - INFO: select * from record_201808 where emp_id=000001 and time<'2018-08-01'
2018-09-06 10:40:25,452 - DataBase.py[line:56] - INFO: select * from record_201808 where emp_id=000001 and time like '2018-08-02%'
2018-09-06 10:40:25,491 - DataBase.py[line:56] - INFO: select * from record_201808 where emp_id=000001 and time<'2018-08-02'
2018-09-06 10:40:25,530 - DataBase.py[line:56] - INFO: select * from record_201808 where emp_id=000001 and time like '2018-08-02%'
2018-09-06 10:40:25,569 - DataBase.py[line:56] - INFO: select * from record_201808 where emp_id=000001 and time<'2018-08-02'
2018-09-06 10:40:25,607 - DataBase.py[line:56] - INFO: select * from record_201808 where emp_id=000001 and time like '2018-08-03%'
2018-09-06 10:40:25,646 - DataBase.py[line:56] - INFO: select * from record_201808 where emp_id=000001 and time<'2018-08-03'
2018-09-06 10:40:25,684 - DataBase.py[line:56] - INFO: select * from record_201808 where emp_id=000001 and time like '2018-08-03%'
2018-09-06 10:40:25,722 - DataBase.py[line:56] - INFO: select * from record_201808 where emp_id=000001 and time<'2018-08-03'
2018-09-06 10:40:25,760 - DataBase.py[line:56] - INFO: select * from record_201808 where emp_id=000001 and time like '2018-08-04%'
2018-09-06 10:40:25,798 - DataBase.py[line:56] - INFO: select * from record_201808 where emp_id=000001 and time<'2018-08-04'
2018-09-06 10:40:25,837 - DataBase.py[line:56] - INFO: select * from record_201808 where emp_id=000001 and time like '2018-08-04%'
2018-09-06 10:40:25,875 - DataBase.py[line:56] - INFO: select * from record_201808 where emp_id=000001 and time<'2018-08-04'
2018-09-06 10:40:25,914 - DataBase.py[line:56] - INFO: select * from record_201808 where emp_id=000001 and time like '2018-08-05%'
2018-09-06 10:40:25,951 - DataBase.py[line:56] - INFO: select * from record_201808 where emp_id=000001 and time<'2018-08-05'
2018-09-06 10:40:25,992 - DataBase.py[line:56] - INFO: select * from record_201808 where emp_id=000001 and time like '2018-08-05%'
2018-09-06 10:40:26,032 - DataBase.py[line:56] - INFO: select * from record_201808 where emp_id=000001 and time<'2018-08-05'
2018-09-06 10:40:26,074 - DataBase.py[line:56] - INFO: select * from record_201808 where emp_id=000001 and time like '2018-08-06%'
2018-09-06 10:40:26,113 - DataBase.py[line:56] - INFO: select * from record_201808 where emp_id=000001 and time<'2018-08-06'
2018-09-06 10:40:26,150 - DataBase.py[line:56] - INFO: select * from record_201808 where emp_id=000001 and time like '2018-08-06%'
2018-09-06 10:40:26,187 - DataBase.py[line:56] - INFO: select * from record_201808 where emp_id=000001 and time<'2018-08-06'
2018-09-06 10:40:26,225 - DataBase.py[line:56] - INFO: select * from record_201808 where emp_id=000001 and time like '2018-08-07%'
2018-09-06 10:40:26,263 - DataBase.py[line:56] - INFO: select * from record_201808 where emp_id=000001 and time<'2018-08-07'
2018-09-06 10:40:26,301 - DataBase.py[line:56] - INFO: select * from record_201808 where emp_id=000001 and time like '2018-08-07%'
2018-09-06 10:40:26,342 - DataBase.py[line:56] - INFO: select * from record_201808 where emp_id=000001 and time<'2018-08-07'
2018-09-06 10:40:26,382 - DataBase.py[line:56] - INFO: select * from record_201808 where emp_id=000001 and time like '2018-08-08%'
2018-09-06 10:40:26,420 - DataBase.py[line:56] - INFO: select * from record_201808 where emp_id=000001 and time<'2018-08-08'
2018-09-06 10:40:26,458 - DataBase.py[line:56] - INFO: select * from record_201808 where emp_id=000001 and time like '2018-08-08%'
2018-09-06 10:40:26,497 - DataBase.py[line:56] - INFO: select * from record_201808 where emp_id=000001 and time<'2018-08-08'
2018-09-06 10:40:26,535 - DataBase.py[line:56] - INFO: select * from record_201808 where emp_id=000001 and time like '2018-08-09%'
2018-09-06 10:40:26,573 - DataBase.py[line:56] - INFO: select * from record_201808 where emp_id=000001 and time<'2018-08-09'
2018-09-06 10:40:26,611 - DataBase.py[line:56] - INFO: select * from record_201808 where emp_id=000001 and time like '2018-08-09%'
2018-09-06 10:40:26,649 - DataBase.py[line:56] - INFO: select * from record_201808 where emp_id=000001 and time<'2018-08-09'
2018-09-06 10:40:26,687 - DataBase.py[line:56] - INFO: select * from record_201808 where emp_id=000001 and time like '2018-08-10%'
2018-09-06 10:40:26,725 - DataBase.py[line:56] - INFO: select * from record_201808 where emp_id=000001 and time<'2018-08-10'
2018-09-06 10:40:26,764 - DataBase.py[line:56] - INFO: select * from record_201808 where emp_id=000001 and time like '2018-08-10%'
2018-09-06 10:40:26,802 - DataBase.py[line:56] - INFO: select * from record_201808 where emp_id=000001 and time<'2018-08-10'
2018-09-06 10:40:26,842 - DataBase.py[line:56] - INFO: select * from record_201808 where emp_id=000001 and time like '2018-08-11%'
2018-09-06 10:40:26,881 - DataBase.py[line:56] - INFO: select * from record_201808 where emp_id=000001 and time<'2018-08-11'
2018-09-06 10:40:26,918 - DataBase.py[line:56] - INFO: select * from record_201808 where emp_id=000001 and time like '2018-08-11%'
2018-09-06 10:40:26,958 - DataBase.py[line:56] - INFO: select * from record_201808 where emp_id=000001 and time<'2018-08-11'
2018-09-06 10:40:26,996 - DataBase.py[line:56] - INFO: select * from record_201808 where emp_id=000001 and time like '2018-08-12%'
2018-09-06 10:40:27,035 - DataBase.py[line:56] - INFO: select * from record_201808 where emp_id=000001 and time<'2018-08-12'
2018-09-06 10:40:27,073 - DataBase.py[line:56] - INFO: select * from record_201808 where emp_id=000001 and time like '2018-08-12%'
2018-09-06 10:40:27,110 - DataBase.py[line:56] - INFO: select * from record_201808 where emp_id=000001 and time<'2018-08-12'
2018-09-06 10:40:27,148 - DataBase.py[line:56] - INFO: select * from record_201808 where emp_id=000001 and time like '2018-08-13%'
2018-09-06 10:40:27,186 - DataBase.py[line:56] - INFO: select * from record_201808 where emp_id=000001 and time<'2018-08-13'
2018-09-06 10:40:27,224 - DataBase.py[line:56] - INFO: select * from record_201808 where emp_id=000001 and time like '2018-08-13%'
2018-09-06 10:40:27,262 - DataBase.py[line:56] - INFO: select * from record_201808 where emp_id=000001 and time<'2018-08-13'
2018-09-06 10:40:27,302 - DataBase.py[line:56] - INFO: select * from record_201808 where emp_id=000001 and time like '2018-08-14%'
2018-09-06 10:40:27,342 - DataBase.py[line:56] - INFO: select * from record_201808 where emp_id=000001 and time<'2018-08-14'
2018-09-06 10:40:27,381 - DataBase.py[line:56] - INFO: select * from record_201808 where emp_id=000001 and time like '2018-08-14%'
2018-09-06 10:40:27,421 - DataBase.py[line:56] - INFO: select * from record_201808 where emp_id=000001 and time<'2018-08-14'
2018-09-06 10:40:27,460 - DataBase.py[line:56] - INFO: select * from record_201808 where emp_id=000001 and time like '2018-08-15%'
2018-09-06 10:40:27,498 - DataBase.py[line:56] - INFO: select * from record_201808 where emp_id=000001 and time<'2018-08-15'
2018-09-06 10:40:27,536 - DataBase.py[line:56] - INFO: select * from record_201808 where emp_id=000001 and time like '2018-08-15%'
2018-09-06 10:40:27,576 - DataBase.py[line:56] - INFO: select * from record_201808 where emp_id=000001 and time<'2018-08-15'
2018-09-06 10:40:27,614 - DataBase.py[line:56] - INFO: select * from record_201808 where emp_id=000001 and time like '2018-08-16%'
2018-09-06 10:40:27,652 - DataBase.py[line:56] - INFO: select * from record_201808 where emp_id=000001 and time<'2018-08-16'
2018-09-06 10:40:27,692 - DataBase.py[line:56] - INFO: select * from record_201808 where emp_id=000001 and time like '2018-08-16%'
2018-09-06 10:40:27,730 - DataBase.py[line:56] - INFO: select * from record_201808 where emp_id=000001 and time<'2018-08-16'
2018-09-06 10:40:27,768 - DataBase.py[line:56] - INFO: select * from record_201808 where emp_id=000001 and time like '2018-08-17%'
2018-09-06 10:40:27,807 - DataBase.py[line:56] - INFO: select * from record_201808 where emp_id=000001 and time<'2018-08-17'
2018-09-06 10:40:27,846 - DataBase.py[line:56] - INFO: select * from record_201808 where emp_id=000001 and time like '2018-08-17%'
2018-09-06 10:40:27,885 - DataBase.py[line:56] - INFO: select * from record_201808 where emp_id=000001 and time<'2018-08-17'
2018-09-06 10:40:27,923 - DataBase.py[line:56] - INFO: select * from record_201808 where emp_id=000001 and time like '2018-08-18%'
2018-09-06 10:40:27,960 - DataBase.py[line:56] - INFO: select * from record_201808 where emp_id=000001 and time<'2018-08-18'
2018-09-06 10:40:27,999 - DataBase.py[line:56] - INFO: select * from record_201808 where emp_id=000001 and time like '2018-08-18%'
2018-09-06 10:40:28,043 - DataBase.py[line:56] - INFO: select * from record_201808 where emp_id=000001 and time<'2018-08-18'
2018-09-06 10:40:28,081 - DataBase.py[line:56] - INFO: select * from record_201808 where emp_id=000001 and time like '2018-08-19%'
2018-09-06 10:40:28,118 - DataBase.py[line:56] - INFO: select * from record_201808 where emp_id=000001 and time<'2018-08-19'
2018-09-06 10:40:28,156 - DataBase.py[line:56] - INFO: select * from record_201808 where emp_id=000001 and time like '2018-08-19%'
2018-09-06 10:40:28,196 - DataBase.py[line:56] - INFO: select * from record_201808 where emp_id=000001 and time<'2018-08-19'
2018-09-06 10:40:28,235 - DataBase.py[line:56] - INFO: select * from record_201808 where emp_id=000001 and time like '2018-08-20%'
2018-09-06 10:40:28,273 - DataBase.py[line:56] - INFO: select * from record_201808 where emp_id=000001 and time<'2018-08-20'
2018-09-06 10:40:28,312 - DataBase.py[line:56] - INFO: select * from record_201808 where emp_id=000001 and time like '2018-08-20%'
2018-09-06 10:40:28,350 - DataBase.py[line:56] - INFO: select * from record_201808 where emp_id=000001 and time<'2018-08-20'
2018-09-06 10:40:28,388 - DataBase.py[line:56] - INFO: select * from record_201808 where emp_id=000001 and time like '2018-08-21%'
2018-09-06 10:40:28,426 - DataBase.py[line:56] - INFO: select * from record_201808 where emp_id=000001 and time<'2018-08-21'
2018-09-06 10:40:28,464 - DataBase.py[line:56] - INFO: select * from record_201808 where emp_id=000001 and time like '2018-08-21%'
2018-09-06 10:40:28,505 - DataBase.py[line:56] - INFO: select * from record_201808 where emp_id=000001 and time<'2018-08-21'
2018-09-06 10:40:28,542 - DataBase.py[line:56] - INFO: select * from record_201808 where emp_id=000001 and time like '2018-08-22%'
2018-09-06 10:40:28,580 - DataBase.py[line:56] - INFO: select * from record_201808 where emp_id=000001 and time<'2018-08-22'
2018-09-06 10:40:28,618 - DataBase.py[line:56] - INFO: select * from record_201808 where emp_id=000001 and time like '2018-08-22%'
2018-09-06 10:40:28,656 - DataBase.py[line:56] - INFO: select * from record_201808 where emp_id=000001 and time<'2018-08-22'
2018-09-06 10:40:28,695 - DataBase.py[line:56] - INFO: select * from record_201808 where emp_id=000001 and time like '2018-08-23%'
2018-09-06 10:40:28,734 - DataBase.py[line:56] - INFO: select * from record_201808 where emp_id=000001 and time<'2018-08-23'
2018-09-06 10:40:28,771 - DataBase.py[line:56] - INFO: select * from record_201808 where emp_id=000001 and time like '2018-08-23%'
2018-09-06 10:40:28,811 - DataBase.py[line:56] - INFO: select * from record_201808 where emp_id=000001 and time<'2018-08-23'
2018-09-06 10:40:28,849 - DataBase.py[line:56] - INFO: select * from record_201808 where emp_id=000001 and time like '2018-08-24%'
2018-09-06 10:40:28,888 - DataBase.py[line:56] - INFO: select * from record_201808 where emp_id=000001 and time<'2018-08-24'
2018-09-06 10:40:28,927 - DataBase.py[line:56] - INFO: select * from record_201808 where emp_id=000001 and time like '2018-08-24%'
2018-09-06 10:40:28,964 - DataBase.py[line:56] - INFO: select * from record_201808 where emp_id=000001 and time<'2018-08-24'
2018-09-06 10:40:29,006 - DataBase.py[line:56] - INFO: select * from record_201808 where emp_id=000001 and time like '2018-08-25%'
2018-09-06 10:40:29,044 - DataBase.py[line:56] - INFO: select * from record_201808 where emp_id=000001 and time<'2018-08-25'
2018-09-06 10:40:29,083 - DataBase.py[line:56] - INFO: select * from record_201808 where emp_id=000001 and time like '2018-08-25%'
2018-09-06 10:40:29,123 - DataBase.py[line:56] - INFO: select * from record_201808 where emp_id=000001 and time<'2018-08-25'
2018-09-06 10:40:29,167 - DataBase.py[line:56] - INFO: select * from record_201808 where emp_id=000001 and time like '2018-08-26%'
2018-09-06 10:40:29,206 - DataBase.py[line:56] - INFO: select * from record_201808 where emp_id=000001 and time<'2018-08-26'
2018-09-06 10:40:29,244 - DataBase.py[line:56] - INFO: select * from record_201808 where emp_id=000001 and time like '2018-08-26%'
2018-09-06 10:40:29,282 - DataBase.py[line:56] - INFO: select * from record_201808 where emp_id=000001 and time<'2018-08-26'
2018-09-06 10:40:29,320 - DataBase.py[line:56] - INFO: select * from record_201808 where emp_id=000001 and time like '2018-08-27%'
2018-09-06 10:40:29,359 - DataBase.py[line:56] - INFO: select * from record_201808 where emp_id=000001 and time<'2018-08-27'
2018-09-06 10:40:29,397 - DataBase.py[line:56] - INFO: select * from record_201808 where emp_id=000001 and time like '2018-08-27%'
2018-09-06 10:40:29,435 - DataBase.py[line:56] - INFO: select * from record_201808 where emp_id=000001 and time<'2018-08-27'
2018-09-06 10:40:29,475 - DataBase.py[line:56] - INFO: select * from record_201808 where emp_id=000001 and time like '2018-08-28%'
2018-09-06 10:40:29,512 - DataBase.py[line:56] - INFO: select * from record_201808 where emp_id=000001 and time like '2018-08-28%'
2018-09-06 10:40:29,550 - DataBase.py[line:56] - INFO: select * from record_201808 where emp_id=000001 and time like '2018-08-29%'
2018-09-06 10:40:29,589 - DataBase.py[line:56] - INFO: select * from record_201808 where emp_id=000001 and time<'2018-08-29'
2018-09-06 10:40:29,627 - DataBase.py[line:56] - INFO: select * from record_201808 where emp_id=000001
2018-09-06 10:40:29,665 - DataBase.py[line:56] - INFO: select * from record_201808 where emp_id=000001
2018-09-06 10:40:29,704 - DataBase.py[line:56] - INFO: select * from record_201808 where emp_id=000001 and time like '2018-08-29%'
2018-09-06 10:40:29,741 - DataBase.py[line:56] - INFO: select * from record_201808 where emp_id=000001
2018-09-06 10:40:29,780 - DataBase.py[line:56] - INFO: select * from record_201808 where emp_id=000001 and time like '2018-08-30%'
2018-09-06 10:40:29,818 - DataBase.py[line:56] - INFO: select * from record_201808 where emp_id=000001 and time like '2018-08-30%'
2018-09-06 10:40:29,857 - DataBase.py[line:56] - INFO: select * from record_201808 where emp_id=000001 and time like '2018-08-31%'
2018-09-06 10:40:29,896 - DataBase.py[line:56] - INFO: select * from record_201808 where emp_id=000001 and time<'2018-08-31'
2018-09-06 10:40:29,935 - DataBase.py[line:56] - INFO: select * from record_201808 where emp_id=000001 and time like '2018-08-31%'
2018-09-06 10:40:29,973 - DataBase.py[line:56] - INFO: select * from record_201808 where emp_id=000001 and time<'2018-08-31'
2018-09-06 10:40:30,013 - DataBase.py[line:56] - INFO: select * from empinfo where Emp_id=000001
2018-09-06 10:43:37,411 - DataBase.py[line:56] - INFO: select * from empinfo where Emp_id=000001
2018-09-06 10:43:37,464 - DataBase.py[line:56] - INFO: select password from empinfo where Emp_id=000001
2018-09-06 10:43:49,776 - DataBase.py[line:67] - INFO: INSERT INTO `facepro`.`empinfo` (`Emp_id`, `Emp_name`, `Emp_department`, `password`, `Emp_photo`) VALUES ('10086', '', '', '10086', 'None')
