2018-09-04 08:57:31,055 - DataBase.py[line:23] - INFO: database class is creating...
2018-09-04 08:57:31,077 - DataBase.py[line:51] - INFO: database is connecting...
2018-09-04 08:57:34,109 - DataBase.py[line:56] - INFO: select * from empinfo where Emp_id=000002
2018-09-04 08:57:34,110 - DataBase.py[line:56] - INFO: select password from empinfo where Emp_id=000002
2018-09-04 08:57:34,110 - DataBase.py[line:56] - INFO: select * from empinfo where Emp_id=000002
2018-09-04 08:57:34,111 - DataBase.py[line:56] - INFO: select * from record_201808 where emp_id=000001
2018-09-04 08:57:34,112 - DataBase.py[line:56] - INFO: select * from record_201808 where emp_id=000001 and time like '2018-08-1%'
2018-09-04 08:57:34,114 - DataBase.py[line:56] - INFO: select * from record_201808 where emp_id=000001
2018-09-04 08:57:34,114 - DataBase.py[line:56] - INFO: select * from record_201808 where emp_id=000001 and time like '2018-08-01%'
2018-09-04 08:57:34,114 - DataBase.py[line:56] - INFO: select * from record_201808 where emp_id=000001
2018-09-04 08:57:34,114 - DataBase.py[line:56] - INFO: select * from record_201808 where emp_id=000001 and time like '2018-08-2%'
2018-09-04 08:57:34,115 - DataBase.py[line:56] - INFO: select * from record_201808 where emp_id=000001
2018-09-04 08:57:34,115 - DataBase.py[line:56] - INFO: select * from record_201808 where emp_id=000001 and time like '2018-08-02%'
2018-09-04 08:57:34,115 - DataBase.py[line:56] - INFO: select * from record_201808 where emp_id=000001
2018-09-04 08:57:34,116 - DataBase.py[line:56] - INFO: select * from record_201808 where emp_id=000001 and time like '2018-08-3%'
2018-09-04 08:57:34,116 - DataBase.py[line:56] - INFO: select * from record_201808 where emp_id=000001
2018-09-04 08:57:34,117 - DataBase.py[line:56] - INFO: select * from record_201808 where emp_id=000001 and time like '2018-08-03%'
2018-09-04 08:57:34,117 - DataBase.py[line:56] - INFO: select * from record_201808 where emp_id=000001
2018-09-04 08:57:34,117 - DataBase.py[line:56] - INFO: select * from record_201808 where emp_id=000001 and time like '2018-08-4%'
2018-09-04 08:57:34,118 - DataBase.py[line:56] - INFO: select * from record_201808 where emp_id=000001
2018-09-04 08:57:34,118 - DataBase.py[line:56] - INFO: select * from record_201808 where emp_id=000001 and time like '2018-08-04%'
2018-09-04 08:57:34,119 - DataBase.py[line:56] - INFO: select * from record_201808 where emp_id=000001
2018-09-04 08:57:34,119 - DataBase.py[line:56] - INFO: select * from record_201808 where emp_id=000001 and time like '2018-08-5%'
2018-09-04 08:57:34,120 - DataBase.py[line:56] - INFO: select * from record_201808 where emp_id=000001
2018-09-04 08:57:34,120 - DataBase.py[line:56] - INFO: select * from record_201808 where emp_id=000001 and time like '2018-08-05%'
2018-09-04 08:57:34,120 - DataBase.py[line:56] - INFO: select * from record_201808 where emp_id=000001
2018-09-04 08:57:34,121 - DataBase.py[line:56] - INFO: select * from record_201808 where emp_id=000001 and time like '2018-08-6%'
2018-09-04 08:57:34,121 - DataBase.py[line:56] - INFO: select * from record_201808 where emp_id=000001
2018-09-04 08:57:34,122 - DataBase.py[line:56] - INFO: select * from record_201808 where emp_id=000001 and time like '2018-08-06%'
2018-09-04 08:57:34,123 - DataBase.py[line:56] - INFO: select * from record_201808 where emp_id=000001
2018-09-04 08:57:34,124 - DataBase.py[line:56] - INFO: select * from record_201808 where emp_id=000001 and time like '2018-08-7%'
2018-09-04 08:57:34,124 - DataBase.py[line:56] - INFO: select * from record_201808 where emp_id=000001
2018-09-04 08:57:34,125 - DataBase.py[line:56] - INFO: select * from record_201808 where emp_id=000001 and time like '2018-08-07%'
2018-09-04 08:57:34,125 - DataBase.py[line:56] - INFO: select * from record_201808 where emp_id=000001
2018-09-04 08:57:34,125 - DataBase.py[line:56] - INFO: select * from record_201808 where emp_id=000001 and time like '2018-08-8%'
2018-09-04 08:57:34,126 - DataBase.py[line:56] - INFO: select * from record_201808 where emp_id=000001
2018-09-04 08:57:34,126 - DataBase.py[line:56] - INFO: select * from record_201808 where emp_id=000001 and time like '2018-08-08%'
2018-09-04 08:57:34,127 - DataBase.py[line:56] - INFO: select * from record_201808 where emp_id=000001
2018-09-04 08:57:34,127 - DataBase.py[line:56] - INFO: select * from record_201808 where emp_id=000001 and time like '2018-08-9%'
2018-09-04 08:57:34,127 - DataBase.py[line:56] - INFO: select * from record_201808 where emp_id=000001
2018-09-04 08:57:34,128 - DataBase.py[line:56] - INFO: select * from record_201808 where emp_id=000001 and time like '2018-08-09%'
2018-09-04 08:57:34,128 - DataBase.py[line:56] - INFO: select * from record_201808 where emp_id=000001
2018-09-04 08:57:34,129 - DataBase.py[line:56] - INFO: select * from record_201808 where emp_id=000001 and time like '2018-08-10%'
2018-09-04 08:57:34,129 - DataBase.py[line:56] - INFO: select * from record_201808 where emp_id=000001
2018-09-04 08:57:34,129 - DataBase.py[line:56] - INFO: select * from record_201808 where emp_id=000001 and time like '2018-08-10%'
2018-09-04 08:57:34,130 - DataBase.py[line:56] - INFO: select * from record_201808 where emp_id=000001
2018-09-04 08:57:34,130 - DataBase.py[line:56] - INFO: select * from record_201808 where emp_id=000001 and time like '2018-08-11%'
2018-09-04 08:57:34,131 - DataBase.py[line:56] - INFO: select * from record_201808 where emp_id=000001
2018-09-04 08:57:34,131 - DataBase.py[line:56] - INFO: select * from record_201808 where emp_id=000001 and time like '2018-08-11%'
2018-09-04 08:57:34,132 - DataBase.py[line:56] - INFO: select * from record_201808 where emp_id=000001
2018-09-04 08:57:34,132 - DataBase.py[line:56] - INFO: select * from record_201808 where emp_id=000001 and time like '2018-08-12%'
2018-09-04 08:57:34,133 - DataBase.py[line:56] - INFO: select * from record_201808 where emp_id=000001
2018-09-04 08:57:34,133 - DataBase.py[line:56] - INFO: select * from record_201808 where emp_id=000001 and time like '2018-08-12%'
2018-09-04 08:57:34,133 - DataBase.py[line:56] - INFO: select * from record_201808 where emp_id=000001
2018-09-04 08:57:34,134 - DataBase.py[line:56] - INFO: select * from record_201808 where emp_id=000001 and time like '2018-08-13%'
2018-09-04 08:57:34,134 - DataBase.py[line:56] - INFO: select * from record_201808 where emp_id=000001
2018-09-04 08:57:34,135 - DataBase.py[line:56] - INFO: select * from record_201808 where emp_id=000001 and time like '2018-08-13%'
2018-09-04 08:57:34,135 - DataBase.py[line:56] - INFO: select * from record_201808 where emp_id=000001
2018-09-04 08:57:34,136 - DataBase.py[line:56] - INFO: select * from record_201808 where emp_id=000001 and time like '2018-08-14%'
2018-09-04 08:57:34,136 - DataBase.py[line:56] - INFO: select * from record_201808 where emp_id=000001
2018-09-04 08:57:34,136 - DataBase.py[line:56] - INFO: select * from record_201808 where emp_id=000001 and time like '2018-08-14%'
2018-09-04 08:57:34,137 - DataBase.py[line:56] - INFO: select * from record_201808 where emp_id=000001
2018-09-04 08:57:34,137 - DataBase.py[line:56] - INFO: select * from record_201808 where emp_id=000001 and time like '2018-08-15%'
2018-09-04 08:57:34,137 - DataBase.py[line:56] - INFO: select * from record_201808 where emp_id=000001
2018-09-04 08:57:34,138 - DataBase.py[line:56] - INFO: select * from record_201808 where emp_id=000001 and time like '2018-08-15%'
2018-09-04 08:57:34,138 - DataBase.py[line:56] - INFO: select * from record_201808 where emp_id=000001
2018-09-04 08:57:34,139 - DataBase.py[line:56] - INFO: select * from record_201808 where emp_id=000001 and time like '2018-08-16%'
2018-09-04 08:57:34,139 - DataBase.py[line:56] - INFO: select * from record_201808 where emp_id=000001
2018-09-04 08:57:34,140 - DataBase.py[line:56] - INFO: select * from record_201808 where emp_id=000001 and time like '2018-08-16%'
2018-09-04 08:57:34,140 - DataBase.py[line:56] - INFO: select * from record_201808 where emp_id=000001
2018-09-04 08:57:34,140 - DataBase.py[line:56] - INFO: select * from record_201808 where emp_id=000001 and time like '2018-08-17%'
2018-09-04 08:57:34,141 - DataBase.py[line:56] - INFO: select * from record_201808 where emp_id=000001
2018-09-04 08:57:34,141 - DataBase.py[line:56] - INFO: select * from record_201808 where emp_id=000001 and time like '2018-08-17%'
2018-09-04 08:57:34,142 - DataBase.py[line:56] - INFO: select * from record_201808 where emp_id=000001
2018-09-04 08:57:34,142 - DataBase.py[line:56] - INFO: select * from record_201808 where emp_id=000001 and time like '2018-08-18%'
2018-09-04 08:57:34,143 - DataBase.py[line:56] - INFO: select * from record_201808 where emp_id=000001
2018-09-04 08:57:34,143 - DataBase.py[line:56] - INFO: select * from record_201808 where emp_id=000001 and time like '2018-08-18%'
2018-09-04 08:57:34,144 - DataBase.py[line:56] - INFO: select * from record_201808 where emp_id=000001
2018-09-04 08:57:34,144 - DataBase.py[line:56] - INFO: select * from record_201808 where emp_id=000001 and time like '2018-08-19%'
2018-09-04 08:57:34,144 - DataBase.py[line:56] - INFO: select * from record_201808 where emp_id=000001
2018-09-04 08:57:34,145 - DataBase.py[line:56] - INFO: select * from record_201808 where emp_id=000001 and time like '2018-08-19%'
2018-09-04 08:57:34,145 - DataBase.py[line:56] - INFO: select * from record_201808 where emp_id=000001
2018-09-04 08:57:34,145 - DataBase.py[line:56] - INFO: select * from record_201808 where emp_id=000001 and time like '2018-08-20%'
2018-09-04 08:57:34,146 - DataBase.py[line:56] - INFO: select * from record_201808 where emp_id=000001
2018-09-04 08:57:34,146 - DataBase.py[line:56] - INFO: select * from record_201808 where emp_id=000001 and time like '2018-08-20%'
2018-09-04 08:57:34,147 - DataBase.py[line:56] - INFO: select * from record_201808 where emp_id=000001
2018-09-04 08:57:34,147 - DataBase.py[line:56] - INFO: select * from record_201808 where emp_id=000001 and time like '2018-08-21%'
2018-09-04 08:57:34,147 - DataBase.py[line:56] - INFO: select * from record_201808 where emp_id=000001
2018-09-04 08:57:34,148 - DataBase.py[line:56] - INFO: select * from record_201808 where emp_id=000001 and time like '2018-08-21%'
2018-09-04 08:57:34,148 - DataBase.py[line:56] - INFO: select * from record_201808 where emp_id=000001
2018-09-04 08:57:34,149 - DataBase.py[line:56] - INFO: select * from record_201808 where emp_id=000001 and time like '2018-08-22%'
2018-09-04 08:57:34,149 - DataBase.py[line:56] - INFO: select * from record_201808 where emp_id=000001
2018-09-04 08:57:34,149 - DataBase.py[line:56] - INFO: select * from record_201808 where emp_id=000001 and time like '2018-08-22%'
2018-09-04 08:57:34,150 - DataBase.py[line:56] - INFO: select * from record_201808 where emp_id=000001
2018-09-04 08:57:34,150 - DataBase.py[line:56] - INFO: select * from record_201808 where emp_id=000001 and time like '2018-08-23%'
2018-09-04 08:57:34,151 - DataBase.py[line:56] - INFO: select * from record_201808 where emp_id=000001
2018-09-04 08:57:34,151 - DataBase.py[line:56] - INFO: select * from record_201808 where emp_id=000001 and time like '2018-08-23%'
2018-09-04 08:57:34,152 - DataBase.py[line:56] - INFO: select * from record_201808 where emp_id=000001
2018-09-04 08:57:34,152 - DataBase.py[line:56] - INFO: select * from record_201808 where emp_id=000001 and time like '2018-08-24%'
2018-09-04 08:57:34,152 - DataBase.py[line:56] - INFO: select * from record_201808 where emp_id=000001
2018-09-04 08:57:34,153 - DataBase.py[line:56] - INFO: select * from record_201808 where emp_id=000001 and time like '2018-08-24%'
2018-09-04 08:57:34,153 - DataBase.py[line:56] - INFO: select * from record_201808 where emp_id=000001
2018-09-04 08:57:34,154 - DataBase.py[line:56] - INFO: select * from record_201808 where emp_id=000001 and time like '2018-08-25%'
2018-09-04 08:57:34,154 - DataBase.py[line:56] - INFO: select * from record_201808 where emp_id=000001
2018-09-04 08:57:34,154 - DataBase.py[line:56] - INFO: select * from record_201808 where emp_id=000001 and time like '2018-08-25%'
2018-09-04 08:57:34,155 - DataBase.py[line:56] - INFO: select * from record_201808 where emp_id=000001
2018-09-04 08:57:34,155 - DataBase.py[line:56] - INFO: select * from record_201808 where emp_id=000001 and time like '2018-08-26%'
2018-09-04 08:57:34,156 - DataBase.py[line:56] - INFO: select * from record_201808 where emp_id=000001
2018-09-04 08:57:34,156 - DataBase.py[line:56] - INFO: select * from record_201808 where emp_id=000001 and time like '2018-08-26%'
2018-09-04 08:57:34,156 - DataBase.py[line:56] - INFO: select * from record_201808 where emp_id=000001
2018-09-04 08:57:34,157 - DataBase.py[line:56] - INFO: select * from record_201808 where emp_id=000001 and time like '2018-08-27%'
2018-09-04 08:57:34,157 - DataBase.py[line:56] - INFO: select * from record_201808 where emp_id=000001
2018-09-04 08:57:34,158 - DataBase.py[line:56] - INFO: select * from record_201808 where emp_id=000001 and time like '2018-08-27%'
2018-09-04 08:57:34,158 - DataBase.py[line:56] - INFO: select * from record_201808 where emp_id=000001
2018-09-04 08:57:34,158 - DataBase.py[line:56] - INFO: select * from record_201808 where emp_id=000001 and time like '2018-08-28%'
2018-09-04 08:57:34,159 - DataBase.py[line:56] - INFO: select * from record_201808 where emp_id=000001
2018-09-04 08:57:34,159 - DataBase.py[line:56] - INFO: select * from record_201808 where emp_id=000001 and time like '2018-08-28%'
2018-09-04 08:57:34,160 - DataBase.py[line:56] - INFO: select * from record_201808 where emp_id=000001
2018-09-04 08:57:34,160 - DataBase.py[line:56] - INFO: select * from record_201808 where emp_id=000001 and time like '2018-08-29%'
2018-09-04 08:57:34,160 - DataBase.py[line:56] - INFO: select * from record_201808 where emp_id=000001
2018-09-04 08:57:34,161 - DataBase.py[line:56] - INFO: select * from record_201808 where emp_id=000001 and time like '2018-08-29%'
2018-09-04 08:57:34,161 - DataBase.py[line:56] - INFO: select * from record_201808 where emp_id=000001
2018-09-04 08:57:34,162 - DataBase.py[line:56] - INFO: select * from record_201808 where emp_id=000001 and time like '2018-08-30%'
2018-09-04 08:57:34,162 - DataBase.py[line:56] - INFO: select * from record_201808 where emp_id=000001
2018-09-04 08:57:34,162 - DataBase.py[line:56] - INFO: select * from record_201808 where emp_id=000001 and time like '2018-08-30%'
2018-09-04 08:57:34,163 - DataBase.py[line:56] - INFO: select * from record_201808 where emp_id=000001
2018-09-04 08:57:34,163 - DataBase.py[line:56] - INFO: select * from record_201808 where emp_id=000001 and time like '2018-08-31%'
2018-09-04 08:57:34,164 - DataBase.py[line:56] - INFO: select * from record_201808 where emp_id=000001
2018-09-04 08:57:34,164 - DataBase.py[line:56] - INFO: select * from record_201808 where emp_id=000001 and time like '2018-08-31%'
2018-09-04 08:57:34,164 - DataBase.py[line:56] - INFO: select * from record_201808 where emp_id=000001
2018-09-04 08:58:33,790 - DataBase.py[line:56] - INFO: select * from empinfo where Emp_id=000002
2018-09-04 08:58:33,791 - DataBase.py[line:56] - INFO: select password from empinfo where Emp_id=000002
2018-09-04 08:58:33,792 - DataBase.py[line:56] - INFO: select * from empinfo where Emp_id=000002
2018-09-04 08:58:33,792 - DataBase.py[line:56] - INFO: select * from record_201808 where emp_id=000001
2018-09-04 08:58:33,793 - DataBase.py[line:56] - INFO: select * from record_201808 where emp_id=000001 and time like '2018-08-1%'
2018-09-04 08:58:33,793 - DataBase.py[line:56] - INFO: select * from record_201808 where emp_id=000001
2018-09-04 08:58:33,794 - DataBase.py[line:56] - INFO: select * from record_201808 where emp_id=000001 and time like '2018-08-01%'
2018-09-04 08:58:33,794 - DataBase.py[line:56] - INFO: select * from record_201808 where emp_id=000001
2018-09-04 08:58:33,795 - DataBase.py[line:56] - INFO: select * from record_201808 where emp_id=000001 and time like '2018-08-2%'
2018-09-04 08:58:33,795 - DataBase.py[line:56] - INFO: select * from record_201808 where emp_id=000001
2018-09-04 08:58:33,796 - DataBase.py[line:56] - INFO: select * from record_201808 where emp_id=000001 and time like '2018-08-02%'
2018-09-04 08:58:33,796 - DataBase.py[line:56] - INFO: select * from record_201808 where emp_id=000001
2018-09-04 08:58:33,797 - DataBase.py[line:56] - INFO: select * from record_201808 where emp_id=000001 and time like '2018-08-3%'
2018-09-04 08:58:33,797 - DataBase.py[line:56] - INFO: select * from record_201808 where emp_id=000001
2018-09-04 08:58:33,798 - DataBase.py[line:56] - INFO: select * from record_201808 where emp_id=000001 and time like '2018-08-03%'
2018-09-04 08:58:33,798 - DataBase.py[line:56] - INFO: select * from record_201808 where emp_id=000001
2018-09-04 08:58:33,798 - DataBase.py[line:56] - INFO: select * from record_201808 where emp_id=000001 and time like '2018-08-4%'
2018-09-04 08:58:33,799 - DataBase.py[line:56] - INFO: select * from record_201808 where emp_id=000001
2018-09-04 08:58:33,799 - DataBase.py[line:56] - INFO: select * from record_201808 where emp_id=000001 and time like '2018-08-04%'
2018-09-04 08:58:33,800 - DataBase.py[line:56] - INFO: select * from record_201808 where emp_id=000001
2018-09-04 08:58:33,800 - DataBase.py[line:56] - INFO: select * from record_201808 where emp_id=000001 and time like '2018-08-5%'
2018-09-04 08:58:33,801 - DataBase.py[line:56] - INFO: select * from record_201808 where emp_id=000001
2018-09-04 08:58:33,801 - DataBase.py[line:56] - INFO: select * from record_201808 where emp_id=000001 and time like '2018-08-05%'
2018-09-04 08:58:33,801 - DataBase.py[line:56] - INFO: select * from record_201808 where emp_id=000001
2018-09-04 08:58:33,802 - DataBase.py[line:56] - INFO: select * from record_201808 where emp_id=000001 and time like '2018-08-6%'
2018-09-04 08:58:33,802 - DataBase.py[line:56] - INFO: select * from record_201808 where emp_id=000001
2018-09-04 08:58:33,803 - DataBase.py[line:56] - INFO: select * from record_201808 where emp_id=000001 and time like '2018-08-06%'
2018-09-04 08:58:33,803 - DataBase.py[line:56] - INFO: select * from record_201808 where emp_id=000001
2018-09-04 08:58:33,803 - DataBase.py[line:56] - INFO: select * from record_201808 where emp_id=000001 and time like '2018-08-7%'
2018-09-04 08:58:33,804 - DataBase.py[line:56] - INFO: select * from record_201808 where emp_id=000001
2018-09-04 08:58:33,804 - DataBase.py[line:56] - INFO: select * from record_201808 where emp_id=000001 and time like '2018-08-07%'
2018-09-04 08:58:33,805 - DataBase.py[line:56] - INFO: select * from record_201808 where emp_id=000001
2018-09-04 08:58:33,805 - DataBase.py[line:56] - INFO: select * from record_201808 where emp_id=000001 and time like '2018-08-8%'
2018-09-04 08:58:33,805 - DataBase.py[line:56] - INFO: select * from record_201808 where emp_id=000001
2018-09-04 08:58:33,806 - DataBase.py[line:56] - INFO: select * from record_201808 where emp_id=000001 and time like '2018-08-08%'
2018-09-04 08:58:33,806 - DataBase.py[line:56] - INFO: select * from record_201808 where emp_id=000001
2018-09-04 08:58:33,807 - DataBase.py[line:56] - INFO: select * from record_201808 where emp_id=000001 and time like '2018-08-9%'
2018-09-04 08:58:33,807 - DataBase.py[line:56] - INFO: select * from record_201808 where emp_id=000001
2018-09-04 08:58:33,807 - DataBase.py[line:56] - INFO: select * from record_201808 where emp_id=000001 and time like '2018-08-09%'
2018-09-04 08:58:33,808 - DataBase.py[line:56] - INFO: select * from record_201808 where emp_id=000001
2018-09-04 08:58:33,808 - DataBase.py[line:56] - INFO: select * from record_201808 where emp_id=000001 and time like '2018-08-10%'
2018-09-04 08:58:33,809 - DataBase.py[line:56] - INFO: select * from record_201808 where emp_id=000001
2018-09-04 08:58:33,809 - DataBase.py[line:56] - INFO: select * from record_201808 where emp_id=000001 and time like '2018-08-10%'
2018-09-04 08:58:33,810 - DataBase.py[line:56] - INFO: select * from record_201808 where emp_id=000001
2018-09-04 08:58:33,810 - DataBase.py[line:56] - INFO: select * from record_201808 where emp_id=000001 and time like '2018-08-11%'
2018-09-04 08:58:33,811 - DataBase.py[line:56] - INFO: select * from record_201808 where emp_id=000001
2018-09-04 08:58:33,811 - DataBase.py[line:56] - INFO: select * from record_201808 where emp_id=000001 and time like '2018-08-11%'
2018-09-04 08:58:33,812 - DataBase.py[line:56] - INFO: select * from record_201808 where emp_id=000001
2018-09-04 08:58:33,812 - DataBase.py[line:56] - INFO: select * from record_201808 where emp_id=000001 and time like '2018-08-12%'
2018-09-04 08:58:33,812 - DataBase.py[line:56] - INFO: select * from record_201808 where emp_id=000001
2018-09-04 08:58:33,813 - DataBase.py[line:56] - INFO: select * from record_201808 where emp_id=000001 and time like '2018-08-12%'
2018-09-04 08:58:33,813 - DataBase.py[line:56] - INFO: select * from record_201808 where emp_id=000001
2018-09-04 08:58:33,814 - DataBase.py[line:56] - INFO: select * from record_201808 where emp_id=000001 and time like '2018-08-13%'
2018-09-04 08:58:33,814 - DataBase.py[line:56] - INFO: select * from record_201808 where emp_id=000001
2018-09-04 08:58:33,815 - DataBase.py[line:56] - INFO: select * from record_201808 where emp_id=000001 and time like '2018-08-13%'
2018-09-04 08:58:33,815 - DataBase.py[line:56] - INFO: select * from record_201808 where emp_id=000001
2018-09-04 08:58:33,815 - DataBase.py[line:56] - INFO: select * from record_201808 where emp_id=000001 and time like '2018-08-14%'
2018-09-04 08:58:33,816 - DataBase.py[line:56] - INFO: select * from record_201808 where emp_id=000001
2018-09-04 08:58:33,816 - DataBase.py[line:56] - INFO: select * from record_201808 where emp_id=000001 and time like '2018-08-14%'
2018-09-04 08:58:33,817 - DataBase.py[line:56] - INFO: select * from record_201808 where emp_id=000001
2018-09-04 08:58:33,817 - DataBase.py[line:56] - INFO: select * from record_201808 where emp_id=000001 and time like '2018-08-15%'
2018-09-04 08:58:33,818 - DataBase.py[line:56] - INFO: select * from record_201808 where emp_id=000001
2018-09-04 08:58:33,818 - DataBase.py[line:56] - INFO: select * from record_201808 where emp_id=000001 and time like '2018-08-15%'
2018-09-04 08:58:33,818 - DataBase.py[line:56] - INFO: select * from record_201808 where emp_id=000001
2018-09-04 08:58:33,819 - DataBase.py[line:56] - INFO: select * from record_201808 where emp_id=000001 and time like '2018-08-16%'
2018-09-04 08:58:33,819 - DataBase.py[line:56] - INFO: select * from record_201808 where emp_id=000001
2018-09-04 08:58:33,820 - DataBase.py[line:56] - INFO: select * from record_201808 where emp_id=000001 and time like '2018-08-16%'
2018-09-04 08:58:33,821 - DataBase.py[line:56] - INFO: select * from record_201808 where emp_id=000001
2018-09-04 08:58:33,821 - DataBase.py[line:56] - INFO: select * from record_201808 where emp_id=000001 and time like '2018-08-17%'
2018-09-04 08:58:33,821 - DataBase.py[line:56] - INFO: select * from record_201808 where emp_id=000001
2018-09-04 08:58:33,822 - DataBase.py[line:56] - INFO: select * from record_201808 where emp_id=000001 and time like '2018-08-17%'
2018-09-04 08:58:33,822 - DataBase.py[line:56] - INFO: select * from record_201808 where emp_id=000001
2018-09-04 08:58:33,822 - DataBase.py[line:56] - INFO: select * from record_201808 where emp_id=000001 and time like '2018-08-18%'
2018-09-04 08:58:33,823 - DataBase.py[line:56] - INFO: select * from record_201808 where emp_id=000001
2018-09-04 08:58:33,823 - DataBase.py[line:56] - INFO: select * from record_201808 where emp_id=000001 and time like '2018-08-18%'
2018-09-04 08:58:33,824 - DataBase.py[line:56] - INFO: select * from record_201808 where emp_id=000001
2018-09-04 08:58:33,824 - DataBase.py[line:56] - INFO: select * from record_201808 where emp_id=000001 and time like '2018-08-19%'
2018-09-04 08:58:33,825 - DataBase.py[line:56] - INFO: select * from record_201808 where emp_id=000001
2018-09-04 08:58:33,825 - DataBase.py[line:56] - INFO: select * from record_201808 where emp_id=000001 and time like '2018-08-19%'
2018-09-04 08:58:33,825 - DataBase.py[line:56] - INFO: select * from record_201808 where emp_id=000001
2018-09-04 08:58:33,826 - DataBase.py[line:56] - INFO: select * from record_201808 where emp_id=000001 and time like '2018-08-20%'
2018-09-04 08:58:33,826 - DataBase.py[line:56] - INFO: select * from record_201808 where emp_id=000001
2018-09-04 08:58:33,827 - DataBase.py[line:56] - INFO: select * from record_201808 where emp_id=000001 and time like '2018-08-20%'
2018-09-04 08:58:33,827 - DataBase.py[line:56] - INFO: select * from record_201808 where emp_id=000001
2018-09-04 08:58:33,828 - DataBase.py[line:56] - INFO: select * from record_201808 where emp_id=000001 and time like '2018-08-21%'
2018-09-04 08:58:33,828 - DataBase.py[line:56] - INFO: select * from record_201808 where emp_id=000001
2018-09-04 08:58:33,829 - DataBase.py[line:56] - INFO: select * from record_201808 where emp_id=000001 and time like '2018-08-21%'
2018-09-04 08:58:33,829 - DataBase.py[line:56] - INFO: select * from record_201808 where emp_id=000001
2018-09-04 08:58:33,829 - DataBase.py[line:56] - INFO: select * from record_201808 where emp_id=000001 and time like '2018-08-22%'
2018-09-04 08:58:33,830 - DataBase.py[line:56] - INFO: select * from record_201808 where emp_id=000001
2018-09-04 08:58:33,831 - DataBase.py[line:56] - INFO: select * from record_201808 where emp_id=000001 and time like '2018-08-22%'
2018-09-04 08:58:33,831 - DataBase.py[line:56] - INFO: select * from record_201808 where emp_id=000001
2018-09-04 08:58:33,832 - DataBase.py[line:56] - INFO: select * from record_201808 where emp_id=000001 and time like '2018-08-23%'
2018-09-04 08:58:33,832 - DataBase.py[line:56] - INFO: select * from record_201808 where emp_id=000001
2018-09-04 08:58:33,832 - DataBase.py[line:56] - INFO: select * from record_201808 where emp_id=000001 and time like '2018-08-23%'
2018-09-04 08:58:33,833 - DataBase.py[line:56] - INFO: select * from record_201808 where emp_id=000001
2018-09-04 08:58:33,833 - DataBase.py[line:56] - INFO: select * from record_201808 where emp_id=000001 and time like '2018-08-24%'
2018-09-04 08:58:33,834 - DataBase.py[line:56] - INFO: select * from record_201808 where emp_id=000001
2018-09-04 08:58:33,834 - DataBase.py[line:56] - INFO: select * from record_201808 where emp_id=000001 and time like '2018-08-24%'
2018-09-04 08:58:33,835 - DataBase.py[line:56] - INFO: select * from record_201808 where emp_id=000001
2018-09-04 08:58:33,835 - DataBase.py[line:56] - INFO: select * from record_201808 where emp_id=000001 and time like '2018-08-25%'
2018-09-04 08:58:33,836 - DataBase.py[line:56] - INFO: select * from record_201808 where emp_id=000001
2018-09-04 08:58:33,836 - DataBase.py[line:56] - INFO: select * from record_201808 where emp_id=000001 and time like '2018-08-25%'
2018-09-04 08:58:33,837 - DataBase.py[line:56] - INFO: select * from record_201808 where emp_id=000001
2018-09-04 08:58:33,837 - DataBase.py[line:56] - INFO: select * from record_201808 where emp_id=000001 and time like '2018-08-26%'
2018-09-04 08:58:33,838 - DataBase.py[line:56] - INFO: select * from record_201808 where emp_id=000001
2018-09-04 08:58:33,838 - DataBase.py[line:56] - INFO: select * from record_201808 where emp_id=000001 and time like '2018-08-26%'
2018-09-04 08:58:33,839 - DataBase.py[line:56] - INFO: select * from record_201808 where emp_id=000001
2018-09-04 08:58:33,839 - DataBase.py[line:56] - INFO: select * from record_201808 where emp_id=000001 and time like '2018-08-27%'
2018-09-04 08:58:33,840 - DataBase.py[line:56] - INFO: select * from record_201808 where emp_id=000001
2018-09-04 08:58:33,840 - DataBase.py[line:56] - INFO: select * from record_201808 where emp_id=000001 and time like '2018-08-27%'
2018-09-04 08:58:33,841 - DataBase.py[line:56] - INFO: select * from record_201808 where emp_id=000001
2018-09-04 08:58:33,841 - DataBase.py[line:56] - INFO: select * from record_201808 where emp_id=000001 and time like '2018-08-28%'
2018-09-04 08:58:33,842 - DataBase.py[line:56] - INFO: select * from record_201808 where emp_id=000001
2018-09-04 08:58:33,842 - DataBase.py[line:56] - INFO: select * from record_201808 where emp_id=000001 and time like '2018-08-28%'
2018-09-04 08:58:33,843 - DataBase.py[line:56] - INFO: select * from record_201808 where emp_id=000001
2018-09-04 08:58:33,843 - DataBase.py[line:56] - INFO: select * from record_201808 where emp_id=000001 and time like '2018-08-29%'
2018-09-04 08:58:33,843 - DataBase.py[line:56] - INFO: select * from record_201808 where emp_id=000001
2018-09-04 08:58:33,844 - DataBase.py[line:56] - INFO: select * from record_201808 where emp_id=000001 and time like '2018-08-29%'
2018-09-04 08:58:33,844 - DataBase.py[line:56] - INFO: select * from record_201808 where emp_id=000001
2018-09-04 08:58:33,844 - DataBase.py[line:56] - INFO: select * from record_201808 where emp_id=000001 and time like '2018-08-30%'
2018-09-04 08:58:33,845 - DataBase.py[line:56] - INFO: select * from record_201808 where emp_id=000001
2018-09-04 08:58:33,845 - DataBase.py[line:56] - INFO: select * from record_201808 where emp_id=000001 and time like '2018-08-30%'
2018-09-04 08:58:33,845 - DataBase.py[line:56] - INFO: select * from record_201808 where emp_id=000001
2018-09-04 08:58:33,846 - DataBase.py[line:56] - INFO: select * from record_201808 where emp_id=000001 and time like '2018-08-31%'
2018-09-04 08:58:33,846 - DataBase.py[line:56] - INFO: select * from record_201808 where emp_id=000001
2018-09-04 08:58:33,846 - DataBase.py[line:56] - INFO: select * from record_201808 where emp_id=000001 and time like '2018-08-31%'
2018-09-04 08:58:33,847 - DataBase.py[line:56] - INFO: select * from record_201808 where emp_id=000001
2018-09-04 08:59:11,092 - DataBase.py[line:56] - INFO: select * from empinfo where Emp_id=000002
2018-09-04 08:59:11,092 - DataBase.py[line:56] - INFO: select password from empinfo where Emp_id=000002
2018-09-04 08:59:11,093 - DataBase.py[line:56] - INFO: select * from empinfo where Emp_id=000002
2018-09-04 08:59:11,093 - DataBase.py[line:56] - INFO: select * from record_201808 where emp_id=000001
2018-09-04 08:59:11,094 - DataBase.py[line:56] - INFO: select * from record_201808 where emp_id=000001 and time like '2018-08-1%'
2018-09-04 08:59:11,094 - DataBase.py[line:56] - INFO: select * from record_201808 where emp_id=000001
2018-09-04 08:59:11,095 - DataBase.py[line:56] - INFO: select * from record_201808 where emp_id=000001 and time like '2018-08-01%'
2018-09-04 08:59:11,095 - DataBase.py[line:56] - INFO: select * from record_201808 where emp_id=000001
2018-09-04 08:59:11,095 - DataBase.py[line:56] - INFO: select * from record_201808 where emp_id=000001 and time like '2018-08-2%'
2018-09-04 08:59:11,096 - DataBase.py[line:56] - INFO: select * from record_201808 where emp_id=000001
2018-09-04 08:59:11,096 - DataBase.py[line:56] - INFO: select * from record_201808 where emp_id=000001 and time like '2018-08-02%'
2018-09-04 08:59:11,096 - DataBase.py[line:56] - INFO: select * from record_201808 where emp_id=000001
2018-09-04 08:59:11,097 - DataBase.py[line:56] - INFO: select * from record_201808 where emp_id=000001 and time like '2018-08-3%'
2018-09-04 08:59:11,097 - DataBase.py[line:56] - INFO: select * from record_201808 where emp_id=000001
2018-09-04 08:59:11,097 - DataBase.py[line:56] - INFO: select * from record_201808 where emp_id=000001 and time like '2018-08-03%'
2018-09-04 08:59:11,098 - DataBase.py[line:56] - INFO: select * from record_201808 where emp_id=000001
2018-09-04 08:59:11,098 - DataBase.py[line:56] - INFO: select * from record_201808 where emp_id=000001 and time like '2018-08-4%'
2018-09-04 08:59:11,099 - DataBase.py[line:56] - INFO: select * from record_201808 where emp_id=000001
2018-09-04 08:59:11,099 - DataBase.py[line:56] - INFO: select * from record_201808 where emp_id=000001 and time like '2018-08-04%'
2018-09-04 08:59:11,100 - DataBase.py[line:56] - INFO: select * from record_201808 where emp_id=000001
2018-09-04 08:59:11,100 - DataBase.py[line:56] - INFO: select * from record_201808 where emp_id=000001 and time like '2018-08-5%'
2018-09-04 08:59:11,100 - DataBase.py[line:56] - INFO: select * from record_201808 where emp_id=000001
2018-09-04 08:59:11,101 - DataBase.py[line:56] - INFO: select * from record_201808 where emp_id=000001 and time like '2018-08-05%'
2018-09-04 08:59:11,101 - DataBase.py[line:56] - INFO: select * from record_201808 where emp_id=000001
2018-09-04 08:59:11,102 - DataBase.py[line:56] - INFO: select * from record_201808 where emp_id=000001 and time like '2018-08-6%'
2018-09-04 08:59:11,102 - DataBase.py[line:56] - INFO: select * from record_201808 where emp_id=000001
2018-09-04 08:59:11,103 - DataBase.py[line:56] - INFO: select * from record_201808 where emp_id=000001 and time like '2018-08-06%'
2018-09-04 08:59:11,103 - DataBase.py[line:56] - INFO: select * from record_201808 where emp_id=000001
2018-09-04 08:59:11,104 - DataBase.py[line:56] - INFO: select * from record_201808 where emp_id=000001 and time like '2018-08-7%'
2018-09-04 08:59:11,105 - DataBase.py[line:56] - INFO: select * from record_201808 where emp_id=000001
2018-09-04 08:59:11,105 - DataBase.py[line:56] - INFO: select * from record_201808 where emp_id=000001 and time like '2018-08-07%'
2018-09-04 08:59:11,105 - DataBase.py[line:56] - INFO: select * from record_201808 where emp_id=000001
2018-09-04 08:59:11,106 - DataBase.py[line:56] - INFO: select * from record_201808 where emp_id=000001 and time like '2018-08-8%'
2018-09-04 08:59:11,106 - DataBase.py[line:56] - INFO: select * from record_201808 where emp_id=000001
2018-09-04 08:59:11,107 - DataBase.py[line:56] - INFO: select * from record_201808 where emp_id=000001 and time like '2018-08-08%'
2018-09-04 08:59:11,107 - DataBase.py[line:56] - INFO: select * from record_201808 where emp_id=000001
2018-09-04 08:59:11,108 - DataBase.py[line:56] - INFO: select * from record_201808 where emp_id=000001 and time like '2018-08-9%'
2018-09-04 08:59:11,108 - DataBase.py[line:56] - INFO: select * from record_201808 where emp_id=000001
2018-09-04 08:59:11,109 - DataBase.py[line:56] - INFO: select * from record_201808 where emp_id=000001 and time like '2018-08-09%'
2018-09-04 08:59:11,109 - DataBase.py[line:56] - INFO: select * from record_201808 where emp_id=000001
2018-09-04 08:59:11,109 - DataBase.py[line:56] - INFO: select * from record_201808 where emp_id=000001 and time like '2018-08-10%'
2018-09-04 08:59:11,110 - DataBase.py[line:56] - INFO: select * from record_201808 where emp_id=000001
2018-09-04 08:59:11,110 - DataBase.py[line:56] - INFO: select * from record_201808 where emp_id=000001 and time like '2018-08-10%'
2018-09-04 08:59:11,111 - DataBase.py[line:56] - INFO: select * from record_201808 where emp_id=000001
2018-09-04 08:59:11,111 - DataBase.py[line:56] - INFO: select * from record_201808 where emp_id=000001 and time like '2018-08-11%'
2018-09-04 08:59:11,112 - DataBase.py[line:56] - INFO: select * from record_201808 where emp_id=000001
2018-09-04 08:59:11,112 - DataBase.py[line:56] - INFO: select * from record_201808 where emp_id=000001 and time like '2018-08-11%'
2018-09-04 08:59:11,113 - DataBase.py[line:56] - INFO: select * from record_201808 where emp_id=000001
2018-09-04 08:59:11,113 - DataBase.py[line:56] - INFO: select * from record_201808 where emp_id=000001 and time like '2018-08-12%'
2018-09-04 08:59:11,114 - DataBase.py[line:56] - INFO: select * from record_201808 where emp_id=000001
2018-09-04 08:59:11,115 - DataBase.py[line:56] - INFO: select * from record_201808 where emp_id=000001 and time like '2018-08-12%'
2018-09-04 08:59:11,116 - DataBase.py[line:56] - INFO: select * from record_201808 where emp_id=000001
2018-09-04 08:59:11,116 - DataBase.py[line:56] - INFO: select * from record_201808 where emp_id=000001 and time like '2018-08-13%'
2018-09-04 08:59:11,117 - DataBase.py[line:56] - INFO: select * from record_201808 where emp_id=000001
2018-09-04 08:59:11,117 - DataBase.py[line:56] - INFO: select * from record_201808 where emp_id=000001 and time like '2018-08-13%'
2018-09-04 08:59:11,118 - DataBase.py[line:56] - INFO: select * from record_201808 where emp_id=000001
2018-09-04 08:59:11,118 - DataBase.py[line:56] - INFO: select * from record_201808 where emp_id=000001 and time like '2018-08-14%'
2018-09-04 08:59:11,118 - DataBase.py[line:56] - INFO: select * from record_201808 where emp_id=000001
2018-09-04 08:59:11,119 - DataBase.py[line:56] - INFO: select * from record_201808 where emp_id=000001 and time like '2018-08-14%'
2018-09-04 08:59:11,119 - DataBase.py[line:56] - INFO: select * from record_201808 where emp_id=000001
2018-09-04 08:59:11,120 - DataBase.py[line:56] - INFO: select * from record_201808 where emp_id=000001 and time like '2018-08-15%'
2018-09-04 08:59:11,120 - DataBase.py[line:56] - INFO: select * from record_201808 where emp_id=000001
2018-09-04 08:59:11,121 - DataBase.py[line:56] - INFO: select * from record_201808 where emp_id=000001 and time like '2018-08-15%'
2018-09-04 08:59:11,121 - DataBase.py[line:56] - INFO: select * from record_201808 where emp_id=000001
2018-09-04 08:59:11,122 - DataBase.py[line:56] - INFO: select * from record_201808 where emp_id=000001 and time like '2018-08-16%'
2018-09-04 08:59:11,122 - DataBase.py[line:56] - INFO: select * from record_201808 where emp_id=000001
2018-09-04 08:59:11,123 - DataBase.py[line:56] - INFO: select * from record_201808 where emp_id=000001 and time like '2018-08-16%'
2018-09-04 08:59:11,123 - DataBase.py[line:56] - INFO: select * from record_201808 where emp_id=000001
2018-09-04 08:59:11,123 - DataBase.py[line:56] - INFO: select * from record_201808 where emp_id=000001 and time like '2018-08-17%'
2018-09-04 08:59:11,124 - DataBase.py[line:56] - INFO: select * from record_201808 where emp_id=000001
2018-09-04 08:59:11,124 - DataBase.py[line:56] - INFO: select * from record_201808 where emp_id=000001 and time like '2018-08-17%'
2018-09-04 08:59:11,125 - DataBase.py[line:56] - INFO: select * from record_201808 where emp_id=000001
2018-09-04 08:59:11,125 - DataBase.py[line:56] - INFO: select * from record_201808 where emp_id=000001 and time like '2018-08-18%'
2018-09-04 08:59:11,126 - DataBase.py[line:56] - INFO: select * from record_201808 where emp_id=000001
2018-09-04 08:59:11,126 - DataBase.py[line:56] - INFO: select * from record_201808 where emp_id=000001 and time like '2018-08-18%'
2018-09-04 08:59:11,127 - DataBase.py[line:56] - INFO: select * from record_201808 where emp_id=000001
2018-09-04 08:59:11,127 - DataBase.py[line:56] - INFO: select * from record_201808 where emp_id=000001 and time like '2018-08-19%'
2018-09-04 08:59:11,128 - DataBase.py[line:56] - INFO: select * from record_201808 where emp_id=000001
2018-09-04 08:59:11,128 - DataBase.py[line:56] - INFO: select * from record_201808 where emp_id=000001 and time like '2018-08-19%'
2018-09-04 08:59:11,128 - DataBase.py[line:56] - INFO: select * from record_201808 where emp_id=000001
2018-09-04 08:59:11,129 - DataBase.py[line:56] - INFO: select * from record_201808 where emp_id=000001 and time like '2018-08-20%'
2018-09-04 08:59:11,129 - DataBase.py[line:56] - INFO: select * from record_201808 where emp_id=000001
2018-09-04 08:59:11,130 - DataBase.py[line:56] - INFO: select * from record_201808 where emp_id=000001 and time like '2018-08-20%'
2018-09-04 08:59:11,130 - DataBase.py[line:56] - INFO: select * from record_201808 where emp_id=000001
2018-09-04 08:59:11,130 - DataBase.py[line:56] - INFO: select * from record_201808 where emp_id=000001 and time like '2018-08-21%'
2018-09-04 08:59:11,131 - DataBase.py[line:56] - INFO: select * from record_201808 where emp_id=000001
2018-09-04 08:59:11,131 - DataBase.py[line:56] - INFO: select * from record_201808 where emp_id=000001 and time like '2018-08-21%'
2018-09-04 08:59:11,132 - DataBase.py[line:56] - INFO: select * from record_201808 where emp_id=000001
2018-09-04 08:59:11,132 - DataBase.py[line:56] - INFO: select * from record_201808 where emp_id=000001 and time like '2018-08-22%'
2018-09-04 08:59:11,133 - DataBase.py[line:56] - INFO: select * from record_201808 where emp_id=000001
2018-09-04 08:59:11,133 - DataBase.py[line:56] - INFO: select * from record_201808 where emp_id=000001 and time like '2018-08-22%'
2018-09-04 08:59:11,134 - DataBase.py[line:56] - INFO: select * from record_201808 where emp_id=000001
2018-09-04 08:59:11,134 - DataBase.py[line:56] - INFO: select * from record_201808 where emp_id=000001 and time like '2018-08-23%'
2018-09-04 08:59:11,135 - DataBase.py[line:56] - INFO: select * from record_201808 where emp_id=000001
2018-09-04 08:59:11,135 - DataBase.py[line:56] - INFO: select * from record_201808 where emp_id=000001 and time like '2018-08-23%'
2018-09-04 08:59:11,136 - DataBase.py[line:56] - INFO: select * from record_201808 where emp_id=000001
2018-09-04 08:59:11,137 - DataBase.py[line:56] - INFO: select * from record_201808 where emp_id=000001 and time like '2018-08-24%'
2018-09-04 08:59:11,137 - DataBase.py[line:56] - INFO: select * from record_201808 where emp_id=000001
2018-09-04 08:59:11,138 - DataBase.py[line:56] - INFO: select * from record_201808 where emp_id=000001 and time like '2018-08-24%'
2018-09-04 08:59:11,138 - DataBase.py[line:56] - INFO: select * from record_201808 where emp_id=000001
2018-09-04 08:59:11,138 - DataBase.py[line:56] - INFO: select * from record_201808 where emp_id=000001 and time like '2018-08-25%'
2018-09-04 08:59:11,139 - DataBase.py[line:56] - INFO: select * from record_201808 where emp_id=000001
2018-09-04 08:59:11,139 - DataBase.py[line:56] - INFO: select * from record_201808 where emp_id=000001 and time like '2018-08-25%'
2018-09-04 08:59:11,140 - DataBase.py[line:56] - INFO: select * from record_201808 where emp_id=000001
2018-09-04 08:59:11,140 - DataBase.py[line:56] - INFO: select * from record_201808 where emp_id=000001 and time like '2018-08-26%'
2018-09-04 08:59:11,141 - DataBase.py[line:56] - INFO: select * from record_201808 where emp_id=000001
2018-09-04 08:59:11,141 - DataBase.py[line:56] - INFO: select * from record_201808 where emp_id=000001 and time like '2018-08-26%'
2018-09-04 08:59:11,142 - DataBase.py[line:56] - INFO: select * from record_201808 where emp_id=000001
2018-09-04 08:59:11,142 - DataBase.py[line:56] - INFO: select * from record_201808 where emp_id=000001 and time like '2018-08-27%'
2018-09-04 08:59:11,143 - DataBase.py[line:56] - INFO: select * from record_201808 where emp_id=000001
2018-09-04 08:59:11,143 - DataBase.py[line:56] - INFO: select * from record_201808 where emp_id=000001 and time like '2018-08-27%'
2018-09-04 08:59:11,143 - DataBase.py[line:56] - INFO: select * from record_201808 where emp_id=000001
2018-09-04 08:59:11,144 - DataBase.py[line:56] - INFO: select * from record_201808 where emp_id=000001 and time like '2018-08-28%'
2018-09-04 08:59:11,144 - DataBase.py[line:56] - INFO: select * from record_201808 where emp_id=000001
2018-09-04 08:59:11,145 - DataBase.py[line:56] - INFO: select * from record_201808 where emp_id=000001 and time like '2018-08-28%'
2018-09-04 08:59:11,146 - DataBase.py[line:56] - INFO: select * from record_201808 where emp_id=000001
2018-09-04 08:59:11,146 - DataBase.py[line:56] - INFO: select * from record_201808 where emp_id=000001 and time like '2018-08-29%'
2018-09-04 08:59:11,146 - DataBase.py[line:56] - INFO: select * from record_201808 where emp_id=000001
2018-09-04 08:59:11,147 - DataBase.py[line:56] - INFO: select * from record_201808 where emp_id=000001 and time like '2018-08-29%'
2018-09-04 08:59:11,147 - DataBase.py[line:56] - INFO: select * from record_201808 where emp_id=000001
2018-09-04 08:59:11,148 - DataBase.py[line:56] - INFO: select * from record_201808 where emp_id=000001 and time like '2018-08-30%'
2018-09-04 08:59:11,148 - DataBase.py[line:56] - INFO: select * from record_201808 where emp_id=000001
2018-09-04 08:59:11,149 - DataBase.py[line:56] - INFO: select * from record_201808 where emp_id=000001 and time like '2018-08-30%'
2018-09-04 08:59:11,149 - DataBase.py[line:56] - INFO: select * from record_201808 where emp_id=000001
2018-09-04 08:59:11,150 - DataBase.py[line:56] - INFO: select * from record_201808 where emp_id=000001 and time like '2018-08-31%'
2018-09-04 08:59:11,150 - DataBase.py[line:56] - INFO: select * from record_201808 where emp_id=000001
2018-09-04 08:59:11,151 - DataBase.py[line:56] - INFO: select * from record_201808 where emp_id=000001 and time like '2018-08-31%'
2018-09-04 08:59:11,151 - DataBase.py[line:56] - INFO: select * from record_201808 where emp_id=000001
2018-09-04 09:00:52,111 - DataBase.py[line:56] - INFO: select * from empinfo where Emp_id=000002
2018-09-04 09:00:52,112 - DataBase.py[line:56] - INFO: select password from empinfo where Emp_id=000002
2018-09-04 09:00:52,112 - DataBase.py[line:56] - INFO: select * from empinfo where Emp_id=000002
2018-09-04 09:00:52,113 - DataBase.py[line:56] - INFO: select * from record_201808 where emp_id=000001
2018-09-04 09:00:52,114 - DataBase.py[line:56] - INFO: select * from record_201808 where emp_id=000001 and time like '2018-08-1%'
2018-09-04 09:00:52,114 - DataBase.py[line:56] - INFO: select * from record_201808 where emp_id=000001
2018-09-04 09:00:52,114 - DataBase.py[line:56] - INFO: select * from record_201808 where emp_id=000001 and time like '2018-08-01%'
2018-09-04 09:00:52,115 - DataBase.py[line:56] - INFO: select * from record_201808 where emp_id=000001
2018-09-04 09:00:52,115 - DataBase.py[line:56] - INFO: select * from record_201808 where emp_id=000001 and time like '2018-08-2%'
2018-09-04 09:00:52,116 - DataBase.py[line:56] - INFO: select * from record_201808 where emp_id=000001
2018-09-04 09:00:52,116 - DataBase.py[line:56] - INFO: select * from record_201808 where emp_id=000001 and time like '2018-08-02%'
2018-09-04 09:00:52,117 - DataBase.py[line:56] - INFO: select * from record_201808 where emp_id=000001
2018-09-04 09:00:52,117 - DataBase.py[line:56] - INFO: select * from record_201808 where emp_id=000001 and time like '2018-08-3%'
2018-09-04 09:00:52,118 - DataBase.py[line:56] - INFO: select * from record_201808 where emp_id=000001
2018-09-04 09:00:52,118 - DataBase.py[line:56] - INFO: select * from record_201808 where emp_id=000001 and time like '2018-08-03%'
2018-09-04 09:00:52,119 - DataBase.py[line:56] - INFO: select * from record_201808 where emp_id=000001
2018-09-04 09:00:52,119 - DataBase.py[line:56] - INFO: select * from record_201808 where emp_id=000001 and time like '2018-08-4%'
2018-09-04 09:00:52,120 - DataBase.py[line:56] - INFO: select * from record_201808 where emp_id=000001
2018-09-04 09:00:52,120 - DataBase.py[line:56] - INFO: select * from record_201808 where emp_id=000001 and time like '2018-08-04%'
2018-09-04 09:00:52,121 - DataBase.py[line:56] - INFO: select * from record_201808 where emp_id=000001
2018-09-04 09:00:52,121 - DataBase.py[line:56] - INFO: select * from record_201808 where emp_id=000001 and time like '2018-08-5%'
2018-09-04 09:00:52,121 - DataBase.py[line:56] - INFO: select * from record_201808 where emp_id=000001
2018-09-04 09:00:52,122 - DataBase.py[line:56] - INFO: select * from record_201808 where emp_id=000001 and time like '2018-08-05%'
2018-09-04 09:00:52,122 - DataBase.py[line:56] - INFO: select * from record_201808 where emp_id=000001
2018-09-04 09:00:52,123 - DataBase.py[line:56] - INFO: select * from record_201808 where emp_id=000001 and time like '2018-08-6%'
2018-09-04 09:00:52,123 - DataBase.py[line:56] - INFO: select * from record_201808 where emp_id=000001
2018-09-04 09:00:52,123 - DataBase.py[line:56] - INFO: select * from record_201808 where emp_id=000001 and time like '2018-08-06%'
2018-09-04 09:00:52,124 - DataBase.py[line:56] - INFO: select * from record_201808 where emp_id=000001
2018-09-04 09:00:52,124 - DataBase.py[line:56] - INFO: select * from record_201808 where emp_id=000001 and time like '2018-08-7%'
2018-09-04 09:00:52,125 - DataBase.py[line:56] - INFO: select * from record_201808 where emp_id=000001
2018-09-04 09:00:52,125 - DataBase.py[line:56] - INFO: select * from record_201808 where emp_id=000001 and time like '2018-08-07%'
2018-09-04 09:00:52,125 - DataBase.py[line:56] - INFO: select * from record_201808 where emp_id=000001
2018-09-04 09:00:52,126 - DataBase.py[line:56] - INFO: select * from record_201808 where emp_id=000001 and time like '2018-08-8%'
2018-09-04 09:00:52,127 - DataBase.py[line:56] - INFO: select * from record_201808 where emp_id=000001
2018-09-04 09:00:52,127 - DataBase.py[line:56] - INFO: select * from record_201808 where emp_id=000001 and time like '2018-08-08%'
2018-09-04 09:00:52,127 - DataBase.py[line:56] - INFO: select * from record_201808 where emp_id=000001
2018-09-04 09:00:52,128 - DataBase.py[line:56] - INFO: select * from record_201808 where emp_id=000001 and time like '2018-08-9%'
2018-09-04 09:00:52,128 - DataBase.py[line:56] - INFO: select * from record_201808 where emp_id=000001
2018-09-04 09:00:52,129 - DataBase.py[line:56] - INFO: select * from record_201808 where emp_id=000001 and time like '2018-08-09%'
2018-09-04 09:00:52,129 - DataBase.py[line:56] - INFO: select * from record_201808 where emp_id=000001
2018-09-04 09:00:52,129 - DataBase.py[line:56] - INFO: select * from record_201808 where emp_id=000001 and time like '2018-08-10%'
2018-09-04 09:00:52,130 - DataBase.py[line:56] - INFO: select * from record_201808 where emp_id=000001
2018-09-04 09:00:52,130 - DataBase.py[line:56] - INFO: select * from record_201808 where emp_id=000001 and time like '2018-08-10%'
2018-09-04 09:00:52,131 - DataBase.py[line:56] - INFO: select * from record_201808 where emp_id=000001
2018-09-04 09:00:52,131 - DataBase.py[line:56] - INFO: select * from record_201808 where emp_id=000001 and time like '2018-08-11%'
2018-09-04 09:00:52,131 - DataBase.py[line:56] - INFO: select * from record_201808 where emp_id=000001
2018-09-04 09:00:52,132 - DataBase.py[line:56] - INFO: select * from record_201808 where emp_id=000001 and time like '2018-08-11%'
2018-09-04 09:00:52,132 - DataBase.py[line:56] - INFO: select * from record_201808 where emp_id=000001
2018-09-04 09:00:52,133 - DataBase.py[line:56] - INFO: select * from record_201808 where emp_id=000001 and time like '2018-08-12%'
2018-09-04 09:00:52,133 - DataBase.py[line:56] - INFO: select * from record_201808 where emp_id=000001
2018-09-04 09:00:52,133 - DataBase.py[line:56] - INFO: select * from record_201808 where emp_id=000001 and time like '2018-08-12%'
2018-09-04 09:00:52,134 - DataBase.py[line:56] - INFO: select * from record_201808 where emp_id=000001
2018-09-04 09:00:52,135 - DataBase.py[line:56] - INFO: select * from record_201808 where emp_id=000001 and time like '2018-08-13%'
2018-09-04 09:00:52,135 - DataBase.py[line:56] - INFO: select * from record_201808 where emp_id=000001
2018-09-04 09:00:52,136 - DataBase.py[line:56] - INFO: select * from record_201808 where emp_id=000001 and time like '2018-08-13%'
2018-09-04 09:00:52,136 - DataBase.py[line:56] - INFO: select * from record_201808 where emp_id=000001
2018-09-04 09:00:52,137 - DataBase.py[line:56] - INFO: select * from record_201808 where emp_id=000001 and time like '2018-08-14%'
2018-09-04 09:00:52,137 - DataBase.py[line:56] - INFO: select * from record_201808 where emp_id=000001
2018-09-04 09:00:52,138 - DataBase.py[line:56] - INFO: select * from record_201808 where emp_id=000001 and time like '2018-08-14%'
2018-09-04 09:00:52,138 - DataBase.py[line:56] - INFO: select * from record_201808 where emp_id=000001
2018-09-04 09:00:52,139 - DataBase.py[line:56] - INFO: select * from record_201808 where emp_id=000001 and time like '2018-08-15%'
2018-09-04 09:00:52,139 - DataBase.py[line:56] - INFO: select * from record_201808 where emp_id=000001
2018-09-04 09:00:52,139 - DataBase.py[line:56] - INFO: select * from record_201808 where emp_id=000001 and time like '2018-08-15%'
2018-09-04 09:00:52,140 - DataBase.py[line:56] - INFO: select * from record_201808 where emp_id=000001
2018-09-04 09:00:52,140 - DataBase.py[line:56] - INFO: select * from record_201808 where emp_id=000001 and time like '2018-08-16%'
2018-09-04 09:00:52,140 - DataBase.py[line:56] - INFO: select * from record_201808 where emp_id=000001
2018-09-04 09:00:52,141 - DataBase.py[line:56] - INFO: select * from record_201808 where emp_id=000001 and time like '2018-08-16%'
2018-09-04 09:00:52,141 - DataBase.py[line:56] - INFO: select * from record_201808 where emp_id=000001
2018-09-04 09:00:52,142 - DataBase.py[line:56] - INFO: select * from record_201808 where emp_id=000001 and time like '2018-08-17%'
2018-09-04 09:00:52,142 - DataBase.py[line:56] - INFO: select * from record_201808 where emp_id=000001
2018-09-04 09:00:52,142 - DataBase.py[line:56] - INFO: select * from record_201808 where emp_id=000001 and time like '2018-08-17%'
2018-09-04 09:00:52,143 - DataBase.py[line:56] - INFO: select * from record_201808 where emp_id=000001
2018-09-04 09:00:52,143 - DataBase.py[line:56] - INFO: select * from record_201808 where emp_id=000001 and time like '2018-08-18%'
2018-09-04 09:00:52,143 - DataBase.py[line:56] - INFO: select * from record_201808 where emp_id=000001
2018-09-04 09:00:52,144 - DataBase.py[line:56] - INFO: select * from record_201808 where emp_id=000001 and time like '2018-08-18%'
2018-09-04 09:00:52,144 - DataBase.py[line:56] - INFO: select * from record_201808 where emp_id=000001
2018-09-04 09:00:52,145 - DataBase.py[line:56] - INFO: select * from record_201808 where emp_id=000001 and time like '2018-08-19%'
2018-09-04 09:00:52,145 - DataBase.py[line:56] - INFO: select * from record_201808 where emp_id=000001
2018-09-04 09:00:52,145 - DataBase.py[line:56] - INFO: select * from record_201808 where emp_id=000001 and time like '2018-08-19%'
2018-09-04 09:00:52,146 - DataBase.py[line:56] - INFO: select * from record_201808 where emp_id=000001
2018-09-04 09:00:52,146 - DataBase.py[line:56] - INFO: select * from record_201808 where emp_id=000001 and time like '2018-08-20%'
2018-09-04 09:00:52,147 - DataBase.py[line:56] - INFO: select * from record_201808 where emp_id=000001
2018-09-04 09:00:52,147 - DataBase.py[line:56] - INFO: select * from record_201808 where emp_id=000001 and time like '2018-08-20%'
2018-09-04 09:00:52,147 - DataBase.py[line:56] - INFO: select * from record_201808 where emp_id=000001
2018-09-04 09:00:52,148 - DataBase.py[line:56] - INFO: select * from record_201808 where emp_id=000001 and time like '2018-08-21%'
2018-09-04 09:00:52,148 - DataBase.py[line:56] - INFO: select * from record_201808 where emp_id=000001
2018-09-04 09:00:52,149 - DataBase.py[line:56] - INFO: select * from record_201808 where emp_id=000001 and time like '2018-08-21%'
2018-09-04 09:00:52,149 - DataBase.py[line:56] - INFO: select * from record_201808 where emp_id=000001
2018-09-04 09:00:52,150 - DataBase.py[line:56] - INFO: select * from record_201808 where emp_id=000001 and time like '2018-08-22%'
2018-09-04 09:00:52,150 - DataBase.py[line:56] - INFO: select * from record_201808 where emp_id=000001
2018-09-04 09:00:52,150 - DataBase.py[line:56] - INFO: select * from record_201808 where emp_id=000001 and time like '2018-08-22%'
2018-09-04 09:00:52,151 - DataBase.py[line:56] - INFO: select * from record_201808 where emp_id=000001
2018-09-04 09:00:52,151 - DataBase.py[line:56] - INFO: select * from record_201808 where emp_id=000001 and time like '2018-08-23%'
2018-09-04 09:00:52,152 - DataBase.py[line:56] - INFO: select * from record_201808 where emp_id=000001
2018-09-04 09:00:52,152 - DataBase.py[line:56] - INFO: select * from record_201808 where emp_id=000001 and time like '2018-08-23%'
2018-09-04 09:00:52,152 - DataBase.py[line:56] - INFO: select * from record_201808 where emp_id=000001
2018-09-04 09:00:52,153 - DataBase.py[line:56] - INFO: select * from record_201808 where emp_id=000001 and time like '2018-08-24%'
2018-09-04 09:00:52,153 - DataBase.py[line:56] - INFO: select * from record_201808 where emp_id=000001
2018-09-04 09:00:52,154 - DataBase.py[line:56] - INFO: select * from record_201808 where emp_id=000001 and time like '2018-08-24%'
2018-09-04 09:00:52,154 - DataBase.py[line:56] - INFO: select * from record_201808 where emp_id=000001
2018-09-04 09:00:52,154 - DataBase.py[line:56] - INFO: select * from record_201808 where emp_id=000001 and time like '2018-08-25%'
2018-09-04 09:00:52,155 - DataBase.py[line:56] - INFO: select * from record_201808 where emp_id=000001
2018-09-04 09:00:52,155 - DataBase.py[line:56] - INFO: select * from record_201808 where emp_id=000001 and time like '2018-08-25%'
2018-09-04 09:00:52,156 - DataBase.py[line:56] - INFO: select * from record_201808 where emp_id=000001
2018-09-04 09:00:52,156 - DataBase.py[line:56] - INFO: select * from record_201808 where emp_id=000001 and time like '2018-08-26%'
2018-09-04 09:00:52,156 - DataBase.py[line:56] - INFO: select * from record_201808 where emp_id=000001
2018-09-04 09:00:52,157 - DataBase.py[line:56] - INFO: select * from record_201808 where emp_id=000001 and time like '2018-08-26%'
2018-09-04 09:00:52,157 - DataBase.py[line:56] - INFO: select * from record_201808 where emp_id=000001
2018-09-04 09:00:52,158 - DataBase.py[line:56] - INFO: select * from record_201808 where emp_id=000001 and time like '2018-08-27%'
2018-09-04 09:00:52,158 - DataBase.py[line:56] - INFO: select * from record_201808 where emp_id=000001
2018-09-04 09:00:52,159 - DataBase.py[line:56] - INFO: select * from record_201808 where emp_id=000001 and time like '2018-08-27%'
2018-09-04 09:00:52,159 - DataBase.py[line:56] - INFO: select * from record_201808 where emp_id=000001
2018-09-04 09:00:52,160 - DataBase.py[line:56] - INFO: select * from record_201808 where emp_id=000001 and time like '2018-08-28%'
2018-09-04 09:00:52,160 - DataBase.py[line:56] - INFO: select * from record_201808 where emp_id=000001
2018-09-04 09:00:52,160 - DataBase.py[line:56] - INFO: select * from record_201808 where emp_id=000001 and time like '2018-08-28%'
2018-09-04 09:00:52,161 - DataBase.py[line:56] - INFO: select * from record_201808 where emp_id=000001
2018-09-04 09:00:52,161 - DataBase.py[line:56] - INFO: select * from record_201808 where emp_id=000001 and time like '2018-08-29%'
2018-09-04 09:00:52,161 - DataBase.py[line:56] - INFO: select * from record_201808 where emp_id=000001
2018-09-04 09:00:52,162 - DataBase.py[line:56] - INFO: select * from record_201808 where emp_id=000001 and time like '2018-08-29%'
2018-09-04 09:00:52,162 - DataBase.py[line:56] - INFO: select * from record_201808 where emp_id=000001
2018-09-04 09:00:52,163 - DataBase.py[line:56] - INFO: select * from record_201808 where emp_id=000001 and time like '2018-08-30%'
2018-09-04 09:00:52,163 - DataBase.py[line:56] - INFO: select * from record_201808 where emp_id=000001
2018-09-04 09:00:52,163 - DataBase.py[line:56] - INFO: select * from record_201808 where emp_id=000001 and time like '2018-08-30%'
2018-09-04 09:00:52,164 - DataBase.py[line:56] - INFO: select * from record_201808 where emp_id=000001
2018-09-04 09:00:52,164 - DataBase.py[line:56] - INFO: select * from record_201808 where emp_id=000001 and time like '2018-08-31%'
2018-09-04 09:00:52,164 - DataBase.py[line:56] - INFO: select * from record_201808 where emp_id=000001
2018-09-04 09:00:52,165 - DataBase.py[line:56] - INFO: select * from record_201808 where emp_id=000001 and time like '2018-08-31%'
2018-09-04 09:00:52,166 - DataBase.py[line:56] - INFO: select * from record_201808 where emp_id=000001
2018-09-04 09:04:27,662 - DataBase.py[line:56] - INFO: select * from empinfo where Emp_id=000002
2018-09-04 09:04:27,663 - DataBase.py[line:56] - INFO: select password from empinfo where Emp_id=000002
2018-09-04 09:04:27,664 - DataBase.py[line:56] - INFO: select * from empinfo where Emp_id=000002
2018-09-04 09:04:27,665 - DataBase.py[line:56] - INFO: select * from record_201808 where emp_id=111111
2018-09-04 09:04:27,665 - DataBase.py[line:56] - INFO: select * from record_201808 where emp_id=111111 and time like '2018-08-1%'
2018-09-04 09:04:27,665 - DataBase.py[line:56] - INFO: select * from record_201808 where emp_id=111111
2018-09-04 09:04:27,666 - DataBase.py[line:56] - INFO: select * from record_201808 where emp_id=111111 and time like '2018-08-01%'
2018-09-04 09:04:27,666 - DataBase.py[line:56] - INFO: select * from record_201808 where emp_id=111111
2018-09-04 09:04:27,667 - DataBase.py[line:56] - INFO: select * from record_201808 where emp_id=111111 and time like '2018-08-2%'
2018-09-04 09:04:27,667 - DataBase.py[line:56] - INFO: select * from record_201808 where emp_id=111111
2018-09-04 09:04:27,668 - DataBase.py[line:56] - INFO: select * from record_201808 where emp_id=111111 and time like '2018-08-02%'
2018-09-04 09:04:27,668 - DataBase.py[line:56] - INFO: select * from record_201808 where emp_id=111111
2018-09-04 09:04:27,669 - DataBase.py[line:56] - INFO: select * from record_201808 where emp_id=111111 and time like '2018-08-3%'
2018-09-04 09:04:27,669 - DataBase.py[line:56] - INFO: select * from record_201808 where emp_id=111111
2018-09-04 09:04:27,670 - DataBase.py[line:56] - INFO: select * from record_201808 where emp_id=111111 and time like '2018-08-03%'
2018-09-04 09:04:27,670 - DataBase.py[line:56] - INFO: select * from record_201808 where emp_id=111111
2018-09-04 09:04:27,671 - DataBase.py[line:56] - INFO: select * from record_201808 where emp_id=111111 and time like '2018-08-4%'
2018-09-04 09:04:27,671 - DataBase.py[line:56] - INFO: select * from record_201808 where emp_id=111111
2018-09-04 09:04:27,672 - DataBase.py[line:56] - INFO: select * from record_201808 where emp_id=111111 and time like '2018-08-04%'
2018-09-04 09:04:27,672 - DataBase.py[line:56] - INFO: select * from record_201808 where emp_id=111111
2018-09-04 09:04:27,673 - DataBase.py[line:56] - INFO: select * from record_201808 where emp_id=111111 and time like '2018-08-5%'
2018-09-04 09:04:27,673 - DataBase.py[line:56] - INFO: select * from record_201808 where emp_id=111111
2018-09-04 09:04:27,674 - DataBase.py[line:56] - INFO: select * from record_201808 where emp_id=111111 and time like '2018-08-05%'
2018-09-04 09:04:27,674 - DataBase.py[line:56] - INFO: select * from record_201808 where emp_id=111111
2018-09-04 09:04:27,675 - DataBase.py[line:56] - INFO: select * from record_201808 where emp_id=111111 and time like '2018-08-6%'
2018-09-04 09:04:27,675 - DataBase.py[line:56] - INFO: select * from record_201808 where emp_id=111111
2018-09-04 09:04:27,676 - DataBase.py[line:56] - INFO: select * from record_201808 where emp_id=111111 and time like '2018-08-06%'
2018-09-04 09:04:27,677 - DataBase.py[line:56] - INFO: select * from record_201808 where emp_id=111111
2018-09-04 09:04:27,677 - DataBase.py[line:56] - INFO: select * from record_201808 where emp_id=111111 and time like '2018-08-7%'
2018-09-04 09:04:27,678 - DataBase.py[line:56] - INFO: select * from record_201808 where emp_id=111111
2018-09-04 09:04:27,678 - DataBase.py[line:56] - INFO: select * from record_201808 where emp_id=111111 and time like '2018-08-07%'
2018-09-04 09:04:27,679 - DataBase.py[line:56] - INFO: select * from record_201808 where emp_id=111111
2018-09-04 09:04:27,679 - DataBase.py[line:56] - INFO: select * from record_201808 where emp_id=111111 and time like '2018-08-8%'
2018-09-04 09:04:27,680 - DataBase.py[line:56] - INFO: select * from record_201808 where emp_id=111111
2018-09-04 09:04:27,680 - DataBase.py[line:56] - INFO: select * from record_201808 where emp_id=111111 and time like '2018-08-08%'
2018-09-04 09:04:27,681 - DataBase.py[line:56] - INFO: select * from record_201808 where emp_id=111111
2018-09-04 09:04:27,681 - DataBase.py[line:56] - INFO: select * from record_201808 where emp_id=111111 and time like '2018-08-9%'
2018-09-04 09:04:27,682 - DataBase.py[line:56] - INFO: select * from record_201808 where emp_id=111111
2018-09-04 09:04:27,682 - DataBase.py[line:56] - INFO: select * from record_201808 where emp_id=111111 and time like '2018-08-09%'
2018-09-04 09:04:27,683 - DataBase.py[line:56] - INFO: select * from record_201808 where emp_id=111111
2018-09-04 09:04:27,683 - DataBase.py[line:56] - INFO: select * from record_201808 where emp_id=111111 and time like '2018-08-10%'
2018-09-04 09:04:27,683 - DataBase.py[line:56] - INFO: select * from record_201808 where emp_id=111111
2018-09-04 09:04:27,684 - DataBase.py[line:56] - INFO: select * from record_201808 where emp_id=111111 and time like '2018-08-10%'
2018-09-04 09:04:27,684 - DataBase.py[line:56] - INFO: select * from record_201808 where emp_id=111111
2018-09-04 09:04:27,685 - DataBase.py[line:56] - INFO: select * from record_201808 where emp_id=111111 and time like '2018-08-11%'
2018-09-04 09:04:27,685 - DataBase.py[line:56] - INFO: select * from record_201808 where emp_id=111111
2018-09-04 09:04:27,686 - DataBase.py[line:56] - INFO: select * from record_201808 where emp_id=111111 and time like '2018-08-11%'
2018-09-04 09:04:27,687 - DataBase.py[line:56] - INFO: select * from record_201808 where emp_id=111111
2018-09-04 09:04:27,687 - DataBase.py[line:56] - INFO: select * from record_201808 where emp_id=111111 and time like '2018-08-12%'
2018-09-04 09:04:27,688 - DataBase.py[line:56] - INFO: select * from record_201808 where emp_id=111111
2018-09-04 09:04:27,688 - DataBase.py[line:56] - INFO: select * from record_201808 where emp_id=111111 and time like '2018-08-12%'
2018-09-04 09:04:27,689 - DataBase.py[line:56] - INFO: select * from record_201808 where emp_id=111111
2018-09-04 09:04:27,689 - DataBase.py[line:56] - INFO: select * from record_201808 where emp_id=111111 and time like '2018-08-13%'
2018-09-04 09:04:27,690 - DataBase.py[line:56] - INFO: select * from record_201808 where emp_id=111111
2018-09-04 09:04:27,690 - DataBase.py[line:56] - INFO: select * from record_201808 where emp_id=111111 and time like '2018-08-13%'
2018-09-04 09:04:27,691 - DataBase.py[line:56] - INFO: select * from record_201808 where emp_id=111111
2018-09-04 09:04:27,691 - DataBase.py[line:56] - INFO: select * from record_201808 where emp_id=111111 and time like '2018-08-14%'
2018-09-04 09:04:27,692 - DataBase.py[line:56] - INFO: select * from record_201808 where emp_id=111111
2018-09-04 09:04:27,692 - DataBase.py[line:56] - INFO: select * from record_201808 where emp_id=111111 and time like '2018-08-14%'
2018-09-04 09:04:27,693 - DataBase.py[line:56] - INFO: select * from record_201808 where emp_id=111111
2018-09-04 09:04:27,693 - DataBase.py[line:56] - INFO: select * from record_201808 where emp_id=111111 and time like '2018-08-15%'
2018-09-04 09:04:27,694 - DataBase.py[line:56] - INFO: select * from record_201808 where emp_id=111111
2018-09-04 09:04:27,694 - DataBase.py[line:56] - INFO: select * from record_201808 where emp_id=111111 and time like '2018-08-15%'
2018-09-04 09:04:27,695 - DataBase.py[line:56] - INFO: select * from record_201808 where emp_id=111111
2018-09-04 09:04:27,695 - DataBase.py[line:56] - INFO: select * from record_201808 where emp_id=111111 and time like '2018-08-16%'
2018-09-04 09:04:27,696 - DataBase.py[line:56] - INFO: select * from record_201808 where emp_id=111111
2018-09-04 09:04:27,696 - DataBase.py[line:56] - INFO: select * from record_201808 where emp_id=111111 and time like '2018-08-16%'
2018-09-04 09:04:27,697 - DataBase.py[line:56] - INFO: select * from record_201808 where emp_id=111111
2018-09-04 09:04:27,697 - DataBase.py[line:56] - INFO: select * from record_201808 where emp_id=111111 and time like '2018-08-17%'
2018-09-04 09:04:27,698 - DataBase.py[line:56] - INFO: select * from record_201808 where emp_id=111111
2018-09-04 09:04:27,698 - DataBase.py[line:56] - INFO: select * from record_201808 where emp_id=111111 and time like '2018-08-17%'
2018-09-04 09:04:27,699 - DataBase.py[line:56] - INFO: select * from record_201808 where emp_id=111111
2018-09-04 09:04:27,699 - DataBase.py[line:56] - INFO: select * from record_201808 where emp_id=111111 and time like '2018-08-18%'
2018-09-04 09:04:27,700 - DataBase.py[line:56] - INFO: select * from record_201808 where emp_id=111111
2018-09-04 09:04:27,700 - DataBase.py[line:56] - INFO: select * from record_201808 where emp_id=111111 and time like '2018-08-18%'
2018-09-04 09:04:27,701 - DataBase.py[line:56] - INFO: select * from record_201808 where emp_id=111111
2018-09-04 09:04:27,701 - DataBase.py[line:56] - INFO: select * from record_201808 where emp_id=111111 and time like '2018-08-19%'
2018-09-04 09:04:27,702 - DataBase.py[line:56] - INFO: select * from record_201808 where emp_id=111111
2018-09-04 09:04:27,702 - DataBase.py[line:56] - INFO: select * from record_201808 where emp_id=111111 and time like '2018-08-19%'
2018-09-04 09:04:27,703 - DataBase.py[line:56] - INFO: select * from record_201808 where emp_id=111111
2018-09-04 09:04:27,703 - DataBase.py[line:56] - INFO: select * from record_201808 where emp_id=111111 and time like '2018-08-20%'
2018-09-04 09:04:27,704 - DataBase.py[line:56] - INFO: select * from record_201808 where emp_id=111111
2018-09-04 09:04:27,704 - DataBase.py[line:56] - INFO: select * from record_201808 where emp_id=111111 and time like '2018-08-20%'
2018-09-04 09:04:27,705 - DataBase.py[line:56] - INFO: select * from record_201808 where emp_id=111111
2018-09-04 09:04:27,705 - DataBase.py[line:56] - INFO: select * from record_201808 where emp_id=111111 and time like '2018-08-21%'
2018-09-04 09:04:27,706 - DataBase.py[line:56] - INFO: select * from record_201808 where emp_id=111111
2018-09-04 09:04:27,706 - DataBase.py[line:56] - INFO: select * from record_201808 where emp_id=111111 and time like '2018-08-21%'
2018-09-04 09:04:27,707 - DataBase.py[line:56] - INFO: select * from record_201808 where emp_id=111111
2018-09-04 09:04:27,707 - DataBase.py[line:56] - INFO: select * from record_201808 where emp_id=111111 and time like '2018-08-22%'
2018-09-04 09:04:27,708 - DataBase.py[line:56] - INFO: select * from record_201808 where emp_id=111111
2018-09-04 09:04:27,708 - DataBase.py[line:56] - INFO: select * from record_201808 where emp_id=111111 and time like '2018-08-22%'
2018-09-04 09:04:27,709 - DataBase.py[line:56] - INFO: select * from record_201808 where emp_id=111111
2018-09-04 09:04:27,709 - DataBase.py[line:56] - INFO: select * from record_201808 where emp_id=111111 and time like '2018-08-23%'
2018-09-04 09:04:27,710 - DataBase.py[line:56] - INFO: select * from record_201808 where emp_id=111111
2018-09-04 09:04:27,710 - DataBase.py[line:56] - INFO: select * from record_201808 where emp_id=111111 and time like '2018-08-23%'
2018-09-04 09:04:27,711 - DataBase.py[line:56] - INFO: select * from record_201808 where emp_id=111111
2018-09-04 09:04:27,711 - DataBase.py[line:56] - INFO: select * from record_201808 where emp_id=111111 and time like '2018-08-24%'
2018-09-04 09:04:27,712 - DataBase.py[line:56] - INFO: select * from record_201808 where emp_id=111111
2018-09-04 09:04:27,712 - DataBase.py[line:56] - INFO: select * from record_201808 where emp_id=111111 and time like '2018-08-24%'
2018-09-04 09:04:27,713 - DataBase.py[line:56] - INFO: select * from record_201808 where emp_id=111111
2018-09-04 09:04:27,713 - DataBase.py[line:56] - INFO: select * from record_201808 where emp_id=111111 and time like '2018-08-25%'
2018-09-04 09:04:27,714 - DataBase.py[line:56] - INFO: select * from record_201808 where emp_id=111111
2018-09-04 09:04:27,714 - DataBase.py[line:56] - INFO: select * from record_201808 where emp_id=111111 and time like '2018-08-25%'
2018-09-04 09:04:27,715 - DataBase.py[line:56] - INFO: select * from record_201808 where emp_id=111111
2018-09-04 09:04:27,716 - DataBase.py[line:56] - INFO: select * from record_201808 where emp_id=111111 and time like '2018-08-26%'
2018-09-04 09:04:27,716 - DataBase.py[line:56] - INFO: select * from record_201808 where emp_id=111111
2018-09-04 09:04:27,717 - DataBase.py[line:56] - INFO: select * from record_201808 where emp_id=111111 and time like '2018-08-26%'
2018-09-04 09:04:27,718 - DataBase.py[line:56] - INFO: select * from record_201808 where emp_id=111111
2018-09-04 09:04:27,718 - DataBase.py[line:56] - INFO: select * from record_201808 where emp_id=111111 and time like '2018-08-27%'
2018-09-04 09:04:27,719 - DataBase.py[line:56] - INFO: select * from record_201808 where emp_id=111111
2018-09-04 09:04:27,720 - DataBase.py[line:56] - INFO: select * from record_201808 where emp_id=111111 and time like '2018-08-27%'
2018-09-04 09:04:27,720 - DataBase.py[line:56] - INFO: select * from record_201808 where emp_id=111111
2018-09-04 09:04:27,721 - DataBase.py[line:56] - INFO: select * from record_201808 where emp_id=111111 and time like '2018-08-28%'
2018-09-04 09:04:27,721 - DataBase.py[line:56] - INFO: select * from record_201808 where emp_id=111111
2018-09-04 09:04:27,722 - DataBase.py[line:56] - INFO: select * from record_201808 where emp_id=111111 and time like '2018-08-28%'
2018-09-04 09:04:27,723 - DataBase.py[line:56] - INFO: select * from record_201808 where emp_id=111111 and time like '2018-08-29%'
2018-09-04 09:04:27,723 - DataBase.py[line:56] - INFO: select * from record_201808 where emp_id=111111
2018-09-04 09:04:27,724 - DataBase.py[line:56] - INFO: select * from record_201808 where emp_id=111111 and time like '2018-08-29%'
2018-09-04 09:04:27,724 - DataBase.py[line:56] - INFO: select * from record_201808 where emp_id=111111 and time like '2018-08-30%'
2018-09-04 09:04:27,725 - DataBase.py[line:56] - INFO: select * from record_201808 where emp_id=111111
2018-09-04 09:04:27,726 - DataBase.py[line:56] - INFO: select * from record_201808 where emp_id=111111 and time like '2018-08-30%'
2018-09-04 09:04:27,726 - DataBase.py[line:56] - INFO: select * from record_201808 where emp_id=111111
2018-09-04 09:04:27,727 - DataBase.py[line:56] - INFO: select * from record_201808 where emp_id=111111 and time like '2018-08-31%'
2018-09-04 09:04:27,727 - DataBase.py[line:56] - INFO: select * from record_201808 where emp_id=111111
2018-09-04 09:04:27,728 - DataBase.py[line:56] - INFO: select * from record_201808 where emp_id=111111 and time like '2018-08-31%'
2018-09-04 09:04:27,728 - DataBase.py[line:56] - INFO: select * from record_201808 where emp_id=111111
