2018-09-04 10:26:54,832 - DataBase.py[line:23] - INFO: database class is creating...
2018-09-04 10:26:54,854 - DataBase.py[line:51] - INFO: database is connecting...
2018-09-04 10:27:01,308 - DataBase.py[line:56] - INFO: select * from empinfo where Emp_id=000002
2018-09-04 10:27:01,309 - DataBase.py[line:56] - INFO: select password from empinfo where Emp_id=000002
2018-09-04 10:27:01,309 - DataBase.py[line:56] - INFO: select * from empinfo where Emp_id=000002
2018-09-04 10:27:01,310 - DataBase.py[line:56] - INFO: select * from record_201808 where emp_id=111111
2018-09-04 10:27:01,310 - DataBase.py[line:56] - INFO: select * from record_201808 where emp_id=111111 and time like '2018-08-1%'
2018-09-04 10:27:01,311 - DataBase.py[line:56] - INFO: select * from record_201808 where emp_id=111111 and time<'2018-08-1'
2018-09-04 10:27:01,311 - DataBase.py[line:56] - INFO: select * from record_201808 where emp_id=111111 and time like '2018-08-01%'
2018-09-04 10:27:01,311 - DataBase.py[line:56] - INFO: select * from record_201808 where emp_id=111111 and time<'2018-08-01'
2018-09-04 10:27:01,312 - DataBase.py[line:56] - INFO: select * from record_201808 where emp_id=111111 and time like '2018-08-2%'
2018-09-04 10:27:01,312 - DataBase.py[line:56] - INFO: select * from record_201808 where emp_id=111111 and time like '2018-08-02%'
2018-09-04 10:27:01,312 - DataBase.py[line:56] - INFO: select * from record_201808 where emp_id=111111 and time<'2018-08-02'
2018-09-04 10:27:01,313 - DataBase.py[line:56] - INFO: select * from record_201808 where emp_id=111111 and time like '2018-08-3%'
2018-09-04 10:27:01,313 - DataBase.py[line:56] - INFO: select * from record_201808 where emp_id=111111 and time like '2018-08-03%'
2018-09-04 10:27:01,314 - DataBase.py[line:56] - INFO: select * from record_201808 where emp_id=111111 and time<'2018-08-03'
2018-09-04 10:27:01,314 - DataBase.py[line:56] - INFO: select * from record_201808 where emp_id=111111 and time like '2018-08-4%'
2018-09-04 10:27:01,315 - DataBase.py[line:56] - INFO: select * from record_201808 where emp_id=111111 and time<'2018-08-4'
2018-09-04 10:27:01,315 - DataBase.py[line:56] - INFO: select * from record_201808 where emp_id=111111
2018-09-04 10:27:01,316 - DataBase.py[line:56] - INFO: select * from record_201808 where emp_id=111111
2018-09-04 10:27:01,316 - DataBase.py[line:56] - INFO: select * from record_201808 where emp_id=111111 and time like '2018-08-04%'
2018-09-04 10:27:01,317 - DataBase.py[line:56] - INFO: select * from record_201808 where emp_id=111111 and time<'2018-08-04'
2018-09-04 10:27:01,317 - DataBase.py[line:56] - INFO: select * from record_201808 where emp_id=111111 and time like '2018-08-5%'
2018-09-04 10:27:01,318 - DataBase.py[line:56] - INFO: select * from record_201808 where emp_id=111111 and time<'2018-08-5'
2018-09-04 10:27:01,318 - DataBase.py[line:56] - INFO: select * from record_201808 where emp_id=111111
2018-09-04 10:27:01,319 - DataBase.py[line:56] - INFO: select * from record_201808 where emp_id=111111
2018-09-04 10:27:01,319 - DataBase.py[line:56] - INFO: select * from record_201808 where emp_id=111111 and time like '2018-08-05%'
2018-09-04 10:27:01,319 - DataBase.py[line:56] - INFO: select * from record_201808 where emp_id=111111 and time<'2018-08-05'
2018-09-04 10:27:01,320 - DataBase.py[line:56] - INFO: select * from record_201808 where emp_id=111111 and time like '2018-08-6%'
2018-09-04 10:27:01,320 - DataBase.py[line:56] - INFO: select * from record_201808 where emp_id=111111 and time<'2018-08-6'
2018-09-04 10:27:01,321 - DataBase.py[line:56] - INFO: select * from record_201808 where emp_id=111111
2018-09-04 10:27:01,321 - DataBase.py[line:56] - INFO: select * from record_201808 where emp_id=111111
2018-09-04 10:27:01,322 - DataBase.py[line:56] - INFO: select * from record_201808 where emp_id=111111 and time like '2018-08-06%'
2018-09-04 10:27:01,322 - DataBase.py[line:56] - INFO: select * from record_201808 where emp_id=111111 and time<'2018-08-06'
2018-09-04 10:27:01,322 - DataBase.py[line:56] - INFO: select * from record_201808 where emp_id=111111 and time like '2018-08-7%'
2018-09-04 10:27:01,323 - DataBase.py[line:56] - INFO: select * from record_201808 where emp_id=111111 and time<'2018-08-7'
2018-09-04 10:27:01,323 - DataBase.py[line:56] - INFO: select * from record_201808 where emp_id=111111
2018-09-04 10:27:01,324 - DataBase.py[line:56] - INFO: select * from record_201808 where emp_id=111111
2018-09-04 10:27:01,325 - DataBase.py[line:56] - INFO: select * from record_201808 where emp_id=111111 and time like '2018-08-07%'
2018-09-04 10:27:01,325 - DataBase.py[line:56] - INFO: select * from record_201808 where emp_id=111111 and time<'2018-08-07'
2018-09-04 10:27:01,326 - DataBase.py[line:56] - INFO: select * from record_201808 where emp_id=111111 and time like '2018-08-8%'
2018-09-04 10:27:01,326 - DataBase.py[line:56] - INFO: select * from record_201808 where emp_id=111111 and time<'2018-08-8'
2018-09-04 10:27:01,327 - DataBase.py[line:56] - INFO: select * from record_201808 where emp_id=111111
2018-09-04 10:27:01,327 - DataBase.py[line:56] - INFO: select * from record_201808 where emp_id=111111
2018-09-04 10:27:01,328 - DataBase.py[line:56] - INFO: select * from record_201808 where emp_id=111111 and time like '2018-08-08%'
2018-09-04 10:27:01,328 - DataBase.py[line:56] - INFO: select * from record_201808 where emp_id=111111 and time<'2018-08-08'
2018-09-04 10:27:01,328 - DataBase.py[line:56] - INFO: select * from record_201808 where emp_id=111111 and time like '2018-08-9%'
2018-09-04 10:27:01,329 - DataBase.py[line:56] - INFO: select * from record_201808 where emp_id=111111 and time<'2018-08-9'
2018-09-04 10:27:01,329 - DataBase.py[line:56] - INFO: select * from record_201808 where emp_id=111111
2018-09-04 10:27:01,330 - DataBase.py[line:56] - INFO: select * from record_201808 where emp_id=111111
2018-09-04 10:27:01,330 - DataBase.py[line:56] - INFO: select * from record_201808 where emp_id=111111 and time like '2018-08-09%'
2018-09-04 10:27:01,331 - DataBase.py[line:56] - INFO: select * from record_201808 where emp_id=111111 and time<'2018-08-09'
2018-09-04 10:27:01,331 - DataBase.py[line:56] - INFO: select * from record_201808 where emp_id=111111 and time like '2018-08-10%'
2018-09-04 10:27:01,332 - DataBase.py[line:56] - INFO: select * from record_201808 where emp_id=111111 and time<'2018-08-10'
2018-09-04 10:27:01,332 - DataBase.py[line:56] - INFO: select * from record_201808 where emp_id=111111 and time like '2018-08-10%'
2018-09-04 10:27:01,332 - DataBase.py[line:56] - INFO: select * from record_201808 where emp_id=111111 and time<'2018-08-10'
2018-09-04 10:27:01,333 - DataBase.py[line:56] - INFO: select * from record_201808 where emp_id=111111 and time like '2018-08-11%'
2018-09-04 10:27:01,333 - DataBase.py[line:56] - INFO: select * from record_201808 where emp_id=111111 and time<'2018-08-11'
2018-09-04 10:27:01,334 - DataBase.py[line:56] - INFO: select * from record_201808 where emp_id=111111 and time like '2018-08-11%'
2018-09-04 10:27:01,334 - DataBase.py[line:56] - INFO: select * from record_201808 where emp_id=111111 and time<'2018-08-11'
2018-09-04 10:27:01,335 - DataBase.py[line:56] - INFO: select * from record_201808 where emp_id=111111 and time like '2018-08-12%'
2018-09-04 10:27:01,335 - DataBase.py[line:56] - INFO: select * from record_201808 where emp_id=111111 and time<'2018-08-12'
2018-09-04 10:27:01,336 - DataBase.py[line:56] - INFO: select * from record_201808 where emp_id=111111 and time like '2018-08-12%'
2018-09-04 10:27:01,336 - DataBase.py[line:56] - INFO: select * from record_201808 where emp_id=111111 and time<'2018-08-12'
2018-09-04 10:27:01,337 - DataBase.py[line:56] - INFO: select * from record_201808 where emp_id=111111 and time like '2018-08-13%'
2018-09-04 10:27:01,337 - DataBase.py[line:56] - INFO: select * from record_201808 where emp_id=111111 and time<'2018-08-13'
2018-09-04 10:27:01,337 - DataBase.py[line:56] - INFO: select * from record_201808 where emp_id=111111 and time like '2018-08-13%'
2018-09-04 10:27:01,338 - DataBase.py[line:56] - INFO: select * from record_201808 where emp_id=111111 and time<'2018-08-13'
2018-09-04 10:27:01,339 - DataBase.py[line:56] - INFO: select * from record_201808 where emp_id=111111 and time like '2018-08-14%'
2018-09-04 10:27:01,339 - DataBase.py[line:56] - INFO: select * from record_201808 where emp_id=111111 and time<'2018-08-14'
2018-09-04 10:27:01,339 - DataBase.py[line:56] - INFO: select * from record_201808 where emp_id=111111 and time like '2018-08-14%'
2018-09-04 10:27:01,340 - DataBase.py[line:56] - INFO: select * from record_201808 where emp_id=111111 and time<'2018-08-14'
2018-09-04 10:27:01,340 - DataBase.py[line:56] - INFO: select * from record_201808 where emp_id=111111 and time like '2018-08-15%'
2018-09-04 10:27:01,341 - DataBase.py[line:56] - INFO: select * from record_201808 where emp_id=111111 and time<'2018-08-15'
2018-09-04 10:27:01,341 - DataBase.py[line:56] - INFO: select * from record_201808 where emp_id=111111 and time like '2018-08-15%'
2018-09-04 10:27:01,341 - DataBase.py[line:56] - INFO: select * from record_201808 where emp_id=111111 and time<'2018-08-15'
2018-09-04 10:27:01,342 - DataBase.py[line:56] - INFO: select * from record_201808 where emp_id=111111 and time like '2018-08-16%'
2018-09-04 10:27:01,342 - DataBase.py[line:56] - INFO: select * from record_201808 where emp_id=111111 and time<'2018-08-16'
2018-09-04 10:27:01,343 - DataBase.py[line:56] - INFO: select * from record_201808 where emp_id=111111 and time like '2018-08-16%'
2018-09-04 10:27:01,343 - DataBase.py[line:56] - INFO: select * from record_201808 where emp_id=111111 and time<'2018-08-16'
2018-09-04 10:27:01,343 - DataBase.py[line:56] - INFO: select * from record_201808 where emp_id=111111 and time like '2018-08-17%'
2018-09-04 10:27:01,344 - DataBase.py[line:56] - INFO: select * from record_201808 where emp_id=111111 and time<'2018-08-17'
2018-09-04 10:27:01,344 - DataBase.py[line:56] - INFO: select * from record_201808 where emp_id=111111 and time like '2018-08-17%'
2018-09-04 10:27:01,345 - DataBase.py[line:56] - INFO: select * from record_201808 where emp_id=111111 and time<'2018-08-17'
2018-09-04 10:27:01,345 - DataBase.py[line:56] - INFO: select * from record_201808 where emp_id=111111 and time like '2018-08-18%'
2018-09-04 10:27:01,346 - DataBase.py[line:56] - INFO: select * from record_201808 where emp_id=111111 and time<'2018-08-18'
2018-09-04 10:27:01,346 - DataBase.py[line:56] - INFO: select * from record_201808 where emp_id=111111 and time like '2018-08-18%'
2018-09-04 10:27:01,346 - DataBase.py[line:56] - INFO: select * from record_201808 where emp_id=111111 and time<'2018-08-18'
2018-09-04 10:27:01,347 - DataBase.py[line:56] - INFO: select * from record_201808 where emp_id=111111 and time like '2018-08-19%'
2018-09-04 10:27:01,347 - DataBase.py[line:56] - INFO: select * from record_201808 where emp_id=111111 and time<'2018-08-19'
2018-09-04 10:27:01,348 - DataBase.py[line:56] - INFO: select * from record_201808 where emp_id=111111 and time like '2018-08-19%'
2018-09-04 10:27:01,348 - DataBase.py[line:56] - INFO: select * from record_201808 where emp_id=111111 and time<'2018-08-19'
2018-09-04 10:27:01,348 - DataBase.py[line:56] - INFO: select * from record_201808 where emp_id=111111 and time like '2018-08-20%'
2018-09-04 10:27:01,349 - DataBase.py[line:56] - INFO: select * from record_201808 where emp_id=111111 and time<'2018-08-20'
2018-09-04 10:27:01,349 - DataBase.py[line:56] - INFO: select * from record_201808 where emp_id=111111 and time like '2018-08-20%'
2018-09-04 10:27:01,350 - DataBase.py[line:56] - INFO: select * from record_201808 where emp_id=111111 and time<'2018-08-20'
2018-09-04 10:27:01,350 - DataBase.py[line:56] - INFO: select * from record_201808 where emp_id=111111 and time like '2018-08-21%'
2018-09-04 10:27:01,351 - DataBase.py[line:56] - INFO: select * from record_201808 where emp_id=111111 and time<'2018-08-21'
2018-09-04 10:27:01,351 - DataBase.py[line:56] - INFO: select * from record_201808 where emp_id=111111 and time like '2018-08-21%'
2018-09-04 10:27:01,351 - DataBase.py[line:56] - INFO: select * from record_201808 where emp_id=111111 and time<'2018-08-21'
2018-09-04 10:27:01,352 - DataBase.py[line:56] - INFO: select * from record_201808 where emp_id=111111 and time like '2018-08-22%'
2018-09-04 10:27:01,352 - DataBase.py[line:56] - INFO: select * from record_201808 where emp_id=111111 and time<'2018-08-22'
2018-09-04 10:27:01,353 - DataBase.py[line:56] - INFO: select * from record_201808 where emp_id=111111 and time like '2018-08-22%'
2018-09-04 10:27:01,353 - DataBase.py[line:56] - INFO: select * from record_201808 where emp_id=111111 and time<'2018-08-22'
2018-09-04 10:27:01,353 - DataBase.py[line:56] - INFO: select * from record_201808 where emp_id=111111 and time like '2018-08-23%'
2018-09-04 10:27:01,354 - DataBase.py[line:56] - INFO: select * from record_201808 where emp_id=111111 and time<'2018-08-23'
2018-09-04 10:27:01,354 - DataBase.py[line:56] - INFO: select * from record_201808 where emp_id=111111 and time like '2018-08-23%'
2018-09-04 10:27:01,355 - DataBase.py[line:56] - INFO: select * from record_201808 where emp_id=111111 and time<'2018-08-23'
2018-09-04 10:27:01,355 - DataBase.py[line:56] - INFO: select * from record_201808 where emp_id=111111 and time like '2018-08-24%'
2018-09-04 10:27:01,356 - DataBase.py[line:56] - INFO: select * from record_201808 where emp_id=111111 and time<'2018-08-24'
2018-09-04 10:27:01,356 - DataBase.py[line:56] - INFO: select * from record_201808 where emp_id=111111 and time like '2018-08-24%'
2018-09-04 10:27:01,357 - DataBase.py[line:56] - INFO: select * from record_201808 where emp_id=111111 and time<'2018-08-24'
2018-09-04 10:27:01,357 - DataBase.py[line:56] - INFO: select * from record_201808 where emp_id=111111 and time like '2018-08-25%'
2018-09-04 10:27:01,357 - DataBase.py[line:56] - INFO: select * from record_201808 where emp_id=111111 and time<'2018-08-25'
2018-09-04 10:27:01,358 - DataBase.py[line:56] - INFO: select * from record_201808 where emp_id=111111 and time like '2018-08-25%'
2018-09-04 10:27:01,358 - DataBase.py[line:56] - INFO: select * from record_201808 where emp_id=111111 and time<'2018-08-25'
2018-09-04 10:27:01,359 - DataBase.py[line:56] - INFO: select * from record_201808 where emp_id=111111 and time like '2018-08-26%'
2018-09-04 10:27:01,359 - DataBase.py[line:56] - INFO: select * from record_201808 where emp_id=111111 and time<'2018-08-26'
2018-09-04 10:27:01,359 - DataBase.py[line:56] - INFO: select * from record_201808 where emp_id=111111 and time like '2018-08-26%'
2018-09-04 10:27:01,360 - DataBase.py[line:56] - INFO: select * from record_201808 where emp_id=111111 and time<'2018-08-26'
2018-09-04 10:27:01,361 - DataBase.py[line:56] - INFO: select * from record_201808 where emp_id=111111 and time like '2018-08-27%'
2018-09-04 10:27:01,361 - DataBase.py[line:56] - INFO: select * from record_201808 where emp_id=111111 and time<'2018-08-27'
2018-09-04 10:27:01,362 - DataBase.py[line:56] - INFO: select * from record_201808 where emp_id=111111 and time like '2018-08-27%'
2018-09-04 10:27:01,362 - DataBase.py[line:56] - INFO: select * from record_201808 where emp_id=111111 and time<'2018-08-27'
2018-09-04 10:27:01,362 - DataBase.py[line:56] - INFO: select * from record_201808 where emp_id=111111 and time like '2018-08-28%'
2018-09-04 10:27:01,363 - DataBase.py[line:56] - INFO: select * from record_201808 where emp_id=111111 and time like '2018-08-28%'
2018-09-04 10:27:01,364 - DataBase.py[line:56] - INFO: select * from record_201808 where emp_id=111111 and time like '2018-08-29%'
2018-09-04 10:27:01,364 - DataBase.py[line:56] - INFO: select * from record_201808 where emp_id=111111 and time<'2018-08-29'
2018-09-04 10:27:01,365 - DataBase.py[line:56] - INFO: select * from record_201808 where emp_id=111111
2018-09-04 10:27:01,365 - DataBase.py[line:56] - INFO: select * from record_201808 where emp_id=111111
2018-09-04 10:27:01,365 - DataBase.py[line:56] - INFO: select * from record_201808 where emp_id=111111 and time like '2018-08-29%'
2018-09-04 10:27:01,366 - DataBase.py[line:56] - INFO: select * from record_201808 where emp_id=111111
2018-09-04 10:27:01,366 - DataBase.py[line:56] - INFO: select * from record_201808 where emp_id=111111 and time like '2018-08-30%'
2018-09-04 10:27:01,367 - DataBase.py[line:56] - INFO: select * from record_201808 where emp_id=111111 and time like '2018-08-30%'
2018-09-04 10:27:01,367 - DataBase.py[line:56] - INFO: select * from record_201808 where emp_id=111111 and time like '2018-08-31%'
2018-09-04 10:27:01,367 - DataBase.py[line:56] - INFO: select * from record_201808 where emp_id=111111 and time<'2018-08-31'
2018-09-04 10:27:01,368 - DataBase.py[line:56] - INFO: select * from record_201808 where emp_id=111111
2018-09-04 10:27:01,368 - DataBase.py[line:56] - INFO: select * from record_201808 where emp_id=111111
2018-09-04 10:27:01,369 - DataBase.py[line:56] - INFO: select * from record_201808 where emp_id=111111 and time like '2018-08-31%'
2018-09-04 10:27:01,369 - DataBase.py[line:56] - INFO: select * from record_201808 where emp_id=111111 and time<'2018-08-31'
2018-09-04 10:27:01,370 - DataBase.py[line:56] - INFO: select * from record_201808 where emp_id=111111
2018-09-04 10:27:01,370 - DataBase.py[line:56] - INFO: select * from record_201808 where emp_id=111111
