2018-09-01 16:19:18,302 - DataBase.py[line:22] - INFO: database class is creating...
2018-09-01 16:19:18,322 - DataBase.py[line:50] - INFO: database is connecting...
2018-09-01 16:19:18,323 - DataBase.py[line:55] - INFO: select * from record_201808 where emp_id=111111 and time like '2018-08-1%'
2018-09-01 16:19:18,324 - DataBase.py[line:55] - INFO: select * from record_201808 where emp_id=111111
2018-09-01 16:19:18,324 - DataBase.py[line:55] - INFO: select * from record_201808 where emp_id=111111 and time like '2018-08-01%'
2018-09-01 16:19:18,325 - DataBase.py[line:55] - INFO: select * from record_201808 where emp_id=111111
2018-09-01 16:19:18,325 - DataBase.py[line:55] - INFO: select * from record_201808 where emp_id=111111 and time like '2018-08-2%'
2018-09-01 16:19:18,326 - DataBase.py[line:55] - INFO: select * from record_201808 where emp_id=111111
2018-09-01 16:19:18,327 - DataBase.py[line:55] - INFO: select * from record_201808 where emp_id=111111 and time like '2018-08-02%'
2018-09-01 16:19:18,327 - DataBase.py[line:55] - INFO: select * from record_201808 where emp_id=111111
2018-09-01 16:19:18,328 - DataBase.py[line:55] - INFO: select * from record_201808 where emp_id=111111 and time like '2018-08-3%'
2018-09-01 16:19:18,328 - DataBase.py[line:55] - INFO: select * from record_201808 where emp_id=111111
2018-09-01 16:19:18,329 - DataBase.py[line:55] - INFO: select * from record_201808 where emp_id=111111 and time like '2018-08-03%'
2018-09-01 16:19:18,329 - DataBase.py[line:55] - INFO: select * from record_201808 where emp_id=111111
2018-09-01 16:19:18,330 - DataBase.py[line:55] - INFO: select * from record_201808 where emp_id=111111 and time like '2018-08-4%'
2018-09-01 16:19:18,330 - DataBase.py[line:55] - INFO: select * from record_201808 where emp_id=111111
2018-09-01 16:19:18,331 - DataBase.py[line:55] - INFO: select * from record_201808 where emp_id=111111 and time like '2018-08-04%'
2018-09-01 16:19:18,331 - DataBase.py[line:55] - INFO: select * from record_201808 where emp_id=111111
2018-09-01 16:19:18,332 - DataBase.py[line:55] - INFO: select * from record_201808 where emp_id=111111 and time like '2018-08-5%'
2018-09-01 16:19:18,332 - DataBase.py[line:55] - INFO: select * from record_201808 where emp_id=111111
2018-09-01 16:19:18,333 - DataBase.py[line:55] - INFO: select * from record_201808 where emp_id=111111 and time like '2018-08-05%'
2018-09-01 16:19:18,333 - DataBase.py[line:55] - INFO: select * from record_201808 where emp_id=111111
2018-09-01 16:19:18,334 - DataBase.py[line:55] - INFO: select * from record_201808 where emp_id=111111 and time like '2018-08-6%'
2018-09-01 16:19:18,334 - DataBase.py[line:55] - INFO: select * from record_201808 where emp_id=111111
2018-09-01 16:19:18,335 - DataBase.py[line:55] - INFO: select * from record_201808 where emp_id=111111 and time like '2018-08-06%'
2018-09-01 16:19:18,335 - DataBase.py[line:55] - INFO: select * from record_201808 where emp_id=111111
2018-09-01 16:19:18,335 - DataBase.py[line:55] - INFO: select * from record_201808 where emp_id=111111 and time like '2018-08-7%'
2018-09-01 16:19:18,336 - DataBase.py[line:55] - INFO: select * from record_201808 where emp_id=111111
2018-09-01 16:19:18,336 - DataBase.py[line:55] - INFO: select * from record_201808 where emp_id=111111 and time like '2018-08-07%'
2018-09-01 16:19:18,337 - DataBase.py[line:55] - INFO: select * from record_201808 where emp_id=111111
2018-09-01 16:19:18,337 - DataBase.py[line:55] - INFO: select * from record_201808 where emp_id=111111 and time like '2018-08-8%'
2018-09-01 16:19:18,337 - DataBase.py[line:55] - INFO: select * from record_201808 where emp_id=111111
2018-09-01 16:19:18,338 - DataBase.py[line:55] - INFO: select * from record_201808 where emp_id=111111 and time like '2018-08-08%'
2018-09-01 16:19:18,338 - DataBase.py[line:55] - INFO: select * from record_201808 where emp_id=111111
2018-09-01 16:19:18,339 - DataBase.py[line:55] - INFO: select * from record_201808 where emp_id=111111 and time like '2018-08-9%'
2018-09-01 16:19:18,339 - DataBase.py[line:55] - INFO: select * from record_201808 where emp_id=111111
2018-09-01 16:19:18,339 - DataBase.py[line:55] - INFO: select * from record_201808 where emp_id=111111 and time like '2018-08-09%'
2018-09-01 16:19:18,340 - DataBase.py[line:55] - INFO: select * from record_201808 where emp_id=111111
2018-09-01 16:19:18,340 - DataBase.py[line:55] - INFO: select * from record_201808 where emp_id=111111 and time like '2018-08-10%'
2018-09-01 16:19:18,341 - DataBase.py[line:55] - INFO: select * from record_201808 where emp_id=111111
2018-09-01 16:19:18,341 - DataBase.py[line:55] - INFO: select * from record_201808 where emp_id=111111 and time like '2018-08-10%'
2018-09-01 16:19:18,342 - DataBase.py[line:55] - INFO: select * from record_201808 where emp_id=111111
2018-09-01 16:19:18,342 - DataBase.py[line:55] - INFO: select * from record_201808 where emp_id=111111 and time like '2018-08-11%'
2018-09-01 16:19:18,343 - DataBase.py[line:55] - INFO: select * from record_201808 where emp_id=111111
2018-09-01 16:19:18,343 - DataBase.py[line:55] - INFO: select * from record_201808 where emp_id=111111 and time like '2018-08-11%'
2018-09-01 16:19:18,344 - DataBase.py[line:55] - INFO: select * from record_201808 where emp_id=111111
2018-09-01 16:19:18,344 - DataBase.py[line:55] - INFO: select * from record_201808 where emp_id=111111 and time like '2018-08-12%'
2018-09-01 16:19:18,344 - DataBase.py[line:55] - INFO: select * from record_201808 where emp_id=111111
2018-09-01 16:19:18,345 - DataBase.py[line:55] - INFO: select * from record_201808 where emp_id=111111 and time like '2018-08-12%'
2018-09-01 16:19:18,345 - DataBase.py[line:55] - INFO: select * from record_201808 where emp_id=111111
2018-09-01 16:19:18,346 - DataBase.py[line:55] - INFO: select * from record_201808 where emp_id=111111 and time like '2018-08-13%'
2018-09-01 16:19:18,346 - DataBase.py[line:55] - INFO: select * from record_201808 where emp_id=111111
2018-09-01 16:19:18,346 - DataBase.py[line:55] - INFO: select * from record_201808 where emp_id=111111 and time like '2018-08-13%'
2018-09-01 16:19:18,347 - DataBase.py[line:55] - INFO: select * from record_201808 where emp_id=111111
2018-09-01 16:19:18,347 - DataBase.py[line:55] - INFO: select * from record_201808 where emp_id=111111 and time like '2018-08-14%'
2018-09-01 16:19:18,348 - DataBase.py[line:55] - INFO: select * from record_201808 where emp_id=111111
2018-09-01 16:19:18,348 - DataBase.py[line:55] - INFO: select * from record_201808 where emp_id=111111 and time like '2018-08-14%'
2018-09-01 16:19:18,349 - DataBase.py[line:55] - INFO: select * from record_201808 where emp_id=111111
2018-09-01 16:19:18,349 - DataBase.py[line:55] - INFO: select * from record_201808 where emp_id=111111 and time like '2018-08-15%'
2018-09-01 16:19:18,349 - DataBase.py[line:55] - INFO: select * from record_201808 where emp_id=111111
2018-09-01 16:19:18,350 - DataBase.py[line:55] - INFO: select * from record_201808 where emp_id=111111 and time like '2018-08-15%'
2018-09-01 16:19:18,350 - DataBase.py[line:55] - INFO: select * from record_201808 where emp_id=111111
2018-09-01 16:19:18,351 - DataBase.py[line:55] - INFO: select * from record_201808 where emp_id=111111 and time like '2018-08-16%'
2018-09-01 16:19:18,351 - DataBase.py[line:55] - INFO: select * from record_201808 where emp_id=111111
2018-09-01 16:19:18,351 - DataBase.py[line:55] - INFO: select * from record_201808 where emp_id=111111 and time like '2018-08-16%'
2018-09-01 16:19:18,352 - DataBase.py[line:55] - INFO: select * from record_201808 where emp_id=111111
2018-09-01 16:19:18,352 - DataBase.py[line:55] - INFO: select * from record_201808 where emp_id=111111 and time like '2018-08-17%'
2018-09-01 16:19:18,353 - DataBase.py[line:55] - INFO: select * from record_201808 where emp_id=111111
2018-09-01 16:19:18,353 - DataBase.py[line:55] - INFO: select * from record_201808 where emp_id=111111 and time like '2018-08-17%'
2018-09-01 16:19:18,353 - DataBase.py[line:55] - INFO: select * from record_201808 where emp_id=111111
2018-09-01 16:19:18,354 - DataBase.py[line:55] - INFO: select * from record_201808 where emp_id=111111 and time like '2018-08-18%'
2018-09-01 16:19:18,355 - DataBase.py[line:55] - INFO: select * from record_201808 where emp_id=111111
2018-09-01 16:19:18,355 - DataBase.py[line:55] - INFO: select * from record_201808 where emp_id=111111 and time like '2018-08-18%'
2018-09-01 16:19:18,356 - DataBase.py[line:55] - INFO: select * from record_201808 where emp_id=111111
2018-09-01 16:19:18,357 - DataBase.py[line:55] - INFO: select * from record_201808 where emp_id=111111 and time like '2018-08-19%'
2018-09-01 16:19:18,357 - DataBase.py[line:55] - INFO: select * from record_201808 where emp_id=111111
2018-09-01 16:19:18,358 - DataBase.py[line:55] - INFO: select * from record_201808 where emp_id=111111 and time like '2018-08-19%'
2018-09-01 16:19:18,358 - DataBase.py[line:55] - INFO: select * from record_201808 where emp_id=111111
2018-09-01 16:19:18,359 - DataBase.py[line:55] - INFO: select * from record_201808 where emp_id=111111 and time like '2018-08-20%'
2018-09-01 16:19:18,359 - DataBase.py[line:55] - INFO: select * from record_201808 where emp_id=111111
2018-09-01 16:19:18,359 - DataBase.py[line:55] - INFO: select * from record_201808 where emp_id=111111 and time like '2018-08-20%'
2018-09-01 16:19:18,360 - DataBase.py[line:55] - INFO: select * from record_201808 where emp_id=111111
2018-09-01 16:19:18,360 - DataBase.py[line:55] - INFO: select * from record_201808 where emp_id=111111 and time like '2018-08-21%'
2018-09-01 16:19:18,361 - DataBase.py[line:55] - INFO: select * from record_201808 where emp_id=111111
2018-09-01 16:19:18,361 - DataBase.py[line:55] - INFO: select * from record_201808 where emp_id=111111 and time like '2018-08-21%'
2018-09-01 16:19:18,362 - DataBase.py[line:55] - INFO: select * from record_201808 where emp_id=111111
2018-09-01 16:19:18,362 - DataBase.py[line:55] - INFO: select * from record_201808 where emp_id=111111 and time like '2018-08-22%'
2018-09-01 16:19:18,362 - DataBase.py[line:55] - INFO: select * from record_201808 where emp_id=111111
2018-09-01 16:19:18,363 - DataBase.py[line:55] - INFO: select * from record_201808 where emp_id=111111 and time like '2018-08-22%'
2018-09-01 16:19:18,363 - DataBase.py[line:55] - INFO: select * from record_201808 where emp_id=111111
2018-09-01 16:19:18,364 - DataBase.py[line:55] - INFO: select * from record_201808 where emp_id=111111 and time like '2018-08-23%'
2018-09-01 16:19:18,365 - DataBase.py[line:55] - INFO: select * from record_201808 where emp_id=111111
2018-09-01 16:19:18,365 - DataBase.py[line:55] - INFO: select * from record_201808 where emp_id=111111 and time like '2018-08-23%'
2018-09-01 16:19:18,365 - DataBase.py[line:55] - INFO: select * from record_201808 where emp_id=111111
2018-09-01 16:19:18,366 - DataBase.py[line:55] - INFO: select * from record_201808 where emp_id=111111 and time like '2018-08-24%'
2018-09-01 16:19:18,366 - DataBase.py[line:55] - INFO: select * from record_201808 where emp_id=111111
2018-09-01 16:19:18,367 - DataBase.py[line:55] - INFO: select * from record_201808 where emp_id=111111 and time like '2018-08-24%'
2018-09-01 16:19:18,367 - DataBase.py[line:55] - INFO: select * from record_201808 where emp_id=111111
2018-09-01 16:19:18,368 - DataBase.py[line:55] - INFO: select * from record_201808 where emp_id=111111 and time like '2018-08-25%'
2018-09-01 16:19:18,368 - DataBase.py[line:55] - INFO: select * from record_201808 where emp_id=111111
2018-09-01 16:19:18,368 - DataBase.py[line:55] - INFO: select * from record_201808 where emp_id=111111 and time like '2018-08-25%'
2018-09-01 16:19:18,369 - DataBase.py[line:55] - INFO: select * from record_201808 where emp_id=111111
2018-09-01 16:19:18,369 - DataBase.py[line:55] - INFO: select * from record_201808 where emp_id=111111 and time like '2018-08-26%'
2018-09-01 16:19:18,370 - DataBase.py[line:55] - INFO: select * from record_201808 where emp_id=111111
2018-09-01 16:19:18,370 - DataBase.py[line:55] - INFO: select * from record_201808 where emp_id=111111 and time like '2018-08-26%'
2018-09-01 16:19:18,371 - DataBase.py[line:55] - INFO: select * from record_201808 where emp_id=111111
2018-09-01 16:19:18,371 - DataBase.py[line:55] - INFO: select * from record_201808 where emp_id=111111 and time like '2018-08-27%'
2018-09-01 16:19:18,372 - DataBase.py[line:55] - INFO: select * from record_201808 where emp_id=111111
2018-09-01 16:19:18,372 - DataBase.py[line:55] - INFO: select * from record_201808 where emp_id=111111 and time like '2018-08-27%'
2018-09-01 16:19:18,373 - DataBase.py[line:55] - INFO: select * from record_201808 where emp_id=111111
2018-09-01 16:19:18,373 - DataBase.py[line:55] - INFO: select * from record_201808 where emp_id=111111 and time like '2018-08-28%'
2018-09-01 16:19:18,374 - DataBase.py[line:55] - INFO: select * from record_201808 where emp_id=111111
2018-09-01 16:19:18,374 - DataBase.py[line:55] - INFO: select * from record_201808 where emp_id=111111 and time like '2018-08-28%'
2018-09-01 16:19:18,375 - DataBase.py[line:55] - INFO: select * from record_201808 where emp_id=111111 and time like '2018-08-29%'
2018-09-01 16:19:18,375 - DataBase.py[line:55] - INFO: select * from record_201808 where emp_id=111111
2018-09-01 16:19:18,376 - DataBase.py[line:55] - INFO: select * from record_201808 where emp_id=111111 and time like '2018-08-29%'
2018-09-01 16:19:18,376 - DataBase.py[line:55] - INFO: select * from record_201808 where emp_id=111111 and time like '2018-08-30%'
2018-09-01 16:19:18,377 - DataBase.py[line:55] - INFO: select * from record_201808 where emp_id=111111
2018-09-01 16:19:18,377 - DataBase.py[line:55] - INFO: select * from record_201808 where emp_id=111111 and time like '2018-08-30%'
2018-09-01 16:19:18,378 - DataBase.py[line:55] - INFO: select * from record_201808 where emp_id=111111
2018-09-01 16:19:18,378 - DataBase.py[line:55] - INFO: select * from record_201808 where emp_id=111111 and time like '2018-08-31%'
2018-09-01 16:19:18,378 - DataBase.py[line:55] - INFO: select * from record_201808 where emp_id=111111
2018-09-01 16:19:18,379 - DataBase.py[line:55] - INFO: select * from record_201808 where emp_id=111111 and time like '2018-08-31%'
2018-09-01 16:19:18,379 - DataBase.py[line:55] - INFO: select * from record_201808 where emp_id=111111
2018-09-01 16:19:18,380 - DataBase.py[line:55] - INFO: select * from empinfo where Emp_id=000001
