2018-09-06 09:38:16,482 - DataBase.py[line:23] - INFO: database class is creating...
2018-09-06 09:38:16,698 - DataBase.py[line:51] - INFO: database is connecting...
2018-09-06 09:38:39,821 - DataBase.py[line:56] - INFO: select * from empinfo where Emp_name='name1'
2018-09-06 09:38:45,928 - DataBase.py[line:56] - INFO: select * from empinfo where Emp_id=000001
2018-09-06 09:41:27,272 - DataBase.py[line:56] - INFO: select * from empinfo where Emp_id=000001
2018-09-06 09:41:32,762 - DataBase.py[line:56] - INFO: select * from empinfo where Emp_id=000001
2018-09-06 09:41:39,577 - DataBase.py[line:56] - INFO: select * from record_201808 where emp_id=000001
2018-09-06 09:41:39,622 - DataBase.py[line:56] - INFO: select * from record_201808 where emp_id=000001 and time like '2018-08-01%'
2018-09-06 09:41:39,682 - DataBase.py[line:56] - INFO: select * from record_201808 where emp_id=000001 and time<'2018-08-01'
2018-09-06 09:41:39,720 - DataBase.py[line:56] - INFO: select * from record_201808 where emp_id=000001 and time like '2018-08-01%'
2018-09-06 09:41:39,757 - DataBase.py[line:56] - INFO: select * from record_201808 where emp_id=000001 and time<'2018-08-01'
2018-09-06 09:41:39,797 - DataBase.py[line:56] - INFO: select * from record_201808 where emp_id=000001 and time like '2018-08-02%'
2018-09-06 09:41:39,834 - DataBase.py[line:56] - INFO: select * from record_201808 where emp_id=000001 and time<'2018-08-02'
2018-09-06 09:41:39,873 - DataBase.py[line:56] - INFO: select * from record_201808 where emp_id=000001 and time like '2018-08-02%'
2018-09-06 09:41:39,913 - DataBase.py[line:56] - INFO: select * from record_201808 where emp_id=000001 and time<'2018-08-02'
2018-09-06 09:41:39,953 - DataBase.py[line:56] - INFO: select * from record_201808 where emp_id=000001 and time like '2018-08-03%'
2018-09-06 09:41:39,993 - DataBase.py[line:56] - INFO: select * from record_201808 where emp_id=000001 and time<'2018-08-03'
2018-09-06 09:41:40,030 - DataBase.py[line:56] - INFO: select * from record_201808 where emp_id=000001 and time like '2018-08-03%'
2018-09-06 09:41:40,072 - DataBase.py[line:56] - INFO: select * from record_201808 where emp_id=000001 and time<'2018-08-03'
2018-09-06 09:41:40,109 - DataBase.py[line:56] - INFO: select * from record_201808 where emp_id=000001 and time like '2018-08-04%'
2018-09-06 09:41:40,151 - DataBase.py[line:56] - INFO: select * from record_201808 where emp_id=000001 and time<'2018-08-04'
2018-09-06 09:41:40,187 - DataBase.py[line:56] - INFO: select * from record_201808 where emp_id=000001 and time like '2018-08-04%'
2018-09-06 09:41:40,226 - DataBase.py[line:56] - INFO: select * from record_201808 where emp_id=000001 and time<'2018-08-04'
2018-09-06 09:41:40,264 - DataBase.py[line:56] - INFO: select * from record_201808 where emp_id=000001 and time like '2018-08-05%'
2018-09-06 09:41:40,303 - DataBase.py[line:56] - INFO: select * from record_201808 where emp_id=000001 and time<'2018-08-05'
2018-09-06 09:41:40,343 - DataBase.py[line:56] - INFO: select * from record_201808 where emp_id=000001 and time like '2018-08-05%'
2018-09-06 09:41:40,381 - DataBase.py[line:56] - INFO: select * from record_201808 where emp_id=000001 and time<'2018-08-05'
2018-09-06 09:41:40,418 - DataBase.py[line:56] - INFO: select * from record_201808 where emp_id=000001 and time like '2018-08-06%'
2018-09-06 09:41:40,459 - DataBase.py[line:56] - INFO: select * from record_201808 where emp_id=000001 and time<'2018-08-06'
2018-09-06 09:41:40,497 - DataBase.py[line:56] - INFO: select * from record_201808 where emp_id=000001 and time like '2018-08-06%'
2018-09-06 09:41:40,537 - DataBase.py[line:56] - INFO: select * from record_201808 where emp_id=000001 and time<'2018-08-06'
2018-09-06 09:41:40,574 - DataBase.py[line:56] - INFO: select * from record_201808 where emp_id=000001 and time like '2018-08-07%'
2018-09-06 09:41:40,616 - DataBase.py[line:56] - INFO: select * from record_201808 where emp_id=000001 and time<'2018-08-07'
2018-09-06 09:41:40,653 - DataBase.py[line:56] - INFO: select * from record_201808 where emp_id=000001 and time like '2018-08-07%'
2018-09-06 09:41:40,691 - DataBase.py[line:56] - INFO: select * from record_201808 where emp_id=000001 and time<'2018-08-07'
2018-09-06 09:41:40,728 - DataBase.py[line:56] - INFO: select * from record_201808 where emp_id=000001 and time like '2018-08-08%'
2018-09-06 09:41:40,765 - DataBase.py[line:56] - INFO: select * from record_201808 where emp_id=000001 and time<'2018-08-08'
2018-09-06 09:41:40,805 - DataBase.py[line:56] - INFO: select * from record_201808 where emp_id=000001 and time like '2018-08-08%'
2018-09-06 09:41:40,843 - DataBase.py[line:56] - INFO: select * from record_201808 where emp_id=000001 and time<'2018-08-08'
2018-09-06 09:41:40,882 - DataBase.py[line:56] - INFO: select * from record_201808 where emp_id=000001 and time like '2018-08-09%'
2018-09-06 09:41:40,922 - DataBase.py[line:56] - INFO: select * from record_201808 where emp_id=000001 and time<'2018-08-09'
2018-09-06 09:41:40,961 - DataBase.py[line:56] - INFO: select * from record_201808 where emp_id=000001 and time like '2018-08-09%'
2018-09-06 09:41:40,998 - DataBase.py[line:56] - INFO: select * from record_201808 where emp_id=000001 and time<'2018-08-09'
2018-09-06 09:41:41,037 - DataBase.py[line:56] - INFO: select * from record_201808 where emp_id=000001 and time like '2018-08-10%'
2018-09-06 09:41:41,075 - DataBase.py[line:56] - INFO: select * from record_201808 where emp_id=000001 and time<'2018-08-10'
2018-09-06 09:41:41,112 - DataBase.py[line:56] - INFO: select * from record_201808 where emp_id=000001 and time like '2018-08-10%'
2018-09-06 09:41:41,153 - DataBase.py[line:56] - INFO: select * from record_201808 where emp_id=000001 and time<'2018-08-10'
2018-09-06 09:41:41,190 - DataBase.py[line:56] - INFO: select * from record_201808 where emp_id=000001 and time like '2018-08-11%'
2018-09-06 09:41:41,227 - DataBase.py[line:56] - INFO: select * from record_201808 where emp_id=000001 and time<'2018-08-11'
2018-09-06 09:41:41,267 - DataBase.py[line:56] - INFO: select * from record_201808 where emp_id=000001 and time like '2018-08-11%'
2018-09-06 09:41:41,307 - DataBase.py[line:56] - INFO: select * from record_201808 where emp_id=000001 and time<'2018-08-11'
2018-09-06 09:41:41,346 - DataBase.py[line:56] - INFO: select * from record_201808 where emp_id=000001 and time like '2018-08-12%'
2018-09-06 09:41:41,385 - DataBase.py[line:56] - INFO: select * from record_201808 where emp_id=000001 and time<'2018-08-12'
2018-09-06 09:41:41,427 - DataBase.py[line:56] - INFO: select * from record_201808 where emp_id=000001 and time like '2018-08-12%'
2018-09-06 09:41:41,466 - DataBase.py[line:56] - INFO: select * from record_201808 where emp_id=000001 and time<'2018-08-12'
2018-09-06 09:41:41,504 - DataBase.py[line:56] - INFO: select * from record_201808 where emp_id=000001 and time like '2018-08-13%'
2018-09-06 09:41:41,544 - DataBase.py[line:56] - INFO: select * from record_201808 where emp_id=000001 and time<'2018-08-13'
2018-09-06 09:41:41,582 - DataBase.py[line:56] - INFO: select * from record_201808 where emp_id=000001 and time like '2018-08-13%'
2018-09-06 09:41:41,619 - DataBase.py[line:56] - INFO: select * from record_201808 where emp_id=000001 and time<'2018-08-13'
2018-09-06 09:41:41,656 - DataBase.py[line:56] - INFO: select * from record_201808 where emp_id=000001 and time like '2018-08-14%'
2018-09-06 09:41:41,694 - DataBase.py[line:56] - INFO: select * from record_201808 where emp_id=000001 and time<'2018-08-14'
2018-09-06 09:41:41,734 - DataBase.py[line:56] - INFO: select * from record_201808 where emp_id=000001 and time like '2018-08-14%'
2018-09-06 09:41:41,772 - DataBase.py[line:56] - INFO: select * from record_201808 where emp_id=000001 and time<'2018-08-14'
2018-09-06 09:41:41,811 - DataBase.py[line:56] - INFO: select * from record_201808 where emp_id=000001 and time like '2018-08-15%'
2018-09-06 09:41:41,852 - DataBase.py[line:56] - INFO: select * from record_201808 where emp_id=000001 and time<'2018-08-15'
2018-09-06 09:41:41,888 - DataBase.py[line:56] - INFO: select * from record_201808 where emp_id=000001 and time like '2018-08-15%'
2018-09-06 09:41:41,927 - DataBase.py[line:56] - INFO: select * from record_201808 where emp_id=000001 and time<'2018-08-15'
2018-09-06 09:41:41,964 - DataBase.py[line:56] - INFO: select * from record_201808 where emp_id=000001 and time like '2018-08-16%'
2018-09-06 09:41:42,003 - DataBase.py[line:56] - INFO: select * from record_201808 where emp_id=000001 and time<'2018-08-16'
2018-09-06 09:41:42,040 - DataBase.py[line:56] - INFO: select * from record_201808 where emp_id=000001 and time like '2018-08-16%'
2018-09-06 09:41:42,078 - DataBase.py[line:56] - INFO: select * from record_201808 where emp_id=000001 and time<'2018-08-16'
2018-09-06 09:41:42,121 - DataBase.py[line:56] - INFO: select * from record_201808 where emp_id=000001 and time like '2018-08-17%'
2018-09-06 09:41:42,160 - DataBase.py[line:56] - INFO: select * from record_201808 where emp_id=000001 and time<'2018-08-17'
2018-09-06 09:41:42,198 - DataBase.py[line:56] - INFO: select * from record_201808 where emp_id=000001 and time like '2018-08-17%'
2018-09-06 09:41:42,236 - DataBase.py[line:56] - INFO: select * from record_201808 where emp_id=000001 and time<'2018-08-17'
2018-09-06 09:41:42,274 - DataBase.py[line:56] - INFO: select * from record_201808 where emp_id=000001 and time like '2018-08-18%'
2018-09-06 09:41:42,316 - DataBase.py[line:56] - INFO: select * from record_201808 where emp_id=000001 and time<'2018-08-18'
2018-09-06 09:41:42,360 - DataBase.py[line:56] - INFO: select * from record_201808 where emp_id=000001 and time like '2018-08-18%'
2018-09-06 09:41:42,398 - DataBase.py[line:56] - INFO: select * from record_201808 where emp_id=000001 and time<'2018-08-18'
2018-09-06 09:41:42,436 - DataBase.py[line:56] - INFO: select * from record_201808 where emp_id=000001 and time like '2018-08-19%'
2018-09-06 09:41:42,475 - DataBase.py[line:56] - INFO: select * from record_201808 where emp_id=000001 and time<'2018-08-19'
2018-09-06 09:41:42,513 - DataBase.py[line:56] - INFO: select * from record_201808 where emp_id=000001 and time like '2018-08-19%'
2018-09-06 09:41:42,554 - DataBase.py[line:56] - INFO: select * from record_201808 where emp_id=000001 and time<'2018-08-19'
2018-09-06 09:41:42,594 - DataBase.py[line:56] - INFO: select * from record_201808 where emp_id=000001 and time like '2018-08-20%'
2018-09-06 09:41:42,632 - DataBase.py[line:56] - INFO: select * from record_201808 where emp_id=000001 and time<'2018-08-20'
2018-09-06 09:41:42,673 - DataBase.py[line:56] - INFO: select * from record_201808 where emp_id=000001 and time like '2018-08-20%'
2018-09-06 09:41:42,712 - DataBase.py[line:56] - INFO: select * from record_201808 where emp_id=000001 and time<'2018-08-20'
2018-09-06 09:41:42,751 - DataBase.py[line:56] - INFO: select * from record_201808 where emp_id=000001 and time like '2018-08-21%'
2018-09-06 09:41:42,788 - DataBase.py[line:56] - INFO: select * from record_201808 where emp_id=000001 and time<'2018-08-21'
2018-09-06 09:41:42,827 - DataBase.py[line:56] - INFO: select * from record_201808 where emp_id=000001 and time like '2018-08-21%'
2018-09-06 09:41:42,866 - DataBase.py[line:56] - INFO: select * from record_201808 where emp_id=000001 and time<'2018-08-21'
2018-09-06 09:41:42,904 - DataBase.py[line:56] - INFO: select * from record_201808 where emp_id=000001 and time like '2018-08-22%'
2018-09-06 09:41:42,943 - DataBase.py[line:56] - INFO: select * from record_201808 where emp_id=000001 and time<'2018-08-22'
2018-09-06 09:41:42,981 - DataBase.py[line:56] - INFO: select * from record_201808 where emp_id=000001 and time like '2018-08-22%'
2018-09-06 09:41:43,019 - DataBase.py[line:56] - INFO: select * from record_201808 where emp_id=000001 and time<'2018-08-22'
2018-09-06 09:41:43,060 - DataBase.py[line:56] - INFO: select * from record_201808 where emp_id=000001 and time like '2018-08-23%'
2018-09-06 09:41:43,097 - DataBase.py[line:56] - INFO: select * from record_201808 where emp_id=000001 and time<'2018-08-23'
2018-09-06 09:41:43,135 - DataBase.py[line:56] - INFO: select * from record_201808 where emp_id=000001 and time like '2018-08-23%'
2018-09-06 09:41:43,177 - DataBase.py[line:56] - INFO: select * from record_201808 where emp_id=000001 and time<'2018-08-23'
2018-09-06 09:41:43,215 - DataBase.py[line:56] - INFO: select * from record_201808 where emp_id=000001 and time like '2018-08-24%'
2018-09-06 09:41:43,252 - DataBase.py[line:56] - INFO: select * from record_201808 where emp_id=000001 and time<'2018-08-24'
2018-09-06 09:41:43,291 - DataBase.py[line:56] - INFO: select * from record_201808 where emp_id=000001 and time like '2018-08-24%'
2018-09-06 09:41:43,331 - DataBase.py[line:56] - INFO: select * from record_201808 where emp_id=000001 and time<'2018-08-24'
2018-09-06 09:41:43,370 - DataBase.py[line:56] - INFO: select * from record_201808 where emp_id=000001 and time like '2018-08-25%'
2018-09-06 09:41:43,407 - DataBase.py[line:56] - INFO: select * from record_201808 where emp_id=000001 and time<'2018-08-25'
2018-09-06 09:41:43,446 - DataBase.py[line:56] - INFO: select * from record_201808 where emp_id=000001 and time like '2018-08-25%'
2018-09-06 09:41:43,487 - DataBase.py[line:56] - INFO: select * from record_201808 where emp_id=000001 and time<'2018-08-25'
2018-09-06 09:41:43,525 - DataBase.py[line:56] - INFO: select * from record_201808 where emp_id=000001 and time like '2018-08-26%'
2018-09-06 09:41:43,567 - DataBase.py[line:56] - INFO: select * from record_201808 where emp_id=000001 and time<'2018-08-26'
2018-09-06 09:41:43,604 - DataBase.py[line:56] - INFO: select * from record_201808 where emp_id=000001 and time like '2018-08-26%'
2018-09-06 09:41:43,642 - DataBase.py[line:56] - INFO: select * from record_201808 where emp_id=000001 and time<'2018-08-26'
2018-09-06 09:41:43,681 - DataBase.py[line:56] - INFO: select * from record_201808 where emp_id=000001 and time like '2018-08-27%'
2018-09-06 09:41:43,718 - DataBase.py[line:56] - INFO: select * from record_201808 where emp_id=000001 and time<'2018-08-27'
2018-09-06 09:41:43,757 - DataBase.py[line:56] - INFO: select * from record_201808 where emp_id=000001 and time like '2018-08-27%'
2018-09-06 09:41:43,796 - DataBase.py[line:56] - INFO: select * from record_201808 where emp_id=000001 and time<'2018-08-27'
2018-09-06 09:41:43,836 - DataBase.py[line:56] - INFO: select * from record_201808 where emp_id=000001 and time like '2018-08-28%'
2018-09-06 09:41:43,875 - DataBase.py[line:56] - INFO: select * from record_201808 where emp_id=000001 and time like '2018-08-28%'
2018-09-06 09:41:43,911 - DataBase.py[line:56] - INFO: select * from record_201808 where emp_id=000001 and time like '2018-08-29%'
2018-09-06 09:41:43,948 - DataBase.py[line:56] - INFO: select * from record_201808 where emp_id=000001 and time<'2018-08-29'
2018-09-06 09:41:43,986 - DataBase.py[line:56] - INFO: select * from record_201808 where emp_id=000001
2018-09-06 09:41:44,023 - DataBase.py[line:56] - INFO: select * from record_201808 where emp_id=000001
2018-09-06 09:41:44,062 - DataBase.py[line:56] - INFO: select * from record_201808 where emp_id=000001 and time like '2018-08-29%'
2018-09-06 09:41:44,100 - DataBase.py[line:56] - INFO: select * from record_201808 where emp_id=000001
2018-09-06 09:41:44,140 - DataBase.py[line:56] - INFO: select * from record_201808 where emp_id=000001 and time like '2018-08-30%'
2018-09-06 09:41:44,182 - DataBase.py[line:56] - INFO: select * from record_201808 where emp_id=000001 and time like '2018-08-30%'
2018-09-06 09:41:44,219 - DataBase.py[line:56] - INFO: select * from record_201808 where emp_id=000001 and time like '2018-08-31%'
2018-09-06 09:41:44,256 - DataBase.py[line:56] - INFO: select * from record_201808 where emp_id=000001 and time<'2018-08-31'
2018-09-06 09:41:44,294 - DataBase.py[line:56] - INFO: select * from record_201808 where emp_id=000001 and time like '2018-08-31%'
2018-09-06 09:41:44,334 - DataBase.py[line:56] - INFO: select * from record_201808 where emp_id=000001 and time<'2018-08-31'
2018-09-06 09:41:44,375 - DataBase.py[line:56] - INFO: select * from empinfo where Emp_id=
2018-09-06 09:41:44,415 - DataBase.py[line:62] - ERROR: query database exception, (1064, "You have an error in your SQL syntax; check the manual that corresponds to your MySQL server version for the right syntax to use near '' at line 1")
2018-09-06 09:44:24,670 - DataBase.py[line:56] - INFO: select * from empinfo where Emp_id=000001
2018-09-06 09:44:31,097 - DataBase.py[line:56] - INFO: select * from record_201808 where emp_id=000001
2018-09-06 09:44:31,150 - DataBase.py[line:56] - INFO: select * from record_201808 where emp_id=000001 and time like '2018-08-01%'
2018-09-06 09:44:31,188 - DataBase.py[line:56] - INFO: select * from record_201808 where emp_id=000001 and time<'2018-08-01'
2018-09-06 09:44:31,226 - DataBase.py[line:56] - INFO: select * from record_201808 where emp_id=000001 and time like '2018-08-01%'
2018-09-06 09:44:31,265 - DataBase.py[line:56] - INFO: select * from record_201808 where emp_id=000001 and time<'2018-08-01'
2018-09-06 09:44:31,304 - DataBase.py[line:56] - INFO: select * from record_201808 where emp_id=000001 and time like '2018-08-02%'
2018-09-06 09:44:31,343 - DataBase.py[line:56] - INFO: select * from record_201808 where emp_id=000001 and time<'2018-08-02'
2018-09-06 09:44:31,384 - DataBase.py[line:56] - INFO: select * from record_201808 where emp_id=000001 and time like '2018-08-02%'
2018-09-06 09:44:31,426 - DataBase.py[line:56] - INFO: select * from record_201808 where emp_id=000001 and time<'2018-08-02'
2018-09-06 09:44:31,467 - DataBase.py[line:56] - INFO: select * from record_201808 where emp_id=000001 and time like '2018-08-03%'
2018-09-06 09:44:31,507 - DataBase.py[line:56] - INFO: select * from record_201808 where emp_id=000001 and time<'2018-08-03'
2018-09-06 09:44:31,547 - DataBase.py[line:56] - INFO: select * from record_201808 where emp_id=000001 and time like '2018-08-03%'
2018-09-06 09:44:31,586 - DataBase.py[line:56] - INFO: select * from record_201808 where emp_id=000001 and time<'2018-08-03'
2018-09-06 09:44:31,630 - DataBase.py[line:56] - INFO: select * from record_201808 where emp_id=000001 and time like '2018-08-04%'
2018-09-06 09:44:31,669 - DataBase.py[line:56] - INFO: select * from record_201808 where emp_id=000001 and time<'2018-08-04'
2018-09-06 09:44:31,716 - DataBase.py[line:56] - INFO: select * from record_201808 where emp_id=000001 and time like '2018-08-04%'
2018-09-06 09:44:31,757 - DataBase.py[line:56] - INFO: select * from record_201808 where emp_id=000001 and time<'2018-08-04'
2018-09-06 09:44:31,797 - DataBase.py[line:56] - INFO: select * from record_201808 where emp_id=000001 and time like '2018-08-05%'
2018-09-06 09:44:31,849 - DataBase.py[line:56] - INFO: select * from record_201808 where emp_id=000001 and time<'2018-08-05'
2018-09-06 09:44:31,892 - DataBase.py[line:56] - INFO: select * from record_201808 where emp_id=000001 and time like '2018-08-05%'
2018-09-06 09:44:31,941 - DataBase.py[line:56] - INFO: select * from record_201808 where emp_id=000001 and time<'2018-08-05'
2018-09-06 09:44:31,984 - DataBase.py[line:56] - INFO: select * from record_201808 where emp_id=000001 and time like '2018-08-06%'
2018-09-06 09:44:32,022 - DataBase.py[line:56] - INFO: select * from record_201808 where emp_id=000001 and time<'2018-08-06'
2018-09-06 09:44:32,061 - DataBase.py[line:56] - INFO: select * from record_201808 where emp_id=000001 and time like '2018-08-06%'
2018-09-06 09:44:32,102 - DataBase.py[line:56] - INFO: select * from record_201808 where emp_id=000001 and time<'2018-08-06'
2018-09-06 09:44:32,145 - DataBase.py[line:56] - INFO: select * from record_201808 where emp_id=000001 and time like '2018-08-07%'
2018-09-06 09:44:32,183 - DataBase.py[line:56] - INFO: select * from record_201808 where emp_id=000001 and time<'2018-08-07'
2018-09-06 09:44:32,223 - DataBase.py[line:56] - INFO: select * from record_201808 where emp_id=000001 and time like '2018-08-07%'
2018-09-06 09:44:32,264 - DataBase.py[line:56] - INFO: select * from record_201808 where emp_id=000001 and time<'2018-08-07'
2018-09-06 09:44:32,303 - DataBase.py[line:56] - INFO: select * from record_201808 where emp_id=000001 and time like '2018-08-08%'
2018-09-06 09:44:32,355 - DataBase.py[line:56] - INFO: select * from record_201808 where emp_id=000001 and time<'2018-08-08'
2018-09-06 09:44:32,398 - DataBase.py[line:56] - INFO: select * from record_201808 where emp_id=000001 and time like '2018-08-08%'
2018-09-06 09:44:32,464 - DataBase.py[line:56] - INFO: select * from record_201808 where emp_id=000001 and time<'2018-08-08'
2018-09-06 09:44:32,522 - DataBase.py[line:56] - INFO: select * from record_201808 where emp_id=000001 and time like '2018-08-09%'
2018-09-06 09:44:32,561 - DataBase.py[line:56] - INFO: select * from record_201808 where emp_id=000001 and time<'2018-08-09'
2018-09-06 09:44:32,601 - DataBase.py[line:56] - INFO: select * from record_201808 where emp_id=000001 and time like '2018-08-09%'
2018-09-06 09:44:32,639 - DataBase.py[line:56] - INFO: select * from record_201808 where emp_id=000001 and time<'2018-08-09'
2018-09-06 09:44:32,678 - DataBase.py[line:56] - INFO: select * from record_201808 where emp_id=000001 and time like '2018-08-10%'
2018-09-06 09:44:32,721 - DataBase.py[line:56] - INFO: select * from record_201808 where emp_id=000001 and time<'2018-08-10'
2018-09-06 09:44:32,804 - DataBase.py[line:56] - INFO: select * from record_201808 where emp_id=000001 and time like '2018-08-10%'
2018-09-06 09:44:32,854 - DataBase.py[line:56] - INFO: select * from record_201808 where emp_id=000001 and time<'2018-08-10'
2018-09-06 09:44:32,895 - DataBase.py[line:56] - INFO: select * from record_201808 where emp_id=000001 and time like '2018-08-11%'
2018-09-06 09:44:32,936 - DataBase.py[line:56] - INFO: select * from record_201808 where emp_id=000001 and time<'2018-08-11'
2018-09-06 09:44:32,973 - DataBase.py[line:56] - INFO: select * from record_201808 where emp_id=000001 and time like '2018-08-11%'
2018-09-06 09:44:33,043 - DataBase.py[line:56] - INFO: select * from record_201808 where emp_id=000001 and time<'2018-08-11'
2018-09-06 09:44:33,085 - DataBase.py[line:56] - INFO: select * from record_201808 where emp_id=000001 and time like '2018-08-12%'
2018-09-06 09:44:33,124 - DataBase.py[line:56] - INFO: select * from record_201808 where emp_id=000001 and time<'2018-08-12'
2018-09-06 09:44:33,168 - DataBase.py[line:56] - INFO: select * from record_201808 where emp_id=000001 and time like '2018-08-12%'
2018-09-06 09:44:33,218 - DataBase.py[line:56] - INFO: select * from record_201808 where emp_id=000001 and time<'2018-08-12'
2018-09-06 09:44:33,257 - DataBase.py[line:56] - INFO: select * from record_201808 where emp_id=000001 and time like '2018-08-13%'
2018-09-06 09:44:33,296 - DataBase.py[line:56] - INFO: select * from record_201808 where emp_id=000001 and time<'2018-08-13'
2018-09-06 09:44:33,350 - DataBase.py[line:56] - INFO: select * from record_201808 where emp_id=000001 and time like '2018-08-13%'
2018-09-06 09:44:33,394 - DataBase.py[line:56] - INFO: select * from record_201808 where emp_id=000001 and time<'2018-08-13'
2018-09-06 09:44:33,440 - DataBase.py[line:56] - INFO: select * from record_201808 where emp_id=000001 and time like '2018-08-14%'
2018-09-06 09:44:33,477 - DataBase.py[line:56] - INFO: select * from record_201808 where emp_id=000001 and time<'2018-08-14'
2018-09-06 09:44:33,515 - DataBase.py[line:56] - INFO: select * from record_201808 where emp_id=000001 and time like '2018-08-14%'
2018-09-06 09:44:33,563 - DataBase.py[line:56] - INFO: select * from record_201808 where emp_id=000001 and time<'2018-08-14'
2018-09-06 09:44:33,604 - DataBase.py[line:56] - INFO: select * from record_201808 where emp_id=000001 and time like '2018-08-15%'
2018-09-06 09:44:33,675 - DataBase.py[line:56] - INFO: select * from record_201808 where emp_id=000001 and time<'2018-08-15'
2018-09-06 09:44:33,723 - DataBase.py[line:56] - INFO: select * from record_201808 where emp_id=000001 and time like '2018-08-15%'
2018-09-06 09:44:33,762 - DataBase.py[line:56] - INFO: select * from record_201808 where emp_id=000001 and time<'2018-08-15'
2018-09-06 09:44:33,802 - DataBase.py[line:56] - INFO: select * from record_201808 where emp_id=000001 and time like '2018-08-16%'
2018-09-06 09:44:33,870 - DataBase.py[line:56] - INFO: select * from record_201808 where emp_id=000001 and time<'2018-08-16'
2018-09-06 09:44:33,912 - DataBase.py[line:56] - INFO: select * from record_201808 where emp_id=000001 and time like '2018-08-16%'
2018-09-06 09:44:33,959 - DataBase.py[line:56] - INFO: select * from record_201808 where emp_id=000001 and time<'2018-08-16'
2018-09-06 09:44:34,015 - DataBase.py[line:56] - INFO: select * from record_201808 where emp_id=000001 and time like '2018-08-17%'
2018-09-06 09:44:34,057 - DataBase.py[line:56] - INFO: select * from record_201808 where emp_id=000001 and time<'2018-08-17'
2018-09-06 09:44:34,099 - DataBase.py[line:56] - INFO: select * from record_201808 where emp_id=000001 and time like '2018-08-17%'
2018-09-06 09:44:34,175 - DataBase.py[line:56] - INFO: select * from record_201808 where emp_id=000001 and time<'2018-08-17'
2018-09-06 09:44:34,222 - DataBase.py[line:56] - INFO: select * from record_201808 where emp_id=000001 and time like '2018-08-18%'
2018-09-06 09:44:34,262 - DataBase.py[line:56] - INFO: select * from record_201808 where emp_id=000001 and time<'2018-08-18'
2018-09-06 09:44:34,306 - DataBase.py[line:56] - INFO: select * from record_201808 where emp_id=000001 and time like '2018-08-18%'
2018-09-06 09:44:34,355 - DataBase.py[line:56] - INFO: select * from record_201808 where emp_id=000001 and time<'2018-08-18'
2018-09-06 09:44:34,394 - DataBase.py[line:56] - INFO: select * from record_201808 where emp_id=000001 and time like '2018-08-19%'
2018-09-06 09:44:34,450 - DataBase.py[line:56] - INFO: select * from record_201808 where emp_id=000001 and time<'2018-08-19'
2018-09-06 09:44:34,512 - DataBase.py[line:56] - INFO: select * from record_201808 where emp_id=000001 and time like '2018-08-19%'
2018-09-06 09:44:34,551 - DataBase.py[line:56] - INFO: select * from record_201808 where emp_id=000001 and time<'2018-08-19'
2018-09-06 09:44:34,605 - DataBase.py[line:56] - INFO: select * from record_201808 where emp_id=000001 and time like '2018-08-20%'
2018-09-06 09:44:34,644 - DataBase.py[line:56] - INFO: select * from record_201808 where emp_id=000001 and time<'2018-08-20'
2018-09-06 09:44:34,682 - DataBase.py[line:56] - INFO: select * from record_201808 where emp_id=000001 and time like '2018-08-20%'
2018-09-06 09:44:34,723 - DataBase.py[line:56] - INFO: select * from record_201808 where emp_id=000001 and time<'2018-08-20'
2018-09-06 09:44:34,765 - DataBase.py[line:56] - INFO: select * from record_201808 where emp_id=000001 and time like '2018-08-21%'
2018-09-06 09:44:34,835 - DataBase.py[line:56] - INFO: select * from record_201808 where emp_id=000001 and time<'2018-08-21'
2018-09-06 09:44:34,875 - DataBase.py[line:56] - INFO: select * from record_201808 where emp_id=000001 and time like '2018-08-21%'
2018-09-06 09:44:34,917 - DataBase.py[line:56] - INFO: select * from record_201808 where emp_id=000001 and time<'2018-08-21'
2018-09-06 09:44:34,968 - DataBase.py[line:56] - INFO: select * from record_201808 where emp_id=000001 and time like '2018-08-22%'
2018-09-06 09:44:35,011 - DataBase.py[line:56] - INFO: select * from record_201808 where emp_id=000001 and time<'2018-08-22'
2018-09-06 09:44:35,050 - DataBase.py[line:56] - INFO: select * from record_201808 where emp_id=000001 and time like '2018-08-22%'
2018-09-06 09:44:35,111 - DataBase.py[line:56] - INFO: select * from record_201808 where emp_id=000001 and time<'2018-08-22'
2018-09-06 09:44:35,158 - DataBase.py[line:56] - INFO: select * from record_201808 where emp_id=000001 and time like '2018-08-23%'
2018-09-06 09:44:35,198 - DataBase.py[line:56] - INFO: select * from record_201808 where emp_id=000001 and time<'2018-08-23'
2018-09-06 09:44:35,240 - DataBase.py[line:56] - INFO: select * from record_201808 where emp_id=000001 and time like '2018-08-23%'
2018-09-06 09:44:35,282 - DataBase.py[line:56] - INFO: select * from record_201808 where emp_id=000001 and time<'2018-08-23'
2018-09-06 09:44:35,324 - DataBase.py[line:56] - INFO: select * from record_201808 where emp_id=000001 and time like '2018-08-24%'
2018-09-06 09:44:35,364 - DataBase.py[line:56] - INFO: select * from record_201808 where emp_id=000001 and time<'2018-08-24'
2018-09-06 09:44:35,414 - DataBase.py[line:56] - INFO: select * from record_201808 where emp_id=000001 and time like '2018-08-24%'
2018-09-06 09:44:35,482 - DataBase.py[line:56] - INFO: select * from record_201808 where emp_id=000001 and time<'2018-08-24'
2018-09-06 09:44:35,528 - DataBase.py[line:56] - INFO: select * from record_201808 where emp_id=000001 and time like '2018-08-25%'
2018-09-06 09:44:35,568 - DataBase.py[line:56] - INFO: select * from record_201808 where emp_id=000001 and time<'2018-08-25'
2018-09-06 09:44:35,606 - DataBase.py[line:56] - INFO: select * from record_201808 where emp_id=000001 and time like '2018-08-25%'
2018-09-06 09:44:35,645 - DataBase.py[line:56] - INFO: select * from record_201808 where emp_id=000001 and time<'2018-08-25'
2018-09-06 09:44:35,707 - DataBase.py[line:56] - INFO: select * from record_201808 where emp_id=000001 and time like '2018-08-26%'
2018-09-06 09:44:35,748 - DataBase.py[line:56] - INFO: select * from record_201808 where emp_id=000001 and time<'2018-08-26'
2018-09-06 09:44:35,795 - DataBase.py[line:56] - INFO: select * from record_201808 where emp_id=000001 and time like '2018-08-26%'
2018-09-06 09:44:35,834 - DataBase.py[line:56] - INFO: select * from record_201808 where emp_id=000001 and time<'2018-08-26'
2018-09-06 09:44:35,873 - DataBase.py[line:56] - INFO: select * from record_201808 where emp_id=000001 and time like '2018-08-27%'
2018-09-06 09:44:35,914 - DataBase.py[line:56] - INFO: select * from record_201808 where emp_id=000001 and time<'2018-08-27'
2018-09-06 09:44:35,957 - DataBase.py[line:56] - INFO: select * from record_201808 where emp_id=000001 and time like '2018-08-27%'
2018-09-06 09:44:36,006 - DataBase.py[line:56] - INFO: select * from record_201808 where emp_id=000001 and time<'2018-08-27'
2018-09-06 09:44:36,067 - DataBase.py[line:56] - INFO: select * from record_201808 where emp_id=000001 and time like '2018-08-28%'
2018-09-06 09:44:36,111 - DataBase.py[line:56] - INFO: select * from record_201808 where emp_id=000001 and time like '2018-08-28%'
2018-09-06 09:44:36,158 - DataBase.py[line:56] - INFO: select * from record_201808 where emp_id=000001 and time like '2018-08-29%'
2018-09-06 09:44:36,197 - DataBase.py[line:56] - INFO: select * from record_201808 where emp_id=000001 and time<'2018-08-29'
2018-09-06 09:44:36,239 - DataBase.py[line:56] - INFO: select * from record_201808 where emp_id=000001
2018-09-06 09:44:36,288 - DataBase.py[line:56] - INFO: select * from record_201808 where emp_id=000001
2018-09-06 09:44:36,326 - DataBase.py[line:56] - INFO: select * from record_201808 where emp_id=000001 and time like '2018-08-29%'
2018-09-06 09:44:36,363 - DataBase.py[line:56] - INFO: select * from record_201808 where emp_id=000001
2018-09-06 09:44:36,418 - DataBase.py[line:56] - INFO: select * from record_201808 where emp_id=000001 and time like '2018-08-30%'
2018-09-06 09:44:36,461 - DataBase.py[line:56] - INFO: select * from record_201808 where emp_id=000001 and time like '2018-08-30%'
2018-09-06 09:44:36,503 - DataBase.py[line:56] - INFO: select * from record_201808 where emp_id=000001 and time like '2018-08-31%'
2018-09-06 09:44:36,544 - DataBase.py[line:56] - INFO: select * from record_201808 where emp_id=000001 and time<'2018-08-31'
2018-09-06 09:44:36,590 - DataBase.py[line:56] - INFO: select * from record_201808 where emp_id=000001 and time like '2018-08-31%'
2018-09-06 09:44:36,627 - DataBase.py[line:56] - INFO: select * from record_201808 where emp_id=000001 and time<'2018-08-31'
2018-09-06 09:44:36,667 - DataBase.py[line:56] - INFO: select * from empinfo where Emp_id=000001
2018-09-06 09:44:43,241 - DataBase.py[line:56] - INFO: select * from empinfo where Emp_id=000001
2018-09-06 10:03:55,052 - DataBase.py[line:56] - INFO: select * from empinfo where Emp_id=000001
2018-09-06 10:04:05,524 - DataBase.py[line:56] - INFO: select * from record_201808 where emp_id=000001
2018-09-06 10:04:05,579 - DataBase.py[line:56] - INFO: select * from record_201808 where emp_id=000001 and time like '2018-08-01%'
2018-09-06 10:04:05,616 - DataBase.py[line:56] - INFO: select * from record_201808 where emp_id=000001 and time<'2018-08-01'
2018-09-06 10:04:05,655 - DataBase.py[line:56] - INFO: select * from record_201808 where emp_id=000001 and time like '2018-08-01%'
2018-09-06 10:04:05,695 - DataBase.py[line:56] - INFO: select * from record_201808 where emp_id=000001 and time<'2018-08-01'
2018-09-06 10:04:05,731 - DataBase.py[line:56] - INFO: select * from record_201808 where emp_id=000001 and time like '2018-08-02%'
2018-09-06 10:04:05,770 - DataBase.py[line:56] - INFO: select * from record_201808 where emp_id=000001 and time<'2018-08-02'
2018-09-06 10:04:05,807 - DataBase.py[line:56] - INFO: select * from record_201808 where emp_id=000001 and time like '2018-08-02%'
2018-09-06 10:04:05,844 - DataBase.py[line:56] - INFO: select * from record_201808 where emp_id=000001 and time<'2018-08-02'
2018-09-06 10:04:05,881 - DataBase.py[line:56] - INFO: select * from record_201808 where emp_id=000001 and time like '2018-08-03%'
2018-09-06 10:04:05,918 - DataBase.py[line:56] - INFO: select * from record_201808 where emp_id=000001 and time<'2018-08-03'
2018-09-06 10:04:05,955 - DataBase.py[line:56] - INFO: select * from record_201808 where emp_id=000001 and time like '2018-08-03%'
2018-09-06 10:04:05,994 - DataBase.py[line:56] - INFO: select * from record_201808 where emp_id=000001 and time<'2018-08-03'
2018-09-06 10:04:06,033 - DataBase.py[line:56] - INFO: select * from record_201808 where emp_id=000001 and time like '2018-08-04%'
2018-09-06 10:04:06,070 - DataBase.py[line:56] - INFO: select * from record_201808 where emp_id=000001 and time<'2018-08-04'
2018-09-06 10:04:06,110 - DataBase.py[line:56] - INFO: select * from record_201808 where emp_id=000001 and time like '2018-08-04%'
2018-09-06 10:04:06,148 - DataBase.py[line:56] - INFO: select * from record_201808 where emp_id=000001 and time<'2018-08-04'
2018-09-06 10:04:06,185 - DataBase.py[line:56] - INFO: select * from record_201808 where emp_id=000001 and time like '2018-08-05%'
2018-09-06 10:04:06,224 - DataBase.py[line:56] - INFO: select * from record_201808 where emp_id=000001 and time<'2018-08-05'
2018-09-06 10:04:06,263 - DataBase.py[line:56] - INFO: select * from record_201808 where emp_id=000001 and time like '2018-08-05%'
2018-09-06 10:04:06,301 - DataBase.py[line:56] - INFO: select * from record_201808 where emp_id=000001 and time<'2018-08-05'
2018-09-06 10:04:06,340 - DataBase.py[line:56] - INFO: select * from record_201808 where emp_id=000001 and time like '2018-08-06%'
2018-09-06 10:04:06,377 - DataBase.py[line:56] - INFO: select * from record_201808 where emp_id=000001 and time<'2018-08-06'
2018-09-06 10:04:06,418 - DataBase.py[line:56] - INFO: select * from record_201808 where emp_id=000001 and time like '2018-08-06%'
2018-09-06 10:04:06,455 - DataBase.py[line:56] - INFO: select * from record_201808 where emp_id=000001 and time<'2018-08-06'
2018-09-06 10:04:06,493 - DataBase.py[line:56] - INFO: select * from record_201808 where emp_id=000001 and time like '2018-08-07%'
2018-09-06 10:04:06,531 - DataBase.py[line:56] - INFO: select * from record_201808 where emp_id=000001 and time<'2018-08-07'
2018-09-06 10:04:06,570 - DataBase.py[line:56] - INFO: select * from record_201808 where emp_id=000001 and time like '2018-08-07%'
2018-09-06 10:04:06,610 - DataBase.py[line:56] - INFO: select * from record_201808 where emp_id=000001 and time<'2018-08-07'
2018-09-06 10:04:06,649 - DataBase.py[line:56] - INFO: select * from record_201808 where emp_id=000001 and time like '2018-08-08%'
2018-09-06 10:04:06,686 - DataBase.py[line:56] - INFO: select * from record_201808 where emp_id=000001 and time<'2018-08-08'
2018-09-06 10:04:06,724 - DataBase.py[line:56] - INFO: select * from record_201808 where emp_id=000001 and time like '2018-08-08%'
2018-09-06 10:04:06,762 - DataBase.py[line:56] - INFO: select * from record_201808 where emp_id=000001 and time<'2018-08-08'
2018-09-06 10:04:06,800 - DataBase.py[line:56] - INFO: select * from record_201808 where emp_id=000001 and time like '2018-08-09%'
2018-09-06 10:04:06,840 - DataBase.py[line:56] - INFO: select * from record_201808 where emp_id=000001 and time<'2018-08-09'
2018-09-06 10:04:06,882 - DataBase.py[line:56] - INFO: select * from record_201808 where emp_id=000001 and time like '2018-08-09%'
2018-09-06 10:04:06,920 - DataBase.py[line:56] - INFO: select * from record_201808 where emp_id=000001 and time<'2018-08-09'
2018-09-06 10:04:06,959 - DataBase.py[line:56] - INFO: select * from record_201808 where emp_id=000001 and time like '2018-08-10%'
2018-09-06 10:04:07,010 - DataBase.py[line:56] - INFO: select * from record_201808 where emp_id=000001 and time<'2018-08-10'
2018-09-06 10:04:07,051 - DataBase.py[line:56] - INFO: select * from record_201808 where emp_id=000001 and time like '2018-08-10%'
2018-09-06 10:04:07,090 - DataBase.py[line:56] - INFO: select * from record_201808 where emp_id=000001 and time<'2018-08-10'
2018-09-06 10:04:07,127 - DataBase.py[line:56] - INFO: select * from record_201808 where emp_id=000001 and time like '2018-08-11%'
2018-09-06 10:04:07,164 - DataBase.py[line:56] - INFO: select * from record_201808 where emp_id=000001 and time<'2018-08-11'
2018-09-06 10:04:07,200 - DataBase.py[line:56] - INFO: select * from record_201808 where emp_id=000001 and time like '2018-08-11%'
2018-09-06 10:04:07,239 - DataBase.py[line:56] - INFO: select * from record_201808 where emp_id=000001 and time<'2018-08-11'
2018-09-06 10:04:07,276 - DataBase.py[line:56] - INFO: select * from record_201808 where emp_id=000001 and time like '2018-08-12%'
2018-09-06 10:04:07,319 - DataBase.py[line:56] - INFO: select * from record_201808 where emp_id=000001 and time<'2018-08-12'
2018-09-06 10:04:07,359 - DataBase.py[line:56] - INFO: select * from record_201808 where emp_id=000001 and time like '2018-08-12%'
2018-09-06 10:04:07,398 - DataBase.py[line:56] - INFO: select * from record_201808 where emp_id=000001 and time<'2018-08-12'
2018-09-06 10:04:07,435 - DataBase.py[line:56] - INFO: select * from record_201808 where emp_id=000001 and time like '2018-08-13%'
2018-09-06 10:04:07,472 - DataBase.py[line:56] - INFO: select * from record_201808 where emp_id=000001 and time<'2018-08-13'
2018-09-06 10:04:07,510 - DataBase.py[line:56] - INFO: select * from record_201808 where emp_id=000001 and time like '2018-08-13%'
2018-09-06 10:04:07,547 - DataBase.py[line:56] - INFO: select * from record_201808 where emp_id=000001 and time<'2018-08-13'
2018-09-06 10:04:07,589 - DataBase.py[line:56] - INFO: select * from record_201808 where emp_id=000001 and time like '2018-08-14%'
2018-09-06 10:04:07,626 - DataBase.py[line:56] - INFO: select * from record_201808 where emp_id=000001 and time<'2018-08-14'
2018-09-06 10:04:07,665 - DataBase.py[line:56] - INFO: select * from record_201808 where emp_id=000001 and time like '2018-08-14%'
2018-09-06 10:04:07,702 - DataBase.py[line:56] - INFO: select * from record_201808 where emp_id=000001 and time<'2018-08-14'
2018-09-06 10:04:07,739 - DataBase.py[line:56] - INFO: select * from record_201808 where emp_id=000001 and time like '2018-08-15%'
2018-09-06 10:04:07,778 - DataBase.py[line:56] - INFO: select * from record_201808 where emp_id=000001 and time<'2018-08-15'
2018-09-06 10:04:07,816 - DataBase.py[line:56] - INFO: select * from record_201808 where emp_id=000001 and time like '2018-08-15%'
2018-09-06 10:04:07,853 - DataBase.py[line:56] - INFO: select * from record_201808 where emp_id=000001 and time<'2018-08-15'
2018-09-06 10:04:07,891 - DataBase.py[line:56] - INFO: select * from record_201808 where emp_id=000001 and time like '2018-08-16%'
2018-09-06 10:04:07,930 - DataBase.py[line:56] - INFO: select * from record_201808 where emp_id=000001 and time<'2018-08-16'
2018-09-06 10:04:07,967 - DataBase.py[line:56] - INFO: select * from record_201808 where emp_id=000001 and time like '2018-08-16%'
2018-09-06 10:04:08,004 - DataBase.py[line:56] - INFO: select * from record_201808 where emp_id=000001 and time<'2018-08-16'
2018-09-06 10:04:08,050 - DataBase.py[line:56] - INFO: select * from record_201808 where emp_id=000001 and time like '2018-08-17%'
2018-09-06 10:04:08,089 - DataBase.py[line:56] - INFO: select * from record_201808 where emp_id=000001 and time<'2018-08-17'
2018-09-06 10:04:08,127 - DataBase.py[line:56] - INFO: select * from record_201808 where emp_id=000001 and time like '2018-08-17%'
2018-09-06 10:04:08,165 - DataBase.py[line:56] - INFO: select * from record_201808 where emp_id=000001 and time<'2018-08-17'
2018-09-06 10:04:08,205 - DataBase.py[line:56] - INFO: select * from record_201808 where emp_id=000001 and time like '2018-08-18%'
2018-09-06 10:04:08,241 - DataBase.py[line:56] - INFO: select * from record_201808 where emp_id=000001 and time<'2018-08-18'
2018-09-06 10:04:08,278 - DataBase.py[line:56] - INFO: select * from record_201808 where emp_id=000001 and time like '2018-08-18%'
2018-09-06 10:04:08,319 - DataBase.py[line:56] - INFO: select * from record_201808 where emp_id=000001 and time<'2018-08-18'
2018-09-06 10:04:08,355 - DataBase.py[line:56] - INFO: select * from record_201808 where emp_id=000001 and time like '2018-08-19%'
2018-09-06 10:04:08,396 - DataBase.py[line:56] - INFO: select * from record_201808 where emp_id=000001 and time<'2018-08-19'
2018-09-06 10:04:08,435 - DataBase.py[line:56] - INFO: select * from record_201808 where emp_id=000001 and time like '2018-08-19%'
2018-09-06 10:04:08,475 - DataBase.py[line:56] - INFO: select * from record_201808 where emp_id=000001 and time<'2018-08-19'
2018-09-06 10:04:08,513 - DataBase.py[line:56] - INFO: select * from record_201808 where emp_id=000001 and time like '2018-08-20%'
2018-09-06 10:04:08,551 - DataBase.py[line:56] - INFO: select * from record_201808 where emp_id=000001 and time<'2018-08-20'
2018-09-06 10:04:08,589 - DataBase.py[line:56] - INFO: select * from record_201808 where emp_id=000001 and time like '2018-08-20%'
2018-09-06 10:04:08,627 - DataBase.py[line:56] - INFO: select * from record_201808 where emp_id=000001 and time<'2018-08-20'
2018-09-06 10:04:08,664 - DataBase.py[line:56] - INFO: select * from record_201808 where emp_id=000001 and time like '2018-08-21%'
2018-09-06 10:04:08,701 - DataBase.py[line:56] - INFO: select * from record_201808 where emp_id=000001 and time<'2018-08-21'
2018-09-06 10:04:08,739 - DataBase.py[line:56] - INFO: select * from record_201808 where emp_id=000001 and time like '2018-08-21%'
2018-09-06 10:04:08,775 - DataBase.py[line:56] - INFO: select * from record_201808 where emp_id=000001 and time<'2018-08-21'
2018-09-06 10:04:08,813 - DataBase.py[line:56] - INFO: select * from record_201808 where emp_id=000001 and time like '2018-08-22%'
2018-09-06 10:04:08,850 - DataBase.py[line:56] - INFO: select * from record_201808 where emp_id=000001 and time<'2018-08-22'
2018-09-06 10:04:08,889 - DataBase.py[line:56] - INFO: select * from record_201808 where emp_id=000001 and time like '2018-08-22%'
2018-09-06 10:04:08,926 - DataBase.py[line:56] - INFO: select * from record_201808 where emp_id=000001 and time<'2018-08-22'
2018-09-06 10:04:08,965 - DataBase.py[line:56] - INFO: select * from record_201808 where emp_id=000001 and time like '2018-08-23%'
2018-09-06 10:04:09,003 - DataBase.py[line:56] - INFO: select * from record_201808 where emp_id=000001 and time<'2018-08-23'
2018-09-06 10:04:09,041 - DataBase.py[line:56] - INFO: select * from record_201808 where emp_id=000001 and time like '2018-08-23%'
2018-09-06 10:04:09,079 - DataBase.py[line:56] - INFO: select * from record_201808 where emp_id=000001 and time<'2018-08-23'
2018-09-06 10:04:09,116 - DataBase.py[line:56] - INFO: select * from record_201808 where emp_id=000001 and time like '2018-08-24%'
2018-09-06 10:04:09,153 - DataBase.py[line:56] - INFO: select * from record_201808 where emp_id=000001 and time<'2018-08-24'
2018-09-06 10:04:09,191 - DataBase.py[line:56] - INFO: select * from record_201808 where emp_id=000001 and time like '2018-08-24%'
2018-09-06 10:04:09,229 - DataBase.py[line:56] - INFO: select * from record_201808 where emp_id=000001 and time<'2018-08-24'
2018-09-06 10:04:09,266 - DataBase.py[line:56] - INFO: select * from record_201808 where emp_id=000001 and time like '2018-08-25%'
2018-09-06 10:04:09,303 - DataBase.py[line:56] - INFO: select * from record_201808 where emp_id=000001 and time<'2018-08-25'
2018-09-06 10:04:09,342 - DataBase.py[line:56] - INFO: select * from record_201808 where emp_id=000001 and time like '2018-08-25%'
2018-09-06 10:04:09,379 - DataBase.py[line:56] - INFO: select * from record_201808 where emp_id=000001 and time<'2018-08-25'
2018-09-06 10:04:09,417 - DataBase.py[line:56] - INFO: select * from record_201808 where emp_id=000001 and time like '2018-08-26%'
2018-09-06 10:04:09,455 - DataBase.py[line:56] - INFO: select * from record_201808 where emp_id=000001 and time<'2018-08-26'
2018-09-06 10:04:09,495 - DataBase.py[line:56] - INFO: select * from record_201808 where emp_id=000001 and time like '2018-08-26%'
2018-09-06 10:04:09,536 - DataBase.py[line:56] - INFO: select * from record_201808 where emp_id=000001 and time<'2018-08-26'
2018-09-06 10:04:09,572 - DataBase.py[line:56] - INFO: select * from record_201808 where emp_id=000001 and time like '2018-08-27%'
2018-09-06 10:04:09,611 - DataBase.py[line:56] - INFO: select * from record_201808 where emp_id=000001 and time<'2018-08-27'
2018-09-06 10:04:09,650 - DataBase.py[line:56] - INFO: select * from record_201808 where emp_id=000001 and time like '2018-08-27%'
2018-09-06 10:04:09,690 - DataBase.py[line:56] - INFO: select * from record_201808 where emp_id=000001 and time<'2018-08-27'
2018-09-06 10:04:09,728 - DataBase.py[line:56] - INFO: select * from record_201808 where emp_id=000001 and time like '2018-08-28%'
2018-09-06 10:04:09,765 - DataBase.py[line:56] - INFO: select * from record_201808 where emp_id=000001 and time like '2018-08-28%'
2018-09-06 10:04:09,803 - DataBase.py[line:56] - INFO: select * from record_201808 where emp_id=000001 and time like '2018-08-29%'
2018-09-06 10:04:09,840 - DataBase.py[line:56] - INFO: select * from record_201808 where emp_id=000001 and time<'2018-08-29'
2018-09-06 10:04:09,878 - DataBase.py[line:56] - INFO: select * from record_201808 where emp_id=000001
2018-09-06 10:04:09,916 - DataBase.py[line:56] - INFO: select * from record_201808 where emp_id=000001
2018-09-06 10:04:09,954 - DataBase.py[line:56] - INFO: select * from record_201808 where emp_id=000001 and time like '2018-08-29%'
2018-09-06 10:04:09,993 - DataBase.py[line:56] - INFO: select * from record_201808 where emp_id=000001
2018-09-06 10:04:10,032 - DataBase.py[line:56] - INFO: select * from record_201808 where emp_id=000001 and time like '2018-08-30%'
2018-09-06 10:04:10,071 - DataBase.py[line:56] - INFO: select * from record_201808 where emp_id=000001 and time like '2018-08-30%'
2018-09-06 10:04:10,111 - DataBase.py[line:56] - INFO: select * from record_201808 where emp_id=000001 and time like '2018-08-31%'
2018-09-06 10:04:10,150 - DataBase.py[line:56] - INFO: select * from record_201808 where emp_id=000001 and time<'2018-08-31'
2018-09-06 10:04:10,189 - DataBase.py[line:56] - INFO: select * from record_201808 where emp_id=000001 and time like '2018-08-31%'
2018-09-06 10:04:10,226 - DataBase.py[line:56] - INFO: select * from record_201808 where emp_id=000001 and time<'2018-08-31'
2018-09-06 10:04:10,268 - DataBase.py[line:56] - INFO: select * from empinfo where Emp_id=000001
