2018-09-04 11:00:54,491 - DataBase.py[line:23] - INFO: database class is creating...
2018-09-04 11:00:54,512 - DataBase.py[line:51] - INFO: database is connecting...
2018-09-04 11:00:56,124 - DataBase.py[line:56] - INFO: select * from empinfo where Emp_id=000002
2018-09-04 11:00:56,124 - DataBase.py[line:56] - INFO: select password from empinfo where Emp_id=000002
2018-09-04 11:00:56,125 - DataBase.py[line:56] - INFO: select * from empinfo where Emp_id=000002
2018-09-04 11:00:56,126 - DataBase.py[line:56] - INFO: select * from record_201808 where emp_id=111111
2018-09-04 11:00:56,126 - DataBase.py[line:56] - INFO: select * from record_201808 where emp_id=111111 and time like '2018-08-01%'
2018-09-04 11:00:56,128 - DataBase.py[line:56] - INFO: select * from record_201808 where emp_id=111111 and time<'2018-08-01'
2018-09-04 11:00:56,129 - DataBase.py[line:56] - INFO: select * from record_201808 where emp_id=111111 and time like '2018-08-01%'
2018-09-04 11:00:56,129 - DataBase.py[line:56] - INFO: select * from record_201808 where emp_id=111111 and time<'2018-08-01'
2018-09-04 11:00:56,129 - DataBase.py[line:56] - INFO: select * from record_201808 where emp_id=111111 and time like '2018-08-02%'
2018-09-04 11:00:56,130 - DataBase.py[line:56] - INFO: select * from record_201808 where emp_id=111111 and time<'2018-08-02'
2018-09-04 11:00:56,130 - DataBase.py[line:56] - INFO: select * from record_201808 where emp_id=111111 and time like '2018-08-02%'
2018-09-04 11:00:56,131 - DataBase.py[line:56] - INFO: select * from record_201808 where emp_id=111111 and time<'2018-08-02'
2018-09-04 11:00:56,131 - DataBase.py[line:56] - INFO: select * from record_201808 where emp_id=111111 and time like '2018-08-03%'
2018-09-04 11:00:56,131 - DataBase.py[line:56] - INFO: select * from record_201808 where emp_id=111111 and time<'2018-08-03'
2018-09-04 11:00:56,132 - DataBase.py[line:56] - INFO: select * from record_201808 where emp_id=111111 and time like '2018-08-03%'
2018-09-04 11:00:56,132 - DataBase.py[line:56] - INFO: select * from record_201808 where emp_id=111111 and time<'2018-08-03'
2018-09-04 11:00:56,133 - DataBase.py[line:56] - INFO: select * from record_201808 where emp_id=111111 and time like '2018-08-04%'
2018-09-04 11:00:56,133 - DataBase.py[line:56] - INFO: select * from record_201808 where emp_id=111111 and time<'2018-08-04'
2018-09-04 11:00:56,134 - DataBase.py[line:56] - INFO: select * from record_201808 where emp_id=111111 and time like '2018-08-04%'
2018-09-04 11:00:56,134 - DataBase.py[line:56] - INFO: select * from record_201808 where emp_id=111111 and time<'2018-08-04'
2018-09-04 11:00:56,135 - DataBase.py[line:56] - INFO: select * from record_201808 where emp_id=111111 and time like '2018-08-05%'
2018-09-04 11:00:56,135 - DataBase.py[line:56] - INFO: select * from record_201808 where emp_id=111111 and time<'2018-08-05'
2018-09-04 11:00:56,136 - DataBase.py[line:56] - INFO: select * from record_201808 where emp_id=111111 and time like '2018-08-05%'
2018-09-04 11:00:56,136 - DataBase.py[line:56] - INFO: select * from record_201808 where emp_id=111111 and time<'2018-08-05'
2018-09-04 11:00:56,137 - DataBase.py[line:56] - INFO: select * from record_201808 where emp_id=111111 and time like '2018-08-06%'
2018-09-04 11:00:56,137 - DataBase.py[line:56] - INFO: select * from record_201808 where emp_id=111111 and time<'2018-08-06'
2018-09-04 11:00:56,138 - DataBase.py[line:56] - INFO: select * from record_201808 where emp_id=111111 and time like '2018-08-06%'
2018-09-04 11:00:56,138 - DataBase.py[line:56] - INFO: select * from record_201808 where emp_id=111111 and time<'2018-08-06'
2018-09-04 11:00:56,139 - DataBase.py[line:56] - INFO: select * from record_201808 where emp_id=111111 and time like '2018-08-07%'
2018-09-04 11:00:56,139 - DataBase.py[line:56] - INFO: select * from record_201808 where emp_id=111111 and time<'2018-08-07'
2018-09-04 11:00:56,140 - DataBase.py[line:56] - INFO: select * from record_201808 where emp_id=111111 and time like '2018-08-07%'
2018-09-04 11:00:56,140 - DataBase.py[line:56] - INFO: select * from record_201808 where emp_id=111111 and time<'2018-08-07'
2018-09-04 11:00:56,141 - DataBase.py[line:56] - INFO: select * from record_201808 where emp_id=111111 and time like '2018-08-08%'
2018-09-04 11:00:56,142 - DataBase.py[line:56] - INFO: select * from record_201808 where emp_id=111111 and time<'2018-08-08'
2018-09-04 11:00:56,142 - DataBase.py[line:56] - INFO: select * from record_201808 where emp_id=111111 and time like '2018-08-08%'
2018-09-04 11:00:56,143 - DataBase.py[line:56] - INFO: select * from record_201808 where emp_id=111111 and time<'2018-08-08'
2018-09-04 11:00:56,143 - DataBase.py[line:56] - INFO: select * from record_201808 where emp_id=111111 and time like '2018-08-09%'
2018-09-04 11:00:56,143 - DataBase.py[line:56] - INFO: select * from record_201808 where emp_id=111111 and time<'2018-08-09'
2018-09-04 11:00:56,144 - DataBase.py[line:56] - INFO: select * from record_201808 where emp_id=111111 and time like '2018-08-09%'
2018-09-04 11:00:56,144 - DataBase.py[line:56] - INFO: select * from record_201808 where emp_id=111111 and time<'2018-08-09'
2018-09-04 11:00:56,145 - DataBase.py[line:56] - INFO: select * from record_201808 where emp_id=111111 and time like '2018-08-10%'
2018-09-04 11:00:56,145 - DataBase.py[line:56] - INFO: select * from record_201808 where emp_id=111111 and time<'2018-08-10'
2018-09-04 11:00:56,146 - DataBase.py[line:56] - INFO: select * from record_201808 where emp_id=111111 and time like '2018-08-10%'
2018-09-04 11:00:56,146 - DataBase.py[line:56] - INFO: select * from record_201808 where emp_id=111111 and time<'2018-08-10'
2018-09-04 11:00:56,147 - DataBase.py[line:56] - INFO: select * from record_201808 where emp_id=111111 and time like '2018-08-11%'
2018-09-04 11:00:56,147 - DataBase.py[line:56] - INFO: select * from record_201808 where emp_id=111111 and time<'2018-08-11'
2018-09-04 11:00:56,148 - DataBase.py[line:56] - INFO: select * from record_201808 where emp_id=111111 and time like '2018-08-11%'
2018-09-04 11:00:56,148 - DataBase.py[line:56] - INFO: select * from record_201808 where emp_id=111111 and time<'2018-08-11'
2018-09-04 11:00:56,148 - DataBase.py[line:56] - INFO: select * from record_201808 where emp_id=111111 and time like '2018-08-12%'
2018-09-04 11:00:56,149 - DataBase.py[line:56] - INFO: select * from record_201808 where emp_id=111111 and time<'2018-08-12'
2018-09-04 11:00:56,149 - DataBase.py[line:56] - INFO: select * from record_201808 where emp_id=111111 and time like '2018-08-12%'
2018-09-04 11:00:56,150 - DataBase.py[line:56] - INFO: select * from record_201808 where emp_id=111111 and time<'2018-08-12'
2018-09-04 11:00:56,150 - DataBase.py[line:56] - INFO: select * from record_201808 where emp_id=111111 and time like '2018-08-13%'
2018-09-04 11:00:56,150 - DataBase.py[line:56] - INFO: select * from record_201808 where emp_id=111111 and time<'2018-08-13'
2018-09-04 11:00:56,151 - DataBase.py[line:56] - INFO: select * from record_201808 where emp_id=111111 and time like '2018-08-13%'
2018-09-04 11:00:56,152 - DataBase.py[line:56] - INFO: select * from record_201808 where emp_id=111111 and time<'2018-08-13'
2018-09-04 11:00:56,153 - DataBase.py[line:56] - INFO: select * from record_201808 where emp_id=111111 and time like '2018-08-14%'
2018-09-04 11:00:56,153 - DataBase.py[line:56] - INFO: select * from record_201808 where emp_id=111111 and time<'2018-08-14'
2018-09-04 11:00:56,154 - DataBase.py[line:56] - INFO: select * from record_201808 where emp_id=111111 and time like '2018-08-14%'
2018-09-04 11:00:56,154 - DataBase.py[line:56] - INFO: select * from record_201808 where emp_id=111111 and time<'2018-08-14'
2018-09-04 11:00:56,155 - DataBase.py[line:56] - INFO: select * from record_201808 where emp_id=111111 and time like '2018-08-15%'
2018-09-04 11:00:56,156 - DataBase.py[line:56] - INFO: select * from record_201808 where emp_id=111111 and time<'2018-08-15'
2018-09-04 11:00:56,156 - DataBase.py[line:56] - INFO: select * from record_201808 where emp_id=111111 and time like '2018-08-15%'
2018-09-04 11:00:56,156 - DataBase.py[line:56] - INFO: select * from record_201808 where emp_id=111111 and time<'2018-08-15'
2018-09-04 11:00:56,157 - DataBase.py[line:56] - INFO: select * from record_201808 where emp_id=111111 and time like '2018-08-16%'
2018-09-04 11:00:56,157 - DataBase.py[line:56] - INFO: select * from record_201808 where emp_id=111111 and time<'2018-08-16'
2018-09-04 11:00:56,158 - DataBase.py[line:56] - INFO: select * from record_201808 where emp_id=111111 and time like '2018-08-16%'
2018-09-04 11:00:56,158 - DataBase.py[line:56] - INFO: select * from record_201808 where emp_id=111111 and time<'2018-08-16'
2018-09-04 11:00:56,159 - DataBase.py[line:56] - INFO: select * from record_201808 where emp_id=111111 and time like '2018-08-17%'
2018-09-04 11:00:56,159 - DataBase.py[line:56] - INFO: select * from record_201808 where emp_id=111111 and time<'2018-08-17'
2018-09-04 11:00:56,159 - DataBase.py[line:56] - INFO: select * from record_201808 where emp_id=111111 and time like '2018-08-17%'
2018-09-04 11:00:56,160 - DataBase.py[line:56] - INFO: select * from record_201808 where emp_id=111111 and time<'2018-08-17'
2018-09-04 11:00:56,160 - DataBase.py[line:56] - INFO: select * from record_201808 where emp_id=111111 and time like '2018-08-18%'
2018-09-04 11:00:56,161 - DataBase.py[line:56] - INFO: select * from record_201808 where emp_id=111111 and time<'2018-08-18'
2018-09-04 11:00:56,161 - DataBase.py[line:56] - INFO: select * from record_201808 where emp_id=111111 and time like '2018-08-18%'
2018-09-04 11:00:56,161 - DataBase.py[line:56] - INFO: select * from record_201808 where emp_id=111111 and time<'2018-08-18'
2018-09-04 11:00:56,162 - DataBase.py[line:56] - INFO: select * from record_201808 where emp_id=111111 and time like '2018-08-19%'
2018-09-04 11:00:56,162 - DataBase.py[line:56] - INFO: select * from record_201808 where emp_id=111111 and time<'2018-08-19'
2018-09-04 11:00:56,163 - DataBase.py[line:56] - INFO: select * from record_201808 where emp_id=111111 and time like '2018-08-19%'
2018-09-04 11:00:56,163 - DataBase.py[line:56] - INFO: select * from record_201808 where emp_id=111111 and time<'2018-08-19'
2018-09-04 11:00:56,163 - DataBase.py[line:56] - INFO: select * from record_201808 where emp_id=111111 and time like '2018-08-20%'
2018-09-04 11:00:56,164 - DataBase.py[line:56] - INFO: select * from record_201808 where emp_id=111111 and time<'2018-08-20'
2018-09-04 11:00:56,164 - DataBase.py[line:56] - INFO: select * from record_201808 where emp_id=111111 and time like '2018-08-20%'
2018-09-04 11:00:56,165 - DataBase.py[line:56] - INFO: select * from record_201808 where emp_id=111111 and time<'2018-08-20'
2018-09-04 11:00:56,165 - DataBase.py[line:56] - INFO: select * from record_201808 where emp_id=111111 and time like '2018-08-21%'
2018-09-04 11:00:56,166 - DataBase.py[line:56] - INFO: select * from record_201808 where emp_id=111111 and time<'2018-08-21'
2018-09-04 11:00:56,166 - DataBase.py[line:56] - INFO: select * from record_201808 where emp_id=111111 and time like '2018-08-21%'
2018-09-04 11:00:56,167 - DataBase.py[line:56] - INFO: select * from record_201808 where emp_id=111111 and time<'2018-08-21'
2018-09-04 11:00:56,167 - DataBase.py[line:56] - INFO: select * from record_201808 where emp_id=111111 and time like '2018-08-22%'
2018-09-04 11:00:56,168 - DataBase.py[line:56] - INFO: select * from record_201808 where emp_id=111111 and time<'2018-08-22'
2018-09-04 11:00:56,168 - DataBase.py[line:56] - INFO: select * from record_201808 where emp_id=111111 and time like '2018-08-22%'
2018-09-04 11:00:56,168 - DataBase.py[line:56] - INFO: select * from record_201808 where emp_id=111111 and time<'2018-08-22'
2018-09-04 11:00:56,169 - DataBase.py[line:56] - INFO: select * from record_201808 where emp_id=111111 and time like '2018-08-23%'
2018-09-04 11:00:56,169 - DataBase.py[line:56] - INFO: select * from record_201808 where emp_id=111111 and time<'2018-08-23'
2018-09-04 11:00:56,169 - DataBase.py[line:56] - INFO: select * from record_201808 where emp_id=111111 and time like '2018-08-23%'
2018-09-04 11:00:56,170 - DataBase.py[line:56] - INFO: select * from record_201808 where emp_id=111111 and time<'2018-08-23'
2018-09-04 11:00:56,170 - DataBase.py[line:56] - INFO: select * from record_201808 where emp_id=111111 and time like '2018-08-24%'
2018-09-04 11:00:56,171 - DataBase.py[line:56] - INFO: select * from record_201808 where emp_id=111111 and time<'2018-08-24'
2018-09-04 11:00:56,171 - DataBase.py[line:56] - INFO: select * from record_201808 where emp_id=111111 and time like '2018-08-24%'
2018-09-04 11:00:56,171 - DataBase.py[line:56] - INFO: select * from record_201808 where emp_id=111111 and time<'2018-08-24'
2018-09-04 11:00:56,172 - DataBase.py[line:56] - INFO: select * from record_201808 where emp_id=111111 and time like '2018-08-25%'
2018-09-04 11:00:56,172 - DataBase.py[line:56] - INFO: select * from record_201808 where emp_id=111111 and time<'2018-08-25'
2018-09-04 11:00:56,172 - DataBase.py[line:56] - INFO: select * from record_201808 where emp_id=111111 and time like '2018-08-25%'
2018-09-04 11:00:56,173 - DataBase.py[line:56] - INFO: select * from record_201808 where emp_id=111111 and time<'2018-08-25'
2018-09-04 11:00:56,173 - DataBase.py[line:56] - INFO: select * from record_201808 where emp_id=111111 and time like '2018-08-26%'
2018-09-04 11:00:56,173 - DataBase.py[line:56] - INFO: select * from record_201808 where emp_id=111111 and time<'2018-08-26'
2018-09-04 11:00:56,174 - DataBase.py[line:56] - INFO: select * from record_201808 where emp_id=111111 and time like '2018-08-26%'
2018-09-04 11:00:56,174 - DataBase.py[line:56] - INFO: select * from record_201808 where emp_id=111111 and time<'2018-08-26'
2018-09-04 11:00:56,174 - DataBase.py[line:56] - INFO: select * from record_201808 where emp_id=111111 and time like '2018-08-27%'
2018-09-04 11:00:56,175 - DataBase.py[line:56] - INFO: select * from record_201808 where emp_id=111111 and time<'2018-08-27'
2018-09-04 11:00:56,175 - DataBase.py[line:56] - INFO: select * from record_201808 where emp_id=111111 and time like '2018-08-27%'
2018-09-04 11:00:56,176 - DataBase.py[line:56] - INFO: select * from record_201808 where emp_id=111111 and time<'2018-08-27'
2018-09-04 11:00:56,176 - DataBase.py[line:56] - INFO: select * from record_201808 where emp_id=111111 and time like '2018-08-28%'
2018-09-04 11:00:56,176 - DataBase.py[line:56] - INFO: select * from record_201808 where emp_id=111111 and time like '2018-08-28%'
2018-09-04 11:00:56,177 - DataBase.py[line:56] - INFO: select * from record_201808 where emp_id=111111 and time like '2018-08-29%'
2018-09-04 11:00:56,177 - DataBase.py[line:56] - INFO: select * from record_201808 where emp_id=111111 and time<'2018-08-29'
2018-09-04 11:00:56,178 - DataBase.py[line:56] - INFO: select * from record_201808 where emp_id=111111
2018-09-04 11:00:56,178 - DataBase.py[line:56] - INFO: select * from record_201808 where emp_id=111111
2018-09-04 11:00:56,179 - DataBase.py[line:56] - INFO: select * from record_201808 where emp_id=111111 and time like '2018-08-29%'
2018-09-04 11:00:56,179 - DataBase.py[line:56] - INFO: select * from record_201808 where emp_id=111111
2018-09-04 11:00:56,179 - DataBase.py[line:56] - INFO: select * from record_201808 where emp_id=111111 and time like '2018-08-30%'
2018-09-04 11:00:56,180 - DataBase.py[line:56] - INFO: select * from record_201808 where emp_id=111111 and time like '2018-08-30%'
2018-09-04 11:00:56,180 - DataBase.py[line:56] - INFO: select * from record_201808 where emp_id=111111 and time like '2018-08-31%'
2018-09-04 11:00:56,181 - DataBase.py[line:56] - INFO: select * from record_201808 where emp_id=111111 and time<'2018-08-31'
2018-09-04 11:00:56,181 - DataBase.py[line:56] - INFO: select * from record_201808 where emp_id=111111 and time like '2018-08-31%'
2018-09-04 11:00:56,181 - DataBase.py[line:56] - INFO: select * from record_201808 where emp_id=111111 and time<'2018-08-31'
