2018-09-04 09:32:10,268 - DataBase.py[line:23] - INFO: database class is creating...
2018-09-04 09:32:10,287 - DataBase.py[line:51] - INFO: database is connecting...
2018-09-04 09:32:11,965 - DataBase.py[line:56] - INFO: select * from empinfo where Emp_id=000002
2018-09-04 09:32:11,965 - DataBase.py[line:56] - INFO: select password from empinfo where Emp_id=000002
2018-09-04 09:32:11,966 - DataBase.py[line:56] - INFO: select * from empinfo where Emp_id=000002
2018-09-04 09:32:11,967 - DataBase.py[line:56] - INFO: select * from record_201808 where emp_id=111111
2018-09-04 09:32:11,968 - DataBase.py[line:56] - INFO: select * from record_201808 where emp_id=111111 and time like '2018-08-1%'
2018-09-04 09:32:11,970 - DataBase.py[line:56] - INFO: select * from record_201808 where emp_id=111111
2018-09-04 09:32:11,971 - DataBase.py[line:56] - INFO: select * from record_201808 where emp_id=111111 and time like '2018-08-01%'
2018-09-04 09:32:11,971 - DataBase.py[line:56] - INFO: select * from record_201808 where emp_id=111111
2018-09-04 09:32:11,972 - DataBase.py[line:56] - INFO: select * from record_201808 where emp_id=111111 and time like '2018-08-2%'
2018-09-04 09:32:11,972 - DataBase.py[line:56] - INFO: select * from record_201808 where emp_id=111111
2018-09-04 09:32:11,973 - DataBase.py[line:56] - INFO: select * from record_201808 where emp_id=111111 and time like '2018-08-02%'
2018-09-04 09:32:11,973 - DataBase.py[line:56] - INFO: select * from record_201808 where emp_id=111111
2018-09-04 09:32:11,974 - DataBase.py[line:56] - INFO: select * from record_201808 where emp_id=111111 and time like '2018-08-3%'
2018-09-04 09:32:11,974 - DataBase.py[line:56] - INFO: select * from record_201808 where emp_id=111111
2018-09-04 09:32:11,975 - DataBase.py[line:56] - INFO: select * from record_201808 where emp_id=111111 and time like '2018-08-03%'
2018-09-04 09:32:11,976 - DataBase.py[line:56] - INFO: select * from record_201808 where emp_id=111111
2018-09-04 09:32:11,976 - DataBase.py[line:56] - INFO: select * from record_201808 where emp_id=111111 and time like '2018-08-4%'
2018-09-04 09:32:11,977 - DataBase.py[line:56] - INFO: select * from record_201808 where emp_id=111111
2018-09-04 09:32:11,978 - DataBase.py[line:56] - INFO: select * from record_201808 where emp_id=111111 and time like '2018-08-04%'
2018-09-04 09:32:11,978 - DataBase.py[line:56] - INFO: select * from record_201808 where emp_id=111111
2018-09-04 09:32:11,979 - DataBase.py[line:56] - INFO: select * from record_201808 where emp_id=111111 and time like '2018-08-5%'
2018-09-04 09:32:11,979 - DataBase.py[line:56] - INFO: select * from record_201808 where emp_id=111111
2018-09-04 09:32:11,980 - DataBase.py[line:56] - INFO: select * from record_201808 where emp_id=111111 and time like '2018-08-05%'
2018-09-04 09:32:11,980 - DataBase.py[line:56] - INFO: select * from record_201808 where emp_id=111111
2018-09-04 09:32:11,980 - DataBase.py[line:56] - INFO: select * from record_201808 where emp_id=111111 and time like '2018-08-6%'
2018-09-04 09:32:11,981 - DataBase.py[line:56] - INFO: select * from record_201808 where emp_id=111111
2018-09-04 09:32:11,981 - DataBase.py[line:56] - INFO: select * from record_201808 where emp_id=111111 and time like '2018-08-06%'
2018-09-04 09:32:11,982 - DataBase.py[line:56] - INFO: select * from record_201808 where emp_id=111111
2018-09-04 09:32:11,982 - DataBase.py[line:56] - INFO: select * from record_201808 where emp_id=111111 and time like '2018-08-7%'
2018-09-04 09:32:11,983 - DataBase.py[line:56] - INFO: select * from record_201808 where emp_id=111111
2018-09-04 09:32:11,983 - DataBase.py[line:56] - INFO: select * from record_201808 where emp_id=111111 and time like '2018-08-07%'
2018-09-04 09:32:11,984 - DataBase.py[line:56] - INFO: select * from record_201808 where emp_id=111111
2018-09-04 09:32:11,984 - DataBase.py[line:56] - INFO: select * from record_201808 where emp_id=111111 and time like '2018-08-8%'
2018-09-04 09:32:11,984 - DataBase.py[line:56] - INFO: select * from record_201808 where emp_id=111111
2018-09-04 09:32:11,985 - DataBase.py[line:56] - INFO: select * from record_201808 where emp_id=111111 and time like '2018-08-08%'
2018-09-04 09:32:11,986 - DataBase.py[line:56] - INFO: select * from record_201808 where emp_id=111111
2018-09-04 09:32:11,986 - DataBase.py[line:56] - INFO: select * from record_201808 where emp_id=111111 and time like '2018-08-9%'
2018-09-04 09:32:11,987 - DataBase.py[line:56] - INFO: select * from record_201808 where emp_id=111111
2018-09-04 09:32:11,987 - DataBase.py[line:56] - INFO: select * from record_201808 where emp_id=111111 and time like '2018-08-09%'
2018-09-04 09:32:11,988 - DataBase.py[line:56] - INFO: select * from record_201808 where emp_id=111111
2018-09-04 09:32:11,988 - DataBase.py[line:56] - INFO: select * from record_201808 where emp_id=111111 and time like '2018-08-10%'
2018-09-04 09:32:11,988 - DataBase.py[line:56] - INFO: select * from record_201808 where emp_id=111111
2018-09-04 09:32:11,989 - DataBase.py[line:56] - INFO: select * from record_201808 where emp_id=111111 and time like '2018-08-10%'
2018-09-04 09:32:11,989 - DataBase.py[line:56] - INFO: select * from record_201808 where emp_id=111111
2018-09-04 09:32:11,990 - DataBase.py[line:56] - INFO: select * from record_201808 where emp_id=111111 and time like '2018-08-11%'
2018-09-04 09:32:11,990 - DataBase.py[line:56] - INFO: select * from record_201808 where emp_id=111111
2018-09-04 09:32:11,991 - DataBase.py[line:56] - INFO: select * from record_201808 where emp_id=111111 and time like '2018-08-11%'
2018-09-04 09:32:11,991 - DataBase.py[line:56] - INFO: select * from record_201808 where emp_id=111111
2018-09-04 09:32:11,992 - DataBase.py[line:56] - INFO: select * from record_201808 where emp_id=111111 and time like '2018-08-12%'
2018-09-04 09:32:11,992 - DataBase.py[line:56] - INFO: select * from record_201808 where emp_id=111111
2018-09-04 09:32:11,993 - DataBase.py[line:56] - INFO: select * from record_201808 where emp_id=111111 and time like '2018-08-12%'
2018-09-04 09:32:11,993 - DataBase.py[line:56] - INFO: select * from record_201808 where emp_id=111111
2018-09-04 09:32:11,993 - DataBase.py[line:56] - INFO: select * from record_201808 where emp_id=111111 and time like '2018-08-13%'
2018-09-04 09:32:11,994 - DataBase.py[line:56] - INFO: select * from record_201808 where emp_id=111111
2018-09-04 09:32:11,994 - DataBase.py[line:56] - INFO: select * from record_201808 where emp_id=111111 and time like '2018-08-13%'
2018-09-04 09:32:11,995 - DataBase.py[line:56] - INFO: select * from record_201808 where emp_id=111111
2018-09-04 09:32:11,996 - DataBase.py[line:56] - INFO: select * from record_201808 where emp_id=111111 and time like '2018-08-14%'
2018-09-04 09:32:11,996 - DataBase.py[line:56] - INFO: select * from record_201808 where emp_id=111111
2018-09-04 09:32:11,996 - DataBase.py[line:56] - INFO: select * from record_201808 where emp_id=111111 and time like '2018-08-14%'
2018-09-04 09:32:11,997 - DataBase.py[line:56] - INFO: select * from record_201808 where emp_id=111111
2018-09-04 09:32:11,997 - DataBase.py[line:56] - INFO: select * from record_201808 where emp_id=111111 and time like '2018-08-15%'
2018-09-04 09:32:11,998 - DataBase.py[line:56] - INFO: select * from record_201808 where emp_id=111111
2018-09-04 09:32:11,998 - DataBase.py[line:56] - INFO: select * from record_201808 where emp_id=111111 and time like '2018-08-15%'
2018-09-04 09:32:11,999 - DataBase.py[line:56] - INFO: select * from record_201808 where emp_id=111111
2018-09-04 09:32:11,999 - DataBase.py[line:56] - INFO: select * from record_201808 where emp_id=111111 and time like '2018-08-16%'
2018-09-04 09:32:11,999 - DataBase.py[line:56] - INFO: select * from record_201808 where emp_id=111111
2018-09-04 09:32:12,000 - DataBase.py[line:56] - INFO: select * from record_201808 where emp_id=111111 and time like '2018-08-16%'
2018-09-04 09:32:12,000 - DataBase.py[line:56] - INFO: select * from record_201808 where emp_id=111111
2018-09-04 09:32:12,001 - DataBase.py[line:56] - INFO: select * from record_201808 where emp_id=111111 and time like '2018-08-17%'
2018-09-04 09:32:12,002 - DataBase.py[line:56] - INFO: select * from record_201808 where emp_id=111111
2018-09-04 09:32:12,002 - DataBase.py[line:56] - INFO: select * from record_201808 where emp_id=111111 and time like '2018-08-17%'
2018-09-04 09:32:12,003 - DataBase.py[line:56] - INFO: select * from record_201808 where emp_id=111111
2018-09-04 09:32:12,003 - DataBase.py[line:56] - INFO: select * from record_201808 where emp_id=111111 and time like '2018-08-18%'
2018-09-04 09:32:12,004 - DataBase.py[line:56] - INFO: select * from record_201808 where emp_id=111111
2018-09-04 09:32:12,004 - DataBase.py[line:56] - INFO: select * from record_201808 where emp_id=111111 and time like '2018-08-18%'
2018-09-04 09:32:12,005 - DataBase.py[line:56] - INFO: select * from record_201808 where emp_id=111111
2018-09-04 09:32:12,005 - DataBase.py[line:56] - INFO: select * from record_201808 where emp_id=111111 and time like '2018-08-19%'
2018-09-04 09:32:12,006 - DataBase.py[line:56] - INFO: select * from record_201808 where emp_id=111111
2018-09-04 09:32:12,006 - DataBase.py[line:56] - INFO: select * from record_201808 where emp_id=111111 and time like '2018-08-19%'
2018-09-04 09:32:12,007 - DataBase.py[line:56] - INFO: select * from record_201808 where emp_id=111111
2018-09-04 09:32:12,007 - DataBase.py[line:56] - INFO: select * from record_201808 where emp_id=111111 and time like '2018-08-20%'
2018-09-04 09:32:12,008 - DataBase.py[line:56] - INFO: select * from record_201808 where emp_id=111111
2018-09-04 09:32:12,008 - DataBase.py[line:56] - INFO: select * from record_201808 where emp_id=111111 and time like '2018-08-20%'
2018-09-04 09:32:12,009 - DataBase.py[line:56] - INFO: select * from record_201808 where emp_id=111111
2018-09-04 09:32:12,009 - DataBase.py[line:56] - INFO: select * from record_201808 where emp_id=111111 and time like '2018-08-21%'
2018-09-04 09:32:12,010 - DataBase.py[line:56] - INFO: select * from record_201808 where emp_id=111111
2018-09-04 09:32:12,010 - DataBase.py[line:56] - INFO: select * from record_201808 where emp_id=111111 and time like '2018-08-21%'
2018-09-04 09:32:12,011 - DataBase.py[line:56] - INFO: select * from record_201808 where emp_id=111111
2018-09-04 09:32:12,011 - DataBase.py[line:56] - INFO: select * from record_201808 where emp_id=111111 and time like '2018-08-22%'
2018-09-04 09:32:12,011 - DataBase.py[line:56] - INFO: select * from record_201808 where emp_id=111111
2018-09-04 09:32:12,012 - DataBase.py[line:56] - INFO: select * from record_201808 where emp_id=111111 and time like '2018-08-22%'
2018-09-04 09:32:12,013 - DataBase.py[line:56] - INFO: select * from record_201808 where emp_id=111111
2018-09-04 09:32:12,013 - DataBase.py[line:56] - INFO: select * from record_201808 where emp_id=111111 and time like '2018-08-23%'
2018-09-04 09:32:12,013 - DataBase.py[line:56] - INFO: select * from record_201808 where emp_id=111111
2018-09-04 09:32:12,014 - DataBase.py[line:56] - INFO: select * from record_201808 where emp_id=111111 and time like '2018-08-23%'
2018-09-04 09:32:12,015 - DataBase.py[line:56] - INFO: select * from record_201808 where emp_id=111111
2018-09-04 09:32:12,015 - DataBase.py[line:56] - INFO: select * from record_201808 where emp_id=111111 and time like '2018-08-24%'
2018-09-04 09:32:12,016 - DataBase.py[line:56] - INFO: select * from record_201808 where emp_id=111111
2018-09-04 09:32:12,016 - DataBase.py[line:56] - INFO: select * from record_201808 where emp_id=111111 and time like '2018-08-24%'
2018-09-04 09:32:12,017 - DataBase.py[line:56] - INFO: select * from record_201808 where emp_id=111111
2018-09-04 09:32:12,018 - DataBase.py[line:56] - INFO: select * from record_201808 where emp_id=111111 and time like '2018-08-25%'
2018-09-04 09:32:12,018 - DataBase.py[line:56] - INFO: select * from record_201808 where emp_id=111111
2018-09-04 09:32:12,019 - DataBase.py[line:56] - INFO: select * from record_201808 where emp_id=111111 and time like '2018-08-25%'
2018-09-04 09:32:12,019 - DataBase.py[line:56] - INFO: select * from record_201808 where emp_id=111111
2018-09-04 09:32:12,020 - DataBase.py[line:56] - INFO: select * from record_201808 where emp_id=111111 and time like '2018-08-26%'
2018-09-04 09:32:12,020 - DataBase.py[line:56] - INFO: select * from record_201808 where emp_id=111111
2018-09-04 09:32:12,021 - DataBase.py[line:56] - INFO: select * from record_201808 where emp_id=111111 and time like '2018-08-26%'
2018-09-04 09:32:12,021 - DataBase.py[line:56] - INFO: select * from record_201808 where emp_id=111111
2018-09-04 09:32:12,021 - DataBase.py[line:56] - INFO: select * from record_201808 where emp_id=111111 and time like '2018-08-27%'
2018-09-04 09:32:12,022 - DataBase.py[line:56] - INFO: select * from record_201808 where emp_id=111111
2018-09-04 09:32:12,022 - DataBase.py[line:56] - INFO: select * from record_201808 where emp_id=111111 and time like '2018-08-27%'
2018-09-04 09:32:12,023 - DataBase.py[line:56] - INFO: select * from record_201808 where emp_id=111111
2018-09-04 09:32:12,023 - DataBase.py[line:56] - INFO: select * from record_201808 where emp_id=111111 and time like '2018-08-28%'
2018-09-04 09:32:12,024 - DataBase.py[line:56] - INFO: select * from record_201808 where emp_id=111111
2018-09-04 09:32:12,024 - DataBase.py[line:56] - INFO: select * from record_201808 where emp_id=111111 and time like '2018-08-28%'
2018-09-04 09:32:12,025 - DataBase.py[line:56] - INFO: select * from record_201808 where emp_id=111111 and time like '2018-08-29%'
2018-09-04 09:32:12,025 - DataBase.py[line:56] - INFO: select * from record_201808 where emp_id=111111
2018-09-04 09:32:12,026 - DataBase.py[line:56] - INFO: select * from record_201808 where emp_id=111111 and time like '2018-08-29%'
2018-09-04 09:32:12,026 - DataBase.py[line:56] - INFO: select * from record_201808 where emp_id=111111 and time like '2018-08-30%'
2018-09-04 09:32:12,027 - DataBase.py[line:56] - INFO: select * from record_201808 where emp_id=111111
2018-09-04 09:32:12,027 - DataBase.py[line:56] - INFO: select * from record_201808 where emp_id=111111 and time like '2018-08-30%'
2018-09-04 09:32:12,028 - DataBase.py[line:56] - INFO: select * from record_201808 where emp_id=111111
2018-09-04 09:32:12,028 - DataBase.py[line:56] - INFO: select * from record_201808 where emp_id=111111 and time like '2018-08-31%'
2018-09-04 09:32:12,029 - DataBase.py[line:56] - INFO: select * from record_201808 where emp_id=111111
2018-09-04 09:32:12,029 - DataBase.py[line:56] - INFO: select * from record_201808 where emp_id=111111 and time like '2018-08-31%'
2018-09-04 09:32:12,030 - DataBase.py[line:56] - INFO: select * from record_201808 where emp_id=111111
