2018-09-05 15:01:41,980 - DataBase.py[line:23] - INFO: database class is creating...
2018-09-05 15:01:42,031 - DataBase.py[line:51] - INFO: database is connecting...
2018-09-05 15:05:14,958 - DataBase.py[line:56] - INFO: select * from empinfo
2018-09-05 15:05:14,999 - DataBase.py[line:56] - INFO: select * from record_201808 where emp_id=0 and time like '2018-08-01%'
2018-09-05 15:05:15,005 - DataBase.py[line:56] - INFO: select * from record_201808 where emp_id=0 and time<'2018-08-01'
2018-09-05 15:05:15,011 - DataBase.py[line:56] - INFO: select * from record_201808 where emp_id=0
2018-09-05 15:05:15,019 - DataBase.py[line:56] - INFO: select * from record_201808 where emp_id=0 and time like '2018-08-02%'
2018-09-05 15:05:15,028 - DataBase.py[line:56] - INFO: select * from record_201808 where emp_id=0 and time<'2018-08-02'
2018-09-05 15:05:15,035 - DataBase.py[line:56] - INFO: select * from record_201808 where emp_id=0
2018-09-05 15:05:15,042 - DataBase.py[line:56] - INFO: select * from record_201808 where emp_id=0 and time like '2018-08-03%'
2018-09-05 15:05:15,049 - DataBase.py[line:56] - INFO: select * from record_201808 where emp_id=0 and time<'2018-08-03'
2018-09-05 15:05:15,057 - DataBase.py[line:56] - INFO: select * from record_201808 where emp_id=0
2018-09-05 15:05:15,063 - DataBase.py[line:56] - INFO: select * from record_201808 where emp_id=0 and time like '2018-08-04%'
2018-09-05 15:05:15,069 - DataBase.py[line:56] - INFO: select * from record_201808 where emp_id=0 and time<'2018-08-04'
2018-09-05 15:05:15,077 - DataBase.py[line:56] - INFO: select * from record_201808 where emp_id=0
2018-09-05 15:05:15,083 - DataBase.py[line:56] - INFO: select * from record_201808 where emp_id=0 and time like '2018-08-05%'
2018-09-05 15:05:15,089 - DataBase.py[line:56] - INFO: select * from record_201808 where emp_id=0 and time<'2018-08-05'
2018-09-05 15:05:15,096 - DataBase.py[line:56] - INFO: select * from record_201808 where emp_id=0
2018-09-05 15:05:15,106 - DataBase.py[line:56] - INFO: select * from record_201808 where emp_id=0 and time like '2018-08-06%'
2018-09-05 15:05:15,112 - DataBase.py[line:56] - INFO: select * from record_201808 where emp_id=0 and time<'2018-08-06'
2018-09-05 15:05:15,119 - DataBase.py[line:56] - INFO: select * from record_201808 where emp_id=0
2018-09-05 15:05:15,126 - DataBase.py[line:56] - INFO: select * from record_201808 where emp_id=0 and time like '2018-08-07%'
2018-09-05 15:05:15,132 - DataBase.py[line:56] - INFO: select * from record_201808 where emp_id=0 and time<'2018-08-07'
2018-09-05 15:05:15,139 - DataBase.py[line:56] - INFO: select * from record_201808 where emp_id=0
2018-09-05 15:05:15,145 - DataBase.py[line:56] - INFO: select * from record_201808 where emp_id=0 and time like '2018-08-08%'
2018-09-05 15:05:15,150 - DataBase.py[line:56] - INFO: select * from record_201808 where emp_id=0 and time<'2018-08-08'
2018-09-05 15:05:15,158 - DataBase.py[line:56] - INFO: select * from record_201808 where emp_id=0
2018-09-05 15:05:15,164 - DataBase.py[line:56] - INFO: select * from record_201808 where emp_id=0 and time like '2018-08-09%'
2018-09-05 15:05:15,170 - DataBase.py[line:56] - INFO: select * from record_201808 where emp_id=0 and time<'2018-08-09'
2018-09-05 15:05:15,181 - DataBase.py[line:56] - INFO: select * from record_201808 where emp_id=0
2018-09-05 15:05:15,187 - DataBase.py[line:56] - INFO: select * from record_201808 where emp_id=0 and time like '2018-08-10%'
2018-09-05 15:05:15,194 - DataBase.py[line:56] - INFO: select * from record_201808 where emp_id=0 and time<'2018-08-10'
2018-09-05 15:05:15,203 - DataBase.py[line:56] - INFO: select * from record_201808 where emp_id=0
2018-09-05 15:05:15,209 - DataBase.py[line:56] - INFO: select * from record_201808 where emp_id=0 and time like '2018-08-11%'
2018-09-05 15:05:15,217 - DataBase.py[line:56] - INFO: select * from record_201808 where emp_id=0 and time<'2018-08-11'
2018-09-05 15:05:15,224 - DataBase.py[line:56] - INFO: select * from record_201808 where emp_id=0
2018-09-05 15:05:15,230 - DataBase.py[line:56] - INFO: select * from record_201808 where emp_id=0 and time like '2018-08-12%'
2018-09-05 15:05:15,247 - DataBase.py[line:56] - INFO: select * from record_201808 where emp_id=0 and time<'2018-08-12'
2018-09-05 15:05:15,252 - DataBase.py[line:56] - INFO: select * from record_201808 where emp_id=0
2018-09-05 15:05:15,262 - DataBase.py[line:56] - INFO: select * from record_201808 where emp_id=0 and time like '2018-08-13%'
2018-09-05 15:05:15,274 - DataBase.py[line:56] - INFO: select * from record_201808 where emp_id=0 and time<'2018-08-13'
2018-09-05 15:05:15,284 - DataBase.py[line:56] - INFO: select * from record_201808 where emp_id=0
2018-09-05 15:05:15,290 - DataBase.py[line:56] - INFO: select * from record_201808 where emp_id=0 and time like '2018-08-14%'
2018-09-05 15:05:15,296 - DataBase.py[line:56] - INFO: select * from record_201808 where emp_id=0 and time<'2018-08-14'
2018-09-05 15:05:15,306 - DataBase.py[line:56] - INFO: select * from record_201808 where emp_id=0
2018-09-05 15:05:15,312 - DataBase.py[line:56] - INFO: select * from record_201808 where emp_id=0 and time like '2018-08-15%'
2018-09-05 15:05:15,318 - DataBase.py[line:56] - INFO: select * from record_201808 where emp_id=0 and time<'2018-08-15'
2018-09-05 15:05:15,326 - DataBase.py[line:56] - INFO: select * from record_201808 where emp_id=0
2018-09-05 15:05:15,332 - DataBase.py[line:56] - INFO: select * from record_201808 where emp_id=0 and time like '2018-08-16%'
2018-09-05 15:05:15,338 - DataBase.py[line:56] - INFO: select * from record_201808 where emp_id=0 and time<'2018-08-16'
2018-09-05 15:05:15,344 - DataBase.py[line:56] - INFO: select * from record_201808 where emp_id=0
2018-09-05 15:05:15,350 - DataBase.py[line:56] - INFO: select * from record_201808 where emp_id=0 and time like '2018-08-17%'
2018-09-05 15:05:15,356 - DataBase.py[line:56] - INFO: select * from record_201808 where emp_id=0 and time<'2018-08-17'
2018-09-05 15:05:15,363 - DataBase.py[line:56] - INFO: select * from record_201808 where emp_id=0
2018-09-05 15:05:15,369 - DataBase.py[line:56] - INFO: select * from record_201808 where emp_id=0 and time like '2018-08-18%'
2018-09-05 15:05:15,375 - DataBase.py[line:56] - INFO: select * from record_201808 where emp_id=0 and time<'2018-08-18'
2018-09-05 15:05:15,382 - DataBase.py[line:56] - INFO: select * from record_201808 where emp_id=0
2018-09-05 15:05:15,389 - DataBase.py[line:56] - INFO: select * from record_201808 where emp_id=0 and time like '2018-08-19%'
2018-09-05 15:05:15,445 - DataBase.py[line:56] - INFO: select * from record_201808 where emp_id=0 and time<'2018-08-19'
2018-09-05 15:05:15,453 - DataBase.py[line:56] - INFO: select * from record_201808 where emp_id=0
2018-09-05 15:05:15,464 - DataBase.py[line:56] - INFO: select * from record_201808 where emp_id=0 and time like '2018-08-20%'
2018-09-05 15:05:15,472 - DataBase.py[line:56] - INFO: select * from record_201808 where emp_id=0 and time<'2018-08-20'
2018-09-05 15:05:15,478 - DataBase.py[line:56] - INFO: select * from record_201808 where emp_id=0
2018-09-05 15:05:15,486 - DataBase.py[line:56] - INFO: select * from record_201808 where emp_id=0 and time like '2018-08-21%'
2018-09-05 15:05:15,491 - DataBase.py[line:56] - INFO: select * from record_201808 where emp_id=0 and time<'2018-08-21'
2018-09-05 15:05:15,497 - DataBase.py[line:56] - INFO: select * from record_201808 where emp_id=0
2018-09-05 15:05:15,502 - DataBase.py[line:56] - INFO: select * from record_201808 where emp_id=0 and time like '2018-08-22%'
2018-09-05 15:05:15,512 - DataBase.py[line:56] - INFO: select * from record_201808 where emp_id=0 and time<'2018-08-22'
2018-09-05 15:05:15,518 - DataBase.py[line:56] - INFO: select * from record_201808 where emp_id=0
2018-09-05 15:05:15,524 - DataBase.py[line:56] - INFO: select * from record_201808 where emp_id=0 and time like '2018-08-23%'
2018-09-05 15:05:15,532 - DataBase.py[line:56] - INFO: select * from record_201808 where emp_id=0 and time<'2018-08-23'
2018-09-05 15:05:15,542 - DataBase.py[line:56] - INFO: select * from record_201808 where emp_id=0
2018-09-05 15:05:15,634 - DataBase.py[line:56] - INFO: select * from record_201808 where emp_id=0 and time like '2018-08-24%'
2018-09-05 15:05:15,640 - DataBase.py[line:56] - INFO: select * from record_201808 where emp_id=0 and time<'2018-08-24'
2018-09-05 15:05:15,648 - DataBase.py[line:56] - INFO: select * from record_201808 where emp_id=0
2018-09-05 15:05:15,656 - DataBase.py[line:56] - INFO: select * from record_201808 where emp_id=0 and time like '2018-08-25%'
2018-09-05 15:05:15,670 - DataBase.py[line:56] - INFO: select * from record_201808 where emp_id=0 and time<'2018-08-25'
2018-09-05 15:05:15,678 - DataBase.py[line:56] - INFO: select * from record_201808 where emp_id=0
2018-09-05 15:05:15,684 - DataBase.py[line:56] - INFO: select * from record_201808 where emp_id=0 and time like '2018-08-26%'
2018-09-05 15:05:15,691 - DataBase.py[line:56] - INFO: select * from record_201808 where emp_id=0 and time<'2018-08-26'
2018-09-05 15:05:15,698 - DataBase.py[line:56] - INFO: select * from record_201808 where emp_id=0
2018-09-05 15:05:15,703 - DataBase.py[line:56] - INFO: select * from record_201808 where emp_id=0 and time like '2018-08-27%'
2018-09-05 15:05:15,710 - DataBase.py[line:56] - INFO: select * from record_201808 where emp_id=0 and time<'2018-08-27'
2018-09-05 15:05:15,719 - DataBase.py[line:56] - INFO: select * from record_201808 where emp_id=0
2018-09-05 15:05:15,725 - DataBase.py[line:56] - INFO: select * from record_201808 where emp_id=0 and time like '2018-08-28%'
2018-09-05 15:05:15,730 - DataBase.py[line:56] - INFO: select * from record_201808 where emp_id=0 and time<'2018-08-28'
2018-09-05 15:05:15,739 - DataBase.py[line:56] - INFO: select * from record_201808 where emp_id=0
2018-09-05 15:05:15,744 - DataBase.py[line:56] - INFO: select * from record_201808 where emp_id=0 and time like '2018-08-29%'
2018-09-05 15:05:15,751 - DataBase.py[line:56] - INFO: select * from record_201808 where emp_id=0 and time<'2018-08-29'
2018-09-05 15:05:15,757 - DataBase.py[line:56] - INFO: select * from record_201808 where emp_id=0
2018-09-05 15:05:15,763 - DataBase.py[line:56] - INFO: select * from record_201808 where emp_id=0 and time like '2018-08-30%'
2018-09-05 15:05:15,772 - DataBase.py[line:56] - INFO: select * from record_201808 where emp_id=0 and time<'2018-08-30'
2018-09-05 15:05:15,779 - DataBase.py[line:56] - INFO: select * from record_201808 where emp_id=0
2018-09-05 15:05:15,785 - DataBase.py[line:56] - INFO: select * from record_201808 where emp_id=0 and time like '2018-08-31%'
2018-09-05 15:05:15,797 - DataBase.py[line:56] - INFO: select * from record_201808 where emp_id=0 and time<'2018-08-31'
2018-09-05 15:05:15,804 - DataBase.py[line:56] - INFO: select * from record_201808 where emp_id=0
2018-09-05 15:05:15,810 - DataBase.py[line:56] - INFO: select * from record_201808 where emp_id=000001 and time like '2018-08-01%'
2018-09-05 15:05:15,818 - DataBase.py[line:56] - INFO: select * from record_201808 where emp_id=000001 and time<'2018-08-01'
2018-09-05 15:05:15,826 - DataBase.py[line:56] - INFO: select * from record_201808 where emp_id=000001
2018-09-05 15:05:15,836 - DataBase.py[line:56] - INFO: select * from record_201808 where emp_id=000001 and time like '2018-08-02%'
2018-09-05 15:05:15,845 - DataBase.py[line:56] - INFO: select * from record_201808 where emp_id=000001 and time<'2018-08-02'
2018-09-05 15:05:15,852 - DataBase.py[line:56] - INFO: select * from record_201808 where emp_id=000001
2018-09-05 15:05:15,864 - DataBase.py[line:56] - INFO: select * from record_201808 where emp_id=000001 and time like '2018-08-03%'
2018-09-05 15:05:15,870 - DataBase.py[line:56] - INFO: select * from record_201808 where emp_id=000001 and time<'2018-08-03'
2018-09-05 15:05:15,879 - DataBase.py[line:56] - INFO: select * from record_201808 where emp_id=000001
2018-09-05 15:05:15,885 - DataBase.py[line:56] - INFO: select * from record_201808 where emp_id=000001 and time like '2018-08-04%'
2018-09-05 15:05:15,892 - DataBase.py[line:56] - INFO: select * from record_201808 where emp_id=000001 and time<'2018-08-04'
2018-09-05 15:05:15,898 - DataBase.py[line:56] - INFO: select * from record_201808 where emp_id=000001
2018-09-05 15:05:15,912 - DataBase.py[line:56] - INFO: select * from record_201808 where emp_id=000001 and time like '2018-08-05%'
2018-09-05 15:05:15,927 - DataBase.py[line:56] - INFO: select * from record_201808 where emp_id=000001 and time<'2018-08-05'
2018-09-05 15:05:15,933 - DataBase.py[line:56] - INFO: select * from record_201808 where emp_id=000001
2018-09-05 15:05:15,941 - DataBase.py[line:56] - INFO: select * from record_201808 where emp_id=000001 and time like '2018-08-06%'
2018-09-05 15:05:15,947 - DataBase.py[line:56] - INFO: select * from record_201808 where emp_id=000001 and time<'2018-08-06'
2018-09-05 15:05:15,954 - DataBase.py[line:56] - INFO: select * from record_201808 where emp_id=000001
2018-09-05 15:05:15,960 - DataBase.py[line:56] - INFO: select * from record_201808 where emp_id=000001 and time like '2018-08-07%'
2018-09-05 15:05:15,966 - DataBase.py[line:56] - INFO: select * from record_201808 where emp_id=000001 and time<'2018-08-07'
2018-09-05 15:05:15,972 - DataBase.py[line:56] - INFO: select * from record_201808 where emp_id=000001
2018-09-05 15:05:15,981 - DataBase.py[line:56] - INFO: select * from record_201808 where emp_id=000001 and time like '2018-08-08%'
2018-09-05 15:05:15,997 - DataBase.py[line:56] - INFO: select * from record_201808 where emp_id=000001 and time<'2018-08-08'
2018-09-05 15:05:16,004 - DataBase.py[line:56] - INFO: select * from record_201808 where emp_id=000001
2018-09-05 15:05:16,010 - DataBase.py[line:56] - INFO: select * from record_201808 where emp_id=000001 and time like '2018-08-09%'
2018-09-05 15:05:16,018 - DataBase.py[line:56] - INFO: select * from record_201808 where emp_id=000001 and time<'2018-08-09'
2018-09-05 15:05:16,027 - DataBase.py[line:56] - INFO: select * from record_201808 where emp_id=000001
2018-09-05 15:05:16,037 - DataBase.py[line:56] - INFO: select * from record_201808 where emp_id=000001 and time like '2018-08-10%'
2018-09-05 15:05:16,043 - DataBase.py[line:56] - INFO: select * from record_201808 where emp_id=000001 and time<'2018-08-10'
2018-09-05 15:05:16,052 - DataBase.py[line:56] - INFO: select * from record_201808 where emp_id=000001
2018-09-05 15:05:16,061 - DataBase.py[line:56] - INFO: select * from record_201808 where emp_id=000001 and time like '2018-08-11%'
2018-09-05 15:05:16,068 - DataBase.py[line:56] - INFO: select * from record_201808 where emp_id=000001 and time<'2018-08-11'
2018-09-05 15:05:16,074 - DataBase.py[line:56] - INFO: select * from record_201808 where emp_id=000001
2018-09-05 15:05:16,084 - DataBase.py[line:56] - INFO: select * from record_201808 where emp_id=000001 and time like '2018-08-12%'
2018-09-05 15:05:16,092 - DataBase.py[line:56] - INFO: select * from record_201808 where emp_id=000001 and time<'2018-08-12'
2018-09-05 15:05:16,101 - DataBase.py[line:56] - INFO: select * from record_201808 where emp_id=000001
2018-09-05 15:05:16,109 - DataBase.py[line:56] - INFO: select * from record_201808 where emp_id=000001 and time like '2018-08-13%'
2018-09-05 15:05:16,115 - DataBase.py[line:56] - INFO: select * from record_201808 where emp_id=000001 and time<'2018-08-13'
2018-09-05 15:05:16,121 - DataBase.py[line:56] - INFO: select * from record_201808 where emp_id=000001
2018-09-05 15:05:16,132 - DataBase.py[line:56] - INFO: select * from record_201808 where emp_id=000001 and time like '2018-08-14%'
2018-09-05 15:05:16,140 - DataBase.py[line:56] - INFO: select * from record_201808 where emp_id=000001 and time<'2018-08-14'
2018-09-05 15:05:16,148 - DataBase.py[line:56] - INFO: select * from record_201808 where emp_id=000001
2018-09-05 15:05:16,155 - DataBase.py[line:56] - INFO: select * from record_201808 where emp_id=000001 and time like '2018-08-15%'
2018-09-05 15:05:16,161 - DataBase.py[line:56] - INFO: select * from record_201808 where emp_id=000001 and time<'2018-08-15'
2018-09-05 15:05:16,168 - DataBase.py[line:56] - INFO: select * from record_201808 where emp_id=000001
2018-09-05 15:05:16,174 - DataBase.py[line:56] - INFO: select * from record_201808 where emp_id=000001 and time like '2018-08-16%'
2018-09-05 15:05:16,184 - DataBase.py[line:56] - INFO: select * from record_201808 where emp_id=000001 and time<'2018-08-16'
2018-09-05 15:05:16,190 - DataBase.py[line:56] - INFO: select * from record_201808 where emp_id=000001
2018-09-05 15:05:16,196 - DataBase.py[line:56] - INFO: select * from record_201808 where emp_id=000001 and time like '2018-08-17%'
2018-09-05 15:05:16,203 - DataBase.py[line:56] - INFO: select * from record_201808 where emp_id=000001 and time<'2018-08-17'
2018-09-05 15:05:16,209 - DataBase.py[line:56] - INFO: select * from record_201808 where emp_id=000001
2018-09-05 15:05:16,215 - DataBase.py[line:56] - INFO: select * from record_201808 where emp_id=000001 and time like '2018-08-18%'
2018-09-05 15:05:16,222 - DataBase.py[line:56] - INFO: select * from record_201808 where emp_id=000001 and time<'2018-08-18'
2018-09-05 15:05:16,229 - DataBase.py[line:56] - INFO: select * from record_201808 where emp_id=000001
2018-09-05 15:05:16,234 - DataBase.py[line:56] - INFO: select * from record_201808 where emp_id=000001 and time like '2018-08-19%'
2018-09-05 15:05:16,242 - DataBase.py[line:56] - INFO: select * from record_201808 where emp_id=000001 and time<'2018-08-19'
2018-09-05 15:05:16,250 - DataBase.py[line:56] - INFO: select * from record_201808 where emp_id=000001
2018-09-05 15:05:16,256 - DataBase.py[line:56] - INFO: select * from record_201808 where emp_id=000001 and time like '2018-08-20%'
2018-09-05 15:05:16,262 - DataBase.py[line:56] - INFO: select * from record_201808 where emp_id=000001 and time<'2018-08-20'
2018-09-05 15:05:16,268 - DataBase.py[line:56] - INFO: select * from record_201808 where emp_id=000001
2018-09-05 15:05:16,275 - DataBase.py[line:56] - INFO: select * from record_201808 where emp_id=000001 and time like '2018-08-21%'
2018-09-05 15:05:16,283 - DataBase.py[line:56] - INFO: select * from record_201808 where emp_id=000001 and time<'2018-08-21'
2018-09-05 15:05:16,289 - DataBase.py[line:56] - INFO: select * from record_201808 where emp_id=000001
2018-09-05 15:05:16,294 - DataBase.py[line:56] - INFO: select * from record_201808 where emp_id=000001 and time like '2018-08-22%'
2018-09-05 15:05:16,304 - DataBase.py[line:56] - INFO: select * from record_201808 where emp_id=000001 and time<'2018-08-22'
2018-09-05 15:05:16,317 - DataBase.py[line:56] - INFO: select * from record_201808 where emp_id=000001
2018-09-05 15:05:16,325 - DataBase.py[line:56] - INFO: select * from record_201808 where emp_id=000001 and time like '2018-08-23%'
2018-09-05 15:05:16,335 - DataBase.py[line:56] - INFO: select * from record_201808 where emp_id=000001 and time<'2018-08-23'
2018-09-05 15:05:16,341 - DataBase.py[line:56] - INFO: select * from record_201808 where emp_id=000001
2018-09-05 15:05:16,349 - DataBase.py[line:56] - INFO: select * from record_201808 where emp_id=000001 and time like '2018-08-24%'
2018-09-05 15:05:16,355 - DataBase.py[line:56] - INFO: select * from record_201808 where emp_id=000001 and time<'2018-08-24'
2018-09-05 15:05:16,361 - DataBase.py[line:56] - INFO: select * from record_201808 where emp_id=000001
2018-09-05 15:05:16,367 - DataBase.py[line:56] - INFO: select * from record_201808 where emp_id=000001 and time like '2018-08-25%'
2018-09-05 15:05:16,375 - DataBase.py[line:56] - INFO: select * from record_201808 where emp_id=000001 and time<'2018-08-25'
2018-09-05 15:05:16,381 - DataBase.py[line:56] - INFO: select * from record_201808 where emp_id=000001
2018-09-05 15:05:16,389 - DataBase.py[line:56] - INFO: select * from record_201808 where emp_id=000001 and time like '2018-08-26%'
2018-09-05 15:05:16,397 - DataBase.py[line:56] - INFO: select * from record_201808 where emp_id=000001 and time<'2018-08-26'
2018-09-05 15:05:16,406 - DataBase.py[line:56] - INFO: select * from record_201808 where emp_id=000001
2018-09-05 15:05:16,414 - DataBase.py[line:56] - INFO: select * from record_201808 where emp_id=000001 and time like '2018-08-27%'
2018-09-05 15:05:16,432 - DataBase.py[line:56] - INFO: select * from record_201808 where emp_id=000001 and time<'2018-08-27'
2018-09-05 15:05:16,468 - DataBase.py[line:56] - INFO: select * from record_201808 where emp_id=000001
2018-09-05 15:05:16,474 - DataBase.py[line:56] - INFO: select * from record_201808 where emp_id=000001 and time like '2018-08-28%'
2018-09-05 15:05:16,480 - DataBase.py[line:56] - INFO: select * from record_201808 where emp_id=000001 and time like '2018-08-29%'
2018-09-05 15:05:16,488 - DataBase.py[line:56] - INFO: select * from record_201808 where emp_id=000001 and time<'2018-08-29'
2018-09-05 15:05:16,496 - DataBase.py[line:56] - INFO: select * from record_201808 where emp_id=000001
2018-09-05 15:05:16,501 - DataBase.py[line:56] - INFO: select * from record_201808 where emp_id=000001 and time like '2018-08-30%'
2018-09-05 15:05:16,509 - DataBase.py[line:56] - INFO: select * from record_201808 where emp_id=000001 and time like '2018-08-31%'
2018-09-05 15:05:16,515 - DataBase.py[line:56] - INFO: select * from record_201808 where emp_id=000001 and time<'2018-08-31'
2018-09-05 15:05:16,523 - DataBase.py[line:56] - INFO: select * from record_201808 where emp_id=000001
2018-09-05 15:05:16,532 - DataBase.py[line:56] - INFO: select * from record_201808 where emp_id=000002 and time like '2018-08-01%'
2018-09-05 15:05:16,543 - DataBase.py[line:56] - INFO: select * from record_201808 where emp_id=000002 and time<'2018-08-01'
2018-09-05 15:05:16,549 - DataBase.py[line:56] - INFO: select * from record_201808 where emp_id=000002
2018-09-05 15:05:16,558 - DataBase.py[line:56] - INFO: select * from record_201808 where emp_id=000002 and time like '2018-08-02%'
2018-09-05 15:05:16,564 - DataBase.py[line:56] - INFO: select * from record_201808 where emp_id=000002 and time<'2018-08-02'
2018-09-05 15:05:16,570 - DataBase.py[line:56] - INFO: select * from record_201808 where emp_id=000002
2018-09-05 15:05:16,576 - DataBase.py[line:56] - INFO: select * from record_201808 where emp_id=000002 and time like '2018-08-03%'
2018-09-05 15:05:16,585 - DataBase.py[line:56] - INFO: select * from record_201808 where emp_id=000002 and time<'2018-08-03'
2018-09-05 15:05:16,590 - DataBase.py[line:56] - INFO: select * from record_201808 where emp_id=000002
2018-09-05 15:05:16,599 - DataBase.py[line:56] - INFO: select * from record_201808 where emp_id=000002 and time like '2018-08-04%'
2018-09-05 15:05:16,606 - DataBase.py[line:56] - INFO: select * from record_201808 where emp_id=000002 and time<'2018-08-04'
2018-09-05 15:05:16,613 - DataBase.py[line:56] - INFO: select * from record_201808 where emp_id=000002
2018-09-05 15:05:16,619 - DataBase.py[line:56] - INFO: select * from record_201808 where emp_id=000002 and time like '2018-08-05%'
2018-09-05 15:05:16,625 - DataBase.py[line:56] - INFO: select * from record_201808 where emp_id=000002 and time<'2018-08-05'
2018-09-05 15:05:16,632 - DataBase.py[line:56] - INFO: select * from record_201808 where emp_id=000002
2018-09-05 15:05:16,647 - DataBase.py[line:56] - INFO: select * from record_201808 where emp_id=000002 and time like '2018-08-06%'
2018-09-05 15:05:16,655 - DataBase.py[line:56] - INFO: select * from record_201808 where emp_id=000002 and time<'2018-08-06'
2018-09-05 15:05:16,661 - DataBase.py[line:56] - INFO: select * from record_201808 where emp_id=000002
2018-09-05 15:05:16,667 - DataBase.py[line:56] - INFO: select * from record_201808 where emp_id=000002 and time like '2018-08-07%'
2018-09-05 15:05:16,722 - DataBase.py[line:56] - INFO: select * from record_201808 where emp_id=000002 and time<'2018-08-07'
2018-09-05 15:05:16,728 - DataBase.py[line:56] - INFO: select * from record_201808 where emp_id=000002
2018-09-05 15:05:16,739 - DataBase.py[line:56] - INFO: select * from record_201808 where emp_id=000002 and time like '2018-08-08%'
2018-09-05 15:05:16,746 - DataBase.py[line:56] - INFO: select * from record_201808 where emp_id=000002 and time<'2018-08-08'
2018-09-05 15:05:16,752 - DataBase.py[line:56] - INFO: select * from record_201808 where emp_id=000002
2018-09-05 15:05:16,761 - DataBase.py[line:56] - INFO: select * from record_201808 where emp_id=000002 and time like '2018-08-09%'
2018-09-05 15:05:16,767 - DataBase.py[line:56] - INFO: select * from record_201808 where emp_id=000002 and time<'2018-08-09'
2018-09-05 15:05:16,773 - DataBase.py[line:56] - INFO: select * from record_201808 where emp_id=000002
2018-09-05 15:05:16,782 - DataBase.py[line:56] - INFO: select * from record_201808 where emp_id=000002 and time like '2018-08-10%'
2018-09-05 15:05:16,787 - DataBase.py[line:56] - INFO: select * from record_201808 where emp_id=000002 and time<'2018-08-10'
2018-09-05 15:05:16,795 - DataBase.py[line:56] - INFO: select * from record_201808 where emp_id=000002
2018-09-05 15:05:16,801 - DataBase.py[line:56] - INFO: select * from record_201808 where emp_id=000002 and time like '2018-08-11%'
2018-09-05 15:05:16,807 - DataBase.py[line:56] - INFO: select * from record_201808 where emp_id=000002 and time<'2018-08-11'
2018-09-05 15:05:16,821 - DataBase.py[line:56] - INFO: select * from record_201808 where emp_id=000002
2018-09-05 15:05:16,826 - DataBase.py[line:56] - INFO: select * from record_201808 where emp_id=000002 and time like '2018-08-12%'
2018-09-05 15:05:16,831 - DataBase.py[line:56] - INFO: select * from record_201808 where emp_id=000002 and time<'2018-08-12'
2018-09-05 15:05:16,837 - DataBase.py[line:56] - INFO: select * from record_201808 where emp_id=000002
2018-09-05 15:05:16,850 - DataBase.py[line:56] - INFO: select * from record_201808 where emp_id=000002 and time like '2018-08-13%'
2018-09-05 15:05:16,855 - DataBase.py[line:56] - INFO: select * from record_201808 where emp_id=000002 and time<'2018-08-13'
2018-09-05 15:05:16,861 - DataBase.py[line:56] - INFO: select * from record_201808 where emp_id=000002
2018-09-05 15:05:16,866 - DataBase.py[line:56] - INFO: select * from record_201808 where emp_id=000002 and time like '2018-08-14%'
2018-09-05 15:05:16,873 - DataBase.py[line:56] - INFO: select * from record_201808 where emp_id=000002 and time<'2018-08-14'
2018-09-05 15:05:16,879 - DataBase.py[line:56] - INFO: select * from record_201808 where emp_id=000002
2018-09-05 15:05:16,884 - DataBase.py[line:56] - INFO: select * from record_201808 where emp_id=000002 and time like '2018-08-15%'
2018-09-05 15:05:16,890 - DataBase.py[line:56] - INFO: select * from record_201808 where emp_id=000002 and time<'2018-08-15'
2018-09-05 15:05:16,900 - DataBase.py[line:56] - INFO: select * from record_201808 where emp_id=000002
2018-09-05 15:05:16,909 - DataBase.py[line:56] - INFO: select * from record_201808 where emp_id=000002 and time like '2018-08-16%'
2018-09-05 15:05:16,917 - DataBase.py[line:56] - INFO: select * from record_201808 where emp_id=000002 and time<'2018-08-16'
2018-09-05 15:05:16,926 - DataBase.py[line:56] - INFO: select * from record_201808 where emp_id=000002
2018-09-05 15:05:16,931 - DataBase.py[line:56] - INFO: select * from record_201808 where emp_id=000002 and time like '2018-08-17%'
2018-09-05 15:05:16,952 - DataBase.py[line:56] - INFO: select * from record_201808 where emp_id=000002 and time<'2018-08-17'
2018-09-05 15:05:16,964 - DataBase.py[line:56] - INFO: select * from record_201808 where emp_id=000002
2018-09-05 15:05:16,970 - DataBase.py[line:56] - INFO: select * from record_201808 where emp_id=000002 and time like '2018-08-18%'
2018-09-05 15:05:16,975 - DataBase.py[line:56] - INFO: select * from record_201808 where emp_id=000002 and time<'2018-08-18'
2018-09-05 15:05:16,980 - DataBase.py[line:56] - INFO: select * from record_201808 where emp_id=000002
2018-09-05 15:05:16,985 - DataBase.py[line:56] - INFO: select * from record_201808 where emp_id=000002 and time like '2018-08-19%'
2018-09-05 15:05:16,990 - DataBase.py[line:56] - INFO: select * from record_201808 where emp_id=000002 and time<'2018-08-19'
2018-09-05 15:05:17,001 - DataBase.py[line:56] - INFO: select * from record_201808 where emp_id=000002
2018-09-05 15:05:17,008 - DataBase.py[line:56] - INFO: select * from record_201808 where emp_id=000002 and time like '2018-08-20%'
2018-09-05 15:05:17,012 - DataBase.py[line:56] - INFO: select * from record_201808 where emp_id=000002 and time<'2018-08-20'
2018-09-05 15:05:17,019 - DataBase.py[line:56] - INFO: select * from record_201808 where emp_id=000002
2018-09-05 15:05:17,029 - DataBase.py[line:56] - INFO: select * from record_201808 where emp_id=000002 and time like '2018-08-21%'
2018-09-05 15:05:17,034 - DataBase.py[line:56] - INFO: select * from record_201808 where emp_id=000002 and time<'2018-08-21'
2018-09-05 15:05:17,040 - DataBase.py[line:56] - INFO: select * from record_201808 where emp_id=000002
2018-09-05 15:05:17,048 - DataBase.py[line:56] - INFO: select * from record_201808 where emp_id=000002 and time like '2018-08-22%'
2018-09-05 15:05:17,053 - DataBase.py[line:56] - INFO: select * from record_201808 where emp_id=000002 and time<'2018-08-22'
2018-09-05 15:05:17,059 - DataBase.py[line:56] - INFO: select * from record_201808 where emp_id=000002
2018-09-05 15:05:17,067 - DataBase.py[line:56] - INFO: select * from record_201808 where emp_id=000002 and time like '2018-08-23%'
2018-09-05 15:05:17,072 - DataBase.py[line:56] - INFO: select * from record_201808 where emp_id=000002 and time<'2018-08-23'
2018-09-05 15:05:17,077 - DataBase.py[line:56] - INFO: select * from record_201808 where emp_id=000002
2018-09-05 15:05:17,082 - DataBase.py[line:56] - INFO: select * from record_201808 where emp_id=000002 and time like '2018-08-24%'
2018-09-05 15:05:17,087 - DataBase.py[line:56] - INFO: select * from record_201808 where emp_id=000002 and time<'2018-08-24'
2018-09-05 15:05:17,092 - DataBase.py[line:56] - INFO: select * from record_201808 where emp_id=000002
2018-09-05 15:05:17,099 - DataBase.py[line:56] - INFO: select * from record_201808 where emp_id=000002 and time like '2018-08-25%'
2018-09-05 15:05:17,106 - DataBase.py[line:56] - INFO: select * from record_201808 where emp_id=000002 and time<'2018-08-25'
2018-09-05 15:05:17,112 - DataBase.py[line:56] - INFO: select * from record_201808 where emp_id=000002
2018-09-05 15:05:17,118 - DataBase.py[line:56] - INFO: select * from record_201808 where emp_id=000002 and time like '2018-08-26%'
2018-09-05 15:05:17,132 - DataBase.py[line:56] - INFO: select * from record_201808 where emp_id=000002 and time<'2018-08-26'
2018-09-05 15:05:17,138 - DataBase.py[line:56] - INFO: select * from record_201808 where emp_id=000002
2018-09-05 15:05:17,144 - DataBase.py[line:56] - INFO: select * from record_201808 where emp_id=000002 and time like '2018-08-27%'
2018-09-05 15:05:17,155 - DataBase.py[line:56] - INFO: select * from record_201808 where emp_id=000002 and time<'2018-08-27'
2018-09-05 15:05:17,163 - DataBase.py[line:56] - INFO: select * from record_201808 where emp_id=000002
2018-09-05 15:05:17,171 - DataBase.py[line:56] - INFO: select * from record_201808 where emp_id=000002 and time like '2018-08-28%'
2018-09-05 15:05:17,176 - DataBase.py[line:56] - INFO: select * from record_201808 where emp_id=000002 and time<'2018-08-28'
2018-09-05 15:05:17,188 - DataBase.py[line:56] - INFO: select * from record_201808 where emp_id=000002
2018-09-05 15:05:17,193 - DataBase.py[line:56] - INFO: select * from record_201808 where emp_id=000002 and time like '2018-08-29%'
2018-09-05 15:05:17,199 - DataBase.py[line:56] - INFO: select * from record_201808 where emp_id=000002 and time<'2018-08-29'
2018-09-05 15:05:17,208 - DataBase.py[line:56] - INFO: select * from record_201808 where emp_id=000002
2018-09-05 15:05:17,215 - DataBase.py[line:56] - INFO: select * from record_201808 where emp_id=000002 and time like '2018-08-30%'
2018-09-05 15:05:17,225 - DataBase.py[line:56] - INFO: select * from record_201808 where emp_id=000002 and time<'2018-08-30'
2018-09-05 15:05:17,231 - DataBase.py[line:56] - INFO: select * from record_201808 where emp_id=000002
2018-09-05 15:05:17,237 - DataBase.py[line:56] - INFO: select * from record_201808 where emp_id=000002 and time like '2018-08-31%'
2018-09-05 15:05:17,243 - DataBase.py[line:56] - INFO: select * from record_201808 where emp_id=000002 and time<'2018-08-31'
2018-09-05 15:05:17,252 - DataBase.py[line:56] - INFO: select * from record_201808 where emp_id=000002
2018-09-05 15:05:17,257 - DataBase.py[line:56] - INFO: select * from record_201808 where emp_id=000003 and time like '2018-08-01%'
2018-09-05 15:05:17,263 - DataBase.py[line:56] - INFO: select * from record_201808 where emp_id=000003 and time<'2018-08-01'
2018-09-05 15:05:17,269 - DataBase.py[line:56] - INFO: select * from record_201808 where emp_id=000003
2018-09-05 15:05:17,275 - DataBase.py[line:56] - INFO: select * from record_201808 where emp_id=000003 and time like '2018-08-02%'
2018-09-05 15:05:17,283 - DataBase.py[line:56] - INFO: select * from record_201808 where emp_id=000003 and time<'2018-08-02'
2018-09-05 15:05:17,289 - DataBase.py[line:56] - INFO: select * from record_201808 where emp_id=000003
2018-09-05 15:05:17,295 - DataBase.py[line:56] - INFO: select * from record_201808 where emp_id=000003 and time like '2018-08-03%'
2018-09-05 15:05:17,301 - DataBase.py[line:56] - INFO: select * from record_201808 where emp_id=000003 and time<'2018-08-03'
2018-09-05 15:05:17,307 - DataBase.py[line:56] - INFO: select * from record_201808 where emp_id=000003
2018-09-05 15:05:17,315 - DataBase.py[line:56] - INFO: select * from record_201808 where emp_id=000003 and time like '2018-08-04%'
2018-09-05 15:05:17,321 - DataBase.py[line:56] - INFO: select * from record_201808 where emp_id=000003 and time<'2018-08-04'
2018-09-05 15:05:17,329 - DataBase.py[line:56] - INFO: select * from record_201808 where emp_id=000003
2018-09-05 15:05:17,335 - DataBase.py[line:56] - INFO: select * from record_201808 where emp_id=000003 and time like '2018-08-05%'
2018-09-05 15:05:17,341 - DataBase.py[line:56] - INFO: select * from record_201808 where emp_id=000003 and time<'2018-08-05'
2018-09-05 15:05:17,348 - DataBase.py[line:56] - INFO: select * from record_201808 where emp_id=000003
2018-09-05 15:05:17,359 - DataBase.py[line:56] - INFO: select * from record_201808 where emp_id=000003 and time like '2018-08-06%'
2018-09-05 15:05:17,366 - DataBase.py[line:56] - INFO: select * from record_201808 where emp_id=000003 and time<'2018-08-06'
2018-09-05 15:05:17,372 - DataBase.py[line:56] - INFO: select * from record_201808 where emp_id=000003
2018-09-05 15:05:17,378 - DataBase.py[line:56] - INFO: select * from record_201808 where emp_id=000003 and time like '2018-08-07%'
2018-09-05 15:05:17,384 - DataBase.py[line:56] - INFO: select * from record_201808 where emp_id=000003 and time<'2018-08-07'
2018-09-05 15:05:17,390 - DataBase.py[line:56] - INFO: select * from record_201808 where emp_id=000003
2018-09-05 15:05:17,395 - DataBase.py[line:56] - INFO: select * from record_201808 where emp_id=000003 and time like '2018-08-08%'
2018-09-05 15:05:17,402 - DataBase.py[line:56] - INFO: select * from record_201808 where emp_id=000003 and time<'2018-08-08'
2018-09-05 15:05:17,410 - DataBase.py[line:56] - INFO: select * from record_201808 where emp_id=000003
2018-09-05 15:05:17,417 - DataBase.py[line:56] - INFO: select * from record_201808 where emp_id=000003 and time like '2018-08-09%'
2018-09-05 15:05:17,425 - DataBase.py[line:56] - INFO: select * from record_201808 where emp_id=000003 and time<'2018-08-09'
2018-09-05 15:05:17,433 - DataBase.py[line:56] - INFO: select * from record_201808 where emp_id=000003
2018-09-05 15:05:17,443 - DataBase.py[line:56] - INFO: select * from record_201808 where emp_id=000003 and time like '2018-08-10%'
2018-09-05 15:05:17,449 - DataBase.py[line:56] - INFO: select * from record_201808 where emp_id=000003 and time<'2018-08-10'
2018-09-05 15:05:17,458 - DataBase.py[line:56] - INFO: select * from record_201808 where emp_id=000003
2018-09-05 15:05:17,466 - DataBase.py[line:56] - INFO: select * from record_201808 where emp_id=000003 and time like '2018-08-11%'
2018-09-05 15:05:17,474 - DataBase.py[line:56] - INFO: select * from record_201808 where emp_id=000003 and time<'2018-08-11'
2018-09-05 15:05:17,481 - DataBase.py[line:56] - INFO: select * from record_201808 where emp_id=000003
2018-09-05 15:05:17,486 - DataBase.py[line:56] - INFO: select * from record_201808 where emp_id=000003 and time like '2018-08-12%'
2018-09-05 15:05:17,493 - DataBase.py[line:56] - INFO: select * from record_201808 where emp_id=000003 and time<'2018-08-12'
2018-09-05 15:05:17,500 - DataBase.py[line:56] - INFO: select * from record_201808 where emp_id=000003
2018-09-05 15:05:17,506 - DataBase.py[line:56] - INFO: select * from record_201808 where emp_id=000003 and time like '2018-08-13%'
2018-09-05 15:05:17,512 - DataBase.py[line:56] - INFO: select * from record_201808 where emp_id=000003 and time<'2018-08-13'
2018-09-05 15:05:17,520 - DataBase.py[line:56] - INFO: select * from record_201808 where emp_id=000003
2018-09-05 15:05:17,526 - DataBase.py[line:56] - INFO: select * from record_201808 where emp_id=000003 and time like '2018-08-14%'
2018-09-05 15:05:17,537 - DataBase.py[line:56] - INFO: select * from record_201808 where emp_id=000003 and time<'2018-08-14'
2018-09-05 15:05:17,544 - DataBase.py[line:56] - INFO: select * from record_201808 where emp_id=000003
2018-09-05 15:05:17,552 - DataBase.py[line:56] - INFO: select * from record_201808 where emp_id=000003 and time like '2018-08-15%'
2018-09-05 15:05:17,563 - DataBase.py[line:56] - INFO: select * from record_201808 where emp_id=000003 and time<'2018-08-15'
2018-09-05 15:05:17,570 - DataBase.py[line:56] - INFO: select * from record_201808 where emp_id=000003
2018-09-05 15:05:17,580 - DataBase.py[line:56] - INFO: select * from record_201808 where emp_id=000003 and time like '2018-08-16%'
2018-09-05 15:05:17,585 - DataBase.py[line:56] - INFO: select * from record_201808 where emp_id=000003 and time<'2018-08-16'
2018-09-05 15:05:17,591 - DataBase.py[line:56] - INFO: select * from record_201808 where emp_id=000003
2018-09-05 15:05:17,597 - DataBase.py[line:56] - INFO: select * from record_201808 where emp_id=000003 and time like '2018-08-17%'
2018-09-05 15:05:17,603 - DataBase.py[line:56] - INFO: select * from record_201808 where emp_id=000003 and time<'2018-08-17'
2018-09-05 15:05:17,614 - DataBase.py[line:56] - INFO: select * from record_201808 where emp_id=000003
2018-09-05 15:05:17,623 - DataBase.py[line:56] - INFO: select * from record_201808 where emp_id=000003 and time like '2018-08-18%'
2018-09-05 15:05:17,629 - DataBase.py[line:56] - INFO: select * from record_201808 where emp_id=000003 and time<'2018-08-18'
2018-09-05 15:05:17,636 - DataBase.py[line:56] - INFO: select * from record_201808 where emp_id=000003
2018-09-05 15:05:17,642 - DataBase.py[line:56] - INFO: select * from record_201808 where emp_id=000003 and time like '2018-08-19%'
2018-09-05 15:05:17,648 - DataBase.py[line:56] - INFO: select * from record_201808 where emp_id=000003 and time<'2018-08-19'
2018-09-05 15:05:17,654 - DataBase.py[line:56] - INFO: select * from record_201808 where emp_id=000003
2018-09-05 15:05:17,665 - DataBase.py[line:56] - INFO: select * from record_201808 where emp_id=000003 and time like '2018-08-20%'
2018-09-05 15:05:17,671 - DataBase.py[line:56] - INFO: select * from record_201808 where emp_id=000003 and time<'2018-08-20'
2018-09-05 15:05:17,679 - DataBase.py[line:56] - INFO: select * from record_201808 where emp_id=000003
2018-09-05 15:05:17,686 - DataBase.py[line:56] - INFO: select * from record_201808 where emp_id=000003 and time like '2018-08-21%'
2018-09-05 15:05:17,694 - DataBase.py[line:56] - INFO: select * from record_201808 where emp_id=000003 and time<'2018-08-21'
2018-09-05 15:05:17,700 - DataBase.py[line:56] - INFO: select * from record_201808 where emp_id=000003
2018-09-05 15:05:17,706 - DataBase.py[line:56] - INFO: select * from record_201808 where emp_id=000003 and time like '2018-08-22%'
2018-09-05 15:05:17,712 - DataBase.py[line:56] - INFO: select * from record_201808 where emp_id=000003 and time<'2018-08-22'
2018-09-05 15:05:17,720 - DataBase.py[line:56] - INFO: select * from record_201808 where emp_id=000003
2018-09-05 15:05:17,726 - DataBase.py[line:56] - INFO: select * from record_201808 where emp_id=000003 and time like '2018-08-23%'
2018-09-05 15:05:17,736 - DataBase.py[line:56] - INFO: select * from record_201808 where emp_id=000003 and time<'2018-08-23'
2018-09-05 15:05:17,744 - DataBase.py[line:56] - INFO: select * from record_201808 where emp_id=000003
2018-09-05 15:05:17,751 - DataBase.py[line:56] - INFO: select * from record_201808 where emp_id=000003 and time like '2018-08-24%'
2018-09-05 15:05:17,757 - DataBase.py[line:56] - INFO: select * from record_201808 where emp_id=000003 and time<'2018-08-24'
2018-09-05 15:05:17,766 - DataBase.py[line:56] - INFO: select * from record_201808 where emp_id=000003
2018-09-05 15:05:17,772 - DataBase.py[line:56] - INFO: select * from record_201808 where emp_id=000003 and time like '2018-08-25%'
2018-09-05 15:05:17,778 - DataBase.py[line:56] - INFO: select * from record_201808 where emp_id=000003 and time<'2018-08-25'
2018-09-05 15:05:17,786 - DataBase.py[line:56] - INFO: select * from record_201808 where emp_id=000003
2018-09-05 15:05:17,792 - DataBase.py[line:56] - INFO: select * from record_201808 where emp_id=000003 and time like '2018-08-26%'
2018-09-05 15:05:17,797 - DataBase.py[line:56] - INFO: select * from record_201808 where emp_id=000003 and time<'2018-08-26'
2018-09-05 15:05:17,803 - DataBase.py[line:56] - INFO: select * from record_201808 where emp_id=000003
2018-09-05 15:05:17,809 - DataBase.py[line:56] - INFO: select * from record_201808 where emp_id=000003 and time like '2018-08-27%'
2018-09-05 15:05:17,816 - DataBase.py[line:56] - INFO: select * from record_201808 where emp_id=000003 and time<'2018-08-27'
2018-09-05 15:05:17,824 - DataBase.py[line:56] - INFO: select * from record_201808 where emp_id=000003
2018-09-05 15:05:17,830 - DataBase.py[line:56] - INFO: select * from record_201808 where emp_id=000003 and time like '2018-08-28%'
2018-09-05 15:05:17,838 - DataBase.py[line:56] - INFO: select * from record_201808 where emp_id=000003 and time<'2018-08-28'
2018-09-05 15:05:17,847 - DataBase.py[line:56] - INFO: select * from record_201808 where emp_id=000003
2018-09-05 15:05:17,853 - DataBase.py[line:56] - INFO: select * from record_201808 where emp_id=000003 and time like '2018-08-29%'
2018-09-05 15:05:17,861 - DataBase.py[line:56] - INFO: select * from record_201808 where emp_id=000003 and time<'2018-08-29'
2018-09-05 15:05:17,871 - DataBase.py[line:56] - INFO: select * from record_201808 where emp_id=000003
2018-09-05 15:05:17,877 - DataBase.py[line:56] - INFO: select * from record_201808 where emp_id=000003 and time like '2018-08-30%'
2018-09-05 15:05:17,884 - DataBase.py[line:56] - INFO: select * from record_201808 where emp_id=000003 and time<'2018-08-30'
2018-09-05 15:05:17,892 - DataBase.py[line:56] - INFO: select * from record_201808 where emp_id=000003
2018-09-05 15:05:17,899 - DataBase.py[line:56] - INFO: select * from record_201808 where emp_id=000003 and time like '2018-08-31%'
2018-09-05 15:05:17,906 - DataBase.py[line:56] - INFO: select * from record_201808 where emp_id=000003 and time<'2018-08-31'
2018-09-05 15:05:17,912 - DataBase.py[line:56] - INFO: select * from record_201808 where emp_id=000003
2018-09-05 15:05:17,917 - DataBase.py[line:56] - INFO: select * from record_201808 where emp_id=000004 and time like '2018-08-01%'
2018-09-05 15:05:17,925 - DataBase.py[line:56] - INFO: select * from record_201808 where emp_id=000004 and time<'2018-08-01'
2018-09-05 15:05:17,932 - DataBase.py[line:56] - INFO: select * from record_201808 where emp_id=000004
2018-09-05 15:05:17,941 - DataBase.py[line:56] - INFO: select * from record_201808 where emp_id=000004 and time like '2018-08-02%'
2018-09-05 15:05:17,949 - DataBase.py[line:56] - INFO: select * from record_201808 where emp_id=000004 and time<'2018-08-02'
2018-09-05 15:05:18,230 - DataBase.py[line:56] - INFO: select * from record_201808 where emp_id=000004
2018-09-05 15:05:18,237 - DataBase.py[line:56] - INFO: select * from record_201808 where emp_id=000004 and time like '2018-08-03%'
2018-09-05 15:05:18,245 - DataBase.py[line:56] - INFO: select * from record_201808 where emp_id=000004 and time<'2018-08-03'
2018-09-05 15:05:18,253 - DataBase.py[line:56] - INFO: select * from record_201808 where emp_id=000004
2018-09-05 15:05:18,259 - DataBase.py[line:56] - INFO: select * from record_201808 where emp_id=000004 and time like '2018-08-04%'
2018-09-05 15:05:18,265 - DataBase.py[line:56] - INFO: select * from record_201808 where emp_id=000004 and time<'2018-08-04'
2018-09-05 15:05:18,271 - DataBase.py[line:56] - INFO: select * from record_201808 where emp_id=000004
2018-09-05 15:05:18,281 - DataBase.py[line:56] - INFO: select * from record_201808 where emp_id=000004 and time like '2018-08-05%'
2018-09-05 15:05:18,287 - DataBase.py[line:56] - INFO: select * from record_201808 where emp_id=000004 and time<'2018-08-05'
2018-09-05 15:05:18,293 - DataBase.py[line:56] - INFO: select * from record_201808 where emp_id=000004
2018-09-05 15:05:18,299 - DataBase.py[line:56] - INFO: select * from record_201808 where emp_id=000004 and time like '2018-08-06%'
2018-09-05 15:05:18,305 - DataBase.py[line:56] - INFO: select * from record_201808 where emp_id=000004 and time<'2018-08-06'
2018-09-05 15:05:18,312 - DataBase.py[line:56] - INFO: select * from record_201808 where emp_id=000004
2018-09-05 15:05:18,319 - DataBase.py[line:56] - INFO: select * from record_201808 where emp_id=000004 and time like '2018-08-07%'
2018-09-05 15:05:18,325 - DataBase.py[line:56] - INFO: select * from record_201808 where emp_id=000004 and time<'2018-08-07'
2018-09-05 15:05:18,332 - DataBase.py[line:56] - INFO: select * from record_201808 where emp_id=000004
2018-09-05 15:05:18,338 - DataBase.py[line:56] - INFO: select * from record_201808 where emp_id=000004 and time like '2018-08-08%'
2018-09-05 15:05:18,344 - DataBase.py[line:56] - INFO: select * from record_201808 where emp_id=000004 and time<'2018-08-08'
2018-09-05 15:05:18,351 - DataBase.py[line:56] - INFO: select * from record_201808 where emp_id=000004
2018-09-05 15:05:18,357 - DataBase.py[line:56] - INFO: select * from record_201808 where emp_id=000004 and time like '2018-08-09%'
2018-09-05 15:05:18,363 - DataBase.py[line:56] - INFO: select * from record_201808 where emp_id=000004 and time<'2018-08-09'
2018-09-05 15:05:18,370 - DataBase.py[line:56] - INFO: select * from record_201808 where emp_id=000004
2018-09-05 15:05:18,381 - DataBase.py[line:56] - INFO: select * from record_201808 where emp_id=000004 and time like '2018-08-10%'
2018-09-05 15:05:18,388 - DataBase.py[line:56] - INFO: select * from record_201808 where emp_id=000004 and time<'2018-08-10'
2018-09-05 15:05:18,396 - DataBase.py[line:56] - INFO: select * from record_201808 where emp_id=000004
2018-09-05 15:05:18,402 - DataBase.py[line:56] - INFO: select * from record_201808 where emp_id=000004 and time like '2018-08-11%'
2018-09-05 15:05:18,408 - DataBase.py[line:56] - INFO: select * from record_201808 where emp_id=000004 and time<'2018-08-11'
2018-09-05 15:05:18,415 - DataBase.py[line:56] - INFO: select * from record_201808 where emp_id=000004
2018-09-05 15:05:18,421 - DataBase.py[line:56] - INFO: select * from record_201808 where emp_id=000004 and time like '2018-08-12%'
2018-09-05 15:05:18,429 - DataBase.py[line:56] - INFO: select * from record_201808 where emp_id=000004 and time<'2018-08-12'
2018-09-05 15:05:18,439 - DataBase.py[line:56] - INFO: select * from record_201808 where emp_id=000004
2018-09-05 15:05:18,445 - DataBase.py[line:56] - INFO: select * from record_201808 where emp_id=000004 and time like '2018-08-13%'
2018-09-05 15:05:18,453 - DataBase.py[line:56] - INFO: select * from record_201808 where emp_id=000004 and time<'2018-08-13'
2018-09-05 15:05:18,465 - DataBase.py[line:56] - INFO: select * from record_201808 where emp_id=000004
2018-09-05 15:05:18,472 - DataBase.py[line:56] - INFO: select * from record_201808 where emp_id=000004 and time like '2018-08-14%'
2018-09-05 15:05:18,482 - DataBase.py[line:56] - INFO: select * from record_201808 where emp_id=000004 and time<'2018-08-14'
2018-09-05 15:05:18,489 - DataBase.py[line:56] - INFO: select * from record_201808 where emp_id=000004
2018-09-05 15:05:18,495 - DataBase.py[line:56] - INFO: select * from record_201808 where emp_id=000004 and time like '2018-08-15%'
2018-09-05 15:05:18,503 - DataBase.py[line:56] - INFO: select * from record_201808 where emp_id=000004 and time<'2018-08-15'
2018-09-05 15:05:18,509 - DataBase.py[line:56] - INFO: select * from record_201808 where emp_id=000004
2018-09-05 15:05:18,514 - DataBase.py[line:56] - INFO: select * from record_201808 where emp_id=000004 and time like '2018-08-16%'
2018-09-05 15:05:18,522 - DataBase.py[line:56] - INFO: select * from record_201808 where emp_id=000004 and time<'2018-08-16'
2018-09-05 15:05:18,528 - DataBase.py[line:56] - INFO: select * from record_201808 where emp_id=000004
2018-09-05 15:05:18,536 - DataBase.py[line:56] - INFO: select * from record_201808 where emp_id=000004 and time like '2018-08-17%'
2018-09-05 15:05:18,541 - DataBase.py[line:56] - INFO: select * from record_201808 where emp_id=000004 and time<'2018-08-17'
2018-09-05 15:05:18,547 - DataBase.py[line:56] - INFO: select * from record_201808 where emp_id=000004
2018-09-05 15:05:18,555 - DataBase.py[line:56] - INFO: select * from record_201808 where emp_id=000004 and time like '2018-08-18%'
2018-09-05 15:05:18,561 - DataBase.py[line:56] - INFO: select * from record_201808 where emp_id=000004 and time<'2018-08-18'
2018-09-05 15:05:18,567 - DataBase.py[line:56] - INFO: select * from record_201808 where emp_id=000004
2018-09-05 15:05:18,573 - DataBase.py[line:56] - INFO: select * from record_201808 where emp_id=000004 and time like '2018-08-19%'
2018-09-05 15:05:18,582 - DataBase.py[line:56] - INFO: select * from record_201808 where emp_id=000004 and time<'2018-08-19'
2018-09-05 15:05:18,855 - DataBase.py[line:56] - INFO: select * from record_201808 where emp_id=000004
2018-09-05 15:05:18,870 - DataBase.py[line:56] - INFO: select * from record_201808 where emp_id=000004 and time like '2018-08-20%'
2018-09-05 15:05:18,885 - DataBase.py[line:56] - INFO: select * from record_201808 where emp_id=000004 and time<'2018-08-20'
2018-09-05 15:05:18,895 - DataBase.py[line:56] - INFO: select * from record_201808 where emp_id=000004
2018-09-05 15:05:18,900 - DataBase.py[line:56] - INFO: select * from record_201808 where emp_id=000004 and time like '2018-08-21%'
2018-09-05 15:05:18,908 - DataBase.py[line:56] - INFO: select * from record_201808 where emp_id=000004 and time<'2018-08-21'
2018-09-05 15:05:18,913 - DataBase.py[line:56] - INFO: select * from record_201808 where emp_id=000004
2018-09-05 15:05:18,921 - DataBase.py[line:56] - INFO: select * from record_201808 where emp_id=000004 and time like '2018-08-22%'
2018-09-05 15:05:18,928 - DataBase.py[line:56] - INFO: select * from record_201808 where emp_id=000004 and time<'2018-08-22'
2018-09-05 15:05:18,935 - DataBase.py[line:56] - INFO: select * from record_201808 where emp_id=000004
2018-09-05 15:05:18,942 - DataBase.py[line:56] - INFO: select * from record_201808 where emp_id=000004 and time like '2018-08-23%'
2018-09-05 15:05:18,950 - DataBase.py[line:56] - INFO: select * from record_201808 where emp_id=000004 and time<'2018-08-23'
2018-09-05 15:05:18,968 - DataBase.py[line:56] - INFO: select * from record_201808 where emp_id=000004
2018-09-05 15:05:18,981 - DataBase.py[line:56] - INFO: select * from record_201808 where emp_id=000004 and time like '2018-08-24%'
2018-09-05 15:05:18,989 - DataBase.py[line:56] - INFO: select * from record_201808 where emp_id=000004 and time<'2018-08-24'
2018-09-05 15:05:18,999 - DataBase.py[line:56] - INFO: select * from record_201808 where emp_id=000004
2018-09-05 15:05:19,004 - DataBase.py[line:56] - INFO: select * from record_201808 where emp_id=000004 and time like '2018-08-25%'
2018-09-05 15:05:19,012 - DataBase.py[line:56] - INFO: select * from record_201808 where emp_id=000004 and time<'2018-08-25'
2018-09-05 15:05:19,018 - DataBase.py[line:56] - INFO: select * from record_201808 where emp_id=000004
2018-09-05 15:05:19,029 - DataBase.py[line:56] - INFO: select * from record_201808 where emp_id=000004 and time like '2018-08-26%'
2018-09-05 15:05:19,037 - DataBase.py[line:56] - INFO: select * from record_201808 where emp_id=000004 and time<'2018-08-26'
2018-09-05 15:05:19,043 - DataBase.py[line:56] - INFO: select * from record_201808 where emp_id=000004
2018-09-05 15:05:19,050 - DataBase.py[line:56] - INFO: select * from record_201808 where emp_id=000004 and time like '2018-08-27%'
2018-09-05 15:05:19,055 - DataBase.py[line:56] - INFO: select * from record_201808 where emp_id=000004 and time<'2018-08-27'
2018-09-05 15:05:19,062 - DataBase.py[line:56] - INFO: select * from record_201808 where emp_id=000004
2018-09-05 15:05:19,070 - DataBase.py[line:56] - INFO: select * from record_201808 where emp_id=000004 and time like '2018-08-28%'
2018-09-05 15:05:19,077 - DataBase.py[line:56] - INFO: select * from record_201808 where emp_id=000004 and time<'2018-08-28'
2018-09-05 15:05:19,084 - DataBase.py[line:56] - INFO: select * from record_201808 where emp_id=000004
2018-09-05 15:05:19,090 - DataBase.py[line:56] - INFO: select * from record_201808 where emp_id=000004 and time like '2018-08-29%'
2018-09-05 15:05:19,099 - DataBase.py[line:56] - INFO: select * from record_201808 where emp_id=000004 and time<'2018-08-29'
2018-09-05 15:05:19,105 - DataBase.py[line:56] - INFO: select * from record_201808 where emp_id=000004
2018-09-05 15:05:19,113 - DataBase.py[line:56] - INFO: select * from record_201808 where emp_id=000004 and time like '2018-08-30%'
2018-09-05 15:05:19,119 - DataBase.py[line:56] - INFO: select * from record_201808 where emp_id=000004 and time<'2018-08-30'
2018-09-05 15:05:19,125 - DataBase.py[line:56] - INFO: select * from record_201808 where emp_id=000004
2018-09-05 15:05:19,131 - DataBase.py[line:56] - INFO: select * from record_201808 where emp_id=000004 and time like '2018-08-31%'
2018-09-05 15:05:19,137 - DataBase.py[line:56] - INFO: select * from record_201808 where emp_id=000004 and time<'2018-08-31'
2018-09-05 15:05:19,143 - DataBase.py[line:56] - INFO: select * from record_201808 where emp_id=000004
2018-09-05 15:05:19,150 - DataBase.py[line:56] - INFO: select * from record_201808 where emp_id=000005 and time like '2018-08-01%'
2018-09-05 15:05:19,156 - DataBase.py[line:56] - INFO: select * from record_201808 where emp_id=000005 and time<'2018-08-01'
2018-09-05 15:05:19,162 - DataBase.py[line:56] - INFO: select * from record_201808 where emp_id=000005
2018-09-05 15:05:19,422 - DataBase.py[line:56] - INFO: select * from record_201808 where emp_id=000005 and time like '2018-08-02%'
2018-09-05 15:05:19,431 - DataBase.py[line:56] - INFO: select * from record_201808 where emp_id=000005 and time<'2018-08-02'
2018-09-05 15:05:19,437 - DataBase.py[line:56] - INFO: select * from record_201808 where emp_id=000005
2018-09-05 15:05:19,443 - DataBase.py[line:56] - INFO: select * from record_201808 where emp_id=000005 and time like '2018-08-03%'
2018-09-05 15:05:19,449 - DataBase.py[line:56] - INFO: select * from record_201808 where emp_id=000005 and time<'2018-08-03'
2018-09-05 15:05:19,458 - DataBase.py[line:56] - INFO: select * from record_201808 where emp_id=000005
2018-09-05 15:05:19,464 - DataBase.py[line:56] - INFO: select * from record_201808 where emp_id=000005 and time like '2018-08-04%'
2018-09-05 15:05:19,471 - DataBase.py[line:56] - INFO: select * from record_201808 where emp_id=000005 and time<'2018-08-04'
2018-09-05 15:05:19,479 - DataBase.py[line:56] - INFO: select * from record_201808 where emp_id=000005
2018-09-05 15:05:19,485 - DataBase.py[line:56] - INFO: select * from record_201808 where emp_id=000005 and time like '2018-08-05%'
2018-09-05 15:05:19,491 - DataBase.py[line:56] - INFO: select * from record_201808 where emp_id=000005 and time<'2018-08-05'
2018-09-05 15:05:19,498 - DataBase.py[line:56] - INFO: select * from record_201808 where emp_id=000005
2018-09-05 15:05:19,507 - DataBase.py[line:56] - INFO: select * from record_201808 where emp_id=000005 and time like '2018-08-06%'
2018-09-05 15:05:19,513 - DataBase.py[line:56] - INFO: select * from record_201808 where emp_id=000005 and time<'2018-08-06'
2018-09-05 15:05:19,522 - DataBase.py[line:56] - INFO: select * from record_201808 where emp_id=000005
2018-09-05 15:05:19,529 - DataBase.py[line:56] - INFO: select * from record_201808 where emp_id=000005 and time like '2018-08-07%'
2018-09-05 15:05:19,540 - DataBase.py[line:56] - INFO: select * from record_201808 where emp_id=000005 and time<'2018-08-07'
2018-09-05 15:05:19,547 - DataBase.py[line:56] - INFO: select * from record_201808 where emp_id=000005
2018-09-05 15:05:19,553 - DataBase.py[line:56] - INFO: select * from record_201808 where emp_id=000005 and time like '2018-08-08%'
2018-09-05 15:05:19,560 - DataBase.py[line:56] - INFO: select * from record_201808 where emp_id=000005 and time<'2018-08-08'
2018-09-05 15:05:19,567 - DataBase.py[line:56] - INFO: select * from record_201808 where emp_id=000005
2018-09-05 15:05:19,573 - DataBase.py[line:56] - INFO: select * from record_201808 where emp_id=000005 and time like '2018-08-09%'
2018-09-05 15:05:19,581 - DataBase.py[line:56] - INFO: select * from record_201808 where emp_id=000005 and time<'2018-08-09'
2018-09-05 15:05:19,587 - DataBase.py[line:56] - INFO: select * from record_201808 where emp_id=000005
2018-09-05 15:05:19,595 - DataBase.py[line:56] - INFO: select * from record_201808 where emp_id=000005 and time like '2018-08-10%'
2018-09-05 15:05:19,601 - DataBase.py[line:56] - INFO: select * from record_201808 where emp_id=000005 and time<'2018-08-10'
2018-09-05 15:05:19,614 - DataBase.py[line:56] - INFO: select * from record_201808 where emp_id=000005
2018-09-05 15:05:19,620 - DataBase.py[line:56] - INFO: select * from record_201808 where emp_id=000005 and time like '2018-08-11%'
2018-09-05 15:05:19,628 - DataBase.py[line:56] - INFO: select * from record_201808 where emp_id=000005 and time<'2018-08-11'
2018-09-05 15:05:19,635 - DataBase.py[line:56] - INFO: select * from record_201808 where emp_id=000005
2018-09-05 15:05:19,642 - DataBase.py[line:56] - INFO: select * from record_201808 where emp_id=000005 and time like '2018-08-12%'
2018-09-05 15:05:19,648 - DataBase.py[line:56] - INFO: select * from record_201808 where emp_id=000005 and time<'2018-08-12'
2018-09-05 15:05:19,653 - DataBase.py[line:56] - INFO: select * from record_201808 where emp_id=000005
2018-09-05 15:05:19,662 - DataBase.py[line:56] - INFO: select * from record_201808 where emp_id=000005 and time like '2018-08-13%'
2018-09-05 15:05:19,670 - DataBase.py[line:56] - INFO: select * from record_201808 where emp_id=000005 and time<'2018-08-13'
2018-09-05 15:05:19,675 - DataBase.py[line:56] - INFO: select * from record_201808 where emp_id=000005
2018-09-05 15:05:19,683 - DataBase.py[line:56] - INFO: select * from record_201808 where emp_id=000005 and time like '2018-08-14%'
2018-09-05 15:05:19,689 - DataBase.py[line:56] - INFO: select * from record_201808 where emp_id=000005 and time<'2018-08-14'
2018-09-05 15:05:19,696 - DataBase.py[line:56] - INFO: select * from record_201808 where emp_id=000005
2018-09-05 15:05:19,704 - DataBase.py[line:56] - INFO: select * from record_201808 where emp_id=000005 and time like '2018-08-15%'
2018-09-05 15:05:19,718 - DataBase.py[line:56] - INFO: select * from record_201808 where emp_id=000005 and time<'2018-08-15'
2018-09-05 15:05:19,724 - DataBase.py[line:56] - INFO: select * from record_201808 where emp_id=000005
2018-09-05 15:05:19,732 - DataBase.py[line:56] - INFO: select * from record_201808 where emp_id=000005 and time like '2018-08-16%'
2018-09-05 15:05:19,738 - DataBase.py[line:56] - INFO: select * from record_201808 where emp_id=000005 and time<'2018-08-16'
2018-09-05 15:05:19,744 - DataBase.py[line:56] - INFO: select * from record_201808 where emp_id=000005
2018-09-05 15:05:19,751 - DataBase.py[line:56] - INFO: select * from record_201808 where emp_id=000005 and time like '2018-08-17%'
2018-09-05 15:05:19,757 - DataBase.py[line:56] - INFO: select * from record_201808 where emp_id=000005 and time<'2018-08-17'
2018-09-05 15:05:19,766 - DataBase.py[line:56] - INFO: select * from record_201808 where emp_id=000005
2018-09-05 15:05:19,772 - DataBase.py[line:56] - INFO: select * from record_201808 where emp_id=000005 and time like '2018-08-18%'
2018-09-05 15:05:19,778 - DataBase.py[line:56] - INFO: select * from record_201808 where emp_id=000005 and time<'2018-08-18'
2018-09-05 15:05:19,790 - DataBase.py[line:56] - INFO: select * from record_201808 where emp_id=000005
2018-09-05 15:05:19,797 - DataBase.py[line:56] - INFO: select * from record_201808 where emp_id=000005 and time like '2018-08-19%'
2018-09-05 15:05:20,060 - DataBase.py[line:56] - INFO: select * from record_201808 where emp_id=000005 and time<'2018-08-19'
2018-09-05 15:05:20,068 - DataBase.py[line:56] - INFO: select * from record_201808 where emp_id=000005
2018-09-05 15:05:20,077 - DataBase.py[line:56] - INFO: select * from record_201808 where emp_id=000005 and time like '2018-08-20%'
2018-09-05 15:05:20,083 - DataBase.py[line:56] - INFO: select * from record_201808 where emp_id=000005 and time<'2018-08-20'
2018-09-05 15:05:20,091 - DataBase.py[line:56] - INFO: select * from record_201808 where emp_id=000005
2018-09-05 15:05:20,097 - DataBase.py[line:56] - INFO: select * from record_201808 where emp_id=000005 and time like '2018-08-21%'
2018-09-05 15:05:20,106 - DataBase.py[line:56] - INFO: select * from record_201808 where emp_id=000005 and time<'2018-08-21'
2018-09-05 15:05:20,113 - DataBase.py[line:56] - INFO: select * from record_201808 where emp_id=000005
2018-09-05 15:05:20,123 - DataBase.py[line:56] - INFO: select * from record_201808 where emp_id=000005 and time like '2018-08-22%'
2018-09-05 15:05:20,134 - DataBase.py[line:56] - INFO: select * from record_201808 where emp_id=000005 and time<'2018-08-22'
2018-09-05 15:05:20,150 - DataBase.py[line:56] - INFO: select * from record_201808 where emp_id=000005
2018-09-05 15:05:20,162 - DataBase.py[line:56] - INFO: select * from record_201808 where emp_id=000005 and time like '2018-08-23%'
2018-09-05 15:05:20,169 - DataBase.py[line:56] - INFO: select * from record_201808 where emp_id=000005 and time<'2018-08-23'
2018-09-05 15:05:20,178 - DataBase.py[line:56] - INFO: select * from record_201808 where emp_id=000005
2018-09-05 15:05:20,186 - DataBase.py[line:56] - INFO: select * from record_201808 where emp_id=000005 and time like '2018-08-24%'
2018-09-05 15:05:20,194 - DataBase.py[line:56] - INFO: select * from record_201808 where emp_id=000005 and time<'2018-08-24'
2018-09-05 15:05:20,200 - DataBase.py[line:56] - INFO: select * from record_201808 where emp_id=000005
2018-09-05 15:05:20,206 - DataBase.py[line:56] - INFO: select * from record_201808 where emp_id=000005 and time like '2018-08-25%'
2018-09-05 15:05:20,213 - DataBase.py[line:56] - INFO: select * from record_201808 where emp_id=000005 and time<'2018-08-25'
2018-09-05 15:05:20,221 - DataBase.py[line:56] - INFO: select * from record_201808 where emp_id=000005
2018-09-05 15:05:20,229 - DataBase.py[line:56] - INFO: select * from record_201808 where emp_id=000005 and time like '2018-08-26%'
2018-09-05 15:05:20,249 - DataBase.py[line:56] - INFO: select * from record_201808 where emp_id=000005 and time<'2018-08-26'
2018-09-05 15:05:20,255 - DataBase.py[line:56] - INFO: select * from record_201808 where emp_id=000005
2018-09-05 15:05:20,261 - DataBase.py[line:56] - INFO: select * from record_201808 where emp_id=000005 and time like '2018-08-27%'
2018-09-05 15:05:20,272 - DataBase.py[line:56] - INFO: select * from record_201808 where emp_id=000005 and time<'2018-08-27'
2018-09-05 15:05:20,280 - DataBase.py[line:56] - INFO: select * from record_201808 where emp_id=000005
2018-09-05 15:05:20,287 - DataBase.py[line:56] - INFO: select * from record_201808 where emp_id=000005 and time like '2018-08-28%'
2018-09-05 15:05:20,296 - DataBase.py[line:56] - INFO: select * from record_201808 where emp_id=000005 and time<'2018-08-28'
2018-09-05 15:05:20,302 - DataBase.py[line:56] - INFO: select * from record_201808 where emp_id=000005
2018-09-05 15:05:20,310 - DataBase.py[line:56] - INFO: select * from record_201808 where emp_id=000005 and time like '2018-08-29%'
2018-09-05 15:05:20,316 - DataBase.py[line:56] - INFO: select * from record_201808 where emp_id=000005 and time<'2018-08-29'
2018-09-05 15:05:20,326 - DataBase.py[line:56] - INFO: select * from record_201808 where emp_id=000005
2018-09-05 15:05:20,331 - DataBase.py[line:56] - INFO: select * from record_201808 where emp_id=000005 and time like '2018-08-30%'
2018-09-05 15:05:20,338 - DataBase.py[line:56] - INFO: select * from record_201808 where emp_id=000005 and time<'2018-08-30'
2018-09-05 15:05:20,348 - DataBase.py[line:56] - INFO: select * from record_201808 where emp_id=000005
2018-09-05 15:05:20,354 - DataBase.py[line:56] - INFO: select * from record_201808 where emp_id=000005 and time like '2018-08-31%'
2018-09-05 15:05:20,360 - DataBase.py[line:56] - INFO: select * from record_201808 where emp_id=000005 and time<'2018-08-31'
2018-09-05 15:05:20,366 - DataBase.py[line:56] - INFO: select * from record_201808 where emp_id=000005
2018-09-05 15:05:20,372 - DataBase.py[line:56] - INFO: select * from record_201808 where emp_id=000006 and time like '2018-08-01%'
2018-09-05 15:05:20,379 - DataBase.py[line:56] - INFO: select * from record_201808 where emp_id=000006 and time<'2018-08-01'
2018-09-05 15:05:20,387 - DataBase.py[line:56] - INFO: select * from record_201808 where emp_id=000006
2018-09-05 15:05:20,393 - DataBase.py[line:56] - INFO: select * from record_201808 where emp_id=000006 and time like '2018-08-02%'
2018-09-05 15:05:20,404 - DataBase.py[line:56] - INFO: select * from record_201808 where emp_id=000006 and time<'2018-08-02'
2018-09-05 15:05:20,410 - DataBase.py[line:56] - INFO: select * from record_201808 where emp_id=000006
2018-09-05 15:05:20,416 - DataBase.py[line:56] - INFO: select * from record_201808 where emp_id=000006 and time like '2018-08-03%'
2018-09-05 15:05:20,426 - DataBase.py[line:56] - INFO: select * from record_201808 where emp_id=000006 and time<'2018-08-03'
2018-09-05 15:05:20,556 - DataBase.py[line:56] - INFO: select * from record_201808 where emp_id=000006
2018-09-05 15:05:20,562 - DataBase.py[line:56] - INFO: select * from record_201808 where emp_id=000006 and time like '2018-08-04%'
2018-09-05 15:05:20,568 - DataBase.py[line:56] - INFO: select * from record_201808 where emp_id=000006 and time<'2018-08-04'
2018-09-05 15:05:20,574 - DataBase.py[line:56] - INFO: select * from record_201808 where emp_id=000006
2018-09-05 15:05:20,584 - DataBase.py[line:56] - INFO: select * from record_201808 where emp_id=000006 and time like '2018-08-05%'
2018-09-05 15:05:20,590 - DataBase.py[line:56] - INFO: select * from record_201808 where emp_id=000006 and time<'2018-08-05'
2018-09-05 15:05:20,596 - DataBase.py[line:56] - INFO: select * from record_201808 where emp_id=000006
2018-09-05 15:05:20,604 - DataBase.py[line:56] - INFO: select * from record_201808 where emp_id=000006 and time like '2018-08-06%'
2018-09-05 15:05:20,612 - DataBase.py[line:56] - INFO: select * from record_201808 where emp_id=000006 and time<'2018-08-06'
2018-09-05 15:05:20,618 - DataBase.py[line:56] - INFO: select * from record_201808 where emp_id=000006
2018-09-05 15:05:20,624 - DataBase.py[line:56] - INFO: select * from record_201808 where emp_id=000006 and time like '2018-08-07%'
2018-09-05 15:05:20,633 - DataBase.py[line:56] - INFO: select * from record_201808 where emp_id=000006 and time<'2018-08-07'
2018-09-05 15:05:20,642 - DataBase.py[line:56] - INFO: select * from record_201808 where emp_id=000006
2018-09-05 15:05:20,649 - DataBase.py[line:56] - INFO: select * from record_201808 where emp_id=000006 and time like '2018-08-08%'
2018-09-05 15:05:20,655 - DataBase.py[line:56] - INFO: select * from record_201808 where emp_id=000006 and time<'2018-08-08'
2018-09-05 15:05:20,662 - DataBase.py[line:56] - INFO: select * from record_201808 where emp_id=000006
2018-09-05 15:05:20,670 - DataBase.py[line:56] - INFO: select * from record_201808 where emp_id=000006 and time like '2018-08-09%'
2018-09-05 15:05:20,676 - DataBase.py[line:56] - INFO: select * from record_201808 where emp_id=000006 and time<'2018-08-09'
2018-09-05 15:05:20,683 - DataBase.py[line:56] - INFO: select * from record_201808 where emp_id=000006
2018-09-05 15:05:20,692 - DataBase.py[line:56] - INFO: select * from record_201808 where emp_id=000006 and time like '2018-08-10%'
2018-09-05 15:05:20,699 - DataBase.py[line:56] - INFO: select * from record_201808 where emp_id=000006 and time<'2018-08-10'
2018-09-05 15:05:20,707 - DataBase.py[line:56] - INFO: select * from record_201808 where emp_id=000006
2018-09-05 15:05:20,712 - DataBase.py[line:56] - INFO: select * from record_201808 where emp_id=000006 and time like '2018-08-11%'
2018-09-05 15:05:20,718 - DataBase.py[line:56] - INFO: select * from record_201808 where emp_id=000006 and time<'2018-08-11'
2018-09-05 15:05:20,728 - DataBase.py[line:56] - INFO: select * from record_201808 where emp_id=000006
2018-09-05 15:05:20,736 - DataBase.py[line:56] - INFO: select * from record_201808 where emp_id=000006 and time like '2018-08-12%'
2018-09-05 15:05:20,744 - DataBase.py[line:56] - INFO: select * from record_201808 where emp_id=000006 and time<'2018-08-12'
2018-09-05 15:05:20,752 - DataBase.py[line:56] - INFO: select * from record_201808 where emp_id=000006
2018-09-05 15:05:20,759 - DataBase.py[line:56] - INFO: select * from record_201808 where emp_id=000006 and time like '2018-08-13%'
2018-09-05 15:05:20,768 - DataBase.py[line:56] - INFO: select * from record_201808 where emp_id=000006 and time<'2018-08-13'
2018-09-05 15:05:20,781 - DataBase.py[line:56] - INFO: select * from record_201808 where emp_id=000006
2018-09-05 15:05:20,803 - DataBase.py[line:56] - INFO: select * from record_201808 where emp_id=000006 and time like '2018-08-14%'
2018-09-05 15:05:20,814 - DataBase.py[line:56] - INFO: select * from record_201808 where emp_id=000006 and time<'2018-08-14'
2018-09-05 15:05:20,828 - DataBase.py[line:56] - INFO: select * from record_201808 where emp_id=000006
2018-09-05 15:05:21,104 - DataBase.py[line:56] - INFO: select * from record_201808 where emp_id=000006 and time like '2018-08-15%'
2018-09-05 15:05:21,110 - DataBase.py[line:56] - INFO: select * from record_201808 where emp_id=000006 and time<'2018-08-15'
2018-09-05 15:05:21,118 - DataBase.py[line:56] - INFO: select * from record_201808 where emp_id=000006
2018-09-05 15:05:21,124 - DataBase.py[line:56] - INFO: select * from record_201808 where emp_id=000006 and time like '2018-08-16%'
2018-09-05 15:05:21,130 - DataBase.py[line:56] - INFO: select * from record_201808 where emp_id=000006 and time<'2018-08-16'
2018-09-05 15:05:21,137 - DataBase.py[line:56] - INFO: select * from record_201808 where emp_id=000006
2018-09-05 15:05:21,146 - DataBase.py[line:56] - INFO: select * from record_201808 where emp_id=000006 and time like '2018-08-17%'
2018-09-05 15:05:21,153 - DataBase.py[line:56] - INFO: select * from record_201808 where emp_id=000006 and time<'2018-08-17'
2018-09-05 15:05:21,161 - DataBase.py[line:56] - INFO: select * from record_201808 where emp_id=000006
2018-09-05 15:05:21,168 - DataBase.py[line:56] - INFO: select * from record_201808 where emp_id=000006 and time like '2018-08-18%'
2018-09-05 15:05:21,174 - DataBase.py[line:56] - INFO: select * from record_201808 where emp_id=000006 and time<'2018-08-18'
2018-09-05 15:05:21,180 - DataBase.py[line:56] - INFO: select * from record_201808 where emp_id=000006
2018-09-05 15:05:21,186 - DataBase.py[line:56] - INFO: select * from record_201808 where emp_id=000006 and time like '2018-08-19%'
2018-09-05 15:05:21,194 - DataBase.py[line:56] - INFO: select * from record_201808 where emp_id=000006 and time<'2018-08-19'
2018-09-05 15:05:21,201 - DataBase.py[line:56] - INFO: select * from record_201808 where emp_id=000006
2018-09-05 15:05:21,207 - DataBase.py[line:56] - INFO: select * from record_201808 where emp_id=000006 and time like '2018-08-20%'
2018-09-05 15:05:21,217 - DataBase.py[line:56] - INFO: select * from record_201808 where emp_id=000006 and time<'2018-08-20'
2018-09-05 15:05:21,223 - DataBase.py[line:56] - INFO: select * from record_201808 where emp_id=000006
2018-09-05 15:05:21,231 - DataBase.py[line:56] - INFO: select * from record_201808 where emp_id=000006 and time like '2018-08-21%'
2018-09-05 15:05:21,236 - DataBase.py[line:56] - INFO: select * from record_201808 where emp_id=000006 and time<'2018-08-21'
2018-09-05 15:05:21,242 - DataBase.py[line:56] - INFO: select * from record_201808 where emp_id=000006
2018-09-05 15:05:21,248 - DataBase.py[line:56] - INFO: select * from record_201808 where emp_id=000006 and time like '2018-08-22%'
2018-09-05 15:05:21,254 - DataBase.py[line:56] - INFO: select * from record_201808 where emp_id=000006 and time<'2018-08-22'
2018-09-05 15:05:21,263 - DataBase.py[line:56] - INFO: select * from record_201808 where emp_id=000006
2018-09-05 15:05:21,268 - DataBase.py[line:56] - INFO: select * from record_201808 where emp_id=000006 and time like '2018-08-23%'
2018-09-05 15:05:21,273 - DataBase.py[line:56] - INFO: select * from record_201808 where emp_id=000006 and time<'2018-08-23'
2018-09-05 15:05:21,278 - DataBase.py[line:56] - INFO: select * from record_201808 where emp_id=000006
2018-09-05 15:05:21,285 - DataBase.py[line:56] - INFO: select * from record_201808 where emp_id=000006 and time like '2018-08-24%'
2018-09-05 15:05:21,291 - DataBase.py[line:56] - INFO: select * from record_201808 where emp_id=000006 and time<'2018-08-24'
2018-09-05 15:05:21,297 - DataBase.py[line:56] - INFO: select * from record_201808 where emp_id=000006
2018-09-05 15:05:21,303 - DataBase.py[line:56] - INFO: select * from record_201808 where emp_id=000006 and time like '2018-08-25%'
2018-09-05 15:05:21,309 - DataBase.py[line:56] - INFO: select * from record_201808 where emp_id=000006 and time<'2018-08-25'
2018-09-05 15:05:21,314 - DataBase.py[line:56] - INFO: select * from record_201808 where emp_id=000006
2018-09-05 15:05:21,327 - DataBase.py[line:56] - INFO: select * from record_201808 where emp_id=000006 and time like '2018-08-26%'
2018-09-05 15:05:21,335 - DataBase.py[line:56] - INFO: select * from record_201808 where emp_id=000006 and time<'2018-08-26'
2018-09-05 15:05:21,341 - DataBase.py[line:56] - INFO: select * from record_201808 where emp_id=000006
2018-09-05 15:05:21,349 - DataBase.py[line:56] - INFO: select * from record_201808 where emp_id=000006 and time like '2018-08-27%'
2018-09-05 15:05:21,354 - DataBase.py[line:56] - INFO: select * from record_201808 where emp_id=000006 and time<'2018-08-27'
2018-09-05 15:05:21,359 - DataBase.py[line:56] - INFO: select * from record_201808 where emp_id=000006
2018-09-05 15:05:21,368 - DataBase.py[line:56] - INFO: select * from record_201808 where emp_id=000006 and time like '2018-08-28%'
2018-09-05 15:05:21,372 - DataBase.py[line:56] - INFO: select * from record_201808 where emp_id=000006 and time<'2018-08-28'
2018-09-05 15:05:21,377 - DataBase.py[line:56] - INFO: select * from record_201808 where emp_id=000006
2018-09-05 15:05:21,381 - DataBase.py[line:56] - INFO: select * from record_201808 where emp_id=000006 and time like '2018-08-29%'
2018-09-05 15:05:21,392 - DataBase.py[line:56] - INFO: select * from record_201808 where emp_id=000006 and time<'2018-08-29'
2018-09-05 15:05:21,397 - DataBase.py[line:56] - INFO: select * from record_201808 where emp_id=000006
2018-09-05 15:05:21,403 - DataBase.py[line:56] - INFO: select * from record_201808 where emp_id=000006 and time like '2018-08-30%'
2018-09-05 15:05:21,408 - DataBase.py[line:56] - INFO: select * from record_201808 where emp_id=000006 and time<'2018-08-30'
2018-09-05 15:05:21,412 - DataBase.py[line:56] - INFO: select * from record_201808 where emp_id=000006
2018-09-05 15:05:21,422 - DataBase.py[line:56] - INFO: select * from record_201808 where emp_id=000006 and time like '2018-08-31%'
2018-09-05 15:05:21,426 - DataBase.py[line:56] - INFO: select * from record_201808 where emp_id=000006 and time<'2018-08-31'
2018-09-05 15:05:21,447 - DataBase.py[line:56] - INFO: select * from record_201808 where emp_id=000006
2018-09-05 15:05:21,453 - DataBase.py[line:56] - INFO: select * from record_201808 where emp_id=000007 and time like '2018-08-01%'
2018-09-05 15:05:21,458 - DataBase.py[line:56] - INFO: select * from record_201808 where emp_id=000007 and time<'2018-08-01'
2018-09-05 15:05:21,463 - DataBase.py[line:56] - INFO: select * from record_201808 where emp_id=000007
2018-09-05 15:05:21,469 - DataBase.py[line:56] - INFO: select * from record_201808 where emp_id=000007 and time like '2018-08-02%'
2018-09-05 15:05:21,474 - DataBase.py[line:56] - INFO: select * from record_201808 where emp_id=000007 and time<'2018-08-02'
2018-09-05 15:05:21,478 - DataBase.py[line:56] - INFO: select * from record_201808 where emp_id=000007
2018-09-05 15:05:21,483 - DataBase.py[line:56] - INFO: select * from record_201808 where emp_id=000007 and time like '2018-08-03%'
2018-09-05 15:05:21,489 - DataBase.py[line:56] - INFO: select * from record_201808 where emp_id=000007 and time<'2018-08-03'
2018-09-05 15:05:21,494 - DataBase.py[line:56] - INFO: select * from record_201808 where emp_id=000007
2018-09-05 15:05:21,501 - DataBase.py[line:56] - INFO: select * from record_201808 where emp_id=000007 and time like '2018-08-04%'
2018-09-05 15:05:21,508 - DataBase.py[line:56] - INFO: select * from record_201808 where emp_id=000007 and time<'2018-08-04'
2018-09-05 15:05:21,514 - DataBase.py[line:56] - INFO: select * from record_201808 where emp_id=000007
2018-09-05 15:05:21,519 - DataBase.py[line:56] - INFO: select * from record_201808 where emp_id=000007 and time like '2018-08-05%'
2018-09-05 15:05:21,525 - DataBase.py[line:56] - INFO: select * from record_201808 where emp_id=000007 and time<'2018-08-05'
2018-09-05 15:05:21,536 - DataBase.py[line:56] - INFO: select * from record_201808 where emp_id=000007
2018-09-05 15:05:21,542 - DataBase.py[line:56] - INFO: select * from record_201808 where emp_id=000007 and time like '2018-08-06%'
2018-09-05 15:05:21,548 - DataBase.py[line:56] - INFO: select * from record_201808 where emp_id=000007 and time<'2018-08-06'
2018-09-05 15:05:21,559 - DataBase.py[line:56] - INFO: select * from record_201808 where emp_id=000007
2018-09-05 15:05:21,565 - DataBase.py[line:56] - INFO: select * from record_201808 where emp_id=000007 and time like '2018-08-07%'
2018-09-05 15:05:21,572 - DataBase.py[line:56] - INFO: select * from record_201808 where emp_id=000007 and time<'2018-08-07'
2018-09-05 15:05:21,578 - DataBase.py[line:56] - INFO: select * from record_201808 where emp_id=000007
2018-09-05 15:05:21,584 - DataBase.py[line:56] - INFO: select * from record_201808 where emp_id=000007 and time like '2018-08-08%'
2018-09-05 15:05:21,590 - DataBase.py[line:56] - INFO: select * from record_201808 where emp_id=000007 and time<'2018-08-08'
2018-09-05 15:05:21,596 - DataBase.py[line:56] - INFO: select * from record_201808 where emp_id=000007
2018-09-05 15:05:21,602 - DataBase.py[line:56] - INFO: select * from record_201808 where emp_id=000007 and time like '2018-08-09%'
2018-09-05 15:05:21,608 - DataBase.py[line:56] - INFO: select * from record_201808 where emp_id=000007 and time<'2018-08-09'
2018-09-05 15:05:21,616 - DataBase.py[line:56] - INFO: select * from record_201808 where emp_id=000007
2018-09-05 15:05:21,622 - DataBase.py[line:56] - INFO: select * from record_201808 where emp_id=000007 and time like '2018-08-10%'
2018-09-05 15:05:21,629 - DataBase.py[line:56] - INFO: select * from record_201808 where emp_id=000007 and time<'2018-08-10'
2018-09-05 15:05:21,636 - DataBase.py[line:56] - INFO: select * from record_201808 where emp_id=000007
2018-09-05 15:05:21,642 - DataBase.py[line:56] - INFO: select * from record_201808 where emp_id=000007 and time like '2018-08-11%'
2018-09-05 15:05:21,649 - DataBase.py[line:56] - INFO: select * from record_201808 where emp_id=000007 and time<'2018-08-11'
2018-09-05 15:05:21,658 - DataBase.py[line:56] - INFO: select * from record_201808 where emp_id=000007
2018-09-05 15:05:21,664 - DataBase.py[line:56] - INFO: select * from record_201808 where emp_id=000007 and time like '2018-08-12%'
2018-09-05 15:05:21,673 - DataBase.py[line:56] - INFO: select * from record_201808 where emp_id=000007 and time<'2018-08-12'
2018-09-05 15:05:21,679 - DataBase.py[line:56] - INFO: select * from record_201808 where emp_id=000007
2018-09-05 15:05:21,685 - DataBase.py[line:56] - INFO: select * from record_201808 where emp_id=000007 and time like '2018-08-13%'
2018-09-05 15:05:21,690 - DataBase.py[line:56] - INFO: select * from record_201808 where emp_id=000007 and time<'2018-08-13'
2018-09-05 15:05:21,696 - DataBase.py[line:56] - INFO: select * from record_201808 where emp_id=000007
2018-09-05 15:05:21,703 - DataBase.py[line:56] - INFO: select * from record_201808 where emp_id=000007 and time like '2018-08-14%'
2018-09-05 15:05:21,711 - DataBase.py[line:56] - INFO: select * from record_201808 where emp_id=000007 and time<'2018-08-14'
2018-09-05 15:05:21,718 - DataBase.py[line:56] - INFO: select * from record_201808 where emp_id=000007
2018-09-05 15:05:21,725 - DataBase.py[line:56] - INFO: select * from record_201808 where emp_id=000007 and time like '2018-08-15%'
2018-09-05 15:05:21,734 - DataBase.py[line:56] - INFO: select * from record_201808 where emp_id=000007 and time<'2018-08-15'
2018-09-05 15:05:21,995 - DataBase.py[line:56] - INFO: select * from record_201808 where emp_id=000007
2018-09-05 15:05:22,001 - DataBase.py[line:56] - INFO: select * from record_201808 where emp_id=000007 and time like '2018-08-16%'
2018-09-05 15:05:22,007 - DataBase.py[line:56] - INFO: select * from record_201808 where emp_id=000007 and time<'2018-08-16'
2018-09-05 15:05:22,014 - DataBase.py[line:56] - INFO: select * from record_201808 where emp_id=000007
2018-09-05 15:05:22,022 - DataBase.py[line:56] - INFO: select * from record_201808 where emp_id=000007 and time like '2018-08-17%'
2018-09-05 15:05:22,029 - DataBase.py[line:56] - INFO: select * from record_201808 where emp_id=000007 and time<'2018-08-17'
2018-09-05 15:05:22,039 - DataBase.py[line:56] - INFO: select * from record_201808 where emp_id=000007
2018-09-05 15:05:22,045 - DataBase.py[line:56] - INFO: select * from record_201808 where emp_id=000007 and time like '2018-08-18%'
2018-09-05 15:05:22,052 - DataBase.py[line:56] - INFO: select * from record_201808 where emp_id=000007 and time<'2018-08-18'
2018-09-05 15:05:22,057 - DataBase.py[line:56] - INFO: select * from record_201808 where emp_id=000007
2018-09-05 15:05:22,077 - DataBase.py[line:56] - INFO: select * from record_201808 where emp_id=000007 and time like '2018-08-19%'
2018-09-05 15:05:22,091 - DataBase.py[line:56] - INFO: select * from record_201808 where emp_id=000007 and time<'2018-08-19'
2018-09-05 15:05:22,099 - DataBase.py[line:56] - INFO: select * from record_201808 where emp_id=000007
2018-09-05 15:05:22,105 - DataBase.py[line:56] - INFO: select * from record_201808 where emp_id=000007 and time like '2018-08-20%'
2018-09-05 15:05:22,112 - DataBase.py[line:56] - INFO: select * from record_201808 where emp_id=000007 and time<'2018-08-20'
2018-09-05 15:05:22,120 - DataBase.py[line:56] - INFO: select * from record_201808 where emp_id=000007
2018-09-05 15:05:22,126 - DataBase.py[line:56] - INFO: select * from record_201808 where emp_id=000007 and time like '2018-08-21%'
2018-09-05 15:05:22,131 - DataBase.py[line:56] - INFO: select * from record_201808 where emp_id=000007 and time<'2018-08-21'
2018-09-05 15:05:22,139 - DataBase.py[line:56] - INFO: select * from record_201808 where emp_id=000007
2018-09-05 15:05:22,146 - DataBase.py[line:56] - INFO: select * from record_201808 where emp_id=000007 and time like '2018-08-22%'
2018-09-05 15:05:22,152 - DataBase.py[line:56] - INFO: select * from record_201808 where emp_id=000007 and time<'2018-08-22'
2018-09-05 15:05:22,159 - DataBase.py[line:56] - INFO: select * from record_201808 where emp_id=000007
2018-09-05 15:05:22,170 - DataBase.py[line:56] - INFO: select * from record_201808 where emp_id=000007 and time like '2018-08-23%'
2018-09-05 15:05:22,176 - DataBase.py[line:56] - INFO: select * from record_201808 where emp_id=000007 and time<'2018-08-23'
2018-09-05 15:05:22,182 - DataBase.py[line:56] - INFO: select * from record_201808 where emp_id=000007
2018-09-05 15:05:22,190 - DataBase.py[line:56] - INFO: select * from record_201808 where emp_id=000007 and time like '2018-08-24%'
2018-09-05 15:05:22,196 - DataBase.py[line:56] - INFO: select * from record_201808 where emp_id=000007 and time<'2018-08-24'
2018-09-05 15:05:22,201 - DataBase.py[line:56] - INFO: select * from record_201808 where emp_id=000007
2018-09-05 15:05:22,207 - DataBase.py[line:56] - INFO: select * from record_201808 where emp_id=000007 and time like '2018-08-25%'
2018-09-05 15:05:22,213 - DataBase.py[line:56] - INFO: select * from record_201808 where emp_id=000007 and time<'2018-08-25'
2018-09-05 15:05:22,219 - DataBase.py[line:56] - INFO: select * from record_201808 where emp_id=000007
2018-09-05 15:05:22,227 - DataBase.py[line:56] - INFO: select * from record_201808 where emp_id=000007 and time like '2018-08-26%'
2018-09-05 15:05:22,233 - DataBase.py[line:56] - INFO: select * from record_201808 where emp_id=000007 and time<'2018-08-26'
2018-09-05 15:05:22,239 - DataBase.py[line:56] - INFO: select * from record_201808 where emp_id=000007
2018-09-05 15:05:22,247 - DataBase.py[line:56] - INFO: select * from record_201808 where emp_id=000007 and time like '2018-08-27%'
2018-09-05 15:05:22,253 - DataBase.py[line:56] - INFO: select * from record_201808 where emp_id=000007 and time<'2018-08-27'
2018-09-05 15:05:22,259 - DataBase.py[line:56] - INFO: select * from record_201808 where emp_id=000007
2018-09-05 15:05:22,265 - DataBase.py[line:56] - INFO: select * from record_201808 where emp_id=000007 and time like '2018-08-28%'
2018-09-05 15:05:22,275 - DataBase.py[line:56] - INFO: select * from record_201808 where emp_id=000007 and time<'2018-08-28'
2018-09-05 15:05:22,281 - DataBase.py[line:56] - INFO: select * from record_201808 where emp_id=000007
2018-09-05 15:05:22,288 - DataBase.py[line:56] - INFO: select * from record_201808 where emp_id=000007 and time like '2018-08-29%'
2018-09-05 15:05:22,294 - DataBase.py[line:56] - INFO: select * from record_201808 where emp_id=000007 and time<'2018-08-29'
2018-09-05 15:05:22,302 - DataBase.py[line:56] - INFO: select * from record_201808 where emp_id=000007
2018-09-05 15:05:22,308 - DataBase.py[line:56] - INFO: select * from record_201808 where emp_id=000007 and time like '2018-08-30%'
2018-09-05 15:05:22,313 - DataBase.py[line:56] - INFO: select * from record_201808 where emp_id=000007 and time<'2018-08-30'
2018-09-05 15:05:22,320 - DataBase.py[line:56] - INFO: select * from record_201808 where emp_id=000007
2018-09-05 15:05:22,328 - DataBase.py[line:56] - INFO: select * from record_201808 where emp_id=000007 and time like '2018-08-31%'
2018-09-05 15:05:22,334 - DataBase.py[line:56] - INFO: select * from record_201808 where emp_id=000007 and time<'2018-08-31'
2018-09-05 15:05:22,340 - DataBase.py[line:56] - INFO: select * from record_201808 where emp_id=000007
