2018-09-04 16:54:07,326 - DataBase.py[line:23] - INFO: database class is creating...
2018-09-04 16:54:07,346 - DataBase.py[line:51] - INFO: database is connecting...
2018-09-04 16:54:07,346 - DataBase.py[line:56] - INFO: select * from empinfo
2018-09-04 16:54:07,347 - DataBase.py[line:56] - INFO: select * from record_201808 where emp_id=000001 and time like '2018-08-01%'
2018-09-04 16:54:07,347 - DataBase.py[line:56] - INFO: select * from record_201808 where emp_id=000001 and time<'2018-08-01'
2018-09-04 16:54:07,348 - DataBase.py[line:56] - INFO: select * from record_201808 where emp_id=000001 and time like '2018-08-02%'
2018-09-04 16:54:07,350 - DataBase.py[line:56] - INFO: select * from record_201808 where emp_id=000001 and time<'2018-08-02'
2018-09-04 16:54:07,351 - DataBase.py[line:56] - INFO: select * from record_201808 where emp_id=000001 and time like '2018-08-03%'
2018-09-04 16:54:07,351 - DataBase.py[line:56] - INFO: select * from record_201808 where emp_id=000001 and time<'2018-08-03'
2018-09-04 16:54:07,352 - DataBase.py[line:56] - INFO: select * from record_201808 where emp_id=000001 and time like '2018-08-04%'
2018-09-04 16:54:07,352 - DataBase.py[line:56] - INFO: select * from record_201808 where emp_id=000001 and time<'2018-08-04'
2018-09-04 16:54:07,353 - DataBase.py[line:56] - INFO: select * from record_201808 where emp_id=000001 and time like '2018-08-05%'
2018-09-04 16:54:07,353 - DataBase.py[line:56] - INFO: select * from record_201808 where emp_id=000001 and time<'2018-08-05'
2018-09-04 16:54:07,354 - DataBase.py[line:56] - INFO: select * from record_201808 where emp_id=000001 and time like '2018-08-06%'
2018-09-04 16:54:07,354 - DataBase.py[line:56] - INFO: select * from record_201808 where emp_id=000001 and time<'2018-08-06'
2018-09-04 16:54:07,355 - DataBase.py[line:56] - INFO: select * from record_201808 where emp_id=000001 and time like '2018-08-07%'
2018-09-04 16:54:07,355 - DataBase.py[line:56] - INFO: select * from record_201808 where emp_id=000001 and time<'2018-08-07'
2018-09-04 16:54:07,356 - DataBase.py[line:56] - INFO: select * from record_201808 where emp_id=000001 and time like '2018-08-08%'
2018-09-04 16:54:07,356 - DataBase.py[line:56] - INFO: select * from record_201808 where emp_id=000001 and time<'2018-08-08'
2018-09-04 16:54:07,357 - DataBase.py[line:56] - INFO: select * from record_201808 where emp_id=000001 and time like '2018-08-09%'
2018-09-04 16:54:07,358 - DataBase.py[line:56] - INFO: select * from record_201808 where emp_id=000001 and time<'2018-08-09'
2018-09-04 16:54:07,358 - DataBase.py[line:56] - INFO: select * from record_201808 where emp_id=000001 and time like '2018-08-10%'
2018-09-04 16:54:07,359 - DataBase.py[line:56] - INFO: select * from record_201808 where emp_id=000001 and time<'2018-08-10'
2018-09-04 16:54:07,360 - DataBase.py[line:56] - INFO: select * from record_201808 where emp_id=000001 and time like '2018-08-11%'
2018-09-04 16:54:07,360 - DataBase.py[line:56] - INFO: select * from record_201808 where emp_id=000001 and time<'2018-08-11'
2018-09-04 16:54:07,361 - DataBase.py[line:56] - INFO: select * from record_201808 where emp_id=000001 and time like '2018-08-12%'
2018-09-04 16:54:07,361 - DataBase.py[line:56] - INFO: select * from record_201808 where emp_id=000001 and time<'2018-08-12'
2018-09-04 16:54:07,362 - DataBase.py[line:56] - INFO: select * from record_201808 where emp_id=000001 and time like '2018-08-13%'
2018-09-04 16:54:07,362 - DataBase.py[line:56] - INFO: select * from record_201808 where emp_id=000001 and time<'2018-08-13'
2018-09-04 16:54:07,363 - DataBase.py[line:56] - INFO: select * from record_201808 where emp_id=000001 and time like '2018-08-14%'
2018-09-04 16:54:07,363 - DataBase.py[line:56] - INFO: select * from record_201808 where emp_id=000001 and time<'2018-08-14'
2018-09-04 16:54:07,364 - DataBase.py[line:56] - INFO: select * from record_201808 where emp_id=000001 and time like '2018-08-15%'
2018-09-04 16:54:07,364 - DataBase.py[line:56] - INFO: select * from record_201808 where emp_id=000001 and time<'2018-08-15'
2018-09-04 16:54:07,365 - DataBase.py[line:56] - INFO: select * from record_201808 where emp_id=000001 and time like '2018-08-16%'
2018-09-04 16:54:07,365 - DataBase.py[line:56] - INFO: select * from record_201808 where emp_id=000001 and time<'2018-08-16'
2018-09-04 16:54:07,366 - DataBase.py[line:56] - INFO: select * from record_201808 where emp_id=000001 and time like '2018-08-17%'
2018-09-04 16:54:07,366 - DataBase.py[line:56] - INFO: select * from record_201808 where emp_id=000001 and time<'2018-08-17'
2018-09-04 16:54:07,367 - DataBase.py[line:56] - INFO: select * from record_201808 where emp_id=000001 and time like '2018-08-18%'
2018-09-04 16:54:07,368 - DataBase.py[line:56] - INFO: select * from record_201808 where emp_id=000001 and time<'2018-08-18'
2018-09-04 16:54:07,368 - DataBase.py[line:56] - INFO: select * from record_201808 where emp_id=000001 and time like '2018-08-19%'
2018-09-04 16:54:07,368 - DataBase.py[line:56] - INFO: select * from record_201808 where emp_id=000001 and time<'2018-08-19'
2018-09-04 16:54:07,369 - DataBase.py[line:56] - INFO: select * from record_201808 where emp_id=000001 and time like '2018-08-20%'
2018-09-04 16:54:07,370 - DataBase.py[line:56] - INFO: select * from record_201808 where emp_id=000001 and time<'2018-08-20'
2018-09-04 16:54:07,370 - DataBase.py[line:56] - INFO: select * from record_201808 where emp_id=000001 and time like '2018-08-21%'
2018-09-04 16:54:07,371 - DataBase.py[line:56] - INFO: select * from record_201808 where emp_id=000001 and time<'2018-08-21'
2018-09-04 16:54:07,371 - DataBase.py[line:56] - INFO: select * from record_201808 where emp_id=000001 and time like '2018-08-22%'
2018-09-04 16:54:07,371 - DataBase.py[line:56] - INFO: select * from record_201808 where emp_id=000001 and time<'2018-08-22'
2018-09-04 16:54:07,372 - DataBase.py[line:56] - INFO: select * from record_201808 where emp_id=000001 and time like '2018-08-23%'
2018-09-04 16:54:07,372 - DataBase.py[line:56] - INFO: select * from record_201808 where emp_id=000001 and time<'2018-08-23'
2018-09-04 16:54:07,373 - DataBase.py[line:56] - INFO: select * from record_201808 where emp_id=000001 and time like '2018-08-24%'
2018-09-04 16:54:07,373 - DataBase.py[line:56] - INFO: select * from record_201808 where emp_id=000001 and time<'2018-08-24'
2018-09-04 16:54:07,373 - DataBase.py[line:56] - INFO: select * from record_201808 where emp_id=000001 and time like '2018-08-25%'
2018-09-04 16:54:07,374 - DataBase.py[line:56] - INFO: select * from record_201808 where emp_id=000001 and time<'2018-08-25'
2018-09-04 16:54:07,374 - DataBase.py[line:56] - INFO: select * from record_201808 where emp_id=000001 and time like '2018-08-26%'
2018-09-04 16:54:07,375 - DataBase.py[line:56] - INFO: select * from record_201808 where emp_id=000001 and time<'2018-08-26'
2018-09-04 16:54:07,375 - DataBase.py[line:56] - INFO: select * from record_201808 where emp_id=000001 and time like '2018-08-27%'
2018-09-04 16:54:07,375 - DataBase.py[line:56] - INFO: select * from record_201808 where emp_id=000001 and time<'2018-08-27'
2018-09-04 16:54:07,376 - DataBase.py[line:56] - INFO: select * from record_201808 where emp_id=000001 and time like '2018-08-28%'
2018-09-04 16:54:07,376 - DataBase.py[line:56] - INFO: select * from record_201808 where emp_id=000001 and time like '2018-08-29%'
2018-09-04 16:54:07,377 - DataBase.py[line:56] - INFO: select * from record_201808 where emp_id=000001 and time<'2018-08-29'
2018-09-04 16:54:07,378 - DataBase.py[line:56] - INFO: select * from record_201808 where emp_id=000001 and time like '2018-08-30%'
2018-09-04 16:54:07,378 - DataBase.py[line:56] - INFO: select * from record_201808 where emp_id=000001 and time like '2018-08-31%'
2018-09-04 16:54:07,378 - DataBase.py[line:56] - INFO: select * from record_201808 where emp_id=000001 and time<'2018-08-31'
2018-09-04 16:54:07,379 - DataBase.py[line:56] - INFO: select * from record_201808 where emp_id=000002 and time like '2018-08-01%'
2018-09-04 16:54:07,379 - DataBase.py[line:56] - INFO: select * from record_201808 where emp_id=000002 and time<'2018-08-01'
2018-09-04 16:54:07,380 - DataBase.py[line:56] - INFO: select * from record_201808 where emp_id=000002 and time like '2018-08-02%'
2018-09-04 16:54:07,380 - DataBase.py[line:56] - INFO: select * from record_201808 where emp_id=000002 and time<'2018-08-02'
2018-09-04 16:54:07,381 - DataBase.py[line:56] - INFO: select * from record_201808 where emp_id=000002 and time like '2018-08-03%'
2018-09-04 16:54:07,381 - DataBase.py[line:56] - INFO: select * from record_201808 where emp_id=000002 and time<'2018-08-03'
2018-09-04 16:54:07,382 - DataBase.py[line:56] - INFO: select * from record_201808 where emp_id=000002 and time like '2018-08-04%'
2018-09-04 16:54:07,382 - DataBase.py[line:56] - INFO: select * from record_201808 where emp_id=000002 and time<'2018-08-04'
2018-09-04 16:54:07,382 - DataBase.py[line:56] - INFO: select * from record_201808 where emp_id=000002 and time like '2018-08-05%'
2018-09-04 16:54:07,383 - DataBase.py[line:56] - INFO: select * from record_201808 where emp_id=000002 and time<'2018-08-05'
2018-09-04 16:54:07,383 - DataBase.py[line:56] - INFO: select * from record_201808 where emp_id=000002 and time like '2018-08-06%'
2018-09-04 16:54:07,384 - DataBase.py[line:56] - INFO: select * from record_201808 where emp_id=000002 and time<'2018-08-06'
2018-09-04 16:54:07,384 - DataBase.py[line:56] - INFO: select * from record_201808 where emp_id=000002 and time like '2018-08-07%'
2018-09-04 16:54:07,384 - DataBase.py[line:56] - INFO: select * from record_201808 where emp_id=000002 and time<'2018-08-07'
2018-09-04 16:54:07,385 - DataBase.py[line:56] - INFO: select * from record_201808 where emp_id=000002 and time like '2018-08-08%'
2018-09-04 16:54:07,385 - DataBase.py[line:56] - INFO: select * from record_201808 where emp_id=000002 and time<'2018-08-08'
2018-09-04 16:54:07,386 - DataBase.py[line:56] - INFO: select * from record_201808 where emp_id=000002 and time like '2018-08-09%'
2018-09-04 16:54:07,386 - DataBase.py[line:56] - INFO: select * from record_201808 where emp_id=000002 and time<'2018-08-09'
2018-09-04 16:54:07,386 - DataBase.py[line:56] - INFO: select * from record_201808 where emp_id=000002 and time like '2018-08-10%'
2018-09-04 16:54:07,387 - DataBase.py[line:56] - INFO: select * from record_201808 where emp_id=000002 and time<'2018-08-10'
2018-09-04 16:54:07,387 - DataBase.py[line:56] - INFO: select * from record_201808 where emp_id=000002 and time like '2018-08-11%'
2018-09-04 16:54:07,388 - DataBase.py[line:56] - INFO: select * from record_201808 where emp_id=000002 and time<'2018-08-11'
2018-09-04 16:54:07,388 - DataBase.py[line:56] - INFO: select * from record_201808 where emp_id=000002 and time like '2018-08-12%'
2018-09-04 16:54:07,389 - DataBase.py[line:56] - INFO: select * from record_201808 where emp_id=000002 and time<'2018-08-12'
2018-09-04 16:54:07,389 - DataBase.py[line:56] - INFO: select * from record_201808 where emp_id=000002 and time like '2018-08-13%'
2018-09-04 16:54:07,390 - DataBase.py[line:56] - INFO: select * from record_201808 where emp_id=000002 and time<'2018-08-13'
2018-09-04 16:54:07,390 - DataBase.py[line:56] - INFO: select * from record_201808 where emp_id=000002 and time like '2018-08-14%'
2018-09-04 16:54:07,391 - DataBase.py[line:56] - INFO: select * from record_201808 where emp_id=000002 and time<'2018-08-14'
2018-09-04 16:54:07,391 - DataBase.py[line:56] - INFO: select * from record_201808 where emp_id=000002 and time like '2018-08-15%'
2018-09-04 16:54:07,391 - DataBase.py[line:56] - INFO: select * from record_201808 where emp_id=000002 and time<'2018-08-15'
2018-09-04 16:54:07,392 - DataBase.py[line:56] - INFO: select * from record_201808 where emp_id=000002 and time like '2018-08-16%'
2018-09-04 16:54:07,392 - DataBase.py[line:56] - INFO: select * from record_201808 where emp_id=000002 and time<'2018-08-16'
2018-09-04 16:54:07,393 - DataBase.py[line:56] - INFO: select * from record_201808 where emp_id=000002 and time like '2018-08-17%'
2018-09-04 16:54:07,393 - DataBase.py[line:56] - INFO: select * from record_201808 where emp_id=000002 and time<'2018-08-17'
2018-09-04 16:54:07,397 - DataBase.py[line:56] - INFO: select * from record_201808 where emp_id=000002 and time like '2018-08-18%'
2018-09-04 16:54:07,403 - DataBase.py[line:56] - INFO: select * from record_201808 where emp_id=000002 and time<'2018-08-18'
2018-09-04 16:54:07,404 - DataBase.py[line:56] - INFO: select * from record_201808 where emp_id=000002 and time like '2018-08-19%'
2018-09-04 16:54:07,404 - DataBase.py[line:56] - INFO: select * from record_201808 where emp_id=000002 and time<'2018-08-19'
2018-09-04 16:54:07,405 - DataBase.py[line:56] - INFO: select * from record_201808 where emp_id=000002 and time like '2018-08-20%'
2018-09-04 16:54:07,405 - DataBase.py[line:56] - INFO: select * from record_201808 where emp_id=000002 and time<'2018-08-20'
2018-09-04 16:54:07,406 - DataBase.py[line:56] - INFO: select * from record_201808 where emp_id=000002 and time like '2018-08-21%'
2018-09-04 16:54:07,408 - DataBase.py[line:56] - INFO: select * from record_201808 where emp_id=000002 and time<'2018-08-21'
2018-09-04 16:54:07,409 - DataBase.py[line:56] - INFO: select * from record_201808 where emp_id=000002 and time like '2018-08-22%'
2018-09-04 16:54:07,410 - DataBase.py[line:56] - INFO: select * from record_201808 where emp_id=000002 and time<'2018-08-22'
2018-09-04 16:54:07,411 - DataBase.py[line:56] - INFO: select * from record_201808 where emp_id=000002 and time like '2018-08-23%'
2018-09-04 16:54:07,412 - DataBase.py[line:56] - INFO: select * from record_201808 where emp_id=000002 and time<'2018-08-23'
2018-09-04 16:54:07,413 - DataBase.py[line:56] - INFO: select * from record_201808 where emp_id=000002 and time like '2018-08-24%'
2018-09-04 16:54:07,414 - DataBase.py[line:56] - INFO: select * from record_201808 where emp_id=000002 and time<'2018-08-24'
2018-09-04 16:54:07,415 - DataBase.py[line:56] - INFO: select * from record_201808 where emp_id=000002 and time like '2018-08-25%'
2018-09-04 16:54:07,415 - DataBase.py[line:56] - INFO: select * from record_201808 where emp_id=000002 and time<'2018-08-25'
2018-09-04 16:54:07,416 - DataBase.py[line:56] - INFO: select * from record_201808 where emp_id=000002 and time like '2018-08-26%'
2018-09-04 16:54:07,417 - DataBase.py[line:56] - INFO: select * from record_201808 where emp_id=000002 and time<'2018-08-26'
2018-09-04 16:54:07,418 - DataBase.py[line:56] - INFO: select * from record_201808 where emp_id=000002 and time like '2018-08-27%'
2018-09-04 16:54:07,419 - DataBase.py[line:56] - INFO: select * from record_201808 where emp_id=000002 and time<'2018-08-27'
2018-09-04 16:54:07,420 - DataBase.py[line:56] - INFO: select * from record_201808 where emp_id=000002 and time like '2018-08-28%'
2018-09-04 16:54:07,420 - DataBase.py[line:56] - INFO: select * from record_201808 where emp_id=000002 and time<'2018-08-28'
2018-09-04 16:54:07,421 - DataBase.py[line:56] - INFO: select * from record_201808 where emp_id=000002 and time like '2018-08-29%'
2018-09-04 16:54:07,422 - DataBase.py[line:56] - INFO: select * from record_201808 where emp_id=000002 and time<'2018-08-29'
2018-09-04 16:54:07,422 - DataBase.py[line:56] - INFO: select * from record_201808 where emp_id=000002 and time like '2018-08-30%'
2018-09-04 16:54:07,423 - DataBase.py[line:56] - INFO: select * from record_201808 where emp_id=000002 and time<'2018-08-30'
2018-09-04 16:54:07,424 - DataBase.py[line:56] - INFO: select * from record_201808 where emp_id=000002 and time like '2018-08-31%'
2018-09-04 16:54:07,425 - DataBase.py[line:56] - INFO: select * from record_201808 where emp_id=000002 and time<'2018-08-31'
2018-09-04 16:54:07,430 - DataBase.py[line:56] - INFO: select * from record_201808 where emp_id=000003 and time like '2018-08-01%'
2018-09-04 16:54:07,430 - DataBase.py[line:56] - INFO: select * from record_201808 where emp_id=000003 and time<'2018-08-01'
2018-09-04 16:54:07,431 - DataBase.py[line:56] - INFO: select * from record_201808 where emp_id=000003 and time like '2018-08-02%'
2018-09-04 16:54:07,432 - DataBase.py[line:56] - INFO: select * from record_201808 where emp_id=000003 and time<'2018-08-02'
2018-09-04 16:54:07,432 - DataBase.py[line:56] - INFO: select * from record_201808 where emp_id=000003 and time like '2018-08-03%'
2018-09-04 16:54:07,433 - DataBase.py[line:56] - INFO: select * from record_201808 where emp_id=000003 and time<'2018-08-03'
2018-09-04 16:54:07,433 - DataBase.py[line:56] - INFO: select * from record_201808 where emp_id=000003 and time like '2018-08-04%'
2018-09-04 16:54:07,434 - DataBase.py[line:56] - INFO: select * from record_201808 where emp_id=000003 and time<'2018-08-04'
2018-09-04 16:54:07,434 - DataBase.py[line:56] - INFO: select * from record_201808 where emp_id=000003 and time like '2018-08-05%'
2018-09-04 16:54:07,434 - DataBase.py[line:56] - INFO: select * from record_201808 where emp_id=000003 and time<'2018-08-05'
2018-09-04 16:54:07,434 - DataBase.py[line:56] - INFO: select * from record_201808 where emp_id=000003 and time like '2018-08-06%'
2018-09-04 16:54:07,434 - DataBase.py[line:56] - INFO: select * from record_201808 where emp_id=000003 and time<'2018-08-06'
2018-09-04 16:54:07,435 - DataBase.py[line:56] - INFO: select * from record_201808 where emp_id=000003 and time like '2018-08-07%'
2018-09-04 16:54:07,435 - DataBase.py[line:56] - INFO: select * from record_201808 where emp_id=000003 and time<'2018-08-07'
2018-09-04 16:54:07,435 - DataBase.py[line:56] - INFO: select * from record_201808 where emp_id=000003 and time like '2018-08-08%'
2018-09-04 16:54:07,436 - DataBase.py[line:56] - INFO: select * from record_201808 where emp_id=000003 and time<'2018-08-08'
2018-09-04 16:54:07,436 - DataBase.py[line:56] - INFO: select * from record_201808 where emp_id=000003 and time like '2018-08-09%'
2018-09-04 16:54:07,437 - DataBase.py[line:56] - INFO: select * from record_201808 where emp_id=000003 and time<'2018-08-09'
2018-09-04 16:54:07,437 - DataBase.py[line:56] - INFO: select * from record_201808 where emp_id=000003 and time like '2018-08-10%'
2018-09-04 16:54:07,437 - DataBase.py[line:56] - INFO: select * from record_201808 where emp_id=000003 and time<'2018-08-10'
2018-09-04 16:54:07,438 - DataBase.py[line:56] - INFO: select * from record_201808 where emp_id=000003 and time like '2018-08-11%'
2018-09-04 16:54:07,438 - DataBase.py[line:56] - INFO: select * from record_201808 where emp_id=000003 and time<'2018-08-11'
2018-09-04 16:54:07,439 - DataBase.py[line:56] - INFO: select * from record_201808 where emp_id=000003 and time like '2018-08-12%'
2018-09-04 16:54:07,440 - DataBase.py[line:56] - INFO: select * from record_201808 where emp_id=000003 and time<'2018-08-12'
2018-09-04 16:54:07,440 - DataBase.py[line:56] - INFO: select * from record_201808 where emp_id=000003 and time like '2018-08-13%'
2018-09-04 16:54:07,441 - DataBase.py[line:56] - INFO: select * from record_201808 where emp_id=000003 and time<'2018-08-13'
2018-09-04 16:54:07,441 - DataBase.py[line:56] - INFO: select * from record_201808 where emp_id=000003 and time like '2018-08-14%'
2018-09-04 16:54:07,442 - DataBase.py[line:56] - INFO: select * from record_201808 where emp_id=000003 and time<'2018-08-14'
2018-09-04 16:54:07,442 - DataBase.py[line:56] - INFO: select * from record_201808 where emp_id=000003 and time like '2018-08-15%'
2018-09-04 16:54:07,443 - DataBase.py[line:56] - INFO: select * from record_201808 where emp_id=000003 and time<'2018-08-15'
2018-09-04 16:54:07,444 - DataBase.py[line:56] - INFO: select * from record_201808 where emp_id=000003 and time like '2018-08-16%'
2018-09-04 16:54:07,444 - DataBase.py[line:56] - INFO: select * from record_201808 where emp_id=000003 and time<'2018-08-16'
2018-09-04 16:54:07,445 - DataBase.py[line:56] - INFO: select * from record_201808 where emp_id=000003 and time like '2018-08-17%'
2018-09-04 16:54:07,446 - DataBase.py[line:56] - INFO: select * from record_201808 where emp_id=000003 and time<'2018-08-17'
2018-09-04 16:54:07,446 - DataBase.py[line:56] - INFO: select * from record_201808 where emp_id=000003 and time like '2018-08-18%'
2018-09-04 16:54:07,447 - DataBase.py[line:56] - INFO: select * from record_201808 where emp_id=000003 and time<'2018-08-18'
2018-09-04 16:54:07,447 - DataBase.py[line:56] - INFO: select * from record_201808 where emp_id=000003 and time like '2018-08-19%'
2018-09-04 16:54:07,448 - DataBase.py[line:56] - INFO: select * from record_201808 where emp_id=000003 and time<'2018-08-19'
2018-09-04 16:54:07,448 - DataBase.py[line:56] - INFO: select * from record_201808 where emp_id=000003 and time like '2018-08-20%'
2018-09-04 16:54:07,448 - DataBase.py[line:56] - INFO: select * from record_201808 where emp_id=000003 and time<'2018-08-20'
2018-09-04 16:54:07,449 - DataBase.py[line:56] - INFO: select * from record_201808 where emp_id=000003 and time like '2018-08-21%'
2018-09-04 16:54:07,449 - DataBase.py[line:56] - INFO: select * from record_201808 where emp_id=000003 and time<'2018-08-21'
2018-09-04 16:54:07,449 - DataBase.py[line:56] - INFO: select * from record_201808 where emp_id=000003 and time like '2018-08-22%'
2018-09-04 16:54:07,450 - DataBase.py[line:56] - INFO: select * from record_201808 where emp_id=000003 and time<'2018-08-22'
2018-09-04 16:54:07,450 - DataBase.py[line:56] - INFO: select * from record_201808 where emp_id=000003 and time like '2018-08-23%'
2018-09-04 16:54:07,451 - DataBase.py[line:56] - INFO: select * from record_201808 where emp_id=000003 and time<'2018-08-23'
2018-09-04 16:54:07,451 - DataBase.py[line:56] - INFO: select * from record_201808 where emp_id=000003 and time like '2018-08-24%'
2018-09-04 16:54:07,451 - DataBase.py[line:56] - INFO: select * from record_201808 where emp_id=000003 and time<'2018-08-24'
2018-09-04 16:54:07,452 - DataBase.py[line:56] - INFO: select * from record_201808 where emp_id=000003 and time like '2018-08-25%'
2018-09-04 16:54:07,452 - DataBase.py[line:56] - INFO: select * from record_201808 where emp_id=000003 and time<'2018-08-25'
2018-09-04 16:54:07,452 - DataBase.py[line:56] - INFO: select * from record_201808 where emp_id=000003 and time like '2018-08-26%'
2018-09-04 16:54:07,453 - DataBase.py[line:56] - INFO: select * from record_201808 where emp_id=000003 and time<'2018-08-26'
2018-09-04 16:54:07,453 - DataBase.py[line:56] - INFO: select * from record_201808 where emp_id=000003 and time like '2018-08-27%'
2018-09-04 16:54:07,454 - DataBase.py[line:56] - INFO: select * from record_201808 where emp_id=000003 and time<'2018-08-27'
2018-09-04 16:54:07,454 - DataBase.py[line:56] - INFO: select * from record_201808 where emp_id=000003 and time like '2018-08-28%'
2018-09-04 16:54:07,455 - DataBase.py[line:56] - INFO: select * from record_201808 where emp_id=000003 and time<'2018-08-28'
2018-09-04 16:54:07,455 - DataBase.py[line:56] - INFO: select * from record_201808 where emp_id=000003 and time like '2018-08-29%'
2018-09-04 16:54:07,455 - DataBase.py[line:56] - INFO: select * from record_201808 where emp_id=000003 and time<'2018-08-29'
2018-09-04 16:54:07,456 - DataBase.py[line:56] - INFO: select * from record_201808 where emp_id=000003 and time like '2018-08-30%'
2018-09-04 16:54:07,456 - DataBase.py[line:56] - INFO: select * from record_201808 where emp_id=000003 and time<'2018-08-30'
2018-09-04 16:54:07,456 - DataBase.py[line:56] - INFO: select * from record_201808 where emp_id=000003 and time like '2018-08-31%'
2018-09-04 16:54:07,457 - DataBase.py[line:56] - INFO: select * from record_201808 where emp_id=000003 and time<'2018-08-31'
2018-09-04 16:54:07,457 - DataBase.py[line:56] - INFO: select * from record_201808 where emp_id=000004 and time like '2018-08-01%'
2018-09-04 16:54:07,457 - DataBase.py[line:56] - INFO: select * from record_201808 where emp_id=000004 and time<'2018-08-01'
2018-09-04 16:54:07,458 - DataBase.py[line:56] - INFO: select * from record_201808 where emp_id=000004 and time like '2018-08-02%'
2018-09-04 16:54:07,458 - DataBase.py[line:56] - INFO: select * from record_201808 where emp_id=000004 and time<'2018-08-02'
2018-09-04 16:54:07,458 - DataBase.py[line:56] - INFO: select * from record_201808 where emp_id=000004 and time like '2018-08-03%'
2018-09-04 16:54:07,459 - DataBase.py[line:56] - INFO: select * from record_201808 where emp_id=000004 and time<'2018-08-03'
2018-09-04 16:54:07,459 - DataBase.py[line:56] - INFO: select * from record_201808 where emp_id=000004 and time like '2018-08-04%'
2018-09-04 16:54:07,460 - DataBase.py[line:56] - INFO: select * from record_201808 where emp_id=000004 and time<'2018-08-04'
2018-09-04 16:54:07,460 - DataBase.py[line:56] - INFO: select * from record_201808 where emp_id=000004 and time like '2018-08-05%'
2018-09-04 16:54:07,460 - DataBase.py[line:56] - INFO: select * from record_201808 where emp_id=000004 and time<'2018-08-05'
2018-09-04 16:54:07,461 - DataBase.py[line:56] - INFO: select * from record_201808 where emp_id=000004 and time like '2018-08-06%'
2018-09-04 16:54:07,461 - DataBase.py[line:56] - INFO: select * from record_201808 where emp_id=000004 and time<'2018-08-06'
2018-09-04 16:54:07,461 - DataBase.py[line:56] - INFO: select * from record_201808 where emp_id=000004 and time like '2018-08-07%'
2018-09-04 16:54:07,462 - DataBase.py[line:56] - INFO: select * from record_201808 where emp_id=000004 and time<'2018-08-07'
2018-09-04 16:54:07,462 - DataBase.py[line:56] - INFO: select * from record_201808 where emp_id=000004 and time like '2018-08-08%'
2018-09-04 16:54:07,462 - DataBase.py[line:56] - INFO: select * from record_201808 where emp_id=000004 and time<'2018-08-08'
2018-09-04 16:54:07,463 - DataBase.py[line:56] - INFO: select * from record_201808 where emp_id=000004 and time like '2018-08-09%'
2018-09-04 16:54:07,463 - DataBase.py[line:56] - INFO: select * from record_201808 where emp_id=000004 and time<'2018-08-09'
2018-09-04 16:54:07,463 - DataBase.py[line:56] - INFO: select * from record_201808 where emp_id=000004 and time like '2018-08-10%'
2018-09-04 16:54:07,464 - DataBase.py[line:56] - INFO: select * from record_201808 where emp_id=000004 and time<'2018-08-10'
2018-09-04 16:54:07,464 - DataBase.py[line:56] - INFO: select * from record_201808 where emp_id=000004 and time like '2018-08-11%'
2018-09-04 16:54:07,464 - DataBase.py[line:56] - INFO: select * from record_201808 where emp_id=000004 and time<'2018-08-11'
2018-09-04 16:54:07,465 - DataBase.py[line:56] - INFO: select * from record_201808 where emp_id=000004 and time like '2018-08-12%'
2018-09-04 16:54:07,465 - DataBase.py[line:56] - INFO: select * from record_201808 where emp_id=000004 and time<'2018-08-12'
2018-09-04 16:54:07,466 - DataBase.py[line:56] - INFO: select * from record_201808 where emp_id=000004 and time like '2018-08-13%'
2018-09-04 16:54:07,466 - DataBase.py[line:56] - INFO: select * from record_201808 where emp_id=000004 and time<'2018-08-13'
2018-09-04 16:54:07,467 - DataBase.py[line:56] - INFO: select * from record_201808 where emp_id=000004 and time like '2018-08-14%'
2018-09-04 16:54:07,467 - DataBase.py[line:56] - INFO: select * from record_201808 where emp_id=000004 and time<'2018-08-14'
2018-09-04 16:54:07,467 - DataBase.py[line:56] - INFO: select * from record_201808 where emp_id=000004 and time like '2018-08-15%'
2018-09-04 16:54:07,468 - DataBase.py[line:56] - INFO: select * from record_201808 where emp_id=000004 and time<'2018-08-15'
2018-09-04 16:54:07,468 - DataBase.py[line:56] - INFO: select * from record_201808 where emp_id=000004 and time like '2018-08-16%'
2018-09-04 16:54:07,468 - DataBase.py[line:56] - INFO: select * from record_201808 where emp_id=000004 and time<'2018-08-16'
2018-09-04 16:54:07,469 - DataBase.py[line:56] - INFO: select * from record_201808 where emp_id=000004 and time like '2018-08-17%'
2018-09-04 16:54:07,469 - DataBase.py[line:56] - INFO: select * from record_201808 where emp_id=000004 and time<'2018-08-17'
2018-09-04 16:54:07,469 - DataBase.py[line:56] - INFO: select * from record_201808 where emp_id=000004 and time like '2018-08-18%'
2018-09-04 16:54:07,469 - DataBase.py[line:56] - INFO: select * from record_201808 where emp_id=000004 and time<'2018-08-18'
2018-09-04 16:54:07,470 - DataBase.py[line:56] - INFO: select * from record_201808 where emp_id=000004 and time like '2018-08-19%'
2018-09-04 16:54:07,470 - DataBase.py[line:56] - INFO: select * from record_201808 where emp_id=000004 and time<'2018-08-19'
2018-09-04 16:54:07,470 - DataBase.py[line:56] - INFO: select * from record_201808 where emp_id=000004 and time like '2018-08-20%'
2018-09-04 16:54:07,471 - DataBase.py[line:56] - INFO: select * from record_201808 where emp_id=000004 and time<'2018-08-20'
2018-09-04 16:54:07,471 - DataBase.py[line:56] - INFO: select * from record_201808 where emp_id=000004 and time like '2018-08-21%'
2018-09-04 16:54:07,471 - DataBase.py[line:56] - INFO: select * from record_201808 where emp_id=000004 and time<'2018-08-21'
2018-09-04 16:54:07,472 - DataBase.py[line:56] - INFO: select * from record_201808 where emp_id=000004 and time like '2018-08-22%'
2018-09-04 16:54:07,472 - DataBase.py[line:56] - INFO: select * from record_201808 where emp_id=000004 and time<'2018-08-22'
2018-09-04 16:54:07,472 - DataBase.py[line:56] - INFO: select * from record_201808 where emp_id=000004 and time like '2018-08-23%'
2018-09-04 16:54:07,473 - DataBase.py[line:56] - INFO: select * from record_201808 where emp_id=000004 and time<'2018-08-23'
2018-09-04 16:54:07,473 - DataBase.py[line:56] - INFO: select * from record_201808 where emp_id=000004 and time like '2018-08-24%'
2018-09-04 16:54:07,473 - DataBase.py[line:56] - INFO: select * from record_201808 where emp_id=000004 and time<'2018-08-24'
2018-09-04 16:54:07,474 - DataBase.py[line:56] - INFO: select * from record_201808 where emp_id=000004 and time like '2018-08-25%'
2018-09-04 16:54:07,474 - DataBase.py[line:56] - INFO: select * from record_201808 where emp_id=000004 and time<'2018-08-25'
2018-09-04 16:54:07,474 - DataBase.py[line:56] - INFO: select * from record_201808 where emp_id=000004 and time like '2018-08-26%'
2018-09-04 16:54:07,475 - DataBase.py[line:56] - INFO: select * from record_201808 where emp_id=000004 and time<'2018-08-26'
2018-09-04 16:54:07,475 - DataBase.py[line:56] - INFO: select * from record_201808 where emp_id=000004 and time like '2018-08-27%'
2018-09-04 16:54:07,475 - DataBase.py[line:56] - INFO: select * from record_201808 where emp_id=000004 and time<'2018-08-27'
2018-09-04 16:54:07,476 - DataBase.py[line:56] - INFO: select * from record_201808 where emp_id=000004 and time like '2018-08-28%'
2018-09-04 16:54:07,476 - DataBase.py[line:56] - INFO: select * from record_201808 where emp_id=000004 and time<'2018-08-28'
2018-09-04 16:54:07,477 - DataBase.py[line:56] - INFO: select * from record_201808 where emp_id=000004 and time like '2018-08-29%'
2018-09-04 16:54:07,477 - DataBase.py[line:56] - INFO: select * from record_201808 where emp_id=000004 and time<'2018-08-29'
2018-09-04 16:54:07,478 - DataBase.py[line:56] - INFO: select * from record_201808 where emp_id=000004 and time like '2018-08-30%'
2018-09-04 16:54:07,478 - DataBase.py[line:56] - INFO: select * from record_201808 where emp_id=000004 and time<'2018-08-30'
2018-09-04 16:54:07,479 - DataBase.py[line:56] - INFO: select * from record_201808 where emp_id=000004 and time like '2018-08-31%'
2018-09-04 16:54:07,479 - DataBase.py[line:56] - INFO: select * from record_201808 where emp_id=000004 and time<'2018-08-31'
2018-09-04 16:54:07,479 - DataBase.py[line:56] - INFO: select * from record_201808 where emp_id=000005 and time like '2018-08-01%'
2018-09-04 16:54:07,480 - DataBase.py[line:56] - INFO: select * from record_201808 where emp_id=000005 and time<'2018-08-01'
2018-09-04 16:54:07,480 - DataBase.py[line:56] - INFO: select * from record_201808 where emp_id=000005 and time like '2018-08-02%'
2018-09-04 16:54:07,481 - DataBase.py[line:56] - INFO: select * from record_201808 where emp_id=000005 and time<'2018-08-02'
2018-09-04 16:54:07,481 - DataBase.py[line:56] - INFO: select * from record_201808 where emp_id=000005 and time like '2018-08-03%'
2018-09-04 16:54:07,481 - DataBase.py[line:56] - INFO: select * from record_201808 where emp_id=000005 and time<'2018-08-03'
2018-09-04 16:54:07,482 - DataBase.py[line:56] - INFO: select * from record_201808 where emp_id=000005 and time like '2018-08-04%'
2018-09-04 16:54:07,482 - DataBase.py[line:56] - INFO: select * from record_201808 where emp_id=000005 and time<'2018-08-04'
2018-09-04 16:54:07,483 - DataBase.py[line:56] - INFO: select * from record_201808 where emp_id=000005 and time like '2018-08-05%'
2018-09-04 16:54:07,483 - DataBase.py[line:56] - INFO: select * from record_201808 where emp_id=000005 and time<'2018-08-05'
2018-09-04 16:54:07,483 - DataBase.py[line:56] - INFO: select * from record_201808 where emp_id=000005 and time like '2018-08-06%'
2018-09-04 16:54:07,484 - DataBase.py[line:56] - INFO: select * from record_201808 where emp_id=000005 and time<'2018-08-06'
2018-09-04 16:54:07,484 - DataBase.py[line:56] - INFO: select * from record_201808 where emp_id=000005 and time like '2018-08-07%'
2018-09-04 16:54:07,484 - DataBase.py[line:56] - INFO: select * from record_201808 where emp_id=000005 and time<'2018-08-07'
2018-09-04 16:54:07,485 - DataBase.py[line:56] - INFO: select * from record_201808 where emp_id=000005 and time like '2018-08-08%'
2018-09-04 16:54:07,485 - DataBase.py[line:56] - INFO: select * from record_201808 where emp_id=000005 and time<'2018-08-08'
2018-09-04 16:54:07,486 - DataBase.py[line:56] - INFO: select * from record_201808 where emp_id=000005 and time like '2018-08-09%'
2018-09-04 16:54:07,486 - DataBase.py[line:56] - INFO: select * from record_201808 where emp_id=000005 and time<'2018-08-09'
2018-09-04 16:54:07,486 - DataBase.py[line:56] - INFO: select * from record_201808 where emp_id=000005 and time like '2018-08-10%'
2018-09-04 16:54:07,487 - DataBase.py[line:56] - INFO: select * from record_201808 where emp_id=000005 and time<'2018-08-10'
2018-09-04 16:54:07,487 - DataBase.py[line:56] - INFO: select * from record_201808 where emp_id=000005 and time like '2018-08-11%'
2018-09-04 16:54:07,487 - DataBase.py[line:56] - INFO: select * from record_201808 where emp_id=000005 and time<'2018-08-11'
2018-09-04 16:54:07,488 - DataBase.py[line:56] - INFO: select * from record_201808 where emp_id=000005 and time like '2018-08-12%'
2018-09-04 16:54:07,488 - DataBase.py[line:56] - INFO: select * from record_201808 where emp_id=000005 and time<'2018-08-12'
2018-09-04 16:54:07,489 - DataBase.py[line:56] - INFO: select * from record_201808 where emp_id=000005 and time like '2018-08-13%'
2018-09-04 16:54:07,489 - DataBase.py[line:56] - INFO: select * from record_201808 where emp_id=000005 and time<'2018-08-13'
2018-09-04 16:54:07,489 - DataBase.py[line:56] - INFO: select * from record_201808 where emp_id=000005 and time like '2018-08-14%'
2018-09-04 16:54:07,490 - DataBase.py[line:56] - INFO: select * from record_201808 where emp_id=000005 and time<'2018-08-14'
2018-09-04 16:54:07,490 - DataBase.py[line:56] - INFO: select * from record_201808 where emp_id=000005 and time like '2018-08-15%'
2018-09-04 16:54:07,490 - DataBase.py[line:56] - INFO: select * from record_201808 where emp_id=000005 and time<'2018-08-15'
2018-09-04 16:54:07,491 - DataBase.py[line:56] - INFO: select * from record_201808 where emp_id=000005 and time like '2018-08-16%'
2018-09-04 16:54:07,491 - DataBase.py[line:56] - INFO: select * from record_201808 where emp_id=000005 and time<'2018-08-16'
2018-09-04 16:54:07,491 - DataBase.py[line:56] - INFO: select * from record_201808 where emp_id=000005 and time like '2018-08-17%'
2018-09-04 16:54:07,492 - DataBase.py[line:56] - INFO: select * from record_201808 where emp_id=000005 and time<'2018-08-17'
2018-09-04 16:54:07,492 - DataBase.py[line:56] - INFO: select * from record_201808 where emp_id=000005 and time like '2018-08-18%'
2018-09-04 16:54:07,492 - DataBase.py[line:56] - INFO: select * from record_201808 where emp_id=000005 and time<'2018-08-18'
2018-09-04 16:54:07,493 - DataBase.py[line:56] - INFO: select * from record_201808 where emp_id=000005 and time like '2018-08-19%'
2018-09-04 16:54:07,494 - DataBase.py[line:56] - INFO: select * from record_201808 where emp_id=000005 and time<'2018-08-19'
2018-09-04 16:54:07,494 - DataBase.py[line:56] - INFO: select * from record_201808 where emp_id=000005 and time like '2018-08-20%'
2018-09-04 16:54:07,494 - DataBase.py[line:56] - INFO: select * from record_201808 where emp_id=000005 and time<'2018-08-20'
2018-09-04 16:54:07,495 - DataBase.py[line:56] - INFO: select * from record_201808 where emp_id=000005 and time like '2018-08-21%'
2018-09-04 16:54:07,495 - DataBase.py[line:56] - INFO: select * from record_201808 where emp_id=000005 and time<'2018-08-21'
2018-09-04 16:54:07,495 - DataBase.py[line:56] - INFO: select * from record_201808 where emp_id=000005 and time like '2018-08-22%'
2018-09-04 16:54:07,496 - DataBase.py[line:56] - INFO: select * from record_201808 where emp_id=000005 and time<'2018-08-22'
2018-09-04 16:54:07,496 - DataBase.py[line:56] - INFO: select * from record_201808 where emp_id=000005 and time like '2018-08-23%'
2018-09-04 16:54:07,496 - DataBase.py[line:56] - INFO: select * from record_201808 where emp_id=000005 and time<'2018-08-23'
2018-09-04 16:54:07,497 - DataBase.py[line:56] - INFO: select * from record_201808 where emp_id=000005 and time like '2018-08-24%'
2018-09-04 16:54:07,497 - DataBase.py[line:56] - INFO: select * from record_201808 where emp_id=000005 and time<'2018-08-24'
2018-09-04 16:54:07,497 - DataBase.py[line:56] - INFO: select * from record_201808 where emp_id=000005 and time like '2018-08-25%'
2018-09-04 16:54:07,497 - DataBase.py[line:56] - INFO: select * from record_201808 where emp_id=000005 and time<'2018-08-25'
2018-09-04 16:54:07,498 - DataBase.py[line:56] - INFO: select * from record_201808 where emp_id=000005 and time like '2018-08-26%'
2018-09-04 16:54:07,498 - DataBase.py[line:56] - INFO: select * from record_201808 where emp_id=000005 and time<'2018-08-26'
2018-09-04 16:54:07,499 - DataBase.py[line:56] - INFO: select * from record_201808 where emp_id=000005 and time like '2018-08-27%'
2018-09-04 16:54:07,499 - DataBase.py[line:56] - INFO: select * from record_201808 where emp_id=000005 and time<'2018-08-27'
2018-09-04 16:54:07,499 - DataBase.py[line:56] - INFO: select * from record_201808 where emp_id=000005 and time like '2018-08-28%'
2018-09-04 16:54:07,500 - DataBase.py[line:56] - INFO: select * from record_201808 where emp_id=000005 and time<'2018-08-28'
2018-09-04 16:54:07,500 - DataBase.py[line:56] - INFO: select * from record_201808 where emp_id=000005 and time like '2018-08-29%'
2018-09-04 16:54:07,500 - DataBase.py[line:56] - INFO: select * from record_201808 where emp_id=000005 and time<'2018-08-29'
2018-09-04 16:54:07,501 - DataBase.py[line:56] - INFO: select * from record_201808 where emp_id=000005 and time like '2018-08-30%'
2018-09-04 16:54:07,501 - DataBase.py[line:56] - INFO: select * from record_201808 where emp_id=000005 and time<'2018-08-30'
2018-09-04 16:54:07,501 - DataBase.py[line:56] - INFO: select * from record_201808 where emp_id=000005 and time like '2018-08-31%'
2018-09-04 16:54:07,502 - DataBase.py[line:56] - INFO: select * from record_201808 where emp_id=000005 and time<'2018-08-31'
2018-09-04 16:54:07,502 - DataBase.py[line:56] - INFO: select * from record_201808 where emp_id=000006 and time like '2018-08-01%'
2018-09-04 16:54:07,503 - DataBase.py[line:56] - INFO: select * from record_201808 where emp_id=000006 and time<'2018-08-01'
2018-09-04 16:54:07,503 - DataBase.py[line:56] - INFO: select * from record_201808 where emp_id=000006 and time like '2018-08-02%'
2018-09-04 16:54:07,503 - DataBase.py[line:56] - INFO: select * from record_201808 where emp_id=000006 and time<'2018-08-02'
2018-09-04 16:54:07,504 - DataBase.py[line:56] - INFO: select * from record_201808 where emp_id=000006 and time like '2018-08-03%'
2018-09-04 16:54:07,504 - DataBase.py[line:56] - INFO: select * from record_201808 where emp_id=000006 and time<'2018-08-03'
2018-09-04 16:54:07,504 - DataBase.py[line:56] - INFO: select * from record_201808 where emp_id=000006 and time like '2018-08-04%'
2018-09-04 16:54:07,505 - DataBase.py[line:56] - INFO: select * from record_201808 where emp_id=000006 and time<'2018-08-04'
2018-09-04 16:54:07,505 - DataBase.py[line:56] - INFO: select * from record_201808 where emp_id=000006 and time like '2018-08-05%'
2018-09-04 16:54:07,505 - DataBase.py[line:56] - INFO: select * from record_201808 where emp_id=000006 and time<'2018-08-05'
2018-09-04 16:54:07,506 - DataBase.py[line:56] - INFO: select * from record_201808 where emp_id=000006 and time like '2018-08-06%'
2018-09-04 16:54:07,506 - DataBase.py[line:56] - INFO: select * from record_201808 where emp_id=000006 and time<'2018-08-06'
2018-09-04 16:54:07,506 - DataBase.py[line:56] - INFO: select * from record_201808 where emp_id=000006 and time like '2018-08-07%'
2018-09-04 16:54:07,507 - DataBase.py[line:56] - INFO: select * from record_201808 where emp_id=000006 and time<'2018-08-07'
2018-09-04 16:54:07,507 - DataBase.py[line:56] - INFO: select * from record_201808 where emp_id=000006 and time like '2018-08-08%'
2018-09-04 16:54:07,507 - DataBase.py[line:56] - INFO: select * from record_201808 where emp_id=000006 and time<'2018-08-08'
2018-09-04 16:54:07,508 - DataBase.py[line:56] - INFO: select * from record_201808 where emp_id=000006 and time like '2018-08-09%'
2018-09-04 16:54:07,508 - DataBase.py[line:56] - INFO: select * from record_201808 where emp_id=000006 and time<'2018-08-09'
2018-09-04 16:54:07,508 - DataBase.py[line:56] - INFO: select * from record_201808 where emp_id=000006 and time like '2018-08-10%'
2018-09-04 16:54:07,509 - DataBase.py[line:56] - INFO: select * from record_201808 where emp_id=000006 and time<'2018-08-10'
2018-09-04 16:54:07,509 - DataBase.py[line:56] - INFO: select * from record_201808 where emp_id=000006 and time like '2018-08-11%'
2018-09-04 16:54:07,509 - DataBase.py[line:56] - INFO: select * from record_201808 where emp_id=000006 and time<'2018-08-11'
2018-09-04 16:54:07,510 - DataBase.py[line:56] - INFO: select * from record_201808 where emp_id=000006 and time like '2018-08-12%'
2018-09-04 16:54:07,510 - DataBase.py[line:56] - INFO: select * from record_201808 where emp_id=000006 and time<'2018-08-12'
2018-09-04 16:54:07,510 - DataBase.py[line:56] - INFO: select * from record_201808 where emp_id=000006 and time like '2018-08-13%'
2018-09-04 16:54:07,511 - DataBase.py[line:56] - INFO: select * from record_201808 where emp_id=000006 and time<'2018-08-13'
2018-09-04 16:54:07,511 - DataBase.py[line:56] - INFO: select * from record_201808 where emp_id=000006 and time like '2018-08-14%'
2018-09-04 16:54:07,511 - DataBase.py[line:56] - INFO: select * from record_201808 where emp_id=000006 and time<'2018-08-14'
2018-09-04 16:54:07,512 - DataBase.py[line:56] - INFO: select * from record_201808 where emp_id=000006 and time like '2018-08-15%'
2018-09-04 16:54:07,512 - DataBase.py[line:56] - INFO: select * from record_201808 where emp_id=000006 and time<'2018-08-15'
2018-09-04 16:54:07,512 - DataBase.py[line:56] - INFO: select * from record_201808 where emp_id=000006 and time like '2018-08-16%'
2018-09-04 16:54:07,513 - DataBase.py[line:56] - INFO: select * from record_201808 where emp_id=000006 and time<'2018-08-16'
2018-09-04 16:54:07,513 - DataBase.py[line:56] - INFO: select * from record_201808 where emp_id=000006 and time like '2018-08-17%'
2018-09-04 16:54:07,513 - DataBase.py[line:56] - INFO: select * from record_201808 where emp_id=000006 and time<'2018-08-17'
2018-09-04 16:54:07,513 - DataBase.py[line:56] - INFO: select * from record_201808 where emp_id=000006 and time like '2018-08-18%'
2018-09-04 16:54:07,514 - DataBase.py[line:56] - INFO: select * from record_201808 where emp_id=000006 and time<'2018-08-18'
2018-09-04 16:54:07,514 - DataBase.py[line:56] - INFO: select * from record_201808 where emp_id=000006 and time like '2018-08-19%'
2018-09-04 16:54:07,514 - DataBase.py[line:56] - INFO: select * from record_201808 where emp_id=000006 and time<'2018-08-19'
2018-09-04 16:54:07,515 - DataBase.py[line:56] - INFO: select * from record_201808 where emp_id=000006 and time like '2018-08-20%'
2018-09-04 16:54:07,515 - DataBase.py[line:56] - INFO: select * from record_201808 where emp_id=000006 and time<'2018-08-20'
2018-09-04 16:54:07,516 - DataBase.py[line:56] - INFO: select * from record_201808 where emp_id=000006 and time like '2018-08-21%'
2018-09-04 16:54:07,516 - DataBase.py[line:56] - INFO: select * from record_201808 where emp_id=000006 and time<'2018-08-21'
2018-09-04 16:54:07,516 - DataBase.py[line:56] - INFO: select * from record_201808 where emp_id=000006 and time like '2018-08-22%'
2018-09-04 16:54:07,517 - DataBase.py[line:56] - INFO: select * from record_201808 where emp_id=000006 and time<'2018-08-22'
2018-09-04 16:54:07,517 - DataBase.py[line:56] - INFO: select * from record_201808 where emp_id=000006 and time like '2018-08-23%'
2018-09-04 16:54:07,517 - DataBase.py[line:56] - INFO: select * from record_201808 where emp_id=000006 and time<'2018-08-23'
2018-09-04 16:54:07,518 - DataBase.py[line:56] - INFO: select * from record_201808 where emp_id=000006 and time like '2018-08-24%'
2018-09-04 16:54:07,518 - DataBase.py[line:56] - INFO: select * from record_201808 where emp_id=000006 and time<'2018-08-24'
2018-09-04 16:54:07,518 - DataBase.py[line:56] - INFO: select * from record_201808 where emp_id=000006 and time like '2018-08-25%'
2018-09-04 16:54:07,519 - DataBase.py[line:56] - INFO: select * from record_201808 where emp_id=000006 and time<'2018-08-25'
2018-09-04 16:54:07,519 - DataBase.py[line:56] - INFO: select * from record_201808 where emp_id=000006 and time like '2018-08-26%'
2018-09-04 16:54:07,519 - DataBase.py[line:56] - INFO: select * from record_201808 where emp_id=000006 and time<'2018-08-26'
2018-09-04 16:54:07,519 - DataBase.py[line:56] - INFO: select * from record_201808 where emp_id=000006 and time like '2018-08-27%'
2018-09-04 16:54:07,520 - DataBase.py[line:56] - INFO: select * from record_201808 where emp_id=000006 and time<'2018-08-27'
2018-09-04 16:54:07,520 - DataBase.py[line:56] - INFO: select * from record_201808 where emp_id=000006 and time like '2018-08-28%'
2018-09-04 16:54:07,520 - DataBase.py[line:56] - INFO: select * from record_201808 where emp_id=000006 and time<'2018-08-28'
2018-09-04 16:54:07,521 - DataBase.py[line:56] - INFO: select * from record_201808 where emp_id=000006 and time like '2018-08-29%'
2018-09-04 16:54:07,521 - DataBase.py[line:56] - INFO: select * from record_201808 where emp_id=000006 and time<'2018-08-29'
2018-09-04 16:54:07,521 - DataBase.py[line:56] - INFO: select * from record_201808 where emp_id=000006 and time like '2018-08-30%'
2018-09-04 16:54:07,522 - DataBase.py[line:56] - INFO: select * from record_201808 where emp_id=000006 and time<'2018-08-30'
2018-09-04 16:54:07,522 - DataBase.py[line:56] - INFO: select * from record_201808 where emp_id=000006 and time like '2018-08-31%'
2018-09-04 16:54:07,522 - DataBase.py[line:56] - INFO: select * from record_201808 where emp_id=000006 and time<'2018-08-31'
2018-09-04 16:54:07,523 - DataBase.py[line:56] - INFO: select * from record_201808 where emp_id=000007 and time like '2018-08-01%'
2018-09-04 16:54:07,523 - DataBase.py[line:56] - INFO: select * from record_201808 where emp_id=000007 and time<'2018-08-01'
2018-09-04 16:54:07,523 - DataBase.py[line:56] - INFO: select * from record_201808 where emp_id=000007 and time like '2018-08-02%'
2018-09-04 16:54:07,523 - DataBase.py[line:56] - INFO: select * from record_201808 where emp_id=000007 and time<'2018-08-02'
2018-09-04 16:54:07,524 - DataBase.py[line:56] - INFO: select * from record_201808 where emp_id=000007 and time like '2018-08-03%'
2018-09-04 16:54:07,524 - DataBase.py[line:56] - INFO: select * from record_201808 where emp_id=000007 and time<'2018-08-03'
2018-09-04 16:54:07,524 - DataBase.py[line:56] - INFO: select * from record_201808 where emp_id=000007 and time like '2018-08-04%'
2018-09-04 16:54:07,525 - DataBase.py[line:56] - INFO: select * from record_201808 where emp_id=000007 and time<'2018-08-04'
2018-09-04 16:54:07,525 - DataBase.py[line:56] - INFO: select * from record_201808 where emp_id=000007 and time like '2018-08-05%'
2018-09-04 16:54:07,525 - DataBase.py[line:56] - INFO: select * from record_201808 where emp_id=000007 and time<'2018-08-05'
2018-09-04 16:54:07,526 - DataBase.py[line:56] - INFO: select * from record_201808 where emp_id=000007 and time like '2018-08-06%'
2018-09-04 16:54:07,526 - DataBase.py[line:56] - INFO: select * from record_201808 where emp_id=000007 and time<'2018-08-06'
2018-09-04 16:54:07,527 - DataBase.py[line:56] - INFO: select * from record_201808 where emp_id=000007 and time like '2018-08-07%'
2018-09-04 16:54:07,527 - DataBase.py[line:56] - INFO: select * from record_201808 where emp_id=000007 and time<'2018-08-07'
2018-09-04 16:54:07,527 - DataBase.py[line:56] - INFO: select * from record_201808 where emp_id=000007 and time like '2018-08-08%'
2018-09-04 16:54:07,528 - DataBase.py[line:56] - INFO: select * from record_201808 where emp_id=000007 and time<'2018-08-08'
2018-09-04 16:54:07,528 - DataBase.py[line:56] - INFO: select * from record_201808 where emp_id=000007 and time like '2018-08-09%'
2018-09-04 16:54:07,528 - DataBase.py[line:56] - INFO: select * from record_201808 where emp_id=000007 and time<'2018-08-09'
2018-09-04 16:54:07,529 - DataBase.py[line:56] - INFO: select * from record_201808 where emp_id=000007 and time like '2018-08-10%'
2018-09-04 16:54:07,529 - DataBase.py[line:56] - INFO: select * from record_201808 where emp_id=000007 and time<'2018-08-10'
2018-09-04 16:54:07,529 - DataBase.py[line:56] - INFO: select * from record_201808 where emp_id=000007 and time like '2018-08-11%'
2018-09-04 16:54:07,530 - DataBase.py[line:56] - INFO: select * from record_201808 where emp_id=000007 and time<'2018-08-11'
2018-09-04 16:54:07,530 - DataBase.py[line:56] - INFO: select * from record_201808 where emp_id=000007 and time like '2018-08-12%'
2018-09-04 16:54:07,530 - DataBase.py[line:56] - INFO: select * from record_201808 where emp_id=000007 and time<'2018-08-12'
2018-09-04 16:54:07,531 - DataBase.py[line:56] - INFO: select * from record_201808 where emp_id=000007 and time like '2018-08-13%'
2018-09-04 16:54:07,531 - DataBase.py[line:56] - INFO: select * from record_201808 where emp_id=000007 and time<'2018-08-13'
2018-09-04 16:54:07,531 - DataBase.py[line:56] - INFO: select * from record_201808 where emp_id=000007 and time like '2018-08-14%'
2018-09-04 16:54:07,531 - DataBase.py[line:56] - INFO: select * from record_201808 where emp_id=000007 and time<'2018-08-14'
2018-09-04 16:54:07,532 - DataBase.py[line:56] - INFO: select * from record_201808 where emp_id=000007 and time like '2018-08-15%'
2018-09-04 16:54:07,532 - DataBase.py[line:56] - INFO: select * from record_201808 where emp_id=000007 and time<'2018-08-15'
2018-09-04 16:54:07,532 - DataBase.py[line:56] - INFO: select * from record_201808 where emp_id=000007 and time like '2018-08-16%'
2018-09-04 16:54:07,533 - DataBase.py[line:56] - INFO: select * from record_201808 where emp_id=000007 and time<'2018-08-16'
2018-09-04 16:54:07,533 - DataBase.py[line:56] - INFO: select * from record_201808 where emp_id=000007 and time like '2018-08-17%'
2018-09-04 16:54:07,533 - DataBase.py[line:56] - INFO: select * from record_201808 where emp_id=000007 and time<'2018-08-17'
2018-09-04 16:54:07,534 - DataBase.py[line:56] - INFO: select * from record_201808 where emp_id=000007 and time like '2018-08-18%'
2018-09-04 16:54:07,534 - DataBase.py[line:56] - INFO: select * from record_201808 where emp_id=000007 and time<'2018-08-18'
2018-09-04 16:54:07,534 - DataBase.py[line:56] - INFO: select * from record_201808 where emp_id=000007 and time like '2018-08-19%'
2018-09-04 16:54:07,535 - DataBase.py[line:56] - INFO: select * from record_201808 where emp_id=000007 and time<'2018-08-19'
2018-09-04 16:54:07,535 - DataBase.py[line:56] - INFO: select * from record_201808 where emp_id=000007 and time like '2018-08-20%'
2018-09-04 16:54:07,535 - DataBase.py[line:56] - INFO: select * from record_201808 where emp_id=000007 and time<'2018-08-20'
2018-09-04 16:54:07,535 - DataBase.py[line:56] - INFO: select * from record_201808 where emp_id=000007 and time like '2018-08-21%'
2018-09-04 16:54:07,536 - DataBase.py[line:56] - INFO: select * from record_201808 where emp_id=000007 and time<'2018-08-21'
2018-09-04 16:54:07,536 - DataBase.py[line:56] - INFO: select * from record_201808 where emp_id=000007 and time like '2018-08-22%'
2018-09-04 16:54:07,536 - DataBase.py[line:56] - INFO: select * from record_201808 where emp_id=000007 and time<'2018-08-22'
2018-09-04 16:54:07,537 - DataBase.py[line:56] - INFO: select * from record_201808 where emp_id=000007 and time like '2018-08-23%'
2018-09-04 16:54:07,537 - DataBase.py[line:56] - INFO: select * from record_201808 where emp_id=000007 and time<'2018-08-23'
2018-09-04 16:54:07,537 - DataBase.py[line:56] - INFO: select * from record_201808 where emp_id=000007 and time like '2018-08-24%'
2018-09-04 16:54:07,538 - DataBase.py[line:56] - INFO: select * from record_201808 where emp_id=000007 and time<'2018-08-24'
2018-09-04 16:54:07,538 - DataBase.py[line:56] - INFO: select * from record_201808 where emp_id=000007 and time like '2018-08-25%'
2018-09-04 16:54:07,538 - DataBase.py[line:56] - INFO: select * from record_201808 where emp_id=000007 and time<'2018-08-25'
2018-09-04 16:54:07,539 - DataBase.py[line:56] - INFO: select * from record_201808 where emp_id=000007 and time like '2018-08-26%'
2018-09-04 16:54:07,539 - DataBase.py[line:56] - INFO: select * from record_201808 where emp_id=000007 and time<'2018-08-26'
2018-09-04 16:54:07,539 - DataBase.py[line:56] - INFO: select * from record_201808 where emp_id=000007 and time like '2018-08-27%'
2018-09-04 16:54:07,539 - DataBase.py[line:56] - INFO: select * from record_201808 where emp_id=000007 and time<'2018-08-27'
2018-09-04 16:54:07,540 - DataBase.py[line:56] - INFO: select * from record_201808 where emp_id=000007 and time like '2018-08-28%'
2018-09-04 16:54:07,540 - DataBase.py[line:56] - INFO: select * from record_201808 where emp_id=000007 and time<'2018-08-28'
2018-09-04 16:54:07,540 - DataBase.py[line:56] - INFO: select * from record_201808 where emp_id=000007 and time like '2018-08-29%'
2018-09-04 16:54:07,541 - DataBase.py[line:56] - INFO: select * from record_201808 where emp_id=000007 and time<'2018-08-29'
2018-09-04 16:54:07,541 - DataBase.py[line:56] - INFO: select * from record_201808 where emp_id=000007 and time like '2018-08-30%'
2018-09-04 16:54:07,541 - DataBase.py[line:56] - INFO: select * from record_201808 where emp_id=000007 and time<'2018-08-30'
2018-09-04 16:54:07,542 - DataBase.py[line:56] - INFO: select * from record_201808 where emp_id=000007 and time like '2018-08-31%'
2018-09-04 16:54:07,542 - DataBase.py[line:56] - INFO: select * from record_201808 where emp_id=000007 and time<'2018-08-31'
