2018-09-01 16:18:21,586 - DataBase.py[line:22] - INFO: database class is creating...
2018-09-01 16:18:21,603 - DataBase.py[line:50] - INFO: database is connecting...
2018-09-01 16:18:21,604 - DataBase.py[line:55] - INFO: select * from record_201808 where emp_id=111111 and time like '2018-08-1%'
2018-09-01 16:18:21,604 - DataBase.py[line:55] - INFO: select * from record_201808 where emp_id=111111
2018-09-01 16:18:21,605 - DataBase.py[line:55] - INFO: select * from record_201808 where emp_id=111111 and time like '2018-08-01%'
2018-09-01 16:18:21,606 - DataBase.py[line:55] - INFO: select * from record_201808 where emp_id=111111
2018-09-01 16:18:21,606 - DataBase.py[line:55] - INFO: select * from record_201808 where emp_id=111111 and time like '2018-08-2%'
2018-09-01 16:18:21,607 - DataBase.py[line:55] - INFO: select * from record_201808 where emp_id=111111
2018-09-01 16:18:21,608 - DataBase.py[line:55] - INFO: select * from record_201808 where emp_id=111111 and time like '2018-08-02%'
2018-09-01 16:18:21,608 - DataBase.py[line:55] - INFO: select * from record_201808 where emp_id=111111
2018-09-01 16:18:21,609 - DataBase.py[line:55] - INFO: select * from record_201808 where emp_id=111111 and time like '2018-08-3%'
2018-09-01 16:18:21,609 - DataBase.py[line:55] - INFO: select * from record_201808 where emp_id=111111
2018-09-01 16:18:21,610 - DataBase.py[line:55] - INFO: select * from record_201808 where emp_id=111111 and time like '2018-08-03%'
2018-09-01 16:18:21,610 - DataBase.py[line:55] - INFO: select * from record_201808 where emp_id=111111
2018-09-01 16:18:21,610 - DataBase.py[line:55] - INFO: select * from record_201808 where emp_id=111111 and time like '2018-08-4%'
2018-09-01 16:18:21,611 - DataBase.py[line:55] - INFO: select * from record_201808 where emp_id=111111
2018-09-01 16:18:21,611 - DataBase.py[line:55] - INFO: select * from record_201808 where emp_id=111111 and time like '2018-08-04%'
2018-09-01 16:18:21,612 - DataBase.py[line:55] - INFO: select * from record_201808 where emp_id=111111
2018-09-01 16:18:21,612 - DataBase.py[line:55] - INFO: select * from record_201808 where emp_id=111111 and time like '2018-08-5%'
2018-09-01 16:18:21,613 - DataBase.py[line:55] - INFO: select * from record_201808 where emp_id=111111
2018-09-01 16:18:21,613 - DataBase.py[line:55] - INFO: select * from record_201808 where emp_id=111111 and time like '2018-08-05%'
2018-09-01 16:18:21,613 - DataBase.py[line:55] - INFO: select * from record_201808 where emp_id=111111
2018-09-01 16:18:21,614 - DataBase.py[line:55] - INFO: select * from record_201808 where emp_id=111111 and time like '2018-08-6%'
2018-09-01 16:18:21,614 - DataBase.py[line:55] - INFO: select * from record_201808 where emp_id=111111
2018-09-01 16:18:21,615 - DataBase.py[line:55] - INFO: select * from record_201808 where emp_id=111111 and time like '2018-08-06%'
2018-09-01 16:18:21,615 - DataBase.py[line:55] - INFO: select * from record_201808 where emp_id=111111
2018-09-01 16:18:21,616 - DataBase.py[line:55] - INFO: select * from record_201808 where emp_id=111111 and time like '2018-08-7%'
2018-09-01 16:18:21,616 - DataBase.py[line:55] - INFO: select * from record_201808 where emp_id=111111
2018-09-01 16:18:21,617 - DataBase.py[line:55] - INFO: select * from record_201808 where emp_id=111111 and time like '2018-08-07%'
2018-09-01 16:18:21,617 - DataBase.py[line:55] - INFO: select * from record_201808 where emp_id=111111
2018-09-01 16:18:21,618 - DataBase.py[line:55] - INFO: select * from record_201808 where emp_id=111111 and time like '2018-08-8%'
2018-09-01 16:18:21,618 - DataBase.py[line:55] - INFO: select * from record_201808 where emp_id=111111
2018-09-01 16:18:21,618 - DataBase.py[line:55] - INFO: select * from record_201808 where emp_id=111111 and time like '2018-08-08%'
2018-09-01 16:18:21,619 - DataBase.py[line:55] - INFO: select * from record_201808 where emp_id=111111
2018-09-01 16:18:21,619 - DataBase.py[line:55] - INFO: select * from record_201808 where emp_id=111111 and time like '2018-08-9%'
2018-09-01 16:18:21,619 - DataBase.py[line:55] - INFO: select * from record_201808 where emp_id=111111
2018-09-01 16:18:21,620 - DataBase.py[line:55] - INFO: select * from record_201808 where emp_id=111111 and time like '2018-08-09%'
2018-09-01 16:18:21,620 - DataBase.py[line:55] - INFO: select * from record_201808 where emp_id=111111
2018-09-01 16:18:21,621 - DataBase.py[line:55] - INFO: select * from record_201808 where emp_id=111111 and time like '2018-08-10%'
2018-09-01 16:18:21,621 - DataBase.py[line:55] - INFO: select * from record_201808 where emp_id=111111
2018-09-01 16:18:21,622 - DataBase.py[line:55] - INFO: select * from record_201808 where emp_id=111111 and time like '2018-08-10%'
2018-09-01 16:18:21,622 - DataBase.py[line:55] - INFO: select * from record_201808 where emp_id=111111
2018-09-01 16:18:21,622 - DataBase.py[line:55] - INFO: select * from record_201808 where emp_id=111111 and time like '2018-08-11%'
2018-09-01 16:18:21,623 - DataBase.py[line:55] - INFO: select * from record_201808 where emp_id=111111
2018-09-01 16:18:21,623 - DataBase.py[line:55] - INFO: select * from record_201808 where emp_id=111111 and time like '2018-08-11%'
2018-09-01 16:18:21,623 - DataBase.py[line:55] - INFO: select * from record_201808 where emp_id=111111
2018-09-01 16:18:21,624 - DataBase.py[line:55] - INFO: select * from record_201808 where emp_id=111111 and time like '2018-08-12%'
2018-09-01 16:18:21,625 - DataBase.py[line:55] - INFO: select * from record_201808 where emp_id=111111
2018-09-01 16:18:21,625 - DataBase.py[line:55] - INFO: select * from record_201808 where emp_id=111111 and time like '2018-08-12%'
2018-09-01 16:18:21,626 - DataBase.py[line:55] - INFO: select * from record_201808 where emp_id=111111
2018-09-01 16:18:21,627 - DataBase.py[line:55] - INFO: select * from record_201808 where emp_id=111111 and time like '2018-08-13%'
2018-09-01 16:18:21,627 - DataBase.py[line:55] - INFO: select * from record_201808 where emp_id=111111
2018-09-01 16:18:21,628 - DataBase.py[line:55] - INFO: select * from record_201808 where emp_id=111111 and time like '2018-08-13%'
2018-09-01 16:18:21,628 - DataBase.py[line:55] - INFO: select * from record_201808 where emp_id=111111
2018-09-01 16:18:21,628 - DataBase.py[line:55] - INFO: select * from record_201808 where emp_id=111111 and time like '2018-08-14%'
2018-09-01 16:18:21,629 - DataBase.py[line:55] - INFO: select * from record_201808 where emp_id=111111
2018-09-01 16:18:21,629 - DataBase.py[line:55] - INFO: select * from record_201808 where emp_id=111111 and time like '2018-08-14%'
2018-09-01 16:18:21,629 - DataBase.py[line:55] - INFO: select * from record_201808 where emp_id=111111
2018-09-01 16:18:21,630 - DataBase.py[line:55] - INFO: select * from record_201808 where emp_id=111111 and time like '2018-08-15%'
2018-09-01 16:18:21,630 - DataBase.py[line:55] - INFO: select * from record_201808 where emp_id=111111
2018-09-01 16:18:21,631 - DataBase.py[line:55] - INFO: select * from record_201808 where emp_id=111111 and time like '2018-08-15%'
2018-09-01 16:18:21,631 - DataBase.py[line:55] - INFO: select * from record_201808 where emp_id=111111
2018-09-01 16:18:21,631 - DataBase.py[line:55] - INFO: select * from record_201808 where emp_id=111111 and time like '2018-08-16%'
2018-09-01 16:18:21,632 - DataBase.py[line:55] - INFO: select * from record_201808 where emp_id=111111
2018-09-01 16:18:21,632 - DataBase.py[line:55] - INFO: select * from record_201808 where emp_id=111111 and time like '2018-08-16%'
2018-09-01 16:18:21,632 - DataBase.py[line:55] - INFO: select * from record_201808 where emp_id=111111
2018-09-01 16:18:21,633 - DataBase.py[line:55] - INFO: select * from record_201808 where emp_id=111111 and time like '2018-08-17%'
2018-09-01 16:18:21,633 - DataBase.py[line:55] - INFO: select * from record_201808 where emp_id=111111
2018-09-01 16:18:21,634 - DataBase.py[line:55] - INFO: select * from record_201808 where emp_id=111111 and time like '2018-08-17%'
2018-09-01 16:18:21,634 - DataBase.py[line:55] - INFO: select * from record_201808 where emp_id=111111
2018-09-01 16:18:21,634 - DataBase.py[line:55] - INFO: select * from record_201808 where emp_id=111111 and time like '2018-08-18%'
2018-09-01 16:18:21,635 - DataBase.py[line:55] - INFO: select * from record_201808 where emp_id=111111
2018-09-01 16:18:21,635 - DataBase.py[line:55] - INFO: select * from record_201808 where emp_id=111111 and time like '2018-08-18%'
2018-09-01 16:18:21,636 - DataBase.py[line:55] - INFO: select * from record_201808 where emp_id=111111
2018-09-01 16:18:21,637 - DataBase.py[line:55] - INFO: select * from record_201808 where emp_id=111111 and time like '2018-08-19%'
2018-09-01 16:18:21,637 - DataBase.py[line:55] - INFO: select * from record_201808 where emp_id=111111
2018-09-01 16:18:21,638 - DataBase.py[line:55] - INFO: select * from record_201808 where emp_id=111111 and time like '2018-08-19%'
2018-09-01 16:18:21,639 - DataBase.py[line:55] - INFO: select * from record_201808 where emp_id=111111
2018-09-01 16:18:21,639 - DataBase.py[line:55] - INFO: select * from record_201808 where emp_id=111111 and time like '2018-08-20%'
2018-09-01 16:18:21,639 - DataBase.py[line:55] - INFO: select * from record_201808 where emp_id=111111
2018-09-01 16:18:21,640 - DataBase.py[line:55] - INFO: select * from record_201808 where emp_id=111111 and time like '2018-08-20%'
2018-09-01 16:18:21,640 - DataBase.py[line:55] - INFO: select * from record_201808 where emp_id=111111
2018-09-01 16:18:21,641 - DataBase.py[line:55] - INFO: select * from record_201808 where emp_id=111111 and time like '2018-08-21%'
2018-09-01 16:18:21,641 - DataBase.py[line:55] - INFO: select * from record_201808 where emp_id=111111
2018-09-01 16:18:21,642 - DataBase.py[line:55] - INFO: select * from record_201808 where emp_id=111111 and time like '2018-08-21%'
2018-09-01 16:18:21,643 - DataBase.py[line:55] - INFO: select * from record_201808 where emp_id=111111
2018-09-01 16:18:21,643 - DataBase.py[line:55] - INFO: select * from record_201808 where emp_id=111111 and time like '2018-08-22%'
2018-09-01 16:18:21,644 - DataBase.py[line:55] - INFO: select * from record_201808 where emp_id=111111
2018-09-01 16:18:21,645 - DataBase.py[line:55] - INFO: select * from record_201808 where emp_id=111111 and time like '2018-08-22%'
2018-09-01 16:18:21,645 - DataBase.py[line:55] - INFO: select * from record_201808 where emp_id=111111
2018-09-01 16:18:21,646 - DataBase.py[line:55] - INFO: select * from record_201808 where emp_id=111111 and time like '2018-08-23%'
2018-09-01 16:18:21,646 - DataBase.py[line:55] - INFO: select * from record_201808 where emp_id=111111
2018-09-01 16:18:21,646 - DataBase.py[line:55] - INFO: select * from record_201808 where emp_id=111111 and time like '2018-08-23%'
2018-09-01 16:18:21,646 - DataBase.py[line:55] - INFO: select * from record_201808 where emp_id=111111
2018-09-01 16:18:21,648 - DataBase.py[line:55] - INFO: select * from record_201808 where emp_id=111111 and time like '2018-08-24%'
2018-09-01 16:18:21,648 - DataBase.py[line:55] - INFO: select * from record_201808 where emp_id=111111
2018-09-01 16:18:21,648 - DataBase.py[line:55] - INFO: select * from record_201808 where emp_id=111111 and time like '2018-08-24%'
2018-09-01 16:18:21,648 - DataBase.py[line:55] - INFO: select * from record_201808 where emp_id=111111
2018-09-01 16:18:21,648 - DataBase.py[line:55] - INFO: select * from record_201808 where emp_id=111111 and time like '2018-08-25%'
2018-09-01 16:18:21,650 - DataBase.py[line:55] - INFO: select * from record_201808 where emp_id=111111
2018-09-01 16:18:21,650 - DataBase.py[line:55] - INFO: select * from record_201808 where emp_id=111111 and time like '2018-08-25%'
2018-09-01 16:18:21,650 - DataBase.py[line:55] - INFO: select * from record_201808 where emp_id=111111
2018-09-01 16:18:21,650 - DataBase.py[line:55] - INFO: select * from record_201808 where emp_id=111111 and time like '2018-08-26%'
2018-09-01 16:18:21,651 - DataBase.py[line:55] - INFO: select * from record_201808 where emp_id=111111
2018-09-01 16:18:21,651 - DataBase.py[line:55] - INFO: select * from record_201808 where emp_id=111111 and time like '2018-08-26%'
2018-09-01 16:18:21,652 - DataBase.py[line:55] - INFO: select * from record_201808 where emp_id=111111
2018-09-01 16:18:21,652 - DataBase.py[line:55] - INFO: select * from record_201808 where emp_id=111111 and time like '2018-08-27%'
2018-09-01 16:18:21,652 - DataBase.py[line:55] - INFO: select * from record_201808 where emp_id=111111
2018-09-01 16:18:21,654 - DataBase.py[line:55] - INFO: select * from record_201808 where emp_id=111111 and time like '2018-08-27%'
2018-09-01 16:18:21,654 - DataBase.py[line:55] - INFO: select * from record_201808 where emp_id=111111
2018-09-01 16:18:21,654 - DataBase.py[line:55] - INFO: select * from record_201808 where emp_id=111111 and time like '2018-08-28%'
2018-09-01 16:18:21,654 - DataBase.py[line:55] - INFO: select * from record_201808 where emp_id=111111
2018-09-01 16:18:21,656 - DataBase.py[line:55] - INFO: select * from record_201808 where emp_id=111111 and time like '2018-08-28%'
2018-09-01 16:18:21,656 - DataBase.py[line:55] - INFO: select * from record_201808 where emp_id=111111 and time like '2018-08-29%'
2018-09-01 16:18:21,656 - DataBase.py[line:55] - INFO: select * from record_201808 where emp_id=111111
2018-09-01 16:18:21,656 - DataBase.py[line:55] - INFO: select * from record_201808 where emp_id=111111 and time like '2018-08-29%'
2018-09-01 16:18:21,656 - DataBase.py[line:55] - INFO: select * from record_201808 where emp_id=111111 and time like '2018-08-30%'
2018-09-01 16:18:21,657 - DataBase.py[line:55] - INFO: select * from record_201808 where emp_id=111111
2018-09-01 16:18:21,657 - DataBase.py[line:55] - INFO: select * from record_201808 where emp_id=111111 and time like '2018-08-30%'
2018-09-01 16:18:21,657 - DataBase.py[line:55] - INFO: select * from record_201808 where emp_id=111111
2018-09-01 16:18:21,658 - DataBase.py[line:55] - INFO: select * from record_201808 where emp_id=111111 and time like '2018-08-31%'
2018-09-01 16:18:21,658 - DataBase.py[line:55] - INFO: select * from record_201808 where emp_id=111111
2018-09-01 16:18:21,659 - DataBase.py[line:55] - INFO: select * from record_201808 where emp_id=111111 and time like '2018-08-31%'
2018-09-01 16:18:21,659 - DataBase.py[line:55] - INFO: select * from record_201808 where emp_id=111111
2018-09-01 16:18:21,659 - DataBase.py[line:55] - INFO: select * from empinfo where Emp_id=000001
