2018-09-04 09:46:58,226 - DataBase.py[line:23] - INFO: database class is creating...
2018-09-04 09:46:58,247 - DataBase.py[line:51] - INFO: database is connecting...
2018-09-04 09:46:58,248 - DataBase.py[line:56] - INFO: select * from record_201808 where emp_id=111111 and time like '2018-08-1%'
2018-09-04 09:46:58,248 - DataBase.py[line:56] - INFO: select * from record_201808 where emp_id=111111
2018-09-04 09:46:58,249 - DataBase.py[line:56] - INFO: select * from record_201808 where emp_id=111111 and time like '2018-08-01%'
2018-09-04 09:46:58,250 - DataBase.py[line:56] - INFO: select * from record_201808 where emp_id=111111
2018-09-04 09:46:58,252 - DataBase.py[line:56] - INFO: select * from record_201808 where emp_id=111111 and time like '2018-08-2%'
2018-09-04 09:46:58,252 - DataBase.py[line:56] - INFO: select * from record_201808 where emp_id=111111 and time like '2018-08-02%'
2018-09-04 09:46:58,253 - DataBase.py[line:56] - INFO: select * from record_201808 where emp_id=111111
2018-09-04 09:46:58,253 - DataBase.py[line:56] - INFO: select * from record_201808 where emp_id=111111 and time like '2018-08-3%'
2018-09-04 09:46:58,254 - DataBase.py[line:56] - INFO: select * from record_201808 where emp_id=111111 and time like '2018-08-03%'
2018-09-04 09:46:58,254 - DataBase.py[line:56] - INFO: select * from record_201808 where emp_id=111111
2018-09-04 09:46:58,255 - DataBase.py[line:56] - INFO: select * from record_201808 where emp_id=111111 and time like '2018-08-4%'
2018-09-04 09:46:58,255 - DataBase.py[line:56] - INFO: select * from record_201808 where emp_id=111111
2018-09-04 09:46:58,256 - DataBase.py[line:56] - INFO: select * from record_201808 where emp_id=111111 and time like '2018-08-04%'
2018-09-04 09:46:58,256 - DataBase.py[line:56] - INFO: select * from record_201808 where emp_id=111111
2018-09-04 09:46:58,256 - DataBase.py[line:56] - INFO: select * from record_201808 where emp_id=111111 and time like '2018-08-5%'
2018-09-04 09:46:58,257 - DataBase.py[line:56] - INFO: select * from record_201808 where emp_id=111111
2018-09-04 09:46:58,257 - DataBase.py[line:56] - INFO: select * from record_201808 where emp_id=111111 and time like '2018-08-05%'
2018-09-04 09:46:58,258 - DataBase.py[line:56] - INFO: select * from record_201808 where emp_id=111111
2018-09-04 09:46:58,258 - DataBase.py[line:56] - INFO: select * from record_201808 where emp_id=111111 and time like '2018-08-6%'
2018-09-04 09:46:58,259 - DataBase.py[line:56] - INFO: select * from record_201808 where emp_id=111111
2018-09-04 09:46:58,259 - DataBase.py[line:56] - INFO: select * from record_201808 where emp_id=111111 and time like '2018-08-06%'
2018-09-04 09:46:58,260 - DataBase.py[line:56] - INFO: select * from record_201808 where emp_id=111111
2018-09-04 09:46:58,261 - DataBase.py[line:56] - INFO: select * from record_201808 where emp_id=111111 and time like '2018-08-7%'
2018-09-04 09:46:58,261 - DataBase.py[line:56] - INFO: select * from record_201808 where emp_id=111111
2018-09-04 09:46:58,262 - DataBase.py[line:56] - INFO: select * from record_201808 where emp_id=111111 and time like '2018-08-07%'
2018-09-04 09:46:58,262 - DataBase.py[line:56] - INFO: select * from record_201808 where emp_id=111111
2018-09-04 09:46:58,263 - DataBase.py[line:56] - INFO: select * from record_201808 where emp_id=111111 and time like '2018-08-8%'
2018-09-04 09:46:58,263 - DataBase.py[line:56] - INFO: select * from record_201808 where emp_id=111111
2018-09-04 09:46:58,263 - DataBase.py[line:56] - INFO: select * from record_201808 where emp_id=111111 and time like '2018-08-08%'
2018-09-04 09:46:58,264 - DataBase.py[line:56] - INFO: select * from record_201808 where emp_id=111111
2018-09-04 09:46:58,264 - DataBase.py[line:56] - INFO: select * from record_201808 where emp_id=111111 and time like '2018-08-9%'
2018-09-04 09:46:58,265 - DataBase.py[line:56] - INFO: select * from record_201808 where emp_id=111111
2018-09-04 09:46:58,265 - DataBase.py[line:56] - INFO: select * from record_201808 where emp_id=111111 and time like '2018-08-09%'
2018-09-04 09:46:58,266 - DataBase.py[line:56] - INFO: select * from record_201808 where emp_id=111111
2018-09-04 09:46:58,266 - DataBase.py[line:56] - INFO: select * from record_201808 where emp_id=111111 and time like '2018-08-10%'
2018-09-04 09:46:58,267 - DataBase.py[line:56] - INFO: select * from record_201808 where emp_id=111111
2018-09-04 09:46:58,267 - DataBase.py[line:56] - INFO: select * from record_201808 where emp_id=111111 and time like '2018-08-10%'
2018-09-04 09:46:58,268 - DataBase.py[line:56] - INFO: select * from record_201808 where emp_id=111111
2018-09-04 09:46:58,268 - DataBase.py[line:56] - INFO: select * from record_201808 where emp_id=111111 and time like '2018-08-11%'
2018-09-04 09:46:58,269 - DataBase.py[line:56] - INFO: select * from record_201808 where emp_id=111111
2018-09-04 09:46:58,269 - DataBase.py[line:56] - INFO: select * from record_201808 where emp_id=111111 and time like '2018-08-11%'
2018-09-04 09:46:58,270 - DataBase.py[line:56] - INFO: select * from record_201808 where emp_id=111111
2018-09-04 09:46:58,270 - DataBase.py[line:56] - INFO: select * from record_201808 where emp_id=111111 and time like '2018-08-12%'
2018-09-04 09:46:58,271 - DataBase.py[line:56] - INFO: select * from record_201808 where emp_id=111111
2018-09-04 09:46:58,272 - DataBase.py[line:56] - INFO: select * from record_201808 where emp_id=111111 and time like '2018-08-12%'
2018-09-04 09:46:58,272 - DataBase.py[line:56] - INFO: select * from record_201808 where emp_id=111111
2018-09-04 09:46:58,273 - DataBase.py[line:56] - INFO: select * from record_201808 where emp_id=111111 and time like '2018-08-13%'
2018-09-04 09:46:58,273 - DataBase.py[line:56] - INFO: select * from record_201808 where emp_id=111111
2018-09-04 09:46:58,274 - DataBase.py[line:56] - INFO: select * from record_201808 where emp_id=111111 and time like '2018-08-13%'
2018-09-04 09:46:58,274 - DataBase.py[line:56] - INFO: select * from record_201808 where emp_id=111111
2018-09-04 09:46:58,274 - DataBase.py[line:56] - INFO: select * from record_201808 where emp_id=111111 and time like '2018-08-14%'
2018-09-04 09:46:58,275 - DataBase.py[line:56] - INFO: select * from record_201808 where emp_id=111111
2018-09-04 09:46:58,275 - DataBase.py[line:56] - INFO: select * from record_201808 where emp_id=111111 and time like '2018-08-14%'
2018-09-04 09:46:58,276 - DataBase.py[line:56] - INFO: select * from record_201808 where emp_id=111111
2018-09-04 09:46:58,276 - DataBase.py[line:56] - INFO: select * from record_201808 where emp_id=111111 and time like '2018-08-15%'
2018-09-04 09:46:58,277 - DataBase.py[line:56] - INFO: select * from record_201808 where emp_id=111111
2018-09-04 09:46:58,278 - DataBase.py[line:56] - INFO: select * from record_201808 where emp_id=111111 and time like '2018-08-15%'
2018-09-04 09:46:58,278 - DataBase.py[line:56] - INFO: select * from record_201808 where emp_id=111111
2018-09-04 09:46:58,279 - DataBase.py[line:56] - INFO: select * from record_201808 where emp_id=111111 and time like '2018-08-16%'
2018-09-04 09:46:58,280 - DataBase.py[line:56] - INFO: select * from record_201808 where emp_id=111111
2018-09-04 09:46:58,280 - DataBase.py[line:56] - INFO: select * from record_201808 where emp_id=111111 and time like '2018-08-16%'
2018-09-04 09:46:58,281 - DataBase.py[line:56] - INFO: select * from record_201808 where emp_id=111111
2018-09-04 09:46:58,281 - DataBase.py[line:56] - INFO: select * from record_201808 where emp_id=111111 and time like '2018-08-17%'
2018-09-04 09:46:58,281 - DataBase.py[line:56] - INFO: select * from record_201808 where emp_id=111111
2018-09-04 09:46:58,282 - DataBase.py[line:56] - INFO: select * from record_201808 where emp_id=111111 and time like '2018-08-17%'
2018-09-04 09:46:58,282 - DataBase.py[line:56] - INFO: select * from record_201808 where emp_id=111111
2018-09-04 09:46:58,283 - DataBase.py[line:56] - INFO: select * from record_201808 where emp_id=111111 and time like '2018-08-18%'
2018-09-04 09:46:58,283 - DataBase.py[line:56] - INFO: select * from record_201808 where emp_id=111111
2018-09-04 09:46:58,284 - DataBase.py[line:56] - INFO: select * from record_201808 where emp_id=111111 and time like '2018-08-18%'
2018-09-04 09:46:58,284 - DataBase.py[line:56] - INFO: select * from record_201808 where emp_id=111111
2018-09-04 09:46:58,285 - DataBase.py[line:56] - INFO: select * from record_201808 where emp_id=111111 and time like '2018-08-19%'
2018-09-04 09:46:58,285 - DataBase.py[line:56] - INFO: select * from record_201808 where emp_id=111111
2018-09-04 09:46:58,286 - DataBase.py[line:56] - INFO: select * from record_201808 where emp_id=111111 and time like '2018-08-19%'
2018-09-04 09:46:58,286 - DataBase.py[line:56] - INFO: select * from record_201808 where emp_id=111111
2018-09-04 09:46:58,286 - DataBase.py[line:56] - INFO: select * from record_201808 where emp_id=111111 and time like '2018-08-20%'
2018-09-04 09:46:58,287 - DataBase.py[line:56] - INFO: select * from record_201808 where emp_id=111111
2018-09-04 09:46:58,287 - DataBase.py[line:56] - INFO: select * from record_201808 where emp_id=111111 and time like '2018-08-20%'
2018-09-04 09:46:58,288 - DataBase.py[line:56] - INFO: select * from record_201808 where emp_id=111111
2018-09-04 09:46:58,289 - DataBase.py[line:56] - INFO: select * from record_201808 where emp_id=111111 and time like '2018-08-21%'
2018-09-04 09:46:58,289 - DataBase.py[line:56] - INFO: select * from record_201808 where emp_id=111111
2018-09-04 09:46:58,290 - DataBase.py[line:56] - INFO: select * from record_201808 where emp_id=111111 and time like '2018-08-21%'
2018-09-04 09:46:58,290 - DataBase.py[line:56] - INFO: select * from record_201808 where emp_id=111111
2018-09-04 09:46:58,291 - DataBase.py[line:56] - INFO: select * from record_201808 where emp_id=111111 and time like '2018-08-22%'
2018-09-04 09:46:58,291 - DataBase.py[line:56] - INFO: select * from record_201808 where emp_id=111111
2018-09-04 09:46:58,291 - DataBase.py[line:56] - INFO: select * from record_201808 where emp_id=111111 and time like '2018-08-22%'
2018-09-04 09:46:58,292 - DataBase.py[line:56] - INFO: select * from record_201808 where emp_id=111111
2018-09-04 09:46:58,293 - DataBase.py[line:56] - INFO: select * from record_201808 where emp_id=111111 and time like '2018-08-23%'
2018-09-04 09:46:58,293 - DataBase.py[line:56] - INFO: select * from record_201808 where emp_id=111111
2018-09-04 09:46:58,294 - DataBase.py[line:56] - INFO: select * from record_201808 where emp_id=111111 and time like '2018-08-23%'
2018-09-04 09:46:58,294 - DataBase.py[line:56] - INFO: select * from record_201808 where emp_id=111111
2018-09-04 09:46:58,294 - DataBase.py[line:56] - INFO: select * from record_201808 where emp_id=111111 and time like '2018-08-24%'
2018-09-04 09:46:58,295 - DataBase.py[line:56] - INFO: select * from record_201808 where emp_id=111111
2018-09-04 09:46:58,295 - DataBase.py[line:56] - INFO: select * from record_201808 where emp_id=111111 and time like '2018-08-24%'
2018-09-04 09:46:58,296 - DataBase.py[line:56] - INFO: select * from record_201808 where emp_id=111111
2018-09-04 09:46:58,296 - DataBase.py[line:56] - INFO: select * from record_201808 where emp_id=111111 and time like '2018-08-25%'
2018-09-04 09:46:58,297 - DataBase.py[line:56] - INFO: select * from record_201808 where emp_id=111111
2018-09-04 09:46:58,297 - DataBase.py[line:56] - INFO: select * from record_201808 where emp_id=111111 and time like '2018-08-25%'
2018-09-04 09:46:58,298 - DataBase.py[line:56] - INFO: select * from record_201808 where emp_id=111111
2018-09-04 09:46:58,298 - DataBase.py[line:56] - INFO: select * from record_201808 where emp_id=111111 and time like '2018-08-26%'
2018-09-04 09:46:58,299 - DataBase.py[line:56] - INFO: select * from record_201808 where emp_id=111111
2018-09-04 09:46:58,299 - DataBase.py[line:56] - INFO: select * from record_201808 where emp_id=111111 and time like '2018-08-26%'
2018-09-04 09:46:58,300 - DataBase.py[line:56] - INFO: select * from record_201808 where emp_id=111111
2018-09-04 09:46:58,300 - DataBase.py[line:56] - INFO: select * from record_201808 where emp_id=111111 and time like '2018-08-27%'
2018-09-04 09:46:58,301 - DataBase.py[line:56] - INFO: select * from record_201808 where emp_id=111111
2018-09-04 09:46:58,301 - DataBase.py[line:56] - INFO: select * from record_201808 where emp_id=111111 and time like '2018-08-27%'
2018-09-04 09:46:58,301 - DataBase.py[line:56] - INFO: select * from record_201808 where emp_id=111111
2018-09-04 09:46:58,302 - DataBase.py[line:56] - INFO: select * from record_201808 where emp_id=111111 and time like '2018-08-28%'
2018-09-04 09:46:58,303 - DataBase.py[line:56] - INFO: select * from record_201808 where emp_id=111111 and time like '2018-08-28%'
2018-09-04 09:46:58,303 - DataBase.py[line:56] - INFO: select * from record_201808 where emp_id=111111 and time like '2018-08-29%'
2018-09-04 09:46:58,303 - DataBase.py[line:56] - INFO: select * from record_201808 where emp_id=111111
2018-09-04 09:46:58,304 - DataBase.py[line:56] - INFO: select * from record_201808 where emp_id=111111 and time like '2018-08-29%'
2018-09-04 09:46:58,304 - DataBase.py[line:56] - INFO: select * from record_201808 where emp_id=111111
2018-09-04 09:46:58,305 - DataBase.py[line:56] - INFO: select * from record_201808 where emp_id=111111 and time like '2018-08-30%'
2018-09-04 09:46:58,305 - DataBase.py[line:56] - INFO: select * from record_201808 where emp_id=111111 and time like '2018-08-30%'
2018-09-04 09:46:58,306 - DataBase.py[line:56] - INFO: select * from record_201808 where emp_id=111111 and time like '2018-08-31%'
2018-09-04 09:46:58,306 - DataBase.py[line:56] - INFO: select * from record_201808 where emp_id=111111
2018-09-04 09:46:58,307 - DataBase.py[line:56] - INFO: select * from record_201808 where emp_id=111111 and time like '2018-08-31%'
2018-09-04 09:46:58,307 - DataBase.py[line:56] - INFO: select * from record_201808 where emp_id=111111
2018-09-04 09:46:58,308 - DataBase.py[line:56] - INFO: select * from empinfo where Emp_id=000001
2018-09-04 09:46:58,308 - DataBase.py[line:56] - INFO: select password from empinfo where Emp_id=000001
