2018-09-04 14:15:18,169 - DataBase.py[line:23] - INFO: database class is creating...
2018-09-04 14:15:18,208 - DataBase.py[line:51] - INFO: database is connecting...
2018-09-04 14:15:19,596 - DataBase.py[line:56] - INFO: select * from empinfo where Emp_id=000002
2018-09-04 14:15:19,597 - DataBase.py[line:56] - INFO: select password from empinfo where Emp_id=000002
2018-09-04 14:15:19,597 - DataBase.py[line:56] - INFO: select * from empinfo where Emp_id=000002
2018-09-04 14:15:19,598 - DataBase.py[line:56] - INFO: select * from record_201808 where emp_id=111111
2018-09-04 14:15:19,599 - DataBase.py[line:56] - INFO: select * from record_201808 where emp_id=111111 and time like '2018-08-01%'
2018-09-04 14:15:19,599 - DataBase.py[line:56] - INFO: select * from record_201808 where emp_id=111111 and time<'2018-08-01'
2018-09-04 14:15:19,600 - DataBase.py[line:56] - INFO: select * from record_201808 where emp_id=111111 and time like '2018-08-01%'
2018-09-04 14:15:19,601 - DataBase.py[line:56] - INFO: select * from record_201808 where emp_id=111111 and time<'2018-08-01'
2018-09-04 14:15:19,601 - DataBase.py[line:56] - INFO: select * from record_201808 where emp_id=111111 and time like '2018-08-02%'
2018-09-04 14:15:19,602 - DataBase.py[line:56] - INFO: select * from record_201808 where emp_id=111111 and time<'2018-08-02'
2018-09-04 14:15:19,602 - DataBase.py[line:56] - INFO: select * from record_201808 where emp_id=111111 and time like '2018-08-02%'
2018-09-04 14:15:19,603 - DataBase.py[line:56] - INFO: select * from record_201808 where emp_id=111111 and time<'2018-08-02'
2018-09-04 14:15:19,603 - DataBase.py[line:56] - INFO: select * from record_201808 where emp_id=111111 and time like '2018-08-03%'
2018-09-04 14:15:19,604 - DataBase.py[line:56] - INFO: select * from record_201808 where emp_id=111111 and time<'2018-08-03'
2018-09-04 14:15:19,604 - DataBase.py[line:56] - INFO: select * from record_201808 where emp_id=111111 and time like '2018-08-03%'
2018-09-04 14:15:19,605 - DataBase.py[line:56] - INFO: select * from record_201808 where emp_id=111111 and time<'2018-08-03'
2018-09-04 14:15:19,605 - DataBase.py[line:56] - INFO: select * from record_201808 where emp_id=111111 and time like '2018-08-04%'
2018-09-04 14:15:19,605 - DataBase.py[line:56] - INFO: select * from record_201808 where emp_id=111111 and time<'2018-08-04'
2018-09-04 14:15:19,606 - DataBase.py[line:56] - INFO: select * from record_201808 where emp_id=111111 and time like '2018-08-04%'
2018-09-04 14:15:19,606 - DataBase.py[line:56] - INFO: select * from record_201808 where emp_id=111111 and time<'2018-08-04'
2018-09-04 14:15:19,607 - DataBase.py[line:56] - INFO: select * from record_201808 where emp_id=111111 and time like '2018-08-05%'
2018-09-04 14:15:19,607 - DataBase.py[line:56] - INFO: select * from record_201808 where emp_id=111111 and time<'2018-08-05'
2018-09-04 14:15:19,608 - DataBase.py[line:56] - INFO: select * from record_201808 where emp_id=111111 and time like '2018-08-05%'
2018-09-04 14:15:19,608 - DataBase.py[line:56] - INFO: select * from record_201808 where emp_id=111111 and time<'2018-08-05'
2018-09-04 14:15:19,609 - DataBase.py[line:56] - INFO: select * from record_201808 where emp_id=111111 and time like '2018-08-06%'
2018-09-04 14:15:19,609 - DataBase.py[line:56] - INFO: select * from record_201808 where emp_id=111111 and time<'2018-08-06'
2018-09-04 14:15:19,610 - DataBase.py[line:56] - INFO: select * from record_201808 where emp_id=111111 and time like '2018-08-06%'
2018-09-04 14:15:19,610 - DataBase.py[line:56] - INFO: select * from record_201808 where emp_id=111111 and time<'2018-08-06'
2018-09-04 14:15:19,610 - DataBase.py[line:56] - INFO: select * from record_201808 where emp_id=111111 and time like '2018-08-07%'
2018-09-04 14:15:19,611 - DataBase.py[line:56] - INFO: select * from record_201808 where emp_id=111111 and time<'2018-08-07'
2018-09-04 14:15:19,611 - DataBase.py[line:56] - INFO: select * from record_201808 where emp_id=111111 and time like '2018-08-07%'
2018-09-04 14:15:19,612 - DataBase.py[line:56] - INFO: select * from record_201808 where emp_id=111111 and time<'2018-08-07'
2018-09-04 14:15:19,612 - DataBase.py[line:56] - INFO: select * from record_201808 where emp_id=111111 and time like '2018-08-08%'
2018-09-04 14:15:19,613 - DataBase.py[line:56] - INFO: select * from record_201808 where emp_id=111111 and time<'2018-08-08'
2018-09-04 14:15:19,613 - DataBase.py[line:56] - INFO: select * from record_201808 where emp_id=111111 and time like '2018-08-08%'
2018-09-04 14:15:19,613 - DataBase.py[line:56] - INFO: select * from record_201808 where emp_id=111111 and time<'2018-08-08'
2018-09-04 14:15:19,614 - DataBase.py[line:56] - INFO: select * from record_201808 where emp_id=111111 and time like '2018-08-09%'
2018-09-04 14:15:19,614 - DataBase.py[line:56] - INFO: select * from record_201808 where emp_id=111111 and time<'2018-08-09'
2018-09-04 14:15:19,615 - DataBase.py[line:56] - INFO: select * from record_201808 where emp_id=111111 and time like '2018-08-09%'
2018-09-04 14:15:19,615 - DataBase.py[line:56] - INFO: select * from record_201808 where emp_id=111111 and time<'2018-08-09'
2018-09-04 14:15:19,616 - DataBase.py[line:56] - INFO: select * from record_201808 where emp_id=111111 and time like '2018-08-10%'
2018-09-04 14:15:19,616 - DataBase.py[line:56] - INFO: select * from record_201808 where emp_id=111111 and time<'2018-08-10'
2018-09-04 14:15:19,617 - DataBase.py[line:56] - INFO: select * from record_201808 where emp_id=111111 and time like '2018-08-10%'
2018-09-04 14:15:19,617 - DataBase.py[line:56] - INFO: select * from record_201808 where emp_id=111111 and time<'2018-08-10'
2018-09-04 14:15:19,617 - DataBase.py[line:56] - INFO: select * from record_201808 where emp_id=111111 and time like '2018-08-11%'
2018-09-04 14:15:19,618 - DataBase.py[line:56] - INFO: select * from record_201808 where emp_id=111111 and time<'2018-08-11'
2018-09-04 14:15:19,618 - DataBase.py[line:56] - INFO: select * from record_201808 where emp_id=111111 and time like '2018-08-11%'
2018-09-04 14:15:19,619 - DataBase.py[line:56] - INFO: select * from record_201808 where emp_id=111111 and time<'2018-08-11'
2018-09-04 14:15:19,619 - DataBase.py[line:56] - INFO: select * from record_201808 where emp_id=111111 and time like '2018-08-12%'
2018-09-04 14:15:19,620 - DataBase.py[line:56] - INFO: select * from record_201808 where emp_id=111111 and time<'2018-08-12'
2018-09-04 14:15:19,620 - DataBase.py[line:56] - INFO: select * from record_201808 where emp_id=111111 and time like '2018-08-12%'
2018-09-04 14:15:19,621 - DataBase.py[line:56] - INFO: select * from record_201808 where emp_id=111111 and time<'2018-08-12'
2018-09-04 14:15:19,621 - DataBase.py[line:56] - INFO: select * from record_201808 where emp_id=111111 and time like '2018-08-13%'
2018-09-04 14:15:19,622 - DataBase.py[line:56] - INFO: select * from record_201808 where emp_id=111111 and time<'2018-08-13'
2018-09-04 14:15:19,622 - DataBase.py[line:56] - INFO: select * from record_201808 where emp_id=111111 and time like '2018-08-13%'
2018-09-04 14:15:19,622 - DataBase.py[line:56] - INFO: select * from record_201808 where emp_id=111111 and time<'2018-08-13'
2018-09-04 14:15:19,623 - DataBase.py[line:56] - INFO: select * from record_201808 where emp_id=111111 and time like '2018-08-14%'
2018-09-04 14:15:19,623 - DataBase.py[line:56] - INFO: select * from record_201808 where emp_id=111111 and time<'2018-08-14'
2018-09-04 14:15:19,624 - DataBase.py[line:56] - INFO: select * from record_201808 where emp_id=111111 and time like '2018-08-14%'
2018-09-04 14:15:19,624 - DataBase.py[line:56] - INFO: select * from record_201808 where emp_id=111111 and time<'2018-08-14'
2018-09-04 14:15:19,625 - DataBase.py[line:56] - INFO: select * from record_201808 where emp_id=111111 and time like '2018-08-15%'
2018-09-04 14:15:19,625 - DataBase.py[line:56] - INFO: select * from record_201808 where emp_id=111111 and time<'2018-08-15'
2018-09-04 14:15:19,626 - DataBase.py[line:56] - INFO: select * from record_201808 where emp_id=111111 and time like '2018-08-15%'
2018-09-04 14:15:19,626 - DataBase.py[line:56] - INFO: select * from record_201808 where emp_id=111111 and time<'2018-08-15'
2018-09-04 14:15:19,627 - DataBase.py[line:56] - INFO: select * from record_201808 where emp_id=111111 and time like '2018-08-16%'
2018-09-04 14:15:19,627 - DataBase.py[line:56] - INFO: select * from record_201808 where emp_id=111111 and time<'2018-08-16'
2018-09-04 14:15:19,627 - DataBase.py[line:56] - INFO: select * from record_201808 where emp_id=111111 and time like '2018-08-16%'
2018-09-04 14:15:19,628 - DataBase.py[line:56] - INFO: select * from record_201808 where emp_id=111111 and time<'2018-08-16'
2018-09-04 14:15:19,628 - DataBase.py[line:56] - INFO: select * from record_201808 where emp_id=111111 and time like '2018-08-17%'
2018-09-04 14:15:19,629 - DataBase.py[line:56] - INFO: select * from record_201808 where emp_id=111111 and time<'2018-08-17'
2018-09-04 14:15:19,629 - DataBase.py[line:56] - INFO: select * from record_201808 where emp_id=111111 and time like '2018-08-17%'
2018-09-04 14:15:19,630 - DataBase.py[line:56] - INFO: select * from record_201808 where emp_id=111111 and time<'2018-08-17'
2018-09-04 14:15:19,630 - DataBase.py[line:56] - INFO: select * from record_201808 where emp_id=111111 and time like '2018-08-18%'
2018-09-04 14:15:19,631 - DataBase.py[line:56] - INFO: select * from record_201808 where emp_id=111111 and time<'2018-08-18'
2018-09-04 14:15:19,631 - DataBase.py[line:56] - INFO: select * from record_201808 where emp_id=111111 and time like '2018-08-18%'
2018-09-04 14:15:19,632 - DataBase.py[line:56] - INFO: select * from record_201808 where emp_id=111111 and time<'2018-08-18'
2018-09-04 14:15:19,632 - DataBase.py[line:56] - INFO: select * from record_201808 where emp_id=111111 and time like '2018-08-19%'
2018-09-04 14:15:19,632 - DataBase.py[line:56] - INFO: select * from record_201808 where emp_id=111111 and time<'2018-08-19'
2018-09-04 14:15:19,633 - DataBase.py[line:56] - INFO: select * from record_201808 where emp_id=111111 and time like '2018-08-19%'
2018-09-04 14:15:19,633 - DataBase.py[line:56] - INFO: select * from record_201808 where emp_id=111111 and time<'2018-08-19'
2018-09-04 14:15:19,634 - DataBase.py[line:56] - INFO: select * from record_201808 where emp_id=111111 and time like '2018-08-20%'
2018-09-04 14:15:19,634 - DataBase.py[line:56] - INFO: select * from record_201808 where emp_id=111111 and time<'2018-08-20'
2018-09-04 14:15:19,635 - DataBase.py[line:56] - INFO: select * from record_201808 where emp_id=111111 and time like '2018-08-20%'
2018-09-04 14:15:19,635 - DataBase.py[line:56] - INFO: select * from record_201808 where emp_id=111111 and time<'2018-08-20'
2018-09-04 14:15:19,636 - DataBase.py[line:56] - INFO: select * from record_201808 where emp_id=111111 and time like '2018-08-21%'
2018-09-04 14:15:19,636 - DataBase.py[line:56] - INFO: select * from record_201808 where emp_id=111111 and time<'2018-08-21'
2018-09-04 14:15:19,637 - DataBase.py[line:56] - INFO: select * from record_201808 where emp_id=111111 and time like '2018-08-21%'
2018-09-04 14:15:19,637 - DataBase.py[line:56] - INFO: select * from record_201808 where emp_id=111111 and time<'2018-08-21'
2018-09-04 14:15:19,638 - DataBase.py[line:56] - INFO: select * from record_201808 where emp_id=111111 and time like '2018-08-22%'
2018-09-04 14:15:19,638 - DataBase.py[line:56] - INFO: select * from record_201808 where emp_id=111111 and time<'2018-08-22'
2018-09-04 14:15:19,638 - DataBase.py[line:56] - INFO: select * from record_201808 where emp_id=111111 and time like '2018-08-22%'
2018-09-04 14:15:19,639 - DataBase.py[line:56] - INFO: select * from record_201808 where emp_id=111111 and time<'2018-08-22'
2018-09-04 14:15:19,639 - DataBase.py[line:56] - INFO: select * from record_201808 where emp_id=111111 and time like '2018-08-23%'
2018-09-04 14:15:19,640 - DataBase.py[line:56] - INFO: select * from record_201808 where emp_id=111111 and time<'2018-08-23'
2018-09-04 14:15:19,640 - DataBase.py[line:56] - INFO: select * from record_201808 where emp_id=111111 and time like '2018-08-23%'
2018-09-04 14:15:19,641 - DataBase.py[line:56] - INFO: select * from record_201808 where emp_id=111111 and time<'2018-08-23'
2018-09-04 14:15:19,641 - DataBase.py[line:56] - INFO: select * from record_201808 where emp_id=111111 and time like '2018-08-24%'
2018-09-04 14:15:19,642 - DataBase.py[line:56] - INFO: select * from record_201808 where emp_id=111111 and time<'2018-08-24'
2018-09-04 14:15:19,642 - DataBase.py[line:56] - INFO: select * from record_201808 where emp_id=111111 and time like '2018-08-24%'
2018-09-04 14:15:19,643 - DataBase.py[line:56] - INFO: select * from record_201808 where emp_id=111111 and time<'2018-08-24'
2018-09-04 14:15:19,643 - DataBase.py[line:56] - INFO: select * from record_201808 where emp_id=111111 and time like '2018-08-25%'
2018-09-04 14:15:19,644 - DataBase.py[line:56] - INFO: select * from record_201808 where emp_id=111111 and time<'2018-08-25'
2018-09-04 14:15:19,644 - DataBase.py[line:56] - INFO: select * from record_201808 where emp_id=111111 and time like '2018-08-25%'
2018-09-04 14:15:19,644 - DataBase.py[line:56] - INFO: select * from record_201808 where emp_id=111111 and time<'2018-08-25'
2018-09-04 14:15:19,645 - DataBase.py[line:56] - INFO: select * from record_201808 where emp_id=111111 and time like '2018-08-26%'
2018-09-04 14:15:19,645 - DataBase.py[line:56] - INFO: select * from record_201808 where emp_id=111111 and time<'2018-08-26'
2018-09-04 14:15:19,646 - DataBase.py[line:56] - INFO: select * from record_201808 where emp_id=111111 and time like '2018-08-26%'
2018-09-04 14:15:19,646 - DataBase.py[line:56] - INFO: select * from record_201808 where emp_id=111111 and time<'2018-08-26'
2018-09-04 14:15:19,647 - DataBase.py[line:56] - INFO: select * from record_201808 where emp_id=111111 and time like '2018-08-27%'
2018-09-04 14:15:19,647 - DataBase.py[line:56] - INFO: select * from record_201808 where emp_id=111111 and time<'2018-08-27'
2018-09-04 14:15:19,648 - DataBase.py[line:56] - INFO: select * from record_201808 where emp_id=111111 and time like '2018-08-27%'
2018-09-04 14:15:19,648 - DataBase.py[line:56] - INFO: select * from record_201808 where emp_id=111111 and time<'2018-08-27'
2018-09-04 14:15:19,648 - DataBase.py[line:56] - INFO: select * from record_201808 where emp_id=111111 and time like '2018-08-28%'
2018-09-04 14:15:19,649 - DataBase.py[line:56] - INFO: select * from record_201808 where emp_id=111111 and time like '2018-08-28%'
2018-09-04 14:15:19,649 - DataBase.py[line:56] - INFO: select * from record_201808 where emp_id=111111 and time like '2018-08-29%'
2018-09-04 14:15:19,650 - DataBase.py[line:56] - INFO: select * from record_201808 where emp_id=111111 and time<'2018-08-29'
2018-09-04 14:15:19,650 - DataBase.py[line:56] - INFO: select * from record_201808 where emp_id=111111
2018-09-04 14:15:19,651 - DataBase.py[line:56] - INFO: select * from record_201808 where emp_id=111111
2018-09-04 14:15:19,651 - DataBase.py[line:56] - INFO: select * from record_201808 where emp_id=111111 and time like '2018-08-29%'
2018-09-04 14:15:19,651 - DataBase.py[line:56] - INFO: select * from record_201808 where emp_id=111111
2018-09-04 14:15:19,652 - DataBase.py[line:56] - INFO: select * from record_201808 where emp_id=111111 and time like '2018-08-30%'
2018-09-04 14:15:19,652 - DataBase.py[line:56] - INFO: select * from record_201808 where emp_id=111111 and time like '2018-08-30%'
2018-09-04 14:15:19,652 - DataBase.py[line:56] - INFO: select * from record_201808 where emp_id=111111 and time like '2018-08-31%'
2018-09-04 14:15:19,653 - DataBase.py[line:56] - INFO: select * from record_201808 where emp_id=111111 and time<'2018-08-31'
2018-09-04 14:15:19,653 - DataBase.py[line:56] - INFO: select * from record_201808 where emp_id=111111 and time like '2018-08-31%'
2018-09-04 14:15:19,654 - DataBase.py[line:56] - INFO: select * from record_201808 where emp_id=111111 and time<'2018-08-31'
