2018-09-10 10:42:04,806 - DataBase.py[line:23] - INFO: database class is creating...
2018-09-10 10:42:04,993 - DataBase.py[line:51] - INFO: database is connecting...
2018-09-10 10:43:00,196 - DataBase.py[line:56] - INFO: select * from empinfo where Emp_id=000001
2018-09-10 10:43:00,232 - DataBase.py[line:56] - INFO: select password from empinfo where Emp_id=000001
2018-09-10 10:43:23,463 - DataBase.py[line:56] - INFO: select password from empinfo where Emp_id=000001
2018-09-10 10:43:23,498 - DataBase.py[line:67] - INFO: update empinfo set password='000000' where emp_id='000001'
2018-09-10 10:43:23,569 - DataBase.py[line:90] - DEBUG: database is closing
2018-09-10 10:43:23,758 - DataBase.py[line:51] - INFO: database is connecting...
2018-09-10 10:58:49,406 - DataBase.py[line:56] - INFO: select * from empinfo where Emp_id=000001
2018-09-10 10:58:49,457 - DataBase.py[line:56] - INFO: select password from empinfo where Emp_id=000001
2018-09-10 10:59:03,992 - DataBase.py[line:56] - INFO: select password from empinfo where Emp_id=000001
2018-09-10 10:59:04,039 - DataBase.py[line:67] - INFO: update empinfo set password='111111' where emp_id='000001'
2018-09-10 10:59:04,119 - DataBase.py[line:90] - DEBUG: database is closing
2018-09-10 10:59:04,308 - DataBase.py[line:51] - INFO: database is connecting...
2018-09-10 11:00:55,647 - DataBase.py[line:56] - INFO: select * from empinfo where Emp_id=000001
2018-09-10 11:00:55,697 - DataBase.py[line:56] - INFO: select password from empinfo where Emp_id=000001
2018-09-10 11:01:00,644 - DataBase.py[line:56] - INFO: select * from empinfo where Emp_id=000001
2018-09-10 11:01:00,682 - DataBase.py[line:56] - INFO: select password from empinfo where Emp_id=000001
2018-09-10 11:01:10,300 - DataBase.py[line:56] - INFO: select password from empinfo where Emp_id=000001
2018-09-10 11:01:10,346 - DataBase.py[line:67] - INFO: update empinfo set password='000000' where emp_id='000001'
2018-09-10 11:01:10,423 - DataBase.py[line:90] - DEBUG: database is closing
2018-09-10 11:01:10,606 - DataBase.py[line:51] - INFO: database is connecting...
2018-09-10 11:02:05,092 - DataBase.py[line:56] - INFO: select * from empinfo where Emp_id=000001
2018-09-10 11:02:05,146 - DataBase.py[line:56] - INFO: select password from empinfo where Emp_id=000001
2018-09-10 11:02:10,580 - DataBase.py[line:56] - INFO: select * from empinfo where Emp_id=000001
2018-09-10 11:02:10,645 - DataBase.py[line:56] - INFO: select password from empinfo where Emp_id=000001
2018-09-10 11:02:19,240 - DataBase.py[line:56] - INFO: select password from empinfo where Emp_id=000001
2018-09-10 11:02:19,298 - DataBase.py[line:67] - INFO: update empinfo set password='111111' where emp_id='000001'
2018-09-10 11:02:19,379 - DataBase.py[line:90] - DEBUG: database is closing
2018-09-10 11:02:19,560 - DataBase.py[line:51] - INFO: database is connecting...
