2018-09-04 10:13:06,732 - DataBase.py[line:23] - INFO: database class is creating...
2018-09-04 10:13:06,753 - DataBase.py[line:51] - INFO: database is connecting...
2018-09-04 10:13:13,950 - DataBase.py[line:56] - INFO: select * from empinfo where Emp_id=000002
2018-09-04 10:13:13,950 - DataBase.py[line:56] - INFO: select password from empinfo where Emp_id=000002
2018-09-04 10:13:13,951 - DataBase.py[line:56] - INFO: select * from empinfo where Emp_id=000002
2018-09-04 10:13:13,952 - DataBase.py[line:56] - INFO: select * from record_201808 where emp_id=111111
2018-09-04 10:13:13,953 - DataBase.py[line:56] - INFO: select * from record_201808 where emp_id=111111 and time like '2018-08-1%'
2018-09-04 10:13:13,955 - DataBase.py[line:56] - INFO: select * from record_201808 where emp_id=111111
2018-09-04 10:13:13,955 - DataBase.py[line:56] - INFO: select * from record_201808 where emp_id=111111
2018-09-04 10:13:13,955 - DataBase.py[line:56] - INFO: select * from record_201808 where emp_id=111111
2018-09-04 10:13:13,956 - DataBase.py[line:56] - INFO: select * from record_201808 where emp_id=111111 and time like '2018-08-01%'
2018-09-04 10:13:13,956 - DataBase.py[line:56] - INFO: select * from record_201808 where emp_id=111111
2018-09-04 10:13:13,957 - DataBase.py[line:56] - INFO: select * from record_201808 where emp_id=111111
2018-09-04 10:13:13,958 - DataBase.py[line:56] - INFO: select * from record_201808 where emp_id=111111
2018-09-04 10:13:13,958 - DataBase.py[line:56] - INFO: select * from record_201808 where emp_id=111111 and time like '2018-08-2%'
2018-09-04 10:13:13,958 - DataBase.py[line:56] - INFO: select * from record_201808 where emp_id=111111 and time like '2018-08-02%'
2018-09-04 10:13:13,959 - DataBase.py[line:56] - INFO: select * from record_201808 where emp_id=111111
2018-09-04 10:13:13,959 - DataBase.py[line:56] - INFO: select * from record_201808 where emp_id=111111
2018-09-04 10:13:13,960 - DataBase.py[line:56] - INFO: select * from record_201808 where emp_id=111111
2018-09-04 10:13:13,960 - DataBase.py[line:56] - INFO: select * from record_201808 where emp_id=111111 and time like '2018-08-3%'
2018-09-04 10:13:13,961 - DataBase.py[line:56] - INFO: select * from record_201808 where emp_id=111111 and time like '2018-08-03%'
2018-09-04 10:13:13,961 - DataBase.py[line:56] - INFO: select * from record_201808 where emp_id=111111
2018-09-04 10:13:13,962 - DataBase.py[line:56] - INFO: select * from record_201808 where emp_id=111111
2018-09-04 10:13:13,963 - DataBase.py[line:56] - INFO: select * from record_201808 where emp_id=111111
2018-09-04 10:13:13,963 - DataBase.py[line:56] - INFO: select * from record_201808 where emp_id=111111 and time like '2018-08-4%'
2018-09-04 10:13:13,964 - DataBase.py[line:56] - INFO: select * from record_201808 where emp_id=111111
2018-09-04 10:13:13,964 - DataBase.py[line:56] - INFO: select * from record_201808 where emp_id=111111
2018-09-04 10:13:13,965 - DataBase.py[line:56] - INFO: select * from record_201808 where emp_id=111111
2018-09-04 10:13:13,965 - DataBase.py[line:56] - INFO: select * from record_201808 where emp_id=111111 and time like '2018-08-04%'
2018-09-04 10:13:13,966 - DataBase.py[line:56] - INFO: select * from record_201808 where emp_id=111111
2018-09-04 10:13:13,966 - DataBase.py[line:56] - INFO: select * from record_201808 where emp_id=111111
2018-09-04 10:13:13,967 - DataBase.py[line:56] - INFO: select * from record_201808 where emp_id=111111
2018-09-04 10:13:13,967 - DataBase.py[line:56] - INFO: select * from record_201808 where emp_id=111111 and time like '2018-08-5%'
2018-09-04 10:13:13,968 - DataBase.py[line:56] - INFO: select * from record_201808 where emp_id=111111
2018-09-04 10:13:13,968 - DataBase.py[line:56] - INFO: select * from record_201808 where emp_id=111111
2018-09-04 10:13:13,969 - DataBase.py[line:56] - INFO: select * from record_201808 where emp_id=111111
2018-09-04 10:13:13,969 - DataBase.py[line:56] - INFO: select * from record_201808 where emp_id=111111 and time like '2018-08-05%'
2018-09-04 10:13:13,970 - DataBase.py[line:56] - INFO: select * from record_201808 where emp_id=111111
2018-09-04 10:13:13,970 - DataBase.py[line:56] - INFO: select * from record_201808 where emp_id=111111
2018-09-04 10:13:13,971 - DataBase.py[line:56] - INFO: select * from record_201808 where emp_id=111111
2018-09-04 10:13:13,971 - DataBase.py[line:56] - INFO: select * from record_201808 where emp_id=111111 and time like '2018-08-6%'
2018-09-04 10:13:13,972 - DataBase.py[line:56] - INFO: select * from record_201808 where emp_id=111111
2018-09-04 10:13:13,972 - DataBase.py[line:56] - INFO: select * from record_201808 where emp_id=111111
2018-09-04 10:13:13,973 - DataBase.py[line:56] - INFO: select * from record_201808 where emp_id=111111
2018-09-04 10:13:13,973 - DataBase.py[line:56] - INFO: select * from record_201808 where emp_id=111111 and time like '2018-08-06%'
2018-09-04 10:13:13,974 - DataBase.py[line:56] - INFO: select * from record_201808 where emp_id=111111
2018-09-04 10:13:13,974 - DataBase.py[line:56] - INFO: select * from record_201808 where emp_id=111111
2018-09-04 10:13:13,974 - DataBase.py[line:56] - INFO: select * from record_201808 where emp_id=111111
2018-09-04 10:13:13,975 - DataBase.py[line:56] - INFO: select * from record_201808 where emp_id=111111 and time like '2018-08-7%'
2018-09-04 10:13:13,975 - DataBase.py[line:56] - INFO: select * from record_201808 where emp_id=111111
2018-09-04 10:13:13,976 - DataBase.py[line:56] - INFO: select * from record_201808 where emp_id=111111
2018-09-04 10:13:13,977 - DataBase.py[line:56] - INFO: select * from record_201808 where emp_id=111111
2018-09-04 10:13:13,977 - DataBase.py[line:56] - INFO: select * from record_201808 where emp_id=111111 and time like '2018-08-07%'
2018-09-04 10:13:13,978 - DataBase.py[line:56] - INFO: select * from record_201808 where emp_id=111111
2018-09-04 10:13:13,978 - DataBase.py[line:56] - INFO: select * from record_201808 where emp_id=111111
2018-09-04 10:13:13,979 - DataBase.py[line:56] - INFO: select * from record_201808 where emp_id=111111
2018-09-04 10:13:13,979 - DataBase.py[line:56] - INFO: select * from record_201808 where emp_id=111111 and time like '2018-08-8%'
2018-09-04 10:13:13,980 - DataBase.py[line:56] - INFO: select * from record_201808 where emp_id=111111
2018-09-04 10:13:13,980 - DataBase.py[line:56] - INFO: select * from record_201808 where emp_id=111111
2018-09-04 10:13:13,981 - DataBase.py[line:56] - INFO: select * from record_201808 where emp_id=111111
2018-09-04 10:13:13,981 - DataBase.py[line:56] - INFO: select * from record_201808 where emp_id=111111 and time like '2018-08-08%'
2018-09-04 10:13:13,981 - DataBase.py[line:56] - INFO: select * from record_201808 where emp_id=111111
2018-09-04 10:13:13,982 - DataBase.py[line:56] - INFO: select * from record_201808 where emp_id=111111
2018-09-04 10:13:13,982 - DataBase.py[line:56] - INFO: select * from record_201808 where emp_id=111111
2018-09-04 10:13:13,982 - DataBase.py[line:56] - INFO: select * from record_201808 where emp_id=111111 and time like '2018-08-9%'
2018-09-04 10:13:13,983 - DataBase.py[line:56] - INFO: select * from record_201808 where emp_id=111111
2018-09-04 10:13:13,983 - DataBase.py[line:56] - INFO: select * from record_201808 where emp_id=111111
2018-09-04 10:13:13,983 - DataBase.py[line:56] - INFO: select * from record_201808 where emp_id=111111
2018-09-04 10:13:13,984 - DataBase.py[line:56] - INFO: select * from record_201808 where emp_id=111111 and time like '2018-08-09%'
2018-09-04 10:13:13,984 - DataBase.py[line:56] - INFO: select * from record_201808 where emp_id=111111
2018-09-04 10:13:13,985 - DataBase.py[line:56] - INFO: select * from record_201808 where emp_id=111111
2018-09-04 10:13:13,985 - DataBase.py[line:56] - INFO: select * from record_201808 where emp_id=111111
2018-09-04 10:13:13,985 - DataBase.py[line:56] - INFO: select * from record_201808 where emp_id=111111 and time like '2018-08-10%'
2018-09-04 10:13:13,986 - DataBase.py[line:56] - INFO: select * from record_201808 where emp_id=111111
2018-09-04 10:13:13,986 - DataBase.py[line:56] - INFO: select * from record_201808 where emp_id=111111
2018-09-04 10:13:13,987 - DataBase.py[line:56] - INFO: select * from record_201808 where emp_id=111111
2018-09-04 10:13:13,988 - DataBase.py[line:56] - INFO: select * from record_201808 where emp_id=111111 and time like '2018-08-10%'
2018-09-04 10:13:13,988 - DataBase.py[line:56] - INFO: select * from record_201808 where emp_id=111111
2018-09-04 10:13:13,989 - DataBase.py[line:56] - INFO: select * from record_201808 where emp_id=111111
2018-09-04 10:13:13,989 - DataBase.py[line:56] - INFO: select * from record_201808 where emp_id=111111
2018-09-04 10:13:13,990 - DataBase.py[line:56] - INFO: select * from record_201808 where emp_id=111111 and time like '2018-08-11%'
2018-09-04 10:13:13,990 - DataBase.py[line:56] - INFO: select * from record_201808 where emp_id=111111
2018-09-04 10:13:13,990 - DataBase.py[line:56] - INFO: select * from record_201808 where emp_id=111111
2018-09-04 10:13:13,991 - DataBase.py[line:56] - INFO: select * from record_201808 where emp_id=111111
2018-09-04 10:13:13,991 - DataBase.py[line:56] - INFO: select * from record_201808 where emp_id=111111 and time like '2018-08-11%'
2018-09-04 10:13:13,992 - DataBase.py[line:56] - INFO: select * from record_201808 where emp_id=111111
2018-09-04 10:13:13,992 - DataBase.py[line:56] - INFO: select * from record_201808 where emp_id=111111
2018-09-04 10:13:13,993 - DataBase.py[line:56] - INFO: select * from record_201808 where emp_id=111111
2018-09-04 10:13:13,993 - DataBase.py[line:56] - INFO: select * from record_201808 where emp_id=111111 and time like '2018-08-12%'
2018-09-04 10:13:13,994 - DataBase.py[line:56] - INFO: select * from record_201808 where emp_id=111111
2018-09-04 10:13:13,994 - DataBase.py[line:56] - INFO: select * from record_201808 where emp_id=111111
2018-09-04 10:13:13,994 - DataBase.py[line:56] - INFO: select * from record_201808 where emp_id=111111
2018-09-04 10:13:13,995 - DataBase.py[line:56] - INFO: select * from record_201808 where emp_id=111111 and time like '2018-08-12%'
2018-09-04 10:13:13,995 - DataBase.py[line:56] - INFO: select * from record_201808 where emp_id=111111
2018-09-04 10:13:13,996 - DataBase.py[line:56] - INFO: select * from record_201808 where emp_id=111111
2018-09-04 10:13:13,997 - DataBase.py[line:56] - INFO: select * from record_201808 where emp_id=111111
2018-09-04 10:13:13,997 - DataBase.py[line:56] - INFO: select * from record_201808 where emp_id=111111 and time like '2018-08-13%'
2018-09-04 10:13:13,997 - DataBase.py[line:56] - INFO: select * from record_201808 where emp_id=111111
2018-09-04 10:13:13,998 - DataBase.py[line:56] - INFO: select * from record_201808 where emp_id=111111
2018-09-04 10:13:13,998 - DataBase.py[line:56] - INFO: select * from record_201808 where emp_id=111111
2018-09-04 10:13:13,999 - DataBase.py[line:56] - INFO: select * from record_201808 where emp_id=111111 and time like '2018-08-13%'
2018-09-04 10:13:14,000 - DataBase.py[line:56] - INFO: select * from record_201808 where emp_id=111111
2018-09-04 10:13:14,000 - DataBase.py[line:56] - INFO: select * from record_201808 where emp_id=111111
2018-09-04 10:13:14,001 - DataBase.py[line:56] - INFO: select * from record_201808 where emp_id=111111
2018-09-04 10:13:14,001 - DataBase.py[line:56] - INFO: select * from record_201808 where emp_id=111111 and time like '2018-08-14%'
2018-09-04 10:13:14,001 - DataBase.py[line:56] - INFO: select * from record_201808 where emp_id=111111
2018-09-04 10:13:14,002 - DataBase.py[line:56] - INFO: select * from record_201808 where emp_id=111111
2018-09-04 10:13:14,002 - DataBase.py[line:56] - INFO: select * from record_201808 where emp_id=111111
2018-09-04 10:13:14,002 - DataBase.py[line:56] - INFO: select * from record_201808 where emp_id=111111 and time like '2018-08-14%'
2018-09-04 10:13:14,003 - DataBase.py[line:56] - INFO: select * from record_201808 where emp_id=111111
2018-09-04 10:13:14,003 - DataBase.py[line:56] - INFO: select * from record_201808 where emp_id=111111
2018-09-04 10:13:14,003 - DataBase.py[line:56] - INFO: select * from record_201808 where emp_id=111111
2018-09-04 10:13:14,004 - DataBase.py[line:56] - INFO: select * from record_201808 where emp_id=111111 and time like '2018-08-15%'
2018-09-04 10:13:14,004 - DataBase.py[line:56] - INFO: select * from record_201808 where emp_id=111111
2018-09-04 10:13:14,005 - DataBase.py[line:56] - INFO: select * from record_201808 where emp_id=111111
2018-09-04 10:13:14,005 - DataBase.py[line:56] - INFO: select * from record_201808 where emp_id=111111
2018-09-04 10:13:14,005 - DataBase.py[line:56] - INFO: select * from record_201808 where emp_id=111111 and time like '2018-08-15%'
2018-09-04 10:13:14,006 - DataBase.py[line:56] - INFO: select * from record_201808 where emp_id=111111
2018-09-04 10:13:14,006 - DataBase.py[line:56] - INFO: select * from record_201808 where emp_id=111111
2018-09-04 10:13:14,007 - DataBase.py[line:56] - INFO: select * from record_201808 where emp_id=111111
2018-09-04 10:13:14,007 - DataBase.py[line:56] - INFO: select * from record_201808 where emp_id=111111 and time like '2018-08-16%'
2018-09-04 10:13:14,008 - DataBase.py[line:56] - INFO: select * from record_201808 where emp_id=111111
2018-09-04 10:13:14,008 - DataBase.py[line:56] - INFO: select * from record_201808 where emp_id=111111
2018-09-04 10:13:14,009 - DataBase.py[line:56] - INFO: select * from record_201808 where emp_id=111111
2018-09-04 10:13:14,009 - DataBase.py[line:56] - INFO: select * from record_201808 where emp_id=111111 and time like '2018-08-16%'
2018-09-04 10:13:14,010 - DataBase.py[line:56] - INFO: select * from record_201808 where emp_id=111111
2018-09-04 10:13:14,010 - DataBase.py[line:56] - INFO: select * from record_201808 where emp_id=111111
2018-09-04 10:13:14,011 - DataBase.py[line:56] - INFO: select * from record_201808 where emp_id=111111
2018-09-04 10:13:14,011 - DataBase.py[line:56] - INFO: select * from record_201808 where emp_id=111111 and time like '2018-08-17%'
2018-09-04 10:13:14,012 - DataBase.py[line:56] - INFO: select * from record_201808 where emp_id=111111
2018-09-04 10:13:14,012 - DataBase.py[line:56] - INFO: select * from record_201808 where emp_id=111111
2018-09-04 10:13:14,013 - DataBase.py[line:56] - INFO: select * from record_201808 where emp_id=111111
2018-09-04 10:13:14,013 - DataBase.py[line:56] - INFO: select * from record_201808 where emp_id=111111 and time like '2018-08-17%'
2018-09-04 10:13:14,013 - DataBase.py[line:56] - INFO: select * from record_201808 where emp_id=111111
2018-09-04 10:13:14,014 - DataBase.py[line:56] - INFO: select * from record_201808 where emp_id=111111
2018-09-04 10:13:14,014 - DataBase.py[line:56] - INFO: select * from record_201808 where emp_id=111111
2018-09-04 10:13:14,014 - DataBase.py[line:56] - INFO: select * from record_201808 where emp_id=111111 and time like '2018-08-18%'
2018-09-04 10:13:14,015 - DataBase.py[line:56] - INFO: select * from record_201808 where emp_id=111111
2018-09-04 10:13:14,015 - DataBase.py[line:56] - INFO: select * from record_201808 where emp_id=111111
2018-09-04 10:13:14,016 - DataBase.py[line:56] - INFO: select * from record_201808 where emp_id=111111
2018-09-04 10:13:14,016 - DataBase.py[line:56] - INFO: select * from record_201808 where emp_id=111111 and time like '2018-08-18%'
2018-09-04 10:13:14,017 - DataBase.py[line:56] - INFO: select * from record_201808 where emp_id=111111
2018-09-04 10:13:14,017 - DataBase.py[line:56] - INFO: select * from record_201808 where emp_id=111111
2018-09-04 10:13:14,018 - DataBase.py[line:56] - INFO: select * from record_201808 where emp_id=111111
2018-09-04 10:13:14,018 - DataBase.py[line:56] - INFO: select * from record_201808 where emp_id=111111 and time like '2018-08-19%'
2018-09-04 10:13:14,018 - DataBase.py[line:56] - INFO: select * from record_201808 where emp_id=111111
2018-09-04 10:13:14,019 - DataBase.py[line:56] - INFO: select * from record_201808 where emp_id=111111
2018-09-04 10:13:14,019 - DataBase.py[line:56] - INFO: select * from record_201808 where emp_id=111111
2018-09-04 10:13:14,019 - DataBase.py[line:56] - INFO: select * from record_201808 where emp_id=111111 and time like '2018-08-19%'
2018-09-04 10:13:14,020 - DataBase.py[line:56] - INFO: select * from record_201808 where emp_id=111111
2018-09-04 10:13:14,020 - DataBase.py[line:56] - INFO: select * from record_201808 where emp_id=111111
2018-09-04 10:13:14,021 - DataBase.py[line:56] - INFO: select * from record_201808 where emp_id=111111
2018-09-04 10:13:14,021 - DataBase.py[line:56] - INFO: select * from record_201808 where emp_id=111111 and time like '2018-08-20%'
2018-09-04 10:13:14,021 - DataBase.py[line:56] - INFO: select * from record_201808 where emp_id=111111
2018-09-04 10:13:14,022 - DataBase.py[line:56] - INFO: select * from record_201808 where emp_id=111111
2018-09-04 10:13:14,022 - DataBase.py[line:56] - INFO: select * from record_201808 where emp_id=111111
2018-09-04 10:13:14,022 - DataBase.py[line:56] - INFO: select * from record_201808 where emp_id=111111 and time like '2018-08-20%'
2018-09-04 10:13:14,023 - DataBase.py[line:56] - INFO: select * from record_201808 where emp_id=111111
2018-09-04 10:13:14,023 - DataBase.py[line:56] - INFO: select * from record_201808 where emp_id=111111
2018-09-04 10:13:14,024 - DataBase.py[line:56] - INFO: select * from record_201808 where emp_id=111111
2018-09-04 10:13:14,024 - DataBase.py[line:56] - INFO: select * from record_201808 where emp_id=111111 and time like '2018-08-21%'
2018-09-04 10:13:14,024 - DataBase.py[line:56] - INFO: select * from record_201808 where emp_id=111111
2018-09-04 10:13:14,025 - DataBase.py[line:56] - INFO: select * from record_201808 where emp_id=111111
2018-09-04 10:13:14,025 - DataBase.py[line:56] - INFO: select * from record_201808 where emp_id=111111
2018-09-04 10:13:14,025 - DataBase.py[line:56] - INFO: select * from record_201808 where emp_id=111111 and time like '2018-08-21%'
2018-09-04 10:13:14,026 - DataBase.py[line:56] - INFO: select * from record_201808 where emp_id=111111
2018-09-04 10:13:14,026 - DataBase.py[line:56] - INFO: select * from record_201808 where emp_id=111111
2018-09-04 10:13:14,027 - DataBase.py[line:56] - INFO: select * from record_201808 where emp_id=111111
2018-09-04 10:13:14,028 - DataBase.py[line:56] - INFO: select * from record_201808 where emp_id=111111 and time like '2018-08-22%'
2018-09-04 10:13:14,028 - DataBase.py[line:56] - INFO: select * from record_201808 where emp_id=111111
2018-09-04 10:13:14,029 - DataBase.py[line:56] - INFO: select * from record_201808 where emp_id=111111
2018-09-04 10:13:14,029 - DataBase.py[line:56] - INFO: select * from record_201808 where emp_id=111111
2018-09-04 10:13:14,030 - DataBase.py[line:56] - INFO: select * from record_201808 where emp_id=111111 and time like '2018-08-22%'
2018-09-04 10:13:14,030 - DataBase.py[line:56] - INFO: select * from record_201808 where emp_id=111111
2018-09-04 10:13:14,030 - DataBase.py[line:56] - INFO: select * from record_201808 where emp_id=111111
2018-09-04 10:13:14,031 - DataBase.py[line:56] - INFO: select * from record_201808 where emp_id=111111
2018-09-04 10:13:14,031 - DataBase.py[line:56] - INFO: select * from record_201808 where emp_id=111111 and time like '2018-08-23%'
2018-09-04 10:13:14,032 - DataBase.py[line:56] - INFO: select * from record_201808 where emp_id=111111
2018-09-04 10:13:14,032 - DataBase.py[line:56] - INFO: select * from record_201808 where emp_id=111111
2018-09-04 10:13:14,032 - DataBase.py[line:56] - INFO: select * from record_201808 where emp_id=111111
2018-09-04 10:13:14,033 - DataBase.py[line:56] - INFO: select * from record_201808 where emp_id=111111 and time like '2018-08-23%'
2018-09-04 10:13:14,033 - DataBase.py[line:56] - INFO: select * from record_201808 where emp_id=111111
2018-09-04 10:13:14,034 - DataBase.py[line:56] - INFO: select * from record_201808 where emp_id=111111
2018-09-04 10:13:14,034 - DataBase.py[line:56] - INFO: select * from record_201808 where emp_id=111111
2018-09-04 10:13:14,034 - DataBase.py[line:56] - INFO: select * from record_201808 where emp_id=111111 and time like '2018-08-24%'
2018-09-04 10:13:14,035 - DataBase.py[line:56] - INFO: select * from record_201808 where emp_id=111111
2018-09-04 10:13:14,036 - DataBase.py[line:56] - INFO: select * from record_201808 where emp_id=111111
2018-09-04 10:13:14,036 - DataBase.py[line:56] - INFO: select * from record_201808 where emp_id=111111
2018-09-04 10:13:14,037 - DataBase.py[line:56] - INFO: select * from record_201808 where emp_id=111111 and time like '2018-08-24%'
2018-09-04 10:13:14,037 - DataBase.py[line:56] - INFO: select * from record_201808 where emp_id=111111
2018-09-04 10:13:14,037 - DataBase.py[line:56] - INFO: select * from record_201808 where emp_id=111111
2018-09-04 10:13:14,038 - DataBase.py[line:56] - INFO: select * from record_201808 where emp_id=111111
2018-09-04 10:13:14,038 - DataBase.py[line:56] - INFO: select * from record_201808 where emp_id=111111 and time like '2018-08-25%'
2018-09-04 10:13:14,039 - DataBase.py[line:56] - INFO: select * from record_201808 where emp_id=111111
2018-09-04 10:13:14,039 - DataBase.py[line:56] - INFO: select * from record_201808 where emp_id=111111
2018-09-04 10:13:14,039 - DataBase.py[line:56] - INFO: select * from record_201808 where emp_id=111111
2018-09-04 10:13:14,040 - DataBase.py[line:56] - INFO: select * from record_201808 where emp_id=111111 and time like '2018-08-25%'
2018-09-04 10:13:14,040 - DataBase.py[line:56] - INFO: select * from record_201808 where emp_id=111111
2018-09-04 10:13:14,040 - DataBase.py[line:56] - INFO: select * from record_201808 where emp_id=111111
2018-09-04 10:13:14,041 - DataBase.py[line:56] - INFO: select * from record_201808 where emp_id=111111
2018-09-04 10:13:14,041 - DataBase.py[line:56] - INFO: select * from record_201808 where emp_id=111111 and time like '2018-08-26%'
2018-09-04 10:13:14,042 - DataBase.py[line:56] - INFO: select * from record_201808 where emp_id=111111
2018-09-04 10:13:14,042 - DataBase.py[line:56] - INFO: select * from record_201808 where emp_id=111111
2018-09-04 10:13:14,042 - DataBase.py[line:56] - INFO: select * from record_201808 where emp_id=111111
2018-09-04 10:13:14,043 - DataBase.py[line:56] - INFO: select * from record_201808 where emp_id=111111 and time like '2018-08-26%'
2018-09-04 10:13:14,043 - DataBase.py[line:56] - INFO: select * from record_201808 where emp_id=111111
2018-09-04 10:13:14,043 - DataBase.py[line:56] - INFO: select * from record_201808 where emp_id=111111
2018-09-04 10:13:14,044 - DataBase.py[line:56] - INFO: select * from record_201808 where emp_id=111111
2018-09-04 10:13:14,044 - DataBase.py[line:56] - INFO: select * from record_201808 where emp_id=111111 and time like '2018-08-27%'
2018-09-04 10:13:14,045 - DataBase.py[line:56] - INFO: select * from record_201808 where emp_id=111111
2018-09-04 10:13:14,045 - DataBase.py[line:56] - INFO: select * from record_201808 where emp_id=111111
2018-09-04 10:13:14,046 - DataBase.py[line:56] - INFO: select * from record_201808 where emp_id=111111
2018-09-04 10:13:14,046 - DataBase.py[line:56] - INFO: select * from record_201808 where emp_id=111111 and time like '2018-08-27%'
2018-09-04 10:13:14,047 - DataBase.py[line:56] - INFO: select * from record_201808 where emp_id=111111
2018-09-04 10:13:14,047 - DataBase.py[line:56] - INFO: select * from record_201808 where emp_id=111111
2018-09-04 10:13:14,048 - DataBase.py[line:56] - INFO: select * from record_201808 where emp_id=111111
2018-09-04 10:13:14,048 - DataBase.py[line:56] - INFO: select * from record_201808 where emp_id=111111 and time like '2018-08-28%'
2018-09-04 10:13:14,049 - DataBase.py[line:56] - INFO: select * from record_201808 where emp_id=111111 and time like '2018-08-28%'
2018-09-04 10:13:14,049 - DataBase.py[line:56] - INFO: select * from record_201808 where emp_id=111111 and time like '2018-08-29%'
2018-09-04 10:13:14,049 - DataBase.py[line:56] - INFO: select * from record_201808 where emp_id=111111
2018-09-04 10:13:14,050 - DataBase.py[line:56] - INFO: select * from record_201808 where emp_id=111111
2018-09-04 10:13:14,050 - DataBase.py[line:56] - INFO: select * from record_201808 where emp_id=111111
2018-09-04 10:13:14,051 - DataBase.py[line:56] - INFO: select * from record_201808 where emp_id=111111 and time like '2018-08-29%'
2018-09-04 10:13:14,051 - DataBase.py[line:56] - INFO: select * from record_201808 where emp_id=111111
2018-09-04 10:13:14,051 - DataBase.py[line:56] - INFO: select * from record_201808 where emp_id=111111 and time like '2018-08-30%'
2018-09-04 10:13:14,052 - DataBase.py[line:56] - INFO: select * from record_201808 where emp_id=111111 and time like '2018-08-30%'
2018-09-04 10:13:14,052 - DataBase.py[line:56] - INFO: select * from record_201808 where emp_id=111111 and time like '2018-08-31%'
2018-09-04 10:13:14,053 - DataBase.py[line:56] - INFO: select * from record_201808 where emp_id=111111
2018-09-04 10:13:14,053 - DataBase.py[line:56] - INFO: select * from record_201808 where emp_id=111111
2018-09-04 10:13:14,054 - DataBase.py[line:56] - INFO: select * from record_201808 where emp_id=111111
2018-09-04 10:13:14,054 - DataBase.py[line:56] - INFO: select * from record_201808 where emp_id=111111 and time like '2018-08-31%'
2018-09-04 10:13:14,054 - DataBase.py[line:56] - INFO: select * from record_201808 where emp_id=111111
2018-09-04 10:13:14,055 - DataBase.py[line:56] - INFO: select * from record_201808 where emp_id=111111
2018-09-04 10:13:14,055 - DataBase.py[line:56] - INFO: select * from record_201808 where emp_id=111111
