2018-09-04 09:20:48,652 - DataBase.py[line:23] - INFO: database class is creating...
2018-09-04 09:20:48,672 - DataBase.py[line:51] - INFO: database is connecting...
2018-09-04 09:20:52,036 - DataBase.py[line:56] - INFO: select * from empinfo where Emp_id=000002
2018-09-04 09:20:52,037 - DataBase.py[line:56] - INFO: select password from empinfo where Emp_id=000002
2018-09-04 09:20:52,037 - DataBase.py[line:56] - INFO: select * from empinfo where Emp_id=000002
2018-09-04 09:20:52,038 - DataBase.py[line:56] - INFO: select * from record_201808 where emp_id=111111
2018-09-04 09:20:52,039 - DataBase.py[line:56] - INFO: select * from record_201808 where emp_id=111111 and time like '2018-08-1%'
2018-09-04 09:20:52,039 - DataBase.py[line:56] - INFO: select * from record_201808 where emp_id=111111
2018-09-04 09:20:52,040 - DataBase.py[line:56] - INFO: select * from record_201808 where emp_id=111111 and time like '2018-08-01%'
2018-09-04 09:20:52,040 - DataBase.py[line:56] - INFO: select * from record_201808 where emp_id=111111
2018-09-04 09:20:52,041 - DataBase.py[line:56] - INFO: select * from record_201808 where emp_id=111111 and time like '2018-08-2%'
2018-09-04 09:20:52,042 - DataBase.py[line:56] - INFO: select * from record_201808 where emp_id=111111
2018-09-04 09:20:52,042 - DataBase.py[line:56] - INFO: select * from record_201808 where emp_id=111111 and time like '2018-08-02%'
2018-09-04 09:20:52,042 - DataBase.py[line:56] - INFO: select * from record_201808 where emp_id=111111
2018-09-04 09:20:52,043 - DataBase.py[line:56] - INFO: select * from record_201808 where emp_id=111111 and time like '2018-08-3%'
2018-09-04 09:20:52,043 - DataBase.py[line:56] - INFO: select * from record_201808 where emp_id=111111
2018-09-04 09:20:52,044 - DataBase.py[line:56] - INFO: select * from record_201808 where emp_id=111111 and time like '2018-08-03%'
2018-09-04 09:20:52,044 - DataBase.py[line:56] - INFO: select * from record_201808 where emp_id=111111
2018-09-04 09:20:52,045 - DataBase.py[line:56] - INFO: select * from record_201808 where emp_id=111111 and time like '2018-08-4%'
2018-09-04 09:20:52,045 - DataBase.py[line:56] - INFO: select * from record_201808 where emp_id=111111
2018-09-04 09:20:52,046 - DataBase.py[line:56] - INFO: select * from record_201808 where emp_id=111111 and time like '2018-08-04%'
2018-09-04 09:20:52,046 - DataBase.py[line:56] - INFO: select * from record_201808 where emp_id=111111
2018-09-04 09:20:52,047 - DataBase.py[line:56] - INFO: select * from record_201808 where emp_id=111111 and time like '2018-08-5%'
2018-09-04 09:20:52,048 - DataBase.py[line:56] - INFO: select * from record_201808 where emp_id=111111
2018-09-04 09:20:52,048 - DataBase.py[line:56] - INFO: select * from record_201808 where emp_id=111111 and time like '2018-08-05%'
2018-09-04 09:20:52,049 - DataBase.py[line:56] - INFO: select * from record_201808 where emp_id=111111
2018-09-04 09:20:52,049 - DataBase.py[line:56] - INFO: select * from record_201808 where emp_id=111111 and time like '2018-08-6%'
2018-09-04 09:20:52,050 - DataBase.py[line:56] - INFO: select * from record_201808 where emp_id=111111
2018-09-04 09:20:52,051 - DataBase.py[line:56] - INFO: select * from record_201808 where emp_id=111111 and time like '2018-08-06%'
2018-09-04 09:20:52,051 - DataBase.py[line:56] - INFO: select * from record_201808 where emp_id=111111
2018-09-04 09:20:52,052 - DataBase.py[line:56] - INFO: select * from record_201808 where emp_id=111111 and time like '2018-08-7%'
2018-09-04 09:20:52,052 - DataBase.py[line:56] - INFO: select * from record_201808 where emp_id=111111
2018-09-04 09:20:52,053 - DataBase.py[line:56] - INFO: select * from record_201808 where emp_id=111111 and time like '2018-08-07%'
2018-09-04 09:20:52,053 - DataBase.py[line:56] - INFO: select * from record_201808 where emp_id=111111
2018-09-04 09:20:52,053 - DataBase.py[line:56] - INFO: select * from record_201808 where emp_id=111111 and time like '2018-08-8%'
2018-09-04 09:20:52,054 - DataBase.py[line:56] - INFO: select * from record_201808 where emp_id=111111
2018-09-04 09:20:52,054 - DataBase.py[line:56] - INFO: select * from record_201808 where emp_id=111111 and time like '2018-08-08%'
2018-09-04 09:20:52,055 - DataBase.py[line:56] - INFO: select * from record_201808 where emp_id=111111
2018-09-04 09:20:52,055 - DataBase.py[line:56] - INFO: select * from record_201808 where emp_id=111111 and time like '2018-08-9%'
2018-09-04 09:20:52,056 - DataBase.py[line:56] - INFO: select * from record_201808 where emp_id=111111
2018-09-04 09:20:52,056 - DataBase.py[line:56] - INFO: select * from record_201808 where emp_id=111111 and time like '2018-08-09%'
2018-09-04 09:20:52,057 - DataBase.py[line:56] - INFO: select * from record_201808 where emp_id=111111
2018-09-04 09:20:52,057 - DataBase.py[line:56] - INFO: select * from record_201808 where emp_id=111111 and time like '2018-08-10%'
2018-09-04 09:20:52,058 - DataBase.py[line:56] - INFO: select * from record_201808 where emp_id=111111
2018-09-04 09:20:52,058 - DataBase.py[line:56] - INFO: select * from record_201808 where emp_id=111111 and time like '2018-08-10%'
2018-09-04 09:20:52,059 - DataBase.py[line:56] - INFO: select * from record_201808 where emp_id=111111
2018-09-04 09:20:52,059 - DataBase.py[line:56] - INFO: select * from record_201808 where emp_id=111111 and time like '2018-08-11%'
2018-09-04 09:20:52,060 - DataBase.py[line:56] - INFO: select * from record_201808 where emp_id=111111
2018-09-04 09:20:52,060 - DataBase.py[line:56] - INFO: select * from record_201808 where emp_id=111111 and time like '2018-08-11%'
2018-09-04 09:20:52,061 - DataBase.py[line:56] - INFO: select * from record_201808 where emp_id=111111
2018-09-04 09:20:52,061 - DataBase.py[line:56] - INFO: select * from record_201808 where emp_id=111111 and time like '2018-08-12%'
2018-09-04 09:20:52,062 - DataBase.py[line:56] - INFO: select * from record_201808 where emp_id=111111
2018-09-04 09:20:52,062 - DataBase.py[line:56] - INFO: select * from record_201808 where emp_id=111111 and time like '2018-08-12%'
2018-09-04 09:20:52,063 - DataBase.py[line:56] - INFO: select * from record_201808 where emp_id=111111
2018-09-04 09:20:52,063 - DataBase.py[line:56] - INFO: select * from record_201808 where emp_id=111111 and time like '2018-08-13%'
2018-09-04 09:20:52,064 - DataBase.py[line:56] - INFO: select * from record_201808 where emp_id=111111
2018-09-04 09:20:52,064 - DataBase.py[line:56] - INFO: select * from record_201808 where emp_id=111111 and time like '2018-08-13%'
2018-09-04 09:20:52,065 - DataBase.py[line:56] - INFO: select * from record_201808 where emp_id=111111
2018-09-04 09:20:52,065 - DataBase.py[line:56] - INFO: select * from record_201808 where emp_id=111111 and time like '2018-08-14%'
2018-09-04 09:20:52,066 - DataBase.py[line:56] - INFO: select * from record_201808 where emp_id=111111
2018-09-04 09:20:52,066 - DataBase.py[line:56] - INFO: select * from record_201808 where emp_id=111111 and time like '2018-08-14%'
2018-09-04 09:20:52,067 - DataBase.py[line:56] - INFO: select * from record_201808 where emp_id=111111
2018-09-04 09:20:52,067 - DataBase.py[line:56] - INFO: select * from record_201808 where emp_id=111111 and time like '2018-08-15%'
2018-09-04 09:20:52,068 - DataBase.py[line:56] - INFO: select * from record_201808 where emp_id=111111
2018-09-04 09:20:52,068 - DataBase.py[line:56] - INFO: select * from record_201808 where emp_id=111111 and time like '2018-08-15%'
2018-09-04 09:20:52,069 - DataBase.py[line:56] - INFO: select * from record_201808 where emp_id=111111
2018-09-04 09:20:52,069 - DataBase.py[line:56] - INFO: select * from record_201808 where emp_id=111111 and time like '2018-08-16%'
2018-09-04 09:20:52,069 - DataBase.py[line:56] - INFO: select * from record_201808 where emp_id=111111
2018-09-04 09:20:52,070 - DataBase.py[line:56] - INFO: select * from record_201808 where emp_id=111111 and time like '2018-08-16%'
2018-09-04 09:20:52,071 - DataBase.py[line:56] - INFO: select * from record_201808 where emp_id=111111
2018-09-04 09:20:52,071 - DataBase.py[line:56] - INFO: select * from record_201808 where emp_id=111111 and time like '2018-08-17%'
2018-09-04 09:20:52,072 - DataBase.py[line:56] - INFO: select * from record_201808 where emp_id=111111
2018-09-04 09:20:52,073 - DataBase.py[line:56] - INFO: select * from record_201808 where emp_id=111111 and time like '2018-08-17%'
2018-09-04 09:20:52,073 - DataBase.py[line:56] - INFO: select * from record_201808 where emp_id=111111
2018-09-04 09:20:52,074 - DataBase.py[line:56] - INFO: select * from record_201808 where emp_id=111111 and time like '2018-08-18%'
2018-09-04 09:20:52,074 - DataBase.py[line:56] - INFO: select * from record_201808 where emp_id=111111
2018-09-04 09:20:52,075 - DataBase.py[line:56] - INFO: select * from record_201808 where emp_id=111111 and time like '2018-08-18%'
2018-09-04 09:20:52,075 - DataBase.py[line:56] - INFO: select * from record_201808 where emp_id=111111
2018-09-04 09:20:52,075 - DataBase.py[line:56] - INFO: select * from record_201808 where emp_id=111111 and time like '2018-08-19%'
2018-09-04 09:20:52,076 - DataBase.py[line:56] - INFO: select * from record_201808 where emp_id=111111
2018-09-04 09:20:52,076 - DataBase.py[line:56] - INFO: select * from record_201808 where emp_id=111111 and time like '2018-08-19%'
2018-09-04 09:20:52,077 - DataBase.py[line:56] - INFO: select * from record_201808 where emp_id=111111
2018-09-04 09:20:52,078 - DataBase.py[line:56] - INFO: select * from record_201808 where emp_id=111111 and time like '2018-08-20%'
2018-09-04 09:20:52,078 - DataBase.py[line:56] - INFO: select * from record_201808 where emp_id=111111
2018-09-04 09:20:52,079 - DataBase.py[line:56] - INFO: select * from record_201808 where emp_id=111111 and time like '2018-08-20%'
2018-09-04 09:20:52,079 - DataBase.py[line:56] - INFO: select * from record_201808 where emp_id=111111
2018-09-04 09:20:52,080 - DataBase.py[line:56] - INFO: select * from record_201808 where emp_id=111111 and time like '2018-08-21%'
2018-09-04 09:20:52,080 - DataBase.py[line:56] - INFO: select * from record_201808 where emp_id=111111
2018-09-04 09:20:52,081 - DataBase.py[line:56] - INFO: select * from record_201808 where emp_id=111111 and time like '2018-08-21%'
2018-09-04 09:20:52,081 - DataBase.py[line:56] - INFO: select * from record_201808 where emp_id=111111
2018-09-04 09:20:52,081 - DataBase.py[line:56] - INFO: select * from record_201808 where emp_id=111111 and time like '2018-08-22%'
2018-09-04 09:20:52,081 - DataBase.py[line:56] - INFO: select * from record_201808 where emp_id=111111
2018-09-04 09:20:52,082 - DataBase.py[line:56] - INFO: select * from record_201808 where emp_id=111111 and time like '2018-08-22%'
2018-09-04 09:20:52,082 - DataBase.py[line:56] - INFO: select * from record_201808 where emp_id=111111
2018-09-04 09:20:52,082 - DataBase.py[line:56] - INFO: select * from record_201808 where emp_id=111111 and time like '2018-08-23%'
2018-09-04 09:20:52,083 - DataBase.py[line:56] - INFO: select * from record_201808 where emp_id=111111
2018-09-04 09:20:52,083 - DataBase.py[line:56] - INFO: select * from record_201808 where emp_id=111111 and time like '2018-08-23%'
2018-09-04 09:20:52,084 - DataBase.py[line:56] - INFO: select * from record_201808 where emp_id=111111
2018-09-04 09:20:52,084 - DataBase.py[line:56] - INFO: select * from record_201808 where emp_id=111111 and time like '2018-08-24%'
2018-09-04 09:20:52,084 - DataBase.py[line:56] - INFO: select * from record_201808 where emp_id=111111
2018-09-04 09:20:52,086 - DataBase.py[line:56] - INFO: select * from record_201808 where emp_id=111111 and time like '2018-08-24%'
2018-09-04 09:20:52,086 - DataBase.py[line:56] - INFO: select * from record_201808 where emp_id=111111
2018-09-04 09:20:52,086 - DataBase.py[line:56] - INFO: select * from record_201808 where emp_id=111111 and time like '2018-08-25%'
2018-09-04 09:20:52,086 - DataBase.py[line:56] - INFO: select * from record_201808 where emp_id=111111
2018-09-04 09:20:52,086 - DataBase.py[line:56] - INFO: select * from record_201808 where emp_id=111111 and time like '2018-08-25%'
2018-09-04 09:20:52,087 - DataBase.py[line:56] - INFO: select * from record_201808 where emp_id=111111
2018-09-04 09:20:52,087 - DataBase.py[line:56] - INFO: select * from record_201808 where emp_id=111111 and time like '2018-08-26%'
2018-09-04 09:20:52,088 - DataBase.py[line:56] - INFO: select * from record_201808 where emp_id=111111
2018-09-04 09:20:52,088 - DataBase.py[line:56] - INFO: select * from record_201808 where emp_id=111111 and time like '2018-08-26%'
2018-09-04 09:20:52,089 - DataBase.py[line:56] - INFO: select * from record_201808 where emp_id=111111
2018-09-04 09:20:52,089 - DataBase.py[line:56] - INFO: select * from record_201808 where emp_id=111111 and time like '2018-08-27%'
2018-09-04 09:20:52,091 - DataBase.py[line:56] - INFO: select * from record_201808 where emp_id=111111
2018-09-04 09:20:52,091 - DataBase.py[line:56] - INFO: select * from record_201808 where emp_id=111111 and time like '2018-08-27%'
2018-09-04 09:20:52,091 - DataBase.py[line:56] - INFO: select * from record_201808 where emp_id=111111
2018-09-04 09:20:52,091 - DataBase.py[line:56] - INFO: select * from record_201808 where emp_id=111111 and time like '2018-08-28%'
2018-09-04 09:20:52,092 - DataBase.py[line:56] - INFO: select * from record_201808 where emp_id=111111
2018-09-04 09:20:52,092 - DataBase.py[line:56] - INFO: select * from record_201808 where emp_id=111111 and time like '2018-08-28%'
2018-09-04 09:20:52,092 - DataBase.py[line:56] - INFO: select * from record_201808 where emp_id=111111 and time like '2018-08-29%'
2018-09-04 09:20:52,093 - DataBase.py[line:56] - INFO: select * from record_201808 where emp_id=111111
2018-09-04 09:20:52,093 - DataBase.py[line:56] - INFO: select * from record_201808 where emp_id=111111 and time like '2018-08-29%'
2018-09-04 09:20:52,094 - DataBase.py[line:56] - INFO: select * from record_201808 where emp_id=111111 and time like '2018-08-30%'
2018-09-04 09:20:52,094 - DataBase.py[line:56] - INFO: select * from record_201808 where emp_id=111111
2018-09-04 09:20:52,095 - DataBase.py[line:56] - INFO: select * from record_201808 where emp_id=111111 and time like '2018-08-30%'
2018-09-04 09:20:52,095 - DataBase.py[line:56] - INFO: select * from record_201808 where emp_id=111111
2018-09-04 09:20:52,096 - DataBase.py[line:56] - INFO: select * from record_201808 where emp_id=111111 and time like '2018-08-31%'
2018-09-04 09:20:52,096 - DataBase.py[line:56] - INFO: select * from record_201808 where emp_id=111111
2018-09-04 09:20:52,096 - DataBase.py[line:56] - INFO: select * from record_201808 where emp_id=111111 and time like '2018-08-31%'
2018-09-04 09:20:52,097 - DataBase.py[line:56] - INFO: select * from record_201808 where emp_id=111111
