2018-09-04 09:29:50,837 - DataBase.py[line:23] - INFO: database class is creating...
2018-09-04 09:29:50,863 - DataBase.py[line:51] - INFO: database is connecting...
2018-09-04 09:29:52,595 - DataBase.py[line:56] - INFO: select * from empinfo where Emp_id=000002
2018-09-04 09:29:52,596 - DataBase.py[line:56] - INFO: select password from empinfo where Emp_id=000002
2018-09-04 09:29:52,597 - DataBase.py[line:56] - INFO: select * from empinfo where Emp_id=000002
2018-09-04 09:29:52,598 - DataBase.py[line:56] - INFO: select * from record_201808 where emp_id=111111
2018-09-04 09:29:52,598 - DataBase.py[line:56] - INFO: select * from record_201808 where emp_id=111111 and time like '2018-08-1%'
2018-09-04 09:29:52,598 - DataBase.py[line:56] - INFO: select * from record_201808 where emp_id=111111
2018-09-04 09:29:52,599 - DataBase.py[line:56] - INFO: select * from record_201808 where emp_id=111111 and time like '2018-08-01%'
2018-09-04 09:29:52,600 - DataBase.py[line:56] - INFO: select * from record_201808 where emp_id=111111
2018-09-04 09:29:52,600 - DataBase.py[line:56] - INFO: select * from record_201808 where emp_id=111111 and time like '2018-08-2%'
2018-09-04 09:29:52,601 - DataBase.py[line:56] - INFO: select * from record_201808 where emp_id=111111
2018-09-04 09:29:52,601 - DataBase.py[line:56] - INFO: select * from record_201808 where emp_id=111111 and time like '2018-08-02%'
2018-09-04 09:29:52,601 - DataBase.py[line:56] - INFO: select * from record_201808 where emp_id=111111
2018-09-04 09:29:52,602 - DataBase.py[line:56] - INFO: select * from record_201808 where emp_id=111111 and time like '2018-08-3%'
2018-09-04 09:29:52,602 - DataBase.py[line:56] - INFO: select * from record_201808 where emp_id=111111
2018-09-04 09:29:52,603 - DataBase.py[line:56] - INFO: select * from record_201808 where emp_id=111111 and time like '2018-08-03%'
2018-09-04 09:29:52,603 - DataBase.py[line:56] - INFO: select * from record_201808 where emp_id=111111
2018-09-04 09:29:52,604 - DataBase.py[line:56] - INFO: select * from record_201808 where emp_id=111111 and time like '2018-08-4%'
2018-09-04 09:29:52,604 - DataBase.py[line:56] - INFO: select * from record_201808 where emp_id=111111
2018-09-04 09:29:52,605 - DataBase.py[line:56] - INFO: select * from record_201808 where emp_id=111111 and time like '2018-08-04%'
2018-09-04 09:29:52,605 - DataBase.py[line:56] - INFO: select * from record_201808 where emp_id=111111
2018-09-04 09:29:52,606 - DataBase.py[line:56] - INFO: select * from record_201808 where emp_id=111111 and time like '2018-08-5%'
2018-09-04 09:29:52,606 - DataBase.py[line:56] - INFO: select * from record_201808 where emp_id=111111
2018-09-04 09:29:52,607 - DataBase.py[line:56] - INFO: select * from record_201808 where emp_id=111111 and time like '2018-08-05%'
2018-09-04 09:29:52,608 - DataBase.py[line:56] - INFO: select * from record_201808 where emp_id=111111
2018-09-04 09:29:52,608 - DataBase.py[line:56] - INFO: select * from record_201808 where emp_id=111111 and time like '2018-08-6%'
2018-09-04 09:29:52,609 - DataBase.py[line:56] - INFO: select * from record_201808 where emp_id=111111
2018-09-04 09:29:52,609 - DataBase.py[line:56] - INFO: select * from record_201808 where emp_id=111111 and time like '2018-08-06%'
2018-09-04 09:29:52,610 - DataBase.py[line:56] - INFO: select * from record_201808 where emp_id=111111
2018-09-04 09:29:52,610 - DataBase.py[line:56] - INFO: select * from record_201808 where emp_id=111111 and time like '2018-08-7%'
2018-09-04 09:29:52,610 - DataBase.py[line:56] - INFO: select * from record_201808 where emp_id=111111
2018-09-04 09:29:52,611 - DataBase.py[line:56] - INFO: select * from record_201808 where emp_id=111111 and time like '2018-08-07%'
2018-09-04 09:29:52,611 - DataBase.py[line:56] - INFO: select * from record_201808 where emp_id=111111
2018-09-04 09:29:52,612 - DataBase.py[line:56] - INFO: select * from record_201808 where emp_id=111111 and time like '2018-08-8%'
2018-09-04 09:29:52,612 - DataBase.py[line:56] - INFO: select * from record_201808 where emp_id=111111
2018-09-04 09:29:52,613 - DataBase.py[line:56] - INFO: select * from record_201808 where emp_id=111111 and time like '2018-08-08%'
2018-09-04 09:29:52,613 - DataBase.py[line:56] - INFO: select * from record_201808 where emp_id=111111
2018-09-04 09:29:52,614 - DataBase.py[line:56] - INFO: select * from record_201808 where emp_id=111111 and time like '2018-08-9%'
2018-09-04 09:29:52,614 - DataBase.py[line:56] - INFO: select * from record_201808 where emp_id=111111
2018-09-04 09:29:52,614 - DataBase.py[line:56] - INFO: select * from record_201808 where emp_id=111111 and time like '2018-08-09%'
2018-09-04 09:29:52,615 - DataBase.py[line:56] - INFO: select * from record_201808 where emp_id=111111
2018-09-04 09:29:52,615 - DataBase.py[line:56] - INFO: select * from record_201808 where emp_id=111111 and time like '2018-08-10%'
2018-09-04 09:29:52,615 - DataBase.py[line:56] - INFO: select * from record_201808 where emp_id=111111
2018-09-04 09:29:52,616 - DataBase.py[line:56] - INFO: select * from record_201808 where emp_id=111111 and time like '2018-08-10%'
2018-09-04 09:29:52,616 - DataBase.py[line:56] - INFO: select * from record_201808 where emp_id=111111
2018-09-04 09:29:52,617 - DataBase.py[line:56] - INFO: select * from record_201808 where emp_id=111111 and time like '2018-08-11%'
2018-09-04 09:29:52,617 - DataBase.py[line:56] - INFO: select * from record_201808 where emp_id=111111
2018-09-04 09:29:52,618 - DataBase.py[line:56] - INFO: select * from record_201808 where emp_id=111111 and time like '2018-08-11%'
2018-09-04 09:29:52,618 - DataBase.py[line:56] - INFO: select * from record_201808 where emp_id=111111
2018-09-04 09:29:52,619 - DataBase.py[line:56] - INFO: select * from record_201808 where emp_id=111111 and time like '2018-08-12%'
2018-09-04 09:29:52,619 - DataBase.py[line:56] - INFO: select * from record_201808 where emp_id=111111
2018-09-04 09:29:52,620 - DataBase.py[line:56] - INFO: select * from record_201808 where emp_id=111111 and time like '2018-08-12%'
2018-09-04 09:29:52,620 - DataBase.py[line:56] - INFO: select * from record_201808 where emp_id=111111
2018-09-04 09:29:52,620 - DataBase.py[line:56] - INFO: select * from record_201808 where emp_id=111111 and time like '2018-08-13%'
2018-09-04 09:29:52,621 - DataBase.py[line:56] - INFO: select * from record_201808 where emp_id=111111
2018-09-04 09:29:52,621 - DataBase.py[line:56] - INFO: select * from record_201808 where emp_id=111111 and time like '2018-08-13%'
2018-09-04 09:29:52,622 - DataBase.py[line:56] - INFO: select * from record_201808 where emp_id=111111
2018-09-04 09:29:52,622 - DataBase.py[line:56] - INFO: select * from record_201808 where emp_id=111111 and time like '2018-08-14%'
2018-09-04 09:29:52,622 - DataBase.py[line:56] - INFO: select * from record_201808 where emp_id=111111
2018-09-04 09:29:52,623 - DataBase.py[line:56] - INFO: select * from record_201808 where emp_id=111111 and time like '2018-08-14%'
2018-09-04 09:29:52,623 - DataBase.py[line:56] - INFO: select * from record_201808 where emp_id=111111
2018-09-04 09:29:52,624 - DataBase.py[line:56] - INFO: select * from record_201808 where emp_id=111111 and time like '2018-08-15%'
2018-09-04 09:29:52,624 - DataBase.py[line:56] - INFO: select * from record_201808 where emp_id=111111
2018-09-04 09:29:52,624 - DataBase.py[line:56] - INFO: select * from record_201808 where emp_id=111111 and time like '2018-08-15%'
2018-09-04 09:29:52,625 - DataBase.py[line:56] - INFO: select * from record_201808 where emp_id=111111
2018-09-04 09:29:52,625 - DataBase.py[line:56] - INFO: select * from record_201808 where emp_id=111111 and time like '2018-08-16%'
2018-09-04 09:29:52,626 - DataBase.py[line:56] - INFO: select * from record_201808 where emp_id=111111
2018-09-04 09:29:52,626 - DataBase.py[line:56] - INFO: select * from record_201808 where emp_id=111111 and time like '2018-08-16%'
2018-09-04 09:29:52,626 - DataBase.py[line:56] - INFO: select * from record_201808 where emp_id=111111
2018-09-04 09:29:52,627 - DataBase.py[line:56] - INFO: select * from record_201808 where emp_id=111111 and time like '2018-08-17%'
2018-09-04 09:29:52,627 - DataBase.py[line:56] - INFO: select * from record_201808 where emp_id=111111
2018-09-04 09:29:52,628 - DataBase.py[line:56] - INFO: select * from record_201808 where emp_id=111111 and time like '2018-08-17%'
2018-09-04 09:29:52,628 - DataBase.py[line:56] - INFO: select * from record_201808 where emp_id=111111
2018-09-04 09:29:52,629 - DataBase.py[line:56] - INFO: select * from record_201808 where emp_id=111111 and time like '2018-08-18%'
2018-09-04 09:29:52,629 - DataBase.py[line:56] - INFO: select * from record_201808 where emp_id=111111
2018-09-04 09:29:52,629 - DataBase.py[line:56] - INFO: select * from record_201808 where emp_id=111111 and time like '2018-08-18%'
2018-09-04 09:29:52,630 - DataBase.py[line:56] - INFO: select * from record_201808 where emp_id=111111
2018-09-04 09:29:52,630 - DataBase.py[line:56] - INFO: select * from record_201808 where emp_id=111111 and time like '2018-08-19%'
2018-09-04 09:29:52,630 - DataBase.py[line:56] - INFO: select * from record_201808 where emp_id=111111
2018-09-04 09:29:52,631 - DataBase.py[line:56] - INFO: select * from record_201808 where emp_id=111111 and time like '2018-08-19%'
2018-09-04 09:29:52,631 - DataBase.py[line:56] - INFO: select * from record_201808 where emp_id=111111
2018-09-04 09:29:52,632 - DataBase.py[line:56] - INFO: select * from record_201808 where emp_id=111111 and time like '2018-08-20%'
2018-09-04 09:29:52,632 - DataBase.py[line:56] - INFO: select * from record_201808 where emp_id=111111
2018-09-04 09:29:52,632 - DataBase.py[line:56] - INFO: select * from record_201808 where emp_id=111111 and time like '2018-08-20%'
2018-09-04 09:29:52,633 - DataBase.py[line:56] - INFO: select * from record_201808 where emp_id=111111
2018-09-04 09:29:52,633 - DataBase.py[line:56] - INFO: select * from record_201808 where emp_id=111111 and time like '2018-08-21%'
2018-09-04 09:29:52,633 - DataBase.py[line:56] - INFO: select * from record_201808 where emp_id=111111
2018-09-04 09:29:52,634 - DataBase.py[line:56] - INFO: select * from record_201808 where emp_id=111111 and time like '2018-08-21%'
2018-09-04 09:29:52,634 - DataBase.py[line:56] - INFO: select * from record_201808 where emp_id=111111
2018-09-04 09:29:52,635 - DataBase.py[line:56] - INFO: select * from record_201808 where emp_id=111111 and time like '2018-08-22%'
2018-09-04 09:29:52,635 - DataBase.py[line:56] - INFO: select * from record_201808 where emp_id=111111
2018-09-04 09:29:52,635 - DataBase.py[line:56] - INFO: select * from record_201808 where emp_id=111111 and time like '2018-08-22%'
2018-09-04 09:29:52,636 - DataBase.py[line:56] - INFO: select * from record_201808 where emp_id=111111
2018-09-04 09:29:52,636 - DataBase.py[line:56] - INFO: select * from record_201808 where emp_id=111111 and time like '2018-08-23%'
2018-09-04 09:29:52,637 - DataBase.py[line:56] - INFO: select * from record_201808 where emp_id=111111
2018-09-04 09:29:52,637 - DataBase.py[line:56] - INFO: select * from record_201808 where emp_id=111111 and time like '2018-08-23%'
2018-09-04 09:29:52,638 - DataBase.py[line:56] - INFO: select * from record_201808 where emp_id=111111
2018-09-04 09:29:52,638 - DataBase.py[line:56] - INFO: select * from record_201808 where emp_id=111111 and time like '2018-08-24%'
2018-09-04 09:29:52,638 - DataBase.py[line:56] - INFO: select * from record_201808 where emp_id=111111
2018-09-04 09:29:52,639 - DataBase.py[line:56] - INFO: select * from record_201808 where emp_id=111111 and time like '2018-08-24%'
2018-09-04 09:29:52,639 - DataBase.py[line:56] - INFO: select * from record_201808 where emp_id=111111
2018-09-04 09:29:52,640 - DataBase.py[line:56] - INFO: select * from record_201808 where emp_id=111111 and time like '2018-08-25%'
2018-09-04 09:29:52,641 - DataBase.py[line:56] - INFO: select * from record_201808 where emp_id=111111
2018-09-04 09:29:52,642 - DataBase.py[line:56] - INFO: select * from record_201808 where emp_id=111111 and time like '2018-08-25%'
2018-09-04 09:29:52,642 - DataBase.py[line:56] - INFO: select * from record_201808 where emp_id=111111
2018-09-04 09:29:52,643 - DataBase.py[line:56] - INFO: select * from record_201808 where emp_id=111111 and time like '2018-08-26%'
2018-09-04 09:29:52,643 - DataBase.py[line:56] - INFO: select * from record_201808 where emp_id=111111
2018-09-04 09:29:52,644 - DataBase.py[line:56] - INFO: select * from record_201808 where emp_id=111111 and time like '2018-08-26%'
2018-09-04 09:29:52,644 - DataBase.py[line:56] - INFO: select * from record_201808 where emp_id=111111
2018-09-04 09:29:52,645 - DataBase.py[line:56] - INFO: select * from record_201808 where emp_id=111111 and time like '2018-08-27%'
2018-09-04 09:29:52,645 - DataBase.py[line:56] - INFO: select * from record_201808 where emp_id=111111
2018-09-04 09:29:52,646 - DataBase.py[line:56] - INFO: select * from record_201808 where emp_id=111111 and time like '2018-08-27%'
2018-09-04 09:29:52,647 - DataBase.py[line:56] - INFO: select * from record_201808 where emp_id=111111
2018-09-04 09:29:52,647 - DataBase.py[line:56] - INFO: select * from record_201808 where emp_id=111111 and time like '2018-08-28%'
2018-09-04 09:29:52,648 - DataBase.py[line:56] - INFO: select * from record_201808 where emp_id=111111
2018-09-04 09:29:52,648 - DataBase.py[line:56] - INFO: select * from record_201808 where emp_id=111111 and time like '2018-08-28%'
2018-09-04 09:29:52,648 - DataBase.py[line:56] - INFO: select * from record_201808 where emp_id=111111 and time like '2018-08-29%'
2018-09-04 09:29:52,649 - DataBase.py[line:56] - INFO: select * from record_201808 where emp_id=111111
2018-09-04 09:29:52,649 - DataBase.py[line:56] - INFO: select * from record_201808 where emp_id=111111 and time like '2018-08-29%'
2018-09-04 09:29:52,650 - DataBase.py[line:56] - INFO: select * from record_201808 where emp_id=111111 and time like '2018-08-30%'
2018-09-04 09:29:52,650 - DataBase.py[line:56] - INFO: select * from record_201808 where emp_id=111111
2018-09-04 09:29:52,650 - DataBase.py[line:56] - INFO: select * from record_201808 where emp_id=111111 and time like '2018-08-30%'
2018-09-04 09:29:52,651 - DataBase.py[line:56] - INFO: select * from record_201808 where emp_id=111111
2018-09-04 09:29:52,651 - DataBase.py[line:56] - INFO: select * from record_201808 where emp_id=111111 and time like '2018-08-31%'
2018-09-04 09:29:52,652 - DataBase.py[line:56] - INFO: select * from record_201808 where emp_id=111111
2018-09-04 09:29:52,652 - DataBase.py[line:56] - INFO: select * from record_201808 where emp_id=111111 and time like '2018-08-31%'
2018-09-04 09:29:52,653 - DataBase.py[line:56] - INFO: select * from record_201808 where emp_id=111111
