2018-09-07 17:02:29,314 - DataBase.py[line:23] - INFO: database class is creating...
2018-09-07 17:02:29,499 - DataBase.py[line:51] - INFO: database is connecting...
2018-09-07 17:02:45,070 - DataBase.py[line:56] - INFO: select * from empinfo where Emp_id=000001
2018-09-07 17:02:45,118 - DataBase.py[line:56] - INFO: select password from empinfo where Emp_id=000001
2018-09-07 17:02:51,293 - DataBase.py[line:56] - INFO: SELECT table_name FROM information_schema.TABLES WHERE table_name ='record_201808'
2018-09-07 17:02:51,338 - DataBase.py[line:56] - INFO: select * from empinfo
2018-09-07 17:02:51,377 - DataBase.py[line:56] - INFO: select * from record_201808 where emp_id=0 and time like '2018-08-01%'
2018-09-07 17:02:51,418 - DataBase.py[line:56] - INFO: select * from record_201808 where emp_id=0 and time like '2018-08-02%'
2018-09-07 17:02:51,455 - DataBase.py[line:56] - INFO: select * from record_201808 where emp_id=0 and time like '2018-08-03%'
2018-09-07 17:02:51,492 - DataBase.py[line:56] - INFO: select * from record_201808 where emp_id=0 and time like '2018-08-04%'
2018-09-07 17:02:51,528 - DataBase.py[line:56] - INFO: select * from record_201808 where emp_id=0 and time like '2018-08-05%'
2018-09-07 17:02:51,564 - DataBase.py[line:56] - INFO: select * from record_201808 where emp_id=0 and time like '2018-08-06%'
2018-09-07 17:02:51,600 - DataBase.py[line:56] - INFO: select * from record_201808 where emp_id=0 and time like '2018-08-07%'
2018-09-07 17:02:51,637 - DataBase.py[line:56] - INFO: select * from record_201808 where emp_id=0 and time like '2018-08-08%'
2018-09-07 17:02:51,674 - DataBase.py[line:56] - INFO: select * from record_201808 where emp_id=0 and time like '2018-08-09%'
2018-09-07 17:02:51,709 - DataBase.py[line:56] - INFO: select * from record_201808 where emp_id=0 and time like '2018-08-10%'
2018-09-07 17:02:51,746 - DataBase.py[line:56] - INFO: select * from record_201808 where emp_id=0 and time like '2018-08-11%'
2018-09-07 17:02:51,782 - DataBase.py[line:56] - INFO: select * from record_201808 where emp_id=0 and time like '2018-08-12%'
2018-09-07 17:02:51,819 - DataBase.py[line:56] - INFO: select * from record_201808 where emp_id=0 and time like '2018-08-13%'
2018-09-07 17:02:51,856 - DataBase.py[line:56] - INFO: select * from record_201808 where emp_id=0 and time like '2018-08-14%'
2018-09-07 17:02:51,893 - DataBase.py[line:56] - INFO: select * from record_201808 where emp_id=0 and time like '2018-08-15%'
2018-09-07 17:02:51,929 - DataBase.py[line:56] - INFO: select * from record_201808 where emp_id=0 and time like '2018-08-16%'
2018-09-07 17:02:51,965 - DataBase.py[line:56] - INFO: select * from record_201808 where emp_id=0 and time like '2018-08-17%'
2018-09-07 17:02:52,001 - DataBase.py[line:56] - INFO: select * from record_201808 where emp_id=0 and time like '2018-08-18%'
2018-09-07 17:02:52,038 - DataBase.py[line:56] - INFO: select * from record_201808 where emp_id=0 and time like '2018-08-19%'
2018-09-07 17:02:52,075 - DataBase.py[line:56] - INFO: select * from record_201808 where emp_id=0 and time like '2018-08-20%'
2018-09-07 17:02:52,111 - DataBase.py[line:56] - INFO: select * from record_201808 where emp_id=0 and time like '2018-08-21%'
2018-09-07 17:02:52,148 - DataBase.py[line:56] - INFO: select * from record_201808 where emp_id=0 and time like '2018-08-22%'
2018-09-07 17:02:52,185 - DataBase.py[line:56] - INFO: select * from record_201808 where emp_id=0 and time like '2018-08-23%'
2018-09-07 17:02:52,221 - DataBase.py[line:56] - INFO: select * from record_201808 where emp_id=0 and time like '2018-08-24%'
2018-09-07 17:02:52,259 - DataBase.py[line:56] - INFO: select * from record_201808 where emp_id=0 and time like '2018-08-25%'
2018-09-07 17:02:52,296 - DataBase.py[line:56] - INFO: select * from record_201808 where emp_id=0 and time like '2018-08-26%'
2018-09-07 17:02:52,333 - DataBase.py[line:56] - INFO: select * from record_201808 where emp_id=0 and time like '2018-08-27%'
2018-09-07 17:02:52,370 - DataBase.py[line:56] - INFO: select * from record_201808 where emp_id=0 and time like '2018-08-28%'
2018-09-07 17:02:52,407 - DataBase.py[line:56] - INFO: select * from record_201808 where emp_id=0 and time like '2018-08-29%'
2018-09-07 17:02:52,443 - DataBase.py[line:56] - INFO: select * from record_201808 where emp_id=0 and time like '2018-08-30%'
2018-09-07 17:02:52,479 - DataBase.py[line:56] - INFO: select * from record_201808 where emp_id=0 and time like '2018-08-31%'
2018-09-07 17:02:52,516 - DataBase.py[line:56] - INFO: select * from record_201808 where emp_id=000000 and time like '2018-08-01%'
2018-09-07 17:02:52,552 - DataBase.py[line:56] - INFO: select * from record_201808 where emp_id=000000 and time like '2018-08-02%'
2018-09-07 17:02:52,589 - DataBase.py[line:56] - INFO: select * from record_201808 where emp_id=000000 and time like '2018-08-03%'
2018-09-07 17:02:52,628 - DataBase.py[line:56] - INFO: select * from record_201808 where emp_id=000000 and time like '2018-08-04%'
2018-09-07 17:02:52,665 - DataBase.py[line:56] - INFO: select * from record_201808 where emp_id=000000 and time like '2018-08-05%'
2018-09-07 17:02:52,702 - DataBase.py[line:56] - INFO: select * from record_201808 where emp_id=000000 and time like '2018-08-06%'
2018-09-07 17:02:52,740 - DataBase.py[line:56] - INFO: select * from record_201808 where emp_id=000000 and time like '2018-08-07%'
2018-09-07 17:02:52,776 - DataBase.py[line:56] - INFO: select * from record_201808 where emp_id=000000 and time like '2018-08-08%'
2018-09-07 17:02:52,813 - DataBase.py[line:56] - INFO: select * from record_201808 where emp_id=000000 and time like '2018-08-09%'
2018-09-07 17:02:52,850 - DataBase.py[line:56] - INFO: select * from record_201808 where emp_id=000000 and time like '2018-08-10%'
2018-09-07 17:02:52,888 - DataBase.py[line:56] - INFO: select * from record_201808 where emp_id=000000 and time like '2018-08-11%'
2018-09-07 17:02:52,925 - DataBase.py[line:56] - INFO: select * from record_201808 where emp_id=000000 and time like '2018-08-12%'
2018-09-07 17:02:52,961 - DataBase.py[line:56] - INFO: select * from record_201808 where emp_id=000000 and time like '2018-08-13%'
2018-09-07 17:02:52,998 - DataBase.py[line:56] - INFO: select * from record_201808 where emp_id=000000 and time like '2018-08-14%'
2018-09-07 17:02:53,035 - DataBase.py[line:56] - INFO: select * from record_201808 where emp_id=000000 and time like '2018-08-15%'
2018-09-07 17:02:53,077 - DataBase.py[line:56] - INFO: select * from record_201808 where emp_id=000000 and time like '2018-08-16%'
2018-09-07 17:02:53,114 - DataBase.py[line:56] - INFO: select * from record_201808 where emp_id=000000 and time like '2018-08-17%'
2018-09-07 17:02:53,150 - DataBase.py[line:56] - INFO: select * from record_201808 where emp_id=000000 and time like '2018-08-18%'
2018-09-07 17:02:53,187 - DataBase.py[line:56] - INFO: select * from record_201808 where emp_id=000000 and time like '2018-08-19%'
2018-09-07 17:02:53,224 - DataBase.py[line:56] - INFO: select * from record_201808 where emp_id=000000 and time like '2018-08-20%'
2018-09-07 17:02:53,260 - DataBase.py[line:56] - INFO: select * from record_201808 where emp_id=000000 and time like '2018-08-21%'
2018-09-07 17:02:53,296 - DataBase.py[line:56] - INFO: select * from record_201808 where emp_id=000000 and time like '2018-08-22%'
2018-09-07 17:02:53,335 - DataBase.py[line:56] - INFO: select * from record_201808 where emp_id=000000 and time like '2018-08-23%'
2018-09-07 17:02:53,373 - DataBase.py[line:56] - INFO: select * from record_201808 where emp_id=000000 and time like '2018-08-24%'
2018-09-07 17:02:53,410 - DataBase.py[line:56] - INFO: select * from record_201808 where emp_id=000000 and time like '2018-08-25%'
2018-09-07 17:02:53,448 - DataBase.py[line:56] - INFO: select * from record_201808 where emp_id=000000 and time like '2018-08-26%'
2018-09-07 17:02:53,485 - DataBase.py[line:56] - INFO: select * from record_201808 where emp_id=000000 and time like '2018-08-27%'
2018-09-07 17:02:53,522 - DataBase.py[line:56] - INFO: select * from record_201808 where emp_id=000000 and time like '2018-08-28%'
2018-09-07 17:02:53,560 - DataBase.py[line:56] - INFO: select * from record_201808 where emp_id=000000 and time like '2018-08-29%'
2018-09-07 17:02:53,598 - DataBase.py[line:56] - INFO: select * from record_201808 where emp_id=000000 and time like '2018-08-30%'
2018-09-07 17:02:53,634 - DataBase.py[line:56] - INFO: select * from record_201808 where emp_id=000000 and time like '2018-08-31%'
2018-09-07 17:02:53,671 - DataBase.py[line:56] - INFO: select * from record_201808 where emp_id=000001 and time like '2018-08-01%'
2018-09-07 17:02:53,710 - DataBase.py[line:56] - INFO: select * from record_201808 where emp_id=000001 and time like '2018-08-02%'
2018-09-07 17:02:53,746 - DataBase.py[line:56] - INFO: select * from record_201808 where emp_id=000001 and time like '2018-08-03%'
2018-09-07 17:02:53,782 - DataBase.py[line:56] - INFO: select * from record_201808 where emp_id=000001 and time like '2018-08-04%'
2018-09-07 17:02:53,818 - DataBase.py[line:56] - INFO: select * from record_201808 where emp_id=000001 and time like '2018-08-05%'
2018-09-07 17:02:53,856 - DataBase.py[line:56] - INFO: select * from record_201808 where emp_id=000001 and time like '2018-08-06%'
2018-09-07 17:02:53,892 - DataBase.py[line:56] - INFO: select * from record_201808 where emp_id=000001 and time like '2018-08-07%'
2018-09-07 17:02:53,929 - DataBase.py[line:56] - INFO: select * from record_201808 where emp_id=000001 and time like '2018-08-08%'
2018-09-07 17:02:53,966 - DataBase.py[line:56] - INFO: select * from record_201808 where emp_id=000001 and time like '2018-08-09%'
2018-09-07 17:02:54,004 - DataBase.py[line:56] - INFO: select * from record_201808 where emp_id=000001 and time like '2018-08-10%'
2018-09-07 17:02:54,041 - DataBase.py[line:56] - INFO: select * from record_201808 where emp_id=000001 and time like '2018-08-11%'
2018-09-07 17:02:54,081 - DataBase.py[line:56] - INFO: select * from record_201808 where emp_id=000001 and time like '2018-08-12%'
2018-09-07 17:02:54,119 - DataBase.py[line:56] - INFO: select * from record_201808 where emp_id=000001 and time like '2018-08-13%'
2018-09-07 17:02:54,154 - DataBase.py[line:56] - INFO: select * from record_201808 where emp_id=000001 and time like '2018-08-14%'
2018-09-07 17:02:54,194 - DataBase.py[line:56] - INFO: select * from record_201808 where emp_id=000001 and time like '2018-08-15%'
2018-09-07 17:02:54,231 - DataBase.py[line:56] - INFO: select * from record_201808 where emp_id=000001 and time like '2018-08-16%'
2018-09-07 17:02:54,270 - DataBase.py[line:56] - INFO: select * from record_201808 where emp_id=000001 and time like '2018-08-17%'
2018-09-07 17:02:54,307 - DataBase.py[line:56] - INFO: select * from record_201808 where emp_id=000001 and time like '2018-08-18%'
2018-09-07 17:02:54,343 - DataBase.py[line:56] - INFO: select * from record_201808 where emp_id=000001 and time like '2018-08-19%'
2018-09-07 17:02:54,381 - DataBase.py[line:56] - INFO: select * from record_201808 where emp_id=000001 and time like '2018-08-20%'
2018-09-07 17:02:54,417 - DataBase.py[line:56] - INFO: select * from record_201808 where emp_id=000001 and time like '2018-08-21%'
2018-09-07 17:02:54,454 - DataBase.py[line:56] - INFO: select * from record_201808 where emp_id=000001 and time like '2018-08-22%'
2018-09-07 17:02:54,490 - DataBase.py[line:56] - INFO: select * from record_201808 where emp_id=000001 and time like '2018-08-23%'
2018-09-07 17:02:54,525 - DataBase.py[line:56] - INFO: select * from record_201808 where emp_id=000001 and time like '2018-08-24%'
2018-09-07 17:02:54,562 - DataBase.py[line:56] - INFO: select * from record_201808 where emp_id=000001 and time like '2018-08-25%'
2018-09-07 17:02:54,598 - DataBase.py[line:56] - INFO: select * from record_201808 where emp_id=000001 and time like '2018-08-26%'
2018-09-07 17:02:54,634 - DataBase.py[line:56] - INFO: select * from record_201808 where emp_id=000001 and time like '2018-08-27%'
2018-09-07 17:02:54,671 - DataBase.py[line:56] - INFO: select * from record_201808 where emp_id=000001 and time like '2018-08-28%'
2018-09-07 17:02:54,709 - DataBase.py[line:56] - INFO: select * from record_201808 where emp_id=000001 and time like '2018-08-29%'
2018-09-07 17:02:54,745 - DataBase.py[line:56] - INFO: select * from record_201808 where emp_id=000001 and time like '2018-08-30%'
2018-09-07 17:02:54,783 - DataBase.py[line:56] - INFO: select * from record_201808 where emp_id=000001 and time like '2018-08-31%'
2018-09-07 17:02:54,821 - DataBase.py[line:56] - INFO: select * from record_201808 where emp_id=000002 and time like '2018-08-01%'
2018-09-07 17:02:54,858 - DataBase.py[line:56] - INFO: select * from record_201808 where emp_id=000002 and time like '2018-08-02%'
2018-09-07 17:02:54,894 - DataBase.py[line:56] - INFO: select * from record_201808 where emp_id=000002 and time like '2018-08-03%'
2018-09-07 17:02:54,931 - DataBase.py[line:56] - INFO: select * from record_201808 where emp_id=000002 and time like '2018-08-04%'
2018-09-07 17:02:54,968 - DataBase.py[line:56] - INFO: select * from record_201808 where emp_id=000002 and time like '2018-08-05%'
2018-09-07 17:02:55,005 - DataBase.py[line:56] - INFO: select * from record_201808 where emp_id=000002 and time like '2018-08-06%'
2018-09-07 17:02:55,042 - DataBase.py[line:56] - INFO: select * from record_201808 where emp_id=000002 and time like '2018-08-07%'
2018-09-07 17:02:55,079 - DataBase.py[line:56] - INFO: select * from record_201808 where emp_id=000002 and time like '2018-08-08%'
2018-09-07 17:02:55,115 - DataBase.py[line:56] - INFO: select * from record_201808 where emp_id=000002 and time like '2018-08-09%'
2018-09-07 17:02:55,152 - DataBase.py[line:56] - INFO: select * from record_201808 where emp_id=000002 and time like '2018-08-10%'
2018-09-07 17:02:55,193 - DataBase.py[line:56] - INFO: select * from record_201808 where emp_id=000002 and time like '2018-08-11%'
2018-09-07 17:02:55,230 - DataBase.py[line:56] - INFO: select * from record_201808 where emp_id=000002 and time like '2018-08-12%'
2018-09-07 17:02:55,266 - DataBase.py[line:56] - INFO: select * from record_201808 where emp_id=000002 and time like '2018-08-13%'
2018-09-07 17:02:55,303 - DataBase.py[line:56] - INFO: select * from record_201808 where emp_id=000002 and time like '2018-08-14%'
2018-09-07 17:02:55,340 - DataBase.py[line:56] - INFO: select * from record_201808 where emp_id=000002 and time like '2018-08-15%'
2018-09-07 17:02:55,379 - DataBase.py[line:56] - INFO: select * from record_201808 where emp_id=000002 and time like '2018-08-16%'
2018-09-07 17:02:55,416 - DataBase.py[line:56] - INFO: select * from record_201808 where emp_id=000002 and time like '2018-08-17%'
2018-09-07 17:02:55,452 - DataBase.py[line:56] - INFO: select * from record_201808 where emp_id=000002 and time like '2018-08-18%'
2018-09-07 17:02:55,489 - DataBase.py[line:56] - INFO: select * from record_201808 where emp_id=000002 and time like '2018-08-19%'
2018-09-07 17:02:55,525 - DataBase.py[line:56] - INFO: select * from record_201808 where emp_id=000002 and time like '2018-08-20%'
2018-09-07 17:02:55,562 - DataBase.py[line:56] - INFO: select * from record_201808 where emp_id=000002 and time like '2018-08-21%'
2018-09-07 17:02:55,600 - DataBase.py[line:56] - INFO: select * from record_201808 where emp_id=000002 and time like '2018-08-22%'
2018-09-07 17:02:55,636 - DataBase.py[line:56] - INFO: select * from record_201808 where emp_id=000002 and time like '2018-08-23%'
2018-09-07 17:02:55,674 - DataBase.py[line:56] - INFO: select * from record_201808 where emp_id=000002 and time like '2018-08-24%'
2018-09-07 17:02:55,711 - DataBase.py[line:56] - INFO: select * from record_201808 where emp_id=000002 and time like '2018-08-25%'
2018-09-07 17:02:55,750 - DataBase.py[line:56] - INFO: select * from record_201808 where emp_id=000002 and time like '2018-08-26%'
2018-09-07 17:02:55,786 - DataBase.py[line:56] - INFO: select * from record_201808 where emp_id=000002 and time like '2018-08-27%'
2018-09-07 17:02:55,823 - DataBase.py[line:56] - INFO: select * from record_201808 where emp_id=000002 and time like '2018-08-28%'
2018-09-07 17:02:55,859 - DataBase.py[line:56] - INFO: select * from record_201808 where emp_id=000002 and time like '2018-08-29%'
2018-09-07 17:02:55,895 - DataBase.py[line:56] - INFO: select * from record_201808 where emp_id=000002 and time like '2018-08-30%'
2018-09-07 17:02:55,932 - DataBase.py[line:56] - INFO: select * from record_201808 where emp_id=000002 and time like '2018-08-31%'
2018-09-07 17:02:55,969 - DataBase.py[line:56] - INFO: select * from record_201808 where emp_id=000003 and time like '2018-08-01%'
2018-09-07 17:02:56,010 - DataBase.py[line:56] - INFO: select * from record_201808 where emp_id=000003 and time like '2018-08-02%'
2018-09-07 17:02:56,046 - DataBase.py[line:56] - INFO: select * from record_201808 where emp_id=000003 and time like '2018-08-03%'
2018-09-07 17:02:56,082 - DataBase.py[line:56] - INFO: select * from record_201808 where emp_id=000003 and time like '2018-08-04%'
2018-09-07 17:02:56,119 - DataBase.py[line:56] - INFO: select * from record_201808 where emp_id=000003 and time like '2018-08-05%'
2018-09-07 17:02:56,155 - DataBase.py[line:56] - INFO: select * from record_201808 where emp_id=000003 and time like '2018-08-06%'
2018-09-07 17:02:56,194 - DataBase.py[line:56] - INFO: select * from record_201808 where emp_id=000003 and time like '2018-08-07%'
2018-09-07 17:02:56,230 - DataBase.py[line:56] - INFO: select * from record_201808 where emp_id=000003 and time like '2018-08-08%'
2018-09-07 17:02:56,268 - DataBase.py[line:56] - INFO: select * from record_201808 where emp_id=000003 and time like '2018-08-09%'
2018-09-07 17:02:56,305 - DataBase.py[line:56] - INFO: select * from record_201808 where emp_id=000003 and time like '2018-08-10%'
2018-09-07 17:02:56,344 - DataBase.py[line:56] - INFO: select * from record_201808 where emp_id=000003 and time like '2018-08-11%'
2018-09-07 17:02:56,380 - DataBase.py[line:56] - INFO: select * from record_201808 where emp_id=000003 and time like '2018-08-12%'
2018-09-07 17:02:56,417 - DataBase.py[line:56] - INFO: select * from record_201808 where emp_id=000003 and time like '2018-08-13%'
2018-09-07 17:02:56,454 - DataBase.py[line:56] - INFO: select * from record_201808 where emp_id=000003 and time like '2018-08-14%'
2018-09-07 17:02:56,490 - DataBase.py[line:56] - INFO: select * from record_201808 where emp_id=000003 and time like '2018-08-15%'
2018-09-07 17:02:56,527 - DataBase.py[line:56] - INFO: select * from record_201808 where emp_id=000003 and time like '2018-08-16%'
2018-09-07 17:02:56,563 - DataBase.py[line:56] - INFO: select * from record_201808 where emp_id=000003 and time like '2018-08-17%'
2018-09-07 17:02:56,601 - DataBase.py[line:56] - INFO: select * from record_201808 where emp_id=000003 and time like '2018-08-18%'
2018-09-07 17:02:56,639 - DataBase.py[line:56] - INFO: select * from record_201808 where emp_id=000003 and time like '2018-08-19%'
2018-09-07 17:02:56,676 - DataBase.py[line:56] - INFO: select * from record_201808 where emp_id=000003 and time like '2018-08-20%'
2018-09-07 17:02:56,713 - DataBase.py[line:56] - INFO: select * from record_201808 where emp_id=000003 and time like '2018-08-21%'
2018-09-07 17:02:56,749 - DataBase.py[line:56] - INFO: select * from record_201808 where emp_id=000003 and time like '2018-08-22%'
2018-09-07 17:02:56,786 - DataBase.py[line:56] - INFO: select * from record_201808 where emp_id=000003 and time like '2018-08-23%'
2018-09-07 17:02:56,823 - DataBase.py[line:56] - INFO: select * from record_201808 where emp_id=000003 and time like '2018-08-24%'
2018-09-07 17:02:56,861 - DataBase.py[line:56] - INFO: select * from record_201808 where emp_id=000003 and time like '2018-08-25%'
2018-09-07 17:02:56,897 - DataBase.py[line:56] - INFO: select * from record_201808 where emp_id=000003 and time like '2018-08-26%'
2018-09-07 17:02:56,933 - DataBase.py[line:56] - INFO: select * from record_201808 where emp_id=000003 and time like '2018-08-27%'
2018-09-07 17:02:56,970 - DataBase.py[line:56] - INFO: select * from record_201808 where emp_id=000003 and time like '2018-08-28%'
2018-09-07 17:02:57,006 - DataBase.py[line:56] - INFO: select * from record_201808 where emp_id=000003 and time like '2018-08-29%'
2018-09-07 17:02:57,042 - DataBase.py[line:56] - INFO: select * from record_201808 where emp_id=000003 and time like '2018-08-30%'
2018-09-07 17:02:57,083 - DataBase.py[line:56] - INFO: select * from record_201808 where emp_id=000003 and time like '2018-08-31%'
2018-09-07 17:02:57,120 - DataBase.py[line:56] - INFO: select * from record_201808 where emp_id=000004 and time like '2018-08-01%'
2018-09-07 17:02:57,157 - DataBase.py[line:56] - INFO: select * from record_201808 where emp_id=000004 and time like '2018-08-02%'
2018-09-07 17:02:57,195 - DataBase.py[line:56] - INFO: select * from record_201808 where emp_id=000004 and time like '2018-08-03%'
2018-09-07 17:02:57,234 - DataBase.py[line:56] - INFO: select * from record_201808 where emp_id=000004 and time like '2018-08-04%'
2018-09-07 17:02:57,270 - DataBase.py[line:56] - INFO: select * from record_201808 where emp_id=000004 and time like '2018-08-05%'
2018-09-07 17:02:57,309 - DataBase.py[line:56] - INFO: select * from record_201808 where emp_id=000004 and time like '2018-08-06%'
2018-09-07 17:02:57,346 - DataBase.py[line:56] - INFO: select * from record_201808 where emp_id=000004 and time like '2018-08-07%'
2018-09-07 17:02:57,383 - DataBase.py[line:56] - INFO: select * from record_201808 where emp_id=000004 and time like '2018-08-08%'
2018-09-07 17:02:57,419 - DataBase.py[line:56] - INFO: select * from record_201808 where emp_id=000004 and time like '2018-08-09%'
2018-09-07 17:02:57,456 - DataBase.py[line:56] - INFO: select * from record_201808 where emp_id=000004 and time like '2018-08-10%'
2018-09-07 17:02:57,495 - DataBase.py[line:56] - INFO: select * from record_201808 where emp_id=000004 and time like '2018-08-11%'
2018-09-07 17:02:57,532 - DataBase.py[line:56] - INFO: select * from record_201808 where emp_id=000004 and time like '2018-08-12%'
2018-09-07 17:02:57,568 - DataBase.py[line:56] - INFO: select * from record_201808 where emp_id=000004 and time like '2018-08-13%'
2018-09-07 17:02:57,604 - DataBase.py[line:56] - INFO: select * from record_201808 where emp_id=000004 and time like '2018-08-14%'
2018-09-07 17:02:57,643 - DataBase.py[line:56] - INFO: select * from record_201808 where emp_id=000004 and time like '2018-08-15%'
2018-09-07 17:02:57,683 - DataBase.py[line:56] - INFO: select * from record_201808 where emp_id=000004 and time like '2018-08-16%'
2018-09-07 17:02:57,721 - DataBase.py[line:56] - INFO: select * from record_201808 where emp_id=000004 and time like '2018-08-17%'
2018-09-07 17:02:57,760 - DataBase.py[line:56] - INFO: select * from record_201808 where emp_id=000004 and time like '2018-08-18%'
2018-09-07 17:02:57,798 - DataBase.py[line:56] - INFO: select * from record_201808 where emp_id=000004 and time like '2018-08-19%'
2018-09-07 17:02:57,834 - DataBase.py[line:56] - INFO: select * from record_201808 where emp_id=000004 and time like '2018-08-20%'
2018-09-07 17:02:57,874 - DataBase.py[line:56] - INFO: select * from record_201808 where emp_id=000004 and time like '2018-08-21%'
2018-09-07 17:02:57,911 - DataBase.py[line:56] - INFO: select * from record_201808 where emp_id=000004 and time like '2018-08-22%'
2018-09-07 17:02:57,947 - DataBase.py[line:56] - INFO: select * from record_201808 where emp_id=000004 and time like '2018-08-23%'
2018-09-07 17:02:57,984 - DataBase.py[line:56] - INFO: select * from record_201808 where emp_id=000004 and time like '2018-08-24%'
2018-09-07 17:02:58,020 - DataBase.py[line:56] - INFO: select * from record_201808 where emp_id=000004 and time like '2018-08-25%'
2018-09-07 17:02:58,060 - DataBase.py[line:56] - INFO: select * from record_201808 where emp_id=000004 and time like '2018-08-26%'
2018-09-07 17:02:58,097 - DataBase.py[line:56] - INFO: select * from record_201808 where emp_id=000004 and time like '2018-08-27%'
2018-09-07 17:02:58,134 - DataBase.py[line:56] - INFO: select * from record_201808 where emp_id=000004 and time like '2018-08-28%'
2018-09-07 17:02:58,171 - DataBase.py[line:56] - INFO: select * from record_201808 where emp_id=000004 and time like '2018-08-29%'
2018-09-07 17:02:58,209 - DataBase.py[line:56] - INFO: select * from record_201808 where emp_id=000004 and time like '2018-08-30%'
2018-09-07 17:02:58,245 - DataBase.py[line:56] - INFO: select * from record_201808 where emp_id=000004 and time like '2018-08-31%'
2018-09-07 17:02:58,282 - DataBase.py[line:56] - INFO: select * from record_201808 where emp_id=000005 and time like '2018-08-01%'
2018-09-07 17:02:58,319 - DataBase.py[line:56] - INFO: select * from record_201808 where emp_id=000005 and time like '2018-08-02%'
2018-09-07 17:02:58,355 - DataBase.py[line:56] - INFO: select * from record_201808 where emp_id=000005 and time like '2018-08-03%'
2018-09-07 17:02:58,393 - DataBase.py[line:56] - INFO: select * from record_201808 where emp_id=000005 and time like '2018-08-04%'
2018-09-07 17:02:58,430 - DataBase.py[line:56] - INFO: select * from record_201808 where emp_id=000005 and time like '2018-08-05%'
2018-09-07 17:02:58,468 - DataBase.py[line:56] - INFO: select * from record_201808 where emp_id=000005 and time like '2018-08-06%'
2018-09-07 17:02:58,505 - DataBase.py[line:56] - INFO: select * from record_201808 where emp_id=000005 and time like '2018-08-07%'
2018-09-07 17:02:58,542 - DataBase.py[line:56] - INFO: select * from record_201808 where emp_id=000005 and time like '2018-08-08%'
2018-09-07 17:02:58,578 - DataBase.py[line:56] - INFO: select * from record_201808 where emp_id=000005 and time like '2018-08-09%'
2018-09-07 17:02:58,615 - DataBase.py[line:56] - INFO: select * from record_201808 where emp_id=000005 and time like '2018-08-10%'
2018-09-07 17:02:58,652 - DataBase.py[line:56] - INFO: select * from record_201808 where emp_id=000005 and time like '2018-08-11%'
2018-09-07 17:02:58,689 - DataBase.py[line:56] - INFO: select * from record_201808 where emp_id=000005 and time like '2018-08-12%'
2018-09-07 17:02:58,730 - DataBase.py[line:56] - INFO: select * from record_201808 where emp_id=000005 and time like '2018-08-13%'
2018-09-07 17:02:58,765 - DataBase.py[line:56] - INFO: select * from record_201808 where emp_id=000005 and time like '2018-08-14%'
2018-09-07 17:02:58,802 - DataBase.py[line:56] - INFO: select * from record_201808 where emp_id=000005 and time like '2018-08-15%'
2018-09-07 17:02:58,838 - DataBase.py[line:56] - INFO: select * from record_201808 where emp_id=000005 and time like '2018-08-16%'
2018-09-07 17:02:58,875 - DataBase.py[line:56] - INFO: select * from record_201808 where emp_id=000005 and time like '2018-08-17%'
2018-09-07 17:02:58,911 - DataBase.py[line:56] - INFO: select * from record_201808 where emp_id=000005 and time like '2018-08-18%'
2018-09-07 17:02:58,948 - DataBase.py[line:56] - INFO: select * from record_201808 where emp_id=000005 and time like '2018-08-19%'
2018-09-07 17:02:58,985 - DataBase.py[line:56] - INFO: select * from record_201808 where emp_id=000005 and time like '2018-08-20%'
2018-09-07 17:02:59,021 - DataBase.py[line:56] - INFO: select * from record_201808 where emp_id=000005 and time like '2018-08-21%'
2018-09-07 17:02:59,058 - DataBase.py[line:56] - INFO: select * from record_201808 where emp_id=000005 and time like '2018-08-22%'
2018-09-07 17:02:59,094 - DataBase.py[line:56] - INFO: select * from record_201808 where emp_id=000005 and time like '2018-08-23%'
2018-09-07 17:02:59,130 - DataBase.py[line:56] - INFO: select * from record_201808 where emp_id=000005 and time like '2018-08-24%'
2018-09-07 17:02:59,168 - DataBase.py[line:56] - INFO: select * from record_201808 where emp_id=000005 and time like '2018-08-25%'
2018-09-07 17:02:59,205 - DataBase.py[line:56] - INFO: select * from record_201808 where emp_id=000005 and time like '2018-08-26%'
2018-09-07 17:02:59,243 - DataBase.py[line:56] - INFO: select * from record_201808 where emp_id=000005 and time like '2018-08-27%'
2018-09-07 17:02:59,293 - DataBase.py[line:56] - INFO: select * from record_201808 where emp_id=000005 and time like '2018-08-28%'
2018-09-07 17:02:59,344 - DataBase.py[line:56] - INFO: select * from record_201808 where emp_id=000005 and time like '2018-08-29%'
2018-09-07 17:02:59,436 - DataBase.py[line:56] - INFO: select * from record_201808 where emp_id=000005 and time like '2018-08-30%'
2018-09-07 17:02:59,494 - DataBase.py[line:56] - INFO: select * from record_201808 where emp_id=000005 and time like '2018-08-31%'
2018-09-07 17:02:59,531 - DataBase.py[line:56] - INFO: select * from record_201808 where emp_id=000006 and time like '2018-08-01%'
2018-09-07 17:02:59,569 - DataBase.py[line:56] - INFO: select * from record_201808 where emp_id=000006 and time like '2018-08-02%'
2018-09-07 17:02:59,607 - DataBase.py[line:56] - INFO: select * from record_201808 where emp_id=000006 and time like '2018-08-03%'
2018-09-07 17:02:59,644 - DataBase.py[line:56] - INFO: select * from record_201808 where emp_id=000006 and time like '2018-08-04%'
2018-09-07 17:02:59,680 - DataBase.py[line:56] - INFO: select * from record_201808 where emp_id=000006 and time like '2018-08-05%'
2018-09-07 17:02:59,726 - DataBase.py[line:56] - INFO: select * from record_201808 where emp_id=000006 and time like '2018-08-06%'
2018-09-07 17:02:59,764 - DataBase.py[line:56] - INFO: select * from record_201808 where emp_id=000006 and time like '2018-08-07%'
2018-09-07 17:02:59,801 - DataBase.py[line:56] - INFO: select * from record_201808 where emp_id=000006 and time like '2018-08-08%'
2018-09-07 17:02:59,837 - DataBase.py[line:56] - INFO: select * from record_201808 where emp_id=000006 and time like '2018-08-09%'
2018-09-07 17:02:59,873 - DataBase.py[line:56] - INFO: select * from record_201808 where emp_id=000006 and time like '2018-08-10%'
2018-09-07 17:02:59,910 - DataBase.py[line:56] - INFO: select * from record_201808 where emp_id=000006 and time like '2018-08-11%'
2018-09-07 17:02:59,946 - DataBase.py[line:56] - INFO: select * from record_201808 where emp_id=000006 and time like '2018-08-12%'
2018-09-07 17:02:59,982 - DataBase.py[line:56] - INFO: select * from record_201808 where emp_id=000006 and time like '2018-08-13%'
2018-09-07 17:03:00,020 - DataBase.py[line:56] - INFO: select * from record_201808 where emp_id=000006 and time like '2018-08-14%'
2018-09-07 17:03:00,060 - DataBase.py[line:56] - INFO: select * from record_201808 where emp_id=000006 and time like '2018-08-15%'
2018-09-07 17:03:00,096 - DataBase.py[line:56] - INFO: select * from record_201808 where emp_id=000006 and time like '2018-08-16%'
2018-09-07 17:03:00,132 - DataBase.py[line:56] - INFO: select * from record_201808 where emp_id=000006 and time like '2018-08-17%'
2018-09-07 17:03:00,169 - DataBase.py[line:56] - INFO: select * from record_201808 where emp_id=000006 and time like '2018-08-18%'
2018-09-07 17:03:00,209 - DataBase.py[line:56] - INFO: select * from record_201808 where emp_id=000006 and time like '2018-08-19%'
2018-09-07 17:03:00,246 - DataBase.py[line:56] - INFO: select * from record_201808 where emp_id=000006 and time like '2018-08-20%'
2018-09-07 17:03:00,290 - DataBase.py[line:56] - INFO: select * from record_201808 where emp_id=000006 and time like '2018-08-21%'
2018-09-07 17:03:00,327 - DataBase.py[line:56] - INFO: select * from record_201808 where emp_id=000006 and time like '2018-08-22%'
2018-09-07 17:03:00,364 - DataBase.py[line:56] - INFO: select * from record_201808 where emp_id=000006 and time like '2018-08-23%'
2018-09-07 17:03:00,400 - DataBase.py[line:56] - INFO: select * from record_201808 where emp_id=000006 and time like '2018-08-24%'
2018-09-07 17:03:00,439 - DataBase.py[line:56] - INFO: select * from record_201808 where emp_id=000006 and time like '2018-08-25%'
2018-09-07 17:03:00,476 - DataBase.py[line:56] - INFO: select * from record_201808 where emp_id=000006 and time like '2018-08-26%'
2018-09-07 17:03:00,513 - DataBase.py[line:56] - INFO: select * from record_201808 where emp_id=000006 and time like '2018-08-27%'
2018-09-07 17:03:00,549 - DataBase.py[line:56] - INFO: select * from record_201808 where emp_id=000006 and time like '2018-08-28%'
2018-09-07 17:03:00,586 - DataBase.py[line:56] - INFO: select * from record_201808 where emp_id=000006 and time like '2018-08-29%'
2018-09-07 17:03:00,623 - DataBase.py[line:56] - INFO: select * from record_201808 where emp_id=000006 and time like '2018-08-30%'
2018-09-07 17:03:00,659 - DataBase.py[line:56] - INFO: select * from record_201808 where emp_id=000006 and time like '2018-08-31%'
2018-09-07 17:03:00,696 - DataBase.py[line:56] - INFO: select * from record_201808 where emp_id=000007 and time like '2018-08-01%'
2018-09-07 17:03:00,732 - DataBase.py[line:56] - INFO: select * from record_201808 where emp_id=000007 and time like '2018-08-02%'
2018-09-07 17:03:00,768 - DataBase.py[line:56] - INFO: select * from record_201808 where emp_id=000007 and time like '2018-08-03%'
2018-09-07 17:03:00,805 - DataBase.py[line:56] - INFO: select * from record_201808 where emp_id=000007 and time like '2018-08-04%'
2018-09-07 17:03:00,842 - DataBase.py[line:56] - INFO: select * from record_201808 where emp_id=000007 and time like '2018-08-05%'
2018-09-07 17:03:00,878 - DataBase.py[line:56] - INFO: select * from record_201808 where emp_id=000007 and time like '2018-08-06%'
2018-09-07 17:03:00,914 - DataBase.py[line:56] - INFO: select * from record_201808 where emp_id=000007 and time like '2018-08-07%'
2018-09-07 17:03:00,951 - DataBase.py[line:56] - INFO: select * from record_201808 where emp_id=000007 and time like '2018-08-08%'
2018-09-07 17:03:00,988 - DataBase.py[line:56] - INFO: select * from record_201808 where emp_id=000007 and time like '2018-08-09%'
2018-09-07 17:03:01,031 - DataBase.py[line:56] - INFO: select * from record_201808 where emp_id=000007 and time like '2018-08-10%'
2018-09-07 17:03:01,070 - DataBase.py[line:56] - INFO: select * from record_201808 where emp_id=000007 and time like '2018-08-11%'
2018-09-07 17:03:01,107 - DataBase.py[line:56] - INFO: select * from record_201808 where emp_id=000007 and time like '2018-08-12%'
2018-09-07 17:03:01,143 - DataBase.py[line:56] - INFO: select * from record_201808 where emp_id=000007 and time like '2018-08-13%'
2018-09-07 17:03:01,179 - DataBase.py[line:56] - INFO: select * from record_201808 where emp_id=000007 and time like '2018-08-14%'
2018-09-07 17:03:01,216 - DataBase.py[line:56] - INFO: select * from record_201808 where emp_id=000007 and time like '2018-08-15%'
2018-09-07 17:03:01,252 - DataBase.py[line:56] - INFO: select * from record_201808 where emp_id=000007 and time like '2018-08-16%'
2018-09-07 17:03:01,288 - DataBase.py[line:56] - INFO: select * from record_201808 where emp_id=000007 and time like '2018-08-17%'
2018-09-07 17:03:01,325 - DataBase.py[line:56] - INFO: select * from record_201808 where emp_id=000007 and time like '2018-08-18%'
2018-09-07 17:03:01,363 - DataBase.py[line:56] - INFO: select * from record_201808 where emp_id=000007 and time like '2018-08-19%'
2018-09-07 17:03:01,401 - DataBase.py[line:56] - INFO: select * from record_201808 where emp_id=000007 and time like '2018-08-20%'
2018-09-07 17:03:01,437 - DataBase.py[line:56] - INFO: select * from record_201808 where emp_id=000007 and time like '2018-08-21%'
2018-09-07 17:03:01,472 - DataBase.py[line:56] - INFO: select * from record_201808 where emp_id=000007 and time like '2018-08-22%'
2018-09-07 17:03:01,508 - DataBase.py[line:56] - INFO: select * from record_201808 where emp_id=000007 and time like '2018-08-23%'
2018-09-07 17:03:01,545 - DataBase.py[line:56] - INFO: select * from record_201808 where emp_id=000007 and time like '2018-08-24%'
2018-09-07 17:03:01,582 - DataBase.py[line:56] - INFO: select * from record_201808 where emp_id=000007 and time like '2018-08-25%'
2018-09-07 17:03:01,618 - DataBase.py[line:56] - INFO: select * from record_201808 where emp_id=000007 and time like '2018-08-26%'
2018-09-07 17:03:01,655 - DataBase.py[line:56] - INFO: select * from record_201808 where emp_id=000007 and time like '2018-08-27%'
2018-09-07 17:03:01,694 - DataBase.py[line:56] - INFO: select * from record_201808 where emp_id=000007 and time like '2018-08-28%'
2018-09-07 17:03:01,731 - DataBase.py[line:56] - INFO: select * from record_201808 where emp_id=000007 and time like '2018-08-29%'
2018-09-07 17:03:01,767 - DataBase.py[line:56] - INFO: select * from record_201808 where emp_id=000007 and time like '2018-08-30%'
2018-09-07 17:03:01,804 - DataBase.py[line:56] - INFO: select * from record_201808 where emp_id=000007 and time like '2018-08-31%'
2018-09-07 17:03:01,839 - DataBase.py[line:56] - INFO: select * from record_201808 where emp_id=000009 and time like '2018-08-01%'
2018-09-07 17:03:01,876 - DataBase.py[line:56] - INFO: select * from record_201808 where emp_id=000009 and time like '2018-08-02%'
2018-09-07 17:03:01,913 - DataBase.py[line:56] - INFO: select * from record_201808 where emp_id=000009 and time like '2018-08-03%'
2018-09-07 17:03:01,950 - DataBase.py[line:56] - INFO: select * from record_201808 where emp_id=000009 and time like '2018-08-04%'
2018-09-07 17:03:01,989 - DataBase.py[line:56] - INFO: select * from record_201808 where emp_id=000009 and time like '2018-08-05%'
2018-09-07 17:03:02,026 - DataBase.py[line:56] - INFO: select * from record_201808 where emp_id=000009 and time like '2018-08-06%'
2018-09-07 17:03:02,063 - DataBase.py[line:56] - INFO: select * from record_201808 where emp_id=000009 and time like '2018-08-07%'
2018-09-07 17:03:02,101 - DataBase.py[line:56] - INFO: select * from record_201808 where emp_id=000009 and time like '2018-08-08%'
2018-09-07 17:03:02,138 - DataBase.py[line:56] - INFO: select * from record_201808 where emp_id=000009 and time like '2018-08-09%'
2018-09-07 17:03:02,175 - DataBase.py[line:56] - INFO: select * from record_201808 where emp_id=000009 and time like '2018-08-10%'
2018-09-07 17:03:02,211 - DataBase.py[line:56] - INFO: select * from record_201808 where emp_id=000009 and time like '2018-08-11%'
2018-09-07 17:03:02,248 - DataBase.py[line:56] - INFO: select * from record_201808 where emp_id=000009 and time like '2018-08-12%'
2018-09-07 17:03:02,284 - DataBase.py[line:56] - INFO: select * from record_201808 where emp_id=000009 and time like '2018-08-13%'
2018-09-07 17:03:02,322 - DataBase.py[line:56] - INFO: select * from record_201808 where emp_id=000009 and time like '2018-08-14%'
2018-09-07 17:03:02,360 - DataBase.py[line:56] - INFO: select * from record_201808 where emp_id=000009 and time like '2018-08-15%'
2018-09-07 17:03:02,397 - DataBase.py[line:56] - INFO: select * from record_201808 where emp_id=000009 and time like '2018-08-16%'
2018-09-07 17:03:02,434 - DataBase.py[line:56] - INFO: select * from record_201808 where emp_id=000009 and time like '2018-08-17%'
2018-09-07 17:03:02,470 - DataBase.py[line:56] - INFO: select * from record_201808 where emp_id=000009 and time like '2018-08-18%'
2018-09-07 17:03:02,505 - DataBase.py[line:56] - INFO: select * from record_201808 where emp_id=000009 and time like '2018-08-19%'
2018-09-07 17:03:02,542 - DataBase.py[line:56] - INFO: select * from record_201808 where emp_id=000009 and time like '2018-08-20%'
2018-09-07 17:03:02,580 - DataBase.py[line:56] - INFO: select * from record_201808 where emp_id=000009 and time like '2018-08-21%'
2018-09-07 17:03:02,618 - DataBase.py[line:56] - INFO: select * from record_201808 where emp_id=000009 and time like '2018-08-22%'
2018-09-07 17:03:02,659 - DataBase.py[line:56] - INFO: select * from record_201808 where emp_id=000009 and time like '2018-08-23%'
2018-09-07 17:03:02,696 - DataBase.py[line:56] - INFO: select * from record_201808 where emp_id=000009 and time like '2018-08-24%'
2018-09-07 17:03:02,733 - DataBase.py[line:56] - INFO: select * from record_201808 where emp_id=000009 and time like '2018-08-25%'
2018-09-07 17:03:02,771 - DataBase.py[line:56] - INFO: select * from record_201808 where emp_id=000009 and time like '2018-08-26%'
2018-09-07 17:03:02,813 - DataBase.py[line:56] - INFO: select * from record_201808 where emp_id=000009 and time like '2018-08-27%'
2018-09-07 17:03:02,852 - DataBase.py[line:56] - INFO: select * from record_201808 where emp_id=000009 and time like '2018-08-28%'
2018-09-07 17:03:02,889 - DataBase.py[line:56] - INFO: select * from record_201808 where emp_id=000009 and time like '2018-08-29%'
2018-09-07 17:03:02,926 - DataBase.py[line:56] - INFO: select * from record_201808 where emp_id=000009 and time like '2018-08-30%'
2018-09-07 17:03:02,966 - DataBase.py[line:56] - INFO: select * from record_201808 where emp_id=000009 and time like '2018-08-31%'
2018-09-07 17:03:03,002 - DataBase.py[line:56] - INFO: select * from record_201808 where emp_id=10086 and time like '2018-08-01%'
2018-09-07 17:03:03,038 - DataBase.py[line:56] - INFO: select * from record_201808 where emp_id=10086 and time like '2018-08-02%'
2018-09-07 17:03:03,078 - DataBase.py[line:56] - INFO: select * from record_201808 where emp_id=10086 and time like '2018-08-03%'
2018-09-07 17:03:03,115 - DataBase.py[line:56] - INFO: select * from record_201808 where emp_id=10086 and time like '2018-08-04%'
2018-09-07 17:03:03,157 - DataBase.py[line:56] - INFO: select * from record_201808 where emp_id=10086 and time like '2018-08-05%'
2018-09-07 17:03:03,197 - DataBase.py[line:56] - INFO: select * from record_201808 where emp_id=10086 and time like '2018-08-06%'
2018-09-07 17:03:03,238 - DataBase.py[line:56] - INFO: select * from record_201808 where emp_id=10086 and time like '2018-08-07%'
2018-09-07 17:03:03,281 - DataBase.py[line:56] - INFO: select * from record_201808 where emp_id=10086 and time like '2018-08-08%'
2018-09-07 17:03:03,322 - DataBase.py[line:56] - INFO: select * from record_201808 where emp_id=10086 and time like '2018-08-09%'
2018-09-07 17:03:03,363 - DataBase.py[line:56] - INFO: select * from record_201808 where emp_id=10086 and time like '2018-08-10%'
2018-09-07 17:03:03,404 - DataBase.py[line:56] - INFO: select * from record_201808 where emp_id=10086 and time like '2018-08-11%'
2018-09-07 17:03:03,445 - DataBase.py[line:56] - INFO: select * from record_201808 where emp_id=10086 and time like '2018-08-12%'
2018-09-07 17:03:03,485 - DataBase.py[line:56] - INFO: select * from record_201808 where emp_id=10086 and time like '2018-08-13%'
2018-09-07 17:03:03,525 - DataBase.py[line:56] - INFO: select * from record_201808 where emp_id=10086 and time like '2018-08-14%'
2018-09-07 17:03:03,564 - DataBase.py[line:56] - INFO: select * from record_201808 where emp_id=10086 and time like '2018-08-15%'
2018-09-07 17:03:03,600 - DataBase.py[line:56] - INFO: select * from record_201808 where emp_id=10086 and time like '2018-08-16%'
2018-09-07 17:03:03,636 - DataBase.py[line:56] - INFO: select * from record_201808 where emp_id=10086 and time like '2018-08-17%'
2018-09-07 17:03:03,674 - DataBase.py[line:56] - INFO: select * from record_201808 where emp_id=10086 and time like '2018-08-18%'
2018-09-07 17:03:03,712 - DataBase.py[line:56] - INFO: select * from record_201808 where emp_id=10086 and time like '2018-08-19%'
2018-09-07 17:03:03,752 - DataBase.py[line:56] - INFO: select * from record_201808 where emp_id=10086 and time like '2018-08-20%'
2018-09-07 17:03:03,797 - DataBase.py[line:56] - INFO: select * from record_201808 where emp_id=10086 and time like '2018-08-21%'
2018-09-07 17:03:03,835 - DataBase.py[line:56] - INFO: select * from record_201808 where emp_id=10086 and time like '2018-08-22%'
2018-09-07 17:03:03,884 - DataBase.py[line:56] - INFO: select * from record_201808 where emp_id=10086 and time like '2018-08-23%'
2018-09-07 17:03:03,926 - DataBase.py[line:56] - INFO: select * from record_201808 where emp_id=10086 and time like '2018-08-24%'
2018-09-07 17:03:03,963 - DataBase.py[line:56] - INFO: select * from record_201808 where emp_id=10086 and time like '2018-08-25%'
2018-09-07 17:03:04,003 - DataBase.py[line:56] - INFO: select * from record_201808 where emp_id=10086 and time like '2018-08-26%'
2018-09-07 17:03:04,043 - DataBase.py[line:56] - INFO: select * from record_201808 where emp_id=10086 and time like '2018-08-27%'
2018-09-07 17:03:04,084 - DataBase.py[line:56] - INFO: select * from record_201808 where emp_id=10086 and time like '2018-08-28%'
2018-09-07 17:03:04,123 - DataBase.py[line:56] - INFO: select * from record_201808 where emp_id=10086 and time like '2018-08-29%'
2018-09-07 17:03:04,164 - DataBase.py[line:56] - INFO: select * from record_201808 where emp_id=10086 and time like '2018-08-30%'
2018-09-07 17:03:04,205 - DataBase.py[line:56] - INFO: select * from record_201808 where emp_id=10086 and time like '2018-08-31%'
2018-09-07 17:03:04,243 - DataBase.py[line:56] - INFO: select * from record_201808 where emp_id=111 and time like '2018-08-01%'
2018-09-07 17:03:04,282 - DataBase.py[line:56] - INFO: select * from record_201808 where emp_id=111 and time like '2018-08-02%'
2018-09-07 17:03:04,320 - DataBase.py[line:56] - INFO: select * from record_201808 where emp_id=111 and time like '2018-08-03%'
2018-09-07 17:03:04,359 - DataBase.py[line:56] - INFO: select * from record_201808 where emp_id=111 and time like '2018-08-04%'
2018-09-07 17:03:04,398 - DataBase.py[line:56] - INFO: select * from record_201808 where emp_id=111 and time like '2018-08-05%'
2018-09-07 17:03:04,438 - DataBase.py[line:56] - INFO: select * from record_201808 where emp_id=111 and time like '2018-08-06%'
2018-09-07 17:03:04,475 - DataBase.py[line:56] - INFO: select * from record_201808 where emp_id=111 and time like '2018-08-07%'
2018-09-07 17:03:04,516 - DataBase.py[line:56] - INFO: select * from record_201808 where emp_id=111 and time like '2018-08-08%'
2018-09-07 17:03:04,553 - DataBase.py[line:56] - INFO: select * from record_201808 where emp_id=111 and time like '2018-08-09%'
2018-09-07 17:03:04,594 - DataBase.py[line:56] - INFO: select * from record_201808 where emp_id=111 and time like '2018-08-10%'
2018-09-07 17:03:04,630 - DataBase.py[line:56] - INFO: select * from record_201808 where emp_id=111 and time like '2018-08-11%'
2018-09-07 17:03:04,667 - DataBase.py[line:56] - INFO: select * from record_201808 where emp_id=111 and time like '2018-08-12%'
2018-09-07 17:03:04,704 - DataBase.py[line:56] - INFO: select * from record_201808 where emp_id=111 and time like '2018-08-13%'
2018-09-07 17:03:04,743 - DataBase.py[line:56] - INFO: select * from record_201808 where emp_id=111 and time like '2018-08-14%'
2018-09-07 17:03:04,780 - DataBase.py[line:56] - INFO: select * from record_201808 where emp_id=111 and time like '2018-08-15%'
2018-09-07 17:03:04,818 - DataBase.py[line:56] - INFO: select * from record_201808 where emp_id=111 and time like '2018-08-16%'
2018-09-07 17:03:04,856 - DataBase.py[line:56] - INFO: select * from record_201808 where emp_id=111 and time like '2018-08-17%'
2018-09-07 17:03:04,893 - DataBase.py[line:56] - INFO: select * from record_201808 where emp_id=111 and time like '2018-08-18%'
2018-09-07 17:03:04,930 - DataBase.py[line:56] - INFO: select * from record_201808 where emp_id=111 and time like '2018-08-19%'
2018-09-07 17:03:04,968 - DataBase.py[line:56] - INFO: select * from record_201808 where emp_id=111 and time like '2018-08-20%'
2018-09-07 17:03:05,004 - DataBase.py[line:56] - INFO: select * from record_201808 where emp_id=111 and time like '2018-08-21%'
2018-09-07 17:03:05,048 - DataBase.py[line:56] - INFO: select * from record_201808 where emp_id=111 and time like '2018-08-22%'
2018-09-07 17:03:05,089 - DataBase.py[line:56] - INFO: select * from record_201808 where emp_id=111 and time like '2018-08-23%'
2018-09-07 17:03:05,127 - DataBase.py[line:56] - INFO: select * from record_201808 where emp_id=111 and time like '2018-08-24%'
2018-09-07 17:03:05,163 - DataBase.py[line:56] - INFO: select * from record_201808 where emp_id=111 and time like '2018-08-25%'
2018-09-07 17:03:05,201 - DataBase.py[line:56] - INFO: select * from record_201808 where emp_id=111 and time like '2018-08-26%'
2018-09-07 17:03:05,238 - DataBase.py[line:56] - INFO: select * from record_201808 where emp_id=111 and time like '2018-08-27%'
2018-09-07 17:03:05,278 - DataBase.py[line:56] - INFO: select * from record_201808 where emp_id=111 and time like '2018-08-28%'
2018-09-07 17:03:05,316 - DataBase.py[line:56] - INFO: select * from record_201808 where emp_id=111 and time like '2018-08-29%'
2018-09-07 17:03:05,354 - DataBase.py[line:56] - INFO: select * from record_201808 where emp_id=111 and time like '2018-08-30%'
2018-09-07 17:03:05,394 - DataBase.py[line:56] - INFO: select * from record_201808 where emp_id=111 and time like '2018-08-31%'
2018-09-07 17:03:05,434 - DataBase.py[line:56] - INFO: select * from record_201808 where emp_id=111111 and time like '2018-08-01%'
2018-09-07 17:03:05,471 - DataBase.py[line:56] - INFO: select * from record_201808 where emp_id=111111 and time like '2018-08-02%'
2018-09-07 17:03:05,510 - DataBase.py[line:56] - INFO: select * from record_201808 where emp_id=111111 and time like '2018-08-03%'
2018-09-07 17:03:05,547 - DataBase.py[line:56] - INFO: select * from record_201808 where emp_id=111111 and time like '2018-08-04%'
2018-09-07 17:03:05,583 - DataBase.py[line:56] - INFO: select * from record_201808 where emp_id=111111 and time like '2018-08-05%'
2018-09-07 17:03:05,620 - DataBase.py[line:56] - INFO: select * from record_201808 where emp_id=111111 and time like '2018-08-06%'
2018-09-07 17:03:05,656 - DataBase.py[line:56] - INFO: select * from record_201808 where emp_id=111111 and time like '2018-08-07%'
2018-09-07 17:03:05,693 - DataBase.py[line:56] - INFO: select * from record_201808 where emp_id=111111 and time like '2018-08-08%'
2018-09-07 17:03:05,730 - DataBase.py[line:56] - INFO: select * from record_201808 where emp_id=111111 and time like '2018-08-09%'
2018-09-07 17:03:05,769 - DataBase.py[line:56] - INFO: select * from record_201808 where emp_id=111111 and time like '2018-08-10%'
2018-09-07 17:03:05,807 - DataBase.py[line:56] - INFO: select * from record_201808 where emp_id=111111 and time like '2018-08-11%'
2018-09-07 17:03:05,853 - DataBase.py[line:56] - INFO: select * from record_201808 where emp_id=111111 and time like '2018-08-12%'
2018-09-07 17:03:05,891 - DataBase.py[line:56] - INFO: select * from record_201808 where emp_id=111111 and time like '2018-08-13%'
2018-09-07 17:03:05,928 - DataBase.py[line:56] - INFO: select * from record_201808 where emp_id=111111 and time like '2018-08-14%'
2018-09-07 17:03:05,966 - DataBase.py[line:56] - INFO: select * from record_201808 where emp_id=111111 and time like '2018-08-15%'
2018-09-07 17:03:06,003 - DataBase.py[line:56] - INFO: select * from record_201808 where emp_id=111111 and time like '2018-08-16%'
2018-09-07 17:03:06,050 - DataBase.py[line:56] - INFO: select * from record_201808 where emp_id=111111 and time like '2018-08-17%'
2018-09-07 17:03:06,090 - DataBase.py[line:56] - INFO: select * from record_201808 where emp_id=111111 and time like '2018-08-18%'
2018-09-07 17:03:06,126 - DataBase.py[line:56] - INFO: select * from record_201808 where emp_id=111111 and time like '2018-08-19%'
2018-09-07 17:03:06,165 - DataBase.py[line:56] - INFO: select * from record_201808 where emp_id=111111 and time like '2018-08-20%'
2018-09-07 17:03:06,204 - DataBase.py[line:56] - INFO: select * from record_201808 where emp_id=111111 and time like '2018-08-21%'
2018-09-07 17:03:06,244 - DataBase.py[line:56] - INFO: select * from record_201808 where emp_id=111111 and time like '2018-08-22%'
2018-09-07 17:03:06,285 - DataBase.py[line:56] - INFO: select * from record_201808 where emp_id=111111 and time like '2018-08-23%'
2018-09-07 17:03:06,327 - DataBase.py[line:56] - INFO: select * from record_201808 where emp_id=111111 and time like '2018-08-24%'
2018-09-07 17:03:06,364 - DataBase.py[line:56] - INFO: select * from record_201808 where emp_id=111111 and time like '2018-08-25%'
2018-09-07 17:03:06,401 - DataBase.py[line:56] - INFO: select * from record_201808 where emp_id=111111 and time like '2018-08-26%'
2018-09-07 17:03:06,439 - DataBase.py[line:56] - INFO: select * from record_201808 where emp_id=111111 and time like '2018-08-27%'
2018-09-07 17:03:06,476 - DataBase.py[line:56] - INFO: select * from record_201808 where emp_id=111111 and time like '2018-08-28%'
2018-09-07 17:03:06,513 - DataBase.py[line:56] - INFO: select * from record_201808 where emp_id=111111 and time like '2018-08-29%'
2018-09-07 17:03:06,552 - DataBase.py[line:56] - INFO: select * from record_201808 where emp_id=111111 and time like '2018-08-30%'
2018-09-07 17:03:06,590 - DataBase.py[line:56] - INFO: select * from record_201808 where emp_id=111111 and time like '2018-08-31%'
2018-09-07 17:08:19,838 - DataBase.py[line:56] - INFO: select * from empinfo where Emp_id=000001
2018-09-07 17:08:19,886 - DataBase.py[line:56] - INFO: select password from empinfo where Emp_id=000001
2018-09-07 17:08:41,086 - DataBase.py[line:67] - INFO: INSERT INTO `facepro`.`empinfo` (`Emp_id`, `Emp_name`, `Emp_department`, `password`, `Emp_photo`) VALUES ('11', '111', '11', '11', 'None')
2018-09-07 17:09:08,348 - DataBase.py[line:56] - INFO: select * from empinfo where Emp_id=000001
2018-09-07 17:09:08,384 - DataBase.py[line:56] - INFO: select password from empinfo where Emp_id=000001
2018-09-07 17:11:03,879 - DataBase.py[line:56] - INFO: select * from empinfo where Emp_id=000001
2018-09-07 17:11:08,087 - DataBase.py[line:56] - INFO: select * from empinfo where Emp_id=000001
2018-09-07 17:11:18,457 - DataBase.py[line:56] - INFO: select * from empinfo where Emp_id=000000
