2018-09-04 09:40:56,265 - DataBase.py[line:23] - INFO: database class is creating...
2018-09-04 09:40:56,285 - DataBase.py[line:51] - INFO: database is connecting...
2018-09-04 09:40:58,082 - DataBase.py[line:56] - INFO: select * from empinfo where Emp_id=000002
2018-09-04 09:40:58,083 - DataBase.py[line:56] - INFO: select password from empinfo where Emp_id=000002
2018-09-04 09:40:58,083 - DataBase.py[line:56] - INFO: select * from empinfo where Emp_id=000002
2018-09-04 09:40:58,084 - DataBase.py[line:56] - INFO: select * from record_201808 where emp_id=111111
2018-09-04 09:40:58,084 - DataBase.py[line:56] - INFO: select * from record_201808 where emp_id=111111 and time like '2018-08-1%'
2018-09-04 09:40:58,086 - DataBase.py[line:56] - INFO: select * from record_201808 where emp_id=111111
2018-09-04 09:40:58,086 - DataBase.py[line:56] - INFO: select * from record_201808 where emp_id=111111 and time like '2018-08-01%'
2018-09-04 09:40:58,087 - DataBase.py[line:56] - INFO: select * from record_201808 where emp_id=111111
2018-09-04 09:40:58,087 - DataBase.py[line:56] - INFO: select * from record_201808 where emp_id=111111 and time like '2018-08-2%'
2018-09-04 09:40:58,088 - DataBase.py[line:56] - INFO: select * from record_201808 where emp_id=111111
2018-09-04 09:40:58,088 - DataBase.py[line:56] - INFO: select * from record_201808 where emp_id=111111 and time like '2018-08-02%'
2018-09-04 09:40:58,089 - DataBase.py[line:56] - INFO: select * from record_201808 where emp_id=111111
2018-09-04 09:40:58,090 - DataBase.py[line:56] - INFO: select * from record_201808 where emp_id=111111 and time like '2018-08-3%'
2018-09-04 09:40:58,090 - DataBase.py[line:56] - INFO: select * from record_201808 where emp_id=111111
2018-09-04 09:40:58,091 - DataBase.py[line:56] - INFO: select * from record_201808 where emp_id=111111 and time like '2018-08-03%'
2018-09-04 09:40:58,091 - DataBase.py[line:56] - INFO: select * from record_201808 where emp_id=111111
2018-09-04 09:40:58,092 - DataBase.py[line:56] - INFO: select * from record_201808 where emp_id=111111 and time like '2018-08-4%'
2018-09-04 09:40:58,092 - DataBase.py[line:56] - INFO: select * from record_201808 where emp_id=111111
2018-09-04 09:40:58,093 - DataBase.py[line:56] - INFO: select * from record_201808 where emp_id=111111 and time like '2018-08-04%'
2018-09-04 09:40:58,093 - DataBase.py[line:56] - INFO: select * from record_201808 where emp_id=111111
2018-09-04 09:40:58,094 - DataBase.py[line:56] - INFO: select * from record_201808 where emp_id=111111 and time like '2018-08-5%'
2018-09-04 09:40:58,094 - DataBase.py[line:56] - INFO: select * from record_201808 where emp_id=111111
2018-09-04 09:40:58,094 - DataBase.py[line:56] - INFO: select * from record_201808 where emp_id=111111 and time like '2018-08-05%'
2018-09-04 09:40:58,095 - DataBase.py[line:56] - INFO: select * from record_201808 where emp_id=111111
2018-09-04 09:40:58,095 - DataBase.py[line:56] - INFO: select * from record_201808 where emp_id=111111 and time like '2018-08-6%'
2018-09-04 09:40:58,096 - DataBase.py[line:56] - INFO: select * from record_201808 where emp_id=111111
2018-09-04 09:40:58,096 - DataBase.py[line:56] - INFO: select * from record_201808 where emp_id=111111 and time like '2018-08-06%'
2018-09-04 09:40:58,097 - DataBase.py[line:56] - INFO: select * from record_201808 where emp_id=111111
2018-09-04 09:40:58,097 - DataBase.py[line:56] - INFO: select * from record_201808 where emp_id=111111 and time like '2018-08-7%'
2018-09-04 09:40:58,098 - DataBase.py[line:56] - INFO: select * from record_201808 where emp_id=111111
2018-09-04 09:40:58,098 - DataBase.py[line:56] - INFO: select * from record_201808 where emp_id=111111 and time like '2018-08-07%'
2018-09-04 09:40:58,099 - DataBase.py[line:56] - INFO: select * from record_201808 where emp_id=111111
2018-09-04 09:40:58,099 - DataBase.py[line:56] - INFO: select * from record_201808 where emp_id=111111 and time like '2018-08-8%'
2018-09-04 09:40:58,100 - DataBase.py[line:56] - INFO: select * from record_201808 where emp_id=111111
2018-09-04 09:40:58,100 - DataBase.py[line:56] - INFO: select * from record_201808 where emp_id=111111 and time like '2018-08-08%'
2018-09-04 09:40:58,101 - DataBase.py[line:56] - INFO: select * from record_201808 where emp_id=111111
2018-09-04 09:40:58,101 - DataBase.py[line:56] - INFO: select * from record_201808 where emp_id=111111 and time like '2018-08-9%'
2018-09-04 09:40:58,102 - DataBase.py[line:56] - INFO: select * from record_201808 where emp_id=111111
2018-09-04 09:40:58,102 - DataBase.py[line:56] - INFO: select * from record_201808 where emp_id=111111 and time like '2018-08-09%'
2018-09-04 09:40:58,102 - DataBase.py[line:56] - INFO: select * from record_201808 where emp_id=111111
2018-09-04 09:40:58,103 - DataBase.py[line:56] - INFO: select * from record_201808 where emp_id=111111 and time like '2018-08-10%'
2018-09-04 09:40:58,103 - DataBase.py[line:56] - INFO: select * from record_201808 where emp_id=111111
2018-09-04 09:40:58,103 - DataBase.py[line:56] - INFO: select * from record_201808 where emp_id=111111 and time like '2018-08-10%'
2018-09-04 09:40:58,104 - DataBase.py[line:56] - INFO: select * from record_201808 where emp_id=111111
2018-09-04 09:40:58,104 - DataBase.py[line:56] - INFO: select * from record_201808 where emp_id=111111 and time like '2018-08-11%'
2018-09-04 09:40:58,105 - DataBase.py[line:56] - INFO: select * from record_201808 where emp_id=111111
2018-09-04 09:40:58,105 - DataBase.py[line:56] - INFO: select * from record_201808 where emp_id=111111 and time like '2018-08-11%'
2018-09-04 09:40:58,106 - DataBase.py[line:56] - INFO: select * from record_201808 where emp_id=111111
2018-09-04 09:40:58,106 - DataBase.py[line:56] - INFO: select * from record_201808 where emp_id=111111 and time like '2018-08-12%'
2018-09-04 09:40:58,106 - DataBase.py[line:56] - INFO: select * from record_201808 where emp_id=111111
2018-09-04 09:40:58,107 - DataBase.py[line:56] - INFO: select * from record_201808 where emp_id=111111 and time like '2018-08-12%'
2018-09-04 09:40:58,107 - DataBase.py[line:56] - INFO: select * from record_201808 where emp_id=111111
2018-09-04 09:40:58,108 - DataBase.py[line:56] - INFO: select * from record_201808 where emp_id=111111 and time like '2018-08-13%'
2018-09-04 09:40:58,108 - DataBase.py[line:56] - INFO: select * from record_201808 where emp_id=111111
2018-09-04 09:40:58,109 - DataBase.py[line:56] - INFO: select * from record_201808 where emp_id=111111 and time like '2018-08-13%'
2018-09-04 09:40:58,110 - DataBase.py[line:56] - INFO: select * from record_201808 where emp_id=111111
2018-09-04 09:40:58,110 - DataBase.py[line:56] - INFO: select * from record_201808 where emp_id=111111 and time like '2018-08-14%'
2018-09-04 09:40:58,111 - DataBase.py[line:56] - INFO: select * from record_201808 where emp_id=111111
2018-09-04 09:40:58,112 - DataBase.py[line:56] - INFO: select * from record_201808 where emp_id=111111 and time like '2018-08-14%'
2018-09-04 09:40:58,112 - DataBase.py[line:56] - INFO: select * from record_201808 where emp_id=111111
2018-09-04 09:40:58,113 - DataBase.py[line:56] - INFO: select * from record_201808 where emp_id=111111 and time like '2018-08-15%'
2018-09-04 09:40:58,113 - DataBase.py[line:56] - INFO: select * from record_201808 where emp_id=111111
2018-09-04 09:40:58,114 - DataBase.py[line:56] - INFO: select * from record_201808 where emp_id=111111 and time like '2018-08-15%'
2018-09-04 09:40:58,114 - DataBase.py[line:56] - INFO: select * from record_201808 where emp_id=111111
2018-09-04 09:40:58,114 - DataBase.py[line:56] - INFO: select * from record_201808 where emp_id=111111 and time like '2018-08-16%'
2018-09-04 09:40:58,115 - DataBase.py[line:56] - INFO: select * from record_201808 where emp_id=111111
2018-09-04 09:40:58,115 - DataBase.py[line:56] - INFO: select * from record_201808 where emp_id=111111 and time like '2018-08-16%'
2018-09-04 09:40:58,116 - DataBase.py[line:56] - INFO: select * from record_201808 where emp_id=111111
2018-09-04 09:40:58,116 - DataBase.py[line:56] - INFO: select * from record_201808 where emp_id=111111 and time like '2018-08-17%'
2018-09-04 09:40:58,116 - DataBase.py[line:56] - INFO: select * from record_201808 where emp_id=111111
2018-09-04 09:40:58,116 - DataBase.py[line:56] - INFO: select * from record_201808 where emp_id=111111 and time like '2018-08-17%'
2018-09-04 09:40:58,116 - DataBase.py[line:56] - INFO: select * from record_201808 where emp_id=111111
2018-09-04 09:40:58,118 - DataBase.py[line:56] - INFO: select * from record_201808 where emp_id=111111 and time like '2018-08-18%'
2018-09-04 09:40:58,118 - DataBase.py[line:56] - INFO: select * from record_201808 where emp_id=111111
2018-09-04 09:40:58,118 - DataBase.py[line:56] - INFO: select * from record_201808 where emp_id=111111 and time like '2018-08-18%'
2018-09-04 09:40:58,119 - DataBase.py[line:56] - INFO: select * from record_201808 where emp_id=111111
2018-09-04 09:40:58,119 - DataBase.py[line:56] - INFO: select * from record_201808 where emp_id=111111 and time like '2018-08-19%'
2018-09-04 09:40:58,120 - DataBase.py[line:56] - INFO: select * from record_201808 where emp_id=111111
2018-09-04 09:40:58,120 - DataBase.py[line:56] - INFO: select * from record_201808 where emp_id=111111 and time like '2018-08-19%'
2018-09-04 09:40:58,121 - DataBase.py[line:56] - INFO: select * from record_201808 where emp_id=111111
2018-09-04 09:40:58,121 - DataBase.py[line:56] - INFO: select * from record_201808 where emp_id=111111 and time like '2018-08-20%'
2018-09-04 09:40:58,121 - DataBase.py[line:56] - INFO: select * from record_201808 where emp_id=111111
2018-09-04 09:40:58,123 - DataBase.py[line:56] - INFO: select * from record_201808 where emp_id=111111 and time like '2018-08-20%'
2018-09-04 09:40:58,123 - DataBase.py[line:56] - INFO: select * from record_201808 where emp_id=111111
2018-09-04 09:40:58,123 - DataBase.py[line:56] - INFO: select * from record_201808 where emp_id=111111 and time like '2018-08-21%'
2018-09-04 09:40:58,123 - DataBase.py[line:56] - INFO: select * from record_201808 where emp_id=111111
2018-09-04 09:40:58,123 - DataBase.py[line:56] - INFO: select * from record_201808 where emp_id=111111 and time like '2018-08-21%'
2018-09-04 09:40:58,125 - DataBase.py[line:56] - INFO: select * from record_201808 where emp_id=111111
2018-09-04 09:40:58,125 - DataBase.py[line:56] - INFO: select * from record_201808 where emp_id=111111 and time like '2018-08-22%'
2018-09-04 09:40:58,125 - DataBase.py[line:56] - INFO: select * from record_201808 where emp_id=111111
2018-09-04 09:40:58,125 - DataBase.py[line:56] - INFO: select * from record_201808 where emp_id=111111 and time like '2018-08-22%'
2018-09-04 09:40:58,126 - DataBase.py[line:56] - INFO: select * from record_201808 where emp_id=111111
2018-09-04 09:40:58,126 - DataBase.py[line:56] - INFO: select * from record_201808 where emp_id=111111 and time like '2018-08-23%'
2018-09-04 09:40:58,127 - DataBase.py[line:56] - INFO: select * from record_201808 where emp_id=111111
2018-09-04 09:40:58,127 - DataBase.py[line:56] - INFO: select * from record_201808 where emp_id=111111 and time like '2018-08-23%'
2018-09-04 09:40:58,128 - DataBase.py[line:56] - INFO: select * from record_201808 where emp_id=111111
2018-09-04 09:40:58,128 - DataBase.py[line:56] - INFO: select * from record_201808 where emp_id=111111 and time like '2018-08-24%'
2018-09-04 09:40:58,129 - DataBase.py[line:56] - INFO: select * from record_201808 where emp_id=111111
2018-09-04 09:40:58,129 - DataBase.py[line:56] - INFO: select * from record_201808 where emp_id=111111 and time like '2018-08-24%'
2018-09-04 09:40:58,129 - DataBase.py[line:56] - INFO: select * from record_201808 where emp_id=111111
2018-09-04 09:40:58,130 - DataBase.py[line:56] - INFO: select * from record_201808 where emp_id=111111 and time like '2018-08-25%'
2018-09-04 09:40:58,130 - DataBase.py[line:56] - INFO: select * from record_201808 where emp_id=111111
2018-09-04 09:40:58,131 - DataBase.py[line:56] - INFO: select * from record_201808 where emp_id=111111 and time like '2018-08-25%'
2018-09-04 09:40:58,131 - DataBase.py[line:56] - INFO: select * from record_201808 where emp_id=111111
2018-09-04 09:40:58,132 - DataBase.py[line:56] - INFO: select * from record_201808 where emp_id=111111 and time like '2018-08-26%'
2018-09-04 09:40:58,132 - DataBase.py[line:56] - INFO: select * from record_201808 where emp_id=111111
2018-09-04 09:40:58,132 - DataBase.py[line:56] - INFO: select * from record_201808 where emp_id=111111 and time like '2018-08-26%'
2018-09-04 09:40:58,133 - DataBase.py[line:56] - INFO: select * from record_201808 where emp_id=111111
2018-09-04 09:40:58,133 - DataBase.py[line:56] - INFO: select * from record_201808 where emp_id=111111 and time like '2018-08-27%'
2018-09-04 09:40:58,133 - DataBase.py[line:56] - INFO: select * from record_201808 where emp_id=111111
2018-09-04 09:40:58,134 - DataBase.py[line:56] - INFO: select * from record_201808 where emp_id=111111 and time like '2018-08-27%'
2018-09-04 09:40:58,135 - DataBase.py[line:56] - INFO: select * from record_201808 where emp_id=111111
2018-09-04 09:40:58,135 - DataBase.py[line:56] - INFO: select * from record_201808 where emp_id=111111 and time like '2018-08-28%'
2018-09-04 09:40:58,136 - DataBase.py[line:56] - INFO: select * from record_201808 where emp_id=111111
2018-09-04 09:40:58,136 - DataBase.py[line:56] - INFO: select * from record_201808 where emp_id=111111 and time like '2018-08-28%'
2018-09-04 09:40:58,136 - DataBase.py[line:56] - INFO: select * from record_201808 where emp_id=111111 and time like '2018-08-29%'
2018-09-04 09:40:58,137 - DataBase.py[line:56] - INFO: select * from record_201808 where emp_id=111111
2018-09-04 09:40:58,137 - DataBase.py[line:56] - INFO: select * from record_201808 where emp_id=111111 and time like '2018-08-29%'
2018-09-04 09:40:58,138 - DataBase.py[line:56] - INFO: select * from record_201808 where emp_id=111111 and time like '2018-08-30%'
2018-09-04 09:40:58,138 - DataBase.py[line:56] - INFO: select * from record_201808 where emp_id=111111
2018-09-04 09:40:58,139 - DataBase.py[line:56] - INFO: select * from record_201808 where emp_id=111111 and time like '2018-08-30%'
2018-09-04 09:40:58,139 - DataBase.py[line:56] - INFO: select * from record_201808 where emp_id=111111
2018-09-04 09:40:58,140 - DataBase.py[line:56] - INFO: select * from record_201808 where emp_id=111111 and time like '2018-08-31%'
2018-09-04 09:40:58,140 - DataBase.py[line:56] - INFO: select * from record_201808 where emp_id=111111
2018-09-04 09:40:58,141 - DataBase.py[line:56] - INFO: select * from record_201808 where emp_id=111111 and time like '2018-08-31%'
2018-09-04 09:40:58,141 - DataBase.py[line:56] - INFO: select * from record_201808 where emp_id=111111
