2018-09-04 09:15:55,188 - DataBase.py[line:23] - INFO: database class is creating...
2018-09-04 09:15:55,209 - DataBase.py[line:51] - INFO: database is connecting...
2018-09-04 09:15:57,294 - DataBase.py[line:56] - INFO: select * from empinfo where Emp_id=000002
2018-09-04 09:15:57,294 - DataBase.py[line:56] - INFO: select password from empinfo where Emp_id=000002
2018-09-04 09:15:57,295 - DataBase.py[line:56] - INFO: select * from empinfo where Emp_id=000002
2018-09-04 09:15:57,296 - DataBase.py[line:56] - INFO: select * from record_201808 where emp_id=111111
2018-09-04 09:15:57,296 - DataBase.py[line:56] - INFO: select * from record_201808 where emp_id=111111 and time like '2018-08-1%'
2018-09-04 09:15:57,298 - DataBase.py[line:56] - INFO: select * from record_201808 where emp_id=111111
2018-09-04 09:15:57,299 - DataBase.py[line:56] - INFO: select * from record_201808 where emp_id=111111 and time like '2018-08-01%'
2018-09-04 09:15:57,299 - DataBase.py[line:56] - INFO: select * from record_201808 where emp_id=111111
2018-09-04 09:15:57,300 - DataBase.py[line:56] - INFO: select * from record_201808 where emp_id=111111 and time like '2018-08-2%'
2018-09-04 09:15:57,301 - DataBase.py[line:56] - INFO: select * from record_201808 where emp_id=111111
2018-09-04 09:15:57,301 - DataBase.py[line:56] - INFO: select * from record_201808 where emp_id=111111 and time like '2018-08-02%'
2018-09-04 09:15:57,302 - DataBase.py[line:56] - INFO: select * from record_201808 where emp_id=111111
2018-09-04 09:15:57,302 - DataBase.py[line:56] - INFO: select * from record_201808 where emp_id=111111 and time like '2018-08-3%'
2018-09-04 09:15:57,303 - DataBase.py[line:56] - INFO: select * from record_201808 where emp_id=111111
2018-09-04 09:15:57,303 - DataBase.py[line:56] - INFO: select * from record_201808 where emp_id=111111 and time like '2018-08-03%'
2018-09-04 09:15:57,304 - DataBase.py[line:56] - INFO: select * from record_201808 where emp_id=111111
2018-09-04 09:15:57,304 - DataBase.py[line:56] - INFO: select * from record_201808 where emp_id=111111 and time like '2018-08-4%'
2018-09-04 09:15:57,305 - DataBase.py[line:56] - INFO: select * from record_201808 where emp_id=111111
2018-09-04 09:15:57,305 - DataBase.py[line:56] - INFO: select * from record_201808 where emp_id=111111 and time like '2018-08-04%'
2018-09-04 09:15:57,306 - DataBase.py[line:56] - INFO: select * from record_201808 where emp_id=111111
2018-09-04 09:15:57,307 - DataBase.py[line:56] - INFO: select * from record_201808 where emp_id=111111 and time like '2018-08-5%'
2018-09-04 09:15:57,307 - DataBase.py[line:56] - INFO: select * from record_201808 where emp_id=111111
2018-09-04 09:15:57,308 - DataBase.py[line:56] - INFO: select * from record_201808 where emp_id=111111 and time like '2018-08-05%'
2018-09-04 09:15:57,308 - DataBase.py[line:56] - INFO: select * from record_201808 where emp_id=111111
2018-09-04 09:15:57,309 - DataBase.py[line:56] - INFO: select * from record_201808 where emp_id=111111 and time like '2018-08-6%'
2018-09-04 09:15:57,309 - DataBase.py[line:56] - INFO: select * from record_201808 where emp_id=111111
2018-09-04 09:15:57,310 - DataBase.py[line:56] - INFO: select * from record_201808 where emp_id=111111 and time like '2018-08-06%'
2018-09-04 09:15:57,310 - DataBase.py[line:56] - INFO: select * from record_201808 where emp_id=111111
2018-09-04 09:15:57,311 - DataBase.py[line:56] - INFO: select * from record_201808 where emp_id=111111 and time like '2018-08-7%'
2018-09-04 09:15:57,311 - DataBase.py[line:56] - INFO: select * from record_201808 where emp_id=111111
2018-09-04 09:15:57,312 - DataBase.py[line:56] - INFO: select * from record_201808 where emp_id=111111 and time like '2018-08-07%'
2018-09-04 09:15:57,312 - DataBase.py[line:56] - INFO: select * from record_201808 where emp_id=111111
2018-09-04 09:15:57,313 - DataBase.py[line:56] - INFO: select * from record_201808 where emp_id=111111 and time like '2018-08-8%'
2018-09-04 09:15:57,313 - DataBase.py[line:56] - INFO: select * from record_201808 where emp_id=111111
2018-09-04 09:15:57,314 - DataBase.py[line:56] - INFO: select * from record_201808 where emp_id=111111 and time like '2018-08-08%'
2018-09-04 09:15:57,314 - DataBase.py[line:56] - INFO: select * from record_201808 where emp_id=111111
2018-09-04 09:15:57,315 - DataBase.py[line:56] - INFO: select * from record_201808 where emp_id=111111 and time like '2018-08-9%'
2018-09-04 09:15:57,315 - DataBase.py[line:56] - INFO: select * from record_201808 where emp_id=111111
2018-09-04 09:15:57,316 - DataBase.py[line:56] - INFO: select * from record_201808 where emp_id=111111 and time like '2018-08-09%'
2018-09-04 09:15:57,316 - DataBase.py[line:56] - INFO: select * from record_201808 where emp_id=111111
2018-09-04 09:15:57,317 - DataBase.py[line:56] - INFO: select * from record_201808 where emp_id=111111 and time like '2018-08-10%'
2018-09-04 09:15:57,317 - DataBase.py[line:56] - INFO: select * from record_201808 where emp_id=111111
2018-09-04 09:15:57,317 - DataBase.py[line:56] - INFO: select * from record_201808 where emp_id=111111 and time like '2018-08-10%'
2018-09-04 09:15:57,318 - DataBase.py[line:56] - INFO: select * from record_201808 where emp_id=111111
2018-09-04 09:15:57,318 - DataBase.py[line:56] - INFO: select * from record_201808 where emp_id=111111 and time like '2018-08-11%'
2018-09-04 09:15:57,319 - DataBase.py[line:56] - INFO: select * from record_201808 where emp_id=111111
2018-09-04 09:15:57,319 - DataBase.py[line:56] - INFO: select * from record_201808 where emp_id=111111 and time like '2018-08-11%'
2018-09-04 09:15:57,320 - DataBase.py[line:56] - INFO: select * from record_201808 where emp_id=111111
2018-09-04 09:15:57,320 - DataBase.py[line:56] - INFO: select * from record_201808 where emp_id=111111 and time like '2018-08-12%'
2018-09-04 09:15:57,321 - DataBase.py[line:56] - INFO: select * from record_201808 where emp_id=111111
2018-09-04 09:15:57,322 - DataBase.py[line:56] - INFO: select * from record_201808 where emp_id=111111 and time like '2018-08-12%'
2018-09-04 09:15:57,322 - DataBase.py[line:56] - INFO: select * from record_201808 where emp_id=111111
2018-09-04 09:15:57,323 - DataBase.py[line:56] - INFO: select * from record_201808 where emp_id=111111 and time like '2018-08-13%'
2018-09-04 09:15:57,323 - DataBase.py[line:56] - INFO: select * from record_201808 where emp_id=111111
2018-09-04 09:15:57,324 - DataBase.py[line:56] - INFO: select * from record_201808 where emp_id=111111 and time like '2018-08-13%'
2018-09-04 09:15:57,324 - DataBase.py[line:56] - INFO: select * from record_201808 where emp_id=111111
2018-09-04 09:15:57,325 - DataBase.py[line:56] - INFO: select * from record_201808 where emp_id=111111 and time like '2018-08-14%'
2018-09-04 09:15:57,325 - DataBase.py[line:56] - INFO: select * from record_201808 where emp_id=111111
2018-09-04 09:15:57,326 - DataBase.py[line:56] - INFO: select * from record_201808 where emp_id=111111 and time like '2018-08-14%'
2018-09-04 09:15:57,326 - DataBase.py[line:56] - INFO: select * from record_201808 where emp_id=111111
2018-09-04 09:15:57,327 - DataBase.py[line:56] - INFO: select * from record_201808 where emp_id=111111 and time like '2018-08-15%'
2018-09-04 09:15:57,328 - DataBase.py[line:56] - INFO: select * from record_201808 where emp_id=111111
2018-09-04 09:15:57,328 - DataBase.py[line:56] - INFO: select * from record_201808 where emp_id=111111 and time like '2018-08-15%'
2018-09-04 09:15:57,329 - DataBase.py[line:56] - INFO: select * from record_201808 where emp_id=111111
2018-09-04 09:15:57,329 - DataBase.py[line:56] - INFO: select * from record_201808 where emp_id=111111 and time like '2018-08-16%'
2018-09-04 09:15:57,329 - DataBase.py[line:56] - INFO: select * from record_201808 where emp_id=111111
2018-09-04 09:15:57,330 - DataBase.py[line:56] - INFO: select * from record_201808 where emp_id=111111 and time like '2018-08-16%'
2018-09-04 09:15:57,330 - DataBase.py[line:56] - INFO: select * from record_201808 where emp_id=111111
2018-09-04 09:15:57,331 - DataBase.py[line:56] - INFO: select * from record_201808 where emp_id=111111 and time like '2018-08-17%'
2018-09-04 09:15:57,331 - DataBase.py[line:56] - INFO: select * from record_201808 where emp_id=111111
2018-09-04 09:15:57,332 - DataBase.py[line:56] - INFO: select * from record_201808 where emp_id=111111 and time like '2018-08-17%'
2018-09-04 09:15:57,333 - DataBase.py[line:56] - INFO: select * from record_201808 where emp_id=111111
2018-09-04 09:15:57,333 - DataBase.py[line:56] - INFO: select * from record_201808 where emp_id=111111 and time like '2018-08-18%'
2018-09-04 09:15:57,333 - DataBase.py[line:56] - INFO: select * from record_201808 where emp_id=111111
2018-09-04 09:15:57,334 - DataBase.py[line:56] - INFO: select * from record_201808 where emp_id=111111 and time like '2018-08-18%'
2018-09-04 09:15:57,334 - DataBase.py[line:56] - INFO: select * from record_201808 where emp_id=111111
2018-09-04 09:15:57,335 - DataBase.py[line:56] - INFO: select * from record_201808 where emp_id=111111 and time like '2018-08-19%'
2018-09-04 09:15:57,335 - DataBase.py[line:56] - INFO: select * from record_201808 where emp_id=111111
2018-09-04 09:15:57,335 - DataBase.py[line:56] - INFO: select * from record_201808 where emp_id=111111 and time like '2018-08-19%'
2018-09-04 09:15:57,336 - DataBase.py[line:56] - INFO: select * from record_201808 where emp_id=111111
2018-09-04 09:15:57,336 - DataBase.py[line:56] - INFO: select * from record_201808 where emp_id=111111 and time like '2018-08-20%'
2018-09-04 09:15:57,337 - DataBase.py[line:56] - INFO: select * from record_201808 where emp_id=111111
2018-09-04 09:15:57,337 - DataBase.py[line:56] - INFO: select * from record_201808 where emp_id=111111 and time like '2018-08-20%'
2018-09-04 09:15:57,338 - DataBase.py[line:56] - INFO: select * from record_201808 where emp_id=111111
2018-09-04 09:15:57,338 - DataBase.py[line:56] - INFO: select * from record_201808 where emp_id=111111 and time like '2018-08-21%'
2018-09-04 09:15:57,339 - DataBase.py[line:56] - INFO: select * from record_201808 where emp_id=111111
2018-09-04 09:15:57,339 - DataBase.py[line:56] - INFO: select * from record_201808 where emp_id=111111 and time like '2018-08-21%'
2018-09-04 09:15:57,339 - DataBase.py[line:56] - INFO: select * from record_201808 where emp_id=111111
2018-09-04 09:15:57,340 - DataBase.py[line:56] - INFO: select * from record_201808 where emp_id=111111 and time like '2018-08-22%'
2018-09-04 09:15:57,341 - DataBase.py[line:56] - INFO: select * from record_201808 where emp_id=111111
2018-09-04 09:15:57,341 - DataBase.py[line:56] - INFO: select * from record_201808 where emp_id=111111 and time like '2018-08-22%'
2018-09-04 09:15:57,342 - DataBase.py[line:56] - INFO: select * from record_201808 where emp_id=111111
2018-09-04 09:15:57,342 - DataBase.py[line:56] - INFO: select * from record_201808 where emp_id=111111 and time like '2018-08-23%'
2018-09-04 09:15:57,343 - DataBase.py[line:56] - INFO: select * from record_201808 where emp_id=111111
2018-09-04 09:15:57,343 - DataBase.py[line:56] - INFO: select * from record_201808 where emp_id=111111 and time like '2018-08-23%'
2018-09-04 09:15:57,343 - DataBase.py[line:56] - INFO: select * from record_201808 where emp_id=111111
2018-09-04 09:15:57,344 - DataBase.py[line:56] - INFO: select * from record_201808 where emp_id=111111 and time like '2018-08-24%'
2018-09-04 09:15:57,344 - DataBase.py[line:56] - INFO: select * from record_201808 where emp_id=111111
2018-09-04 09:15:57,345 - DataBase.py[line:56] - INFO: select * from record_201808 where emp_id=111111 and time like '2018-08-24%'
2018-09-04 09:15:57,345 - DataBase.py[line:56] - INFO: select * from record_201808 where emp_id=111111
2018-09-04 09:15:57,346 - DataBase.py[line:56] - INFO: select * from record_201808 where emp_id=111111 and time like '2018-08-25%'
2018-09-04 09:15:57,346 - DataBase.py[line:56] - INFO: select * from record_201808 where emp_id=111111
2018-09-04 09:15:57,346 - DataBase.py[line:56] - INFO: select * from record_201808 where emp_id=111111 and time like '2018-08-25%'
2018-09-04 09:15:57,347 - DataBase.py[line:56] - INFO: select * from record_201808 where emp_id=111111
2018-09-04 09:15:57,347 - DataBase.py[line:56] - INFO: select * from record_201808 where emp_id=111111 and time like '2018-08-26%'
2018-09-04 09:15:57,348 - DataBase.py[line:56] - INFO: select * from record_201808 where emp_id=111111
2018-09-04 09:15:57,348 - DataBase.py[line:56] - INFO: select * from record_201808 where emp_id=111111 and time like '2018-08-26%'
2018-09-04 09:15:57,348 - DataBase.py[line:56] - INFO: select * from record_201808 where emp_id=111111
2018-09-04 09:15:57,349 - DataBase.py[line:56] - INFO: select * from record_201808 where emp_id=111111 and time like '2018-08-27%'
2018-09-04 09:15:57,349 - DataBase.py[line:56] - INFO: select * from record_201808 where emp_id=111111
2018-09-04 09:15:57,350 - DataBase.py[line:56] - INFO: select * from record_201808 where emp_id=111111 and time like '2018-08-27%'
2018-09-04 09:15:57,350 - DataBase.py[line:56] - INFO: select * from record_201808 where emp_id=111111
2018-09-04 09:15:57,351 - DataBase.py[line:56] - INFO: select * from record_201808 where emp_id=111111 and time like '2018-08-28%'
2018-09-04 09:15:57,352 - DataBase.py[line:56] - INFO: select * from record_201808 where emp_id=111111
2018-09-04 09:15:57,352 - DataBase.py[line:56] - INFO: select * from record_201808 where emp_id=111111 and time like '2018-08-28%'
2018-09-04 09:15:57,353 - DataBase.py[line:56] - INFO: select * from record_201808 where emp_id=111111 and time like '2018-08-29%'
2018-09-04 09:15:57,353 - DataBase.py[line:56] - INFO: select * from record_201808 where emp_id=111111
2018-09-04 09:15:57,353 - DataBase.py[line:56] - INFO: select * from record_201808 where emp_id=111111 and time like '2018-08-29%'
2018-09-04 09:15:57,354 - DataBase.py[line:56] - INFO: select * from record_201808 where emp_id=111111 and time like '2018-08-30%'
2018-09-04 09:15:57,355 - DataBase.py[line:56] - INFO: select * from record_201808 where emp_id=111111
2018-09-04 09:15:57,355 - DataBase.py[line:56] - INFO: select * from record_201808 where emp_id=111111 and time like '2018-08-30%'
2018-09-04 09:15:57,355 - DataBase.py[line:56] - INFO: select * from record_201808 where emp_id=111111
2018-09-04 09:15:57,356 - DataBase.py[line:56] - INFO: select * from record_201808 where emp_id=111111 and time like '2018-08-31%'
2018-09-04 09:15:57,356 - DataBase.py[line:56] - INFO: select * from record_201808 where emp_id=111111
2018-09-04 09:15:57,357 - DataBase.py[line:56] - INFO: select * from record_201808 where emp_id=111111 and time like '2018-08-31%'
2018-09-04 09:15:57,357 - DataBase.py[line:56] - INFO: select * from record_201808 where emp_id=111111
