2018-09-04 09:31:09,258 - DataBase.py[line:23] - INFO: database class is creating...
2018-09-04 09:31:09,280 - DataBase.py[line:51] - INFO: database is connecting...
2018-09-04 09:31:11,187 - DataBase.py[line:56] - INFO: select * from empinfo where Emp_id=000002
2018-09-04 09:31:11,188 - DataBase.py[line:56] - INFO: select password from empinfo where Emp_id=000002
2018-09-04 09:31:11,189 - DataBase.py[line:56] - INFO: select * from empinfo where Emp_id=000002
2018-09-04 09:31:11,189 - DataBase.py[line:56] - INFO: select * from record_201808 where emp_id=111111
2018-09-04 09:31:11,190 - DataBase.py[line:56] - INFO: select * from record_201808 where emp_id=111111 and time like '2018-08-1%'
2018-09-04 09:31:11,192 - DataBase.py[line:56] - INFO: select * from record_201808 where emp_id=111111
2018-09-04 09:31:11,192 - DataBase.py[line:56] - INFO: select * from record_201808 where emp_id=111111 and time like '2018-08-01%'
2018-09-04 09:31:11,193 - DataBase.py[line:56] - INFO: select * from record_201808 where emp_id=111111
2018-09-04 09:31:11,193 - DataBase.py[line:56] - INFO: select * from record_201808 where emp_id=111111 and time like '2018-08-2%'
2018-09-04 09:31:11,194 - DataBase.py[line:56] - INFO: select * from record_201808 where emp_id=111111
2018-09-04 09:31:11,194 - DataBase.py[line:56] - INFO: select * from record_201808 where emp_id=111111 and time like '2018-08-02%'
2018-09-04 09:31:11,195 - DataBase.py[line:56] - INFO: select * from record_201808 where emp_id=111111
2018-09-04 09:31:11,195 - DataBase.py[line:56] - INFO: select * from record_201808 where emp_id=111111 and time like '2018-08-3%'
2018-09-04 09:31:11,195 - DataBase.py[line:56] - INFO: select * from record_201808 where emp_id=111111
2018-09-04 09:31:11,196 - DataBase.py[line:56] - INFO: select * from record_201808 where emp_id=111111 and time like '2018-08-03%'
2018-09-04 09:31:11,197 - DataBase.py[line:56] - INFO: select * from record_201808 where emp_id=111111
2018-09-04 09:31:11,197 - DataBase.py[line:56] - INFO: select * from record_201808 where emp_id=111111 and time like '2018-08-4%'
2018-09-04 09:31:11,198 - DataBase.py[line:56] - INFO: select * from record_201808 where emp_id=111111
2018-09-04 09:31:11,198 - DataBase.py[line:56] - INFO: select * from record_201808 where emp_id=111111 and time like '2018-08-04%'
2018-09-04 09:31:11,199 - DataBase.py[line:56] - INFO: select * from record_201808 where emp_id=111111
2018-09-04 09:31:11,199 - DataBase.py[line:56] - INFO: select * from record_201808 where emp_id=111111 and time like '2018-08-5%'
2018-09-04 09:31:11,200 - DataBase.py[line:56] - INFO: select * from record_201808 where emp_id=111111
2018-09-04 09:31:11,200 - DataBase.py[line:56] - INFO: select * from record_201808 where emp_id=111111 and time like '2018-08-05%'
2018-09-04 09:31:11,200 - DataBase.py[line:56] - INFO: select * from record_201808 where emp_id=111111
2018-09-04 09:31:11,201 - DataBase.py[line:56] - INFO: select * from record_201808 where emp_id=111111 and time like '2018-08-6%'
2018-09-04 09:31:11,201 - DataBase.py[line:56] - INFO: select * from record_201808 where emp_id=111111
2018-09-04 09:31:11,202 - DataBase.py[line:56] - INFO: select * from record_201808 where emp_id=111111 and time like '2018-08-06%'
2018-09-04 09:31:11,202 - DataBase.py[line:56] - INFO: select * from record_201808 where emp_id=111111
2018-09-04 09:31:11,203 - DataBase.py[line:56] - INFO: select * from record_201808 where emp_id=111111 and time like '2018-08-7%'
2018-09-04 09:31:11,203 - DataBase.py[line:56] - INFO: select * from record_201808 where emp_id=111111
2018-09-04 09:31:11,204 - DataBase.py[line:56] - INFO: select * from record_201808 where emp_id=111111 and time like '2018-08-07%'
2018-09-04 09:31:11,204 - DataBase.py[line:56] - INFO: select * from record_201808 where emp_id=111111
2018-09-04 09:31:11,205 - DataBase.py[line:56] - INFO: select * from record_201808 where emp_id=111111 and time like '2018-08-8%'
2018-09-04 09:31:11,205 - DataBase.py[line:56] - INFO: select * from record_201808 where emp_id=111111
2018-09-04 09:31:11,206 - DataBase.py[line:56] - INFO: select * from record_201808 where emp_id=111111 and time like '2018-08-08%'
2018-09-04 09:31:11,207 - DataBase.py[line:56] - INFO: select * from record_201808 where emp_id=111111
2018-09-04 09:31:11,208 - DataBase.py[line:56] - INFO: select * from record_201808 where emp_id=111111 and time like '2018-08-9%'
2018-09-04 09:31:11,208 - DataBase.py[line:56] - INFO: select * from record_201808 where emp_id=111111
2018-09-04 09:31:11,209 - DataBase.py[line:56] - INFO: select * from record_201808 where emp_id=111111 and time like '2018-08-09%'
2018-09-04 09:31:11,209 - DataBase.py[line:56] - INFO: select * from record_201808 where emp_id=111111
2018-09-04 09:31:11,209 - DataBase.py[line:56] - INFO: select * from record_201808 where emp_id=111111 and time like '2018-08-10%'
2018-09-04 09:31:11,210 - DataBase.py[line:56] - INFO: select * from record_201808 where emp_id=111111
2018-09-04 09:31:11,210 - DataBase.py[line:56] - INFO: select * from record_201808 where emp_id=111111 and time like '2018-08-10%'
2018-09-04 09:31:11,211 - DataBase.py[line:56] - INFO: select * from record_201808 where emp_id=111111
2018-09-04 09:31:11,211 - DataBase.py[line:56] - INFO: select * from record_201808 where emp_id=111111 and time like '2018-08-11%'
2018-09-04 09:31:11,212 - DataBase.py[line:56] - INFO: select * from record_201808 where emp_id=111111
2018-09-04 09:31:11,212 - DataBase.py[line:56] - INFO: select * from record_201808 where emp_id=111111 and time like '2018-08-11%'
2018-09-04 09:31:11,212 - DataBase.py[line:56] - INFO: select * from record_201808 where emp_id=111111
2018-09-04 09:31:11,213 - DataBase.py[line:56] - INFO: select * from record_201808 where emp_id=111111 and time like '2018-08-12%'
2018-09-04 09:31:11,213 - DataBase.py[line:56] - INFO: select * from record_201808 where emp_id=111111
2018-09-04 09:31:11,214 - DataBase.py[line:56] - INFO: select * from record_201808 where emp_id=111111 and time like '2018-08-12%'
2018-09-04 09:31:11,214 - DataBase.py[line:56] - INFO: select * from record_201808 where emp_id=111111
2018-09-04 09:31:11,214 - DataBase.py[line:56] - INFO: select * from record_201808 where emp_id=111111 and time like '2018-08-13%'
2018-09-04 09:31:11,214 - DataBase.py[line:56] - INFO: select * from record_201808 where emp_id=111111
2018-09-04 09:31:11,214 - DataBase.py[line:56] - INFO: select * from record_201808 where emp_id=111111 and time like '2018-08-13%'
2018-09-04 09:31:11,215 - DataBase.py[line:56] - INFO: select * from record_201808 where emp_id=111111
2018-09-04 09:31:11,215 - DataBase.py[line:56] - INFO: select * from record_201808 where emp_id=111111 and time like '2018-08-14%'
2018-09-04 09:31:11,216 - DataBase.py[line:56] - INFO: select * from record_201808 where emp_id=111111
2018-09-04 09:31:11,216 - DataBase.py[line:56] - INFO: select * from record_201808 where emp_id=111111 and time like '2018-08-14%'
2018-09-04 09:31:11,217 - DataBase.py[line:56] - INFO: select * from record_201808 where emp_id=111111
2018-09-04 09:31:11,217 - DataBase.py[line:56] - INFO: select * from record_201808 where emp_id=111111 and time like '2018-08-15%'
2018-09-04 09:31:11,217 - DataBase.py[line:56] - INFO: select * from record_201808 where emp_id=111111
2018-09-04 09:31:11,218 - DataBase.py[line:56] - INFO: select * from record_201808 where emp_id=111111 and time like '2018-08-15%'
2018-09-04 09:31:11,218 - DataBase.py[line:56] - INFO: select * from record_201808 where emp_id=111111
2018-09-04 09:31:11,219 - DataBase.py[line:56] - INFO: select * from record_201808 where emp_id=111111 and time like '2018-08-16%'
2018-09-04 09:31:11,219 - DataBase.py[line:56] - INFO: select * from record_201808 where emp_id=111111
2018-09-04 09:31:11,219 - DataBase.py[line:56] - INFO: select * from record_201808 where emp_id=111111 and time like '2018-08-16%'
2018-09-04 09:31:11,220 - DataBase.py[line:56] - INFO: select * from record_201808 where emp_id=111111
2018-09-04 09:31:11,220 - DataBase.py[line:56] - INFO: select * from record_201808 where emp_id=111111 and time like '2018-08-17%'
2018-09-04 09:31:11,221 - DataBase.py[line:56] - INFO: select * from record_201808 where emp_id=111111
2018-09-04 09:31:11,221 - DataBase.py[line:56] - INFO: select * from record_201808 where emp_id=111111 and time like '2018-08-17%'
2018-09-04 09:31:11,221 - DataBase.py[line:56] - INFO: select * from record_201808 where emp_id=111111
2018-09-04 09:31:11,222 - DataBase.py[line:56] - INFO: select * from record_201808 where emp_id=111111 and time like '2018-08-18%'
2018-09-04 09:31:11,222 - DataBase.py[line:56] - INFO: select * from record_201808 where emp_id=111111
2018-09-04 09:31:11,222 - DataBase.py[line:56] - INFO: select * from record_201808 where emp_id=111111 and time like '2018-08-18%'
2018-09-04 09:31:11,223 - DataBase.py[line:56] - INFO: select * from record_201808 where emp_id=111111
2018-09-04 09:31:11,223 - DataBase.py[line:56] - INFO: select * from record_201808 where emp_id=111111 and time like '2018-08-19%'
2018-09-04 09:31:11,224 - DataBase.py[line:56] - INFO: select * from record_201808 where emp_id=111111
2018-09-04 09:31:11,224 - DataBase.py[line:56] - INFO: select * from record_201808 where emp_id=111111 and time like '2018-08-19%'
2018-09-04 09:31:11,224 - DataBase.py[line:56] - INFO: select * from record_201808 where emp_id=111111
2018-09-04 09:31:11,225 - DataBase.py[line:56] - INFO: select * from record_201808 where emp_id=111111 and time like '2018-08-20%'
2018-09-04 09:31:11,225 - DataBase.py[line:56] - INFO: select * from record_201808 where emp_id=111111
2018-09-04 09:31:11,226 - DataBase.py[line:56] - INFO: select * from record_201808 where emp_id=111111 and time like '2018-08-20%'
2018-09-04 09:31:11,226 - DataBase.py[line:56] - INFO: select * from record_201808 where emp_id=111111
2018-09-04 09:31:11,227 - DataBase.py[line:56] - INFO: select * from record_201808 where emp_id=111111 and time like '2018-08-21%'
2018-09-04 09:31:11,227 - DataBase.py[line:56] - INFO: select * from record_201808 where emp_id=111111
2018-09-04 09:31:11,228 - DataBase.py[line:56] - INFO: select * from record_201808 where emp_id=111111 and time like '2018-08-21%'
2018-09-04 09:31:11,228 - DataBase.py[line:56] - INFO: select * from record_201808 where emp_id=111111
2018-09-04 09:31:11,228 - DataBase.py[line:56] - INFO: select * from record_201808 where emp_id=111111 and time like '2018-08-22%'
2018-09-04 09:31:11,229 - DataBase.py[line:56] - INFO: select * from record_201808 where emp_id=111111
2018-09-04 09:31:11,229 - DataBase.py[line:56] - INFO: select * from record_201808 where emp_id=111111 and time like '2018-08-22%'
2018-09-04 09:31:11,229 - DataBase.py[line:56] - INFO: select * from record_201808 where emp_id=111111
2018-09-04 09:31:11,230 - DataBase.py[line:56] - INFO: select * from record_201808 where emp_id=111111 and time like '2018-08-23%'
2018-09-04 09:31:11,230 - DataBase.py[line:56] - INFO: select * from record_201808 where emp_id=111111
2018-09-04 09:31:11,231 - DataBase.py[line:56] - INFO: select * from record_201808 where emp_id=111111 and time like '2018-08-23%'
2018-09-04 09:31:11,231 - DataBase.py[line:56] - INFO: select * from record_201808 where emp_id=111111
2018-09-04 09:31:11,232 - DataBase.py[line:56] - INFO: select * from record_201808 where emp_id=111111 and time like '2018-08-24%'
2018-09-04 09:31:11,232 - DataBase.py[line:56] - INFO: select * from record_201808 where emp_id=111111
2018-09-04 09:31:11,232 - DataBase.py[line:56] - INFO: select * from record_201808 where emp_id=111111 and time like '2018-08-24%'
2018-09-04 09:31:11,233 - DataBase.py[line:56] - INFO: select * from record_201808 where emp_id=111111
2018-09-04 09:31:11,233 - DataBase.py[line:56] - INFO: select * from record_201808 where emp_id=111111 and time like '2018-08-25%'
2018-09-04 09:31:11,234 - DataBase.py[line:56] - INFO: select * from record_201808 where emp_id=111111
2018-09-04 09:31:11,234 - DataBase.py[line:56] - INFO: select * from record_201808 where emp_id=111111 and time like '2018-08-25%'
2018-09-04 09:31:11,234 - DataBase.py[line:56] - INFO: select * from record_201808 where emp_id=111111
2018-09-04 09:31:11,235 - DataBase.py[line:56] - INFO: select * from record_201808 where emp_id=111111 and time like '2018-08-26%'
2018-09-04 09:31:11,235 - DataBase.py[line:56] - INFO: select * from record_201808 where emp_id=111111
2018-09-04 09:31:11,236 - DataBase.py[line:56] - INFO: select * from record_201808 where emp_id=111111 and time like '2018-08-26%'
2018-09-04 09:31:11,236 - DataBase.py[line:56] - INFO: select * from record_201808 where emp_id=111111
2018-09-04 09:31:11,237 - DataBase.py[line:56] - INFO: select * from record_201808 where emp_id=111111 and time like '2018-08-27%'
2018-09-04 09:31:11,237 - DataBase.py[line:56] - INFO: select * from record_201808 where emp_id=111111
2018-09-04 09:31:11,237 - DataBase.py[line:56] - INFO: select * from record_201808 where emp_id=111111 and time like '2018-08-27%'
2018-09-04 09:31:11,238 - DataBase.py[line:56] - INFO: select * from record_201808 where emp_id=111111
2018-09-04 09:31:11,238 - DataBase.py[line:56] - INFO: select * from record_201808 where emp_id=111111 and time like '2018-08-28%'
2018-09-04 09:31:11,239 - DataBase.py[line:56] - INFO: select * from record_201808 where emp_id=111111
2018-09-04 09:31:11,239 - DataBase.py[line:56] - INFO: select * from record_201808 where emp_id=111111 and time like '2018-08-28%'
2018-09-04 09:31:11,239 - DataBase.py[line:56] - INFO: select * from record_201808 where emp_id=111111 and time like '2018-08-29%'
2018-09-04 09:31:11,240 - DataBase.py[line:56] - INFO: select * from record_201808 where emp_id=111111
2018-09-04 09:31:11,240 - DataBase.py[line:56] - INFO: select * from record_201808 where emp_id=111111 and time like '2018-08-29%'
2018-09-04 09:31:11,241 - DataBase.py[line:56] - INFO: select * from record_201808 where emp_id=111111 and time like '2018-08-30%'
2018-09-04 09:31:11,241 - DataBase.py[line:56] - INFO: select * from record_201808 where emp_id=111111
2018-09-04 09:31:11,241 - DataBase.py[line:56] - INFO: select * from record_201808 where emp_id=111111 and time like '2018-08-30%'
2018-09-04 09:31:11,242 - DataBase.py[line:56] - INFO: select * from record_201808 where emp_id=111111
2018-09-04 09:31:11,242 - DataBase.py[line:56] - INFO: select * from record_201808 where emp_id=111111 and time like '2018-08-31%'
2018-09-04 09:31:11,242 - DataBase.py[line:56] - INFO: select * from record_201808 where emp_id=111111
2018-09-04 09:31:11,243 - DataBase.py[line:56] - INFO: select * from record_201808 where emp_id=111111 and time like '2018-08-31%'
2018-09-04 09:31:11,243 - DataBase.py[line:56] - INFO: select * from record_201808 where emp_id=111111
