2018-09-04 08:53:23,720 - DataBase.py[line:23] - INFO: database class is creating...
2018-09-04 08:53:23,760 - DataBase.py[line:51] - INFO: database is connecting...
2018-09-04 08:53:57,825 - DataBase.py[line:56] - INFO: select * from empinfo where Emp_id=000002
2018-09-04 08:53:57,826 - DataBase.py[line:56] - INFO: select password from empinfo where Emp_id=000002
2018-09-04 08:53:57,826 - DataBase.py[line:56] - INFO: select * from empinfo where Emp_id=000002
2018-09-04 08:55:22,043 - DataBase.py[line:56] - INFO: select * from empinfo where Emp_id=000002
2018-09-04 08:55:22,044 - DataBase.py[line:56] - INFO: select password from empinfo where Emp_id=000002
2018-09-04 08:55:22,046 - DataBase.py[line:56] - INFO: select * from empinfo where Emp_id=000002
2018-09-04 08:55:22,047 - DataBase.py[line:56] - INFO: select * from record_201808 where emp_id=000001
2018-09-04 08:55:22,048 - DataBase.py[line:56] - INFO: select * from record_201808 where emp_id=000001 and time like '2018-08-1%'
2018-09-04 08:55:22,048 - DataBase.py[line:56] - INFO: select * from record_201808 where emp_id=000001
2018-09-04 08:55:22,049 - DataBase.py[line:56] - INFO: select * from record_201808 where emp_id=000001 and time like '2018-08-01%'
2018-09-04 08:55:22,049 - DataBase.py[line:56] - INFO: select * from record_201808 where emp_id=000001
2018-09-04 08:55:22,049 - DataBase.py[line:56] - INFO: select * from record_201808 where emp_id=000001 and time like '2018-08-2%'
2018-09-04 08:55:22,050 - DataBase.py[line:56] - INFO: select * from record_201808 where emp_id=000001
2018-09-04 08:55:22,050 - DataBase.py[line:56] - INFO: select * from record_201808 where emp_id=000001 and time like '2018-08-02%'
2018-09-04 08:55:22,051 - DataBase.py[line:56] - INFO: select * from record_201808 where emp_id=000001
2018-09-04 08:55:22,051 - DataBase.py[line:56] - INFO: select * from record_201808 where emp_id=000001 and time like '2018-08-3%'
2018-09-04 08:55:22,051 - DataBase.py[line:56] - INFO: select * from record_201808 where emp_id=000001
2018-09-04 08:55:22,052 - DataBase.py[line:56] - INFO: select * from record_201808 where emp_id=000001 and time like '2018-08-03%'
2018-09-04 08:55:22,052 - DataBase.py[line:56] - INFO: select * from record_201808 where emp_id=000001
2018-09-04 08:55:22,053 - DataBase.py[line:56] - INFO: select * from record_201808 where emp_id=000001 and time like '2018-08-4%'
2018-09-04 08:55:22,053 - DataBase.py[line:56] - INFO: select * from record_201808 where emp_id=000001
2018-09-04 08:55:22,054 - DataBase.py[line:56] - INFO: select * from record_201808 where emp_id=000001 and time like '2018-08-04%'
2018-09-04 08:55:22,054 - DataBase.py[line:56] - INFO: select * from record_201808 where emp_id=000001
2018-09-04 08:55:22,055 - DataBase.py[line:56] - INFO: select * from record_201808 where emp_id=000001 and time like '2018-08-5%'
2018-09-04 08:55:22,055 - DataBase.py[line:56] - INFO: select * from record_201808 where emp_id=000001
2018-09-04 08:55:22,056 - DataBase.py[line:56] - INFO: select * from record_201808 where emp_id=000001 and time like '2018-08-05%'
2018-09-04 08:55:22,056 - DataBase.py[line:56] - INFO: select * from record_201808 where emp_id=000001
2018-09-04 08:55:22,056 - DataBase.py[line:56] - INFO: select * from record_201808 where emp_id=000001 and time like '2018-08-6%'
2018-09-04 08:55:22,057 - DataBase.py[line:56] - INFO: select * from record_201808 where emp_id=000001
2018-09-04 08:55:22,057 - DataBase.py[line:56] - INFO: select * from record_201808 where emp_id=000001 and time like '2018-08-06%'
2018-09-04 08:55:22,057 - DataBase.py[line:56] - INFO: select * from record_201808 where emp_id=000001
2018-09-04 08:55:22,058 - DataBase.py[line:56] - INFO: select * from record_201808 where emp_id=000001 and time like '2018-08-7%'
2018-09-04 08:55:22,059 - DataBase.py[line:56] - INFO: select * from record_201808 where emp_id=000001
2018-09-04 08:55:22,059 - DataBase.py[line:56] - INFO: select * from record_201808 where emp_id=000001 and time like '2018-08-07%'
2018-09-04 08:55:22,059 - DataBase.py[line:56] - INFO: select * from record_201808 where emp_id=000001
2018-09-04 08:55:22,060 - DataBase.py[line:56] - INFO: select * from record_201808 where emp_id=000001 and time like '2018-08-8%'
2018-09-04 08:55:22,060 - DataBase.py[line:56] - INFO: select * from record_201808 where emp_id=000001
2018-09-04 08:55:22,061 - DataBase.py[line:56] - INFO: select * from record_201808 where emp_id=000001 and time like '2018-08-08%'
2018-09-04 08:55:22,061 - DataBase.py[line:56] - INFO: select * from record_201808 where emp_id=000001
2018-09-04 08:55:22,061 - DataBase.py[line:56] - INFO: select * from record_201808 where emp_id=000001 and time like '2018-08-9%'
2018-09-04 08:55:22,062 - DataBase.py[line:56] - INFO: select * from record_201808 where emp_id=000001
2018-09-04 08:55:22,062 - DataBase.py[line:56] - INFO: select * from record_201808 where emp_id=000001 and time like '2018-08-09%'
2018-09-04 08:55:22,063 - DataBase.py[line:56] - INFO: select * from record_201808 where emp_id=000001
2018-09-04 08:55:22,063 - DataBase.py[line:56] - INFO: select * from record_201808 where emp_id=000001 and time like '2018-08-10%'
2018-09-04 08:55:22,064 - DataBase.py[line:56] - INFO: select * from record_201808 where emp_id=000001
2018-09-04 08:55:22,064 - DataBase.py[line:56] - INFO: select * from record_201808 where emp_id=000001 and time like '2018-08-10%'
2018-09-04 08:55:22,065 - DataBase.py[line:56] - INFO: select * from record_201808 where emp_id=000001
2018-09-04 08:55:22,065 - DataBase.py[line:56] - INFO: select * from record_201808 where emp_id=000001 and time like '2018-08-11%'
2018-09-04 08:55:22,065 - DataBase.py[line:56] - INFO: select * from record_201808 where emp_id=000001
2018-09-04 08:55:22,066 - DataBase.py[line:56] - INFO: select * from record_201808 where emp_id=000001 and time like '2018-08-11%'
2018-09-04 08:55:22,066 - DataBase.py[line:56] - INFO: select * from record_201808 where emp_id=000001
2018-09-04 08:55:22,067 - DataBase.py[line:56] - INFO: select * from record_201808 where emp_id=000001 and time like '2018-08-12%'
2018-09-04 08:55:22,067 - DataBase.py[line:56] - INFO: select * from record_201808 where emp_id=000001
2018-09-04 08:55:22,067 - DataBase.py[line:56] - INFO: select * from record_201808 where emp_id=000001 and time like '2018-08-12%'
2018-09-04 08:55:22,068 - DataBase.py[line:56] - INFO: select * from record_201808 where emp_id=000001
2018-09-04 08:55:22,068 - DataBase.py[line:56] - INFO: select * from record_201808 where emp_id=000001 and time like '2018-08-13%'
2018-09-04 08:55:22,069 - DataBase.py[line:56] - INFO: select * from record_201808 where emp_id=000001
2018-09-04 08:55:22,069 - DataBase.py[line:56] - INFO: select * from record_201808 where emp_id=000001 and time like '2018-08-13%'
2018-09-04 08:55:22,070 - DataBase.py[line:56] - INFO: select * from record_201808 where emp_id=000001
2018-09-04 08:55:22,070 - DataBase.py[line:56] - INFO: select * from record_201808 where emp_id=000001 and time like '2018-08-14%'
2018-09-04 08:55:22,070 - DataBase.py[line:56] - INFO: select * from record_201808 where emp_id=000001
2018-09-04 08:55:22,071 - DataBase.py[line:56] - INFO: select * from record_201808 where emp_id=000001 and time like '2018-08-14%'
2018-09-04 08:55:22,071 - DataBase.py[line:56] - INFO: select * from record_201808 where emp_id=000001
2018-09-04 08:55:22,071 - DataBase.py[line:56] - INFO: select * from record_201808 where emp_id=000001 and time like '2018-08-15%'
2018-09-04 08:55:22,072 - DataBase.py[line:56] - INFO: select * from record_201808 where emp_id=000001
2018-09-04 08:55:22,073 - DataBase.py[line:56] - INFO: select * from record_201808 where emp_id=000001 and time like '2018-08-15%'
2018-09-04 08:55:22,073 - DataBase.py[line:56] - INFO: select * from record_201808 where emp_id=000001
2018-09-04 08:55:22,074 - DataBase.py[line:56] - INFO: select * from record_201808 where emp_id=000001 and time like '2018-08-16%'
2018-09-04 08:55:22,074 - DataBase.py[line:56] - INFO: select * from record_201808 where emp_id=000001
2018-09-04 08:55:22,075 - DataBase.py[line:56] - INFO: select * from record_201808 where emp_id=000001 and time like '2018-08-16%'
2018-09-04 08:55:22,075 - DataBase.py[line:56] - INFO: select * from record_201808 where emp_id=000001
2018-09-04 08:55:22,075 - DataBase.py[line:56] - INFO: select * from record_201808 where emp_id=000001 and time like '2018-08-17%'
2018-09-04 08:55:22,076 - DataBase.py[line:56] - INFO: select * from record_201808 where emp_id=000001
2018-09-04 08:55:22,076 - DataBase.py[line:56] - INFO: select * from record_201808 where emp_id=000001 and time like '2018-08-17%'
2018-09-04 08:55:22,076 - DataBase.py[line:56] - INFO: select * from record_201808 where emp_id=000001
2018-09-04 08:55:22,077 - DataBase.py[line:56] - INFO: select * from record_201808 where emp_id=000001 and time like '2018-08-18%'
2018-09-04 08:55:22,077 - DataBase.py[line:56] - INFO: select * from record_201808 where emp_id=000001
2018-09-04 08:55:22,078 - DataBase.py[line:56] - INFO: select * from record_201808 where emp_id=000001 and time like '2018-08-18%'
2018-09-04 08:55:22,078 - DataBase.py[line:56] - INFO: select * from record_201808 where emp_id=000001
2018-09-04 08:55:22,079 - DataBase.py[line:56] - INFO: select * from record_201808 where emp_id=000001 and time like '2018-08-19%'
2018-09-04 08:55:22,079 - DataBase.py[line:56] - INFO: select * from record_201808 where emp_id=000001
2018-09-04 08:55:22,079 - DataBase.py[line:56] - INFO: select * from record_201808 where emp_id=000001 and time like '2018-08-19%'
2018-09-04 08:55:22,080 - DataBase.py[line:56] - INFO: select * from record_201808 where emp_id=000001
2018-09-04 08:55:22,080 - DataBase.py[line:56] - INFO: select * from record_201808 where emp_id=000001 and time like '2018-08-20%'
2018-09-04 08:55:22,081 - DataBase.py[line:56] - INFO: select * from record_201808 where emp_id=000001
2018-09-04 08:55:22,081 - DataBase.py[line:56] - INFO: select * from record_201808 where emp_id=000001 and time like '2018-08-20%'
2018-09-04 08:55:22,081 - DataBase.py[line:56] - INFO: select * from record_201808 where emp_id=000001
2018-09-04 08:55:22,082 - DataBase.py[line:56] - INFO: select * from record_201808 where emp_id=000001 and time like '2018-08-21%'
2018-09-04 08:55:22,082 - DataBase.py[line:56] - INFO: select * from record_201808 where emp_id=000001
2018-09-04 08:55:22,083 - DataBase.py[line:56] - INFO: select * from record_201808 where emp_id=000001 and time like '2018-08-21%'
2018-09-04 08:55:22,084 - DataBase.py[line:56] - INFO: select * from record_201808 where emp_id=000001
2018-09-04 08:55:22,084 - DataBase.py[line:56] - INFO: select * from record_201808 where emp_id=000001 and time like '2018-08-22%'
2018-09-04 08:55:22,084 - DataBase.py[line:56] - INFO: select * from record_201808 where emp_id=000001
2018-09-04 08:55:22,085 - DataBase.py[line:56] - INFO: select * from record_201808 where emp_id=000001 and time like '2018-08-22%'
2018-09-04 08:55:22,085 - DataBase.py[line:56] - INFO: select * from record_201808 where emp_id=000001
2018-09-04 08:55:22,086 - DataBase.py[line:56] - INFO: select * from record_201808 where emp_id=000001 and time like '2018-08-23%'
2018-09-04 08:55:22,086 - DataBase.py[line:56] - INFO: select * from record_201808 where emp_id=000001
2018-09-04 08:55:22,086 - DataBase.py[line:56] - INFO: select * from record_201808 where emp_id=000001 and time like '2018-08-23%'
2018-09-04 08:55:22,087 - DataBase.py[line:56] - INFO: select * from record_201808 where emp_id=000001
2018-09-04 08:55:22,087 - DataBase.py[line:56] - INFO: select * from record_201808 where emp_id=000001 and time like '2018-08-24%'
2018-09-04 08:55:22,088 - DataBase.py[line:56] - INFO: select * from record_201808 where emp_id=000001
2018-09-04 08:55:22,088 - DataBase.py[line:56] - INFO: select * from record_201808 where emp_id=000001 and time like '2018-08-24%'
2018-09-04 08:55:22,088 - DataBase.py[line:56] - INFO: select * from record_201808 where emp_id=000001
2018-09-04 08:55:22,089 - DataBase.py[line:56] - INFO: select * from record_201808 where emp_id=000001 and time like '2018-08-25%'
2018-09-04 08:55:22,089 - DataBase.py[line:56] - INFO: select * from record_201808 where emp_id=000001
2018-09-04 08:55:22,090 - DataBase.py[line:56] - INFO: select * from record_201808 where emp_id=000001 and time like '2018-08-25%'
2018-09-04 08:55:22,090 - DataBase.py[line:56] - INFO: select * from record_201808 where emp_id=000001
2018-09-04 08:55:22,090 - DataBase.py[line:56] - INFO: select * from record_201808 where emp_id=000001 and time like '2018-08-26%'
2018-09-04 08:55:22,091 - DataBase.py[line:56] - INFO: select * from record_201808 where emp_id=000001
2018-09-04 08:55:22,091 - DataBase.py[line:56] - INFO: select * from record_201808 where emp_id=000001 and time like '2018-08-26%'
2018-09-04 08:55:22,092 - DataBase.py[line:56] - INFO: select * from record_201808 where emp_id=000001
2018-09-04 08:55:22,092 - DataBase.py[line:56] - INFO: select * from record_201808 where emp_id=000001 and time like '2018-08-27%'
2018-09-04 08:55:22,093 - DataBase.py[line:56] - INFO: select * from record_201808 where emp_id=000001
2018-09-04 08:55:22,093 - DataBase.py[line:56] - INFO: select * from record_201808 where emp_id=000001 and time like '2018-08-27%'
2018-09-04 08:55:22,094 - DataBase.py[line:56] - INFO: select * from record_201808 where emp_id=000001
2018-09-04 08:55:22,094 - DataBase.py[line:56] - INFO: select * from record_201808 where emp_id=000001 and time like '2018-08-28%'
2018-09-04 08:55:22,095 - DataBase.py[line:56] - INFO: select * from record_201808 where emp_id=000001
2018-09-04 08:55:22,095 - DataBase.py[line:56] - INFO: select * from record_201808 where emp_id=000001 and time like '2018-08-28%'
2018-09-04 08:55:22,096 - DataBase.py[line:56] - INFO: select * from record_201808 where emp_id=000001
2018-09-04 08:55:22,096 - DataBase.py[line:56] - INFO: select * from record_201808 where emp_id=000001 and time like '2018-08-29%'
2018-09-04 08:55:22,096 - DataBase.py[line:56] - INFO: select * from record_201808 where emp_id=000001
2018-09-04 08:55:22,097 - DataBase.py[line:56] - INFO: select * from record_201808 where emp_id=000001 and time like '2018-08-29%'
2018-09-04 08:55:22,097 - DataBase.py[line:56] - INFO: select * from record_201808 where emp_id=000001
2018-09-04 08:55:22,097 - DataBase.py[line:56] - INFO: select * from record_201808 where emp_id=000001 and time like '2018-08-30%'
2018-09-04 08:55:22,098 - DataBase.py[line:56] - INFO: select * from record_201808 where emp_id=000001
2018-09-04 08:55:22,098 - DataBase.py[line:56] - INFO: select * from record_201808 where emp_id=000001 and time like '2018-08-30%'
2018-09-04 08:55:22,099 - DataBase.py[line:56] - INFO: select * from record_201808 where emp_id=000001
2018-09-04 08:55:22,099 - DataBase.py[line:56] - INFO: select * from record_201808 where emp_id=000001 and time like '2018-08-31%'
2018-09-04 08:55:22,100 - DataBase.py[line:56] - INFO: select * from record_201808 where emp_id=000001
2018-09-04 08:55:22,100 - DataBase.py[line:56] - INFO: select * from record_201808 where emp_id=000001 and time like '2018-08-31%'
2018-09-04 08:55:22,100 - DataBase.py[line:56] - INFO: select * from record_201808 where emp_id=000001
