2018-09-07 11:07:47,742 - DataBase.py[line:23] - INFO: database class is creating...
2018-09-07 11:07:47,924 - DataBase.py[line:51] - INFO: database is connecting...
2018-09-07 11:07:59,877 - DataBase.py[line:56] - INFO: select * from empinfo where Emp_id=000001
2018-09-07 11:07:59,933 - DataBase.py[line:56] - INFO: select password from empinfo where Emp_id=000001
2018-09-07 11:08:16,570 - DataBase.py[line:56] - INFO: select * from empinfo
2018-09-07 11:08:16,623 - DataBase.py[line:56] - INFO: select * from record_201808 where emp_id= and time like '2018-08-01%'
2018-09-07 11:08:16,661 - DataBase.py[line:62] - ERROR: query database exception, (1064, "You have an error in your SQL syntax; check the manual that corresponds to your MySQL server version for the right syntax to use near 'and time like '2018-08-01%'' at line 1")
2018-09-07 11:10:07,979 - DataBase.py[line:56] - INFO: select * from empinfo where Emp_id=000001
2018-09-07 11:10:08,031 - DataBase.py[line:56] - INFO: select password from empinfo where Emp_id=000001
2018-09-07 11:14:56,682 - DataBase.py[line:56] - INFO: select * from empinfo where Emp_id=000001
2018-09-07 11:14:56,734 - DataBase.py[line:56] - INFO: select password from empinfo where Emp_id=000001
2018-09-07 11:15:02,164 - DataBase.py[line:56] - INFO: select * from empinfo
2018-09-07 11:15:02,214 - DataBase.py[line:56] - INFO: select * from record_201808 where emp_id= and time like '2018-08-01%'
2018-09-07 11:15:02,249 - DataBase.py[line:62] - ERROR: query database exception, (1064, "You have an error in your SQL syntax; check the manual that corresponds to your MySQL server version for the right syntax to use near 'and time like '2018-08-01%'' at line 1")
2018-09-07 11:15:42,329 - DataBase.py[line:56] - INFO: select * from empinfo where Emp_id=000001
2018-09-07 11:15:42,365 - DataBase.py[line:56] - INFO: select password from empinfo where Emp_id=000001
2018-09-07 11:15:51,596 - DataBase.py[line:56] - INFO: select * from empinfo
2018-09-07 11:15:51,652 - DataBase.py[line:56] - INFO: select * from record_201808 where emp_id= and time like '2018-08-01%'
2018-09-07 11:15:51,688 - DataBase.py[line:62] - ERROR: query database exception, (1064, "You have an error in your SQL syntax; check the manual that corresponds to your MySQL server version for the right syntax to use near 'and time like '2018-08-01%'' at line 1")
2018-09-07 11:16:22,294 - DataBase.py[line:56] - INFO: select * from empinfo where Emp_id=000001
2018-09-07 11:16:22,330 - DataBase.py[line:56] - INFO: select password from empinfo where Emp_id=000001
2018-09-07 11:16:27,830 - DataBase.py[line:56] - INFO: select * from empinfo
2018-09-07 11:16:27,866 - DataBase.py[line:56] - INFO: select * from record_201808 where emp_id= and time like '2018-08-01%'
2018-09-07 11:16:27,901 - DataBase.py[line:62] - ERROR: query database exception, (1064, "You have an error in your SQL syntax; check the manual that corresponds to your MySQL server version for the right syntax to use near 'and time like '2018-08-01%'' at line 1")
