2018-09-04 09:42:21,995 - DataBase.py[line:23] - INFO: database class is creating...
2018-09-04 09:42:22,015 - DataBase.py[line:51] - INFO: database is connecting...
2018-09-04 09:42:24,183 - DataBase.py[line:56] - INFO: select * from empinfo where Emp_id=000002
2018-09-04 09:42:24,184 - DataBase.py[line:56] - INFO: select password from empinfo where Emp_id=000002
2018-09-04 09:42:24,185 - DataBase.py[line:56] - INFO: select * from empinfo where Emp_id=000002
2018-09-04 09:42:24,185 - DataBase.py[line:56] - INFO: select * from record_201808 where emp_id=111111
2018-09-04 09:42:24,186 - DataBase.py[line:56] - INFO: select * from record_201808 where emp_id=111111 and time like '2018-08-1%'
2018-09-04 09:42:24,188 - DataBase.py[line:56] - INFO: select * from record_201808 where emp_id=111111
2018-09-04 09:42:24,188 - DataBase.py[line:56] - INFO: select * from record_201808 where emp_id=111111 and time like '2018-08-01%'
2018-09-04 09:42:24,189 - DataBase.py[line:56] - INFO: select * from record_201808 where emp_id=111111
2018-09-04 09:42:24,189 - DataBase.py[line:56] - INFO: select * from record_201808 where emp_id=111111 and time like '2018-08-2%'
2018-09-04 09:42:24,190 - DataBase.py[line:56] - INFO: select * from record_201808 where emp_id=111111 and time like '2018-08-02%'
2018-09-04 09:42:24,190 - DataBase.py[line:56] - INFO: select * from record_201808 where emp_id=111111
2018-09-04 09:42:24,191 - DataBase.py[line:56] - INFO: select * from record_201808 where emp_id=111111 and time like '2018-08-3%'
2018-09-04 09:42:24,191 - DataBase.py[line:56] - INFO: select * from record_201808 where emp_id=111111
2018-09-04 09:42:24,192 - DataBase.py[line:56] - INFO: select * from record_201808 where emp_id=111111 and time like '2018-08-03%'
2018-09-04 09:42:24,192 - DataBase.py[line:56] - INFO: select * from record_201808 where emp_id=111111
2018-09-04 09:42:24,193 - DataBase.py[line:56] - INFO: select * from record_201808 where emp_id=111111 and time like '2018-08-4%'
2018-09-04 09:42:24,193 - DataBase.py[line:56] - INFO: select * from record_201808 where emp_id=111111
2018-09-04 09:42:24,194 - DataBase.py[line:56] - INFO: select * from record_201808 where emp_id=111111 and time like '2018-08-04%'
2018-09-04 09:42:24,194 - DataBase.py[line:56] - INFO: select * from record_201808 where emp_id=111111
2018-09-04 09:42:24,195 - DataBase.py[line:56] - INFO: select * from record_201808 where emp_id=111111 and time like '2018-08-5%'
2018-09-04 09:42:24,195 - DataBase.py[line:56] - INFO: select * from record_201808 where emp_id=111111
2018-09-04 09:42:24,196 - DataBase.py[line:56] - INFO: select * from record_201808 where emp_id=111111 and time like '2018-08-05%'
2018-09-04 09:42:24,196 - DataBase.py[line:56] - INFO: select * from record_201808 where emp_id=111111
2018-09-04 09:42:24,196 - DataBase.py[line:56] - INFO: select * from record_201808 where emp_id=111111 and time like '2018-08-6%'
2018-09-04 09:42:24,197 - DataBase.py[line:56] - INFO: select * from record_201808 where emp_id=111111
2018-09-04 09:42:24,197 - DataBase.py[line:56] - INFO: select * from record_201808 where emp_id=111111 and time like '2018-08-06%'
2018-09-04 09:42:24,198 - DataBase.py[line:56] - INFO: select * from record_201808 where emp_id=111111
2018-09-04 09:42:24,198 - DataBase.py[line:56] - INFO: select * from record_201808 where emp_id=111111 and time like '2018-08-7%'
2018-09-04 09:42:24,198 - DataBase.py[line:56] - INFO: select * from record_201808 where emp_id=111111
2018-09-04 09:42:24,199 - DataBase.py[line:56] - INFO: select * from record_201808 where emp_id=111111 and time like '2018-08-07%'
2018-09-04 09:42:24,199 - DataBase.py[line:56] - INFO: select * from record_201808 where emp_id=111111
2018-09-04 09:42:24,200 - DataBase.py[line:56] - INFO: select * from record_201808 where emp_id=111111 and time like '2018-08-8%'
2018-09-04 09:42:24,200 - DataBase.py[line:56] - INFO: select * from record_201808 where emp_id=111111
2018-09-04 09:42:24,201 - DataBase.py[line:56] - INFO: select * from record_201808 where emp_id=111111 and time like '2018-08-08%'
2018-09-04 09:42:24,202 - DataBase.py[line:56] - INFO: select * from record_201808 where emp_id=111111
2018-09-04 09:42:24,202 - DataBase.py[line:56] - INFO: select * from record_201808 where emp_id=111111 and time like '2018-08-9%'
2018-09-04 09:42:24,202 - DataBase.py[line:56] - INFO: select * from record_201808 where emp_id=111111
2018-09-04 09:42:24,203 - DataBase.py[line:56] - INFO: select * from record_201808 where emp_id=111111 and time like '2018-08-09%'
2018-09-04 09:42:24,203 - DataBase.py[line:56] - INFO: select * from record_201808 where emp_id=111111
2018-09-04 09:42:24,204 - DataBase.py[line:56] - INFO: select * from record_201808 where emp_id=111111 and time like '2018-08-10%'
2018-09-04 09:42:24,204 - DataBase.py[line:56] - INFO: select * from record_201808 where emp_id=111111
2018-09-04 09:42:24,205 - DataBase.py[line:56] - INFO: select * from record_201808 where emp_id=111111 and time like '2018-08-10%'
2018-09-04 09:42:24,205 - DataBase.py[line:56] - INFO: select * from record_201808 where emp_id=111111
2018-09-04 09:42:24,205 - DataBase.py[line:56] - INFO: select * from record_201808 where emp_id=111111 and time like '2018-08-11%'
2018-09-04 09:42:24,206 - DataBase.py[line:56] - INFO: select * from record_201808 where emp_id=111111
2018-09-04 09:42:24,206 - DataBase.py[line:56] - INFO: select * from record_201808 where emp_id=111111 and time like '2018-08-11%'
2018-09-04 09:42:24,207 - DataBase.py[line:56] - INFO: select * from record_201808 where emp_id=111111
2018-09-04 09:42:24,207 - DataBase.py[line:56] - INFO: select * from record_201808 where emp_id=111111 and time like '2018-08-12%'
2018-09-04 09:42:24,208 - DataBase.py[line:56] - INFO: select * from record_201808 where emp_id=111111
2018-09-04 09:42:24,208 - DataBase.py[line:56] - INFO: select * from record_201808 where emp_id=111111 and time like '2018-08-12%'
2018-09-04 09:42:24,209 - DataBase.py[line:56] - INFO: select * from record_201808 where emp_id=111111
2018-09-04 09:42:24,209 - DataBase.py[line:56] - INFO: select * from record_201808 where emp_id=111111 and time like '2018-08-13%'
2018-09-04 09:42:24,210 - DataBase.py[line:56] - INFO: select * from record_201808 where emp_id=111111
2018-09-04 09:42:24,210 - DataBase.py[line:56] - INFO: select * from record_201808 where emp_id=111111 and time like '2018-08-13%'
2018-09-04 09:42:24,211 - DataBase.py[line:56] - INFO: select * from record_201808 where emp_id=111111
2018-09-04 09:42:24,211 - DataBase.py[line:56] - INFO: select * from record_201808 where emp_id=111111 and time like '2018-08-14%'
2018-09-04 09:42:24,212 - DataBase.py[line:56] - INFO: select * from record_201808 where emp_id=111111
2018-09-04 09:42:24,213 - DataBase.py[line:56] - INFO: select * from record_201808 where emp_id=111111 and time like '2018-08-14%'
2018-09-04 09:42:24,213 - DataBase.py[line:56] - INFO: select * from record_201808 where emp_id=111111
2018-09-04 09:42:24,214 - DataBase.py[line:56] - INFO: select * from record_201808 where emp_id=111111 and time like '2018-08-15%'
2018-09-04 09:42:24,214 - DataBase.py[line:56] - INFO: select * from record_201808 where emp_id=111111
2018-09-04 09:42:24,215 - DataBase.py[line:56] - INFO: select * from record_201808 where emp_id=111111 and time like '2018-08-15%'
2018-09-04 09:42:24,216 - DataBase.py[line:56] - INFO: select * from record_201808 where emp_id=111111
2018-09-04 09:42:24,216 - DataBase.py[line:56] - INFO: select * from record_201808 where emp_id=111111 and time like '2018-08-16%'
2018-09-04 09:42:24,217 - DataBase.py[line:56] - INFO: select * from record_201808 where emp_id=111111
2018-09-04 09:42:24,217 - DataBase.py[line:56] - INFO: select * from record_201808 where emp_id=111111 and time like '2018-08-16%'
2018-09-04 09:42:24,218 - DataBase.py[line:56] - INFO: select * from record_201808 where emp_id=111111
2018-09-04 09:42:24,218 - DataBase.py[line:56] - INFO: select * from record_201808 where emp_id=111111 and time like '2018-08-17%'
2018-09-04 09:42:24,219 - DataBase.py[line:56] - INFO: select * from record_201808 where emp_id=111111
2018-09-04 09:42:24,219 - DataBase.py[line:56] - INFO: select * from record_201808 where emp_id=111111 and time like '2018-08-17%'
2018-09-04 09:42:24,220 - DataBase.py[line:56] - INFO: select * from record_201808 where emp_id=111111
2018-09-04 09:42:24,220 - DataBase.py[line:56] - INFO: select * from record_201808 where emp_id=111111 and time like '2018-08-18%'
2018-09-04 09:42:24,221 - DataBase.py[line:56] - INFO: select * from record_201808 where emp_id=111111
2018-09-04 09:42:24,221 - DataBase.py[line:56] - INFO: select * from record_201808 where emp_id=111111 and time like '2018-08-18%'
2018-09-04 09:42:24,222 - DataBase.py[line:56] - INFO: select * from record_201808 where emp_id=111111
2018-09-04 09:42:24,222 - DataBase.py[line:56] - INFO: select * from record_201808 where emp_id=111111 and time like '2018-08-19%'
2018-09-04 09:42:24,223 - DataBase.py[line:56] - INFO: select * from record_201808 where emp_id=111111
2018-09-04 09:42:24,223 - DataBase.py[line:56] - INFO: select * from record_201808 where emp_id=111111 and time like '2018-08-19%'
2018-09-04 09:42:24,224 - DataBase.py[line:56] - INFO: select * from record_201808 where emp_id=111111
2018-09-04 09:42:24,224 - DataBase.py[line:56] - INFO: select * from record_201808 where emp_id=111111 and time like '2018-08-20%'
2018-09-04 09:42:24,225 - DataBase.py[line:56] - INFO: select * from record_201808 where emp_id=111111
2018-09-04 09:42:24,225 - DataBase.py[line:56] - INFO: select * from record_201808 where emp_id=111111 and time like '2018-08-20%'
2018-09-04 09:42:24,226 - DataBase.py[line:56] - INFO: select * from record_201808 where emp_id=111111
2018-09-04 09:42:24,226 - DataBase.py[line:56] - INFO: select * from record_201808 where emp_id=111111 and time like '2018-08-21%'
2018-09-04 09:42:24,227 - DataBase.py[line:56] - INFO: select * from record_201808 where emp_id=111111
2018-09-04 09:42:24,227 - DataBase.py[line:56] - INFO: select * from record_201808 where emp_id=111111 and time like '2018-08-21%'
2018-09-04 09:42:24,227 - DataBase.py[line:56] - INFO: select * from record_201808 where emp_id=111111
2018-09-04 09:42:24,228 - DataBase.py[line:56] - INFO: select * from record_201808 where emp_id=111111 and time like '2018-08-22%'
2018-09-04 09:42:24,228 - DataBase.py[line:56] - INFO: select * from record_201808 where emp_id=111111
2018-09-04 09:42:24,229 - DataBase.py[line:56] - INFO: select * from record_201808 where emp_id=111111 and time like '2018-08-22%'
2018-09-04 09:42:24,229 - DataBase.py[line:56] - INFO: select * from record_201808 where emp_id=111111
2018-09-04 09:42:24,230 - DataBase.py[line:56] - INFO: select * from record_201808 where emp_id=111111 and time like '2018-08-23%'
2018-09-04 09:42:24,230 - DataBase.py[line:56] - INFO: select * from record_201808 where emp_id=111111
2018-09-04 09:42:24,231 - DataBase.py[line:56] - INFO: select * from record_201808 where emp_id=111111 and time like '2018-08-23%'
2018-09-04 09:42:24,231 - DataBase.py[line:56] - INFO: select * from record_201808 where emp_id=111111
2018-09-04 09:42:24,232 - DataBase.py[line:56] - INFO: select * from record_201808 where emp_id=111111 and time like '2018-08-24%'
2018-09-04 09:42:24,232 - DataBase.py[line:56] - INFO: select * from record_201808 where emp_id=111111
2018-09-04 09:42:24,232 - DataBase.py[line:56] - INFO: select * from record_201808 where emp_id=111111 and time like '2018-08-24%'
2018-09-04 09:42:24,232 - DataBase.py[line:56] - INFO: select * from record_201808 where emp_id=111111
2018-09-04 09:42:24,233 - DataBase.py[line:56] - INFO: select * from record_201808 where emp_id=111111 and time like '2018-08-25%'
2018-09-04 09:42:24,233 - DataBase.py[line:56] - INFO: select * from record_201808 where emp_id=111111
2018-09-04 09:42:24,233 - DataBase.py[line:56] - INFO: select * from record_201808 where emp_id=111111 and time like '2018-08-25%'
2018-09-04 09:42:24,234 - DataBase.py[line:56] - INFO: select * from record_201808 where emp_id=111111
2018-09-04 09:42:24,234 - DataBase.py[line:56] - INFO: select * from record_201808 where emp_id=111111 and time like '2018-08-26%'
2018-09-04 09:42:24,235 - DataBase.py[line:56] - INFO: select * from record_201808 where emp_id=111111
2018-09-04 09:42:24,235 - DataBase.py[line:56] - INFO: select * from record_201808 where emp_id=111111 and time like '2018-08-26%'
2018-09-04 09:42:24,235 - DataBase.py[line:56] - INFO: select * from record_201808 where emp_id=111111
2018-09-04 09:42:24,237 - DataBase.py[line:56] - INFO: select * from record_201808 where emp_id=111111 and time like '2018-08-27%'
2018-09-04 09:42:24,237 - DataBase.py[line:56] - INFO: select * from record_201808 where emp_id=111111
2018-09-04 09:42:24,237 - DataBase.py[line:56] - INFO: select * from record_201808 where emp_id=111111 and time like '2018-08-27%'
2018-09-04 09:42:24,237 - DataBase.py[line:56] - INFO: select * from record_201808 where emp_id=111111
2018-09-04 09:42:24,238 - DataBase.py[line:56] - INFO: select * from record_201808 where emp_id=111111 and time like '2018-08-28%'
2018-09-04 09:42:24,238 - DataBase.py[line:56] - INFO: select * from record_201808 where emp_id=111111 and time like '2018-08-28%'
2018-09-04 09:42:24,238 - DataBase.py[line:56] - INFO: select * from record_201808 where emp_id=111111 and time like '2018-08-29%'
2018-09-04 09:42:24,239 - DataBase.py[line:56] - INFO: select * from record_201808 where emp_id=111111
2018-09-04 09:42:24,240 - DataBase.py[line:56] - INFO: select * from record_201808 where emp_id=111111 and time like '2018-08-29%'
2018-09-04 09:42:24,240 - DataBase.py[line:56] - INFO: select * from record_201808 where emp_id=111111 and time like '2018-08-30%'
2018-09-04 09:42:24,241 - DataBase.py[line:56] - INFO: select * from record_201808 where emp_id=111111
2018-09-04 09:42:24,242 - DataBase.py[line:56] - INFO: select * from record_201808 where emp_id=111111 and time like '2018-08-30%'
2018-09-04 09:42:24,242 - DataBase.py[line:56] - INFO: select * from record_201808 where emp_id=111111
2018-09-04 09:42:24,242 - DataBase.py[line:56] - INFO: select * from record_201808 where emp_id=111111 and time like '2018-08-31%'
2018-09-04 09:42:24,243 - DataBase.py[line:56] - INFO: select * from record_201808 where emp_id=111111
2018-09-04 09:42:24,243 - DataBase.py[line:56] - INFO: select * from record_201808 where emp_id=111111 and time like '2018-08-31%'
2018-09-04 09:42:24,244 - DataBase.py[line:56] - INFO: select * from record_201808 where emp_id=111111
2018-09-04 09:43:25,545 - DataBase.py[line:56] - INFO: select * from empinfo where Emp_id=000002
2018-09-04 09:43:25,546 - DataBase.py[line:56] - INFO: select password from empinfo where Emp_id=000002
2018-09-04 09:43:25,547 - DataBase.py[line:56] - INFO: select * from empinfo where Emp_id=000002
2018-09-04 09:43:25,548 - DataBase.py[line:56] - INFO: select * from record_201808 where emp_id=111111
2018-09-04 09:43:25,549 - DataBase.py[line:56] - INFO: select * from record_201808 where emp_id=111111 and time like '2018-08-1%'
2018-09-04 09:43:25,550 - DataBase.py[line:56] - INFO: select * from record_201808 where emp_id=111111
2018-09-04 09:43:25,550 - DataBase.py[line:56] - INFO: select * from record_201808 where emp_id=111111 and time like '2018-08-01%'
2018-09-04 09:43:25,551 - DataBase.py[line:56] - INFO: select * from record_201808 where emp_id=111111
2018-09-04 09:43:25,551 - DataBase.py[line:56] - INFO: select * from record_201808 where emp_id=111111 and time like '2018-08-2%'
2018-09-04 09:43:25,552 - DataBase.py[line:56] - INFO: select * from record_201808 where emp_id=111111 and time like '2018-08-02%'
2018-09-04 09:43:25,552 - DataBase.py[line:56] - INFO: select * from record_201808 where emp_id=111111
2018-09-04 09:43:25,553 - DataBase.py[line:56] - INFO: select * from record_201808 where emp_id=111111 and time like '2018-08-3%'
2018-09-04 09:43:25,553 - DataBase.py[line:56] - INFO: select * from record_201808 where emp_id=111111
2018-09-04 09:43:25,553 - DataBase.py[line:56] - INFO: select * from record_201808 where emp_id=111111 and time like '2018-08-03%'
2018-09-04 09:43:25,554 - DataBase.py[line:56] - INFO: select * from record_201808 where emp_id=111111
2018-09-04 09:43:25,554 - DataBase.py[line:56] - INFO: select * from record_201808 where emp_id=111111 and time like '2018-08-4%'
2018-09-04 09:43:25,555 - DataBase.py[line:56] - INFO: select * from record_201808 where emp_id=111111
2018-09-04 09:43:25,555 - DataBase.py[line:56] - INFO: select * from record_201808 where emp_id=111111 and time like '2018-08-04%'
2018-09-04 09:43:25,556 - DataBase.py[line:56] - INFO: select * from record_201808 where emp_id=111111
2018-09-04 09:43:25,556 - DataBase.py[line:56] - INFO: select * from record_201808 where emp_id=111111 and time like '2018-08-5%'
2018-09-04 09:43:25,557 - DataBase.py[line:56] - INFO: select * from record_201808 where emp_id=111111
2018-09-04 09:43:25,557 - DataBase.py[line:56] - INFO: select * from record_201808 where emp_id=111111 and time like '2018-08-05%'
2018-09-04 09:43:25,558 - DataBase.py[line:56] - INFO: select * from record_201808 where emp_id=111111
2018-09-04 09:43:25,559 - DataBase.py[line:56] - INFO: select * from record_201808 where emp_id=111111 and time like '2018-08-6%'
2018-09-04 09:43:25,559 - DataBase.py[line:56] - INFO: select * from record_201808 where emp_id=111111
2018-09-04 09:43:25,560 - DataBase.py[line:56] - INFO: select * from record_201808 where emp_id=111111 and time like '2018-08-06%'
2018-09-04 09:43:25,560 - DataBase.py[line:56] - INFO: select * from record_201808 where emp_id=111111
2018-09-04 09:43:25,561 - DataBase.py[line:56] - INFO: select * from record_201808 where emp_id=111111 and time like '2018-08-7%'
2018-09-04 09:43:25,561 - DataBase.py[line:56] - INFO: select * from record_201808 where emp_id=111111
2018-09-04 09:43:25,562 - DataBase.py[line:56] - INFO: select * from record_201808 where emp_id=111111 and time like '2018-08-07%'
2018-09-04 09:43:25,562 - DataBase.py[line:56] - INFO: select * from record_201808 where emp_id=111111
2018-09-04 09:43:25,562 - DataBase.py[line:56] - INFO: select * from record_201808 where emp_id=111111 and time like '2018-08-8%'
2018-09-04 09:43:25,563 - DataBase.py[line:56] - INFO: select * from record_201808 where emp_id=111111
2018-09-04 09:43:25,563 - DataBase.py[line:56] - INFO: select * from record_201808 where emp_id=111111 and time like '2018-08-08%'
2018-09-04 09:43:25,564 - DataBase.py[line:56] - INFO: select * from record_201808 where emp_id=111111
2018-09-04 09:43:25,564 - DataBase.py[line:56] - INFO: select * from record_201808 where emp_id=111111 and time like '2018-08-9%'
2018-09-04 09:43:25,565 - DataBase.py[line:56] - INFO: select * from record_201808 where emp_id=111111
2018-09-04 09:43:25,565 - DataBase.py[line:56] - INFO: select * from record_201808 where emp_id=111111 and time like '2018-08-09%'
2018-09-04 09:43:25,565 - DataBase.py[line:56] - INFO: select * from record_201808 where emp_id=111111
2018-09-04 09:43:25,566 - DataBase.py[line:56] - INFO: select * from record_201808 where emp_id=111111 and time like '2018-08-10%'
2018-09-04 09:43:25,566 - DataBase.py[line:56] - INFO: select * from record_201808 where emp_id=111111
2018-09-04 09:43:25,567 - DataBase.py[line:56] - INFO: select * from record_201808 where emp_id=111111 and time like '2018-08-10%'
2018-09-04 09:43:25,567 - DataBase.py[line:56] - INFO: select * from record_201808 where emp_id=111111
2018-09-04 09:43:25,568 - DataBase.py[line:56] - INFO: select * from record_201808 where emp_id=111111 and time like '2018-08-11%'
2018-09-04 09:43:25,568 - DataBase.py[line:56] - INFO: select * from record_201808 where emp_id=111111
2018-09-04 09:43:25,569 - DataBase.py[line:56] - INFO: select * from record_201808 where emp_id=111111 and time like '2018-08-11%'
2018-09-04 09:43:25,569 - DataBase.py[line:56] - INFO: select * from record_201808 where emp_id=111111
2018-09-04 09:43:25,570 - DataBase.py[line:56] - INFO: select * from record_201808 where emp_id=111111 and time like '2018-08-12%'
2018-09-04 09:43:25,570 - DataBase.py[line:56] - INFO: select * from record_201808 where emp_id=111111
2018-09-04 09:43:25,571 - DataBase.py[line:56] - INFO: select * from record_201808 where emp_id=111111 and time like '2018-08-12%'
2018-09-04 09:43:25,571 - DataBase.py[line:56] - INFO: select * from record_201808 where emp_id=111111
2018-09-04 09:43:25,572 - DataBase.py[line:56] - INFO: select * from record_201808 where emp_id=111111 and time like '2018-08-13%'
2018-09-04 09:43:25,572 - DataBase.py[line:56] - INFO: select * from record_201808 where emp_id=111111
2018-09-04 09:43:25,573 - DataBase.py[line:56] - INFO: select * from record_201808 where emp_id=111111 and time like '2018-08-13%'
2018-09-04 09:43:25,573 - DataBase.py[line:56] - INFO: select * from record_201808 where emp_id=111111
2018-09-04 09:43:25,573 - DataBase.py[line:56] - INFO: select * from record_201808 where emp_id=111111 and time like '2018-08-14%'
2018-09-04 09:43:25,574 - DataBase.py[line:56] - INFO: select * from record_201808 where emp_id=111111
2018-09-04 09:43:25,574 - DataBase.py[line:56] - INFO: select * from record_201808 where emp_id=111111 and time like '2018-08-14%'
2018-09-04 09:43:25,575 - DataBase.py[line:56] - INFO: select * from record_201808 where emp_id=111111
2018-09-04 09:43:25,575 - DataBase.py[line:56] - INFO: select * from record_201808 where emp_id=111111 and time like '2018-08-15%'
2018-09-04 09:43:25,576 - DataBase.py[line:56] - INFO: select * from record_201808 where emp_id=111111
2018-09-04 09:43:25,576 - DataBase.py[line:56] - INFO: select * from record_201808 where emp_id=111111 and time like '2018-08-15%'
2018-09-04 09:43:25,576 - DataBase.py[line:56] - INFO: select * from record_201808 where emp_id=111111
2018-09-04 09:43:25,577 - DataBase.py[line:56] - INFO: select * from record_201808 where emp_id=111111 and time like '2018-08-16%'
2018-09-04 09:43:25,577 - DataBase.py[line:56] - INFO: select * from record_201808 where emp_id=111111
2018-09-04 09:43:25,578 - DataBase.py[line:56] - INFO: select * from record_201808 where emp_id=111111 and time like '2018-08-16%'
2018-09-04 09:43:25,578 - DataBase.py[line:56] - INFO: select * from record_201808 where emp_id=111111
2018-09-04 09:43:25,579 - DataBase.py[line:56] - INFO: select * from record_201808 where emp_id=111111 and time like '2018-08-17%'
2018-09-04 09:43:25,580 - DataBase.py[line:56] - INFO: select * from record_201808 where emp_id=111111
2018-09-04 09:43:25,580 - DataBase.py[line:56] - INFO: select * from record_201808 where emp_id=111111 and time like '2018-08-17%'
2018-09-04 09:43:25,580 - DataBase.py[line:56] - INFO: select * from record_201808 where emp_id=111111
2018-09-04 09:43:25,581 - DataBase.py[line:56] - INFO: select * from record_201808 where emp_id=111111 and time like '2018-08-18%'
2018-09-04 09:43:25,581 - DataBase.py[line:56] - INFO: select * from record_201808 where emp_id=111111
2018-09-04 09:43:25,581 - DataBase.py[line:56] - INFO: select * from record_201808 where emp_id=111111 and time like '2018-08-18%'
2018-09-04 09:43:25,582 - DataBase.py[line:56] - INFO: select * from record_201808 where emp_id=111111
2018-09-04 09:43:25,582 - DataBase.py[line:56] - INFO: select * from record_201808 where emp_id=111111 and time like '2018-08-19%'
2018-09-04 09:43:25,583 - DataBase.py[line:56] - INFO: select * from record_201808 where emp_id=111111
2018-09-04 09:43:25,583 - DataBase.py[line:56] - INFO: select * from record_201808 where emp_id=111111 and time like '2018-08-19%'
2018-09-04 09:43:25,584 - DataBase.py[line:56] - INFO: select * from record_201808 where emp_id=111111
2018-09-04 09:43:25,584 - DataBase.py[line:56] - INFO: select * from record_201808 where emp_id=111111 and time like '2018-08-20%'
2018-09-04 09:43:25,584 - DataBase.py[line:56] - INFO: select * from record_201808 where emp_id=111111
2018-09-04 09:43:25,585 - DataBase.py[line:56] - INFO: select * from record_201808 where emp_id=111111 and time like '2018-08-20%'
2018-09-04 09:43:25,585 - DataBase.py[line:56] - INFO: select * from record_201808 where emp_id=111111
2018-09-04 09:43:25,586 - DataBase.py[line:56] - INFO: select * from record_201808 where emp_id=111111 and time like '2018-08-21%'
2018-09-04 09:43:25,586 - DataBase.py[line:56] - INFO: select * from record_201808 where emp_id=111111
2018-09-04 09:43:25,587 - DataBase.py[line:56] - INFO: select * from record_201808 where emp_id=111111 and time like '2018-08-21%'
2018-09-04 09:43:25,587 - DataBase.py[line:56] - INFO: select * from record_201808 where emp_id=111111
2018-09-04 09:43:25,588 - DataBase.py[line:56] - INFO: select * from record_201808 where emp_id=111111 and time like '2018-08-22%'
2018-09-04 09:43:25,588 - DataBase.py[line:56] - INFO: select * from record_201808 where emp_id=111111
2018-09-04 09:43:25,588 - DataBase.py[line:56] - INFO: select * from record_201808 where emp_id=111111 and time like '2018-08-22%'
2018-09-04 09:43:25,589 - DataBase.py[line:56] - INFO: select * from record_201808 where emp_id=111111
2018-09-04 09:43:25,590 - DataBase.py[line:56] - INFO: select * from record_201808 where emp_id=111111 and time like '2018-08-23%'
2018-09-04 09:43:25,590 - DataBase.py[line:56] - INFO: select * from record_201808 where emp_id=111111
2018-09-04 09:43:25,591 - DataBase.py[line:56] - INFO: select * from record_201808 where emp_id=111111 and time like '2018-08-23%'
2018-09-04 09:43:25,591 - DataBase.py[line:56] - INFO: select * from record_201808 where emp_id=111111
2018-09-04 09:43:25,592 - DataBase.py[line:56] - INFO: select * from record_201808 where emp_id=111111 and time like '2018-08-24%'
2018-09-04 09:43:25,592 - DataBase.py[line:56] - INFO: select * from record_201808 where emp_id=111111
2018-09-04 09:43:25,592 - DataBase.py[line:56] - INFO: select * from record_201808 where emp_id=111111 and time like '2018-08-24%'
2018-09-04 09:43:25,593 - DataBase.py[line:56] - INFO: select * from record_201808 where emp_id=111111
2018-09-04 09:43:25,593 - DataBase.py[line:56] - INFO: select * from record_201808 where emp_id=111111 and time like '2018-08-25%'
2018-09-04 09:43:25,594 - DataBase.py[line:56] - INFO: select * from record_201808 where emp_id=111111
2018-09-04 09:43:25,594 - DataBase.py[line:56] - INFO: select * from record_201808 where emp_id=111111 and time like '2018-08-25%'
2018-09-04 09:43:25,595 - DataBase.py[line:56] - INFO: select * from record_201808 where emp_id=111111
2018-09-04 09:43:25,595 - DataBase.py[line:56] - INFO: select * from record_201808 where emp_id=111111 and time like '2018-08-26%'
2018-09-04 09:43:25,596 - DataBase.py[line:56] - INFO: select * from record_201808 where emp_id=111111
2018-09-04 09:43:25,596 - DataBase.py[line:56] - INFO: select * from record_201808 where emp_id=111111 and time like '2018-08-26%'
2018-09-04 09:43:25,597 - DataBase.py[line:56] - INFO: select * from record_201808 where emp_id=111111
2018-09-04 09:43:25,597 - DataBase.py[line:56] - INFO: select * from record_201808 where emp_id=111111 and time like '2018-08-27%'
2018-09-04 09:43:25,597 - DataBase.py[line:56] - INFO: select * from record_201808 where emp_id=111111
2018-09-04 09:43:25,598 - DataBase.py[line:56] - INFO: select * from record_201808 where emp_id=111111 and time like '2018-08-27%'
2018-09-04 09:43:25,598 - DataBase.py[line:56] - INFO: select * from record_201808 where emp_id=111111
2018-09-04 09:43:25,599 - DataBase.py[line:56] - INFO: select * from record_201808 where emp_id=111111 and time like '2018-08-28%'
2018-09-04 09:43:25,600 - DataBase.py[line:56] - INFO: select * from record_201808 where emp_id=111111 and time like '2018-08-28%'
2018-09-04 09:43:25,600 - DataBase.py[line:56] - INFO: select * from record_201808 where emp_id=111111 and time like '2018-08-29%'
2018-09-04 09:43:25,601 - DataBase.py[line:56] - INFO: select * from record_201808 where emp_id=111111
2018-09-04 09:43:25,601 - DataBase.py[line:56] - INFO: select * from record_201808 where emp_id=111111 and time like '2018-08-29%'
2018-09-04 09:43:25,601 - DataBase.py[line:56] - INFO: select * from record_201808 where emp_id=111111 and time like '2018-08-30%'
2018-09-04 09:43:25,602 - DataBase.py[line:56] - INFO: select * from record_201808 where emp_id=111111
2018-09-04 09:43:25,602 - DataBase.py[line:56] - INFO: select * from record_201808 where emp_id=111111 and time like '2018-08-30%'
2018-09-04 09:43:25,603 - DataBase.py[line:56] - INFO: select * from record_201808 where emp_id=111111
2018-09-04 09:43:25,603 - DataBase.py[line:56] - INFO: select * from record_201808 where emp_id=111111 and time like '2018-08-31%'
2018-09-04 09:43:25,604 - DataBase.py[line:56] - INFO: select * from record_201808 where emp_id=111111
2018-09-04 09:43:25,604 - DataBase.py[line:56] - INFO: select * from record_201808 where emp_id=111111 and time like '2018-08-31%'
2018-09-04 09:43:25,604 - DataBase.py[line:56] - INFO: select * from record_201808 where emp_id=111111
2018-09-04 09:44:57,519 - DataBase.py[line:56] - INFO: select * from empinfo where Emp_id=000002
2018-09-04 09:44:57,520 - DataBase.py[line:56] - INFO: select password from empinfo where Emp_id=000002
2018-09-04 09:44:57,521 - DataBase.py[line:56] - INFO: select * from empinfo where Emp_id=000002
2018-09-04 09:44:57,521 - DataBase.py[line:56] - INFO: select * from record_201808 where emp_id=111111
2018-09-04 09:44:57,522 - DataBase.py[line:56] - INFO: select * from record_201808 where emp_id=111111 and time like '2018-08-1%'
2018-09-04 09:44:57,523 - DataBase.py[line:56] - INFO: select * from record_201808 where emp_id=111111
2018-09-04 09:44:57,523 - DataBase.py[line:56] - INFO: select * from record_201808 where emp_id=111111 and time like '2018-08-01%'
2018-09-04 09:44:57,524 - DataBase.py[line:56] - INFO: select * from record_201808 where emp_id=111111
2018-09-04 09:44:57,525 - DataBase.py[line:56] - INFO: select * from record_201808 where emp_id=111111 and time like '2018-08-2%'
2018-09-04 09:44:57,525 - DataBase.py[line:56] - INFO: select * from record_201808 where emp_id=111111 and time like '2018-08-02%'
2018-09-04 09:44:57,526 - DataBase.py[line:56] - INFO: select * from record_201808 where emp_id=111111
2018-09-04 09:44:57,526 - DataBase.py[line:56] - INFO: select * from record_201808 where emp_id=111111 and time like '2018-08-3%'
2018-09-04 09:44:57,526 - DataBase.py[line:56] - INFO: select * from record_201808 where emp_id=111111
2018-09-04 09:44:57,527 - DataBase.py[line:56] - INFO: select * from record_201808 where emp_id=111111 and time like '2018-08-03%'
2018-09-04 09:44:57,527 - DataBase.py[line:56] - INFO: select * from record_201808 where emp_id=111111
2018-09-04 09:44:57,528 - DataBase.py[line:56] - INFO: select * from record_201808 where emp_id=111111 and time like '2018-08-4%'
2018-09-04 09:44:57,529 - DataBase.py[line:56] - INFO: select * from record_201808 where emp_id=111111
2018-09-04 09:44:57,529 - DataBase.py[line:56] - INFO: select * from record_201808 where emp_id=111111 and time like '2018-08-04%'
2018-09-04 09:44:57,530 - DataBase.py[line:56] - INFO: select * from record_201808 where emp_id=111111
2018-09-04 09:44:57,530 - DataBase.py[line:56] - INFO: select * from record_201808 where emp_id=111111 and time like '2018-08-5%'
2018-09-04 09:44:57,531 - DataBase.py[line:56] - INFO: select * from record_201808 where emp_id=111111
2018-09-04 09:44:57,531 - DataBase.py[line:56] - INFO: select * from record_201808 where emp_id=111111 and time like '2018-08-05%'
2018-09-04 09:44:57,532 - DataBase.py[line:56] - INFO: select * from record_201808 where emp_id=111111
2018-09-04 09:44:57,532 - DataBase.py[line:56] - INFO: select * from record_201808 where emp_id=111111 and time like '2018-08-6%'
2018-09-04 09:44:57,533 - DataBase.py[line:56] - INFO: select * from record_201808 where emp_id=111111
2018-09-04 09:44:57,534 - DataBase.py[line:56] - INFO: select * from record_201808 where emp_id=111111 and time like '2018-08-06%'
2018-09-04 09:44:57,534 - DataBase.py[line:56] - INFO: select * from record_201808 where emp_id=111111
2018-09-04 09:44:57,535 - DataBase.py[line:56] - INFO: select * from record_201808 where emp_id=111111 and time like '2018-08-7%'
2018-09-04 09:44:57,535 - DataBase.py[line:56] - INFO: select * from record_201808 where emp_id=111111
2018-09-04 09:44:57,536 - DataBase.py[line:56] - INFO: select * from record_201808 where emp_id=111111 and time like '2018-08-07%'
2018-09-04 09:44:57,536 - DataBase.py[line:56] - INFO: select * from record_201808 where emp_id=111111
2018-09-04 09:44:57,537 - DataBase.py[line:56] - INFO: select * from record_201808 where emp_id=111111 and time like '2018-08-8%'
2018-09-04 09:44:57,537 - DataBase.py[line:56] - INFO: select * from record_201808 where emp_id=111111
2018-09-04 09:44:57,538 - DataBase.py[line:56] - INFO: select * from record_201808 where emp_id=111111 and time like '2018-08-08%'
2018-09-04 09:44:57,538 - DataBase.py[line:56] - INFO: select * from record_201808 where emp_id=111111
2018-09-04 09:44:57,539 - DataBase.py[line:56] - INFO: select * from record_201808 where emp_id=111111 and time like '2018-08-9%'
2018-09-04 09:44:57,539 - DataBase.py[line:56] - INFO: select * from record_201808 where emp_id=111111
2018-09-04 09:44:57,540 - DataBase.py[line:56] - INFO: select * from record_201808 where emp_id=111111 and time like '2018-08-09%'
2018-09-04 09:44:57,540 - DataBase.py[line:56] - INFO: select * from record_201808 where emp_id=111111
2018-09-04 09:44:57,541 - DataBase.py[line:56] - INFO: select * from record_201808 where emp_id=111111 and time like '2018-08-10%'
2018-09-04 09:44:57,541 - DataBase.py[line:56] - INFO: select * from record_201808 where emp_id=111111
2018-09-04 09:44:57,542 - DataBase.py[line:56] - INFO: select * from record_201808 where emp_id=111111 and time like '2018-08-10%'
2018-09-04 09:44:57,542 - DataBase.py[line:56] - INFO: select * from record_201808 where emp_id=111111
2018-09-04 09:44:57,543 - DataBase.py[line:56] - INFO: select * from record_201808 where emp_id=111111 and time like '2018-08-11%'
2018-09-04 09:44:57,543 - DataBase.py[line:56] - INFO: select * from record_201808 where emp_id=111111
2018-09-04 09:44:57,543 - DataBase.py[line:56] - INFO: select * from record_201808 where emp_id=111111 and time like '2018-08-11%'
2018-09-04 09:44:57,544 - DataBase.py[line:56] - INFO: select * from record_201808 where emp_id=111111
2018-09-04 09:44:57,545 - DataBase.py[line:56] - INFO: select * from record_201808 where emp_id=111111 and time like '2018-08-12%'
2018-09-04 09:44:57,545 - DataBase.py[line:56] - INFO: select * from record_201808 where emp_id=111111
2018-09-04 09:44:57,545 - DataBase.py[line:56] - INFO: select * from record_201808 where emp_id=111111 and time like '2018-08-12%'
2018-09-04 09:44:57,546 - DataBase.py[line:56] - INFO: select * from record_201808 where emp_id=111111
2018-09-04 09:44:57,546 - DataBase.py[line:56] - INFO: select * from record_201808 where emp_id=111111 and time like '2018-08-13%'
2018-09-04 09:44:57,547 - DataBase.py[line:56] - INFO: select * from record_201808 where emp_id=111111
2018-09-04 09:44:57,547 - DataBase.py[line:56] - INFO: select * from record_201808 where emp_id=111111 and time like '2018-08-13%'
2018-09-04 09:44:57,548 - DataBase.py[line:56] - INFO: select * from record_201808 where emp_id=111111
2018-09-04 09:44:57,548 - DataBase.py[line:56] - INFO: select * from record_201808 where emp_id=111111 and time like '2018-08-14%'
2018-09-04 09:44:57,549 - DataBase.py[line:56] - INFO: select * from record_201808 where emp_id=111111
2018-09-04 09:44:57,549 - DataBase.py[line:56] - INFO: select * from record_201808 where emp_id=111111 and time like '2018-08-14%'
2018-09-04 09:44:57,550 - DataBase.py[line:56] - INFO: select * from record_201808 where emp_id=111111
2018-09-04 09:44:57,550 - DataBase.py[line:56] - INFO: select * from record_201808 where emp_id=111111 and time like '2018-08-15%'
2018-09-04 09:44:57,550 - DataBase.py[line:56] - INFO: select * from record_201808 where emp_id=111111
2018-09-04 09:44:57,551 - DataBase.py[line:56] - INFO: select * from record_201808 where emp_id=111111 and time like '2018-08-15%'
2018-09-04 09:44:57,551 - DataBase.py[line:56] - INFO: select * from record_201808 where emp_id=111111
2018-09-04 09:44:57,552 - DataBase.py[line:56] - INFO: select * from record_201808 where emp_id=111111 and time like '2018-08-16%'
2018-09-04 09:44:57,553 - DataBase.py[line:56] - INFO: select * from record_201808 where emp_id=111111
2018-09-04 09:44:57,553 - DataBase.py[line:56] - INFO: select * from record_201808 where emp_id=111111 and time like '2018-08-16%'
2018-09-04 09:44:57,553 - DataBase.py[line:56] - INFO: select * from record_201808 where emp_id=111111
2018-09-04 09:44:57,554 - DataBase.py[line:56] - INFO: select * from record_201808 where emp_id=111111 and time like '2018-08-17%'
2018-09-04 09:44:57,554 - DataBase.py[line:56] - INFO: select * from record_201808 where emp_id=111111
2018-09-04 09:44:57,555 - DataBase.py[line:56] - INFO: select * from record_201808 where emp_id=111111 and time like '2018-08-17%'
2018-09-04 09:44:57,555 - DataBase.py[line:56] - INFO: select * from record_201808 where emp_id=111111
2018-09-04 09:44:57,555 - DataBase.py[line:56] - INFO: select * from record_201808 where emp_id=111111 and time like '2018-08-18%'
2018-09-04 09:44:57,556 - DataBase.py[line:56] - INFO: select * from record_201808 where emp_id=111111
2018-09-04 09:44:57,556 - DataBase.py[line:56] - INFO: select * from record_201808 where emp_id=111111 and time like '2018-08-18%'
2018-09-04 09:44:57,557 - DataBase.py[line:56] - INFO: select * from record_201808 where emp_id=111111
2018-09-04 09:44:57,557 - DataBase.py[line:56] - INFO: select * from record_201808 where emp_id=111111 and time like '2018-08-19%'
2018-09-04 09:44:57,558 - DataBase.py[line:56] - INFO: select * from record_201808 where emp_id=111111
2018-09-04 09:44:57,558 - DataBase.py[line:56] - INFO: select * from record_201808 where emp_id=111111 and time like '2018-08-19%'
2018-09-04 09:44:57,558 - DataBase.py[line:56] - INFO: select * from record_201808 where emp_id=111111
2018-09-04 09:44:57,559 - DataBase.py[line:56] - INFO: select * from record_201808 where emp_id=111111 and time like '2018-08-20%'
2018-09-04 09:44:57,559 - DataBase.py[line:56] - INFO: select * from record_201808 where emp_id=111111
2018-09-04 09:44:57,560 - DataBase.py[line:56] - INFO: select * from record_201808 where emp_id=111111 and time like '2018-08-20%'
2018-09-04 09:44:57,560 - DataBase.py[line:56] - INFO: select * from record_201808 where emp_id=111111
2018-09-04 09:44:57,561 - DataBase.py[line:56] - INFO: select * from record_201808 where emp_id=111111 and time like '2018-08-21%'
2018-09-04 09:44:57,561 - DataBase.py[line:56] - INFO: select * from record_201808 where emp_id=111111
2018-09-04 09:44:57,562 - DataBase.py[line:56] - INFO: select * from record_201808 where emp_id=111111 and time like '2018-08-21%'
2018-09-04 09:44:57,563 - DataBase.py[line:56] - INFO: select * from record_201808 where emp_id=111111
2018-09-04 09:44:57,563 - DataBase.py[line:56] - INFO: select * from record_201808 where emp_id=111111 and time like '2018-08-22%'
2018-09-04 09:44:57,564 - DataBase.py[line:56] - INFO: select * from record_201808 where emp_id=111111
2018-09-04 09:44:57,564 - DataBase.py[line:56] - INFO: select * from record_201808 where emp_id=111111 and time like '2018-08-22%'
2018-09-04 09:44:57,565 - DataBase.py[line:56] - INFO: select * from record_201808 where emp_id=111111
2018-09-04 09:44:57,565 - DataBase.py[line:56] - INFO: select * from record_201808 where emp_id=111111 and time like '2018-08-23%'
2018-09-04 09:44:57,566 - DataBase.py[line:56] - INFO: select * from record_201808 where emp_id=111111
2018-09-04 09:44:57,566 - DataBase.py[line:56] - INFO: select * from record_201808 where emp_id=111111 and time like '2018-08-23%'
2018-09-04 09:44:57,566 - DataBase.py[line:56] - INFO: select * from record_201808 where emp_id=111111
2018-09-04 09:44:57,567 - DataBase.py[line:56] - INFO: select * from record_201808 where emp_id=111111 and time like '2018-08-24%'
2018-09-04 09:44:57,567 - DataBase.py[line:56] - INFO: select * from record_201808 where emp_id=111111
2018-09-04 09:44:57,568 - DataBase.py[line:56] - INFO: select * from record_201808 where emp_id=111111 and time like '2018-08-24%'
2018-09-04 09:44:57,568 - DataBase.py[line:56] - INFO: select * from record_201808 where emp_id=111111
2018-09-04 09:44:57,569 - DataBase.py[line:56] - INFO: select * from record_201808 where emp_id=111111 and time like '2018-08-25%'
2018-09-04 09:44:57,569 - DataBase.py[line:56] - INFO: select * from record_201808 where emp_id=111111
2018-09-04 09:44:57,569 - DataBase.py[line:56] - INFO: select * from record_201808 where emp_id=111111 and time like '2018-08-25%'
2018-09-04 09:44:57,570 - DataBase.py[line:56] - INFO: select * from record_201808 where emp_id=111111
2018-09-04 09:44:57,570 - DataBase.py[line:56] - INFO: select * from record_201808 where emp_id=111111 and time like '2018-08-26%'
2018-09-04 09:44:57,571 - DataBase.py[line:56] - INFO: select * from record_201808 where emp_id=111111
2018-09-04 09:44:57,571 - DataBase.py[line:56] - INFO: select * from record_201808 where emp_id=111111 and time like '2018-08-26%'
2018-09-04 09:44:57,571 - DataBase.py[line:56] - INFO: select * from record_201808 where emp_id=111111
2018-09-04 09:44:57,572 - DataBase.py[line:56] - INFO: select * from record_201808 where emp_id=111111 and time like '2018-08-27%'
2018-09-04 09:44:57,572 - DataBase.py[line:56] - INFO: select * from record_201808 where emp_id=111111
2018-09-04 09:44:57,573 - DataBase.py[line:56] - INFO: select * from record_201808 where emp_id=111111 and time like '2018-08-27%'
2018-09-04 09:44:57,573 - DataBase.py[line:56] - INFO: select * from record_201808 where emp_id=111111
2018-09-04 09:44:57,574 - DataBase.py[line:56] - INFO: select * from record_201808 where emp_id=111111 and time like '2018-08-28%'
2018-09-04 09:44:57,574 - DataBase.py[line:56] - INFO: select * from record_201808 where emp_id=111111 and time like '2018-08-28%'
2018-09-04 09:44:57,575 - DataBase.py[line:56] - INFO: select * from record_201808 where emp_id=111111 and time like '2018-08-29%'
2018-09-04 09:44:57,575 - DataBase.py[line:56] - INFO: select * from record_201808 where emp_id=111111
2018-09-04 09:44:57,576 - DataBase.py[line:56] - INFO: select * from record_201808 where emp_id=111111 and time like '2018-08-29%'
2018-09-04 09:44:57,576 - DataBase.py[line:56] - INFO: select * from record_201808 where emp_id=111111 and time like '2018-08-30%'
2018-09-04 09:44:57,577 - DataBase.py[line:56] - INFO: select * from record_201808 where emp_id=111111
2018-09-04 09:44:57,577 - DataBase.py[line:56] - INFO: select * from record_201808 where emp_id=111111 and time like '2018-08-30%'
2018-09-04 09:44:57,578 - DataBase.py[line:56] - INFO: select * from record_201808 where emp_id=111111
2018-09-04 09:44:57,578 - DataBase.py[line:56] - INFO: select * from record_201808 where emp_id=111111 and time like '2018-08-31%'
2018-09-04 09:44:57,579 - DataBase.py[line:56] - INFO: select * from record_201808 where emp_id=111111
2018-09-04 09:44:57,579 - DataBase.py[line:56] - INFO: select * from record_201808 where emp_id=111111 and time like '2018-08-31%'
2018-09-04 09:44:57,580 - DataBase.py[line:56] - INFO: select * from record_201808 where emp_id=111111
