2018-09-04 10:33:19,575 - DataBase.py[line:23] - INFO: database class is creating...
2018-09-04 10:33:19,596 - DataBase.py[line:51] - INFO: database is connecting...
2018-09-04 10:33:21,717 - DataBase.py[line:56] - INFO: select * from empinfo where Emp_id=000002
2018-09-04 10:33:21,718 - DataBase.py[line:56] - INFO: select password from empinfo where Emp_id=000002
2018-09-04 10:33:21,719 - DataBase.py[line:56] - INFO: select * from empinfo where Emp_id=000002
2018-09-04 10:33:21,720 - DataBase.py[line:56] - INFO: select * from record_201808 where emp_id=111111
2018-09-04 10:33:21,720 - DataBase.py[line:56] - INFO: select * from record_201808 where emp_id=111111 and time like '2018-08-1%'
2018-09-04 10:33:21,722 - DataBase.py[line:56] - INFO: select * from record_201808 where emp_id=111111 and time<'2018-08-1'
2018-09-04 10:33:21,723 - DataBase.py[line:56] - INFO: select * from record_201808 where emp_id=111111 and time like '2018-08-01%'
2018-09-04 10:33:21,723 - DataBase.py[line:56] - INFO: select * from record_201808 where emp_id=111111 and time<'2018-08-01'
2018-09-04 10:33:21,724 - DataBase.py[line:56] - INFO: select * from record_201808 where emp_id=111111 and time like '2018-08-2%'
2018-09-04 10:33:21,724 - DataBase.py[line:56] - INFO: select * from record_201808 where emp_id=111111 and time like '2018-08-02%'
2018-09-04 10:33:21,725 - DataBase.py[line:56] - INFO: select * from record_201808 where emp_id=111111 and time<'2018-08-02'
2018-09-04 10:33:21,725 - DataBase.py[line:56] - INFO: select * from record_201808 where emp_id=111111 and time like '2018-08-3%'
2018-09-04 10:33:21,726 - DataBase.py[line:56] - INFO: select * from record_201808 where emp_id=111111 and time like '2018-08-03%'
2018-09-04 10:33:21,726 - DataBase.py[line:56] - INFO: select * from record_201808 where emp_id=111111 and time<'2018-08-03'
2018-09-04 10:33:21,726 - DataBase.py[line:56] - INFO: select * from record_201808 where emp_id=111111 and time like '2018-08-4%'
2018-09-04 10:33:21,727 - DataBase.py[line:56] - INFO: select * from record_201808 where emp_id=111111 and time<'2018-08-4'
2018-09-04 10:33:21,727 - DataBase.py[line:56] - INFO: select * from record_201808 where emp_id=111111
2018-09-04 10:33:21,728 - DataBase.py[line:56] - INFO: select * from record_201808 where emp_id=111111
2018-09-04 10:33:21,729 - DataBase.py[line:56] - INFO: select * from record_201808 where emp_id=111111 and time like '2018-08-04%'
2018-09-04 10:33:21,729 - DataBase.py[line:56] - INFO: select * from record_201808 where emp_id=111111 and time<'2018-08-04'
2018-09-04 10:33:21,730 - DataBase.py[line:56] - INFO: select * from record_201808 where emp_id=111111 and time like '2018-08-5%'
2018-09-04 10:33:21,730 - DataBase.py[line:56] - INFO: select * from record_201808 where emp_id=111111 and time<'2018-08-5'
2018-09-04 10:33:21,731 - DataBase.py[line:56] - INFO: select * from record_201808 where emp_id=111111
2018-09-04 10:33:21,731 - DataBase.py[line:56] - INFO: select * from record_201808 where emp_id=111111
2018-09-04 10:33:21,732 - DataBase.py[line:56] - INFO: select * from record_201808 where emp_id=111111 and time like '2018-08-05%'
2018-09-04 10:33:21,732 - DataBase.py[line:56] - INFO: select * from record_201808 where emp_id=111111 and time<'2018-08-05'
2018-09-04 10:33:21,733 - DataBase.py[line:56] - INFO: select * from record_201808 where emp_id=111111 and time like '2018-08-6%'
2018-09-04 10:33:21,733 - DataBase.py[line:56] - INFO: select * from record_201808 where emp_id=111111 and time<'2018-08-6'
2018-09-04 10:33:21,733 - DataBase.py[line:56] - INFO: select * from record_201808 where emp_id=111111
2018-09-04 10:33:21,734 - DataBase.py[line:56] - INFO: select * from record_201808 where emp_id=111111
2018-09-04 10:33:21,734 - DataBase.py[line:56] - INFO: select * from record_201808 where emp_id=111111 and time like '2018-08-06%'
2018-09-04 10:33:21,735 - DataBase.py[line:56] - INFO: select * from record_201808 where emp_id=111111 and time<'2018-08-06'
2018-09-04 10:33:21,735 - DataBase.py[line:56] - INFO: select * from record_201808 where emp_id=111111 and time like '2018-08-7%'
2018-09-04 10:33:21,736 - DataBase.py[line:56] - INFO: select * from record_201808 where emp_id=111111 and time<'2018-08-7'
2018-09-04 10:33:21,736 - DataBase.py[line:56] - INFO: select * from record_201808 where emp_id=111111
2018-09-04 10:33:21,737 - DataBase.py[line:56] - INFO: select * from record_201808 where emp_id=111111
2018-09-04 10:33:21,738 - DataBase.py[line:56] - INFO: select * from record_201808 where emp_id=111111 and time like '2018-08-07%'
2018-09-04 10:33:21,738 - DataBase.py[line:56] - INFO: select * from record_201808 where emp_id=111111 and time<'2018-08-07'
2018-09-04 10:33:21,738 - DataBase.py[line:56] - INFO: select * from record_201808 where emp_id=111111 and time like '2018-08-8%'
2018-09-04 10:33:21,739 - DataBase.py[line:56] - INFO: select * from record_201808 where emp_id=111111 and time<'2018-08-8'
2018-09-04 10:33:21,739 - DataBase.py[line:56] - INFO: select * from record_201808 where emp_id=111111
2018-09-04 10:33:21,740 - DataBase.py[line:56] - INFO: select * from record_201808 where emp_id=111111
2018-09-04 10:33:21,740 - DataBase.py[line:56] - INFO: select * from record_201808 where emp_id=111111 and time like '2018-08-08%'
2018-09-04 10:33:21,741 - DataBase.py[line:56] - INFO: select * from record_201808 where emp_id=111111 and time<'2018-08-08'
2018-09-04 10:33:21,741 - DataBase.py[line:56] - INFO: select * from record_201808 where emp_id=111111 and time like '2018-08-9%'
2018-09-04 10:33:21,742 - DataBase.py[line:56] - INFO: select * from record_201808 where emp_id=111111 and time<'2018-08-9'
2018-09-04 10:33:21,742 - DataBase.py[line:56] - INFO: select * from record_201808 where emp_id=111111
2018-09-04 10:33:21,743 - DataBase.py[line:56] - INFO: select * from record_201808 where emp_id=111111
2018-09-04 10:33:21,743 - DataBase.py[line:56] - INFO: select * from record_201808 where emp_id=111111 and time like '2018-08-09%'
2018-09-04 10:33:21,744 - DataBase.py[line:56] - INFO: select * from record_201808 where emp_id=111111 and time<'2018-08-09'
2018-09-04 10:33:21,744 - DataBase.py[line:56] - INFO: select * from record_201808 where emp_id=111111 and time like '2018-08-10%'
2018-09-04 10:33:21,745 - DataBase.py[line:56] - INFO: select * from record_201808 where emp_id=111111 and time<'2018-08-10'
2018-09-04 10:33:21,745 - DataBase.py[line:56] - INFO: select * from record_201808 where emp_id=111111 and time like '2018-08-10%'
2018-09-04 10:33:21,746 - DataBase.py[line:56] - INFO: select * from record_201808 where emp_id=111111 and time<'2018-08-10'
2018-09-04 10:33:21,746 - DataBase.py[line:56] - INFO: select * from record_201808 where emp_id=111111 and time like '2018-08-11%'
2018-09-04 10:33:21,747 - DataBase.py[line:56] - INFO: select * from record_201808 where emp_id=111111 and time<'2018-08-11'
2018-09-04 10:33:21,748 - DataBase.py[line:56] - INFO: select * from record_201808 where emp_id=111111 and time like '2018-08-11%'
2018-09-04 10:33:21,748 - DataBase.py[line:56] - INFO: select * from record_201808 where emp_id=111111 and time<'2018-08-11'
2018-09-04 10:33:21,749 - DataBase.py[line:56] - INFO: select * from record_201808 where emp_id=111111 and time like '2018-08-12%'
2018-09-04 10:33:21,749 - DataBase.py[line:56] - INFO: select * from record_201808 where emp_id=111111 and time<'2018-08-12'
2018-09-04 10:33:21,749 - DataBase.py[line:56] - INFO: select * from record_201808 where emp_id=111111 and time like '2018-08-12%'
2018-09-04 10:33:21,750 - DataBase.py[line:56] - INFO: select * from record_201808 where emp_id=111111 and time<'2018-08-12'
2018-09-04 10:33:21,750 - DataBase.py[line:56] - INFO: select * from record_201808 where emp_id=111111 and time like '2018-08-13%'
2018-09-04 10:33:21,751 - DataBase.py[line:56] - INFO: select * from record_201808 where emp_id=111111 and time<'2018-08-13'
2018-09-04 10:33:21,751 - DataBase.py[line:56] - INFO: select * from record_201808 where emp_id=111111 and time like '2018-08-13%'
2018-09-04 10:33:21,751 - DataBase.py[line:56] - INFO: select * from record_201808 where emp_id=111111 and time<'2018-08-13'
2018-09-04 10:33:21,752 - DataBase.py[line:56] - INFO: select * from record_201808 where emp_id=111111 and time like '2018-08-14%'
2018-09-04 10:33:21,752 - DataBase.py[line:56] - INFO: select * from record_201808 where emp_id=111111 and time<'2018-08-14'
2018-09-04 10:33:21,753 - DataBase.py[line:56] - INFO: select * from record_201808 where emp_id=111111 and time like '2018-08-14%'
2018-09-04 10:33:21,753 - DataBase.py[line:56] - INFO: select * from record_201808 where emp_id=111111 and time<'2018-08-14'
2018-09-04 10:33:21,753 - DataBase.py[line:56] - INFO: select * from record_201808 where emp_id=111111 and time like '2018-08-15%'
2018-09-04 10:33:21,754 - DataBase.py[line:56] - INFO: select * from record_201808 where emp_id=111111 and time<'2018-08-15'
2018-09-04 10:33:21,754 - DataBase.py[line:56] - INFO: select * from record_201808 where emp_id=111111 and time like '2018-08-15%'
2018-09-04 10:33:21,755 - DataBase.py[line:56] - INFO: select * from record_201808 where emp_id=111111 and time<'2018-08-15'
2018-09-04 10:33:21,755 - DataBase.py[line:56] - INFO: select * from record_201808 where emp_id=111111 and time like '2018-08-16%'
2018-09-04 10:33:21,756 - DataBase.py[line:56] - INFO: select * from record_201808 where emp_id=111111 and time<'2018-08-16'
2018-09-04 10:33:21,756 - DataBase.py[line:56] - INFO: select * from record_201808 where emp_id=111111 and time like '2018-08-16%'
2018-09-04 10:33:21,756 - DataBase.py[line:56] - INFO: select * from record_201808 where emp_id=111111 and time<'2018-08-16'
2018-09-04 10:33:21,757 - DataBase.py[line:56] - INFO: select * from record_201808 where emp_id=111111 and time like '2018-08-17%'
2018-09-04 10:33:21,758 - DataBase.py[line:56] - INFO: select * from record_201808 where emp_id=111111 and time<'2018-08-17'
2018-09-04 10:33:21,758 - DataBase.py[line:56] - INFO: select * from record_201808 where emp_id=111111 and time like '2018-08-17%'
2018-09-04 10:33:21,759 - DataBase.py[line:56] - INFO: select * from record_201808 where emp_id=111111 and time<'2018-08-17'
2018-09-04 10:33:21,759 - DataBase.py[line:56] - INFO: select * from record_201808 where emp_id=111111 and time like '2018-08-18%'
2018-09-04 10:33:21,759 - DataBase.py[line:56] - INFO: select * from record_201808 where emp_id=111111 and time<'2018-08-18'
2018-09-04 10:33:21,760 - DataBase.py[line:56] - INFO: select * from record_201808 where emp_id=111111 and time like '2018-08-18%'
2018-09-04 10:33:21,760 - DataBase.py[line:56] - INFO: select * from record_201808 where emp_id=111111 and time<'2018-08-18'
2018-09-04 10:33:21,761 - DataBase.py[line:56] - INFO: select * from record_201808 where emp_id=111111 and time like '2018-08-19%'
2018-09-04 10:33:21,761 - DataBase.py[line:56] - INFO: select * from record_201808 where emp_id=111111 and time<'2018-08-19'
2018-09-04 10:33:21,762 - DataBase.py[line:56] - INFO: select * from record_201808 where emp_id=111111 and time like '2018-08-19%'
2018-09-04 10:33:21,762 - DataBase.py[line:56] - INFO: select * from record_201808 where emp_id=111111 and time<'2018-08-19'
2018-09-04 10:33:21,762 - DataBase.py[line:56] - INFO: select * from record_201808 where emp_id=111111 and time like '2018-08-20%'
2018-09-04 10:33:21,763 - DataBase.py[line:56] - INFO: select * from record_201808 where emp_id=111111 and time<'2018-08-20'
2018-09-04 10:33:21,763 - DataBase.py[line:56] - INFO: select * from record_201808 where emp_id=111111 and time like '2018-08-20%'
2018-09-04 10:33:21,764 - DataBase.py[line:56] - INFO: select * from record_201808 where emp_id=111111 and time<'2018-08-20'
2018-09-04 10:33:21,764 - DataBase.py[line:56] - INFO: select * from record_201808 where emp_id=111111 and time like '2018-08-21%'
2018-09-04 10:33:21,765 - DataBase.py[line:56] - INFO: select * from record_201808 where emp_id=111111 and time<'2018-08-21'
2018-09-04 10:33:21,765 - DataBase.py[line:56] - INFO: select * from record_201808 where emp_id=111111 and time like '2018-08-21%'
2018-09-04 10:33:21,766 - DataBase.py[line:56] - INFO: select * from record_201808 where emp_id=111111 and time<'2018-08-21'
2018-09-04 10:33:21,766 - DataBase.py[line:56] - INFO: select * from record_201808 where emp_id=111111 and time like '2018-08-22%'
2018-09-04 10:33:21,767 - DataBase.py[line:56] - INFO: select * from record_201808 where emp_id=111111 and time<'2018-08-22'
2018-09-04 10:33:21,767 - DataBase.py[line:56] - INFO: select * from record_201808 where emp_id=111111 and time like '2018-08-22%'
2018-09-04 10:33:21,768 - DataBase.py[line:56] - INFO: select * from record_201808 where emp_id=111111 and time<'2018-08-22'
2018-09-04 10:33:21,768 - DataBase.py[line:56] - INFO: select * from record_201808 where emp_id=111111 and time like '2018-08-23%'
2018-09-04 10:33:21,768 - DataBase.py[line:56] - INFO: select * from record_201808 where emp_id=111111 and time<'2018-08-23'
2018-09-04 10:33:21,769 - DataBase.py[line:56] - INFO: select * from record_201808 where emp_id=111111 and time like '2018-08-23%'
2018-09-04 10:33:21,769 - DataBase.py[line:56] - INFO: select * from record_201808 where emp_id=111111 and time<'2018-08-23'
2018-09-04 10:33:21,770 - DataBase.py[line:56] - INFO: select * from record_201808 where emp_id=111111 and time like '2018-08-24%'
2018-09-04 10:33:21,770 - DataBase.py[line:56] - INFO: select * from record_201808 where emp_id=111111 and time<'2018-08-24'
2018-09-04 10:33:21,770 - DataBase.py[line:56] - INFO: select * from record_201808 where emp_id=111111 and time like '2018-08-24%'
2018-09-04 10:33:21,771 - DataBase.py[line:56] - INFO: select * from record_201808 where emp_id=111111 and time<'2018-08-24'
2018-09-04 10:33:21,771 - DataBase.py[line:56] - INFO: select * from record_201808 where emp_id=111111 and time like '2018-08-25%'
2018-09-04 10:33:21,772 - DataBase.py[line:56] - INFO: select * from record_201808 where emp_id=111111 and time<'2018-08-25'
2018-09-04 10:33:21,772 - DataBase.py[line:56] - INFO: select * from record_201808 where emp_id=111111 and time like '2018-08-25%'
2018-09-04 10:33:21,772 - DataBase.py[line:56] - INFO: select * from record_201808 where emp_id=111111 and time<'2018-08-25'
2018-09-04 10:33:21,773 - DataBase.py[line:56] - INFO: select * from record_201808 where emp_id=111111 and time like '2018-08-26%'
2018-09-04 10:33:21,773 - DataBase.py[line:56] - INFO: select * from record_201808 where emp_id=111111 and time<'2018-08-26'
2018-09-04 10:33:21,774 - DataBase.py[line:56] - INFO: select * from record_201808 where emp_id=111111 and time like '2018-08-26%'
2018-09-04 10:33:21,774 - DataBase.py[line:56] - INFO: select * from record_201808 where emp_id=111111 and time<'2018-08-26'
2018-09-04 10:33:21,775 - DataBase.py[line:56] - INFO: select * from record_201808 where emp_id=111111 and time like '2018-08-27%'
2018-09-04 10:33:21,775 - DataBase.py[line:56] - INFO: select * from record_201808 where emp_id=111111 and time<'2018-08-27'
2018-09-04 10:33:21,776 - DataBase.py[line:56] - INFO: select * from record_201808 where emp_id=111111 and time like '2018-08-27%'
2018-09-04 10:33:21,776 - DataBase.py[line:56] - INFO: select * from record_201808 where emp_id=111111 and time<'2018-08-27'
2018-09-04 10:33:21,776 - DataBase.py[line:56] - INFO: select * from record_201808 where emp_id=111111 and time like '2018-08-28%'
2018-09-04 10:33:21,777 - DataBase.py[line:56] - INFO: select * from record_201808 where emp_id=111111 and time like '2018-08-28%'
2018-09-04 10:33:21,778 - DataBase.py[line:56] - INFO: select * from record_201808 where emp_id=111111 and time like '2018-08-29%'
2018-09-04 10:33:21,778 - DataBase.py[line:56] - INFO: select * from record_201808 where emp_id=111111 and time<'2018-08-29'
2018-09-04 10:33:21,778 - DataBase.py[line:56] - INFO: select * from record_201808 where emp_id=111111
2018-09-04 10:33:21,779 - DataBase.py[line:56] - INFO: select * from record_201808 where emp_id=111111
2018-09-04 10:33:21,779 - DataBase.py[line:56] - INFO: select * from record_201808 where emp_id=111111 and time like '2018-08-29%'
2018-09-04 10:33:21,780 - DataBase.py[line:56] - INFO: select * from record_201808 where emp_id=111111
2018-09-04 10:33:21,780 - DataBase.py[line:56] - INFO: select * from record_201808 where emp_id=111111 and time like '2018-08-30%'
2018-09-04 10:33:21,781 - DataBase.py[line:56] - INFO: select * from record_201808 where emp_id=111111 and time like '2018-08-30%'
2018-09-04 10:33:21,781 - DataBase.py[line:56] - INFO: select * from record_201808 where emp_id=111111 and time like '2018-08-31%'
2018-09-04 10:33:21,781 - DataBase.py[line:56] - INFO: select * from record_201808 where emp_id=111111 and time<'2018-08-31'
2018-09-04 10:33:21,782 - DataBase.py[line:56] - INFO: select * from record_201808 where emp_id=111111
2018-09-04 10:33:21,782 - DataBase.py[line:56] - INFO: select * from record_201808 where emp_id=111111
2018-09-04 10:33:21,783 - DataBase.py[line:56] - INFO: select * from record_201808 where emp_id=111111 and time like '2018-08-31%'
2018-09-04 10:33:21,783 - DataBase.py[line:56] - INFO: select * from record_201808 where emp_id=111111 and time<'2018-08-31'
2018-09-04 10:33:21,784 - DataBase.py[line:56] - INFO: select * from record_201808 where emp_id=111111
2018-09-04 10:33:21,784 - DataBase.py[line:56] - INFO: select * from record_201808 where emp_id=111111
